[2023-09-13T19:25:47.087+0000] {processor.py:157} INFO - Started process (PID=1110) to work on /opt/airflow/dags/demo_dag.py
[2023-09-13T19:25:47.088+0000] {processor.py:829} INFO - Processing file /opt/airflow/dags/demo_dag.py for tasks to queue
[2023-09-13T19:25:47.090+0000] {logging_mixin.py:151} INFO - [2023-09-13T19:25:47.090+0000] {dagbag.py:539} INFO - Filling up the DagBag from /opt/airflow/dags/demo_dag.py
[2023-09-13T19:25:47.096+0000] {logging_mixin.py:151} INFO - [2023-09-13T19:25:47.095+0000] {dagbag.py:347} ERROR - Failed to import: /opt/airflow/dags/demo_dag.py
Traceback (most recent call last):
  File "/home/airflow/.local/lib/python3.8/site-packages/airflow/models/dagbag.py", line 343, in parse
    loader.exec_module(new_module)
  File "<frozen importlib._bootstrap_external>", line 839, in exec_module
  File "<frozen importlib._bootstrap_external>", line 976, in get_code
  File "<frozen importlib._bootstrap_external>", line 906, in source_to_code
  File "<frozen importlib._bootstrap>", line 219, in _call_with_frames_removed
  File "/opt/airflow/dags/demo_dag.py", line 12
    ) as dag1:
             ^
SyntaxError: unexpected EOF while parsing
[2023-09-13T19:25:47.096+0000] {processor.py:841} WARNING - No viable dags retrieved from /opt/airflow/dags/demo_dag.py
[2023-09-13T19:25:47.117+0000] {processor.py:179} INFO - Processing /opt/airflow/dags/demo_dag.py took 0.034 seconds
[2023-09-13T19:26:17.326+0000] {processor.py:157} INFO - Started process (PID=1166) to work on /opt/airflow/dags/demo_dag.py
[2023-09-13T19:26:17.329+0000] {processor.py:829} INFO - Processing file /opt/airflow/dags/demo_dag.py for tasks to queue
[2023-09-13T19:26:17.333+0000] {logging_mixin.py:151} INFO - [2023-09-13T19:26:17.332+0000] {dagbag.py:539} INFO - Filling up the DagBag from /opt/airflow/dags/demo_dag.py
[2023-09-13T19:26:17.339+0000] {logging_mixin.py:151} INFO - [2023-09-13T19:26:17.338+0000] {dagbag.py:347} ERROR - Failed to import: /opt/airflow/dags/demo_dag.py
Traceback (most recent call last):
  File "/home/airflow/.local/lib/python3.8/site-packages/airflow/models/dagbag.py", line 343, in parse
    loader.exec_module(new_module)
  File "<frozen importlib._bootstrap_external>", line 839, in exec_module
  File "<frozen importlib._bootstrap_external>", line 976, in get_code
  File "<frozen importlib._bootstrap_external>", line 906, in source_to_code
  File "<frozen importlib._bootstrap>", line 219, in _call_with_frames_removed
  File "/opt/airflow/dags/demo_dag.py", line 12
    ) as dag1:
             ^
SyntaxError: unexpected EOF while parsing
[2023-09-13T19:26:17.339+0000] {processor.py:841} WARNING - No viable dags retrieved from /opt/airflow/dags/demo_dag.py
[2023-09-13T19:26:17.359+0000] {processor.py:179} INFO - Processing /opt/airflow/dags/demo_dag.py took 0.038 seconds
[2023-09-13T19:26:31.711+0000] {processor.py:157} INFO - Started process (PID=1196) to work on /opt/airflow/dags/demo_dag.py
[2023-09-13T19:26:31.712+0000] {processor.py:829} INFO - Processing file /opt/airflow/dags/demo_dag.py for tasks to queue
[2023-09-13T19:26:31.715+0000] {logging_mixin.py:151} INFO - [2023-09-13T19:26:31.715+0000] {dagbag.py:539} INFO - Filling up the DagBag from /opt/airflow/dags/demo_dag.py
[2023-09-13T19:26:31.729+0000] {processor.py:839} INFO - DAG(s) dict_keys(['dataset_produces_1']) retrieved from /opt/airflow/dags/demo_dag.py
[2023-09-13T19:26:31.815+0000] {logging_mixin.py:151} INFO - [2023-09-13T19:26:31.815+0000] {security.py:708} INFO - Not syncing DAG-level permissions for DAG 'DAG:dataset_produces_1' as access control is unset.
[2023-09-13T19:26:31.816+0000] {logging_mixin.py:151} INFO - [2023-09-13T19:26:31.816+0000] {dag.py:2915} INFO - Sync 1 DAGs
[2023-09-13T19:26:31.834+0000] {logging_mixin.py:151} INFO - [2023-09-13T19:26:31.834+0000] {dag.py:3696} INFO - Setting next_dagrun for dataset_produces_1 to 2023-09-12T00:00:00+00:00, run_after=2023-09-13T00:00:00+00:00
[2023-09-13T19:26:31.852+0000] {processor.py:179} INFO - Processing /opt/airflow/dags/demo_dag.py took 0.147 seconds
[2023-09-13T19:26:33.338+0000] {processor.py:157} INFO - Started process (PID=1205) to work on /opt/airflow/dags/demo_dag.py
[2023-09-13T19:26:33.340+0000] {processor.py:829} INFO - Processing file /opt/airflow/dags/demo_dag.py for tasks to queue
[2023-09-13T19:26:33.345+0000] {logging_mixin.py:151} INFO - [2023-09-13T19:26:33.344+0000] {dagbag.py:539} INFO - Filling up the DagBag from /opt/airflow/dags/demo_dag.py
[2023-09-13T19:26:33.358+0000] {processor.py:839} INFO - DAG(s) dict_keys(['dataset_produces_1']) retrieved from /opt/airflow/dags/demo_dag.py
[2023-09-13T19:26:33.376+0000] {logging_mixin.py:151} INFO - [2023-09-13T19:26:33.376+0000] {dag.py:2915} INFO - Sync 1 DAGs
[2023-09-13T19:26:33.399+0000] {logging_mixin.py:151} INFO - [2023-09-13T19:26:33.399+0000] {dag.py:3696} INFO - Setting next_dagrun for dataset_produces_1 to 2023-09-12T00:00:00+00:00, run_after=2023-09-13T00:00:00+00:00
[2023-09-13T19:26:33.418+0000] {processor.py:179} INFO - Processing /opt/airflow/dags/demo_dag.py took 0.087 seconds
[2023-09-13T19:27:03.850+0000] {processor.py:157} INFO - Started process (PID=1260) to work on /opt/airflow/dags/demo_dag.py
[2023-09-13T19:27:03.853+0000] {processor.py:829} INFO - Processing file /opt/airflow/dags/demo_dag.py for tasks to queue
[2023-09-13T19:27:03.856+0000] {logging_mixin.py:151} INFO - [2023-09-13T19:27:03.856+0000] {dagbag.py:539} INFO - Filling up the DagBag from /opt/airflow/dags/demo_dag.py
[2023-09-13T19:27:03.865+0000] {processor.py:839} INFO - DAG(s) dict_keys(['dataset_produces_1']) retrieved from /opt/airflow/dags/demo_dag.py
[2023-09-13T19:27:03.886+0000] {logging_mixin.py:151} INFO - [2023-09-13T19:27:03.886+0000] {dag.py:2915} INFO - Sync 1 DAGs
[2023-09-13T19:27:03.905+0000] {logging_mixin.py:151} INFO - [2023-09-13T19:27:03.905+0000] {dag.py:3696} INFO - Setting next_dagrun for dataset_produces_1 to 2023-09-12T00:00:00+00:00, run_after=2023-09-13T00:00:00+00:00
[2023-09-13T19:27:03.919+0000] {processor.py:179} INFO - Processing /opt/airflow/dags/demo_dag.py took 0.074 seconds
[2023-09-13T19:27:18.905+0000] {processor.py:157} INFO - Started process (PID=1278) to work on /opt/airflow/dags/demo_dag.py
[2023-09-13T19:27:18.907+0000] {processor.py:829} INFO - Processing file /opt/airflow/dags/demo_dag.py for tasks to queue
[2023-09-13T19:27:18.911+0000] {logging_mixin.py:151} INFO - [2023-09-13T19:27:18.910+0000] {dagbag.py:539} INFO - Filling up the DagBag from /opt/airflow/dags/demo_dag.py
[2023-09-13T19:27:18.925+0000] {processor.py:839} INFO - DAG(s) dict_keys(['dataset_produces_1']) retrieved from /opt/airflow/dags/demo_dag.py
[2023-09-13T19:27:18.939+0000] {logging_mixin.py:151} INFO - [2023-09-13T19:27:18.939+0000] {dag.py:2915} INFO - Sync 1 DAGs
[2023-09-13T19:27:18.958+0000] {logging_mixin.py:151} INFO - [2023-09-13T19:27:18.958+0000] {dag.py:3696} INFO - Setting next_dagrun for dataset_produces_1 to 2023-09-12T00:00:00+00:00, run_after=2023-09-13T00:00:00+00:00
[2023-09-13T19:27:18.974+0000] {processor.py:179} INFO - Processing /opt/airflow/dags/demo_dag.py took 0.075 seconds
[2023-09-13T19:28:12.370+0000] {processor.py:157} INFO - Started process (PID=30) to work on /opt/airflow/dags/demo_dag.py
[2023-09-13T19:28:12.375+0000] {processor.py:829} INFO - Processing file /opt/airflow/dags/demo_dag.py for tasks to queue
[2023-09-13T19:28:12.388+0000] {logging_mixin.py:151} INFO - [2023-09-13T19:28:12.387+0000] {dagbag.py:539} INFO - Filling up the DagBag from /opt/airflow/dags/demo_dag.py
[2023-09-13T19:28:12.422+0000] {processor.py:839} INFO - DAG(s) dict_keys(['dataset_produces_1']) retrieved from /opt/airflow/dags/demo_dag.py
[2023-09-13T19:28:12.475+0000] {logging_mixin.py:151} INFO - [2023-09-13T19:28:12.475+0000] {dag.py:2915} INFO - Sync 1 DAGs
[2023-09-13T19:28:12.525+0000] {logging_mixin.py:151} INFO - [2023-09-13T19:28:12.525+0000] {dag.py:3696} INFO - Setting next_dagrun for dataset_produces_1 to 2023-09-12T00:00:00+00:00, run_after=2023-09-13T00:00:00+00:00
[2023-09-13T19:28:12.565+0000] {processor.py:179} INFO - Processing /opt/airflow/dags/demo_dag.py took 0.207 seconds
[2023-09-13T19:28:43.416+0000] {processor.py:157} INFO - Started process (PID=86) to work on /opt/airflow/dags/demo_dag.py
[2023-09-13T19:28:43.420+0000] {processor.py:829} INFO - Processing file /opt/airflow/dags/demo_dag.py for tasks to queue
[2023-09-13T19:28:43.436+0000] {logging_mixin.py:151} INFO - [2023-09-13T19:28:43.433+0000] {dagbag.py:539} INFO - Filling up the DagBag from /opt/airflow/dags/demo_dag.py
[2023-09-13T19:28:43.451+0000] {processor.py:839} INFO - DAG(s) dict_keys(['dataset_produces_1']) retrieved from /opt/airflow/dags/demo_dag.py
[2023-09-13T19:28:43.661+0000] {logging_mixin.py:151} INFO - [2023-09-13T19:28:43.661+0000] {security.py:708} INFO - Not syncing DAG-level permissions for DAG 'DAG:dataset_produces_1' as access control is unset.
[2023-09-13T19:28:43.662+0000] {logging_mixin.py:151} INFO - [2023-09-13T19:28:43.662+0000] {dag.py:2915} INFO - Sync 1 DAGs
[2023-09-13T19:28:43.678+0000] {logging_mixin.py:151} INFO - [2023-09-13T19:28:43.678+0000] {dag.py:3696} INFO - Setting next_dagrun for dataset_produces_1 to 2023-09-12T00:00:00+00:00, run_after=2023-09-13T00:00:00+00:00
[2023-09-13T19:28:43.693+0000] {processor.py:179} INFO - Processing /opt/airflow/dags/demo_dag.py took 0.285 seconds
[2023-09-13T19:29:13.826+0000] {processor.py:157} INFO - Started process (PID=141) to work on /opt/airflow/dags/demo_dag.py
[2023-09-13T19:29:13.828+0000] {processor.py:829} INFO - Processing file /opt/airflow/dags/demo_dag.py for tasks to queue
[2023-09-13T19:29:13.832+0000] {logging_mixin.py:151} INFO - [2023-09-13T19:29:13.832+0000] {dagbag.py:539} INFO - Filling up the DagBag from /opt/airflow/dags/demo_dag.py
[2023-09-13T19:29:13.843+0000] {processor.py:839} INFO - DAG(s) dict_keys(['dataset_produces_1']) retrieved from /opt/airflow/dags/demo_dag.py
[2023-09-13T19:29:13.870+0000] {logging_mixin.py:151} INFO - [2023-09-13T19:29:13.869+0000] {dag.py:2915} INFO - Sync 1 DAGs
[2023-09-13T19:29:13.892+0000] {logging_mixin.py:151} INFO - [2023-09-13T19:29:13.892+0000] {dag.py:3696} INFO - Setting next_dagrun for dataset_produces_1 to 2023-09-12T00:00:00+00:00, run_after=2023-09-13T00:00:00+00:00
[2023-09-13T19:29:13.917+0000] {processor.py:179} INFO - Processing /opt/airflow/dags/demo_dag.py took 0.097 seconds
[2023-09-13T19:29:44.335+0000] {processor.py:157} INFO - Started process (PID=195) to work on /opt/airflow/dags/demo_dag.py
[2023-09-13T19:29:44.337+0000] {processor.py:829} INFO - Processing file /opt/airflow/dags/demo_dag.py for tasks to queue
[2023-09-13T19:29:44.341+0000] {logging_mixin.py:151} INFO - [2023-09-13T19:29:44.340+0000] {dagbag.py:539} INFO - Filling up the DagBag from /opt/airflow/dags/demo_dag.py
[2023-09-13T19:29:44.348+0000] {processor.py:839} INFO - DAG(s) dict_keys(['dataset_produces_1']) retrieved from /opt/airflow/dags/demo_dag.py
[2023-09-13T19:29:44.364+0000] {logging_mixin.py:151} INFO - [2023-09-13T19:29:44.363+0000] {dag.py:2915} INFO - Sync 1 DAGs
[2023-09-13T19:29:44.383+0000] {logging_mixin.py:151} INFO - [2023-09-13T19:29:44.383+0000] {dag.py:3696} INFO - Setting next_dagrun for dataset_produces_1 to 2023-09-12T00:00:00+00:00, run_after=2023-09-13T00:00:00+00:00
[2023-09-13T19:29:44.398+0000] {processor.py:179} INFO - Processing /opt/airflow/dags/demo_dag.py took 0.068 seconds
[2023-09-13T19:30:14.496+0000] {processor.py:157} INFO - Started process (PID=249) to work on /opt/airflow/dags/demo_dag.py
[2023-09-13T19:30:14.498+0000] {processor.py:829} INFO - Processing file /opt/airflow/dags/demo_dag.py for tasks to queue
[2023-09-13T19:30:14.505+0000] {logging_mixin.py:151} INFO - [2023-09-13T19:30:14.504+0000] {dagbag.py:539} INFO - Filling up the DagBag from /opt/airflow/dags/demo_dag.py
[2023-09-13T19:30:14.522+0000] {processor.py:839} INFO - DAG(s) dict_keys(['dataset_produces_1']) retrieved from /opt/airflow/dags/demo_dag.py
[2023-09-13T19:30:14.662+0000] {logging_mixin.py:151} INFO - [2023-09-13T19:30:14.662+0000] {security.py:708} INFO - Not syncing DAG-level permissions for DAG 'DAG:dataset_produces_1' as access control is unset.
[2023-09-13T19:30:14.663+0000] {logging_mixin.py:151} INFO - [2023-09-13T19:30:14.663+0000] {dag.py:2915} INFO - Sync 1 DAGs
[2023-09-13T19:30:14.684+0000] {logging_mixin.py:151} INFO - [2023-09-13T19:30:14.684+0000] {dag.py:3696} INFO - Setting next_dagrun for dataset_produces_1 to 2023-09-12T00:00:00+00:00, run_after=2023-09-13T00:00:00+00:00
[2023-09-13T19:30:14.702+0000] {processor.py:179} INFO - Processing /opt/airflow/dags/demo_dag.py took 0.213 seconds
[2023-09-13T19:31:27.074+0000] {processor.py:157} INFO - Started process (PID=31) to work on /opt/airflow/dags/demo_dag.py
[2023-09-13T19:31:27.079+0000] {processor.py:829} INFO - Processing file /opt/airflow/dags/demo_dag.py for tasks to queue
[2023-09-13T19:31:27.095+0000] {logging_mixin.py:151} INFO - [2023-09-13T19:31:27.093+0000] {dagbag.py:539} INFO - Filling up the DagBag from /opt/airflow/dags/demo_dag.py
[2023-09-13T19:31:27.160+0000] {processor.py:839} INFO - DAG(s) dict_keys(['dataset_produces_1']) retrieved from /opt/airflow/dags/demo_dag.py
[2023-09-13T19:31:27.216+0000] {logging_mixin.py:151} INFO - [2023-09-13T19:31:27.216+0000] {dag.py:2915} INFO - Sync 1 DAGs
[2023-09-13T19:31:27.263+0000] {logging_mixin.py:151} INFO - [2023-09-13T19:31:27.263+0000] {dag.py:3696} INFO - Setting next_dagrun for dataset_produces_1 to 2023-09-12T00:00:00+00:00, run_after=2023-09-13T00:00:00+00:00
[2023-09-13T19:31:27.326+0000] {processor.py:179} INFO - Processing /opt/airflow/dags/demo_dag.py took 0.262 seconds
[2023-09-13T19:31:57.522+0000] {processor.py:157} INFO - Started process (PID=86) to work on /opt/airflow/dags/demo_dag.py
[2023-09-13T19:31:57.524+0000] {processor.py:829} INFO - Processing file /opt/airflow/dags/demo_dag.py for tasks to queue
[2023-09-13T19:31:57.529+0000] {logging_mixin.py:151} INFO - [2023-09-13T19:31:57.528+0000] {dagbag.py:539} INFO - Filling up the DagBag from /opt/airflow/dags/demo_dag.py
[2023-09-13T19:31:57.556+0000] {processor.py:839} INFO - DAG(s) dict_keys(['dataset_produces_1']) retrieved from /opt/airflow/dags/demo_dag.py
[2023-09-13T19:31:57.800+0000] {logging_mixin.py:151} INFO - [2023-09-13T19:31:57.800+0000] {security.py:708} INFO - Not syncing DAG-level permissions for DAG 'DAG:dataset_produces_1' as access control is unset.
[2023-09-13T19:31:57.802+0000] {logging_mixin.py:151} INFO - [2023-09-13T19:31:57.802+0000] {dag.py:2915} INFO - Sync 1 DAGs
[2023-09-13T19:31:57.820+0000] {logging_mixin.py:151} INFO - [2023-09-13T19:31:57.820+0000] {dag.py:3696} INFO - Setting next_dagrun for dataset_produces_1 to 2023-09-12T00:00:00+00:00, run_after=2023-09-13T00:00:00+00:00
[2023-09-13T19:31:57.836+0000] {processor.py:179} INFO - Processing /opt/airflow/dags/demo_dag.py took 0.322 seconds
[2023-09-13T19:32:28.403+0000] {processor.py:157} INFO - Started process (PID=141) to work on /opt/airflow/dags/demo_dag.py
[2023-09-13T19:32:28.404+0000] {processor.py:829} INFO - Processing file /opt/airflow/dags/demo_dag.py for tasks to queue
[2023-09-13T19:32:28.408+0000] {logging_mixin.py:151} INFO - [2023-09-13T19:32:28.407+0000] {dagbag.py:539} INFO - Filling up the DagBag from /opt/airflow/dags/demo_dag.py
[2023-09-13T19:32:28.419+0000] {processor.py:839} INFO - DAG(s) dict_keys(['dataset_produces_1']) retrieved from /opt/airflow/dags/demo_dag.py
[2023-09-13T19:32:28.526+0000] {logging_mixin.py:151} INFO - [2023-09-13T19:32:28.526+0000] {security.py:708} INFO - Not syncing DAG-level permissions for DAG 'DAG:dataset_produces_1' as access control is unset.
[2023-09-13T19:32:28.527+0000] {logging_mixin.py:151} INFO - [2023-09-13T19:32:28.527+0000] {dag.py:2915} INFO - Sync 1 DAGs
[2023-09-13T19:32:28.544+0000] {logging_mixin.py:151} INFO - [2023-09-13T19:32:28.544+0000] {dag.py:3696} INFO - Setting next_dagrun for dataset_produces_1 to 2023-09-12T00:00:00+00:00, run_after=2023-09-13T00:00:00+00:00
[2023-09-13T19:32:28.580+0000] {processor.py:179} INFO - Processing /opt/airflow/dags/demo_dag.py took 0.183 seconds
[2023-09-13T19:32:45.303+0000] {processor.py:157} INFO - Started process (PID=196) to work on /opt/airflow/dags/demo_dag.py
[2023-09-13T19:32:45.305+0000] {processor.py:829} INFO - Processing file /opt/airflow/dags/demo_dag.py for tasks to queue
[2023-09-13T19:32:45.308+0000] {logging_mixin.py:151} INFO - [2023-09-13T19:32:45.308+0000] {dagbag.py:539} INFO - Filling up the DagBag from /opt/airflow/dags/demo_dag.py
[2023-09-13T19:32:45.320+0000] {processor.py:839} INFO - DAG(s) dict_keys(['demo']) retrieved from /opt/airflow/dags/demo_dag.py
[2023-09-13T19:32:45.408+0000] {logging_mixin.py:151} INFO - [2023-09-13T19:32:45.408+0000] {manager.py:499} INFO - Created Permission View: %s
[2023-09-13T19:32:45.416+0000] {logging_mixin.py:151} INFO - [2023-09-13T19:32:45.416+0000] {manager.py:499} INFO - Created Permission View: %s
[2023-09-13T19:32:45.421+0000] {logging_mixin.py:151} INFO - [2023-09-13T19:32:45.420+0000] {manager.py:499} INFO - Created Permission View: %s
[2023-09-13T19:32:45.421+0000] {logging_mixin.py:151} INFO - [2023-09-13T19:32:45.421+0000] {security.py:708} INFO - Not syncing DAG-level permissions for DAG 'DAG:demo' as access control is unset.
[2023-09-13T19:32:45.422+0000] {logging_mixin.py:151} INFO - [2023-09-13T19:32:45.422+0000] {dag.py:2915} INFO - Sync 1 DAGs
[2023-09-13T19:32:45.431+0000] {logging_mixin.py:151} INFO - [2023-09-13T19:32:45.431+0000] {dag.py:2937} INFO - Creating ORM DAG for demo
[2023-09-13T19:32:45.440+0000] {logging_mixin.py:151} INFO - [2023-09-13T19:32:45.440+0000] {dag.py:3696} INFO - Setting next_dagrun for demo to 2023-09-12T00:00:00+00:00, run_after=2023-09-13T00:00:00+00:00
[2023-09-13T19:32:45.454+0000] {processor.py:179} INFO - Processing /opt/airflow/dags/demo_dag.py took 0.154 seconds
[2023-09-13T19:33:15.657+0000] {processor.py:157} INFO - Started process (PID=251) to work on /opt/airflow/dags/demo_dag.py
[2023-09-13T19:33:15.659+0000] {processor.py:829} INFO - Processing file /opt/airflow/dags/demo_dag.py for tasks to queue
[2023-09-13T19:33:15.663+0000] {logging_mixin.py:151} INFO - [2023-09-13T19:33:15.662+0000] {dagbag.py:539} INFO - Filling up the DagBag from /opt/airflow/dags/demo_dag.py
[2023-09-13T19:33:15.674+0000] {processor.py:839} INFO - DAG(s) dict_keys(['demo']) retrieved from /opt/airflow/dags/demo_dag.py
[2023-09-13T19:33:15.753+0000] {logging_mixin.py:151} INFO - [2023-09-13T19:33:15.752+0000] {security.py:708} INFO - Not syncing DAG-level permissions for DAG 'DAG:demo' as access control is unset.
[2023-09-13T19:33:15.753+0000] {logging_mixin.py:151} INFO - [2023-09-13T19:33:15.753+0000] {dag.py:2915} INFO - Sync 1 DAGs
[2023-09-13T19:33:15.768+0000] {logging_mixin.py:151} INFO - [2023-09-13T19:33:15.768+0000] {dag.py:3696} INFO - Setting next_dagrun for demo to 2023-09-12T00:00:00+00:00, run_after=2023-09-13T00:00:00+00:00
[2023-09-13T19:33:15.781+0000] {processor.py:179} INFO - Processing /opt/airflow/dags/demo_dag.py took 0.130 seconds
[2023-09-13T19:33:46.445+0000] {processor.py:157} INFO - Started process (PID=306) to work on /opt/airflow/dags/demo_dag.py
[2023-09-13T19:33:46.447+0000] {processor.py:829} INFO - Processing file /opt/airflow/dags/demo_dag.py for tasks to queue
[2023-09-13T19:33:46.451+0000] {logging_mixin.py:151} INFO - [2023-09-13T19:33:46.451+0000] {dagbag.py:539} INFO - Filling up the DagBag from /opt/airflow/dags/demo_dag.py
[2023-09-13T19:33:46.465+0000] {processor.py:839} INFO - DAG(s) dict_keys(['demo']) retrieved from /opt/airflow/dags/demo_dag.py
[2023-09-13T19:33:46.558+0000] {logging_mixin.py:151} INFO - [2023-09-13T19:33:46.558+0000] {security.py:708} INFO - Not syncing DAG-level permissions for DAG 'DAG:demo' as access control is unset.
[2023-09-13T19:33:46.559+0000] {logging_mixin.py:151} INFO - [2023-09-13T19:33:46.559+0000] {dag.py:2915} INFO - Sync 1 DAGs
[2023-09-13T19:33:46.576+0000] {logging_mixin.py:151} INFO - [2023-09-13T19:33:46.576+0000] {dag.py:3696} INFO - Setting next_dagrun for demo to 2023-09-12T00:00:00+00:00, run_after=2023-09-13T00:00:00+00:00
[2023-09-13T19:33:46.591+0000] {processor.py:179} INFO - Processing /opt/airflow/dags/demo_dag.py took 0.153 seconds
[2023-09-13T19:34:59.960+0000] {processor.py:157} INFO - Started process (PID=31) to work on /opt/airflow/dags/demo_dag.py
[2023-09-13T19:34:59.963+0000] {processor.py:829} INFO - Processing file /opt/airflow/dags/demo_dag.py for tasks to queue
[2023-09-13T19:34:59.967+0000] {logging_mixin.py:151} INFO - [2023-09-13T19:34:59.966+0000] {dagbag.py:539} INFO - Filling up the DagBag from /opt/airflow/dags/demo_dag.py
[2023-09-13T19:34:59.987+0000] {processor.py:839} INFO - DAG(s) dict_keys(['demo']) retrieved from /opt/airflow/dags/demo_dag.py
[2023-09-13T19:35:00.203+0000] {logging_mixin.py:151} INFO - [2023-09-13T19:35:00.202+0000] {security.py:708} INFO - Not syncing DAG-level permissions for DAG 'DAG:demo' as access control is unset.
[2023-09-13T19:35:00.204+0000] {logging_mixin.py:151} INFO - [2023-09-13T19:35:00.204+0000] {dag.py:2915} INFO - Sync 1 DAGs
[2023-09-13T19:35:00.225+0000] {logging_mixin.py:151} INFO - [2023-09-13T19:35:00.225+0000] {dag.py:3696} INFO - Setting next_dagrun for demo to 2023-09-12T00:00:00+00:00, run_after=2023-09-13T00:00:00+00:00
[2023-09-13T19:35:00.241+0000] {processor.py:179} INFO - Processing /opt/airflow/dags/demo_dag.py took 0.285 seconds
[2023-09-13T19:35:30.497+0000] {processor.py:157} INFO - Started process (PID=38) to work on /opt/airflow/dags/demo_dag.py
[2023-09-13T19:35:30.500+0000] {processor.py:829} INFO - Processing file /opt/airflow/dags/demo_dag.py for tasks to queue
[2023-09-13T19:35:30.506+0000] {logging_mixin.py:151} INFO - [2023-09-13T19:35:30.505+0000] {dagbag.py:539} INFO - Filling up the DagBag from /opt/airflow/dags/demo_dag.py
[2023-09-13T19:35:30.531+0000] {processor.py:839} INFO - DAG(s) dict_keys(['demo']) retrieved from /opt/airflow/dags/demo_dag.py
[2023-09-13T19:35:30.633+0000] {logging_mixin.py:151} INFO - [2023-09-13T19:35:30.633+0000] {security.py:708} INFO - Not syncing DAG-level permissions for DAG 'DAG:demo' as access control is unset.
[2023-09-13T19:35:30.634+0000] {logging_mixin.py:151} INFO - [2023-09-13T19:35:30.634+0000] {dag.py:2915} INFO - Sync 1 DAGs
[2023-09-13T19:35:30.650+0000] {logging_mixin.py:151} INFO - [2023-09-13T19:35:30.650+0000] {dag.py:3696} INFO - Setting next_dagrun for demo to 2023-09-12T00:00:00+00:00, run_after=2023-09-13T00:00:00+00:00
[2023-09-13T19:35:30.663+0000] {processor.py:179} INFO - Processing /opt/airflow/dags/demo_dag.py took 0.172 seconds
[2023-09-13T19:35:45.694+0000] {processor.py:157} INFO - Started process (PID=39) to work on /opt/airflow/dags/demo_dag.py
[2023-09-13T19:35:45.697+0000] {processor.py:829} INFO - Processing file /opt/airflow/dags/demo_dag.py for tasks to queue
[2023-09-13T19:35:45.700+0000] {logging_mixin.py:151} INFO - [2023-09-13T19:35:45.700+0000] {dagbag.py:539} INFO - Filling up the DagBag from /opt/airflow/dags/demo_dag.py
[2023-09-13T19:35:45.719+0000] {processor.py:839} INFO - DAG(s) dict_keys(['demo']) retrieved from /opt/airflow/dags/demo_dag.py
[2023-09-13T19:35:45.738+0000] {logging_mixin.py:151} INFO - [2023-09-13T19:35:45.738+0000] {dag.py:2915} INFO - Sync 1 DAGs
[2023-09-13T19:35:45.760+0000] {logging_mixin.py:151} INFO - [2023-09-13T19:35:45.760+0000] {dag.py:3696} INFO - Setting next_dagrun for demo to 2023-09-12T00:00:00+00:00, run_after=2023-09-13T00:00:00+00:00
[2023-09-13T19:35:45.778+0000] {processor.py:179} INFO - Processing /opt/airflow/dags/demo_dag.py took 0.095 seconds
[2023-09-13T19:35:46.723+0000] {processor.py:157} INFO - Started process (PID=40) to work on /opt/airflow/dags/demo_dag.py
[2023-09-13T19:35:46.725+0000] {processor.py:829} INFO - Processing file /opt/airflow/dags/demo_dag.py for tasks to queue
[2023-09-13T19:35:46.728+0000] {logging_mixin.py:151} INFO - [2023-09-13T19:35:46.727+0000] {dagbag.py:539} INFO - Filling up the DagBag from /opt/airflow/dags/demo_dag.py
[2023-09-13T19:35:46.743+0000] {processor.py:839} INFO - DAG(s) dict_keys(['demo']) retrieved from /opt/airflow/dags/demo_dag.py
[2023-09-13T19:35:46.757+0000] {logging_mixin.py:151} INFO - [2023-09-13T19:35:46.757+0000] {dag.py:2915} INFO - Sync 1 DAGs
[2023-09-13T19:35:46.775+0000] {logging_mixin.py:151} INFO - [2023-09-13T19:35:46.775+0000] {dag.py:3696} INFO - Setting next_dagrun for demo to 2023-09-12T00:00:00+00:00, run_after=2023-09-13T00:00:00+00:00
[2023-09-13T19:35:46.788+0000] {processor.py:179} INFO - Processing /opt/airflow/dags/demo_dag.py took 0.070 seconds
[2023-09-13T19:36:16.094+0000] {processor.py:157} INFO - Started process (PID=49) to work on /opt/airflow/dags/demo_dag.py
[2023-09-13T19:36:16.097+0000] {processor.py:829} INFO - Processing file /opt/airflow/dags/demo_dag.py for tasks to queue
[2023-09-13T19:36:16.101+0000] {logging_mixin.py:151} INFO - [2023-09-13T19:36:16.100+0000] {dagbag.py:539} INFO - Filling up the DagBag from /opt/airflow/dags/demo_dag.py
[2023-09-13T19:36:16.123+0000] {processor.py:839} INFO - DAG(s) dict_keys(['demo']) retrieved from /opt/airflow/dags/demo_dag.py
[2023-09-13T19:36:16.225+0000] {logging_mixin.py:151} INFO - [2023-09-13T19:36:16.225+0000] {security.py:708} INFO - Not syncing DAG-level permissions for DAG 'DAG:demo' as access control is unset.
[2023-09-13T19:36:16.226+0000] {logging_mixin.py:151} INFO - [2023-09-13T19:36:16.226+0000] {dag.py:2915} INFO - Sync 1 DAGs
[2023-09-13T19:36:16.243+0000] {logging_mixin.py:151} INFO - [2023-09-13T19:36:16.242+0000] {dag.py:3696} INFO - Setting next_dagrun for demo to 2023-09-12T00:00:00+00:00, run_after=2023-09-13T00:00:00+00:00
[2023-09-13T19:36:16.258+0000] {processor.py:179} INFO - Processing /opt/airflow/dags/demo_dag.py took 0.169 seconds
[2023-09-13T19:36:46.374+0000] {processor.py:157} INFO - Started process (PID=57) to work on /opt/airflow/dags/demo_dag.py
[2023-09-13T19:36:46.376+0000] {processor.py:829} INFO - Processing file /opt/airflow/dags/demo_dag.py for tasks to queue
[2023-09-13T19:36:46.380+0000] {logging_mixin.py:151} INFO - [2023-09-13T19:36:46.379+0000] {dagbag.py:539} INFO - Filling up the DagBag from /opt/airflow/dags/demo_dag.py
[2023-09-13T19:36:46.397+0000] {processor.py:839} INFO - DAG(s) dict_keys(['demo']) retrieved from /opt/airflow/dags/demo_dag.py
[2023-09-13T19:36:46.476+0000] {logging_mixin.py:151} INFO - [2023-09-13T19:36:46.475+0000] {security.py:708} INFO - Not syncing DAG-level permissions for DAG 'DAG:demo' as access control is unset.
[2023-09-13T19:36:46.476+0000] {logging_mixin.py:151} INFO - [2023-09-13T19:36:46.476+0000] {dag.py:2915} INFO - Sync 1 DAGs
[2023-09-13T19:36:46.492+0000] {logging_mixin.py:151} INFO - [2023-09-13T19:36:46.492+0000] {dag.py:3696} INFO - Setting next_dagrun for demo to 2023-09-12T00:00:00+00:00, run_after=2023-09-13T00:00:00+00:00
[2023-09-13T19:36:46.507+0000] {processor.py:179} INFO - Processing /opt/airflow/dags/demo_dag.py took 0.139 seconds
[2023-09-13T19:36:47.550+0000] {processor.py:157} INFO - Started process (PID=58) to work on /opt/airflow/dags/demo_dag.py
[2023-09-13T19:36:47.551+0000] {processor.py:829} INFO - Processing file /opt/airflow/dags/demo_dag.py for tasks to queue
[2023-09-13T19:36:47.555+0000] {logging_mixin.py:151} INFO - [2023-09-13T19:36:47.554+0000] {dagbag.py:539} INFO - Filling up the DagBag from /opt/airflow/dags/demo_dag.py
[2023-09-13T19:36:47.572+0000] {processor.py:839} INFO - DAG(s) dict_keys(['demo']) retrieved from /opt/airflow/dags/demo_dag.py
[2023-09-13T19:36:47.585+0000] {logging_mixin.py:151} INFO - [2023-09-13T19:36:47.584+0000] {dag.py:2915} INFO - Sync 1 DAGs
[2023-09-13T19:36:47.602+0000] {logging_mixin.py:151} INFO - [2023-09-13T19:36:47.602+0000] {dag.py:3696} INFO - Setting next_dagrun for demo to 2023-09-12T00:00:00+00:00, run_after=2023-09-13T00:00:00+00:00
[2023-09-13T19:36:47.615+0000] {processor.py:179} INFO - Processing /opt/airflow/dags/demo_dag.py took 0.069 seconds
[2023-09-13T19:37:25.464+0000] {processor.py:157} INFO - Started process (PID=30) to work on /opt/airflow/dags/demo_dag.py
[2023-09-13T19:37:25.466+0000] {processor.py:829} INFO - Processing file /opt/airflow/dags/demo_dag.py for tasks to queue
[2023-09-13T19:37:25.470+0000] {logging_mixin.py:151} INFO - [2023-09-13T19:37:25.469+0000] {dagbag.py:539} INFO - Filling up the DagBag from /opt/airflow/dags/demo_dag.py
[2023-09-13T19:37:25.488+0000] {processor.py:839} INFO - DAG(s) dict_keys(['demo']) retrieved from /opt/airflow/dags/demo_dag.py
[2023-09-13T19:37:25.725+0000] {logging_mixin.py:151} INFO - [2023-09-13T19:37:25.724+0000] {security.py:708} INFO - Not syncing DAG-level permissions for DAG 'DAG:demo' as access control is unset.
[2023-09-13T19:37:25.726+0000] {logging_mixin.py:151} INFO - [2023-09-13T19:37:25.726+0000] {dag.py:2915} INFO - Sync 1 DAGs
[2023-09-13T19:37:25.742+0000] {logging_mixin.py:151} INFO - [2023-09-13T19:37:25.742+0000] {dag.py:3696} INFO - Setting next_dagrun for demo to 2023-09-12T00:00:00+00:00, run_after=2023-09-13T00:00:00+00:00
[2023-09-13T19:37:25.757+0000] {processor.py:179} INFO - Processing /opt/airflow/dags/demo_dag.py took 0.299 seconds
[2023-09-13T19:37:56.194+0000] {processor.py:157} INFO - Started process (PID=38) to work on /opt/airflow/dags/demo_dag.py
[2023-09-13T19:37:56.198+0000] {processor.py:829} INFO - Processing file /opt/airflow/dags/demo_dag.py for tasks to queue
[2023-09-13T19:37:56.202+0000] {logging_mixin.py:151} INFO - [2023-09-13T19:37:56.201+0000] {dagbag.py:539} INFO - Filling up the DagBag from /opt/airflow/dags/demo_dag.py
[2023-09-13T19:37:56.220+0000] {processor.py:839} INFO - DAG(s) dict_keys(['demo']) retrieved from /opt/airflow/dags/demo_dag.py
[2023-09-13T19:37:56.255+0000] {logging_mixin.py:151} INFO - [2023-09-13T19:37:56.255+0000] {dag.py:2915} INFO - Sync 1 DAGs
[2023-09-13T19:37:56.275+0000] {logging_mixin.py:151} INFO - [2023-09-13T19:37:56.275+0000] {dag.py:3696} INFO - Setting next_dagrun for demo to 2023-09-12T00:00:00+00:00, run_after=2023-09-13T00:00:00+00:00
[2023-09-13T19:37:56.288+0000] {processor.py:179} INFO - Processing /opt/airflow/dags/demo_dag.py took 0.100 seconds
[2023-09-13T19:38:26.483+0000] {processor.py:157} INFO - Started process (PID=54) to work on /opt/airflow/dags/demo_dag.py
[2023-09-13T19:38:26.486+0000] {processor.py:829} INFO - Processing file /opt/airflow/dags/demo_dag.py for tasks to queue
[2023-09-13T19:38:26.489+0000] {logging_mixin.py:151} INFO - [2023-09-13T19:38:26.489+0000] {dagbag.py:539} INFO - Filling up the DagBag from /opt/airflow/dags/demo_dag.py
[2023-09-13T19:38:26.503+0000] {processor.py:839} INFO - DAG(s) dict_keys(['demo']) retrieved from /opt/airflow/dags/demo_dag.py
[2023-09-13T19:38:26.532+0000] {logging_mixin.py:151} INFO - [2023-09-13T19:38:26.532+0000] {dag.py:2915} INFO - Sync 1 DAGs
[2023-09-13T19:38:26.550+0000] {logging_mixin.py:151} INFO - [2023-09-13T19:38:26.550+0000] {dag.py:3696} INFO - Setting next_dagrun for demo to 2023-09-13T00:00:00+00:00, run_after=2023-09-14T00:00:00+00:00
[2023-09-13T19:38:26.562+0000] {processor.py:179} INFO - Processing /opt/airflow/dags/demo_dag.py took 0.084 seconds
[2023-09-13T19:38:32.618+0000] {processor.py:157} INFO - Started process (PID=55) to work on /opt/airflow/dags/demo_dag.py
[2023-09-13T19:38:32.620+0000] {processor.py:829} INFO - Processing file /opt/airflow/dags/demo_dag.py for tasks to queue
[2023-09-13T19:38:32.623+0000] {logging_mixin.py:151} INFO - [2023-09-13T19:38:32.622+0000] {dagbag.py:539} INFO - Filling up the DagBag from /opt/airflow/dags/demo_dag.py
[2023-09-13T19:38:32.639+0000] {processor.py:839} INFO - DAG(s) dict_keys(['demo']) retrieved from /opt/airflow/dags/demo_dag.py
[2023-09-13T19:38:32.664+0000] {logging_mixin.py:151} INFO - [2023-09-13T19:38:32.664+0000] {dag.py:2915} INFO - Sync 1 DAGs
[2023-09-13T19:38:32.682+0000] {logging_mixin.py:151} INFO - [2023-09-13T19:38:32.682+0000] {dag.py:3696} INFO - Setting next_dagrun for demo to 2023-09-13T00:00:00+00:00, run_after=2023-09-14T00:00:00+00:00
[2023-09-13T19:38:32.695+0000] {processor.py:179} INFO - Processing /opt/airflow/dags/demo_dag.py took 0.081 seconds
[2023-09-13T19:38:58.853+0000] {processor.py:157} INFO - Started process (PID=63) to work on /opt/airflow/dags/demo_dag.py
[2023-09-13T19:38:58.856+0000] {processor.py:829} INFO - Processing file /opt/airflow/dags/demo_dag.py for tasks to queue
[2023-09-13T19:38:58.859+0000] {logging_mixin.py:151} INFO - [2023-09-13T19:38:58.859+0000] {dagbag.py:539} INFO - Filling up the DagBag from /opt/airflow/dags/demo_dag.py
[2023-09-13T19:38:58.875+0000] {processor.py:839} INFO - DAG(s) dict_keys(['demo']) retrieved from /opt/airflow/dags/demo_dag.py
[2023-09-13T19:38:58.905+0000] {logging_mixin.py:151} INFO - [2023-09-13T19:38:58.905+0000] {dag.py:2915} INFO - Sync 1 DAGs
[2023-09-13T19:38:58.924+0000] {logging_mixin.py:151} INFO - [2023-09-13T19:38:58.924+0000] {dag.py:3696} INFO - Setting next_dagrun for demo to 2023-09-13T00:00:00+00:00, run_after=2023-09-14T00:00:00+00:00
[2023-09-13T19:38:58.938+0000] {processor.py:179} INFO - Processing /opt/airflow/dags/demo_dag.py took 0.090 seconds
[2023-09-13T19:39:29.157+0000] {processor.py:157} INFO - Started process (PID=71) to work on /opt/airflow/dags/demo_dag.py
[2023-09-13T19:39:29.159+0000] {processor.py:829} INFO - Processing file /opt/airflow/dags/demo_dag.py for tasks to queue
[2023-09-13T19:39:29.163+0000] {logging_mixin.py:151} INFO - [2023-09-13T19:39:29.162+0000] {dagbag.py:539} INFO - Filling up the DagBag from /opt/airflow/dags/demo_dag.py
[2023-09-13T19:39:29.184+0000] {processor.py:839} INFO - DAG(s) dict_keys(['demo']) retrieved from /opt/airflow/dags/demo_dag.py
[2023-09-13T19:39:29.220+0000] {logging_mixin.py:151} INFO - [2023-09-13T19:39:29.220+0000] {dag.py:2915} INFO - Sync 1 DAGs
[2023-09-13T19:39:29.243+0000] {logging_mixin.py:151} INFO - [2023-09-13T19:39:29.243+0000] {dag.py:3696} INFO - Setting next_dagrun for demo to 2023-09-13T00:00:00+00:00, run_after=2023-09-14T00:00:00+00:00
[2023-09-13T19:39:29.256+0000] {processor.py:179} INFO - Processing /opt/airflow/dags/demo_dag.py took 0.104 seconds
[2023-09-13T19:39:59.407+0000] {processor.py:157} INFO - Started process (PID=79) to work on /opt/airflow/dags/demo_dag.py
[2023-09-13T19:39:59.409+0000] {processor.py:829} INFO - Processing file /opt/airflow/dags/demo_dag.py for tasks to queue
[2023-09-13T19:39:59.416+0000] {logging_mixin.py:151} INFO - [2023-09-13T19:39:59.415+0000] {dagbag.py:539} INFO - Filling up the DagBag from /opt/airflow/dags/demo_dag.py
[2023-09-13T19:39:59.443+0000] {processor.py:839} INFO - DAG(s) dict_keys(['demo']) retrieved from /opt/airflow/dags/demo_dag.py
[2023-09-13T19:39:59.489+0000] {logging_mixin.py:151} INFO - [2023-09-13T19:39:59.488+0000] {dag.py:2915} INFO - Sync 1 DAGs
[2023-09-13T19:39:59.519+0000] {logging_mixin.py:151} INFO - [2023-09-13T19:39:59.519+0000] {dag.py:3696} INFO - Setting next_dagrun for demo to 2023-09-13T00:00:00+00:00, run_after=2023-09-14T00:00:00+00:00
[2023-09-13T19:39:59.537+0000] {processor.py:179} INFO - Processing /opt/airflow/dags/demo_dag.py took 0.138 seconds
[2023-09-13T19:40:29.758+0000] {processor.py:157} INFO - Started process (PID=87) to work on /opt/airflow/dags/demo_dag.py
[2023-09-13T19:40:29.760+0000] {processor.py:829} INFO - Processing file /opt/airflow/dags/demo_dag.py for tasks to queue
[2023-09-13T19:40:29.765+0000] {logging_mixin.py:151} INFO - [2023-09-13T19:40:29.764+0000] {dagbag.py:539} INFO - Filling up the DagBag from /opt/airflow/dags/demo_dag.py
[2023-09-13T19:40:29.784+0000] {processor.py:839} INFO - DAG(s) dict_keys(['demo']) retrieved from /opt/airflow/dags/demo_dag.py
[2023-09-13T19:40:29.816+0000] {logging_mixin.py:151} INFO - [2023-09-13T19:40:29.816+0000] {dag.py:2915} INFO - Sync 1 DAGs
[2023-09-13T19:40:29.836+0000] {logging_mixin.py:151} INFO - [2023-09-13T19:40:29.836+0000] {dag.py:3696} INFO - Setting next_dagrun for demo to 2023-09-13T00:00:00+00:00, run_after=2023-09-14T00:00:00+00:00
[2023-09-13T19:40:29.849+0000] {processor.py:179} INFO - Processing /opt/airflow/dags/demo_dag.py took 0.097 seconds
[2023-09-13T19:41:00.023+0000] {processor.py:157} INFO - Started process (PID=95) to work on /opt/airflow/dags/demo_dag.py
[2023-09-13T19:41:00.026+0000] {processor.py:829} INFO - Processing file /opt/airflow/dags/demo_dag.py for tasks to queue
[2023-09-13T19:41:00.029+0000] {logging_mixin.py:151} INFO - [2023-09-13T19:41:00.028+0000] {dagbag.py:539} INFO - Filling up the DagBag from /opt/airflow/dags/demo_dag.py
[2023-09-13T19:41:00.043+0000] {processor.py:839} INFO - DAG(s) dict_keys(['demo']) retrieved from /opt/airflow/dags/demo_dag.py
[2023-09-13T19:41:00.089+0000] {logging_mixin.py:151} INFO - [2023-09-13T19:41:00.089+0000] {dag.py:2915} INFO - Sync 1 DAGs
[2023-09-13T19:41:00.124+0000] {logging_mixin.py:151} INFO - [2023-09-13T19:41:00.124+0000] {dag.py:3696} INFO - Setting next_dagrun for demo to 2023-09-13T00:00:00+00:00, run_after=2023-09-14T00:00:00+00:00
[2023-09-13T19:41:00.156+0000] {processor.py:179} INFO - Processing /opt/airflow/dags/demo_dag.py took 0.136 seconds
[2023-09-13T19:41:30.423+0000] {processor.py:157} INFO - Started process (PID=103) to work on /opt/airflow/dags/demo_dag.py
[2023-09-13T19:41:30.426+0000] {processor.py:829} INFO - Processing file /opt/airflow/dags/demo_dag.py for tasks to queue
[2023-09-13T19:41:30.430+0000] {logging_mixin.py:151} INFO - [2023-09-13T19:41:30.429+0000] {dagbag.py:539} INFO - Filling up the DagBag from /opt/airflow/dags/demo_dag.py
[2023-09-13T19:41:30.449+0000] {processor.py:839} INFO - DAG(s) dict_keys(['demo']) retrieved from /opt/airflow/dags/demo_dag.py
[2023-09-13T19:41:30.483+0000] {logging_mixin.py:151} INFO - [2023-09-13T19:41:30.483+0000] {dag.py:2915} INFO - Sync 1 DAGs
[2023-09-13T19:41:30.507+0000] {logging_mixin.py:151} INFO - [2023-09-13T19:41:30.507+0000] {dag.py:3696} INFO - Setting next_dagrun for demo to 2023-09-13T00:00:00+00:00, run_after=2023-09-14T00:00:00+00:00
[2023-09-13T19:41:30.522+0000] {processor.py:179} INFO - Processing /opt/airflow/dags/demo_dag.py took 0.105 seconds
[2023-09-13T19:42:00.717+0000] {processor.py:157} INFO - Started process (PID=111) to work on /opt/airflow/dags/demo_dag.py
[2023-09-13T19:42:00.722+0000] {processor.py:829} INFO - Processing file /opt/airflow/dags/demo_dag.py for tasks to queue
[2023-09-13T19:42:00.727+0000] {logging_mixin.py:151} INFO - [2023-09-13T19:42:00.726+0000] {dagbag.py:539} INFO - Filling up the DagBag from /opt/airflow/dags/demo_dag.py
[2023-09-13T19:42:00.745+0000] {processor.py:839} INFO - DAG(s) dict_keys(['demo']) retrieved from /opt/airflow/dags/demo_dag.py
[2023-09-13T19:42:00.775+0000] {logging_mixin.py:151} INFO - [2023-09-13T19:42:00.775+0000] {dag.py:2915} INFO - Sync 1 DAGs
[2023-09-13T19:42:00.793+0000] {logging_mixin.py:151} INFO - [2023-09-13T19:42:00.793+0000] {dag.py:3696} INFO - Setting next_dagrun for demo to 2023-09-13T00:00:00+00:00, run_after=2023-09-14T00:00:00+00:00
[2023-09-13T19:42:00.805+0000] {processor.py:179} INFO - Processing /opt/airflow/dags/demo_dag.py took 0.096 seconds
[2023-09-13T19:42:31.076+0000] {processor.py:157} INFO - Started process (PID=120) to work on /opt/airflow/dags/demo_dag.py
[2023-09-13T19:42:31.078+0000] {processor.py:829} INFO - Processing file /opt/airflow/dags/demo_dag.py for tasks to queue
[2023-09-13T19:42:31.082+0000] {logging_mixin.py:151} INFO - [2023-09-13T19:42:31.082+0000] {dagbag.py:539} INFO - Filling up the DagBag from /opt/airflow/dags/demo_dag.py
[2023-09-13T19:42:31.095+0000] {processor.py:839} INFO - DAG(s) dict_keys(['demo']) retrieved from /opt/airflow/dags/demo_dag.py
[2023-09-13T19:42:31.122+0000] {logging_mixin.py:151} INFO - [2023-09-13T19:42:31.121+0000] {dag.py:2915} INFO - Sync 1 DAGs
[2023-09-13T19:42:31.139+0000] {logging_mixin.py:151} INFO - [2023-09-13T19:42:31.139+0000] {dag.py:3696} INFO - Setting next_dagrun for demo to 2023-09-13T00:00:00+00:00, run_after=2023-09-14T00:00:00+00:00
[2023-09-13T19:42:31.151+0000] {processor.py:179} INFO - Processing /opt/airflow/dags/demo_dag.py took 0.081 seconds
[2023-09-13T19:43:01.373+0000] {processor.py:157} INFO - Started process (PID=129) to work on /opt/airflow/dags/demo_dag.py
[2023-09-13T19:43:01.374+0000] {processor.py:829} INFO - Processing file /opt/airflow/dags/demo_dag.py for tasks to queue
[2023-09-13T19:43:01.378+0000] {logging_mixin.py:151} INFO - [2023-09-13T19:43:01.377+0000] {dagbag.py:539} INFO - Filling up the DagBag from /opt/airflow/dags/demo_dag.py
[2023-09-13T19:43:01.388+0000] {processor.py:839} INFO - DAG(s) dict_keys(['demo']) retrieved from /opt/airflow/dags/demo_dag.py
[2023-09-13T19:43:01.414+0000] {logging_mixin.py:151} INFO - [2023-09-13T19:43:01.414+0000] {dag.py:2915} INFO - Sync 1 DAGs
[2023-09-13T19:43:01.431+0000] {logging_mixin.py:151} INFO - [2023-09-13T19:43:01.431+0000] {dag.py:3696} INFO - Setting next_dagrun for demo to 2023-09-13T00:00:00+00:00, run_after=2023-09-14T00:00:00+00:00
[2023-09-13T19:43:01.443+0000] {processor.py:179} INFO - Processing /opt/airflow/dags/demo_dag.py took 0.074 seconds
[2023-09-13T19:43:31.739+0000] {processor.py:157} INFO - Started process (PID=138) to work on /opt/airflow/dags/demo_dag.py
[2023-09-13T19:43:31.741+0000] {processor.py:829} INFO - Processing file /opt/airflow/dags/demo_dag.py for tasks to queue
[2023-09-13T19:43:31.744+0000] {logging_mixin.py:151} INFO - [2023-09-13T19:43:31.743+0000] {dagbag.py:539} INFO - Filling up the DagBag from /opt/airflow/dags/demo_dag.py
[2023-09-13T19:43:31.758+0000] {processor.py:839} INFO - DAG(s) dict_keys(['demo']) retrieved from /opt/airflow/dags/demo_dag.py
[2023-09-13T19:43:31.784+0000] {logging_mixin.py:151} INFO - [2023-09-13T19:43:31.784+0000] {dag.py:2915} INFO - Sync 1 DAGs
[2023-09-13T19:43:31.801+0000] {logging_mixin.py:151} INFO - [2023-09-13T19:43:31.801+0000] {dag.py:3696} INFO - Setting next_dagrun for demo to 2023-09-13T00:00:00+00:00, run_after=2023-09-14T00:00:00+00:00
[2023-09-13T19:43:31.813+0000] {processor.py:179} INFO - Processing /opt/airflow/dags/demo_dag.py took 0.081 seconds
[2023-09-13T19:44:02.087+0000] {processor.py:157} INFO - Started process (PID=147) to work on /opt/airflow/dags/demo_dag.py
[2023-09-13T19:44:02.090+0000] {processor.py:829} INFO - Processing file /opt/airflow/dags/demo_dag.py for tasks to queue
[2023-09-13T19:44:02.093+0000] {logging_mixin.py:151} INFO - [2023-09-13T19:44:02.092+0000] {dagbag.py:539} INFO - Filling up the DagBag from /opt/airflow/dags/demo_dag.py
[2023-09-13T19:44:02.106+0000] {processor.py:839} INFO - DAG(s) dict_keys(['demo']) retrieved from /opt/airflow/dags/demo_dag.py
[2023-09-13T19:44:02.133+0000] {logging_mixin.py:151} INFO - [2023-09-13T19:44:02.133+0000] {dag.py:2915} INFO - Sync 1 DAGs
[2023-09-13T19:44:02.151+0000] {logging_mixin.py:151} INFO - [2023-09-13T19:44:02.151+0000] {dag.py:3696} INFO - Setting next_dagrun for demo to 2023-09-13T00:00:00+00:00, run_after=2023-09-14T00:00:00+00:00
[2023-09-13T19:44:02.163+0000] {processor.py:179} INFO - Processing /opt/airflow/dags/demo_dag.py took 0.082 seconds
[2023-09-13T19:44:32.467+0000] {processor.py:157} INFO - Started process (PID=156) to work on /opt/airflow/dags/demo_dag.py
[2023-09-13T19:44:32.469+0000] {processor.py:829} INFO - Processing file /opt/airflow/dags/demo_dag.py for tasks to queue
[2023-09-13T19:44:32.472+0000] {logging_mixin.py:151} INFO - [2023-09-13T19:44:32.472+0000] {dagbag.py:539} INFO - Filling up the DagBag from /opt/airflow/dags/demo_dag.py
[2023-09-13T19:44:32.485+0000] {processor.py:839} INFO - DAG(s) dict_keys(['demo']) retrieved from /opt/airflow/dags/demo_dag.py
[2023-09-13T19:44:32.511+0000] {logging_mixin.py:151} INFO - [2023-09-13T19:44:32.510+0000] {dag.py:2915} INFO - Sync 1 DAGs
[2023-09-13T19:44:32.529+0000] {logging_mixin.py:151} INFO - [2023-09-13T19:44:32.529+0000] {dag.py:3696} INFO - Setting next_dagrun for demo to 2023-09-13T00:00:00+00:00, run_after=2023-09-14T00:00:00+00:00
[2023-09-13T19:44:32.541+0000] {processor.py:179} INFO - Processing /opt/airflow/dags/demo_dag.py took 0.080 seconds
[2023-09-13T19:45:02.858+0000] {processor.py:157} INFO - Started process (PID=165) to work on /opt/airflow/dags/demo_dag.py
[2023-09-13T19:45:02.861+0000] {processor.py:829} INFO - Processing file /opt/airflow/dags/demo_dag.py for tasks to queue
[2023-09-13T19:45:02.865+0000] {logging_mixin.py:151} INFO - [2023-09-13T19:45:02.864+0000] {dagbag.py:539} INFO - Filling up the DagBag from /opt/airflow/dags/demo_dag.py
[2023-09-13T19:45:02.877+0000] {processor.py:839} INFO - DAG(s) dict_keys(['demo']) retrieved from /opt/airflow/dags/demo_dag.py
[2023-09-13T19:45:02.903+0000] {logging_mixin.py:151} INFO - [2023-09-13T19:45:02.903+0000] {dag.py:2915} INFO - Sync 1 DAGs
[2023-09-13T19:45:02.920+0000] {logging_mixin.py:151} INFO - [2023-09-13T19:45:02.920+0000] {dag.py:3696} INFO - Setting next_dagrun for demo to 2023-09-13T00:00:00+00:00, run_after=2023-09-14T00:00:00+00:00
[2023-09-13T19:45:02.932+0000] {processor.py:179} INFO - Processing /opt/airflow/dags/demo_dag.py took 0.081 seconds
[2023-09-13T19:45:33.243+0000] {processor.py:157} INFO - Started process (PID=174) to work on /opt/airflow/dags/demo_dag.py
[2023-09-13T19:45:33.245+0000] {processor.py:829} INFO - Processing file /opt/airflow/dags/demo_dag.py for tasks to queue
[2023-09-13T19:45:33.250+0000] {logging_mixin.py:151} INFO - [2023-09-13T19:45:33.249+0000] {dagbag.py:539} INFO - Filling up the DagBag from /opt/airflow/dags/demo_dag.py
[2023-09-13T19:45:33.262+0000] {processor.py:839} INFO - DAG(s) dict_keys(['demo']) retrieved from /opt/airflow/dags/demo_dag.py
[2023-09-13T19:45:33.288+0000] {logging_mixin.py:151} INFO - [2023-09-13T19:45:33.287+0000] {dag.py:2915} INFO - Sync 1 DAGs
[2023-09-13T19:45:33.305+0000] {logging_mixin.py:151} INFO - [2023-09-13T19:45:33.304+0000] {dag.py:3696} INFO - Setting next_dagrun for demo to 2023-09-13T00:00:00+00:00, run_after=2023-09-14T00:00:00+00:00
[2023-09-13T19:45:33.317+0000] {processor.py:179} INFO - Processing /opt/airflow/dags/demo_dag.py took 0.080 seconds
[2023-09-13T19:46:03.662+0000] {processor.py:157} INFO - Started process (PID=183) to work on /opt/airflow/dags/demo_dag.py
[2023-09-13T19:46:03.665+0000] {processor.py:829} INFO - Processing file /opt/airflow/dags/demo_dag.py for tasks to queue
[2023-09-13T19:46:03.670+0000] {logging_mixin.py:151} INFO - [2023-09-13T19:46:03.669+0000] {dagbag.py:539} INFO - Filling up the DagBag from /opt/airflow/dags/demo_dag.py
[2023-09-13T19:46:03.690+0000] {processor.py:839} INFO - DAG(s) dict_keys(['demo']) retrieved from /opt/airflow/dags/demo_dag.py
[2023-09-13T19:46:03.729+0000] {logging_mixin.py:151} INFO - [2023-09-13T19:46:03.728+0000] {dag.py:2915} INFO - Sync 1 DAGs
[2023-09-13T19:46:03.752+0000] {logging_mixin.py:151} INFO - [2023-09-13T19:46:03.752+0000] {dag.py:3696} INFO - Setting next_dagrun for demo to 2023-09-13T00:00:00+00:00, run_after=2023-09-14T00:00:00+00:00
[2023-09-13T19:46:03.765+0000] {processor.py:179} INFO - Processing /opt/airflow/dags/demo_dag.py took 0.107 seconds
[2023-09-13T19:46:37.137+0000] {processor.py:157} INFO - Started process (PID=185) to work on /opt/airflow/dags/demo_dag.py
[2023-09-13T19:46:37.138+0000] {processor.py:829} INFO - Processing file /opt/airflow/dags/demo_dag.py for tasks to queue
[2023-09-13T19:46:37.141+0000] {logging_mixin.py:151} INFO - [2023-09-13T19:46:37.141+0000] {dagbag.py:539} INFO - Filling up the DagBag from /opt/airflow/dags/demo_dag.py
[2023-09-13T19:46:37.153+0000] {processor.py:839} INFO - DAG(s) dict_keys(['demo']) retrieved from /opt/airflow/dags/demo_dag.py
[2023-09-13T19:46:37.178+0000] {logging_mixin.py:151} INFO - [2023-09-13T19:46:37.178+0000] {dag.py:2915} INFO - Sync 1 DAGs
[2023-09-13T19:46:37.196+0000] {logging_mixin.py:151} INFO - [2023-09-13T19:46:37.196+0000] {dag.py:3696} INFO - Setting next_dagrun for demo to 2023-09-13T00:00:00+00:00, run_after=2023-09-14T00:00:00+00:00
[2023-09-13T19:46:37.209+0000] {processor.py:179} INFO - Processing /opt/airflow/dags/demo_dag.py took 0.076 seconds
[2023-09-13T20:51:47.696+0000] {processor.py:157} INFO - Started process (PID=194) to work on /opt/airflow/dags/demo_dag.py
[2023-09-13T20:51:47.700+0000] {processor.py:829} INFO - Processing file /opt/airflow/dags/demo_dag.py for tasks to queue
[2023-09-13T20:51:47.727+0000] {logging_mixin.py:151} INFO - [2023-09-13T20:51:47.725+0000] {dagbag.py:539} INFO - Filling up the DagBag from /opt/airflow/dags/demo_dag.py
[2023-09-13T20:51:47.785+0000] {processor.py:839} INFO - DAG(s) dict_keys(['demo']) retrieved from /opt/airflow/dags/demo_dag.py
[2023-09-13T20:51:47.858+0000] {logging_mixin.py:151} INFO - [2023-09-13T20:51:47.857+0000] {dag.py:2915} INFO - Sync 1 DAGs
[2023-09-13T20:51:47.912+0000] {logging_mixin.py:151} INFO - [2023-09-13T20:51:47.912+0000] {dag.py:3696} INFO - Setting next_dagrun for demo to 2023-09-13T00:00:00+00:00, run_after=2023-09-14T00:00:00+00:00
[2023-09-13T20:51:47.942+0000] {processor.py:179} INFO - Processing /opt/airflow/dags/demo_dag.py took 0.257 seconds
[2023-09-13T22:15:21.016+0000] {processor.py:157} INFO - Started process (PID=203) to work on /opt/airflow/dags/demo_dag.py
[2023-09-13T22:15:21.019+0000] {processor.py:829} INFO - Processing file /opt/airflow/dags/demo_dag.py for tasks to queue
[2023-09-13T22:15:21.022+0000] {logging_mixin.py:151} INFO - [2023-09-13T22:15:21.022+0000] {dagbag.py:539} INFO - Filling up the DagBag from /opt/airflow/dags/demo_dag.py
[2023-09-13T22:15:21.050+0000] {processor.py:839} INFO - DAG(s) dict_keys(['demo']) retrieved from /opt/airflow/dags/demo_dag.py
[2023-09-13T22:15:21.113+0000] {logging_mixin.py:151} INFO - [2023-09-13T22:15:21.113+0000] {dag.py:2915} INFO - Sync 1 DAGs
[2023-09-13T22:15:21.145+0000] {logging_mixin.py:151} INFO - [2023-09-13T22:15:21.145+0000] {dag.py:3696} INFO - Setting next_dagrun for demo to 2023-09-13T00:00:00+00:00, run_after=2023-09-14T00:00:00+00:00
[2023-09-13T22:15:21.172+0000] {processor.py:179} INFO - Processing /opt/airflow/dags/demo_dag.py took 0.165 seconds
[2023-09-13T23:21:26.634+0000] {processor.py:157} INFO - Started process (PID=212) to work on /opt/airflow/dags/demo_dag.py
[2023-09-13T23:21:26.635+0000] {processor.py:829} INFO - Processing file /opt/airflow/dags/demo_dag.py for tasks to queue
[2023-09-13T23:21:26.638+0000] {logging_mixin.py:151} INFO - [2023-09-13T23:21:26.637+0000] {dagbag.py:539} INFO - Filling up the DagBag from /opt/airflow/dags/demo_dag.py
[2023-09-13T23:21:26.649+0000] {processor.py:839} INFO - DAG(s) dict_keys(['demo']) retrieved from /opt/airflow/dags/demo_dag.py
[2023-09-13T23:21:26.674+0000] {logging_mixin.py:151} INFO - [2023-09-13T23:21:26.674+0000] {dag.py:2915} INFO - Sync 1 DAGs
[2023-09-13T23:21:26.692+0000] {logging_mixin.py:151} INFO - [2023-09-13T23:21:26.692+0000] {dag.py:3696} INFO - Setting next_dagrun for demo to 2023-09-13T00:00:00+00:00, run_after=2023-09-14T00:00:00+00:00
[2023-09-13T23:21:26.704+0000] {processor.py:179} INFO - Processing /opt/airflow/dags/demo_dag.py took 0.073 seconds
