[2023-09-14T00:44:53.699+0000] {processor.py:157} INFO - Started process (PID=221) to work on /opt/airflow/dags/demo_dag.py
[2023-09-14T00:44:53.700+0000] {processor.py:829} INFO - Processing file /opt/airflow/dags/demo_dag.py for tasks to queue
[2023-09-14T00:44:53.702+0000] {logging_mixin.py:151} INFO - [2023-09-14T00:44:53.702+0000] {dagbag.py:539} INFO - Filling up the DagBag from /opt/airflow/dags/demo_dag.py
[2023-09-14T00:44:53.717+0000] {processor.py:839} INFO - DAG(s) dict_keys(['demo']) retrieved from /opt/airflow/dags/demo_dag.py
[2023-09-14T00:44:53.746+0000] {logging_mixin.py:151} INFO - [2023-09-14T00:44:53.745+0000] {dag.py:2915} INFO - Sync 1 DAGs
[2023-09-14T00:44:53.764+0000] {logging_mixin.py:151} INFO - [2023-09-14T00:44:53.764+0000] {dag.py:3696} INFO - Setting next_dagrun for demo to 2023-09-14T00:00:00+00:00, run_after=2023-09-15T00:00:00+00:00
[2023-09-14T00:44:53.775+0000] {processor.py:179} INFO - Processing /opt/airflow/dags/demo_dag.py took 0.079 seconds
[2023-09-14T02:08:19.739+0000] {processor.py:157} INFO - Started process (PID=229) to work on /opt/airflow/dags/demo_dag.py
[2023-09-14T02:08:19.755+0000] {processor.py:829} INFO - Processing file /opt/airflow/dags/demo_dag.py for tasks to queue
[2023-09-14T02:08:19.794+0000] {logging_mixin.py:151} INFO - [2023-09-14T02:08:19.793+0000] {dagbag.py:539} INFO - Filling up the DagBag from /opt/airflow/dags/demo_dag.py
[2023-09-14T02:08:19.870+0000] {processor.py:839} INFO - DAG(s) dict_keys(['demo']) retrieved from /opt/airflow/dags/demo_dag.py
[2023-09-14T02:08:19.993+0000] {logging_mixin.py:151} INFO - [2023-09-14T02:08:19.993+0000] {dag.py:2915} INFO - Sync 1 DAGs
[2023-09-14T02:08:20.044+0000] {logging_mixin.py:151} INFO - [2023-09-14T02:08:20.044+0000] {dag.py:3696} INFO - Setting next_dagrun for demo to 2023-09-14T00:00:00+00:00, run_after=2023-09-15T00:00:00+00:00
[2023-09-14T02:08:20.100+0000] {processor.py:179} INFO - Processing /opt/airflow/dags/demo_dag.py took 0.375 seconds
[2023-09-14T03:09:50.085+0000] {processor.py:157} INFO - Started process (PID=238) to work on /opt/airflow/dags/demo_dag.py
[2023-09-14T03:09:50.087+0000] {processor.py:829} INFO - Processing file /opt/airflow/dags/demo_dag.py for tasks to queue
[2023-09-14T03:09:50.091+0000] {logging_mixin.py:151} INFO - [2023-09-14T03:09:50.090+0000] {dagbag.py:539} INFO - Filling up the DagBag from /opt/airflow/dags/demo_dag.py
[2023-09-14T03:09:50.113+0000] {processor.py:839} INFO - DAG(s) dict_keys(['demo']) retrieved from /opt/airflow/dags/demo_dag.py
[2023-09-14T03:09:50.156+0000] {logging_mixin.py:151} INFO - [2023-09-14T03:09:50.156+0000] {dag.py:2915} INFO - Sync 1 DAGs
[2023-09-14T03:09:50.178+0000] {logging_mixin.py:151} INFO - [2023-09-14T03:09:50.178+0000] {dag.py:3696} INFO - Setting next_dagrun for demo to 2023-09-14T00:00:00+00:00, run_after=2023-09-15T00:00:00+00:00
[2023-09-14T03:09:50.191+0000] {processor.py:179} INFO - Processing /opt/airflow/dags/demo_dag.py took 0.111 seconds
[2023-09-14T03:10:20.536+0000] {processor.py:157} INFO - Started process (PID=247) to work on /opt/airflow/dags/demo_dag.py
[2023-09-14T03:10:20.537+0000] {processor.py:829} INFO - Processing file /opt/airflow/dags/demo_dag.py for tasks to queue
[2023-09-14T03:10:20.540+0000] {logging_mixin.py:151} INFO - [2023-09-14T03:10:20.539+0000] {dagbag.py:539} INFO - Filling up the DagBag from /opt/airflow/dags/demo_dag.py
[2023-09-14T03:10:20.553+0000] {processor.py:839} INFO - DAG(s) dict_keys(['demo']) retrieved from /opt/airflow/dags/demo_dag.py
[2023-09-14T03:10:20.591+0000] {logging_mixin.py:151} INFO - [2023-09-14T03:10:20.591+0000] {dag.py:2915} INFO - Sync 1 DAGs
[2023-09-14T03:10:20.610+0000] {logging_mixin.py:151} INFO - [2023-09-14T03:10:20.610+0000] {dag.py:3696} INFO - Setting next_dagrun for demo to 2023-09-14T00:00:00+00:00, run_after=2023-09-15T00:00:00+00:00
[2023-09-14T03:10:20.622+0000] {processor.py:179} INFO - Processing /opt/airflow/dags/demo_dag.py took 0.090 seconds
[2023-09-14T03:10:51.073+0000] {processor.py:157} INFO - Started process (PID=257) to work on /opt/airflow/dags/demo_dag.py
[2023-09-14T03:10:51.076+0000] {processor.py:829} INFO - Processing file /opt/airflow/dags/demo_dag.py for tasks to queue
[2023-09-14T03:10:51.081+0000] {logging_mixin.py:151} INFO - [2023-09-14T03:10:51.081+0000] {dagbag.py:539} INFO - Filling up the DagBag from /opt/airflow/dags/demo_dag.py
[2023-09-14T03:10:51.096+0000] {processor.py:839} INFO - DAG(s) dict_keys(['demo']) retrieved from /opt/airflow/dags/demo_dag.py
[2023-09-14T03:10:51.133+0000] {logging_mixin.py:151} INFO - [2023-09-14T03:10:51.133+0000] {dag.py:2915} INFO - Sync 1 DAGs
[2023-09-14T03:10:51.156+0000] {logging_mixin.py:151} INFO - [2023-09-14T03:10:51.156+0000] {dag.py:3696} INFO - Setting next_dagrun for demo to 2023-09-14T00:00:00+00:00, run_after=2023-09-15T00:00:00+00:00
[2023-09-14T03:10:51.169+0000] {processor.py:179} INFO - Processing /opt/airflow/dags/demo_dag.py took 0.102 seconds
[2023-09-14T03:11:21.362+0000] {processor.py:157} INFO - Started process (PID=266) to work on /opt/airflow/dags/demo_dag.py
[2023-09-14T03:11:21.364+0000] {processor.py:829} INFO - Processing file /opt/airflow/dags/demo_dag.py for tasks to queue
[2023-09-14T03:11:21.369+0000] {logging_mixin.py:151} INFO - [2023-09-14T03:11:21.368+0000] {dagbag.py:539} INFO - Filling up the DagBag from /opt/airflow/dags/demo_dag.py
[2023-09-14T03:11:21.385+0000] {processor.py:839} INFO - DAG(s) dict_keys(['demo']) retrieved from /opt/airflow/dags/demo_dag.py
[2023-09-14T03:11:21.421+0000] {logging_mixin.py:151} INFO - [2023-09-14T03:11:21.420+0000] {dag.py:2915} INFO - Sync 1 DAGs
[2023-09-14T03:11:21.442+0000] {logging_mixin.py:151} INFO - [2023-09-14T03:11:21.442+0000] {dag.py:3696} INFO - Setting next_dagrun for demo to 2023-09-14T00:00:00+00:00, run_after=2023-09-15T00:00:00+00:00
[2023-09-14T03:11:21.455+0000] {processor.py:179} INFO - Processing /opt/airflow/dags/demo_dag.py took 0.098 seconds
[2023-09-14T03:11:51.739+0000] {processor.py:157} INFO - Started process (PID=275) to work on /opt/airflow/dags/demo_dag.py
[2023-09-14T03:11:51.742+0000] {processor.py:829} INFO - Processing file /opt/airflow/dags/demo_dag.py for tasks to queue
[2023-09-14T03:11:51.751+0000] {logging_mixin.py:151} INFO - [2023-09-14T03:11:51.751+0000] {dagbag.py:539} INFO - Filling up the DagBag from /opt/airflow/dags/demo_dag.py
[2023-09-14T03:11:51.766+0000] {processor.py:839} INFO - DAG(s) dict_keys(['demo']) retrieved from /opt/airflow/dags/demo_dag.py
[2023-09-14T03:11:51.800+0000] {logging_mixin.py:151} INFO - [2023-09-14T03:11:51.800+0000] {dag.py:2915} INFO - Sync 1 DAGs
[2023-09-14T03:11:51.819+0000] {logging_mixin.py:151} INFO - [2023-09-14T03:11:51.819+0000] {dag.py:3696} INFO - Setting next_dagrun for demo to 2023-09-14T00:00:00+00:00, run_after=2023-09-15T00:00:00+00:00
[2023-09-14T03:11:51.832+0000] {processor.py:179} INFO - Processing /opt/airflow/dags/demo_dag.py took 0.100 seconds
[2023-09-14T03:12:22.147+0000] {processor.py:157} INFO - Started process (PID=284) to work on /opt/airflow/dags/demo_dag.py
[2023-09-14T03:12:22.150+0000] {processor.py:829} INFO - Processing file /opt/airflow/dags/demo_dag.py for tasks to queue
[2023-09-14T03:12:22.153+0000] {logging_mixin.py:151} INFO - [2023-09-14T03:12:22.153+0000] {dagbag.py:539} INFO - Filling up the DagBag from /opt/airflow/dags/demo_dag.py
[2023-09-14T03:12:22.167+0000] {processor.py:839} INFO - DAG(s) dict_keys(['demo']) retrieved from /opt/airflow/dags/demo_dag.py
[2023-09-14T03:12:22.199+0000] {logging_mixin.py:151} INFO - [2023-09-14T03:12:22.199+0000] {dag.py:2915} INFO - Sync 1 DAGs
[2023-09-14T03:12:22.220+0000] {logging_mixin.py:151} INFO - [2023-09-14T03:12:22.219+0000] {dag.py:3696} INFO - Setting next_dagrun for demo to 2023-09-14T00:00:00+00:00, run_after=2023-09-15T00:00:00+00:00
[2023-09-14T03:12:22.232+0000] {processor.py:179} INFO - Processing /opt/airflow/dags/demo_dag.py took 0.091 seconds
[2023-09-14T03:12:52.576+0000] {processor.py:157} INFO - Started process (PID=293) to work on /opt/airflow/dags/demo_dag.py
[2023-09-14T03:12:52.578+0000] {processor.py:829} INFO - Processing file /opt/airflow/dags/demo_dag.py for tasks to queue
[2023-09-14T03:12:52.584+0000] {logging_mixin.py:151} INFO - [2023-09-14T03:12:52.583+0000] {dagbag.py:539} INFO - Filling up the DagBag from /opt/airflow/dags/demo_dag.py
[2023-09-14T03:12:52.603+0000] {processor.py:839} INFO - DAG(s) dict_keys(['demo']) retrieved from /opt/airflow/dags/demo_dag.py
[2023-09-14T03:12:52.636+0000] {logging_mixin.py:151} INFO - [2023-09-14T03:12:52.636+0000] {dag.py:2915} INFO - Sync 1 DAGs
[2023-09-14T03:12:52.655+0000] {logging_mixin.py:151} INFO - [2023-09-14T03:12:52.655+0000] {dag.py:3696} INFO - Setting next_dagrun for demo to 2023-09-14T00:00:00+00:00, run_after=2023-09-15T00:00:00+00:00
[2023-09-14T03:12:52.668+0000] {processor.py:179} INFO - Processing /opt/airflow/dags/demo_dag.py took 0.098 seconds
[2023-09-14T03:13:23.010+0000] {processor.py:157} INFO - Started process (PID=302) to work on /opt/airflow/dags/demo_dag.py
[2023-09-14T03:13:23.012+0000] {processor.py:829} INFO - Processing file /opt/airflow/dags/demo_dag.py for tasks to queue
[2023-09-14T03:13:23.016+0000] {logging_mixin.py:151} INFO - [2023-09-14T03:13:23.015+0000] {dagbag.py:539} INFO - Filling up the DagBag from /opt/airflow/dags/demo_dag.py
[2023-09-14T03:13:23.028+0000] {processor.py:839} INFO - DAG(s) dict_keys(['demo']) retrieved from /opt/airflow/dags/demo_dag.py
[2023-09-14T03:13:23.056+0000] {logging_mixin.py:151} INFO - [2023-09-14T03:13:23.056+0000] {dag.py:2915} INFO - Sync 1 DAGs
[2023-09-14T03:13:23.073+0000] {logging_mixin.py:151} INFO - [2023-09-14T03:13:23.073+0000] {dag.py:3696} INFO - Setting next_dagrun for demo to 2023-09-14T00:00:00+00:00, run_after=2023-09-15T00:00:00+00:00
[2023-09-14T03:13:23.085+0000] {processor.py:179} INFO - Processing /opt/airflow/dags/demo_dag.py took 0.081 seconds
[2023-09-14T03:13:53.354+0000] {processor.py:157} INFO - Started process (PID=310) to work on /opt/airflow/dags/demo_dag.py
[2023-09-14T03:13:53.357+0000] {processor.py:829} INFO - Processing file /opt/airflow/dags/demo_dag.py for tasks to queue
[2023-09-14T03:13:53.359+0000] {logging_mixin.py:151} INFO - [2023-09-14T03:13:53.359+0000] {dagbag.py:539} INFO - Filling up the DagBag from /opt/airflow/dags/demo_dag.py
[2023-09-14T03:13:53.370+0000] {processor.py:839} INFO - DAG(s) dict_keys(['demo']) retrieved from /opt/airflow/dags/demo_dag.py
[2023-09-14T03:13:53.397+0000] {logging_mixin.py:151} INFO - [2023-09-14T03:13:53.397+0000] {dag.py:2915} INFO - Sync 1 DAGs
[2023-09-14T03:13:53.414+0000] {logging_mixin.py:151} INFO - [2023-09-14T03:13:53.414+0000] {dag.py:3696} INFO - Setting next_dagrun for demo to 2023-09-14T00:00:00+00:00, run_after=2023-09-15T00:00:00+00:00
[2023-09-14T03:13:53.426+0000] {processor.py:179} INFO - Processing /opt/airflow/dags/demo_dag.py took 0.076 seconds
[2023-09-14T03:14:23.750+0000] {processor.py:157} INFO - Started process (PID=320) to work on /opt/airflow/dags/demo_dag.py
[2023-09-14T03:14:23.753+0000] {processor.py:829} INFO - Processing file /opt/airflow/dags/demo_dag.py for tasks to queue
[2023-09-14T03:14:23.759+0000] {logging_mixin.py:151} INFO - [2023-09-14T03:14:23.759+0000] {dagbag.py:539} INFO - Filling up the DagBag from /opt/airflow/dags/demo_dag.py
[2023-09-14T03:14:23.776+0000] {processor.py:839} INFO - DAG(s) dict_keys(['demo']) retrieved from /opt/airflow/dags/demo_dag.py
[2023-09-14T03:14:23.818+0000] {logging_mixin.py:151} INFO - [2023-09-14T03:14:23.818+0000] {dag.py:2915} INFO - Sync 1 DAGs
[2023-09-14T03:14:23.840+0000] {logging_mixin.py:151} INFO - [2023-09-14T03:14:23.840+0000] {dag.py:3696} INFO - Setting next_dagrun for demo to 2023-09-14T00:00:00+00:00, run_after=2023-09-15T00:00:00+00:00
[2023-09-14T03:14:23.855+0000] {processor.py:179} INFO - Processing /opt/airflow/dags/demo_dag.py took 0.111 seconds
[2023-09-14T03:14:54.086+0000] {processor.py:157} INFO - Started process (PID=329) to work on /opt/airflow/dags/demo_dag.py
[2023-09-14T03:14:54.088+0000] {processor.py:829} INFO - Processing file /opt/airflow/dags/demo_dag.py for tasks to queue
[2023-09-14T03:14:54.091+0000] {logging_mixin.py:151} INFO - [2023-09-14T03:14:54.091+0000] {dagbag.py:539} INFO - Filling up the DagBag from /opt/airflow/dags/demo_dag.py
[2023-09-14T03:14:54.104+0000] {processor.py:839} INFO - DAG(s) dict_keys(['demo']) retrieved from /opt/airflow/dags/demo_dag.py
[2023-09-14T03:14:54.132+0000] {logging_mixin.py:151} INFO - [2023-09-14T03:14:54.131+0000] {dag.py:2915} INFO - Sync 1 DAGs
[2023-09-14T03:14:54.151+0000] {logging_mixin.py:151} INFO - [2023-09-14T03:14:54.151+0000] {dag.py:3696} INFO - Setting next_dagrun for demo to 2023-09-14T00:00:00+00:00, run_after=2023-09-15T00:00:00+00:00
[2023-09-14T03:14:54.163+0000] {processor.py:179} INFO - Processing /opt/airflow/dags/demo_dag.py took 0.082 seconds
[2023-09-14T03:15:24.677+0000] {processor.py:157} INFO - Started process (PID=341) to work on /opt/airflow/dags/demo_dag.py
[2023-09-14T03:15:24.678+0000] {processor.py:829} INFO - Processing file /opt/airflow/dags/demo_dag.py for tasks to queue
[2023-09-14T03:15:24.682+0000] {logging_mixin.py:151} INFO - [2023-09-14T03:15:24.681+0000] {dagbag.py:539} INFO - Filling up the DagBag from /opt/airflow/dags/demo_dag.py
[2023-09-14T03:15:24.692+0000] {processor.py:839} INFO - DAG(s) dict_keys(['demo']) retrieved from /opt/airflow/dags/demo_dag.py
[2023-09-14T03:15:24.718+0000] {logging_mixin.py:151} INFO - [2023-09-14T03:15:24.718+0000] {dag.py:2915} INFO - Sync 1 DAGs
[2023-09-14T03:15:24.735+0000] {logging_mixin.py:151} INFO - [2023-09-14T03:15:24.734+0000] {dag.py:3696} INFO - Setting next_dagrun for demo to 2023-09-14T00:00:00+00:00, run_after=2023-09-15T00:00:00+00:00
[2023-09-14T03:15:24.746+0000] {processor.py:179} INFO - Processing /opt/airflow/dags/demo_dag.py took 0.073 seconds
[2023-09-14T03:15:55.230+0000] {processor.py:157} INFO - Started process (PID=353) to work on /opt/airflow/dags/demo_dag.py
[2023-09-14T03:15:55.232+0000] {processor.py:829} INFO - Processing file /opt/airflow/dags/demo_dag.py for tasks to queue
[2023-09-14T03:15:55.236+0000] {logging_mixin.py:151} INFO - [2023-09-14T03:15:55.235+0000] {dagbag.py:539} INFO - Filling up the DagBag from /opt/airflow/dags/demo_dag.py
[2023-09-14T03:15:55.254+0000] {processor.py:839} INFO - DAG(s) dict_keys(['demo']) retrieved from /opt/airflow/dags/demo_dag.py
[2023-09-14T03:15:55.285+0000] {logging_mixin.py:151} INFO - [2023-09-14T03:15:55.285+0000] {dag.py:2915} INFO - Sync 1 DAGs
[2023-09-14T03:15:55.306+0000] {logging_mixin.py:151} INFO - [2023-09-14T03:15:55.306+0000] {dag.py:3696} INFO - Setting next_dagrun for demo to 2023-09-14T00:00:00+00:00, run_after=2023-09-15T00:00:00+00:00
[2023-09-14T03:15:55.319+0000] {processor.py:179} INFO - Processing /opt/airflow/dags/demo_dag.py took 0.094 seconds
[2023-09-14T03:16:25.597+0000] {processor.py:157} INFO - Started process (PID=362) to work on /opt/airflow/dags/demo_dag.py
[2023-09-14T03:16:25.600+0000] {processor.py:829} INFO - Processing file /opt/airflow/dags/demo_dag.py for tasks to queue
[2023-09-14T03:16:25.603+0000] {logging_mixin.py:151} INFO - [2023-09-14T03:16:25.602+0000] {dagbag.py:539} INFO - Filling up the DagBag from /opt/airflow/dags/demo_dag.py
[2023-09-14T03:16:25.614+0000] {processor.py:839} INFO - DAG(s) dict_keys(['demo']) retrieved from /opt/airflow/dags/demo_dag.py
[2023-09-14T03:16:25.641+0000] {logging_mixin.py:151} INFO - [2023-09-14T03:16:25.641+0000] {dag.py:2915} INFO - Sync 1 DAGs
[2023-09-14T03:16:25.658+0000] {logging_mixin.py:151} INFO - [2023-09-14T03:16:25.658+0000] {dag.py:3696} INFO - Setting next_dagrun for demo to 2023-09-14T00:00:00+00:00, run_after=2023-09-15T00:00:00+00:00
[2023-09-14T03:16:25.670+0000] {processor.py:179} INFO - Processing /opt/airflow/dags/demo_dag.py took 0.077 seconds
[2023-09-14T03:16:55.982+0000] {processor.py:157} INFO - Started process (PID=371) to work on /opt/airflow/dags/demo_dag.py
[2023-09-14T03:16:55.986+0000] {processor.py:829} INFO - Processing file /opt/airflow/dags/demo_dag.py for tasks to queue
[2023-09-14T03:16:55.989+0000] {logging_mixin.py:151} INFO - [2023-09-14T03:16:55.989+0000] {dagbag.py:539} INFO - Filling up the DagBag from /opt/airflow/dags/demo_dag.py
[2023-09-14T03:16:56.003+0000] {processor.py:839} INFO - DAG(s) dict_keys(['demo']) retrieved from /opt/airflow/dags/demo_dag.py
[2023-09-14T03:16:56.032+0000] {logging_mixin.py:151} INFO - [2023-09-14T03:16:56.032+0000] {dag.py:2915} INFO - Sync 1 DAGs
[2023-09-14T03:16:56.051+0000] {logging_mixin.py:151} INFO - [2023-09-14T03:16:56.051+0000] {dag.py:3696} INFO - Setting next_dagrun for demo to 2023-09-14T00:00:00+00:00, run_after=2023-09-15T00:00:00+00:00
[2023-09-14T03:16:56.066+0000] {processor.py:179} INFO - Processing /opt/airflow/dags/demo_dag.py took 0.089 seconds
[2023-09-14T03:17:26.372+0000] {processor.py:157} INFO - Started process (PID=380) to work on /opt/airflow/dags/demo_dag.py
[2023-09-14T03:17:26.375+0000] {processor.py:829} INFO - Processing file /opt/airflow/dags/demo_dag.py for tasks to queue
[2023-09-14T03:17:26.378+0000] {logging_mixin.py:151} INFO - [2023-09-14T03:17:26.378+0000] {dagbag.py:539} INFO - Filling up the DagBag from /opt/airflow/dags/demo_dag.py
[2023-09-14T03:17:26.392+0000] {processor.py:839} INFO - DAG(s) dict_keys(['demo']) retrieved from /opt/airflow/dags/demo_dag.py
[2023-09-14T03:17:26.421+0000] {logging_mixin.py:151} INFO - [2023-09-14T03:17:26.421+0000] {dag.py:2915} INFO - Sync 1 DAGs
[2023-09-14T03:17:26.442+0000] {logging_mixin.py:151} INFO - [2023-09-14T03:17:26.442+0000] {dag.py:3696} INFO - Setting next_dagrun for demo to 2023-09-14T00:00:00+00:00, run_after=2023-09-15T00:00:00+00:00
[2023-09-14T03:17:26.455+0000] {processor.py:179} INFO - Processing /opt/airflow/dags/demo_dag.py took 0.087 seconds
[2023-09-14T03:17:56.767+0000] {processor.py:157} INFO - Started process (PID=389) to work on /opt/airflow/dags/demo_dag.py
[2023-09-14T03:17:56.770+0000] {processor.py:829} INFO - Processing file /opt/airflow/dags/demo_dag.py for tasks to queue
[2023-09-14T03:17:56.774+0000] {logging_mixin.py:151} INFO - [2023-09-14T03:17:56.773+0000] {dagbag.py:539} INFO - Filling up the DagBag from /opt/airflow/dags/demo_dag.py
[2023-09-14T03:17:56.786+0000] {processor.py:839} INFO - DAG(s) dict_keys(['demo']) retrieved from /opt/airflow/dags/demo_dag.py
[2023-09-14T03:17:56.814+0000] {logging_mixin.py:151} INFO - [2023-09-14T03:17:56.814+0000] {dag.py:2915} INFO - Sync 1 DAGs
[2023-09-14T03:17:56.832+0000] {logging_mixin.py:151} INFO - [2023-09-14T03:17:56.832+0000] {dag.py:3696} INFO - Setting next_dagrun for demo to 2023-09-14T00:00:00+00:00, run_after=2023-09-15T00:00:00+00:00
[2023-09-14T03:17:56.845+0000] {processor.py:179} INFO - Processing /opt/airflow/dags/demo_dag.py took 0.083 seconds
[2023-09-14T03:18:27.043+0000] {processor.py:157} INFO - Started process (PID=398) to work on /opt/airflow/dags/demo_dag.py
[2023-09-14T03:18:27.045+0000] {processor.py:829} INFO - Processing file /opt/airflow/dags/demo_dag.py for tasks to queue
[2023-09-14T03:18:27.048+0000] {logging_mixin.py:151} INFO - [2023-09-14T03:18:27.048+0000] {dagbag.py:539} INFO - Filling up the DagBag from /opt/airflow/dags/demo_dag.py
[2023-09-14T03:18:27.062+0000] {processor.py:839} INFO - DAG(s) dict_keys(['demo']) retrieved from /opt/airflow/dags/demo_dag.py
[2023-09-14T03:18:27.099+0000] {logging_mixin.py:151} INFO - [2023-09-14T03:18:27.099+0000] {dag.py:2915} INFO - Sync 1 DAGs
[2023-09-14T03:18:27.123+0000] {logging_mixin.py:151} INFO - [2023-09-14T03:18:27.123+0000] {dag.py:3696} INFO - Setting next_dagrun for demo to 2023-09-14T00:00:00+00:00, run_after=2023-09-15T00:00:00+00:00
[2023-09-14T03:18:27.140+0000] {processor.py:179} INFO - Processing /opt/airflow/dags/demo_dag.py took 0.102 seconds
[2023-09-14T03:18:57.295+0000] {processor.py:157} INFO - Started process (PID=411) to work on /opt/airflow/dags/demo_dag.py
[2023-09-14T03:18:57.297+0000] {processor.py:829} INFO - Processing file /opt/airflow/dags/demo_dag.py for tasks to queue
[2023-09-14T03:18:57.300+0000] {logging_mixin.py:151} INFO - [2023-09-14T03:18:57.300+0000] {dagbag.py:539} INFO - Filling up the DagBag from /opt/airflow/dags/demo_dag.py
[2023-09-14T03:18:57.313+0000] {processor.py:839} INFO - DAG(s) dict_keys(['demo']) retrieved from /opt/airflow/dags/demo_dag.py
[2023-09-14T03:18:57.343+0000] {logging_mixin.py:151} INFO - [2023-09-14T03:18:57.343+0000] {dag.py:2915} INFO - Sync 1 DAGs
[2023-09-14T03:18:57.362+0000] {logging_mixin.py:151} INFO - [2023-09-14T03:18:57.362+0000] {dag.py:3696} INFO - Setting next_dagrun for demo to 2023-09-14T00:00:00+00:00, run_after=2023-09-15T00:00:00+00:00
[2023-09-14T03:18:57.375+0000] {processor.py:179} INFO - Processing /opt/airflow/dags/demo_dag.py took 0.085 seconds
[2023-09-14T03:19:27.570+0000] {processor.py:157} INFO - Started process (PID=420) to work on /opt/airflow/dags/demo_dag.py
[2023-09-14T03:19:27.572+0000] {processor.py:829} INFO - Processing file /opt/airflow/dags/demo_dag.py for tasks to queue
[2023-09-14T03:19:27.577+0000] {logging_mixin.py:151} INFO - [2023-09-14T03:19:27.576+0000] {dagbag.py:539} INFO - Filling up the DagBag from /opt/airflow/dags/demo_dag.py
[2023-09-14T03:19:27.595+0000] {processor.py:839} INFO - DAG(s) dict_keys(['demo']) retrieved from /opt/airflow/dags/demo_dag.py
[2023-09-14T03:19:27.631+0000] {logging_mixin.py:151} INFO - [2023-09-14T03:19:27.631+0000] {dag.py:2915} INFO - Sync 1 DAGs
[2023-09-14T03:19:27.652+0000] {logging_mixin.py:151} INFO - [2023-09-14T03:19:27.652+0000] {dag.py:3696} INFO - Setting next_dagrun for demo to 2023-09-14T00:00:00+00:00, run_after=2023-09-15T00:00:00+00:00
[2023-09-14T03:19:27.665+0000] {processor.py:179} INFO - Processing /opt/airflow/dags/demo_dag.py took 0.102 seconds
[2023-09-14T03:19:58.002+0000] {processor.py:157} INFO - Started process (PID=430) to work on /opt/airflow/dags/demo_dag.py
[2023-09-14T03:19:58.004+0000] {processor.py:829} INFO - Processing file /opt/airflow/dags/demo_dag.py for tasks to queue
[2023-09-14T03:19:58.007+0000] {logging_mixin.py:151} INFO - [2023-09-14T03:19:58.007+0000] {dagbag.py:539} INFO - Filling up the DagBag from /opt/airflow/dags/demo_dag.py
[2023-09-14T03:19:58.018+0000] {processor.py:839} INFO - DAG(s) dict_keys(['demo']) retrieved from /opt/airflow/dags/demo_dag.py
[2023-09-14T03:19:58.047+0000] {logging_mixin.py:151} INFO - [2023-09-14T03:19:58.047+0000] {dag.py:2915} INFO - Sync 1 DAGs
[2023-09-14T03:19:58.066+0000] {logging_mixin.py:151} INFO - [2023-09-14T03:19:58.066+0000] {dag.py:3696} INFO - Setting next_dagrun for demo to 2023-09-14T00:00:00+00:00, run_after=2023-09-15T00:00:00+00:00
[2023-09-14T03:19:58.079+0000] {processor.py:179} INFO - Processing /opt/airflow/dags/demo_dag.py took 0.080 seconds
[2023-09-14T03:20:28.279+0000] {processor.py:157} INFO - Started process (PID=439) to work on /opt/airflow/dags/demo_dag.py
[2023-09-14T03:20:28.281+0000] {processor.py:829} INFO - Processing file /opt/airflow/dags/demo_dag.py for tasks to queue
[2023-09-14T03:20:28.285+0000] {logging_mixin.py:151} INFO - [2023-09-14T03:20:28.285+0000] {dagbag.py:539} INFO - Filling up the DagBag from /opt/airflow/dags/demo_dag.py
[2023-09-14T03:20:28.303+0000] {processor.py:839} INFO - DAG(s) dict_keys(['demo']) retrieved from /opt/airflow/dags/demo_dag.py
[2023-09-14T03:20:28.345+0000] {logging_mixin.py:151} INFO - [2023-09-14T03:20:28.345+0000] {dag.py:2915} INFO - Sync 1 DAGs
[2023-09-14T03:20:28.374+0000] {logging_mixin.py:151} INFO - [2023-09-14T03:20:28.374+0000] {dag.py:3696} INFO - Setting next_dagrun for demo to 2023-09-14T00:00:00+00:00, run_after=2023-09-15T00:00:00+00:00
[2023-09-14T03:20:28.400+0000] {processor.py:179} INFO - Processing /opt/airflow/dags/demo_dag.py took 0.125 seconds
[2023-09-14T03:20:58.617+0000] {processor.py:157} INFO - Started process (PID=448) to work on /opt/airflow/dags/demo_dag.py
[2023-09-14T03:20:58.619+0000] {processor.py:829} INFO - Processing file /opt/airflow/dags/demo_dag.py for tasks to queue
[2023-09-14T03:20:58.622+0000] {logging_mixin.py:151} INFO - [2023-09-14T03:20:58.621+0000] {dagbag.py:539} INFO - Filling up the DagBag from /opt/airflow/dags/demo_dag.py
[2023-09-14T03:20:58.635+0000] {processor.py:839} INFO - DAG(s) dict_keys(['demo']) retrieved from /opt/airflow/dags/demo_dag.py
[2023-09-14T03:20:58.666+0000] {logging_mixin.py:151} INFO - [2023-09-14T03:20:58.666+0000] {dag.py:2915} INFO - Sync 1 DAGs
[2023-09-14T03:20:58.686+0000] {logging_mixin.py:151} INFO - [2023-09-14T03:20:58.686+0000] {dag.py:3696} INFO - Setting next_dagrun for demo to 2023-09-14T00:00:00+00:00, run_after=2023-09-15T00:00:00+00:00
[2023-09-14T03:20:58.699+0000] {processor.py:179} INFO - Processing /opt/airflow/dags/demo_dag.py took 0.087 seconds
[2023-09-14T03:21:28.991+0000] {processor.py:157} INFO - Started process (PID=457) to work on /opt/airflow/dags/demo_dag.py
[2023-09-14T03:21:28.998+0000] {processor.py:829} INFO - Processing file /opt/airflow/dags/demo_dag.py for tasks to queue
[2023-09-14T03:21:29.005+0000] {logging_mixin.py:151} INFO - [2023-09-14T03:21:29.004+0000] {dagbag.py:539} INFO - Filling up the DagBag from /opt/airflow/dags/demo_dag.py
[2023-09-14T03:21:29.057+0000] {processor.py:839} INFO - DAG(s) dict_keys(['demo']) retrieved from /opt/airflow/dags/demo_dag.py
[2023-09-14T03:21:29.111+0000] {logging_mixin.py:151} INFO - [2023-09-14T03:21:29.110+0000] {dag.py:2915} INFO - Sync 1 DAGs
[2023-09-14T03:21:29.159+0000] {logging_mixin.py:151} INFO - [2023-09-14T03:21:29.158+0000] {dag.py:3696} INFO - Setting next_dagrun for demo to 2023-09-14T00:00:00+00:00, run_after=2023-09-15T00:00:00+00:00
[2023-09-14T03:21:29.192+0000] {processor.py:179} INFO - Processing /opt/airflow/dags/demo_dag.py took 0.210 seconds
[2023-09-14T03:21:59.499+0000] {processor.py:157} INFO - Started process (PID=466) to work on /opt/airflow/dags/demo_dag.py
[2023-09-14T03:21:59.502+0000] {processor.py:829} INFO - Processing file /opt/airflow/dags/demo_dag.py for tasks to queue
[2023-09-14T03:21:59.508+0000] {logging_mixin.py:151} INFO - [2023-09-14T03:21:59.507+0000] {dagbag.py:539} INFO - Filling up the DagBag from /opt/airflow/dags/demo_dag.py
[2023-09-14T03:21:59.543+0000] {processor.py:839} INFO - DAG(s) dict_keys(['demo']) retrieved from /opt/airflow/dags/demo_dag.py
[2023-09-14T03:21:59.581+0000] {logging_mixin.py:151} INFO - [2023-09-14T03:21:59.581+0000] {dag.py:2915} INFO - Sync 1 DAGs
[2023-09-14T03:21:59.602+0000] {logging_mixin.py:151} INFO - [2023-09-14T03:21:59.602+0000] {dag.py:3696} INFO - Setting next_dagrun for demo to 2023-09-14T00:00:00+00:00, run_after=2023-09-15T00:00:00+00:00
[2023-09-14T03:21:59.621+0000] {processor.py:179} INFO - Processing /opt/airflow/dags/demo_dag.py took 0.128 seconds
[2023-09-14T03:23:21.230+0000] {processor.py:157} INFO - Started process (PID=28) to work on /opt/airflow/dags/demo_dag.py
[2023-09-14T03:23:21.234+0000] {processor.py:829} INFO - Processing file /opt/airflow/dags/demo_dag.py for tasks to queue
[2023-09-14T03:23:21.244+0000] {logging_mixin.py:151} INFO - [2023-09-14T03:23:21.243+0000] {dagbag.py:539} INFO - Filling up the DagBag from /opt/airflow/dags/demo_dag.py
[2023-09-14T03:23:21.286+0000] {processor.py:839} INFO - DAG(s) dict_keys(['demo']) retrieved from /opt/airflow/dags/demo_dag.py
[2023-09-14T03:23:21.698+0000] {logging_mixin.py:151} INFO - [2023-09-14T03:23:21.697+0000] {security.py:708} INFO - Not syncing DAG-level permissions for DAG 'DAG:demo' as access control is unset.
[2023-09-14T03:23:21.700+0000] {logging_mixin.py:151} INFO - [2023-09-14T03:23:21.700+0000] {dag.py:2915} INFO - Sync 1 DAGs
[2023-09-14T03:23:21.745+0000] {logging_mixin.py:151} INFO - [2023-09-14T03:23:21.745+0000] {dag.py:3696} INFO - Setting next_dagrun for demo to 2023-09-14T00:00:00+00:00, run_after=2023-09-15T00:00:00+00:00
[2023-09-14T03:23:21.777+0000] {processor.py:179} INFO - Processing /opt/airflow/dags/demo_dag.py took 0.556 seconds
[2023-09-14T03:23:52.105+0000] {processor.py:157} INFO - Started process (PID=37) to work on /opt/airflow/dags/demo_dag.py
[2023-09-14T03:23:52.108+0000] {processor.py:829} INFO - Processing file /opt/airflow/dags/demo_dag.py for tasks to queue
[2023-09-14T03:23:52.114+0000] {logging_mixin.py:151} INFO - [2023-09-14T03:23:52.114+0000] {dagbag.py:539} INFO - Filling up the DagBag from /opt/airflow/dags/demo_dag.py
[2023-09-14T03:23:52.143+0000] {processor.py:839} INFO - DAG(s) dict_keys(['demo']) retrieved from /opt/airflow/dags/demo_dag.py
[2023-09-14T03:23:52.202+0000] {logging_mixin.py:151} INFO - [2023-09-14T03:23:52.201+0000] {dag.py:2915} INFO - Sync 1 DAGs
[2023-09-14T03:23:52.238+0000] {logging_mixin.py:151} INFO - [2023-09-14T03:23:52.237+0000] {dag.py:3696} INFO - Setting next_dagrun for demo to 2023-09-14T00:00:00+00:00, run_after=2023-09-15T00:00:00+00:00
[2023-09-14T03:23:52.262+0000] {processor.py:179} INFO - Processing /opt/airflow/dags/demo_dag.py took 0.164 seconds
[2023-09-14T03:24:22.614+0000] {processor.py:157} INFO - Started process (PID=46) to work on /opt/airflow/dags/demo_dag.py
[2023-09-14T03:24:22.615+0000] {processor.py:829} INFO - Processing file /opt/airflow/dags/demo_dag.py for tasks to queue
[2023-09-14T03:24:22.618+0000] {logging_mixin.py:151} INFO - [2023-09-14T03:24:22.617+0000] {dagbag.py:539} INFO - Filling up the DagBag from /opt/airflow/dags/demo_dag.py
[2023-09-14T03:24:22.632+0000] {processor.py:839} INFO - DAG(s) dict_keys(['demo']) retrieved from /opt/airflow/dags/demo_dag.py
[2023-09-14T03:24:22.662+0000] {logging_mixin.py:151} INFO - [2023-09-14T03:24:22.661+0000] {dag.py:2915} INFO - Sync 1 DAGs
[2023-09-14T03:24:22.686+0000] {logging_mixin.py:151} INFO - [2023-09-14T03:24:22.685+0000] {dag.py:3696} INFO - Setting next_dagrun for demo to 2023-09-14T00:00:00+00:00, run_after=2023-09-15T00:00:00+00:00
[2023-09-14T03:24:22.699+0000] {processor.py:179} INFO - Processing /opt/airflow/dags/demo_dag.py took 0.089 seconds
[2023-09-14T03:24:52.930+0000] {processor.py:157} INFO - Started process (PID=55) to work on /opt/airflow/dags/demo_dag.py
[2023-09-14T03:24:52.932+0000] {processor.py:829} INFO - Processing file /opt/airflow/dags/demo_dag.py for tasks to queue
[2023-09-14T03:24:52.935+0000] {logging_mixin.py:151} INFO - [2023-09-14T03:24:52.934+0000] {dagbag.py:539} INFO - Filling up the DagBag from /opt/airflow/dags/demo_dag.py
[2023-09-14T03:24:52.947+0000] {processor.py:839} INFO - DAG(s) dict_keys(['demo']) retrieved from /opt/airflow/dags/demo_dag.py
[2023-09-14T03:24:52.973+0000] {logging_mixin.py:151} INFO - [2023-09-14T03:24:52.973+0000] {dag.py:2915} INFO - Sync 1 DAGs
[2023-09-14T03:24:52.990+0000] {logging_mixin.py:151} INFO - [2023-09-14T03:24:52.990+0000] {dag.py:3696} INFO - Setting next_dagrun for demo to 2023-09-14T00:00:00+00:00, run_after=2023-09-15T00:00:00+00:00
[2023-09-14T03:24:53.003+0000] {processor.py:179} INFO - Processing /opt/airflow/dags/demo_dag.py took 0.076 seconds
[2023-09-14T03:25:23.339+0000] {processor.py:157} INFO - Started process (PID=64) to work on /opt/airflow/dags/demo_dag.py
[2023-09-14T03:25:23.340+0000] {processor.py:829} INFO - Processing file /opt/airflow/dags/demo_dag.py for tasks to queue
[2023-09-14T03:25:23.343+0000] {logging_mixin.py:151} INFO - [2023-09-14T03:25:23.342+0000] {dagbag.py:539} INFO - Filling up the DagBag from /opt/airflow/dags/demo_dag.py
[2023-09-14T03:25:23.354+0000] {processor.py:839} INFO - DAG(s) dict_keys(['demo']) retrieved from /opt/airflow/dags/demo_dag.py
[2023-09-14T03:25:23.384+0000] {logging_mixin.py:151} INFO - [2023-09-14T03:25:23.384+0000] {dag.py:2915} INFO - Sync 1 DAGs
[2023-09-14T03:25:23.402+0000] {logging_mixin.py:151} INFO - [2023-09-14T03:25:23.402+0000] {dag.py:3696} INFO - Setting next_dagrun for demo to 2023-09-14T00:00:00+00:00, run_after=2023-09-15T00:00:00+00:00
[2023-09-14T03:25:23.414+0000] {processor.py:179} INFO - Processing /opt/airflow/dags/demo_dag.py took 0.079 seconds
[2023-09-14T03:25:53.734+0000] {processor.py:157} INFO - Started process (PID=74) to work on /opt/airflow/dags/demo_dag.py
[2023-09-14T03:25:53.735+0000] {processor.py:829} INFO - Processing file /opt/airflow/dags/demo_dag.py for tasks to queue
[2023-09-14T03:25:53.739+0000] {logging_mixin.py:151} INFO - [2023-09-14T03:25:53.739+0000] {dagbag.py:539} INFO - Filling up the DagBag from /opt/airflow/dags/demo_dag.py
[2023-09-14T03:25:53.753+0000] {processor.py:839} INFO - DAG(s) dict_keys(['demo']) retrieved from /opt/airflow/dags/demo_dag.py
[2023-09-14T03:25:53.781+0000] {logging_mixin.py:151} INFO - [2023-09-14T03:25:53.781+0000] {dag.py:2915} INFO - Sync 1 DAGs
[2023-09-14T03:25:53.800+0000] {logging_mixin.py:151} INFO - [2023-09-14T03:25:53.800+0000] {dag.py:3696} INFO - Setting next_dagrun for demo to 2023-09-14T00:00:00+00:00, run_after=2023-09-15T00:00:00+00:00
[2023-09-14T03:25:53.812+0000] {processor.py:179} INFO - Processing /opt/airflow/dags/demo_dag.py took 0.083 seconds
[2023-09-14T03:26:24.104+0000] {processor.py:157} INFO - Started process (PID=83) to work on /opt/airflow/dags/demo_dag.py
[2023-09-14T03:26:24.106+0000] {processor.py:829} INFO - Processing file /opt/airflow/dags/demo_dag.py for tasks to queue
[2023-09-14T03:26:24.110+0000] {logging_mixin.py:151} INFO - [2023-09-14T03:26:24.109+0000] {dagbag.py:539} INFO - Filling up the DagBag from /opt/airflow/dags/demo_dag.py
[2023-09-14T03:26:24.123+0000] {processor.py:839} INFO - DAG(s) dict_keys(['demo']) retrieved from /opt/airflow/dags/demo_dag.py
[2023-09-14T03:26:24.152+0000] {logging_mixin.py:151} INFO - [2023-09-14T03:26:24.152+0000] {dag.py:2915} INFO - Sync 1 DAGs
[2023-09-14T03:26:24.170+0000] {logging_mixin.py:151} INFO - [2023-09-14T03:26:24.170+0000] {dag.py:3696} INFO - Setting next_dagrun for demo to 2023-09-14T00:00:00+00:00, run_after=2023-09-15T00:00:00+00:00
[2023-09-14T03:26:24.182+0000] {processor.py:179} INFO - Processing /opt/airflow/dags/demo_dag.py took 0.083 seconds
[2023-09-14T03:26:54.515+0000] {processor.py:157} INFO - Started process (PID=92) to work on /opt/airflow/dags/demo_dag.py
[2023-09-14T03:26:54.516+0000] {processor.py:829} INFO - Processing file /opt/airflow/dags/demo_dag.py for tasks to queue
[2023-09-14T03:26:54.519+0000] {logging_mixin.py:151} INFO - [2023-09-14T03:26:54.519+0000] {dagbag.py:539} INFO - Filling up the DagBag from /opt/airflow/dags/demo_dag.py
[2023-09-14T03:26:54.531+0000] {processor.py:839} INFO - DAG(s) dict_keys(['demo']) retrieved from /opt/airflow/dags/demo_dag.py
[2023-09-14T03:26:54.559+0000] {logging_mixin.py:151} INFO - [2023-09-14T03:26:54.559+0000] {dag.py:2915} INFO - Sync 1 DAGs
[2023-09-14T03:26:54.579+0000] {logging_mixin.py:151} INFO - [2023-09-14T03:26:54.578+0000] {dag.py:3696} INFO - Setting next_dagrun for demo to 2023-09-14T00:00:00+00:00, run_after=2023-09-15T00:00:00+00:00
[2023-09-14T03:26:54.591+0000] {processor.py:179} INFO - Processing /opt/airflow/dags/demo_dag.py took 0.080 seconds
[2023-09-14T03:27:24.848+0000] {processor.py:157} INFO - Started process (PID=101) to work on /opt/airflow/dags/demo_dag.py
[2023-09-14T03:27:24.850+0000] {processor.py:829} INFO - Processing file /opt/airflow/dags/demo_dag.py for tasks to queue
[2023-09-14T03:27:24.853+0000] {logging_mixin.py:151} INFO - [2023-09-14T03:27:24.853+0000] {dagbag.py:539} INFO - Filling up the DagBag from /opt/airflow/dags/demo_dag.py
[2023-09-14T03:27:24.871+0000] {processor.py:839} INFO - DAG(s) dict_keys(['demo']) retrieved from /opt/airflow/dags/demo_dag.py
[2023-09-14T03:27:24.901+0000] {logging_mixin.py:151} INFO - [2023-09-14T03:27:24.901+0000] {dag.py:2915} INFO - Sync 1 DAGs
[2023-09-14T03:27:24.924+0000] {logging_mixin.py:151} INFO - [2023-09-14T03:27:24.924+0000] {dag.py:3696} INFO - Setting next_dagrun for demo to 2023-09-14T00:00:00+00:00, run_after=2023-09-15T00:00:00+00:00
[2023-09-14T03:27:24.941+0000] {processor.py:179} INFO - Processing /opt/airflow/dags/demo_dag.py took 0.097 seconds
[2023-09-14T03:27:55.227+0000] {processor.py:157} INFO - Started process (PID=110) to work on /opt/airflow/dags/demo_dag.py
[2023-09-14T03:27:55.229+0000] {processor.py:829} INFO - Processing file /opt/airflow/dags/demo_dag.py for tasks to queue
[2023-09-14T03:27:55.232+0000] {logging_mixin.py:151} INFO - [2023-09-14T03:27:55.231+0000] {dagbag.py:539} INFO - Filling up the DagBag from /opt/airflow/dags/demo_dag.py
[2023-09-14T03:27:55.244+0000] {processor.py:839} INFO - DAG(s) dict_keys(['demo']) retrieved from /opt/airflow/dags/demo_dag.py
[2023-09-14T03:27:55.274+0000] {logging_mixin.py:151} INFO - [2023-09-14T03:27:55.274+0000] {dag.py:2915} INFO - Sync 1 DAGs
[2023-09-14T03:27:55.294+0000] {logging_mixin.py:151} INFO - [2023-09-14T03:27:55.294+0000] {dag.py:3696} INFO - Setting next_dagrun for demo to 2023-09-14T00:00:00+00:00, run_after=2023-09-15T00:00:00+00:00
[2023-09-14T03:27:55.307+0000] {processor.py:179} INFO - Processing /opt/airflow/dags/demo_dag.py took 0.085 seconds
[2023-09-14T03:28:25.642+0000] {processor.py:157} INFO - Started process (PID=119) to work on /opt/airflow/dags/demo_dag.py
[2023-09-14T03:28:25.644+0000] {processor.py:829} INFO - Processing file /opt/airflow/dags/demo_dag.py for tasks to queue
[2023-09-14T03:28:25.646+0000] {logging_mixin.py:151} INFO - [2023-09-14T03:28:25.646+0000] {dagbag.py:539} INFO - Filling up the DagBag from /opt/airflow/dags/demo_dag.py
[2023-09-14T03:28:25.659+0000] {processor.py:839} INFO - DAG(s) dict_keys(['demo']) retrieved from /opt/airflow/dags/demo_dag.py
[2023-09-14T03:28:25.687+0000] {logging_mixin.py:151} INFO - [2023-09-14T03:28:25.687+0000] {dag.py:2915} INFO - Sync 1 DAGs
[2023-09-14T03:28:25.707+0000] {logging_mixin.py:151} INFO - [2023-09-14T03:28:25.706+0000] {dag.py:3696} INFO - Setting next_dagrun for demo to 2023-09-14T00:00:00+00:00, run_after=2023-09-15T00:00:00+00:00
[2023-09-14T03:28:25.719+0000] {processor.py:179} INFO - Processing /opt/airflow/dags/demo_dag.py took 0.081 seconds
[2023-09-14T03:28:56.023+0000] {processor.py:157} INFO - Started process (PID=128) to work on /opt/airflow/dags/demo_dag.py
[2023-09-14T03:28:56.025+0000] {processor.py:829} INFO - Processing file /opt/airflow/dags/demo_dag.py for tasks to queue
[2023-09-14T03:28:56.028+0000] {logging_mixin.py:151} INFO - [2023-09-14T03:28:56.027+0000] {dagbag.py:539} INFO - Filling up the DagBag from /opt/airflow/dags/demo_dag.py
[2023-09-14T03:28:56.038+0000] {processor.py:839} INFO - DAG(s) dict_keys(['demo']) retrieved from /opt/airflow/dags/demo_dag.py
[2023-09-14T03:28:56.065+0000] {logging_mixin.py:151} INFO - [2023-09-14T03:28:56.064+0000] {dag.py:2915} INFO - Sync 1 DAGs
[2023-09-14T03:28:56.081+0000] {logging_mixin.py:151} INFO - [2023-09-14T03:28:56.081+0000] {dag.py:3696} INFO - Setting next_dagrun for demo to 2023-09-14T00:00:00+00:00, run_after=2023-09-15T00:00:00+00:00
[2023-09-14T03:28:56.093+0000] {processor.py:179} INFO - Processing /opt/airflow/dags/demo_dag.py took 0.073 seconds
[2023-09-14T03:29:26.405+0000] {processor.py:157} INFO - Started process (PID=137) to work on /opt/airflow/dags/demo_dag.py
[2023-09-14T03:29:26.406+0000] {processor.py:829} INFO - Processing file /opt/airflow/dags/demo_dag.py for tasks to queue
[2023-09-14T03:29:26.410+0000] {logging_mixin.py:151} INFO - [2023-09-14T03:29:26.409+0000] {dagbag.py:539} INFO - Filling up the DagBag from /opt/airflow/dags/demo_dag.py
[2023-09-14T03:29:26.420+0000] {processor.py:839} INFO - DAG(s) dict_keys(['demo']) retrieved from /opt/airflow/dags/demo_dag.py
[2023-09-14T03:29:26.447+0000] {logging_mixin.py:151} INFO - [2023-09-14T03:29:26.447+0000] {dag.py:2915} INFO - Sync 1 DAGs
[2023-09-14T03:29:26.464+0000] {logging_mixin.py:151} INFO - [2023-09-14T03:29:26.464+0000] {dag.py:3696} INFO - Setting next_dagrun for demo to 2023-09-14T00:00:00+00:00, run_after=2023-09-15T00:00:00+00:00
[2023-09-14T03:29:26.476+0000] {processor.py:179} INFO - Processing /opt/airflow/dags/demo_dag.py took 0.074 seconds
[2023-09-14T03:29:56.860+0000] {processor.py:157} INFO - Started process (PID=147) to work on /opt/airflow/dags/demo_dag.py
[2023-09-14T03:29:56.861+0000] {processor.py:829} INFO - Processing file /opt/airflow/dags/demo_dag.py for tasks to queue
[2023-09-14T03:29:56.866+0000] {logging_mixin.py:151} INFO - [2023-09-14T03:29:56.866+0000] {dagbag.py:539} INFO - Filling up the DagBag from /opt/airflow/dags/demo_dag.py
[2023-09-14T03:29:56.883+0000] {processor.py:839} INFO - DAG(s) dict_keys(['demo']) retrieved from /opt/airflow/dags/demo_dag.py
[2023-09-14T03:29:56.926+0000] {logging_mixin.py:151} INFO - [2023-09-14T03:29:56.926+0000] {dag.py:2915} INFO - Sync 1 DAGs
[2023-09-14T03:29:56.950+0000] {logging_mixin.py:151} INFO - [2023-09-14T03:29:56.950+0000] {dag.py:3696} INFO - Setting next_dagrun for demo to 2023-09-14T00:00:00+00:00, run_after=2023-09-15T00:00:00+00:00
[2023-09-14T03:29:56.976+0000] {processor.py:179} INFO - Processing /opt/airflow/dags/demo_dag.py took 0.121 seconds
[2023-09-14T03:30:27.286+0000] {processor.py:157} INFO - Started process (PID=155) to work on /opt/airflow/dags/demo_dag.py
[2023-09-14T03:30:27.288+0000] {processor.py:829} INFO - Processing file /opt/airflow/dags/demo_dag.py for tasks to queue
[2023-09-14T03:30:27.291+0000] {logging_mixin.py:151} INFO - [2023-09-14T03:30:27.290+0000] {dagbag.py:539} INFO - Filling up the DagBag from /opt/airflow/dags/demo_dag.py
[2023-09-14T03:30:27.303+0000] {processor.py:839} INFO - DAG(s) dict_keys(['demo']) retrieved from /opt/airflow/dags/demo_dag.py
[2023-09-14T03:30:27.332+0000] {logging_mixin.py:151} INFO - [2023-09-14T03:30:27.332+0000] {dag.py:2915} INFO - Sync 1 DAGs
[2023-09-14T03:30:27.355+0000] {logging_mixin.py:151} INFO - [2023-09-14T03:30:27.355+0000] {dag.py:3696} INFO - Setting next_dagrun for demo to 2023-09-14T00:00:00+00:00, run_after=2023-09-15T00:00:00+00:00
[2023-09-14T03:30:27.369+0000] {processor.py:179} INFO - Processing /opt/airflow/dags/demo_dag.py took 0.088 seconds
[2023-09-14T03:30:57.699+0000] {processor.py:157} INFO - Started process (PID=164) to work on /opt/airflow/dags/demo_dag.py
[2023-09-14T03:30:57.701+0000] {processor.py:829} INFO - Processing file /opt/airflow/dags/demo_dag.py for tasks to queue
[2023-09-14T03:30:57.705+0000] {logging_mixin.py:151} INFO - [2023-09-14T03:30:57.704+0000] {dagbag.py:539} INFO - Filling up the DagBag from /opt/airflow/dags/demo_dag.py
[2023-09-14T03:30:57.720+0000] {processor.py:839} INFO - DAG(s) dict_keys(['demo']) retrieved from /opt/airflow/dags/demo_dag.py
[2023-09-14T03:30:57.747+0000] {logging_mixin.py:151} INFO - [2023-09-14T03:30:57.747+0000] {dag.py:2915} INFO - Sync 1 DAGs
[2023-09-14T03:30:57.765+0000] {logging_mixin.py:151} INFO - [2023-09-14T03:30:57.765+0000] {dag.py:3696} INFO - Setting next_dagrun for demo to 2023-09-14T00:00:00+00:00, run_after=2023-09-15T00:00:00+00:00
[2023-09-14T03:30:57.779+0000] {processor.py:179} INFO - Processing /opt/airflow/dags/demo_dag.py took 0.085 seconds
