[2023-09-14T00:44:53.699+0000] {processor.py:157} INFO - Started process (PID=220) to work on /opt/airflow/dags/hearing_news_dag.py
[2023-09-14T00:44:53.700+0000] {processor.py:829} INFO - Processing file /opt/airflow/dags/hearing_news_dag.py for tasks to queue
[2023-09-14T00:44:53.702+0000] {logging_mixin.py:151} INFO - [2023-09-14T00:44:53.702+0000] {dagbag.py:539} INFO - Filling up the DagBag from /opt/airflow/dags/hearing_news_dag.py
[2023-09-14T00:44:53.714+0000] {processor.py:839} INFO - DAG(s) dict_keys(['hearing_news']) retrieved from /opt/airflow/dags/hearing_news_dag.py
[2023-09-14T00:44:53.737+0000] {logging_mixin.py:151} INFO - [2023-09-14T00:44:53.737+0000] {dag.py:2915} INFO - Sync 1 DAGs
[2023-09-14T00:44:53.756+0000] {logging_mixin.py:151} INFO - [2023-09-14T00:44:53.756+0000] {dag.py:3696} INFO - Setting next_dagrun for hearing_news to 2023-09-13T00:00:00+00:00, run_after=2023-09-14T00:00:00+00:00
[2023-09-14T00:44:53.769+0000] {processor.py:179} INFO - Processing /opt/airflow/dags/hearing_news_dag.py took 0.074 seconds
[2023-09-14T02:08:19.687+0000] {processor.py:157} INFO - Started process (PID=228) to work on /opt/airflow/dags/hearing_news_dag.py
[2023-09-14T02:08:19.699+0000] {processor.py:829} INFO - Processing file /opt/airflow/dags/hearing_news_dag.py for tasks to queue
[2023-09-14T02:08:19.766+0000] {logging_mixin.py:151} INFO - [2023-09-14T02:08:19.744+0000] {dagbag.py:539} INFO - Filling up the DagBag from /opt/airflow/dags/hearing_news_dag.py
[2023-09-14T02:08:19.858+0000] {processor.py:839} INFO - DAG(s) dict_keys(['hearing_news']) retrieved from /opt/airflow/dags/hearing_news_dag.py
[2023-09-14T02:08:19.942+0000] {logging_mixin.py:151} INFO - [2023-09-14T02:08:19.941+0000] {dag.py:2915} INFO - Sync 1 DAGs
[2023-09-14T02:08:20.036+0000] {logging_mixin.py:151} INFO - [2023-09-14T02:08:20.036+0000] {dag.py:3696} INFO - Setting next_dagrun for hearing_news to 2023-09-13T00:00:00+00:00, run_after=2023-09-14T00:00:00+00:00
[2023-09-14T02:08:20.088+0000] {processor.py:179} INFO - Processing /opt/airflow/dags/hearing_news_dag.py took 0.438 seconds
[2023-09-14T03:09:50.081+0000] {processor.py:157} INFO - Started process (PID=237) to work on /opt/airflow/dags/hearing_news_dag.py
[2023-09-14T03:09:50.083+0000] {processor.py:829} INFO - Processing file /opt/airflow/dags/hearing_news_dag.py for tasks to queue
[2023-09-14T03:09:50.088+0000] {logging_mixin.py:151} INFO - [2023-09-14T03:09:50.087+0000] {dagbag.py:539} INFO - Filling up the DagBag from /opt/airflow/dags/hearing_news_dag.py
[2023-09-14T03:09:50.115+0000] {processor.py:839} INFO - DAG(s) dict_keys(['hearing_news']) retrieved from /opt/airflow/dags/hearing_news_dag.py
[2023-09-14T03:09:50.149+0000] {logging_mixin.py:151} INFO - [2023-09-14T03:09:50.148+0000] {dag.py:2915} INFO - Sync 1 DAGs
[2023-09-14T03:09:50.173+0000] {logging_mixin.py:151} INFO - [2023-09-14T03:09:50.173+0000] {dag.py:3696} INFO - Setting next_dagrun for hearing_news to 2023-09-13T00:00:00+00:00, run_after=2023-09-14T00:00:00+00:00
[2023-09-14T03:09:50.188+0000] {processor.py:179} INFO - Processing /opt/airflow/dags/hearing_news_dag.py took 0.114 seconds
[2023-09-14T03:10:20.525+0000] {processor.py:157} INFO - Started process (PID=246) to work on /opt/airflow/dags/hearing_news_dag.py
[2023-09-14T03:10:20.528+0000] {processor.py:829} INFO - Processing file /opt/airflow/dags/hearing_news_dag.py for tasks to queue
[2023-09-14T03:10:20.533+0000] {logging_mixin.py:151} INFO - [2023-09-14T03:10:20.532+0000] {dagbag.py:539} INFO - Filling up the DagBag from /opt/airflow/dags/hearing_news_dag.py
[2023-09-14T03:10:20.551+0000] {processor.py:839} INFO - DAG(s) dict_keys(['hearing_news']) retrieved from /opt/airflow/dags/hearing_news_dag.py
[2023-09-14T03:10:20.583+0000] {logging_mixin.py:151} INFO - [2023-09-14T03:10:20.583+0000] {dag.py:2915} INFO - Sync 1 DAGs
[2023-09-14T03:10:20.605+0000] {logging_mixin.py:151} INFO - [2023-09-14T03:10:20.604+0000] {dag.py:3696} INFO - Setting next_dagrun for hearing_news to 2023-09-13T00:00:00+00:00, run_after=2023-09-14T00:00:00+00:00
[2023-09-14T03:10:20.618+0000] {processor.py:179} INFO - Processing /opt/airflow/dags/hearing_news_dag.py took 0.100 seconds
[2023-09-14T03:10:25.714+0000] {processor.py:157} INFO - Started process (PID=248) to work on /opt/airflow/dags/hearing_news_dag.py
[2023-09-14T03:10:25.715+0000] {processor.py:829} INFO - Processing file /opt/airflow/dags/hearing_news_dag.py for tasks to queue
[2023-09-14T03:10:25.718+0000] {logging_mixin.py:151} INFO - [2023-09-14T03:10:25.718+0000] {dagbag.py:539} INFO - Filling up the DagBag from /opt/airflow/dags/hearing_news_dag.py
[2023-09-14T03:10:25.732+0000] {processor.py:839} INFO - DAG(s) dict_keys(['hearing_news']) retrieved from /opt/airflow/dags/hearing_news_dag.py
[2023-09-14T03:10:25.752+0000] {logging_mixin.py:151} INFO - [2023-09-14T03:10:25.752+0000] {dag.py:2915} INFO - Sync 1 DAGs
[2023-09-14T03:10:25.769+0000] {logging_mixin.py:151} INFO - [2023-09-14T03:10:25.769+0000] {dag.py:3696} INFO - Setting next_dagrun for hearing_news to 2023-09-13T00:00:00+00:00, run_after=2023-09-14T00:00:00+00:00
[2023-09-14T03:10:25.784+0000] {processor.py:179} INFO - Processing /opt/airflow/dags/hearing_news_dag.py took 0.075 seconds
[2023-09-14T03:10:26.758+0000] {processor.py:157} INFO - Started process (PID=249) to work on /opt/airflow/dags/hearing_news_dag.py
[2023-09-14T03:10:26.760+0000] {processor.py:829} INFO - Processing file /opt/airflow/dags/hearing_news_dag.py for tasks to queue
[2023-09-14T03:10:26.763+0000] {logging_mixin.py:151} INFO - [2023-09-14T03:10:26.763+0000] {dagbag.py:539} INFO - Filling up the DagBag from /opt/airflow/dags/hearing_news_dag.py
[2023-09-14T03:10:26.778+0000] {processor.py:839} INFO - DAG(s) dict_keys(['hearing_news']) retrieved from /opt/airflow/dags/hearing_news_dag.py
[2023-09-14T03:10:26.825+0000] {logging_mixin.py:151} INFO - [2023-09-14T03:10:26.825+0000] {dag.py:2915} INFO - Sync 1 DAGs
[2023-09-14T03:10:26.871+0000] {logging_mixin.py:151} INFO - [2023-09-14T03:10:26.870+0000] {dag.py:3696} INFO - Setting next_dagrun for hearing_news to 2023-09-13T00:00:00+00:00, run_after=2023-09-14T00:00:00+00:00
[2023-09-14T03:10:27.048+0000] {processor.py:179} INFO - Processing /opt/airflow/dags/hearing_news_dag.py took 0.296 seconds
[2023-09-14T03:10:57.148+0000] {processor.py:157} INFO - Started process (PID=258) to work on /opt/airflow/dags/hearing_news_dag.py
[2023-09-14T03:10:57.150+0000] {processor.py:829} INFO - Processing file /opt/airflow/dags/hearing_news_dag.py for tasks to queue
[2023-09-14T03:10:57.154+0000] {logging_mixin.py:151} INFO - [2023-09-14T03:10:57.153+0000] {dagbag.py:539} INFO - Filling up the DagBag from /opt/airflow/dags/hearing_news_dag.py
[2023-09-14T03:10:57.166+0000] {processor.py:839} INFO - DAG(s) dict_keys(['hearing_news']) retrieved from /opt/airflow/dags/hearing_news_dag.py
[2023-09-14T03:10:57.185+0000] {logging_mixin.py:151} INFO - [2023-09-14T03:10:57.185+0000] {dag.py:2915} INFO - Sync 1 DAGs
[2023-09-14T03:10:57.202+0000] {logging_mixin.py:151} INFO - [2023-09-14T03:10:57.202+0000] {dag.py:3696} INFO - Setting next_dagrun for hearing_news to 2023-09-13T00:00:00+00:00, run_after=2023-09-14T00:00:00+00:00
[2023-09-14T03:10:57.215+0000] {processor.py:179} INFO - Processing /opt/airflow/dags/hearing_news_dag.py took 0.073 seconds
[2023-09-14T03:11:27.493+0000] {processor.py:157} INFO - Started process (PID=267) to work on /opt/airflow/dags/hearing_news_dag.py
[2023-09-14T03:11:27.497+0000] {processor.py:829} INFO - Processing file /opt/airflow/dags/hearing_news_dag.py for tasks to queue
[2023-09-14T03:11:27.500+0000] {logging_mixin.py:151} INFO - [2023-09-14T03:11:27.500+0000] {dagbag.py:539} INFO - Filling up the DagBag from /opt/airflow/dags/hearing_news_dag.py
[2023-09-14T03:11:27.511+0000] {processor.py:839} INFO - DAG(s) dict_keys(['hearing_news']) retrieved from /opt/airflow/dags/hearing_news_dag.py
[2023-09-14T03:11:27.529+0000] {logging_mixin.py:151} INFO - [2023-09-14T03:11:27.529+0000] {dag.py:2915} INFO - Sync 1 DAGs
[2023-09-14T03:11:27.547+0000] {logging_mixin.py:151} INFO - [2023-09-14T03:11:27.547+0000] {dag.py:3696} INFO - Setting next_dagrun for hearing_news to 2023-09-13T00:00:00+00:00, run_after=2023-09-14T00:00:00+00:00
[2023-09-14T03:11:27.560+0000] {processor.py:179} INFO - Processing /opt/airflow/dags/hearing_news_dag.py took 0.074 seconds
[2023-09-14T03:11:57.834+0000] {processor.py:157} INFO - Started process (PID=276) to work on /opt/airflow/dags/hearing_news_dag.py
[2023-09-14T03:11:57.837+0000] {processor.py:829} INFO - Processing file /opt/airflow/dags/hearing_news_dag.py for tasks to queue
[2023-09-14T03:11:57.841+0000] {logging_mixin.py:151} INFO - [2023-09-14T03:11:57.840+0000] {dagbag.py:539} INFO - Filling up the DagBag from /opt/airflow/dags/hearing_news_dag.py
[2023-09-14T03:11:57.853+0000] {processor.py:839} INFO - DAG(s) dict_keys(['hearing_news']) retrieved from /opt/airflow/dags/hearing_news_dag.py
[2023-09-14T03:11:57.875+0000] {logging_mixin.py:151} INFO - [2023-09-14T03:11:57.875+0000] {dag.py:2915} INFO - Sync 1 DAGs
[2023-09-14T03:11:57.894+0000] {logging_mixin.py:151} INFO - [2023-09-14T03:11:57.893+0000] {dag.py:3696} INFO - Setting next_dagrun for hearing_news to 2023-09-13T00:00:00+00:00, run_after=2023-09-14T00:00:00+00:00
[2023-09-14T03:11:57.906+0000] {processor.py:179} INFO - Processing /opt/airflow/dags/hearing_news_dag.py took 0.078 seconds
[2023-09-14T03:12:28.233+0000] {processor.py:157} INFO - Started process (PID=285) to work on /opt/airflow/dags/hearing_news_dag.py
[2023-09-14T03:12:28.236+0000] {processor.py:829} INFO - Processing file /opt/airflow/dags/hearing_news_dag.py for tasks to queue
[2023-09-14T03:12:28.240+0000] {logging_mixin.py:151} INFO - [2023-09-14T03:12:28.240+0000] {dagbag.py:539} INFO - Filling up the DagBag from /opt/airflow/dags/hearing_news_dag.py
[2023-09-14T03:12:28.252+0000] {processor.py:839} INFO - DAG(s) dict_keys(['hearing_news']) retrieved from /opt/airflow/dags/hearing_news_dag.py
[2023-09-14T03:12:28.274+0000] {logging_mixin.py:151} INFO - [2023-09-14T03:12:28.274+0000] {dag.py:2915} INFO - Sync 1 DAGs
[2023-09-14T03:12:28.294+0000] {logging_mixin.py:151} INFO - [2023-09-14T03:12:28.294+0000] {dag.py:3696} INFO - Setting next_dagrun for hearing_news to 2023-09-13T00:00:00+00:00, run_after=2023-09-14T00:00:00+00:00
[2023-09-14T03:12:28.308+0000] {processor.py:179} INFO - Processing /opt/airflow/dags/hearing_news_dag.py took 0.082 seconds
[2023-09-14T03:12:58.673+0000] {processor.py:157} INFO - Started process (PID=294) to work on /opt/airflow/dags/hearing_news_dag.py
[2023-09-14T03:12:58.676+0000] {processor.py:829} INFO - Processing file /opt/airflow/dags/hearing_news_dag.py for tasks to queue
[2023-09-14T03:12:58.680+0000] {logging_mixin.py:151} INFO - [2023-09-14T03:12:58.680+0000] {dagbag.py:539} INFO - Filling up the DagBag from /opt/airflow/dags/hearing_news_dag.py
[2023-09-14T03:12:58.695+0000] {processor.py:839} INFO - DAG(s) dict_keys(['hearing_news']) retrieved from /opt/airflow/dags/hearing_news_dag.py
[2023-09-14T03:12:58.721+0000] {logging_mixin.py:151} INFO - [2023-09-14T03:12:58.721+0000] {dag.py:2915} INFO - Sync 1 DAGs
[2023-09-14T03:12:58.741+0000] {logging_mixin.py:151} INFO - [2023-09-14T03:12:58.741+0000] {dag.py:3696} INFO - Setting next_dagrun for hearing_news to 2023-09-13T00:00:00+00:00, run_after=2023-09-14T00:00:00+00:00
[2023-09-14T03:12:58.753+0000] {processor.py:179} INFO - Processing /opt/airflow/dags/hearing_news_dag.py took 0.085 seconds
[2023-09-14T03:13:29.095+0000] {processor.py:157} INFO - Started process (PID=303) to work on /opt/airflow/dags/hearing_news_dag.py
[2023-09-14T03:13:29.098+0000] {processor.py:829} INFO - Processing file /opt/airflow/dags/hearing_news_dag.py for tasks to queue
[2023-09-14T03:13:29.103+0000] {logging_mixin.py:151} INFO - [2023-09-14T03:13:29.102+0000] {dagbag.py:539} INFO - Filling up the DagBag from /opt/airflow/dags/hearing_news_dag.py
[2023-09-14T03:13:29.114+0000] {processor.py:839} INFO - DAG(s) dict_keys(['hearing_news']) retrieved from /opt/airflow/dags/hearing_news_dag.py
[2023-09-14T03:13:29.136+0000] {logging_mixin.py:151} INFO - [2023-09-14T03:13:29.136+0000] {dag.py:2915} INFO - Sync 1 DAGs
[2023-09-14T03:13:29.154+0000] {logging_mixin.py:151} INFO - [2023-09-14T03:13:29.154+0000] {dag.py:3696} INFO - Setting next_dagrun for hearing_news to 2023-09-13T00:00:00+00:00, run_after=2023-09-14T00:00:00+00:00
[2023-09-14T03:13:29.166+0000] {processor.py:179} INFO - Processing /opt/airflow/dags/hearing_news_dag.py took 0.077 seconds
[2023-09-14T03:13:59.457+0000] {processor.py:157} INFO - Started process (PID=311) to work on /opt/airflow/dags/hearing_news_dag.py
[2023-09-14T03:13:59.460+0000] {processor.py:829} INFO - Processing file /opt/airflow/dags/hearing_news_dag.py for tasks to queue
[2023-09-14T03:13:59.464+0000] {logging_mixin.py:151} INFO - [2023-09-14T03:13:59.463+0000] {dagbag.py:539} INFO - Filling up the DagBag from /opt/airflow/dags/hearing_news_dag.py
[2023-09-14T03:13:59.476+0000] {processor.py:839} INFO - DAG(s) dict_keys(['hearing_news']) retrieved from /opt/airflow/dags/hearing_news_dag.py
[2023-09-14T03:13:59.498+0000] {logging_mixin.py:151} INFO - [2023-09-14T03:13:59.497+0000] {dag.py:2915} INFO - Sync 1 DAGs
[2023-09-14T03:13:59.517+0000] {logging_mixin.py:151} INFO - [2023-09-14T03:13:59.517+0000] {dag.py:3696} INFO - Setting next_dagrun for hearing_news to 2023-09-13T00:00:00+00:00, run_after=2023-09-14T00:00:00+00:00
[2023-09-14T03:13:59.530+0000] {processor.py:179} INFO - Processing /opt/airflow/dags/hearing_news_dag.py took 0.080 seconds
[2023-09-14T03:14:29.813+0000] {processor.py:157} INFO - Started process (PID=321) to work on /opt/airflow/dags/hearing_news_dag.py
[2023-09-14T03:14:29.816+0000] {processor.py:829} INFO - Processing file /opt/airflow/dags/hearing_news_dag.py for tasks to queue
[2023-09-14T03:14:29.819+0000] {logging_mixin.py:151} INFO - [2023-09-14T03:14:29.818+0000] {dagbag.py:539} INFO - Filling up the DagBag from /opt/airflow/dags/hearing_news_dag.py
[2023-09-14T03:14:29.830+0000] {processor.py:839} INFO - DAG(s) dict_keys(['hearing_news']) retrieved from /opt/airflow/dags/hearing_news_dag.py
[2023-09-14T03:14:29.850+0000] {logging_mixin.py:151} INFO - [2023-09-14T03:14:29.850+0000] {dag.py:2915} INFO - Sync 1 DAGs
[2023-09-14T03:14:29.867+0000] {logging_mixin.py:151} INFO - [2023-09-14T03:14:29.867+0000] {dag.py:3696} INFO - Setting next_dagrun for hearing_news to 2023-09-13T00:00:00+00:00, run_after=2023-09-14T00:00:00+00:00
[2023-09-14T03:14:29.879+0000] {processor.py:179} INFO - Processing /opt/airflow/dags/hearing_news_dag.py took 0.070 seconds
[2023-09-14T03:15:00.172+0000] {processor.py:157} INFO - Started process (PID=330) to work on /opt/airflow/dags/hearing_news_dag.py
[2023-09-14T03:15:00.174+0000] {processor.py:829} INFO - Processing file /opt/airflow/dags/hearing_news_dag.py for tasks to queue
[2023-09-14T03:15:00.177+0000] {logging_mixin.py:151} INFO - [2023-09-14T03:15:00.176+0000] {dagbag.py:539} INFO - Filling up the DagBag from /opt/airflow/dags/hearing_news_dag.py
[2023-09-14T03:15:00.189+0000] {processor.py:839} INFO - DAG(s) dict_keys(['hearing_news']) retrieved from /opt/airflow/dags/hearing_news_dag.py
[2023-09-14T03:15:00.223+0000] {logging_mixin.py:151} INFO - [2023-09-14T03:15:00.223+0000] {dag.py:2915} INFO - Sync 1 DAGs
[2023-09-14T03:15:00.268+0000] {logging_mixin.py:151} INFO - [2023-09-14T03:15:00.268+0000] {dag.py:3696} INFO - Setting next_dagrun for hearing_news to 2023-09-13T00:00:00+00:00, run_after=2023-09-14T00:00:00+00:00
[2023-09-14T03:15:00.281+0000] {processor.py:179} INFO - Processing /opt/airflow/dags/hearing_news_dag.py took 0.112 seconds
[2023-09-14T03:15:02.280+0000] {processor.py:157} INFO - Started process (PID=331) to work on /opt/airflow/dags/hearing_news_dag.py
[2023-09-14T03:15:02.283+0000] {processor.py:829} INFO - Processing file /opt/airflow/dags/hearing_news_dag.py for tasks to queue
[2023-09-14T03:15:02.286+0000] {logging_mixin.py:151} INFO - [2023-09-14T03:15:02.286+0000] {dagbag.py:539} INFO - Filling up the DagBag from /opt/airflow/dags/hearing_news_dag.py
[2023-09-14T03:15:02.303+0000] {processor.py:839} INFO - DAG(s) dict_keys(['hearing_news']) retrieved from /opt/airflow/dags/hearing_news_dag.py
[2023-09-14T03:15:02.323+0000] {logging_mixin.py:151} INFO - [2023-09-14T03:15:02.323+0000] {dag.py:2915} INFO - Sync 1 DAGs
[2023-09-14T03:15:02.341+0000] {logging_mixin.py:151} INFO - [2023-09-14T03:15:02.341+0000] {dag.py:3696} INFO - Setting next_dagrun for hearing_news to 2023-09-13T00:00:00+00:00, run_after=2023-09-14T00:00:00+00:00
[2023-09-14T03:15:02.354+0000] {processor.py:179} INFO - Processing /opt/airflow/dags/hearing_news_dag.py took 0.080 seconds
[2023-09-14T03:15:19.539+0000] {processor.py:157} INFO - Started process (PID=339) to work on /opt/airflow/dags/hearing_news_dag.py
[2023-09-14T03:15:19.542+0000] {processor.py:829} INFO - Processing file /opt/airflow/dags/hearing_news_dag.py for tasks to queue
[2023-09-14T03:15:19.545+0000] {logging_mixin.py:151} INFO - [2023-09-14T03:15:19.544+0000] {dagbag.py:539} INFO - Filling up the DagBag from /opt/airflow/dags/hearing_news_dag.py
[2023-09-14T03:15:19.562+0000] {processor.py:839} INFO - DAG(s) dict_keys(['hearing_news']) retrieved from /opt/airflow/dags/hearing_news_dag.py
[2023-09-14T03:15:19.585+0000] {logging_mixin.py:151} INFO - [2023-09-14T03:15:19.585+0000] {dag.py:2915} INFO - Sync 1 DAGs
[2023-09-14T03:15:19.605+0000] {logging_mixin.py:151} INFO - [2023-09-14T03:15:19.605+0000] {dag.py:3696} INFO - Setting next_dagrun for hearing_news to 2023-09-13T00:00:00+00:00, run_after=2023-09-14T00:00:00+00:00
[2023-09-14T03:15:19.619+0000] {processor.py:179} INFO - Processing /opt/airflow/dags/hearing_news_dag.py took 0.085 seconds
[2023-09-14T03:15:20.578+0000] {processor.py:157} INFO - Started process (PID=340) to work on /opt/airflow/dags/hearing_news_dag.py
[2023-09-14T03:15:20.579+0000] {processor.py:829} INFO - Processing file /opt/airflow/dags/hearing_news_dag.py for tasks to queue
[2023-09-14T03:15:20.584+0000] {logging_mixin.py:151} INFO - [2023-09-14T03:15:20.583+0000] {dagbag.py:539} INFO - Filling up the DagBag from /opt/airflow/dags/hearing_news_dag.py
[2023-09-14T03:15:20.600+0000] {processor.py:839} INFO - DAG(s) dict_keys(['hearing_news']) retrieved from /opt/airflow/dags/hearing_news_dag.py
[2023-09-14T03:15:20.620+0000] {logging_mixin.py:151} INFO - [2023-09-14T03:15:20.620+0000] {dag.py:2915} INFO - Sync 1 DAGs
[2023-09-14T03:15:20.638+0000] {logging_mixin.py:151} INFO - [2023-09-14T03:15:20.638+0000] {dag.py:3696} INFO - Setting next_dagrun for hearing_news to 2023-09-13T00:00:00+00:00, run_after=2023-09-14T00:00:00+00:00
[2023-09-14T03:15:20.654+0000] {processor.py:179} INFO - Processing /opt/airflow/dags/hearing_news_dag.py took 0.081 seconds
[2023-09-14T03:15:27.753+0000] {processor.py:157} INFO - Started process (PID=342) to work on /opt/airflow/dags/hearing_news_dag.py
[2023-09-14T03:15:27.755+0000] {processor.py:829} INFO - Processing file /opt/airflow/dags/hearing_news_dag.py for tasks to queue
[2023-09-14T03:15:27.759+0000] {logging_mixin.py:151} INFO - [2023-09-14T03:15:27.758+0000] {dagbag.py:539} INFO - Filling up the DagBag from /opt/airflow/dags/hearing_news_dag.py
[2023-09-14T03:15:27.777+0000] {processor.py:839} INFO - DAG(s) dict_keys(['hearing_news']) retrieved from /opt/airflow/dags/hearing_news_dag.py
[2023-09-14T03:15:27.797+0000] {logging_mixin.py:151} INFO - [2023-09-14T03:15:27.796+0000] {dag.py:2915} INFO - Sync 1 DAGs
[2023-09-14T03:15:27.814+0000] {logging_mixin.py:151} INFO - [2023-09-14T03:15:27.814+0000] {dag.py:3696} INFO - Setting next_dagrun for hearing_news to 2023-09-13T00:00:00+00:00, run_after=2023-09-14T00:00:00+00:00
[2023-09-14T03:15:27.827+0000] {processor.py:179} INFO - Processing /opt/airflow/dags/hearing_news_dag.py took 0.080 seconds
[2023-09-14T03:15:37.921+0000] {processor.py:157} INFO - Started process (PID=350) to work on /opt/airflow/dags/hearing_news_dag.py
[2023-09-14T03:15:37.923+0000] {processor.py:829} INFO - Processing file /opt/airflow/dags/hearing_news_dag.py for tasks to queue
[2023-09-14T03:15:37.927+0000] {logging_mixin.py:151} INFO - [2023-09-14T03:15:37.927+0000] {dagbag.py:539} INFO - Filling up the DagBag from /opt/airflow/dags/hearing_news_dag.py
[2023-09-14T03:15:37.943+0000] {processor.py:839} INFO - DAG(s) dict_keys(['hearing_news']) retrieved from /opt/airflow/dags/hearing_news_dag.py
[2023-09-14T03:15:37.963+0000] {logging_mixin.py:151} INFO - [2023-09-14T03:15:37.963+0000] {dag.py:2915} INFO - Sync 1 DAGs
[2023-09-14T03:15:37.982+0000] {logging_mixin.py:151} INFO - [2023-09-14T03:15:37.982+0000] {dag.py:3696} INFO - Setting next_dagrun for hearing_news to 2023-09-13T00:00:00+00:00, run_after=2023-09-14T00:00:00+00:00
[2023-09-14T03:15:37.995+0000] {processor.py:179} INFO - Processing /opt/airflow/dags/hearing_news_dag.py took 0.079 seconds
[2023-09-14T03:15:38.965+0000] {processor.py:157} INFO - Started process (PID=351) to work on /opt/airflow/dags/hearing_news_dag.py
[2023-09-14T03:15:38.967+0000] {processor.py:829} INFO - Processing file /opt/airflow/dags/hearing_news_dag.py for tasks to queue
[2023-09-14T03:15:38.970+0000] {logging_mixin.py:151} INFO - [2023-09-14T03:15:38.970+0000] {dagbag.py:539} INFO - Filling up the DagBag from /opt/airflow/dags/hearing_news_dag.py
[2023-09-14T03:15:38.985+0000] {processor.py:839} INFO - DAG(s) dict_keys(['hearing_news']) retrieved from /opt/airflow/dags/hearing_news_dag.py
[2023-09-14T03:15:39.005+0000] {logging_mixin.py:151} INFO - [2023-09-14T03:15:39.004+0000] {dag.py:2915} INFO - Sync 1 DAGs
[2023-09-14T03:15:39.022+0000] {logging_mixin.py:151} INFO - [2023-09-14T03:15:39.022+0000] {dag.py:3696} INFO - Setting next_dagrun for hearing_news to 2023-09-13T00:00:00+00:00, run_after=2023-09-14T00:00:00+00:00
[2023-09-14T03:15:39.035+0000] {processor.py:179} INFO - Processing /opt/airflow/dags/hearing_news_dag.py took 0.076 seconds
[2023-09-14T03:15:40.038+0000] {processor.py:157} INFO - Started process (PID=352) to work on /opt/airflow/dags/hearing_news_dag.py
[2023-09-14T03:15:40.040+0000] {processor.py:829} INFO - Processing file /opt/airflow/dags/hearing_news_dag.py for tasks to queue
[2023-09-14T03:15:40.042+0000] {logging_mixin.py:151} INFO - [2023-09-14T03:15:40.042+0000] {dagbag.py:539} INFO - Filling up the DagBag from /opt/airflow/dags/hearing_news_dag.py
[2023-09-14T03:15:40.058+0000] {processor.py:839} INFO - DAG(s) dict_keys(['hearing_news']) retrieved from /opt/airflow/dags/hearing_news_dag.py
[2023-09-14T03:15:40.077+0000] {logging_mixin.py:151} INFO - [2023-09-14T03:15:40.077+0000] {dag.py:2915} INFO - Sync 1 DAGs
[2023-09-14T03:15:40.095+0000] {logging_mixin.py:151} INFO - [2023-09-14T03:15:40.094+0000] {dag.py:3696} INFO - Setting next_dagrun for hearing_news to 2023-09-13T00:00:00+00:00, run_after=2023-09-14T00:00:00+00:00
[2023-09-14T03:15:40.108+0000] {processor.py:179} INFO - Processing /opt/airflow/dags/hearing_news_dag.py took 0.075 seconds
[2023-09-14T03:16:10.420+0000] {processor.py:157} INFO - Started process (PID=361) to work on /opt/airflow/dags/hearing_news_dag.py
[2023-09-14T03:16:10.423+0000] {processor.py:829} INFO - Processing file /opt/airflow/dags/hearing_news_dag.py for tasks to queue
[2023-09-14T03:16:10.425+0000] {logging_mixin.py:151} INFO - [2023-09-14T03:16:10.425+0000] {dagbag.py:539} INFO - Filling up the DagBag from /opt/airflow/dags/hearing_news_dag.py
[2023-09-14T03:16:10.437+0000] {processor.py:839} INFO - DAG(s) dict_keys(['hearing_news']) retrieved from /opt/airflow/dags/hearing_news_dag.py
[2023-09-14T03:16:10.455+0000] {logging_mixin.py:151} INFO - [2023-09-14T03:16:10.455+0000] {dag.py:2915} INFO - Sync 1 DAGs
[2023-09-14T03:16:10.472+0000] {logging_mixin.py:151} INFO - [2023-09-14T03:16:10.472+0000] {dag.py:3696} INFO - Setting next_dagrun for hearing_news to 2023-09-13T00:00:00+00:00, run_after=2023-09-14T00:00:00+00:00
[2023-09-14T03:16:10.483+0000] {processor.py:179} INFO - Processing /opt/airflow/dags/hearing_news_dag.py took 0.068 seconds
[2023-09-14T03:16:40.810+0000] {processor.py:157} INFO - Started process (PID=370) to work on /opt/airflow/dags/hearing_news_dag.py
[2023-09-14T03:16:40.813+0000] {processor.py:829} INFO - Processing file /opt/airflow/dags/hearing_news_dag.py for tasks to queue
[2023-09-14T03:16:40.817+0000] {logging_mixin.py:151} INFO - [2023-09-14T03:16:40.816+0000] {dagbag.py:539} INFO - Filling up the DagBag from /opt/airflow/dags/hearing_news_dag.py
[2023-09-14T03:16:40.830+0000] {processor.py:839} INFO - DAG(s) dict_keys(['hearing_news']) retrieved from /opt/airflow/dags/hearing_news_dag.py
[2023-09-14T03:16:40.851+0000] {logging_mixin.py:151} INFO - [2023-09-14T03:16:40.851+0000] {dag.py:2915} INFO - Sync 1 DAGs
[2023-09-14T03:16:40.870+0000] {logging_mixin.py:151} INFO - [2023-09-14T03:16:40.870+0000] {dag.py:3696} INFO - Setting next_dagrun for hearing_news to 2023-09-13T00:00:00+00:00, run_after=2023-09-14T00:00:00+00:00
[2023-09-14T03:16:40.882+0000] {processor.py:179} INFO - Processing /opt/airflow/dags/hearing_news_dag.py took 0.077 seconds
[2023-09-14T03:17:11.179+0000] {processor.py:157} INFO - Started process (PID=379) to work on /opt/airflow/dags/hearing_news_dag.py
[2023-09-14T03:17:11.181+0000] {processor.py:829} INFO - Processing file /opt/airflow/dags/hearing_news_dag.py for tasks to queue
[2023-09-14T03:17:11.183+0000] {logging_mixin.py:151} INFO - [2023-09-14T03:17:11.183+0000] {dagbag.py:539} INFO - Filling up the DagBag from /opt/airflow/dags/hearing_news_dag.py
[2023-09-14T03:17:11.194+0000] {processor.py:839} INFO - DAG(s) dict_keys(['hearing_news']) retrieved from /opt/airflow/dags/hearing_news_dag.py
[2023-09-14T03:17:11.215+0000] {logging_mixin.py:151} INFO - [2023-09-14T03:17:11.215+0000] {dag.py:2915} INFO - Sync 1 DAGs
[2023-09-14T03:17:11.233+0000] {logging_mixin.py:151} INFO - [2023-09-14T03:17:11.233+0000] {dag.py:3696} INFO - Setting next_dagrun for hearing_news to 2023-09-13T00:00:00+00:00, run_after=2023-09-14T00:00:00+00:00
[2023-09-14T03:17:11.245+0000] {processor.py:179} INFO - Processing /opt/airflow/dags/hearing_news_dag.py took 0.071 seconds
[2023-09-14T03:17:41.550+0000] {processor.py:157} INFO - Started process (PID=388) to work on /opt/airflow/dags/hearing_news_dag.py
[2023-09-14T03:17:41.553+0000] {processor.py:829} INFO - Processing file /opt/airflow/dags/hearing_news_dag.py for tasks to queue
[2023-09-14T03:17:41.557+0000] {logging_mixin.py:151} INFO - [2023-09-14T03:17:41.557+0000] {dagbag.py:539} INFO - Filling up the DagBag from /opt/airflow/dags/hearing_news_dag.py
[2023-09-14T03:17:41.572+0000] {processor.py:839} INFO - DAG(s) dict_keys(['hearing_news']) retrieved from /opt/airflow/dags/hearing_news_dag.py
[2023-09-14T03:17:41.597+0000] {logging_mixin.py:151} INFO - [2023-09-14T03:17:41.596+0000] {dag.py:2915} INFO - Sync 1 DAGs
[2023-09-14T03:17:41.617+0000] {logging_mixin.py:151} INFO - [2023-09-14T03:17:41.617+0000] {dag.py:3696} INFO - Setting next_dagrun for hearing_news to 2023-09-13T00:00:00+00:00, run_after=2023-09-14T00:00:00+00:00
[2023-09-14T03:17:41.630+0000] {processor.py:179} INFO - Processing /opt/airflow/dags/hearing_news_dag.py took 0.086 seconds
[2023-09-14T03:18:11.906+0000] {processor.py:157} INFO - Started process (PID=397) to work on /opt/airflow/dags/hearing_news_dag.py
[2023-09-14T03:18:11.908+0000] {processor.py:829} INFO - Processing file /opt/airflow/dags/hearing_news_dag.py for tasks to queue
[2023-09-14T03:18:11.912+0000] {logging_mixin.py:151} INFO - [2023-09-14T03:18:11.911+0000] {dagbag.py:539} INFO - Filling up the DagBag from /opt/airflow/dags/hearing_news_dag.py
[2023-09-14T03:18:11.921+0000] {processor.py:839} INFO - DAG(s) dict_keys(['hearing_news']) retrieved from /opt/airflow/dags/hearing_news_dag.py
[2023-09-14T03:18:11.943+0000] {logging_mixin.py:151} INFO - [2023-09-14T03:18:11.943+0000] {dag.py:2915} INFO - Sync 1 DAGs
[2023-09-14T03:18:11.961+0000] {logging_mixin.py:151} INFO - [2023-09-14T03:18:11.961+0000] {dag.py:3696} INFO - Setting next_dagrun for hearing_news to 2023-09-13T00:00:00+00:00, run_after=2023-09-14T00:00:00+00:00
[2023-09-14T03:18:11.972+0000] {processor.py:179} INFO - Processing /opt/airflow/dags/hearing_news_dag.py took 0.071 seconds
[2023-09-14T03:18:34.100+0000] {processor.py:157} INFO - Started process (PID=406) to work on /opt/airflow/dags/hearing_news_dag.py
[2023-09-14T03:18:34.102+0000] {processor.py:829} INFO - Processing file /opt/airflow/dags/hearing_news_dag.py for tasks to queue
[2023-09-14T03:18:34.106+0000] {logging_mixin.py:151} INFO - [2023-09-14T03:18:34.106+0000] {dagbag.py:539} INFO - Filling up the DagBag from /opt/airflow/dags/hearing_news_dag.py
[2023-09-14T03:18:34.129+0000] {processor.py:839} INFO - DAG(s) dict_keys(['hearing_news']) retrieved from /opt/airflow/dags/hearing_news_dag.py
[2023-09-14T03:18:34.238+0000] {logging_mixin.py:151} INFO - [2023-09-14T03:18:34.238+0000] {security.py:708} INFO - Not syncing DAG-level permissions for DAG 'DAG:hearing_news' as access control is unset.
[2023-09-14T03:18:34.239+0000] {logging_mixin.py:151} INFO - [2023-09-14T03:18:34.239+0000] {dag.py:2915} INFO - Sync 1 DAGs
[2023-09-14T03:18:34.257+0000] {logging_mixin.py:151} INFO - [2023-09-14T03:18:34.257+0000] {dag.py:3696} INFO - Setting next_dagrun for hearing_news to 2023-09-13T00:00:00+00:00, run_after=2023-09-14T00:00:00+00:00
[2023-09-14T03:18:34.279+0000] {processor.py:179} INFO - Processing /opt/airflow/dags/hearing_news_dag.py took 0.185 seconds
[2023-09-14T03:19:04.433+0000] {processor.py:157} INFO - Started process (PID=419) to work on /opt/airflow/dags/hearing_news_dag.py
[2023-09-14T03:19:04.435+0000] {processor.py:829} INFO - Processing file /opt/airflow/dags/hearing_news_dag.py for tasks to queue
[2023-09-14T03:19:04.440+0000] {logging_mixin.py:151} INFO - [2023-09-14T03:19:04.439+0000] {dagbag.py:539} INFO - Filling up the DagBag from /opt/airflow/dags/hearing_news_dag.py
[2023-09-14T03:19:04.461+0000] {processor.py:839} INFO - DAG(s) dict_keys(['hearing_news']) retrieved from /opt/airflow/dags/hearing_news_dag.py
[2023-09-14T03:19:04.499+0000] {logging_mixin.py:151} INFO - [2023-09-14T03:19:04.499+0000] {dag.py:2915} INFO - Sync 1 DAGs
[2023-09-14T03:19:04.526+0000] {logging_mixin.py:151} INFO - [2023-09-14T03:19:04.526+0000] {dag.py:3696} INFO - Setting next_dagrun for hearing_news to 2023-09-14T00:00:00+00:00, run_after=2023-09-15T00:00:00+00:00
[2023-09-14T03:19:04.542+0000] {processor.py:179} INFO - Processing /opt/airflow/dags/hearing_news_dag.py took 0.116 seconds
[2023-09-14T03:19:34.724+0000] {processor.py:157} INFO - Started process (PID=428) to work on /opt/airflow/dags/hearing_news_dag.py
[2023-09-14T03:19:34.726+0000] {processor.py:829} INFO - Processing file /opt/airflow/dags/hearing_news_dag.py for tasks to queue
[2023-09-14T03:19:34.729+0000] {logging_mixin.py:151} INFO - [2023-09-14T03:19:34.728+0000] {dagbag.py:539} INFO - Filling up the DagBag from /opt/airflow/dags/hearing_news_dag.py
[2023-09-14T03:19:34.741+0000] {processor.py:839} INFO - DAG(s) dict_keys(['hearing_news']) retrieved from /opt/airflow/dags/hearing_news_dag.py
[2023-09-14T03:19:34.778+0000] {logging_mixin.py:151} INFO - [2023-09-14T03:19:34.778+0000] {dag.py:2915} INFO - Sync 1 DAGs
[2023-09-14T03:19:34.805+0000] {logging_mixin.py:151} INFO - [2023-09-14T03:19:34.805+0000] {dag.py:3696} INFO - Setting next_dagrun for hearing_news to 2023-09-14T00:00:00+00:00, run_after=2023-09-15T00:00:00+00:00
[2023-09-14T03:19:34.820+0000] {processor.py:179} INFO - Processing /opt/airflow/dags/hearing_news_dag.py took 0.100 seconds
[2023-09-14T03:19:45.814+0000] {processor.py:157} INFO - Started process (PID=429) to work on /opt/airflow/dags/hearing_news_dag.py
[2023-09-14T03:19:45.816+0000] {processor.py:829} INFO - Processing file /opt/airflow/dags/hearing_news_dag.py for tasks to queue
[2023-09-14T03:19:45.821+0000] {logging_mixin.py:151} INFO - [2023-09-14T03:19:45.820+0000] {dagbag.py:539} INFO - Filling up the DagBag from /opt/airflow/dags/hearing_news_dag.py
[2023-09-14T03:19:45.844+0000] {processor.py:839} INFO - DAG(s) dict_keys(['hearing_news']) retrieved from /opt/airflow/dags/hearing_news_dag.py
[2023-09-14T03:19:45.875+0000] {logging_mixin.py:151} INFO - [2023-09-14T03:19:45.875+0000] {dag.py:2915} INFO - Sync 1 DAGs
[2023-09-14T03:19:45.897+0000] {logging_mixin.py:151} INFO - [2023-09-14T03:19:45.896+0000] {dag.py:3696} INFO - Setting next_dagrun for hearing_news to 2023-09-14T00:00:00+00:00, run_after=2023-09-15T00:00:00+00:00
[2023-09-14T03:19:45.912+0000] {processor.py:179} INFO - Processing /opt/airflow/dags/hearing_news_dag.py took 0.104 seconds
[2023-09-14T03:20:16.153+0000] {processor.py:157} INFO - Started process (PID=438) to work on /opt/airflow/dags/hearing_news_dag.py
[2023-09-14T03:20:16.155+0000] {processor.py:829} INFO - Processing file /opt/airflow/dags/hearing_news_dag.py for tasks to queue
[2023-09-14T03:20:16.163+0000] {logging_mixin.py:151} INFO - [2023-09-14T03:20:16.163+0000] {dagbag.py:539} INFO - Filling up the DagBag from /opt/airflow/dags/hearing_news_dag.py
[2023-09-14T03:20:16.191+0000] {processor.py:839} INFO - DAG(s) dict_keys(['hearing_news']) retrieved from /opt/airflow/dags/hearing_news_dag.py
[2023-09-14T03:20:16.265+0000] {logging_mixin.py:151} INFO - [2023-09-14T03:20:16.265+0000] {dag.py:2915} INFO - Sync 1 DAGs
[2023-09-14T03:20:16.306+0000] {logging_mixin.py:151} INFO - [2023-09-14T03:20:16.306+0000] {dag.py:3696} INFO - Setting next_dagrun for hearing_news to 2023-09-14T00:00:00+00:00, run_after=2023-09-15T00:00:00+00:00
[2023-09-14T03:20:16.320+0000] {processor.py:179} INFO - Processing /opt/airflow/dags/hearing_news_dag.py took 0.174 seconds
[2023-09-14T03:20:46.509+0000] {processor.py:157} INFO - Started process (PID=447) to work on /opt/airflow/dags/hearing_news_dag.py
[2023-09-14T03:20:46.512+0000] {processor.py:829} INFO - Processing file /opt/airflow/dags/hearing_news_dag.py for tasks to queue
[2023-09-14T03:20:46.517+0000] {logging_mixin.py:151} INFO - [2023-09-14T03:20:46.517+0000] {dagbag.py:539} INFO - Filling up the DagBag from /opt/airflow/dags/hearing_news_dag.py
[2023-09-14T03:20:46.537+0000] {processor.py:839} INFO - DAG(s) dict_keys(['hearing_news']) retrieved from /opt/airflow/dags/hearing_news_dag.py
[2023-09-14T03:20:46.573+0000] {logging_mixin.py:151} INFO - [2023-09-14T03:20:46.573+0000] {dag.py:2915} INFO - Sync 1 DAGs
[2023-09-14T03:20:46.597+0000] {logging_mixin.py:151} INFO - [2023-09-14T03:20:46.597+0000] {dag.py:3696} INFO - Setting next_dagrun for hearing_news to 2023-09-14T00:00:00+00:00, run_after=2023-09-15T00:00:00+00:00
[2023-09-14T03:20:46.623+0000] {processor.py:179} INFO - Processing /opt/airflow/dags/hearing_news_dag.py took 0.120 seconds
[2023-09-14T03:21:16.879+0000] {processor.py:157} INFO - Started process (PID=456) to work on /opt/airflow/dags/hearing_news_dag.py
[2023-09-14T03:21:16.883+0000] {processor.py:829} INFO - Processing file /opt/airflow/dags/hearing_news_dag.py for tasks to queue
[2023-09-14T03:21:16.895+0000] {logging_mixin.py:151} INFO - [2023-09-14T03:21:16.893+0000] {dagbag.py:539} INFO - Filling up the DagBag from /opt/airflow/dags/hearing_news_dag.py
[2023-09-14T03:21:16.949+0000] {processor.py:839} INFO - DAG(s) dict_keys(['hearing_news']) retrieved from /opt/airflow/dags/hearing_news_dag.py
[2023-09-14T03:21:17.099+0000] {logging_mixin.py:151} INFO - [2023-09-14T03:21:17.097+0000] {dag.py:2915} INFO - Sync 1 DAGs
[2023-09-14T03:21:17.231+0000] {logging_mixin.py:151} INFO - [2023-09-14T03:21:17.231+0000] {dag.py:3696} INFO - Setting next_dagrun for hearing_news to 2023-09-14T00:00:00+00:00, run_after=2023-09-15T00:00:00+00:00
[2023-09-14T03:21:17.264+0000] {processor.py:179} INFO - Processing /opt/airflow/dags/hearing_news_dag.py took 0.394 seconds
[2023-09-14T03:21:47.383+0000] {processor.py:157} INFO - Started process (PID=465) to work on /opt/airflow/dags/hearing_news_dag.py
[2023-09-14T03:21:47.386+0000] {processor.py:829} INFO - Processing file /opt/airflow/dags/hearing_news_dag.py for tasks to queue
[2023-09-14T03:21:47.393+0000] {logging_mixin.py:151} INFO - [2023-09-14T03:21:47.392+0000] {dagbag.py:539} INFO - Filling up the DagBag from /opt/airflow/dags/hearing_news_dag.py
[2023-09-14T03:21:47.414+0000] {processor.py:839} INFO - DAG(s) dict_keys(['hearing_news']) retrieved from /opt/airflow/dags/hearing_news_dag.py
[2023-09-14T03:21:47.452+0000] {logging_mixin.py:151} INFO - [2023-09-14T03:21:47.452+0000] {dag.py:2915} INFO - Sync 1 DAGs
[2023-09-14T03:21:47.477+0000] {logging_mixin.py:151} INFO - [2023-09-14T03:21:47.477+0000] {dag.py:3696} INFO - Setting next_dagrun for hearing_news to 2023-09-14T00:00:00+00:00, run_after=2023-09-15T00:00:00+00:00
[2023-09-14T03:21:47.493+0000] {processor.py:179} INFO - Processing /opt/airflow/dags/hearing_news_dag.py took 0.117 seconds
[2023-09-14T03:22:17.777+0000] {processor.py:157} INFO - Started process (PID=474) to work on /opt/airflow/dags/hearing_news_dag.py
[2023-09-14T03:22:17.779+0000] {processor.py:829} INFO - Processing file /opt/airflow/dags/hearing_news_dag.py for tasks to queue
[2023-09-14T03:22:17.782+0000] {logging_mixin.py:151} INFO - [2023-09-14T03:22:17.782+0000] {dagbag.py:539} INFO - Filling up the DagBag from /opt/airflow/dags/hearing_news_dag.py
[2023-09-14T03:22:17.795+0000] {processor.py:839} INFO - DAG(s) dict_keys(['hearing_news']) retrieved from /opt/airflow/dags/hearing_news_dag.py
[2023-09-14T03:22:17.827+0000] {logging_mixin.py:151} INFO - [2023-09-14T03:22:17.826+0000] {dag.py:2915} INFO - Sync 1 DAGs
[2023-09-14T03:22:17.847+0000] {logging_mixin.py:151} INFO - [2023-09-14T03:22:17.847+0000] {dag.py:3696} INFO - Setting next_dagrun for hearing_news to 2023-09-14T00:00:00+00:00, run_after=2023-09-15T00:00:00+00:00
[2023-09-14T03:22:17.860+0000] {processor.py:179} INFO - Processing /opt/airflow/dags/hearing_news_dag.py took 0.086 seconds
[2023-09-14T03:23:21.225+0000] {processor.py:157} INFO - Started process (PID=27) to work on /opt/airflow/dags/hearing_news_dag.py
[2023-09-14T03:23:21.229+0000] {processor.py:829} INFO - Processing file /opt/airflow/dags/hearing_news_dag.py for tasks to queue
[2023-09-14T03:23:21.246+0000] {logging_mixin.py:151} INFO - [2023-09-14T03:23:21.245+0000] {dagbag.py:539} INFO - Filling up the DagBag from /opt/airflow/dags/hearing_news_dag.py
[2023-09-14T03:23:21.290+0000] {processor.py:839} INFO - DAG(s) dict_keys(['hearing_news']) retrieved from /opt/airflow/dags/hearing_news_dag.py
[2023-09-14T03:23:21.691+0000] {logging_mixin.py:151} INFO - [2023-09-14T03:23:21.690+0000] {security.py:708} INFO - Not syncing DAG-level permissions for DAG 'DAG:hearing_news' as access control is unset.
[2023-09-14T03:23:21.699+0000] {logging_mixin.py:151} INFO - [2023-09-14T03:23:21.698+0000] {dag.py:2915} INFO - Sync 1 DAGs
[2023-09-14T03:23:21.743+0000] {logging_mixin.py:151} INFO - [2023-09-14T03:23:21.742+0000] {dag.py:3696} INFO - Setting next_dagrun for hearing_news to 2023-09-14T00:00:00+00:00, run_after=2023-09-15T00:00:00+00:00
[2023-09-14T03:23:21.777+0000] {processor.py:179} INFO - Processing /opt/airflow/dags/hearing_news_dag.py took 0.575 seconds
[2023-09-14T03:23:52.097+0000] {processor.py:157} INFO - Started process (PID=36) to work on /opt/airflow/dags/hearing_news_dag.py
[2023-09-14T03:23:52.100+0000] {processor.py:829} INFO - Processing file /opt/airflow/dags/hearing_news_dag.py for tasks to queue
[2023-09-14T03:23:52.107+0000] {logging_mixin.py:151} INFO - [2023-09-14T03:23:52.106+0000] {dagbag.py:539} INFO - Filling up the DagBag from /opt/airflow/dags/hearing_news_dag.py
[2023-09-14T03:23:52.140+0000] {processor.py:839} INFO - DAG(s) dict_keys(['hearing_news']) retrieved from /opt/airflow/dags/hearing_news_dag.py
[2023-09-14T03:23:52.202+0000] {logging_mixin.py:151} INFO - [2023-09-14T03:23:52.202+0000] {dag.py:2915} INFO - Sync 1 DAGs
[2023-09-14T03:23:52.238+0000] {logging_mixin.py:151} INFO - [2023-09-14T03:23:52.237+0000] {dag.py:3696} INFO - Setting next_dagrun for hearing_news to 2023-09-14T00:00:00+00:00, run_after=2023-09-15T00:00:00+00:00
[2023-09-14T03:23:52.262+0000] {processor.py:179} INFO - Processing /opt/airflow/dags/hearing_news_dag.py took 0.177 seconds
[2023-09-14T03:24:22.606+0000] {processor.py:157} INFO - Started process (PID=45) to work on /opt/airflow/dags/hearing_news_dag.py
[2023-09-14T03:24:22.608+0000] {processor.py:829} INFO - Processing file /opt/airflow/dags/hearing_news_dag.py for tasks to queue
[2023-09-14T03:24:22.612+0000] {logging_mixin.py:151} INFO - [2023-09-14T03:24:22.612+0000] {dagbag.py:539} INFO - Filling up the DagBag from /opt/airflow/dags/hearing_news_dag.py
[2023-09-14T03:24:22.629+0000] {processor.py:839} INFO - DAG(s) dict_keys(['hearing_news']) retrieved from /opt/airflow/dags/hearing_news_dag.py
[2023-09-14T03:24:22.662+0000] {logging_mixin.py:151} INFO - [2023-09-14T03:24:22.661+0000] {dag.py:2915} INFO - Sync 1 DAGs
[2023-09-14T03:24:22.686+0000] {logging_mixin.py:151} INFO - [2023-09-14T03:24:22.685+0000] {dag.py:3696} INFO - Setting next_dagrun for hearing_news to 2023-09-14T00:00:00+00:00, run_after=2023-09-15T00:00:00+00:00
[2023-09-14T03:24:22.699+0000] {processor.py:179} INFO - Processing /opt/airflow/dags/hearing_news_dag.py took 0.099 seconds
[2023-09-14T03:24:52.921+0000] {processor.py:157} INFO - Started process (PID=54) to work on /opt/airflow/dags/hearing_news_dag.py
[2023-09-14T03:24:52.923+0000] {processor.py:829} INFO - Processing file /opt/airflow/dags/hearing_news_dag.py for tasks to queue
[2023-09-14T03:24:52.928+0000] {logging_mixin.py:151} INFO - [2023-09-14T03:24:52.927+0000] {dagbag.py:539} INFO - Filling up the DagBag from /opt/airflow/dags/hearing_news_dag.py
[2023-09-14T03:24:52.942+0000] {processor.py:839} INFO - DAG(s) dict_keys(['hearing_news']) retrieved from /opt/airflow/dags/hearing_news_dag.py
[2023-09-14T03:24:52.972+0000] {logging_mixin.py:151} INFO - [2023-09-14T03:24:52.971+0000] {dag.py:2915} INFO - Sync 1 DAGs
[2023-09-14T03:24:52.990+0000] {logging_mixin.py:151} INFO - [2023-09-14T03:24:52.990+0000] {dag.py:3696} INFO - Setting next_dagrun for hearing_news to 2023-09-14T00:00:00+00:00, run_after=2023-09-15T00:00:00+00:00
[2023-09-14T03:24:53.003+0000] {processor.py:179} INFO - Processing /opt/airflow/dags/hearing_news_dag.py took 0.088 seconds
[2023-09-14T03:25:23.330+0000] {processor.py:157} INFO - Started process (PID=63) to work on /opt/airflow/dags/hearing_news_dag.py
[2023-09-14T03:25:23.332+0000] {processor.py:829} INFO - Processing file /opt/airflow/dags/hearing_news_dag.py for tasks to queue
[2023-09-14T03:25:23.336+0000] {logging_mixin.py:151} INFO - [2023-09-14T03:25:23.336+0000] {dagbag.py:539} INFO - Filling up the DagBag from /opt/airflow/dags/hearing_news_dag.py
[2023-09-14T03:25:23.348+0000] {processor.py:839} INFO - DAG(s) dict_keys(['hearing_news']) retrieved from /opt/airflow/dags/hearing_news_dag.py
[2023-09-14T03:25:23.384+0000] {logging_mixin.py:151} INFO - [2023-09-14T03:25:23.384+0000] {dag.py:2915} INFO - Sync 1 DAGs
[2023-09-14T03:25:23.402+0000] {logging_mixin.py:151} INFO - [2023-09-14T03:25:23.402+0000] {dag.py:3696} INFO - Setting next_dagrun for hearing_news to 2023-09-14T00:00:00+00:00, run_after=2023-09-15T00:00:00+00:00
[2023-09-14T03:25:23.414+0000] {processor.py:179} INFO - Processing /opt/airflow/dags/hearing_news_dag.py took 0.090 seconds
[2023-09-14T03:25:51.576+0000] {processor.py:157} INFO - Started process (PID=72) to work on /opt/airflow/dags/hearing_news_dag.py
[2023-09-14T03:25:51.580+0000] {processor.py:829} INFO - Processing file /opt/airflow/dags/hearing_news_dag.py for tasks to queue
[2023-09-14T03:25:51.585+0000] {logging_mixin.py:151} INFO - [2023-09-14T03:25:51.585+0000] {dagbag.py:539} INFO - Filling up the DagBag from /opt/airflow/dags/hearing_news_dag.py
[2023-09-14T03:25:51.606+0000] {processor.py:839} INFO - DAG(s) dict_keys(['hearing_news']) retrieved from /opt/airflow/dags/hearing_news_dag.py
[2023-09-14T03:25:51.647+0000] {logging_mixin.py:151} INFO - [2023-09-14T03:25:51.647+0000] {dag.py:2915} INFO - Sync 1 DAGs
[2023-09-14T03:25:51.669+0000] {logging_mixin.py:151} INFO - [2023-09-14T03:25:51.668+0000] {dag.py:3696} INFO - Setting next_dagrun for hearing_news to 2023-09-14T00:00:00+00:00, run_after=2023-09-15T00:00:00+00:00
[2023-09-14T03:25:51.683+0000] {processor.py:179} INFO - Processing /opt/airflow/dags/hearing_news_dag.py took 0.114 seconds
[2023-09-14T03:25:52.659+0000] {processor.py:157} INFO - Started process (PID=73) to work on /opt/airflow/dags/hearing_news_dag.py
[2023-09-14T03:25:52.661+0000] {processor.py:829} INFO - Processing file /opt/airflow/dags/hearing_news_dag.py for tasks to queue
[2023-09-14T03:25:52.665+0000] {logging_mixin.py:151} INFO - [2023-09-14T03:25:52.665+0000] {dagbag.py:539} INFO - Filling up the DagBag from /opt/airflow/dags/hearing_news_dag.py
[2023-09-14T03:25:52.679+0000] {processor.py:839} INFO - DAG(s) dict_keys(['hearing_news']) retrieved from /opt/airflow/dags/hearing_news_dag.py
[2023-09-14T03:25:52.707+0000] {logging_mixin.py:151} INFO - [2023-09-14T03:25:52.707+0000] {dag.py:2915} INFO - Sync 1 DAGs
[2023-09-14T03:25:52.726+0000] {logging_mixin.py:151} INFO - [2023-09-14T03:25:52.726+0000] {dag.py:3696} INFO - Setting next_dagrun for hearing_news to 2023-09-14T00:00:00+00:00, run_after=2023-09-15T00:00:00+00:00
[2023-09-14T03:25:52.740+0000] {processor.py:179} INFO - Processing /opt/airflow/dags/hearing_news_dag.py took 0.087 seconds
[2023-09-14T03:26:23.078+0000] {processor.py:157} INFO - Started process (PID=82) to work on /opt/airflow/dags/hearing_news_dag.py
[2023-09-14T03:26:23.081+0000] {processor.py:829} INFO - Processing file /opt/airflow/dags/hearing_news_dag.py for tasks to queue
[2023-09-14T03:26:23.085+0000] {logging_mixin.py:151} INFO - [2023-09-14T03:26:23.085+0000] {dagbag.py:539} INFO - Filling up the DagBag from /opt/airflow/dags/hearing_news_dag.py
[2023-09-14T03:26:23.097+0000] {processor.py:839} INFO - DAG(s) dict_keys(['hearing_news']) retrieved from /opt/airflow/dags/hearing_news_dag.py
[2023-09-14T03:26:23.126+0000] {logging_mixin.py:151} INFO - [2023-09-14T03:26:23.126+0000] {dag.py:2915} INFO - Sync 1 DAGs
[2023-09-14T03:26:23.144+0000] {logging_mixin.py:151} INFO - [2023-09-14T03:26:23.144+0000] {dag.py:3696} INFO - Setting next_dagrun for hearing_news to 2023-09-14T00:00:00+00:00, run_after=2023-09-15T00:00:00+00:00
[2023-09-14T03:26:23.157+0000] {processor.py:179} INFO - Processing /opt/airflow/dags/hearing_news_dag.py took 0.084 seconds
[2023-09-14T03:26:53.487+0000] {processor.py:157} INFO - Started process (PID=91) to work on /opt/airflow/dags/hearing_news_dag.py
[2023-09-14T03:26:53.489+0000] {processor.py:829} INFO - Processing file /opt/airflow/dags/hearing_news_dag.py for tasks to queue
[2023-09-14T03:26:53.496+0000] {logging_mixin.py:151} INFO - [2023-09-14T03:26:53.493+0000] {dagbag.py:539} INFO - Filling up the DagBag from /opt/airflow/dags/hearing_news_dag.py
[2023-09-14T03:26:53.523+0000] {processor.py:839} INFO - DAG(s) dict_keys(['hearing_news']) retrieved from /opt/airflow/dags/hearing_news_dag.py
[2023-09-14T03:26:53.560+0000] {logging_mixin.py:151} INFO - [2023-09-14T03:26:53.560+0000] {dag.py:2915} INFO - Sync 1 DAGs
[2023-09-14T03:26:53.582+0000] {logging_mixin.py:151} INFO - [2023-09-14T03:26:53.582+0000] {dag.py:3696} INFO - Setting next_dagrun for hearing_news to 2023-09-14T00:00:00+00:00, run_after=2023-09-15T00:00:00+00:00
[2023-09-14T03:26:53.597+0000] {processor.py:179} INFO - Processing /opt/airflow/dags/hearing_news_dag.py took 0.116 seconds
[2023-09-14T03:27:23.802+0000] {processor.py:157} INFO - Started process (PID=100) to work on /opt/airflow/dags/hearing_news_dag.py
[2023-09-14T03:27:23.804+0000] {processor.py:829} INFO - Processing file /opt/airflow/dags/hearing_news_dag.py for tasks to queue
[2023-09-14T03:27:23.808+0000] {logging_mixin.py:151} INFO - [2023-09-14T03:27:23.808+0000] {dagbag.py:539} INFO - Filling up the DagBag from /opt/airflow/dags/hearing_news_dag.py
[2023-09-14T03:27:23.824+0000] {processor.py:839} INFO - DAG(s) dict_keys(['hearing_news']) retrieved from /opt/airflow/dags/hearing_news_dag.py
[2023-09-14T03:27:23.855+0000] {logging_mixin.py:151} INFO - [2023-09-14T03:27:23.855+0000] {dag.py:2915} INFO - Sync 1 DAGs
[2023-09-14T03:27:23.876+0000] {logging_mixin.py:151} INFO - [2023-09-14T03:27:23.876+0000] {dag.py:3696} INFO - Setting next_dagrun for hearing_news to 2023-09-14T00:00:00+00:00, run_after=2023-09-15T00:00:00+00:00
[2023-09-14T03:27:23.889+0000] {processor.py:179} INFO - Processing /opt/airflow/dags/hearing_news_dag.py took 0.091 seconds
[2023-09-14T03:27:54.195+0000] {processor.py:157} INFO - Started process (PID=109) to work on /opt/airflow/dags/hearing_news_dag.py
[2023-09-14T03:27:54.198+0000] {processor.py:829} INFO - Processing file /opt/airflow/dags/hearing_news_dag.py for tasks to queue
[2023-09-14T03:27:54.204+0000] {logging_mixin.py:151} INFO - [2023-09-14T03:27:54.203+0000] {dagbag.py:539} INFO - Filling up the DagBag from /opt/airflow/dags/hearing_news_dag.py
[2023-09-14T03:27:54.221+0000] {processor.py:839} INFO - DAG(s) dict_keys(['hearing_news']) retrieved from /opt/airflow/dags/hearing_news_dag.py
[2023-09-14T03:27:54.253+0000] {logging_mixin.py:151} INFO - [2023-09-14T03:27:54.253+0000] {dag.py:2915} INFO - Sync 1 DAGs
[2023-09-14T03:27:54.274+0000] {logging_mixin.py:151} INFO - [2023-09-14T03:27:54.274+0000] {dag.py:3696} INFO - Setting next_dagrun for hearing_news to 2023-09-14T00:00:00+00:00, run_after=2023-09-15T00:00:00+00:00
[2023-09-14T03:27:54.289+0000] {processor.py:179} INFO - Processing /opt/airflow/dags/hearing_news_dag.py took 0.101 seconds
[2023-09-14T03:28:24.625+0000] {processor.py:157} INFO - Started process (PID=118) to work on /opt/airflow/dags/hearing_news_dag.py
[2023-09-14T03:28:24.627+0000] {processor.py:829} INFO - Processing file /opt/airflow/dags/hearing_news_dag.py for tasks to queue
[2023-09-14T03:28:24.630+0000] {logging_mixin.py:151} INFO - [2023-09-14T03:28:24.630+0000] {dagbag.py:539} INFO - Filling up the DagBag from /opt/airflow/dags/hearing_news_dag.py
[2023-09-14T03:28:24.647+0000] {processor.py:839} INFO - DAG(s) dict_keys(['hearing_news']) retrieved from /opt/airflow/dags/hearing_news_dag.py
[2023-09-14T03:28:24.679+0000] {logging_mixin.py:151} INFO - [2023-09-14T03:28:24.679+0000] {dag.py:2915} INFO - Sync 1 DAGs
[2023-09-14T03:28:24.699+0000] {logging_mixin.py:151} INFO - [2023-09-14T03:28:24.699+0000] {dag.py:3696} INFO - Setting next_dagrun for hearing_news to 2023-09-14T00:00:00+00:00, run_after=2023-09-15T00:00:00+00:00
[2023-09-14T03:28:24.711+0000] {processor.py:179} INFO - Processing /opt/airflow/dags/hearing_news_dag.py took 0.090 seconds
[2023-09-14T03:28:55.007+0000] {processor.py:157} INFO - Started process (PID=127) to work on /opt/airflow/dags/hearing_news_dag.py
[2023-09-14T03:28:55.009+0000] {processor.py:829} INFO - Processing file /opt/airflow/dags/hearing_news_dag.py for tasks to queue
[2023-09-14T03:28:55.012+0000] {logging_mixin.py:151} INFO - [2023-09-14T03:28:55.011+0000] {dagbag.py:539} INFO - Filling up the DagBag from /opt/airflow/dags/hearing_news_dag.py
[2023-09-14T03:28:55.022+0000] {processor.py:839} INFO - DAG(s) dict_keys(['hearing_news']) retrieved from /opt/airflow/dags/hearing_news_dag.py
[2023-09-14T03:28:55.048+0000] {logging_mixin.py:151} INFO - [2023-09-14T03:28:55.048+0000] {dag.py:2915} INFO - Sync 1 DAGs
[2023-09-14T03:28:55.065+0000] {logging_mixin.py:151} INFO - [2023-09-14T03:28:55.065+0000] {dag.py:3696} INFO - Setting next_dagrun for hearing_news to 2023-09-14T00:00:00+00:00, run_after=2023-09-15T00:00:00+00:00
[2023-09-14T03:28:55.077+0000] {processor.py:179} INFO - Processing /opt/airflow/dags/hearing_news_dag.py took 0.073 seconds
[2023-09-14T03:29:25.392+0000] {processor.py:157} INFO - Started process (PID=136) to work on /opt/airflow/dags/hearing_news_dag.py
[2023-09-14T03:29:25.394+0000] {processor.py:829} INFO - Processing file /opt/airflow/dags/hearing_news_dag.py for tasks to queue
[2023-09-14T03:29:25.397+0000] {logging_mixin.py:151} INFO - [2023-09-14T03:29:25.397+0000] {dagbag.py:539} INFO - Filling up the DagBag from /opt/airflow/dags/hearing_news_dag.py
[2023-09-14T03:29:25.407+0000] {processor.py:839} INFO - DAG(s) dict_keys(['hearing_news']) retrieved from /opt/airflow/dags/hearing_news_dag.py
[2023-09-14T03:29:25.433+0000] {logging_mixin.py:151} INFO - [2023-09-14T03:29:25.433+0000] {dag.py:2915} INFO - Sync 1 DAGs
[2023-09-14T03:29:25.451+0000] {logging_mixin.py:151} INFO - [2023-09-14T03:29:25.450+0000] {dag.py:3696} INFO - Setting next_dagrun for hearing_news to 2023-09-14T00:00:00+00:00, run_after=2023-09-15T00:00:00+00:00
[2023-09-14T03:29:25.463+0000] {processor.py:179} INFO - Processing /opt/airflow/dags/hearing_news_dag.py took 0.074 seconds
[2023-09-14T03:29:55.840+0000] {processor.py:157} INFO - Started process (PID=146) to work on /opt/airflow/dags/hearing_news_dag.py
[2023-09-14T03:29:55.842+0000] {processor.py:829} INFO - Processing file /opt/airflow/dags/hearing_news_dag.py for tasks to queue
[2023-09-14T03:29:55.848+0000] {logging_mixin.py:151} INFO - [2023-09-14T03:29:55.847+0000] {dagbag.py:539} INFO - Filling up the DagBag from /opt/airflow/dags/hearing_news_dag.py
[2023-09-14T03:29:55.868+0000] {processor.py:839} INFO - DAG(s) dict_keys(['hearing_news']) retrieved from /opt/airflow/dags/hearing_news_dag.py
[2023-09-14T03:29:55.914+0000] {logging_mixin.py:151} INFO - [2023-09-14T03:29:55.913+0000] {dag.py:2915} INFO - Sync 1 DAGs
[2023-09-14T03:29:55.939+0000] {logging_mixin.py:151} INFO - [2023-09-14T03:29:55.939+0000] {dag.py:3696} INFO - Setting next_dagrun for hearing_news to 2023-09-14T00:00:00+00:00, run_after=2023-09-15T00:00:00+00:00
[2023-09-14T03:29:55.957+0000] {processor.py:179} INFO - Processing /opt/airflow/dags/hearing_news_dag.py took 0.123 seconds
[2023-09-14T03:30:26.267+0000] {processor.py:157} INFO - Started process (PID=154) to work on /opt/airflow/dags/hearing_news_dag.py
[2023-09-14T03:30:26.274+0000] {processor.py:829} INFO - Processing file /opt/airflow/dags/hearing_news_dag.py for tasks to queue
[2023-09-14T03:30:26.300+0000] {logging_mixin.py:151} INFO - [2023-09-14T03:30:26.299+0000] {dagbag.py:539} INFO - Filling up the DagBag from /opt/airflow/dags/hearing_news_dag.py
[2023-09-14T03:30:26.334+0000] {processor.py:839} INFO - DAG(s) dict_keys(['hearing_news']) retrieved from /opt/airflow/dags/hearing_news_dag.py
[2023-09-14T03:30:26.404+0000] {logging_mixin.py:151} INFO - [2023-09-14T03:30:26.404+0000] {dag.py:2915} INFO - Sync 1 DAGs
[2023-09-14T03:30:26.469+0000] {logging_mixin.py:151} INFO - [2023-09-14T03:30:26.468+0000] {dag.py:3696} INFO - Setting next_dagrun for hearing_news to 2023-09-14T00:00:00+00:00, run_after=2023-09-15T00:00:00+00:00
[2023-09-14T03:30:26.494+0000] {processor.py:179} INFO - Processing /opt/airflow/dags/hearing_news_dag.py took 0.238 seconds
[2023-09-14T03:30:56.664+0000] {processor.py:157} INFO - Started process (PID=163) to work on /opt/airflow/dags/hearing_news_dag.py
[2023-09-14T03:30:56.667+0000] {processor.py:829} INFO - Processing file /opt/airflow/dags/hearing_news_dag.py for tasks to queue
[2023-09-14T03:30:56.672+0000] {logging_mixin.py:151} INFO - [2023-09-14T03:30:56.672+0000] {dagbag.py:539} INFO - Filling up the DagBag from /opt/airflow/dags/hearing_news_dag.py
[2023-09-14T03:30:56.692+0000] {processor.py:839} INFO - DAG(s) dict_keys(['hearing_news']) retrieved from /opt/airflow/dags/hearing_news_dag.py
[2023-09-14T03:30:56.734+0000] {logging_mixin.py:151} INFO - [2023-09-14T03:30:56.733+0000] {dag.py:2915} INFO - Sync 1 DAGs
[2023-09-14T03:30:56.759+0000] {logging_mixin.py:151} INFO - [2023-09-14T03:30:56.759+0000] {dag.py:3696} INFO - Setting next_dagrun for hearing_news to 2023-09-14T00:00:00+00:00, run_after=2023-09-15T00:00:00+00:00
[2023-09-14T03:30:56.774+0000] {processor.py:179} INFO - Processing /opt/airflow/dags/hearing_news_dag.py took 0.116 seconds
