[2023-09-13T19:15:54.087+0000] {processor.py:157} INFO - Started process (PID=67) to work on /home/airflow/.local/lib/python3.8/site-packages/airflow/example_dags/example_latest_only_with_trigger.py
[2023-09-13T19:15:54.088+0000] {processor.py:829} INFO - Processing file /home/airflow/.local/lib/python3.8/site-packages/airflow/example_dags/example_latest_only_with_trigger.py for tasks to queue
[2023-09-13T19:15:54.092+0000] {logging_mixin.py:151} INFO - [2023-09-13T19:15:54.091+0000] {dagbag.py:539} INFO - Filling up the DagBag from /home/airflow/.local/lib/python3.8/site-packages/airflow/example_dags/example_latest_only_with_trigger.py
[2023-09-13T19:15:54.100+0000] {processor.py:839} INFO - DAG(s) dict_keys(['latest_only_with_trigger']) retrieved from /home/airflow/.local/lib/python3.8/site-packages/airflow/example_dags/example_latest_only_with_trigger.py
[2023-09-13T19:15:54.193+0000] {logging_mixin.py:151} INFO - [2023-09-13T19:15:54.192+0000] {manager.py:499} INFO - Created Permission View: %s
[2023-09-13T19:15:54.200+0000] {logging_mixin.py:151} INFO - [2023-09-13T19:15:54.200+0000] {manager.py:499} INFO - Created Permission View: %s
[2023-09-13T19:15:54.205+0000] {logging_mixin.py:151} INFO - [2023-09-13T19:15:54.205+0000] {manager.py:499} INFO - Created Permission View: %s
[2023-09-13T19:15:54.206+0000] {logging_mixin.py:151} INFO - [2023-09-13T19:15:54.205+0000] {security.py:708} INFO - Not syncing DAG-level permissions for DAG 'DAG:latest_only_with_trigger' as access control is unset.
[2023-09-13T19:15:54.206+0000] {logging_mixin.py:151} INFO - [2023-09-13T19:15:54.206+0000] {dag.py:2915} INFO - Sync 1 DAGs
[2023-09-13T19:15:54.215+0000] {logging_mixin.py:151} INFO - [2023-09-13T19:15:54.215+0000] {dag.py:2937} INFO - Creating ORM DAG for latest_only_with_trigger
[2023-09-13T19:15:54.224+0000] {logging_mixin.py:151} INFO - [2023-09-13T19:15:54.224+0000] {dag.py:3696} INFO - Setting next_dagrun for latest_only_with_trigger to 2023-09-13T15:15:54.223789+00:00, run_after=2023-09-13T19:15:54.223789+00:00
[2023-09-13T19:15:54.238+0000] {processor.py:179} INFO - Processing /home/airflow/.local/lib/python3.8/site-packages/airflow/example_dags/example_latest_only_with_trigger.py took 0.155 seconds
[2023-09-13T19:16:24.307+0000] {processor.py:157} INFO - Started process (PID=121) to work on /home/airflow/.local/lib/python3.8/site-packages/airflow/example_dags/example_latest_only_with_trigger.py
[2023-09-13T19:16:24.308+0000] {processor.py:829} INFO - Processing file /home/airflow/.local/lib/python3.8/site-packages/airflow/example_dags/example_latest_only_with_trigger.py for tasks to queue
[2023-09-13T19:16:24.311+0000] {logging_mixin.py:151} INFO - [2023-09-13T19:16:24.311+0000] {dagbag.py:539} INFO - Filling up the DagBag from /home/airflow/.local/lib/python3.8/site-packages/airflow/example_dags/example_latest_only_with_trigger.py
[2023-09-13T19:16:24.316+0000] {processor.py:839} INFO - DAG(s) dict_keys(['latest_only_with_trigger']) retrieved from /home/airflow/.local/lib/python3.8/site-packages/airflow/example_dags/example_latest_only_with_trigger.py
[2023-09-13T19:16:24.338+0000] {logging_mixin.py:151} INFO - [2023-09-13T19:16:24.337+0000] {dag.py:2915} INFO - Sync 1 DAGs
[2023-09-13T19:16:24.354+0000] {logging_mixin.py:151} INFO - [2023-09-13T19:16:24.354+0000] {dag.py:3696} INFO - Setting next_dagrun for latest_only_with_trigger to 2023-09-13T15:16:24.354270+00:00, run_after=2023-09-13T19:16:24.354270+00:00
[2023-09-13T19:16:24.366+0000] {processor.py:179} INFO - Processing /home/airflow/.local/lib/python3.8/site-packages/airflow/example_dags/example_latest_only_with_trigger.py took 0.063 seconds
[2023-09-13T19:16:54.677+0000] {processor.py:157} INFO - Started process (PID=174) to work on /home/airflow/.local/lib/python3.8/site-packages/airflow/example_dags/example_latest_only_with_trigger.py
[2023-09-13T19:16:54.679+0000] {processor.py:829} INFO - Processing file /home/airflow/.local/lib/python3.8/site-packages/airflow/example_dags/example_latest_only_with_trigger.py for tasks to queue
[2023-09-13T19:16:54.681+0000] {logging_mixin.py:151} INFO - [2023-09-13T19:16:54.681+0000] {dagbag.py:539} INFO - Filling up the DagBag from /home/airflow/.local/lib/python3.8/site-packages/airflow/example_dags/example_latest_only_with_trigger.py
[2023-09-13T19:16:54.688+0000] {processor.py:839} INFO - DAG(s) dict_keys(['latest_only_with_trigger']) retrieved from /home/airflow/.local/lib/python3.8/site-packages/airflow/example_dags/example_latest_only_with_trigger.py
[2023-09-13T19:16:54.709+0000] {logging_mixin.py:151} INFO - [2023-09-13T19:16:54.709+0000] {dag.py:2915} INFO - Sync 1 DAGs
[2023-09-13T19:16:54.725+0000] {logging_mixin.py:151} INFO - [2023-09-13T19:16:54.725+0000] {dag.py:3696} INFO - Setting next_dagrun for latest_only_with_trigger to 2023-09-13T15:16:54.725315+00:00, run_after=2023-09-13T19:16:54.725315+00:00
[2023-09-13T19:16:54.737+0000] {processor.py:179} INFO - Processing /home/airflow/.local/lib/python3.8/site-packages/airflow/example_dags/example_latest_only_with_trigger.py took 0.063 seconds
[2023-09-13T19:17:24.918+0000] {processor.py:157} INFO - Started process (PID=228) to work on /home/airflow/.local/lib/python3.8/site-packages/airflow/example_dags/example_latest_only_with_trigger.py
[2023-09-13T19:17:24.919+0000] {processor.py:829} INFO - Processing file /home/airflow/.local/lib/python3.8/site-packages/airflow/example_dags/example_latest_only_with_trigger.py for tasks to queue
[2023-09-13T19:17:24.922+0000] {logging_mixin.py:151} INFO - [2023-09-13T19:17:24.922+0000] {dagbag.py:539} INFO - Filling up the DagBag from /home/airflow/.local/lib/python3.8/site-packages/airflow/example_dags/example_latest_only_with_trigger.py
[2023-09-13T19:17:24.927+0000] {processor.py:839} INFO - DAG(s) dict_keys(['latest_only_with_trigger']) retrieved from /home/airflow/.local/lib/python3.8/site-packages/airflow/example_dags/example_latest_only_with_trigger.py
[2023-09-13T19:17:24.948+0000] {logging_mixin.py:151} INFO - [2023-09-13T19:17:24.948+0000] {dag.py:2915} INFO - Sync 1 DAGs
[2023-09-13T19:17:24.965+0000] {logging_mixin.py:151} INFO - [2023-09-13T19:17:24.965+0000] {dag.py:3696} INFO - Setting next_dagrun for latest_only_with_trigger to 2023-09-13T15:17:24.964833+00:00, run_after=2023-09-13T19:17:24.964833+00:00
[2023-09-13T19:17:24.978+0000] {processor.py:179} INFO - Processing /home/airflow/.local/lib/python3.8/site-packages/airflow/example_dags/example_latest_only_with_trigger.py took 0.063 seconds
[2023-09-13T19:17:55.230+0000] {processor.py:157} INFO - Started process (PID=282) to work on /home/airflow/.local/lib/python3.8/site-packages/airflow/example_dags/example_latest_only_with_trigger.py
[2023-09-13T19:17:55.232+0000] {processor.py:829} INFO - Processing file /home/airflow/.local/lib/python3.8/site-packages/airflow/example_dags/example_latest_only_with_trigger.py for tasks to queue
[2023-09-13T19:17:55.234+0000] {logging_mixin.py:151} INFO - [2023-09-13T19:17:55.234+0000] {dagbag.py:539} INFO - Filling up the DagBag from /home/airflow/.local/lib/python3.8/site-packages/airflow/example_dags/example_latest_only_with_trigger.py
[2023-09-13T19:17:55.240+0000] {processor.py:839} INFO - DAG(s) dict_keys(['latest_only_with_trigger']) retrieved from /home/airflow/.local/lib/python3.8/site-packages/airflow/example_dags/example_latest_only_with_trigger.py
[2023-09-13T19:17:55.262+0000] {logging_mixin.py:151} INFO - [2023-09-13T19:17:55.262+0000] {dag.py:2915} INFO - Sync 1 DAGs
[2023-09-13T19:17:55.280+0000] {logging_mixin.py:151} INFO - [2023-09-13T19:17:55.279+0000] {dag.py:3696} INFO - Setting next_dagrun for latest_only_with_trigger to 2023-09-13T15:17:55.279624+00:00, run_after=2023-09-13T19:17:55.279624+00:00
[2023-09-13T19:17:55.292+0000] {processor.py:179} INFO - Processing /home/airflow/.local/lib/python3.8/site-packages/airflow/example_dags/example_latest_only_with_trigger.py took 0.065 seconds
[2023-09-13T19:18:25.471+0000] {processor.py:157} INFO - Started process (PID=336) to work on /home/airflow/.local/lib/python3.8/site-packages/airflow/example_dags/example_latest_only_with_trigger.py
[2023-09-13T19:18:25.472+0000] {processor.py:829} INFO - Processing file /home/airflow/.local/lib/python3.8/site-packages/airflow/example_dags/example_latest_only_with_trigger.py for tasks to queue
[2023-09-13T19:18:25.475+0000] {logging_mixin.py:151} INFO - [2023-09-13T19:18:25.475+0000] {dagbag.py:539} INFO - Filling up the DagBag from /home/airflow/.local/lib/python3.8/site-packages/airflow/example_dags/example_latest_only_with_trigger.py
[2023-09-13T19:18:25.481+0000] {processor.py:839} INFO - DAG(s) dict_keys(['latest_only_with_trigger']) retrieved from /home/airflow/.local/lib/python3.8/site-packages/airflow/example_dags/example_latest_only_with_trigger.py
[2023-09-13T19:18:25.506+0000] {logging_mixin.py:151} INFO - [2023-09-13T19:18:25.506+0000] {dag.py:2915} INFO - Sync 1 DAGs
[2023-09-13T19:18:25.524+0000] {logging_mixin.py:151} INFO - [2023-09-13T19:18:25.524+0000] {dag.py:3696} INFO - Setting next_dagrun for latest_only_with_trigger to 2023-09-13T15:18:25.524187+00:00, run_after=2023-09-13T19:18:25.524187+00:00
[2023-09-13T19:18:25.537+0000] {processor.py:179} INFO - Processing /home/airflow/.local/lib/python3.8/site-packages/airflow/example_dags/example_latest_only_with_trigger.py took 0.070 seconds
[2023-09-13T19:18:56.000+0000] {processor.py:157} INFO - Started process (PID=390) to work on /home/airflow/.local/lib/python3.8/site-packages/airflow/example_dags/example_latest_only_with_trigger.py
[2023-09-13T19:18:56.001+0000] {processor.py:829} INFO - Processing file /home/airflow/.local/lib/python3.8/site-packages/airflow/example_dags/example_latest_only_with_trigger.py for tasks to queue
[2023-09-13T19:18:56.004+0000] {logging_mixin.py:151} INFO - [2023-09-13T19:18:56.004+0000] {dagbag.py:539} INFO - Filling up the DagBag from /home/airflow/.local/lib/python3.8/site-packages/airflow/example_dags/example_latest_only_with_trigger.py
[2023-09-13T19:18:56.010+0000] {processor.py:839} INFO - DAG(s) dict_keys(['latest_only_with_trigger']) retrieved from /home/airflow/.local/lib/python3.8/site-packages/airflow/example_dags/example_latest_only_with_trigger.py
[2023-09-13T19:18:56.031+0000] {logging_mixin.py:151} INFO - [2023-09-13T19:18:56.031+0000] {dag.py:2915} INFO - Sync 1 DAGs
[2023-09-13T19:18:56.048+0000] {logging_mixin.py:151} INFO - [2023-09-13T19:18:56.048+0000] {dag.py:3696} INFO - Setting next_dagrun for latest_only_with_trigger to 2023-09-13T15:18:56.047967+00:00, run_after=2023-09-13T19:18:56.047967+00:00
[2023-09-13T19:18:56.061+0000] {processor.py:179} INFO - Processing /home/airflow/.local/lib/python3.8/site-packages/airflow/example_dags/example_latest_only_with_trigger.py took 0.064 seconds
[2023-09-13T19:19:26.356+0000] {processor.py:157} INFO - Started process (PID=445) to work on /home/airflow/.local/lib/python3.8/site-packages/airflow/example_dags/example_latest_only_with_trigger.py
[2023-09-13T19:19:26.358+0000] {processor.py:829} INFO - Processing file /home/airflow/.local/lib/python3.8/site-packages/airflow/example_dags/example_latest_only_with_trigger.py for tasks to queue
[2023-09-13T19:19:26.360+0000] {logging_mixin.py:151} INFO - [2023-09-13T19:19:26.360+0000] {dagbag.py:539} INFO - Filling up the DagBag from /home/airflow/.local/lib/python3.8/site-packages/airflow/example_dags/example_latest_only_with_trigger.py
[2023-09-13T19:19:26.366+0000] {processor.py:839} INFO - DAG(s) dict_keys(['latest_only_with_trigger']) retrieved from /home/airflow/.local/lib/python3.8/site-packages/airflow/example_dags/example_latest_only_with_trigger.py
[2023-09-13T19:19:26.388+0000] {logging_mixin.py:151} INFO - [2023-09-13T19:19:26.388+0000] {dag.py:2915} INFO - Sync 1 DAGs
[2023-09-13T19:19:26.406+0000] {logging_mixin.py:151} INFO - [2023-09-13T19:19:26.406+0000] {dag.py:3696} INFO - Setting next_dagrun for latest_only_with_trigger to 2023-09-13T15:19:26.405998+00:00, run_after=2023-09-13T19:19:26.405998+00:00
[2023-09-13T19:19:26.419+0000] {processor.py:179} INFO - Processing /home/airflow/.local/lib/python3.8/site-packages/airflow/example_dags/example_latest_only_with_trigger.py took 0.067 seconds
[2023-09-13T19:19:57.389+0000] {processor.py:157} INFO - Started process (PID=499) to work on /home/airflow/.local/lib/python3.8/site-packages/airflow/example_dags/example_latest_only_with_trigger.py
[2023-09-13T19:19:57.392+0000] {processor.py:829} INFO - Processing file /home/airflow/.local/lib/python3.8/site-packages/airflow/example_dags/example_latest_only_with_trigger.py for tasks to queue
[2023-09-13T19:19:57.395+0000] {logging_mixin.py:151} INFO - [2023-09-13T19:19:57.394+0000] {dagbag.py:539} INFO - Filling up the DagBag from /home/airflow/.local/lib/python3.8/site-packages/airflow/example_dags/example_latest_only_with_trigger.py
[2023-09-13T19:19:57.402+0000] {processor.py:839} INFO - DAG(s) dict_keys(['latest_only_with_trigger']) retrieved from /home/airflow/.local/lib/python3.8/site-packages/airflow/example_dags/example_latest_only_with_trigger.py
[2023-09-13T19:19:57.425+0000] {logging_mixin.py:151} INFO - [2023-09-13T19:19:57.425+0000] {dag.py:2915} INFO - Sync 1 DAGs
[2023-09-13T19:19:57.444+0000] {logging_mixin.py:151} INFO - [2023-09-13T19:19:57.444+0000] {dag.py:3696} INFO - Setting next_dagrun for latest_only_with_trigger to 2023-09-13T15:19:57.443865+00:00, run_after=2023-09-13T19:19:57.443865+00:00
[2023-09-13T19:19:57.457+0000] {processor.py:179} INFO - Processing /home/airflow/.local/lib/python3.8/site-packages/airflow/example_dags/example_latest_only_with_trigger.py took 0.072 seconds
[2023-09-13T19:20:27.707+0000] {processor.py:157} INFO - Started process (PID=552) to work on /home/airflow/.local/lib/python3.8/site-packages/airflow/example_dags/example_latest_only_with_trigger.py
[2023-09-13T19:20:27.709+0000] {processor.py:829} INFO - Processing file /home/airflow/.local/lib/python3.8/site-packages/airflow/example_dags/example_latest_only_with_trigger.py for tasks to queue
[2023-09-13T19:20:27.711+0000] {logging_mixin.py:151} INFO - [2023-09-13T19:20:27.711+0000] {dagbag.py:539} INFO - Filling up the DagBag from /home/airflow/.local/lib/python3.8/site-packages/airflow/example_dags/example_latest_only_with_trigger.py
[2023-09-13T19:20:27.717+0000] {processor.py:839} INFO - DAG(s) dict_keys(['latest_only_with_trigger']) retrieved from /home/airflow/.local/lib/python3.8/site-packages/airflow/example_dags/example_latest_only_with_trigger.py
[2023-09-13T19:20:27.738+0000] {logging_mixin.py:151} INFO - [2023-09-13T19:20:27.738+0000] {dag.py:2915} INFO - Sync 1 DAGs
[2023-09-13T19:20:27.755+0000] {logging_mixin.py:151} INFO - [2023-09-13T19:20:27.755+0000] {dag.py:3696} INFO - Setting next_dagrun for latest_only_with_trigger to 2023-09-13T15:20:27.754858+00:00, run_after=2023-09-13T19:20:27.754858+00:00
[2023-09-13T19:20:27.767+0000] {processor.py:179} INFO - Processing /home/airflow/.local/lib/python3.8/site-packages/airflow/example_dags/example_latest_only_with_trigger.py took 0.064 seconds
[2023-09-13T19:20:58.551+0000] {processor.py:157} INFO - Started process (PID=606) to work on /home/airflow/.local/lib/python3.8/site-packages/airflow/example_dags/example_latest_only_with_trigger.py
[2023-09-13T19:20:58.553+0000] {processor.py:829} INFO - Processing file /home/airflow/.local/lib/python3.8/site-packages/airflow/example_dags/example_latest_only_with_trigger.py for tasks to queue
[2023-09-13T19:20:58.555+0000] {logging_mixin.py:151} INFO - [2023-09-13T19:20:58.555+0000] {dagbag.py:539} INFO - Filling up the DagBag from /home/airflow/.local/lib/python3.8/site-packages/airflow/example_dags/example_latest_only_with_trigger.py
[2023-09-13T19:20:58.562+0000] {processor.py:839} INFO - DAG(s) dict_keys(['latest_only_with_trigger']) retrieved from /home/airflow/.local/lib/python3.8/site-packages/airflow/example_dags/example_latest_only_with_trigger.py
[2023-09-13T19:20:58.586+0000] {logging_mixin.py:151} INFO - [2023-09-13T19:20:58.586+0000] {dag.py:2915} INFO - Sync 1 DAGs
[2023-09-13T19:20:58.604+0000] {logging_mixin.py:151} INFO - [2023-09-13T19:20:58.604+0000] {dag.py:3696} INFO - Setting next_dagrun for latest_only_with_trigger to 2023-09-13T15:20:58.604512+00:00, run_after=2023-09-13T19:20:58.604512+00:00
[2023-09-13T19:20:58.617+0000] {processor.py:179} INFO - Processing /home/airflow/.local/lib/python3.8/site-packages/airflow/example_dags/example_latest_only_with_trigger.py took 0.070 seconds
[2023-09-13T19:21:29.247+0000] {processor.py:157} INFO - Started process (PID=660) to work on /home/airflow/.local/lib/python3.8/site-packages/airflow/example_dags/example_latest_only_with_trigger.py
[2023-09-13T19:21:29.249+0000] {processor.py:829} INFO - Processing file /home/airflow/.local/lib/python3.8/site-packages/airflow/example_dags/example_latest_only_with_trigger.py for tasks to queue
[2023-09-13T19:21:29.251+0000] {logging_mixin.py:151} INFO - [2023-09-13T19:21:29.251+0000] {dagbag.py:539} INFO - Filling up the DagBag from /home/airflow/.local/lib/python3.8/site-packages/airflow/example_dags/example_latest_only_with_trigger.py
[2023-09-13T19:21:29.257+0000] {processor.py:839} INFO - DAG(s) dict_keys(['latest_only_with_trigger']) retrieved from /home/airflow/.local/lib/python3.8/site-packages/airflow/example_dags/example_latest_only_with_trigger.py
[2023-09-13T19:21:29.279+0000] {logging_mixin.py:151} INFO - [2023-09-13T19:21:29.279+0000] {dag.py:2915} INFO - Sync 1 DAGs
[2023-09-13T19:21:29.297+0000] {logging_mixin.py:151} INFO - [2023-09-13T19:21:29.297+0000] {dag.py:3696} INFO - Setting next_dagrun for latest_only_with_trigger to 2023-09-13T15:21:29.297017+00:00, run_after=2023-09-13T19:21:29.297017+00:00
[2023-09-13T19:21:29.309+0000] {processor.py:179} INFO - Processing /home/airflow/.local/lib/python3.8/site-packages/airflow/example_dags/example_latest_only_with_trigger.py took 0.065 seconds
[2023-09-13T19:21:59.904+0000] {processor.py:157} INFO - Started process (PID=721) to work on /home/airflow/.local/lib/python3.8/site-packages/airflow/example_dags/example_latest_only_with_trigger.py
[2023-09-13T19:21:59.905+0000] {processor.py:829} INFO - Processing file /home/airflow/.local/lib/python3.8/site-packages/airflow/example_dags/example_latest_only_with_trigger.py for tasks to queue
[2023-09-13T19:21:59.908+0000] {logging_mixin.py:151} INFO - [2023-09-13T19:21:59.907+0000] {dagbag.py:539} INFO - Filling up the DagBag from /home/airflow/.local/lib/python3.8/site-packages/airflow/example_dags/example_latest_only_with_trigger.py
[2023-09-13T19:21:59.913+0000] {processor.py:839} INFO - DAG(s) dict_keys(['latest_only_with_trigger']) retrieved from /home/airflow/.local/lib/python3.8/site-packages/airflow/example_dags/example_latest_only_with_trigger.py
[2023-09-13T19:21:59.935+0000] {logging_mixin.py:151} INFO - [2023-09-13T19:21:59.934+0000] {dag.py:2915} INFO - Sync 1 DAGs
[2023-09-13T19:21:59.951+0000] {logging_mixin.py:151} INFO - [2023-09-13T19:21:59.951+0000] {dag.py:3696} INFO - Setting next_dagrun for latest_only_with_trigger to 2023-09-13T15:21:59.950925+00:00, run_after=2023-09-13T19:21:59.950925+00:00
[2023-09-13T19:21:59.964+0000] {processor.py:179} INFO - Processing /home/airflow/.local/lib/python3.8/site-packages/airflow/example_dags/example_latest_only_with_trigger.py took 0.064 seconds
[2023-09-13T19:22:30.735+0000] {processor.py:157} INFO - Started process (PID=775) to work on /home/airflow/.local/lib/python3.8/site-packages/airflow/example_dags/example_latest_only_with_trigger.py
[2023-09-13T19:22:30.736+0000] {processor.py:829} INFO - Processing file /home/airflow/.local/lib/python3.8/site-packages/airflow/example_dags/example_latest_only_with_trigger.py for tasks to queue
[2023-09-13T19:22:30.739+0000] {logging_mixin.py:151} INFO - [2023-09-13T19:22:30.738+0000] {dagbag.py:539} INFO - Filling up the DagBag from /home/airflow/.local/lib/python3.8/site-packages/airflow/example_dags/example_latest_only_with_trigger.py
[2023-09-13T19:22:30.744+0000] {processor.py:839} INFO - DAG(s) dict_keys(['latest_only_with_trigger']) retrieved from /home/airflow/.local/lib/python3.8/site-packages/airflow/example_dags/example_latest_only_with_trigger.py
[2023-09-13T19:22:30.768+0000] {logging_mixin.py:151} INFO - [2023-09-13T19:22:30.768+0000] {dag.py:2915} INFO - Sync 1 DAGs
[2023-09-13T19:22:30.786+0000] {logging_mixin.py:151} INFO - [2023-09-13T19:22:30.785+0000] {dag.py:3696} INFO - Setting next_dagrun for latest_only_with_trigger to 2023-09-13T15:22:30.785572+00:00, run_after=2023-09-13T19:22:30.785572+00:00
[2023-09-13T19:22:30.799+0000] {processor.py:179} INFO - Processing /home/airflow/.local/lib/python3.8/site-packages/airflow/example_dags/example_latest_only_with_trigger.py took 0.068 seconds
[2023-09-13T19:23:01.127+0000] {processor.py:157} INFO - Started process (PID=829) to work on /home/airflow/.local/lib/python3.8/site-packages/airflow/example_dags/example_latest_only_with_trigger.py
[2023-09-13T19:23:01.129+0000] {processor.py:829} INFO - Processing file /home/airflow/.local/lib/python3.8/site-packages/airflow/example_dags/example_latest_only_with_trigger.py for tasks to queue
[2023-09-13T19:23:01.131+0000] {logging_mixin.py:151} INFO - [2023-09-13T19:23:01.131+0000] {dagbag.py:539} INFO - Filling up the DagBag from /home/airflow/.local/lib/python3.8/site-packages/airflow/example_dags/example_latest_only_with_trigger.py
[2023-09-13T19:23:01.137+0000] {processor.py:839} INFO - DAG(s) dict_keys(['latest_only_with_trigger']) retrieved from /home/airflow/.local/lib/python3.8/site-packages/airflow/example_dags/example_latest_only_with_trigger.py
[2023-09-13T19:23:01.159+0000] {logging_mixin.py:151} INFO - [2023-09-13T19:23:01.159+0000] {dag.py:2915} INFO - Sync 1 DAGs
[2023-09-13T19:23:01.176+0000] {logging_mixin.py:151} INFO - [2023-09-13T19:23:01.176+0000] {dag.py:3696} INFO - Setting next_dagrun for latest_only_with_trigger to 2023-09-13T15:23:01.176382+00:00, run_after=2023-09-13T19:23:01.176382+00:00
[2023-09-13T19:23:01.190+0000] {processor.py:179} INFO - Processing /home/airflow/.local/lib/python3.8/site-packages/airflow/example_dags/example_latest_only_with_trigger.py took 0.066 seconds
[2023-09-13T19:23:31.359+0000] {processor.py:157} INFO - Started process (PID=883) to work on /home/airflow/.local/lib/python3.8/site-packages/airflow/example_dags/example_latest_only_with_trigger.py
[2023-09-13T19:23:31.360+0000] {processor.py:829} INFO - Processing file /home/airflow/.local/lib/python3.8/site-packages/airflow/example_dags/example_latest_only_with_trigger.py for tasks to queue
[2023-09-13T19:23:31.363+0000] {logging_mixin.py:151} INFO - [2023-09-13T19:23:31.363+0000] {dagbag.py:539} INFO - Filling up the DagBag from /home/airflow/.local/lib/python3.8/site-packages/airflow/example_dags/example_latest_only_with_trigger.py
[2023-09-13T19:23:31.369+0000] {processor.py:839} INFO - DAG(s) dict_keys(['latest_only_with_trigger']) retrieved from /home/airflow/.local/lib/python3.8/site-packages/airflow/example_dags/example_latest_only_with_trigger.py
[2023-09-13T19:23:31.390+0000] {logging_mixin.py:151} INFO - [2023-09-13T19:23:31.390+0000] {dag.py:2915} INFO - Sync 1 DAGs
[2023-09-13T19:23:31.407+0000] {logging_mixin.py:151} INFO - [2023-09-13T19:23:31.407+0000] {dag.py:3696} INFO - Setting next_dagrun for latest_only_with_trigger to 2023-09-13T15:23:31.407350+00:00, run_after=2023-09-13T19:23:31.407350+00:00
[2023-09-13T19:23:31.420+0000] {processor.py:179} INFO - Processing /home/airflow/.local/lib/python3.8/site-packages/airflow/example_dags/example_latest_only_with_trigger.py took 0.064 seconds
[2023-09-13T19:24:01.495+0000] {processor.py:157} INFO - Started process (PID=937) to work on /home/airflow/.local/lib/python3.8/site-packages/airflow/example_dags/example_latest_only_with_trigger.py
[2023-09-13T19:24:01.496+0000] {processor.py:829} INFO - Processing file /home/airflow/.local/lib/python3.8/site-packages/airflow/example_dags/example_latest_only_with_trigger.py for tasks to queue
[2023-09-13T19:24:01.499+0000] {logging_mixin.py:151} INFO - [2023-09-13T19:24:01.498+0000] {dagbag.py:539} INFO - Filling up the DagBag from /home/airflow/.local/lib/python3.8/site-packages/airflow/example_dags/example_latest_only_with_trigger.py
[2023-09-13T19:24:01.504+0000] {processor.py:839} INFO - DAG(s) dict_keys(['latest_only_with_trigger']) retrieved from /home/airflow/.local/lib/python3.8/site-packages/airflow/example_dags/example_latest_only_with_trigger.py
[2023-09-13T19:24:01.525+0000] {logging_mixin.py:151} INFO - [2023-09-13T19:24:01.525+0000] {dag.py:2915} INFO - Sync 1 DAGs
[2023-09-13T19:24:01.543+0000] {logging_mixin.py:151} INFO - [2023-09-13T19:24:01.543+0000] {dag.py:3696} INFO - Setting next_dagrun for latest_only_with_trigger to 2023-09-13T15:24:01.542935+00:00, run_after=2023-09-13T19:24:01.542935+00:00
[2023-09-13T19:24:01.555+0000] {processor.py:179} INFO - Processing /home/airflow/.local/lib/python3.8/site-packages/airflow/example_dags/example_latest_only_with_trigger.py took 0.064 seconds
[2023-09-13T19:24:31.834+0000] {processor.py:157} INFO - Started process (PID=992) to work on /home/airflow/.local/lib/python3.8/site-packages/airflow/example_dags/example_latest_only_with_trigger.py
[2023-09-13T19:24:31.835+0000] {processor.py:829} INFO - Processing file /home/airflow/.local/lib/python3.8/site-packages/airflow/example_dags/example_latest_only_with_trigger.py for tasks to queue
[2023-09-13T19:24:31.838+0000] {logging_mixin.py:151} INFO - [2023-09-13T19:24:31.837+0000] {dagbag.py:539} INFO - Filling up the DagBag from /home/airflow/.local/lib/python3.8/site-packages/airflow/example_dags/example_latest_only_with_trigger.py
[2023-09-13T19:24:31.843+0000] {processor.py:839} INFO - DAG(s) dict_keys(['latest_only_with_trigger']) retrieved from /home/airflow/.local/lib/python3.8/site-packages/airflow/example_dags/example_latest_only_with_trigger.py
[2023-09-13T19:24:31.864+0000] {logging_mixin.py:151} INFO - [2023-09-13T19:24:31.864+0000] {dag.py:2915} INFO - Sync 1 DAGs
[2023-09-13T19:24:31.881+0000] {logging_mixin.py:151} INFO - [2023-09-13T19:24:31.881+0000] {dag.py:3696} INFO - Setting next_dagrun for latest_only_with_trigger to 2023-09-13T15:24:31.881050+00:00, run_after=2023-09-13T19:24:31.881050+00:00
[2023-09-13T19:24:31.894+0000] {processor.py:179} INFO - Processing /home/airflow/.local/lib/python3.8/site-packages/airflow/example_dags/example_latest_only_with_trigger.py took 0.064 seconds
[2023-09-13T19:25:02.052+0000] {processor.py:157} INFO - Started process (PID=1044) to work on /home/airflow/.local/lib/python3.8/site-packages/airflow/example_dags/example_latest_only_with_trigger.py
[2023-09-13T19:25:02.054+0000] {processor.py:829} INFO - Processing file /home/airflow/.local/lib/python3.8/site-packages/airflow/example_dags/example_latest_only_with_trigger.py for tasks to queue
[2023-09-13T19:25:02.059+0000] {logging_mixin.py:151} INFO - [2023-09-13T19:25:02.059+0000] {dagbag.py:539} INFO - Filling up the DagBag from /home/airflow/.local/lib/python3.8/site-packages/airflow/example_dags/example_latest_only_with_trigger.py
[2023-09-13T19:25:02.067+0000] {processor.py:839} INFO - DAG(s) dict_keys(['latest_only_with_trigger']) retrieved from /home/airflow/.local/lib/python3.8/site-packages/airflow/example_dags/example_latest_only_with_trigger.py
[2023-09-13T19:25:02.090+0000] {logging_mixin.py:151} INFO - [2023-09-13T19:25:02.089+0000] {dag.py:2915} INFO - Sync 1 DAGs
[2023-09-13T19:25:02.107+0000] {logging_mixin.py:151} INFO - [2023-09-13T19:25:02.107+0000] {dag.py:3696} INFO - Setting next_dagrun for latest_only_with_trigger to 2023-09-13T15:25:02.106779+00:00, run_after=2023-09-13T19:25:02.106779+00:00
[2023-09-13T19:25:02.119+0000] {processor.py:179} INFO - Processing /home/airflow/.local/lib/python3.8/site-packages/airflow/example_dags/example_latest_only_with_trigger.py took 0.071 seconds
[2023-09-13T19:25:32.379+0000] {processor.py:157} INFO - Started process (PID=1098) to work on /home/airflow/.local/lib/python3.8/site-packages/airflow/example_dags/example_latest_only_with_trigger.py
[2023-09-13T19:25:32.380+0000] {processor.py:829} INFO - Processing file /home/airflow/.local/lib/python3.8/site-packages/airflow/example_dags/example_latest_only_with_trigger.py for tasks to queue
[2023-09-13T19:25:32.382+0000] {logging_mixin.py:151} INFO - [2023-09-13T19:25:32.382+0000] {dagbag.py:539} INFO - Filling up the DagBag from /home/airflow/.local/lib/python3.8/site-packages/airflow/example_dags/example_latest_only_with_trigger.py
[2023-09-13T19:25:32.388+0000] {processor.py:839} INFO - DAG(s) dict_keys(['latest_only_with_trigger']) retrieved from /home/airflow/.local/lib/python3.8/site-packages/airflow/example_dags/example_latest_only_with_trigger.py
[2023-09-13T19:25:32.409+0000] {logging_mixin.py:151} INFO - [2023-09-13T19:25:32.409+0000] {dag.py:2915} INFO - Sync 1 DAGs
[2023-09-13T19:25:32.426+0000] {logging_mixin.py:151} INFO - [2023-09-13T19:25:32.426+0000] {dag.py:3696} INFO - Setting next_dagrun for latest_only_with_trigger to 2023-09-13T15:25:32.426216+00:00, run_after=2023-09-13T19:25:32.426216+00:00
[2023-09-13T19:25:32.439+0000] {processor.py:179} INFO - Processing /home/airflow/.local/lib/python3.8/site-packages/airflow/example_dags/example_latest_only_with_trigger.py took 0.063 seconds
[2023-09-13T19:26:03.399+0000] {processor.py:157} INFO - Started process (PID=1155) to work on /home/airflow/.local/lib/python3.8/site-packages/airflow/example_dags/example_latest_only_with_trigger.py
[2023-09-13T19:26:03.401+0000] {processor.py:829} INFO - Processing file /home/airflow/.local/lib/python3.8/site-packages/airflow/example_dags/example_latest_only_with_trigger.py for tasks to queue
[2023-09-13T19:26:03.403+0000] {logging_mixin.py:151} INFO - [2023-09-13T19:26:03.403+0000] {dagbag.py:539} INFO - Filling up the DagBag from /home/airflow/.local/lib/python3.8/site-packages/airflow/example_dags/example_latest_only_with_trigger.py
[2023-09-13T19:26:03.410+0000] {processor.py:839} INFO - DAG(s) dict_keys(['latest_only_with_trigger']) retrieved from /home/airflow/.local/lib/python3.8/site-packages/airflow/example_dags/example_latest_only_with_trigger.py
[2023-09-13T19:26:03.434+0000] {logging_mixin.py:151} INFO - [2023-09-13T19:26:03.434+0000] {dag.py:2915} INFO - Sync 1 DAGs
[2023-09-13T19:26:03.452+0000] {logging_mixin.py:151} INFO - [2023-09-13T19:26:03.452+0000] {dag.py:3696} INFO - Setting next_dagrun for latest_only_with_trigger to 2023-09-13T15:26:03.452025+00:00, run_after=2023-09-13T19:26:03.452025+00:00
[2023-09-13T19:26:03.468+0000] {processor.py:179} INFO - Processing /home/airflow/.local/lib/python3.8/site-packages/airflow/example_dags/example_latest_only_with_trigger.py took 0.072 seconds
[2023-09-13T19:26:33.793+0000] {processor.py:157} INFO - Started process (PID=1212) to work on /home/airflow/.local/lib/python3.8/site-packages/airflow/example_dags/example_latest_only_with_trigger.py
[2023-09-13T19:26:33.795+0000] {processor.py:829} INFO - Processing file /home/airflow/.local/lib/python3.8/site-packages/airflow/example_dags/example_latest_only_with_trigger.py for tasks to queue
[2023-09-13T19:26:33.797+0000] {logging_mixin.py:151} INFO - [2023-09-13T19:26:33.797+0000] {dagbag.py:539} INFO - Filling up the DagBag from /home/airflow/.local/lib/python3.8/site-packages/airflow/example_dags/example_latest_only_with_trigger.py
[2023-09-13T19:26:33.804+0000] {processor.py:839} INFO - DAG(s) dict_keys(['latest_only_with_trigger']) retrieved from /home/airflow/.local/lib/python3.8/site-packages/airflow/example_dags/example_latest_only_with_trigger.py
[2023-09-13T19:26:33.826+0000] {logging_mixin.py:151} INFO - [2023-09-13T19:26:33.826+0000] {dag.py:2915} INFO - Sync 1 DAGs
[2023-09-13T19:26:33.843+0000] {logging_mixin.py:151} INFO - [2023-09-13T19:26:33.843+0000] {dag.py:3696} INFO - Setting next_dagrun for latest_only_with_trigger to 2023-09-13T15:26:33.843002+00:00, run_after=2023-09-13T19:26:33.843002+00:00
[2023-09-13T19:26:33.861+0000] {processor.py:179} INFO - Processing /home/airflow/.local/lib/python3.8/site-packages/airflow/example_dags/example_latest_only_with_trigger.py took 0.072 seconds
[2023-09-13T19:27:04.255+0000] {processor.py:157} INFO - Started process (PID=1267) to work on /home/airflow/.local/lib/python3.8/site-packages/airflow/example_dags/example_latest_only_with_trigger.py
[2023-09-13T19:27:04.257+0000] {processor.py:829} INFO - Processing file /home/airflow/.local/lib/python3.8/site-packages/airflow/example_dags/example_latest_only_with_trigger.py for tasks to queue
[2023-09-13T19:27:04.263+0000] {logging_mixin.py:151} INFO - [2023-09-13T19:27:04.262+0000] {dagbag.py:539} INFO - Filling up the DagBag from /home/airflow/.local/lib/python3.8/site-packages/airflow/example_dags/example_latest_only_with_trigger.py
[2023-09-13T19:27:04.270+0000] {processor.py:839} INFO - DAG(s) dict_keys(['latest_only_with_trigger']) retrieved from /home/airflow/.local/lib/python3.8/site-packages/airflow/example_dags/example_latest_only_with_trigger.py
[2023-09-13T19:27:04.292+0000] {logging_mixin.py:151} INFO - [2023-09-13T19:27:04.292+0000] {dag.py:2915} INFO - Sync 1 DAGs
[2023-09-13T19:27:04.311+0000] {logging_mixin.py:151} INFO - [2023-09-13T19:27:04.311+0000] {dag.py:3696} INFO - Setting next_dagrun for latest_only_with_trigger to 2023-09-13T15:27:04.310980+00:00, run_after=2023-09-13T19:27:04.310980+00:00
[2023-09-13T19:27:04.324+0000] {processor.py:179} INFO - Processing /home/airflow/.local/lib/python3.8/site-packages/airflow/example_dags/example_latest_only_with_trigger.py took 0.073 seconds
[2023-09-13T19:28:17.949+0000] {processor.py:157} INFO - Started process (PID=67) to work on /home/airflow/.local/lib/python3.8/site-packages/airflow/example_dags/example_latest_only_with_trigger.py
[2023-09-13T19:28:17.956+0000] {processor.py:829} INFO - Processing file /home/airflow/.local/lib/python3.8/site-packages/airflow/example_dags/example_latest_only_with_trigger.py for tasks to queue
[2023-09-13T19:28:17.972+0000] {logging_mixin.py:151} INFO - [2023-09-13T19:28:17.971+0000] {dagbag.py:539} INFO - Filling up the DagBag from /home/airflow/.local/lib/python3.8/site-packages/airflow/example_dags/example_latest_only_with_trigger.py
[2023-09-13T19:28:17.999+0000] {processor.py:839} INFO - DAG(s) dict_keys(['latest_only_with_trigger']) retrieved from /home/airflow/.local/lib/python3.8/site-packages/airflow/example_dags/example_latest_only_with_trigger.py
[2023-09-13T19:28:18.042+0000] {logging_mixin.py:151} INFO - [2023-09-13T19:28:18.042+0000] {dag.py:2915} INFO - Sync 1 DAGs
[2023-09-13T19:28:18.094+0000] {logging_mixin.py:151} INFO - [2023-09-13T19:28:18.093+0000] {dag.py:3696} INFO - Setting next_dagrun for latest_only_with_trigger to 2023-09-13T15:28:18.092822+00:00, run_after=2023-09-13T19:28:18.092822+00:00
[2023-09-13T19:28:18.146+0000] {processor.py:179} INFO - Processing /home/airflow/.local/lib/python3.8/site-packages/airflow/example_dags/example_latest_only_with_trigger.py took 0.215 seconds
[2023-09-13T19:28:48.324+0000] {processor.py:157} INFO - Started process (PID=123) to work on /home/airflow/.local/lib/python3.8/site-packages/airflow/example_dags/example_latest_only_with_trigger.py
[2023-09-13T19:28:48.326+0000] {processor.py:829} INFO - Processing file /home/airflow/.local/lib/python3.8/site-packages/airflow/example_dags/example_latest_only_with_trigger.py for tasks to queue
[2023-09-13T19:28:48.330+0000] {logging_mixin.py:151} INFO - [2023-09-13T19:28:48.329+0000] {dagbag.py:539} INFO - Filling up the DagBag from /home/airflow/.local/lib/python3.8/site-packages/airflow/example_dags/example_latest_only_with_trigger.py
[2023-09-13T19:28:48.339+0000] {processor.py:839} INFO - DAG(s) dict_keys(['latest_only_with_trigger']) retrieved from /home/airflow/.local/lib/python3.8/site-packages/airflow/example_dags/example_latest_only_with_trigger.py
[2023-09-13T19:28:48.363+0000] {logging_mixin.py:151} INFO - [2023-09-13T19:28:48.363+0000] {dag.py:2915} INFO - Sync 1 DAGs
[2023-09-13T19:28:48.381+0000] {logging_mixin.py:151} INFO - [2023-09-13T19:28:48.381+0000] {dag.py:3696} INFO - Setting next_dagrun for latest_only_with_trigger to 2023-09-13T15:28:48.381483+00:00, run_after=2023-09-13T19:28:48.381483+00:00
[2023-09-13T19:28:48.396+0000] {processor.py:179} INFO - Processing /home/airflow/.local/lib/python3.8/site-packages/airflow/example_dags/example_latest_only_with_trigger.py took 0.079 seconds
[2023-09-13T19:29:18.509+0000] {processor.py:157} INFO - Started process (PID=178) to work on /home/airflow/.local/lib/python3.8/site-packages/airflow/example_dags/example_latest_only_with_trigger.py
[2023-09-13T19:29:18.510+0000] {processor.py:829} INFO - Processing file /home/airflow/.local/lib/python3.8/site-packages/airflow/example_dags/example_latest_only_with_trigger.py for tasks to queue
[2023-09-13T19:29:18.513+0000] {logging_mixin.py:151} INFO - [2023-09-13T19:29:18.513+0000] {dagbag.py:539} INFO - Filling up the DagBag from /home/airflow/.local/lib/python3.8/site-packages/airflow/example_dags/example_latest_only_with_trigger.py
[2023-09-13T19:29:18.519+0000] {processor.py:839} INFO - DAG(s) dict_keys(['latest_only_with_trigger']) retrieved from /home/airflow/.local/lib/python3.8/site-packages/airflow/example_dags/example_latest_only_with_trigger.py
[2023-09-13T19:29:18.541+0000] {logging_mixin.py:151} INFO - [2023-09-13T19:29:18.541+0000] {dag.py:2915} INFO - Sync 1 DAGs
[2023-09-13T19:29:18.557+0000] {logging_mixin.py:151} INFO - [2023-09-13T19:29:18.557+0000] {dag.py:3696} INFO - Setting next_dagrun for latest_only_with_trigger to 2023-09-13T15:29:18.557262+00:00, run_after=2023-09-13T19:29:18.557262+00:00
[2023-09-13T19:29:18.569+0000] {processor.py:179} INFO - Processing /home/airflow/.local/lib/python3.8/site-packages/airflow/example_dags/example_latest_only_with_trigger.py took 0.064 seconds
[2023-09-13T19:29:48.810+0000] {processor.py:157} INFO - Started process (PID=232) to work on /home/airflow/.local/lib/python3.8/site-packages/airflow/example_dags/example_latest_only_with_trigger.py
[2023-09-13T19:29:48.812+0000] {processor.py:829} INFO - Processing file /home/airflow/.local/lib/python3.8/site-packages/airflow/example_dags/example_latest_only_with_trigger.py for tasks to queue
[2023-09-13T19:29:48.814+0000] {logging_mixin.py:151} INFO - [2023-09-13T19:29:48.814+0000] {dagbag.py:539} INFO - Filling up the DagBag from /home/airflow/.local/lib/python3.8/site-packages/airflow/example_dags/example_latest_only_with_trigger.py
[2023-09-13T19:29:48.820+0000] {processor.py:839} INFO - DAG(s) dict_keys(['latest_only_with_trigger']) retrieved from /home/airflow/.local/lib/python3.8/site-packages/airflow/example_dags/example_latest_only_with_trigger.py
[2023-09-13T19:29:48.842+0000] {logging_mixin.py:151} INFO - [2023-09-13T19:29:48.842+0000] {dag.py:2915} INFO - Sync 1 DAGs
[2023-09-13T19:29:48.859+0000] {logging_mixin.py:151} INFO - [2023-09-13T19:29:48.859+0000] {dag.py:3696} INFO - Setting next_dagrun for latest_only_with_trigger to 2023-09-13T15:29:48.858713+00:00, run_after=2023-09-13T19:29:48.858713+00:00
[2023-09-13T19:29:48.871+0000] {processor.py:179} INFO - Processing /home/airflow/.local/lib/python3.8/site-packages/airflow/example_dags/example_latest_only_with_trigger.py took 0.065 seconds
[2023-09-13T19:30:19.159+0000] {processor.py:157} INFO - Started process (PID=286) to work on /home/airflow/.local/lib/python3.8/site-packages/airflow/example_dags/example_latest_only_with_trigger.py
[2023-09-13T19:30:19.161+0000] {processor.py:829} INFO - Processing file /home/airflow/.local/lib/python3.8/site-packages/airflow/example_dags/example_latest_only_with_trigger.py for tasks to queue
[2023-09-13T19:30:19.164+0000] {logging_mixin.py:151} INFO - [2023-09-13T19:30:19.164+0000] {dagbag.py:539} INFO - Filling up the DagBag from /home/airflow/.local/lib/python3.8/site-packages/airflow/example_dags/example_latest_only_with_trigger.py
[2023-09-13T19:30:19.171+0000] {processor.py:839} INFO - DAG(s) dict_keys(['latest_only_with_trigger']) retrieved from /home/airflow/.local/lib/python3.8/site-packages/airflow/example_dags/example_latest_only_with_trigger.py
[2023-09-13T19:30:19.198+0000] {logging_mixin.py:151} INFO - [2023-09-13T19:30:19.198+0000] {dag.py:2915} INFO - Sync 1 DAGs
[2023-09-13T19:30:19.217+0000] {logging_mixin.py:151} INFO - [2023-09-13T19:30:19.217+0000] {dag.py:3696} INFO - Setting next_dagrun for latest_only_with_trigger to 2023-09-13T15:30:19.217171+00:00, run_after=2023-09-13T19:30:19.217171+00:00
[2023-09-13T19:30:19.239+0000] {processor.py:179} INFO - Processing /home/airflow/.local/lib/python3.8/site-packages/airflow/example_dags/example_latest_only_with_trigger.py took 0.085 seconds
[2023-09-13T19:31:33.293+0000] {processor.py:157} INFO - Started process (PID=68) to work on /home/airflow/.local/lib/python3.8/site-packages/airflow/example_dags/example_latest_only_with_trigger.py
[2023-09-13T19:31:33.298+0000] {processor.py:829} INFO - Processing file /home/airflow/.local/lib/python3.8/site-packages/airflow/example_dags/example_latest_only_with_trigger.py for tasks to queue
[2023-09-13T19:31:33.304+0000] {logging_mixin.py:151} INFO - [2023-09-13T19:31:33.303+0000] {dagbag.py:539} INFO - Filling up the DagBag from /home/airflow/.local/lib/python3.8/site-packages/airflow/example_dags/example_latest_only_with_trigger.py
[2023-09-13T19:31:33.321+0000] {processor.py:839} INFO - DAG(s) dict_keys(['latest_only_with_trigger']) retrieved from /home/airflow/.local/lib/python3.8/site-packages/airflow/example_dags/example_latest_only_with_trigger.py
[2023-09-13T19:31:33.352+0000] {logging_mixin.py:151} INFO - [2023-09-13T19:31:33.352+0000] {dag.py:2915} INFO - Sync 1 DAGs
[2023-09-13T19:31:33.400+0000] {logging_mixin.py:151} INFO - [2023-09-13T19:31:33.400+0000] {dag.py:3696} INFO - Setting next_dagrun for latest_only_with_trigger to 2023-09-13T15:31:33.399928+00:00, run_after=2023-09-13T19:31:33.399928+00:00
[2023-09-13T19:31:33.441+0000] {processor.py:179} INFO - Processing /home/airflow/.local/lib/python3.8/site-packages/airflow/example_dags/example_latest_only_with_trigger.py took 0.157 seconds
[2023-09-13T19:32:03.700+0000] {processor.py:157} INFO - Started process (PID=123) to work on /home/airflow/.local/lib/python3.8/site-packages/airflow/example_dags/example_latest_only_with_trigger.py
[2023-09-13T19:32:03.702+0000] {processor.py:829} INFO - Processing file /home/airflow/.local/lib/python3.8/site-packages/airflow/example_dags/example_latest_only_with_trigger.py for tasks to queue
[2023-09-13T19:32:03.704+0000] {logging_mixin.py:151} INFO - [2023-09-13T19:32:03.704+0000] {dagbag.py:539} INFO - Filling up the DagBag from /home/airflow/.local/lib/python3.8/site-packages/airflow/example_dags/example_latest_only_with_trigger.py
[2023-09-13T19:32:03.711+0000] {processor.py:839} INFO - DAG(s) dict_keys(['latest_only_with_trigger']) retrieved from /home/airflow/.local/lib/python3.8/site-packages/airflow/example_dags/example_latest_only_with_trigger.py
[2023-09-13T19:32:03.735+0000] {logging_mixin.py:151} INFO - [2023-09-13T19:32:03.735+0000] {dag.py:2915} INFO - Sync 1 DAGs
[2023-09-13T19:32:03.753+0000] {logging_mixin.py:151} INFO - [2023-09-13T19:32:03.753+0000] {dag.py:3696} INFO - Setting next_dagrun for latest_only_with_trigger to 2023-09-13T15:32:03.753148+00:00, run_after=2023-09-13T19:32:03.753148+00:00
[2023-09-13T19:32:03.767+0000] {processor.py:179} INFO - Processing /home/airflow/.local/lib/python3.8/site-packages/airflow/example_dags/example_latest_only_with_trigger.py took 0.071 seconds
[2023-09-13T19:32:34.785+0000] {processor.py:157} INFO - Started process (PID=178) to work on /home/airflow/.local/lib/python3.8/site-packages/airflow/example_dags/example_latest_only_with_trigger.py
[2023-09-13T19:32:34.786+0000] {processor.py:829} INFO - Processing file /home/airflow/.local/lib/python3.8/site-packages/airflow/example_dags/example_latest_only_with_trigger.py for tasks to queue
[2023-09-13T19:32:34.789+0000] {logging_mixin.py:151} INFO - [2023-09-13T19:32:34.788+0000] {dagbag.py:539} INFO - Filling up the DagBag from /home/airflow/.local/lib/python3.8/site-packages/airflow/example_dags/example_latest_only_with_trigger.py
[2023-09-13T19:32:34.794+0000] {processor.py:839} INFO - DAG(s) dict_keys(['latest_only_with_trigger']) retrieved from /home/airflow/.local/lib/python3.8/site-packages/airflow/example_dags/example_latest_only_with_trigger.py
[2023-09-13T19:32:34.816+0000] {logging_mixin.py:151} INFO - [2023-09-13T19:32:34.816+0000] {dag.py:2915} INFO - Sync 1 DAGs
[2023-09-13T19:32:34.834+0000] {logging_mixin.py:151} INFO - [2023-09-13T19:32:34.834+0000] {dag.py:3696} INFO - Setting next_dagrun for latest_only_with_trigger to 2023-09-13T15:32:34.833933+00:00, run_after=2023-09-13T19:32:34.833933+00:00
[2023-09-13T19:32:34.847+0000] {processor.py:179} INFO - Processing /home/airflow/.local/lib/python3.8/site-packages/airflow/example_dags/example_latest_only_with_trigger.py took 0.066 seconds
[2023-09-13T19:33:05.726+0000] {processor.py:157} INFO - Started process (PID=233) to work on /home/airflow/.local/lib/python3.8/site-packages/airflow/example_dags/example_latest_only_with_trigger.py
[2023-09-13T19:33:05.728+0000] {processor.py:829} INFO - Processing file /home/airflow/.local/lib/python3.8/site-packages/airflow/example_dags/example_latest_only_with_trigger.py for tasks to queue
[2023-09-13T19:33:05.730+0000] {logging_mixin.py:151} INFO - [2023-09-13T19:33:05.730+0000] {dagbag.py:539} INFO - Filling up the DagBag from /home/airflow/.local/lib/python3.8/site-packages/airflow/example_dags/example_latest_only_with_trigger.py
[2023-09-13T19:33:05.736+0000] {processor.py:839} INFO - DAG(s) dict_keys(['latest_only_with_trigger']) retrieved from /home/airflow/.local/lib/python3.8/site-packages/airflow/example_dags/example_latest_only_with_trigger.py
[2023-09-13T19:33:05.760+0000] {logging_mixin.py:151} INFO - [2023-09-13T19:33:05.760+0000] {dag.py:2915} INFO - Sync 1 DAGs
[2023-09-13T19:33:05.778+0000] {logging_mixin.py:151} INFO - [2023-09-13T19:33:05.778+0000] {dag.py:3696} INFO - Setting next_dagrun for latest_only_with_trigger to 2023-09-13T15:33:05.778230+00:00, run_after=2023-09-13T19:33:05.778230+00:00
[2023-09-13T19:33:05.792+0000] {processor.py:179} INFO - Processing /home/airflow/.local/lib/python3.8/site-packages/airflow/example_dags/example_latest_only_with_trigger.py took 0.069 seconds
[2023-09-13T19:33:36.827+0000] {processor.py:157} INFO - Started process (PID=288) to work on /home/airflow/.local/lib/python3.8/site-packages/airflow/example_dags/example_latest_only_with_trigger.py
[2023-09-13T19:33:36.828+0000] {processor.py:829} INFO - Processing file /home/airflow/.local/lib/python3.8/site-packages/airflow/example_dags/example_latest_only_with_trigger.py for tasks to queue
[2023-09-13T19:33:36.832+0000] {logging_mixin.py:151} INFO - [2023-09-13T19:33:36.831+0000] {dagbag.py:539} INFO - Filling up the DagBag from /home/airflow/.local/lib/python3.8/site-packages/airflow/example_dags/example_latest_only_with_trigger.py
[2023-09-13T19:33:36.838+0000] {processor.py:839} INFO - DAG(s) dict_keys(['latest_only_with_trigger']) retrieved from /home/airflow/.local/lib/python3.8/site-packages/airflow/example_dags/example_latest_only_with_trigger.py
[2023-09-13T19:33:36.861+0000] {logging_mixin.py:151} INFO - [2023-09-13T19:33:36.861+0000] {dag.py:2915} INFO - Sync 1 DAGs
[2023-09-13T19:33:36.879+0000] {logging_mixin.py:151} INFO - [2023-09-13T19:33:36.879+0000] {dag.py:3696} INFO - Setting next_dagrun for latest_only_with_trigger to 2023-09-13T15:33:36.879569+00:00, run_after=2023-09-13T19:33:36.879569+00:00
[2023-09-13T19:33:36.898+0000] {processor.py:179} INFO - Processing /home/airflow/.local/lib/python3.8/site-packages/airflow/example_dags/example_latest_only_with_trigger.py took 0.076 seconds
[2023-09-13T19:34:07.502+0000] {processor.py:157} INFO - Started process (PID=343) to work on /home/airflow/.local/lib/python3.8/site-packages/airflow/example_dags/example_latest_only_with_trigger.py
[2023-09-13T19:34:07.504+0000] {processor.py:829} INFO - Processing file /home/airflow/.local/lib/python3.8/site-packages/airflow/example_dags/example_latest_only_with_trigger.py for tasks to queue
[2023-09-13T19:34:07.506+0000] {logging_mixin.py:151} INFO - [2023-09-13T19:34:07.505+0000] {dagbag.py:539} INFO - Filling up the DagBag from /home/airflow/.local/lib/python3.8/site-packages/airflow/example_dags/example_latest_only_with_trigger.py
[2023-09-13T19:34:07.511+0000] {processor.py:839} INFO - DAG(s) dict_keys(['latest_only_with_trigger']) retrieved from /home/airflow/.local/lib/python3.8/site-packages/airflow/example_dags/example_latest_only_with_trigger.py
[2023-09-13T19:34:07.533+0000] {logging_mixin.py:151} INFO - [2023-09-13T19:34:07.533+0000] {dag.py:2915} INFO - Sync 1 DAGs
[2023-09-13T19:34:07.549+0000] {logging_mixin.py:151} INFO - [2023-09-13T19:34:07.549+0000] {dag.py:3696} INFO - Setting next_dagrun for latest_only_with_trigger to 2023-09-13T15:34:07.549120+00:00, run_after=2023-09-13T19:34:07.549120+00:00
[2023-09-13T19:34:07.563+0000] {processor.py:179} INFO - Processing /home/airflow/.local/lib/python3.8/site-packages/airflow/example_dags/example_latest_only_with_trigger.py took 0.064 seconds
