[2023-09-13T19:15:46.635+0000] {processor.py:157} INFO - Started process (PID=31) to work on /home/airflow/.local/lib/python3.8/site-packages/airflow/example_dags/example_dynamic_task_mapping_with_no_taskflow_operators.py
[2023-09-13T19:15:46.637+0000] {processor.py:829} INFO - Processing file /home/airflow/.local/lib/python3.8/site-packages/airflow/example_dags/example_dynamic_task_mapping_with_no_taskflow_operators.py for tasks to queue
[2023-09-13T19:15:46.644+0000] {logging_mixin.py:151} INFO - [2023-09-13T19:15:46.643+0000] {dagbag.py:539} INFO - Filling up the DagBag from /home/airflow/.local/lib/python3.8/site-packages/airflow/example_dags/example_dynamic_task_mapping_with_no_taskflow_operators.py
[2023-09-13T19:15:46.908+0000] {processor.py:839} INFO - DAG(s) dict_keys(['example_dynamic_task_mapping_with_no_taskflow_operators']) retrieved from /home/airflow/.local/lib/python3.8/site-packages/airflow/example_dags/example_dynamic_task_mapping_with_no_taskflow_operators.py
[2023-09-13T19:15:47.144+0000] {logging_mixin.py:151} INFO - [2023-09-13T19:15:47.144+0000] {manager.py:499} INFO - Created Permission View: %s
[2023-09-13T19:15:47.160+0000] {logging_mixin.py:151} INFO - [2023-09-13T19:15:47.160+0000] {manager.py:499} INFO - Created Permission View: %s
[2023-09-13T19:15:47.166+0000] {logging_mixin.py:151} INFO - [2023-09-13T19:15:47.166+0000] {manager.py:499} INFO - Created Permission View: %s
[2023-09-13T19:15:47.167+0000] {logging_mixin.py:151} INFO - [2023-09-13T19:15:47.167+0000] {security.py:708} INFO - Not syncing DAG-level permissions for DAG 'DAG:example_dynamic_task_mapping_with_no_taskflow_operators' as access control is unset.
[2023-09-13T19:15:47.168+0000] {logging_mixin.py:151} INFO - [2023-09-13T19:15:47.168+0000] {dag.py:2915} INFO - Sync 1 DAGs
[2023-09-13T19:15:47.182+0000] {logging_mixin.py:151} INFO - [2023-09-13T19:15:47.182+0000] {dag.py:2937} INFO - Creating ORM DAG for example_dynamic_task_mapping_with_no_taskflow_operators
[2023-09-13T19:15:47.198+0000] {logging_mixin.py:151} INFO - [2023-09-13T19:15:47.198+0000] {dag.py:3696} INFO - Setting next_dagrun for example_dynamic_task_mapping_with_no_taskflow_operators to 2023-09-12T19:15:47.197908+00:00, run_after=2023-09-13T19:15:47.197908+00:00
[2023-09-13T19:15:47.217+0000] {processor.py:179} INFO - Processing /home/airflow/.local/lib/python3.8/site-packages/airflow/example_dags/example_dynamic_task_mapping_with_no_taskflow_operators.py took 0.590 seconds
[2023-09-13T19:16:18.051+0000] {processor.py:157} INFO - Started process (PID=85) to work on /home/airflow/.local/lib/python3.8/site-packages/airflow/example_dags/example_dynamic_task_mapping_with_no_taskflow_operators.py
[2023-09-13T19:16:18.054+0000] {processor.py:829} INFO - Processing file /home/airflow/.local/lib/python3.8/site-packages/airflow/example_dags/example_dynamic_task_mapping_with_no_taskflow_operators.py for tasks to queue
[2023-09-13T19:16:18.059+0000] {logging_mixin.py:151} INFO - [2023-09-13T19:16:18.058+0000] {dagbag.py:539} INFO - Filling up the DagBag from /home/airflow/.local/lib/python3.8/site-packages/airflow/example_dags/example_dynamic_task_mapping_with_no_taskflow_operators.py
[2023-09-13T19:16:18.071+0000] {processor.py:839} INFO - DAG(s) dict_keys(['example_dynamic_task_mapping_with_no_taskflow_operators']) retrieved from /home/airflow/.local/lib/python3.8/site-packages/airflow/example_dags/example_dynamic_task_mapping_with_no_taskflow_operators.py
[2023-09-13T19:16:18.098+0000] {logging_mixin.py:151} INFO - [2023-09-13T19:16:18.098+0000] {dag.py:2915} INFO - Sync 1 DAGs
[2023-09-13T19:16:18.121+0000] {logging_mixin.py:151} INFO - [2023-09-13T19:16:18.121+0000] {dag.py:3696} INFO - Setting next_dagrun for example_dynamic_task_mapping_with_no_taskflow_operators to 2023-09-12T19:16:18.120814+00:00, run_after=2023-09-13T19:16:18.120814+00:00
[2023-09-13T19:16:18.134+0000] {processor.py:179} INFO - Processing /home/airflow/.local/lib/python3.8/site-packages/airflow/example_dags/example_dynamic_task_mapping_with_no_taskflow_operators.py took 0.090 seconds
[2023-09-13T19:16:48.323+0000] {processor.py:157} INFO - Started process (PID=138) to work on /home/airflow/.local/lib/python3.8/site-packages/airflow/example_dags/example_dynamic_task_mapping_with_no_taskflow_operators.py
[2023-09-13T19:16:48.325+0000] {processor.py:829} INFO - Processing file /home/airflow/.local/lib/python3.8/site-packages/airflow/example_dags/example_dynamic_task_mapping_with_no_taskflow_operators.py for tasks to queue
[2023-09-13T19:16:48.328+0000] {logging_mixin.py:151} INFO - [2023-09-13T19:16:48.328+0000] {dagbag.py:539} INFO - Filling up the DagBag from /home/airflow/.local/lib/python3.8/site-packages/airflow/example_dags/example_dynamic_task_mapping_with_no_taskflow_operators.py
[2023-09-13T19:16:48.337+0000] {processor.py:839} INFO - DAG(s) dict_keys(['example_dynamic_task_mapping_with_no_taskflow_operators']) retrieved from /home/airflow/.local/lib/python3.8/site-packages/airflow/example_dags/example_dynamic_task_mapping_with_no_taskflow_operators.py
[2023-09-13T19:16:48.360+0000] {logging_mixin.py:151} INFO - [2023-09-13T19:16:48.360+0000] {dag.py:2915} INFO - Sync 1 DAGs
[2023-09-13T19:16:48.378+0000] {logging_mixin.py:151} INFO - [2023-09-13T19:16:48.378+0000] {dag.py:3696} INFO - Setting next_dagrun for example_dynamic_task_mapping_with_no_taskflow_operators to 2023-09-12T19:16:48.378351+00:00, run_after=2023-09-13T19:16:48.378351+00:00
[2023-09-13T19:16:48.391+0000] {processor.py:179} INFO - Processing /home/airflow/.local/lib/python3.8/site-packages/airflow/example_dags/example_dynamic_task_mapping_with_no_taskflow_operators.py took 0.073 seconds
[2023-09-13T19:17:18.686+0000] {processor.py:157} INFO - Started process (PID=192) to work on /home/airflow/.local/lib/python3.8/site-packages/airflow/example_dags/example_dynamic_task_mapping_with_no_taskflow_operators.py
[2023-09-13T19:17:18.688+0000] {processor.py:829} INFO - Processing file /home/airflow/.local/lib/python3.8/site-packages/airflow/example_dags/example_dynamic_task_mapping_with_no_taskflow_operators.py for tasks to queue
[2023-09-13T19:17:18.694+0000] {logging_mixin.py:151} INFO - [2023-09-13T19:17:18.693+0000] {dagbag.py:539} INFO - Filling up the DagBag from /home/airflow/.local/lib/python3.8/site-packages/airflow/example_dags/example_dynamic_task_mapping_with_no_taskflow_operators.py
[2023-09-13T19:17:18.704+0000] {processor.py:839} INFO - DAG(s) dict_keys(['example_dynamic_task_mapping_with_no_taskflow_operators']) retrieved from /home/airflow/.local/lib/python3.8/site-packages/airflow/example_dags/example_dynamic_task_mapping_with_no_taskflow_operators.py
[2023-09-13T19:17:18.731+0000] {logging_mixin.py:151} INFO - [2023-09-13T19:17:18.731+0000] {dag.py:2915} INFO - Sync 1 DAGs
[2023-09-13T19:17:18.767+0000] {logging_mixin.py:151} INFO - [2023-09-13T19:17:18.767+0000] {dag.py:3696} INFO - Setting next_dagrun for example_dynamic_task_mapping_with_no_taskflow_operators to 2023-09-12T19:17:18.766568+00:00, run_after=2023-09-13T19:17:18.766568+00:00
[2023-09-13T19:17:18.782+0000] {processor.py:179} INFO - Processing /home/airflow/.local/lib/python3.8/site-packages/airflow/example_dags/example_dynamic_task_mapping_with_no_taskflow_operators.py took 0.103 seconds
[2023-09-13T19:17:49.013+0000] {processor.py:157} INFO - Started process (PID=246) to work on /home/airflow/.local/lib/python3.8/site-packages/airflow/example_dags/example_dynamic_task_mapping_with_no_taskflow_operators.py
[2023-09-13T19:17:49.015+0000] {processor.py:829} INFO - Processing file /home/airflow/.local/lib/python3.8/site-packages/airflow/example_dags/example_dynamic_task_mapping_with_no_taskflow_operators.py for tasks to queue
[2023-09-13T19:17:49.018+0000] {logging_mixin.py:151} INFO - [2023-09-13T19:17:49.017+0000] {dagbag.py:539} INFO - Filling up the DagBag from /home/airflow/.local/lib/python3.8/site-packages/airflow/example_dags/example_dynamic_task_mapping_with_no_taskflow_operators.py
[2023-09-13T19:17:49.025+0000] {processor.py:839} INFO - DAG(s) dict_keys(['example_dynamic_task_mapping_with_no_taskflow_operators']) retrieved from /home/airflow/.local/lib/python3.8/site-packages/airflow/example_dags/example_dynamic_task_mapping_with_no_taskflow_operators.py
[2023-09-13T19:17:49.047+0000] {logging_mixin.py:151} INFO - [2023-09-13T19:17:49.047+0000] {dag.py:2915} INFO - Sync 1 DAGs
[2023-09-13T19:17:49.065+0000] {logging_mixin.py:151} INFO - [2023-09-13T19:17:49.064+0000] {dag.py:3696} INFO - Setting next_dagrun for example_dynamic_task_mapping_with_no_taskflow_operators to 2023-09-12T19:17:49.064643+00:00, run_after=2023-09-13T19:17:49.064643+00:00
[2023-09-13T19:17:49.077+0000] {processor.py:179} INFO - Processing /home/airflow/.local/lib/python3.8/site-packages/airflow/example_dags/example_dynamic_task_mapping_with_no_taskflow_operators.py took 0.070 seconds
[2023-09-13T19:18:19.222+0000] {processor.py:157} INFO - Started process (PID=300) to work on /home/airflow/.local/lib/python3.8/site-packages/airflow/example_dags/example_dynamic_task_mapping_with_no_taskflow_operators.py
[2023-09-13T19:18:19.225+0000] {processor.py:829} INFO - Processing file /home/airflow/.local/lib/python3.8/site-packages/airflow/example_dags/example_dynamic_task_mapping_with_no_taskflow_operators.py for tasks to queue
[2023-09-13T19:18:19.229+0000] {logging_mixin.py:151} INFO - [2023-09-13T19:18:19.228+0000] {dagbag.py:539} INFO - Filling up the DagBag from /home/airflow/.local/lib/python3.8/site-packages/airflow/example_dags/example_dynamic_task_mapping_with_no_taskflow_operators.py
[2023-09-13T19:18:19.237+0000] {processor.py:839} INFO - DAG(s) dict_keys(['example_dynamic_task_mapping_with_no_taskflow_operators']) retrieved from /home/airflow/.local/lib/python3.8/site-packages/airflow/example_dags/example_dynamic_task_mapping_with_no_taskflow_operators.py
[2023-09-13T19:18:19.260+0000] {logging_mixin.py:151} INFO - [2023-09-13T19:18:19.260+0000] {dag.py:2915} INFO - Sync 1 DAGs
[2023-09-13T19:18:19.280+0000] {logging_mixin.py:151} INFO - [2023-09-13T19:18:19.279+0000] {dag.py:3696} INFO - Setting next_dagrun for example_dynamic_task_mapping_with_no_taskflow_operators to 2023-09-12T19:18:19.279522+00:00, run_after=2023-09-13T19:18:19.279522+00:00
[2023-09-13T19:18:19.292+0000] {processor.py:179} INFO - Processing /home/airflow/.local/lib/python3.8/site-packages/airflow/example_dags/example_dynamic_task_mapping_with_no_taskflow_operators.py took 0.076 seconds
[2023-09-13T19:18:49.515+0000] {processor.py:157} INFO - Started process (PID=354) to work on /home/airflow/.local/lib/python3.8/site-packages/airflow/example_dags/example_dynamic_task_mapping_with_no_taskflow_operators.py
[2023-09-13T19:18:49.518+0000] {processor.py:829} INFO - Processing file /home/airflow/.local/lib/python3.8/site-packages/airflow/example_dags/example_dynamic_task_mapping_with_no_taskflow_operators.py for tasks to queue
[2023-09-13T19:18:49.523+0000] {logging_mixin.py:151} INFO - [2023-09-13T19:18:49.522+0000] {dagbag.py:539} INFO - Filling up the DagBag from /home/airflow/.local/lib/python3.8/site-packages/airflow/example_dags/example_dynamic_task_mapping_with_no_taskflow_operators.py
[2023-09-13T19:18:49.530+0000] {processor.py:839} INFO - DAG(s) dict_keys(['example_dynamic_task_mapping_with_no_taskflow_operators']) retrieved from /home/airflow/.local/lib/python3.8/site-packages/airflow/example_dags/example_dynamic_task_mapping_with_no_taskflow_operators.py
[2023-09-13T19:18:49.552+0000] {logging_mixin.py:151} INFO - [2023-09-13T19:18:49.552+0000] {dag.py:2915} INFO - Sync 1 DAGs
[2023-09-13T19:18:49.571+0000] {logging_mixin.py:151} INFO - [2023-09-13T19:18:49.570+0000] {dag.py:3696} INFO - Setting next_dagrun for example_dynamic_task_mapping_with_no_taskflow_operators to 2023-09-12T19:18:49.570676+00:00, run_after=2023-09-13T19:18:49.570676+00:00
[2023-09-13T19:18:49.585+0000] {processor.py:179} INFO - Processing /home/airflow/.local/lib/python3.8/site-packages/airflow/example_dags/example_dynamic_task_mapping_with_no_taskflow_operators.py took 0.076 seconds
[2023-09-13T19:19:19.731+0000] {processor.py:157} INFO - Started process (PID=409) to work on /home/airflow/.local/lib/python3.8/site-packages/airflow/example_dags/example_dynamic_task_mapping_with_no_taskflow_operators.py
[2023-09-13T19:19:19.736+0000] {processor.py:829} INFO - Processing file /home/airflow/.local/lib/python3.8/site-packages/airflow/example_dags/example_dynamic_task_mapping_with_no_taskflow_operators.py for tasks to queue
[2023-09-13T19:19:19.740+0000] {logging_mixin.py:151} INFO - [2023-09-13T19:19:19.740+0000] {dagbag.py:539} INFO - Filling up the DagBag from /home/airflow/.local/lib/python3.8/site-packages/airflow/example_dags/example_dynamic_task_mapping_with_no_taskflow_operators.py
[2023-09-13T19:19:19.751+0000] {processor.py:839} INFO - DAG(s) dict_keys(['example_dynamic_task_mapping_with_no_taskflow_operators']) retrieved from /home/airflow/.local/lib/python3.8/site-packages/airflow/example_dags/example_dynamic_task_mapping_with_no_taskflow_operators.py
[2023-09-13T19:19:19.779+0000] {logging_mixin.py:151} INFO - [2023-09-13T19:19:19.779+0000] {dag.py:2915} INFO - Sync 1 DAGs
[2023-09-13T19:19:19.802+0000] {logging_mixin.py:151} INFO - [2023-09-13T19:19:19.802+0000] {dag.py:3696} INFO - Setting next_dagrun for example_dynamic_task_mapping_with_no_taskflow_operators to 2023-09-12T19:19:19.801732+00:00, run_after=2023-09-13T19:19:19.801732+00:00
[2023-09-13T19:19:19.816+0000] {processor.py:179} INFO - Processing /home/airflow/.local/lib/python3.8/site-packages/airflow/example_dags/example_dynamic_task_mapping_with_no_taskflow_operators.py took 0.092 seconds
[2023-09-13T19:19:50.095+0000] {processor.py:157} INFO - Started process (PID=463) to work on /home/airflow/.local/lib/python3.8/site-packages/airflow/example_dags/example_dynamic_task_mapping_with_no_taskflow_operators.py
[2023-09-13T19:19:50.097+0000] {processor.py:829} INFO - Processing file /home/airflow/.local/lib/python3.8/site-packages/airflow/example_dags/example_dynamic_task_mapping_with_no_taskflow_operators.py for tasks to queue
[2023-09-13T19:19:50.102+0000] {logging_mixin.py:151} INFO - [2023-09-13T19:19:50.101+0000] {dagbag.py:539} INFO - Filling up the DagBag from /home/airflow/.local/lib/python3.8/site-packages/airflow/example_dags/example_dynamic_task_mapping_with_no_taskflow_operators.py
[2023-09-13T19:19:50.114+0000] {processor.py:839} INFO - DAG(s) dict_keys(['example_dynamic_task_mapping_with_no_taskflow_operators']) retrieved from /home/airflow/.local/lib/python3.8/site-packages/airflow/example_dags/example_dynamic_task_mapping_with_no_taskflow_operators.py
[2023-09-13T19:19:50.146+0000] {logging_mixin.py:151} INFO - [2023-09-13T19:19:50.146+0000] {dag.py:2915} INFO - Sync 1 DAGs
[2023-09-13T19:19:50.171+0000] {logging_mixin.py:151} INFO - [2023-09-13T19:19:50.171+0000] {dag.py:3696} INFO - Setting next_dagrun for example_dynamic_task_mapping_with_no_taskflow_operators to 2023-09-12T19:19:50.170530+00:00, run_after=2023-09-13T19:19:50.170530+00:00
[2023-09-13T19:19:50.188+0000] {processor.py:179} INFO - Processing /home/airflow/.local/lib/python3.8/site-packages/airflow/example_dags/example_dynamic_task_mapping_with_no_taskflow_operators.py took 0.100 seconds
[2023-09-13T19:20:20.389+0000] {processor.py:157} INFO - Started process (PID=516) to work on /home/airflow/.local/lib/python3.8/site-packages/airflow/example_dags/example_dynamic_task_mapping_with_no_taskflow_operators.py
[2023-09-13T19:20:20.391+0000] {processor.py:829} INFO - Processing file /home/airflow/.local/lib/python3.8/site-packages/airflow/example_dags/example_dynamic_task_mapping_with_no_taskflow_operators.py for tasks to queue
[2023-09-13T19:20:20.395+0000] {logging_mixin.py:151} INFO - [2023-09-13T19:20:20.394+0000] {dagbag.py:539} INFO - Filling up the DagBag from /home/airflow/.local/lib/python3.8/site-packages/airflow/example_dags/example_dynamic_task_mapping_with_no_taskflow_operators.py
[2023-09-13T19:20:20.404+0000] {processor.py:839} INFO - DAG(s) dict_keys(['example_dynamic_task_mapping_with_no_taskflow_operators']) retrieved from /home/airflow/.local/lib/python3.8/site-packages/airflow/example_dags/example_dynamic_task_mapping_with_no_taskflow_operators.py
[2023-09-13T19:20:20.430+0000] {logging_mixin.py:151} INFO - [2023-09-13T19:20:20.430+0000] {dag.py:2915} INFO - Sync 1 DAGs
[2023-09-13T19:20:20.453+0000] {logging_mixin.py:151} INFO - [2023-09-13T19:20:20.452+0000] {dag.py:3696} INFO - Setting next_dagrun for example_dynamic_task_mapping_with_no_taskflow_operators to 2023-09-12T19:20:20.452560+00:00, run_after=2023-09-13T19:20:20.452560+00:00
[2023-09-13T19:20:20.466+0000] {processor.py:179} INFO - Processing /home/airflow/.local/lib/python3.8/site-packages/airflow/example_dags/example_dynamic_task_mapping_with_no_taskflow_operators.py took 0.083 seconds
[2023-09-13T19:20:50.896+0000] {processor.py:157} INFO - Started process (PID=570) to work on /home/airflow/.local/lib/python3.8/site-packages/airflow/example_dags/example_dynamic_task_mapping_with_no_taskflow_operators.py
[2023-09-13T19:20:50.899+0000] {processor.py:829} INFO - Processing file /home/airflow/.local/lib/python3.8/site-packages/airflow/example_dags/example_dynamic_task_mapping_with_no_taskflow_operators.py for tasks to queue
[2023-09-13T19:20:50.904+0000] {logging_mixin.py:151} INFO - [2023-09-13T19:20:50.904+0000] {dagbag.py:539} INFO - Filling up the DagBag from /home/airflow/.local/lib/python3.8/site-packages/airflow/example_dags/example_dynamic_task_mapping_with_no_taskflow_operators.py
[2023-09-13T19:20:50.916+0000] {processor.py:839} INFO - DAG(s) dict_keys(['example_dynamic_task_mapping_with_no_taskflow_operators']) retrieved from /home/airflow/.local/lib/python3.8/site-packages/airflow/example_dags/example_dynamic_task_mapping_with_no_taskflow_operators.py
[2023-09-13T19:20:50.942+0000] {logging_mixin.py:151} INFO - [2023-09-13T19:20:50.942+0000] {dag.py:2915} INFO - Sync 1 DAGs
[2023-09-13T19:20:50.968+0000] {logging_mixin.py:151} INFO - [2023-09-13T19:20:50.968+0000] {dag.py:3696} INFO - Setting next_dagrun for example_dynamic_task_mapping_with_no_taskflow_operators to 2023-09-12T19:20:50.967915+00:00, run_after=2023-09-13T19:20:50.967915+00:00
[2023-09-13T19:20:50.982+0000] {processor.py:179} INFO - Processing /home/airflow/.local/lib/python3.8/site-packages/airflow/example_dags/example_dynamic_task_mapping_with_no_taskflow_operators.py took 0.092 seconds
[2023-09-13T19:21:21.268+0000] {processor.py:157} INFO - Started process (PID=624) to work on /home/airflow/.local/lib/python3.8/site-packages/airflow/example_dags/example_dynamic_task_mapping_with_no_taskflow_operators.py
[2023-09-13T19:21:21.271+0000] {processor.py:829} INFO - Processing file /home/airflow/.local/lib/python3.8/site-packages/airflow/example_dags/example_dynamic_task_mapping_with_no_taskflow_operators.py for tasks to queue
[2023-09-13T19:21:21.275+0000] {logging_mixin.py:151} INFO - [2023-09-13T19:21:21.274+0000] {dagbag.py:539} INFO - Filling up the DagBag from /home/airflow/.local/lib/python3.8/site-packages/airflow/example_dags/example_dynamic_task_mapping_with_no_taskflow_operators.py
[2023-09-13T19:21:21.284+0000] {processor.py:839} INFO - DAG(s) dict_keys(['example_dynamic_task_mapping_with_no_taskflow_operators']) retrieved from /home/airflow/.local/lib/python3.8/site-packages/airflow/example_dags/example_dynamic_task_mapping_with_no_taskflow_operators.py
[2023-09-13T19:21:21.310+0000] {logging_mixin.py:151} INFO - [2023-09-13T19:21:21.310+0000] {dag.py:2915} INFO - Sync 1 DAGs
[2023-09-13T19:21:21.329+0000] {logging_mixin.py:151} INFO - [2023-09-13T19:21:21.329+0000] {dag.py:3696} INFO - Setting next_dagrun for example_dynamic_task_mapping_with_no_taskflow_operators to 2023-09-12T19:21:21.329356+00:00, run_after=2023-09-13T19:21:21.329356+00:00
[2023-09-13T19:21:21.343+0000] {processor.py:179} INFO - Processing /home/airflow/.local/lib/python3.8/site-packages/airflow/example_dags/example_dynamic_task_mapping_with_no_taskflow_operators.py took 0.081 seconds
[2023-09-13T19:21:51.938+0000] {processor.py:157} INFO - Started process (PID=678) to work on /home/airflow/.local/lib/python3.8/site-packages/airflow/example_dags/example_dynamic_task_mapping_with_no_taskflow_operators.py
[2023-09-13T19:21:51.940+0000] {processor.py:829} INFO - Processing file /home/airflow/.local/lib/python3.8/site-packages/airflow/example_dags/example_dynamic_task_mapping_with_no_taskflow_operators.py for tasks to queue
[2023-09-13T19:21:51.944+0000] {logging_mixin.py:151} INFO - [2023-09-13T19:21:51.943+0000] {dagbag.py:539} INFO - Filling up the DagBag from /home/airflow/.local/lib/python3.8/site-packages/airflow/example_dags/example_dynamic_task_mapping_with_no_taskflow_operators.py
[2023-09-13T19:21:51.951+0000] {processor.py:839} INFO - DAG(s) dict_keys(['example_dynamic_task_mapping_with_no_taskflow_operators']) retrieved from /home/airflow/.local/lib/python3.8/site-packages/airflow/example_dags/example_dynamic_task_mapping_with_no_taskflow_operators.py
[2023-09-13T19:21:51.973+0000] {logging_mixin.py:151} INFO - [2023-09-13T19:21:51.973+0000] {dag.py:2915} INFO - Sync 1 DAGs
[2023-09-13T19:21:51.989+0000] {logging_mixin.py:151} INFO - [2023-09-13T19:21:51.989+0000] {dag.py:3696} INFO - Setting next_dagrun for example_dynamic_task_mapping_with_no_taskflow_operators to 2023-09-12T19:21:51.989601+00:00, run_after=2023-09-13T19:21:51.989601+00:00
[2023-09-13T19:21:52.002+0000] {processor.py:179} INFO - Processing /home/airflow/.local/lib/python3.8/site-packages/airflow/example_dags/example_dynamic_task_mapping_with_no_taskflow_operators.py took 0.069 seconds
[2023-09-13T19:22:22.614+0000] {processor.py:157} INFO - Started process (PID=732) to work on /home/airflow/.local/lib/python3.8/site-packages/airflow/example_dags/example_dynamic_task_mapping_with_no_taskflow_operators.py
[2023-09-13T19:22:22.616+0000] {processor.py:829} INFO - Processing file /home/airflow/.local/lib/python3.8/site-packages/airflow/example_dags/example_dynamic_task_mapping_with_no_taskflow_operators.py for tasks to queue
[2023-09-13T19:22:22.622+0000] {logging_mixin.py:151} INFO - [2023-09-13T19:22:22.621+0000] {dagbag.py:539} INFO - Filling up the DagBag from /home/airflow/.local/lib/python3.8/site-packages/airflow/example_dags/example_dynamic_task_mapping_with_no_taskflow_operators.py
[2023-09-13T19:22:22.635+0000] {processor.py:839} INFO - DAG(s) dict_keys(['example_dynamic_task_mapping_with_no_taskflow_operators']) retrieved from /home/airflow/.local/lib/python3.8/site-packages/airflow/example_dags/example_dynamic_task_mapping_with_no_taskflow_operators.py
[2023-09-13T19:22:22.665+0000] {logging_mixin.py:151} INFO - [2023-09-13T19:22:22.665+0000] {dag.py:2915} INFO - Sync 1 DAGs
[2023-09-13T19:22:22.699+0000] {logging_mixin.py:151} INFO - [2023-09-13T19:22:22.699+0000] {dag.py:3696} INFO - Setting next_dagrun for example_dynamic_task_mapping_with_no_taskflow_operators to 2023-09-12T19:22:22.699060+00:00, run_after=2023-09-13T19:22:22.699060+00:00
[2023-09-13T19:22:22.713+0000] {processor.py:179} INFO - Processing /home/airflow/.local/lib/python3.8/site-packages/airflow/example_dags/example_dynamic_task_mapping_with_no_taskflow_operators.py took 0.107 seconds
[2023-09-13T19:22:52.865+0000] {processor.py:157} INFO - Started process (PID=787) to work on /home/airflow/.local/lib/python3.8/site-packages/airflow/example_dags/example_dynamic_task_mapping_with_no_taskflow_operators.py
[2023-09-13T19:22:52.867+0000] {processor.py:829} INFO - Processing file /home/airflow/.local/lib/python3.8/site-packages/airflow/example_dags/example_dynamic_task_mapping_with_no_taskflow_operators.py for tasks to queue
[2023-09-13T19:22:52.870+0000] {logging_mixin.py:151} INFO - [2023-09-13T19:22:52.870+0000] {dagbag.py:539} INFO - Filling up the DagBag from /home/airflow/.local/lib/python3.8/site-packages/airflow/example_dags/example_dynamic_task_mapping_with_no_taskflow_operators.py
[2023-09-13T19:22:52.877+0000] {processor.py:839} INFO - DAG(s) dict_keys(['example_dynamic_task_mapping_with_no_taskflow_operators']) retrieved from /home/airflow/.local/lib/python3.8/site-packages/airflow/example_dags/example_dynamic_task_mapping_with_no_taskflow_operators.py
[2023-09-13T19:22:52.909+0000] {logging_mixin.py:151} INFO - [2023-09-13T19:22:52.909+0000] {dag.py:2915} INFO - Sync 1 DAGs
[2023-09-13T19:22:52.932+0000] {logging_mixin.py:151} INFO - [2023-09-13T19:22:52.931+0000] {dag.py:3696} INFO - Setting next_dagrun for example_dynamic_task_mapping_with_no_taskflow_operators to 2023-09-12T19:22:52.931552+00:00, run_after=2023-09-13T19:22:52.931552+00:00
[2023-09-13T19:22:52.955+0000] {processor.py:179} INFO - Processing /home/airflow/.local/lib/python3.8/site-packages/airflow/example_dags/example_dynamic_task_mapping_with_no_taskflow_operators.py took 0.094 seconds
[2023-09-13T19:23:23.145+0000] {processor.py:157} INFO - Started process (PID=840) to work on /home/airflow/.local/lib/python3.8/site-packages/airflow/example_dags/example_dynamic_task_mapping_with_no_taskflow_operators.py
[2023-09-13T19:23:23.148+0000] {processor.py:829} INFO - Processing file /home/airflow/.local/lib/python3.8/site-packages/airflow/example_dags/example_dynamic_task_mapping_with_no_taskflow_operators.py for tasks to queue
[2023-09-13T19:23:23.151+0000] {logging_mixin.py:151} INFO - [2023-09-13T19:23:23.151+0000] {dagbag.py:539} INFO - Filling up the DagBag from /home/airflow/.local/lib/python3.8/site-packages/airflow/example_dags/example_dynamic_task_mapping_with_no_taskflow_operators.py
[2023-09-13T19:23:23.159+0000] {processor.py:839} INFO - DAG(s) dict_keys(['example_dynamic_task_mapping_with_no_taskflow_operators']) retrieved from /home/airflow/.local/lib/python3.8/site-packages/airflow/example_dags/example_dynamic_task_mapping_with_no_taskflow_operators.py
[2023-09-13T19:23:23.181+0000] {logging_mixin.py:151} INFO - [2023-09-13T19:23:23.181+0000] {dag.py:2915} INFO - Sync 1 DAGs
[2023-09-13T19:23:23.203+0000] {logging_mixin.py:151} INFO - [2023-09-13T19:23:23.203+0000] {dag.py:3696} INFO - Setting next_dagrun for example_dynamic_task_mapping_with_no_taskflow_operators to 2023-09-12T19:23:23.202985+00:00, run_after=2023-09-13T19:23:23.202985+00:00
[2023-09-13T19:23:23.219+0000] {processor.py:179} INFO - Processing /home/airflow/.local/lib/python3.8/site-packages/airflow/example_dags/example_dynamic_task_mapping_with_no_taskflow_operators.py took 0.080 seconds
[2023-09-13T19:23:53.435+0000] {processor.py:157} INFO - Started process (PID=894) to work on /home/airflow/.local/lib/python3.8/site-packages/airflow/example_dags/example_dynamic_task_mapping_with_no_taskflow_operators.py
[2023-09-13T19:23:53.438+0000] {processor.py:829} INFO - Processing file /home/airflow/.local/lib/python3.8/site-packages/airflow/example_dags/example_dynamic_task_mapping_with_no_taskflow_operators.py for tasks to queue
[2023-09-13T19:23:53.441+0000] {logging_mixin.py:151} INFO - [2023-09-13T19:23:53.440+0000] {dagbag.py:539} INFO - Filling up the DagBag from /home/airflow/.local/lib/python3.8/site-packages/airflow/example_dags/example_dynamic_task_mapping_with_no_taskflow_operators.py
[2023-09-13T19:23:53.448+0000] {processor.py:839} INFO - DAG(s) dict_keys(['example_dynamic_task_mapping_with_no_taskflow_operators']) retrieved from /home/airflow/.local/lib/python3.8/site-packages/airflow/example_dags/example_dynamic_task_mapping_with_no_taskflow_operators.py
[2023-09-13T19:23:53.469+0000] {logging_mixin.py:151} INFO - [2023-09-13T19:23:53.469+0000] {dag.py:2915} INFO - Sync 1 DAGs
[2023-09-13T19:23:53.486+0000] {logging_mixin.py:151} INFO - [2023-09-13T19:23:53.486+0000] {dag.py:3696} INFO - Setting next_dagrun for example_dynamic_task_mapping_with_no_taskflow_operators to 2023-09-12T19:23:53.486522+00:00, run_after=2023-09-13T19:23:53.486522+00:00
[2023-09-13T19:23:53.499+0000] {processor.py:179} INFO - Processing /home/airflow/.local/lib/python3.8/site-packages/airflow/example_dags/example_dynamic_task_mapping_with_no_taskflow_operators.py took 0.068 seconds
[2023-09-13T19:24:23.564+0000] {processor.py:157} INFO - Started process (PID=948) to work on /home/airflow/.local/lib/python3.8/site-packages/airflow/example_dags/example_dynamic_task_mapping_with_no_taskflow_operators.py
[2023-09-13T19:24:23.567+0000] {processor.py:829} INFO - Processing file /home/airflow/.local/lib/python3.8/site-packages/airflow/example_dags/example_dynamic_task_mapping_with_no_taskflow_operators.py for tasks to queue
[2023-09-13T19:24:23.571+0000] {logging_mixin.py:151} INFO - [2023-09-13T19:24:23.570+0000] {dagbag.py:539} INFO - Filling up the DagBag from /home/airflow/.local/lib/python3.8/site-packages/airflow/example_dags/example_dynamic_task_mapping_with_no_taskflow_operators.py
[2023-09-13T19:24:23.580+0000] {processor.py:839} INFO - DAG(s) dict_keys(['example_dynamic_task_mapping_with_no_taskflow_operators']) retrieved from /home/airflow/.local/lib/python3.8/site-packages/airflow/example_dags/example_dynamic_task_mapping_with_no_taskflow_operators.py
[2023-09-13T19:24:23.603+0000] {logging_mixin.py:151} INFO - [2023-09-13T19:24:23.602+0000] {dag.py:2915} INFO - Sync 1 DAGs
[2023-09-13T19:24:23.620+0000] {logging_mixin.py:151} INFO - [2023-09-13T19:24:23.620+0000] {dag.py:3696} INFO - Setting next_dagrun for example_dynamic_task_mapping_with_no_taskflow_operators to 2023-09-12T19:24:23.620426+00:00, run_after=2023-09-13T19:24:23.620426+00:00
[2023-09-13T19:24:23.634+0000] {processor.py:179} INFO - Processing /home/airflow/.local/lib/python3.8/site-packages/airflow/example_dags/example_dynamic_task_mapping_with_no_taskflow_operators.py took 0.075 seconds
[2023-09-13T19:24:53.964+0000] {processor.py:157} INFO - Started process (PID=1003) to work on /home/airflow/.local/lib/python3.8/site-packages/airflow/example_dags/example_dynamic_task_mapping_with_no_taskflow_operators.py
[2023-09-13T19:24:53.968+0000] {processor.py:829} INFO - Processing file /home/airflow/.local/lib/python3.8/site-packages/airflow/example_dags/example_dynamic_task_mapping_with_no_taskflow_operators.py for tasks to queue
[2023-09-13T19:24:53.972+0000] {logging_mixin.py:151} INFO - [2023-09-13T19:24:53.971+0000] {dagbag.py:539} INFO - Filling up the DagBag from /home/airflow/.local/lib/python3.8/site-packages/airflow/example_dags/example_dynamic_task_mapping_with_no_taskflow_operators.py
[2023-09-13T19:24:53.980+0000] {processor.py:839} INFO - DAG(s) dict_keys(['example_dynamic_task_mapping_with_no_taskflow_operators']) retrieved from /home/airflow/.local/lib/python3.8/site-packages/airflow/example_dags/example_dynamic_task_mapping_with_no_taskflow_operators.py
[2023-09-13T19:24:54.002+0000] {logging_mixin.py:151} INFO - [2023-09-13T19:24:54.001+0000] {dag.py:2915} INFO - Sync 1 DAGs
[2023-09-13T19:24:54.019+0000] {logging_mixin.py:151} INFO - [2023-09-13T19:24:54.019+0000] {dag.py:3696} INFO - Setting next_dagrun for example_dynamic_task_mapping_with_no_taskflow_operators to 2023-09-12T19:24:54.019518+00:00, run_after=2023-09-13T19:24:54.019518+00:00
[2023-09-13T19:24:54.031+0000] {processor.py:179} INFO - Processing /home/airflow/.local/lib/python3.8/site-packages/airflow/example_dags/example_dynamic_task_mapping_with_no_taskflow_operators.py took 0.073 seconds
[2023-09-13T19:25:24.162+0000] {processor.py:157} INFO - Started process (PID=1056) to work on /home/airflow/.local/lib/python3.8/site-packages/airflow/example_dags/example_dynamic_task_mapping_with_no_taskflow_operators.py
[2023-09-13T19:25:24.165+0000] {processor.py:829} INFO - Processing file /home/airflow/.local/lib/python3.8/site-packages/airflow/example_dags/example_dynamic_task_mapping_with_no_taskflow_operators.py for tasks to queue
[2023-09-13T19:25:24.168+0000] {logging_mixin.py:151} INFO - [2023-09-13T19:25:24.168+0000] {dagbag.py:539} INFO - Filling up the DagBag from /home/airflow/.local/lib/python3.8/site-packages/airflow/example_dags/example_dynamic_task_mapping_with_no_taskflow_operators.py
[2023-09-13T19:25:24.176+0000] {processor.py:839} INFO - DAG(s) dict_keys(['example_dynamic_task_mapping_with_no_taskflow_operators']) retrieved from /home/airflow/.local/lib/python3.8/site-packages/airflow/example_dags/example_dynamic_task_mapping_with_no_taskflow_operators.py
[2023-09-13T19:25:24.200+0000] {logging_mixin.py:151} INFO - [2023-09-13T19:25:24.199+0000] {dag.py:2915} INFO - Sync 1 DAGs
[2023-09-13T19:25:24.218+0000] {logging_mixin.py:151} INFO - [2023-09-13T19:25:24.218+0000] {dag.py:3696} INFO - Setting next_dagrun for example_dynamic_task_mapping_with_no_taskflow_operators to 2023-09-12T19:25:24.218079+00:00, run_after=2023-09-13T19:25:24.218079+00:00
[2023-09-13T19:25:24.232+0000] {processor.py:179} INFO - Processing /home/airflow/.local/lib/python3.8/site-packages/airflow/example_dags/example_dynamic_task_mapping_with_no_taskflow_operators.py took 0.077 seconds
[2023-09-13T19:25:55.198+0000] {processor.py:157} INFO - Started process (PID=1111) to work on /home/airflow/.local/lib/python3.8/site-packages/airflow/example_dags/example_dynamic_task_mapping_with_no_taskflow_operators.py
[2023-09-13T19:25:55.201+0000] {processor.py:829} INFO - Processing file /home/airflow/.local/lib/python3.8/site-packages/airflow/example_dags/example_dynamic_task_mapping_with_no_taskflow_operators.py for tasks to queue
[2023-09-13T19:25:55.204+0000] {logging_mixin.py:151} INFO - [2023-09-13T19:25:55.204+0000] {dagbag.py:539} INFO - Filling up the DagBag from /home/airflow/.local/lib/python3.8/site-packages/airflow/example_dags/example_dynamic_task_mapping_with_no_taskflow_operators.py
[2023-09-13T19:25:55.211+0000] {processor.py:839} INFO - DAG(s) dict_keys(['example_dynamic_task_mapping_with_no_taskflow_operators']) retrieved from /home/airflow/.local/lib/python3.8/site-packages/airflow/example_dags/example_dynamic_task_mapping_with_no_taskflow_operators.py
[2023-09-13T19:25:55.232+0000] {logging_mixin.py:151} INFO - [2023-09-13T19:25:55.231+0000] {dag.py:2915} INFO - Sync 1 DAGs
[2023-09-13T19:25:55.251+0000] {logging_mixin.py:151} INFO - [2023-09-13T19:25:55.251+0000] {dag.py:3696} INFO - Setting next_dagrun for example_dynamic_task_mapping_with_no_taskflow_operators to 2023-09-12T19:25:55.251026+00:00, run_after=2023-09-13T19:25:55.251026+00:00
[2023-09-13T19:25:55.263+0000] {processor.py:179} INFO - Processing /home/airflow/.local/lib/python3.8/site-packages/airflow/example_dags/example_dynamic_task_mapping_with_no_taskflow_operators.py took 0.071 seconds
[2023-09-13T19:26:25.451+0000] {processor.py:157} INFO - Started process (PID=1167) to work on /home/airflow/.local/lib/python3.8/site-packages/airflow/example_dags/example_dynamic_task_mapping_with_no_taskflow_operators.py
[2023-09-13T19:26:25.453+0000] {processor.py:829} INFO - Processing file /home/airflow/.local/lib/python3.8/site-packages/airflow/example_dags/example_dynamic_task_mapping_with_no_taskflow_operators.py for tasks to queue
[2023-09-13T19:26:25.455+0000] {logging_mixin.py:151} INFO - [2023-09-13T19:26:25.455+0000] {dagbag.py:539} INFO - Filling up the DagBag from /home/airflow/.local/lib/python3.8/site-packages/airflow/example_dags/example_dynamic_task_mapping_with_no_taskflow_operators.py
[2023-09-13T19:26:25.462+0000] {processor.py:839} INFO - DAG(s) dict_keys(['example_dynamic_task_mapping_with_no_taskflow_operators']) retrieved from /home/airflow/.local/lib/python3.8/site-packages/airflow/example_dags/example_dynamic_task_mapping_with_no_taskflow_operators.py
[2023-09-13T19:26:25.483+0000] {logging_mixin.py:151} INFO - [2023-09-13T19:26:25.483+0000] {dag.py:2915} INFO - Sync 1 DAGs
[2023-09-13T19:26:25.501+0000] {logging_mixin.py:151} INFO - [2023-09-13T19:26:25.501+0000] {dag.py:3696} INFO - Setting next_dagrun for example_dynamic_task_mapping_with_no_taskflow_operators to 2023-09-12T19:26:25.501025+00:00, run_after=2023-09-13T19:26:25.501025+00:00
[2023-09-13T19:26:25.513+0000] {processor.py:179} INFO - Processing /home/airflow/.local/lib/python3.8/site-packages/airflow/example_dags/example_dynamic_task_mapping_with_no_taskflow_operators.py took 0.067 seconds
[2023-09-13T19:26:56.037+0000] {processor.py:157} INFO - Started process (PID=1223) to work on /home/airflow/.local/lib/python3.8/site-packages/airflow/example_dags/example_dynamic_task_mapping_with_no_taskflow_operators.py
[2023-09-13T19:26:56.039+0000] {processor.py:829} INFO - Processing file /home/airflow/.local/lib/python3.8/site-packages/airflow/example_dags/example_dynamic_task_mapping_with_no_taskflow_operators.py for tasks to queue
[2023-09-13T19:26:56.042+0000] {logging_mixin.py:151} INFO - [2023-09-13T19:26:56.042+0000] {dagbag.py:539} INFO - Filling up the DagBag from /home/airflow/.local/lib/python3.8/site-packages/airflow/example_dags/example_dynamic_task_mapping_with_no_taskflow_operators.py
[2023-09-13T19:26:56.050+0000] {processor.py:839} INFO - DAG(s) dict_keys(['example_dynamic_task_mapping_with_no_taskflow_operators']) retrieved from /home/airflow/.local/lib/python3.8/site-packages/airflow/example_dags/example_dynamic_task_mapping_with_no_taskflow_operators.py
[2023-09-13T19:26:56.073+0000] {logging_mixin.py:151} INFO - [2023-09-13T19:26:56.073+0000] {dag.py:2915} INFO - Sync 1 DAGs
[2023-09-13T19:26:56.091+0000] {logging_mixin.py:151} INFO - [2023-09-13T19:26:56.091+0000] {dag.py:3696} INFO - Setting next_dagrun for example_dynamic_task_mapping_with_no_taskflow_operators to 2023-09-12T19:26:56.091031+00:00, run_after=2023-09-13T19:26:56.091031+00:00
[2023-09-13T19:26:56.103+0000] {processor.py:179} INFO - Processing /home/airflow/.local/lib/python3.8/site-packages/airflow/example_dags/example_dynamic_task_mapping_with_no_taskflow_operators.py took 0.072 seconds
[2023-09-13T19:28:12.394+0000] {processor.py:157} INFO - Started process (PID=31) to work on /home/airflow/.local/lib/python3.8/site-packages/airflow/example_dags/example_dynamic_task_mapping_with_no_taskflow_operators.py
[2023-09-13T19:28:12.400+0000] {processor.py:829} INFO - Processing file /home/airflow/.local/lib/python3.8/site-packages/airflow/example_dags/example_dynamic_task_mapping_with_no_taskflow_operators.py for tasks to queue
[2023-09-13T19:28:12.412+0000] {logging_mixin.py:151} INFO - [2023-09-13T19:28:12.410+0000] {dagbag.py:539} INFO - Filling up the DagBag from /home/airflow/.local/lib/python3.8/site-packages/airflow/example_dags/example_dynamic_task_mapping_with_no_taskflow_operators.py
[2023-09-13T19:28:12.443+0000] {processor.py:839} INFO - DAG(s) dict_keys(['example_dynamic_task_mapping_with_no_taskflow_operators']) retrieved from /home/airflow/.local/lib/python3.8/site-packages/airflow/example_dags/example_dynamic_task_mapping_with_no_taskflow_operators.py
[2023-09-13T19:28:12.507+0000] {logging_mixin.py:151} INFO - [2023-09-13T19:28:12.506+0000] {dag.py:2915} INFO - Sync 1 DAGs
[2023-09-13T19:28:12.548+0000] {logging_mixin.py:151} INFO - [2023-09-13T19:28:12.548+0000] {dag.py:3696} INFO - Setting next_dagrun for example_dynamic_task_mapping_with_no_taskflow_operators to 2023-09-12T19:28:12.547874+00:00, run_after=2023-09-13T19:28:12.547874+00:00
[2023-09-13T19:28:12.593+0000] {processor.py:179} INFO - Processing /home/airflow/.local/lib/python3.8/site-packages/airflow/example_dags/example_dynamic_task_mapping_with_no_taskflow_operators.py took 0.207 seconds
[2023-09-13T19:28:43.417+0000] {processor.py:157} INFO - Started process (PID=87) to work on /home/airflow/.local/lib/python3.8/site-packages/airflow/example_dags/example_dynamic_task_mapping_with_no_taskflow_operators.py
[2023-09-13T19:28:43.419+0000] {processor.py:829} INFO - Processing file /home/airflow/.local/lib/python3.8/site-packages/airflow/example_dags/example_dynamic_task_mapping_with_no_taskflow_operators.py for tasks to queue
[2023-09-13T19:28:43.436+0000] {logging_mixin.py:151} INFO - [2023-09-13T19:28:43.433+0000] {dagbag.py:539} INFO - Filling up the DagBag from /home/airflow/.local/lib/python3.8/site-packages/airflow/example_dags/example_dynamic_task_mapping_with_no_taskflow_operators.py
[2023-09-13T19:28:43.452+0000] {processor.py:839} INFO - DAG(s) dict_keys(['example_dynamic_task_mapping_with_no_taskflow_operators']) retrieved from /home/airflow/.local/lib/python3.8/site-packages/airflow/example_dags/example_dynamic_task_mapping_with_no_taskflow_operators.py
[2023-09-13T19:28:43.492+0000] {logging_mixin.py:151} INFO - [2023-09-13T19:28:43.492+0000] {dag.py:2915} INFO - Sync 1 DAGs
[2023-09-13T19:28:43.532+0000] {logging_mixin.py:151} INFO - [2023-09-13T19:28:43.531+0000] {dag.py:3696} INFO - Setting next_dagrun for example_dynamic_task_mapping_with_no_taskflow_operators to 2023-09-12T19:28:43.526932+00:00, run_after=2023-09-13T19:28:43.526932+00:00
[2023-09-13T19:28:43.559+0000] {processor.py:179} INFO - Processing /home/airflow/.local/lib/python3.8/site-packages/airflow/example_dags/example_dynamic_task_mapping_with_no_taskflow_operators.py took 0.148 seconds
[2023-09-13T19:29:13.832+0000] {processor.py:157} INFO - Started process (PID=142) to work on /home/airflow/.local/lib/python3.8/site-packages/airflow/example_dags/example_dynamic_task_mapping_with_no_taskflow_operators.py
[2023-09-13T19:29:13.833+0000] {processor.py:829} INFO - Processing file /home/airflow/.local/lib/python3.8/site-packages/airflow/example_dags/example_dynamic_task_mapping_with_no_taskflow_operators.py for tasks to queue
[2023-09-13T19:29:13.837+0000] {logging_mixin.py:151} INFO - [2023-09-13T19:29:13.836+0000] {dagbag.py:539} INFO - Filling up the DagBag from /home/airflow/.local/lib/python3.8/site-packages/airflow/example_dags/example_dynamic_task_mapping_with_no_taskflow_operators.py
[2023-09-13T19:29:13.847+0000] {processor.py:839} INFO - DAG(s) dict_keys(['example_dynamic_task_mapping_with_no_taskflow_operators']) retrieved from /home/airflow/.local/lib/python3.8/site-packages/airflow/example_dags/example_dynamic_task_mapping_with_no_taskflow_operators.py
[2023-09-13T19:29:13.871+0000] {logging_mixin.py:151} INFO - [2023-09-13T19:29:13.871+0000] {dag.py:2915} INFO - Sync 1 DAGs
[2023-09-13T19:29:13.891+0000] {logging_mixin.py:151} INFO - [2023-09-13T19:29:13.891+0000] {dag.py:3696} INFO - Setting next_dagrun for example_dynamic_task_mapping_with_no_taskflow_operators to 2023-09-12T19:29:13.891277+00:00, run_after=2023-09-13T19:29:13.891277+00:00
[2023-09-13T19:29:13.909+0000] {processor.py:179} INFO - Processing /home/airflow/.local/lib/python3.8/site-packages/airflow/example_dags/example_dynamic_task_mapping_with_no_taskflow_operators.py took 0.082 seconds
[2023-09-13T19:29:44.341+0000] {processor.py:157} INFO - Started process (PID=196) to work on /home/airflow/.local/lib/python3.8/site-packages/airflow/example_dags/example_dynamic_task_mapping_with_no_taskflow_operators.py
[2023-09-13T19:29:44.343+0000] {processor.py:829} INFO - Processing file /home/airflow/.local/lib/python3.8/site-packages/airflow/example_dags/example_dynamic_task_mapping_with_no_taskflow_operators.py for tasks to queue
[2023-09-13T19:29:44.346+0000] {logging_mixin.py:151} INFO - [2023-09-13T19:29:44.345+0000] {dagbag.py:539} INFO - Filling up the DagBag from /home/airflow/.local/lib/python3.8/site-packages/airflow/example_dags/example_dynamic_task_mapping_with_no_taskflow_operators.py
[2023-09-13T19:29:44.352+0000] {processor.py:839} INFO - DAG(s) dict_keys(['example_dynamic_task_mapping_with_no_taskflow_operators']) retrieved from /home/airflow/.local/lib/python3.8/site-packages/airflow/example_dags/example_dynamic_task_mapping_with_no_taskflow_operators.py
[2023-09-13T19:29:44.373+0000] {logging_mixin.py:151} INFO - [2023-09-13T19:29:44.372+0000] {dag.py:2915} INFO - Sync 1 DAGs
[2023-09-13T19:29:44.389+0000] {logging_mixin.py:151} INFO - [2023-09-13T19:29:44.389+0000] {dag.py:3696} INFO - Setting next_dagrun for example_dynamic_task_mapping_with_no_taskflow_operators to 2023-09-12T19:29:44.388906+00:00, run_after=2023-09-13T19:29:44.388906+00:00
[2023-09-13T19:29:44.401+0000] {processor.py:179} INFO - Processing /home/airflow/.local/lib/python3.8/site-packages/airflow/example_dags/example_dynamic_task_mapping_with_no_taskflow_operators.py took 0.064 seconds
[2023-09-13T19:30:14.511+0000] {processor.py:157} INFO - Started process (PID=250) to work on /home/airflow/.local/lib/python3.8/site-packages/airflow/example_dags/example_dynamic_task_mapping_with_no_taskflow_operators.py
[2023-09-13T19:30:14.514+0000] {processor.py:829} INFO - Processing file /home/airflow/.local/lib/python3.8/site-packages/airflow/example_dags/example_dynamic_task_mapping_with_no_taskflow_operators.py for tasks to queue
[2023-09-13T19:30:14.520+0000] {logging_mixin.py:151} INFO - [2023-09-13T19:30:14.519+0000] {dagbag.py:539} INFO - Filling up the DagBag from /home/airflow/.local/lib/python3.8/site-packages/airflow/example_dags/example_dynamic_task_mapping_with_no_taskflow_operators.py
[2023-09-13T19:30:14.543+0000] {processor.py:839} INFO - DAG(s) dict_keys(['example_dynamic_task_mapping_with_no_taskflow_operators']) retrieved from /home/airflow/.local/lib/python3.8/site-packages/airflow/example_dags/example_dynamic_task_mapping_with_no_taskflow_operators.py
[2023-09-13T19:30:14.581+0000] {logging_mixin.py:151} INFO - [2023-09-13T19:30:14.581+0000] {dag.py:2915} INFO - Sync 1 DAGs
[2023-09-13T19:30:14.611+0000] {logging_mixin.py:151} INFO - [2023-09-13T19:30:14.610+0000] {dag.py:3696} INFO - Setting next_dagrun for example_dynamic_task_mapping_with_no_taskflow_operators to 2023-09-12T19:30:14.610431+00:00, run_after=2023-09-13T19:30:14.610431+00:00
[2023-09-13T19:30:14.631+0000] {processor.py:179} INFO - Processing /home/airflow/.local/lib/python3.8/site-packages/airflow/example_dags/example_dynamic_task_mapping_with_no_taskflow_operators.py took 0.130 seconds
[2023-09-13T19:31:27.109+0000] {processor.py:157} INFO - Started process (PID=32) to work on /home/airflow/.local/lib/python3.8/site-packages/airflow/example_dags/example_dynamic_task_mapping_with_no_taskflow_operators.py
[2023-09-13T19:31:27.115+0000] {processor.py:829} INFO - Processing file /home/airflow/.local/lib/python3.8/site-packages/airflow/example_dags/example_dynamic_task_mapping_with_no_taskflow_operators.py for tasks to queue
[2023-09-13T19:31:27.133+0000] {logging_mixin.py:151} INFO - [2023-09-13T19:31:27.133+0000] {dagbag.py:539} INFO - Filling up the DagBag from /home/airflow/.local/lib/python3.8/site-packages/airflow/example_dags/example_dynamic_task_mapping_with_no_taskflow_operators.py
[2023-09-13T19:31:27.165+0000] {processor.py:839} INFO - DAG(s) dict_keys(['example_dynamic_task_mapping_with_no_taskflow_operators']) retrieved from /home/airflow/.local/lib/python3.8/site-packages/airflow/example_dags/example_dynamic_task_mapping_with_no_taskflow_operators.py
[2023-09-13T19:31:27.225+0000] {logging_mixin.py:151} INFO - [2023-09-13T19:31:27.225+0000] {dag.py:2915} INFO - Sync 1 DAGs
[2023-09-13T19:31:27.270+0000] {logging_mixin.py:151} INFO - [2023-09-13T19:31:27.269+0000] {dag.py:3696} INFO - Setting next_dagrun for example_dynamic_task_mapping_with_no_taskflow_operators to 2023-09-12T19:31:27.269452+00:00, run_after=2023-09-13T19:31:27.269452+00:00
[2023-09-13T19:31:27.300+0000] {processor.py:179} INFO - Processing /home/airflow/.local/lib/python3.8/site-packages/airflow/example_dags/example_dynamic_task_mapping_with_no_taskflow_operators.py took 0.204 seconds
[2023-09-13T19:31:57.526+0000] {processor.py:157} INFO - Started process (PID=87) to work on /home/airflow/.local/lib/python3.8/site-packages/airflow/example_dags/example_dynamic_task_mapping_with_no_taskflow_operators.py
[2023-09-13T19:31:57.528+0000] {processor.py:829} INFO - Processing file /home/airflow/.local/lib/python3.8/site-packages/airflow/example_dags/example_dynamic_task_mapping_with_no_taskflow_operators.py for tasks to queue
[2023-09-13T19:31:57.532+0000] {logging_mixin.py:151} INFO - [2023-09-13T19:31:57.532+0000] {dagbag.py:539} INFO - Filling up the DagBag from /home/airflow/.local/lib/python3.8/site-packages/airflow/example_dags/example_dynamic_task_mapping_with_no_taskflow_operators.py
[2023-09-13T19:31:57.554+0000] {processor.py:839} INFO - DAG(s) dict_keys(['example_dynamic_task_mapping_with_no_taskflow_operators']) retrieved from /home/airflow/.local/lib/python3.8/site-packages/airflow/example_dags/example_dynamic_task_mapping_with_no_taskflow_operators.py
[2023-09-13T19:31:57.609+0000] {logging_mixin.py:151} INFO - [2023-09-13T19:31:57.609+0000] {dag.py:2915} INFO - Sync 1 DAGs
[2023-09-13T19:31:57.644+0000] {logging_mixin.py:151} INFO - [2023-09-13T19:31:57.644+0000] {dag.py:3696} INFO - Setting next_dagrun for example_dynamic_task_mapping_with_no_taskflow_operators to 2023-09-12T19:31:57.643613+00:00, run_after=2023-09-13T19:31:57.643613+00:00
[2023-09-13T19:31:57.666+0000] {processor.py:179} INFO - Processing /home/airflow/.local/lib/python3.8/site-packages/airflow/example_dags/example_dynamic_task_mapping_with_no_taskflow_operators.py took 0.144 seconds
[2023-09-13T19:32:28.410+0000] {processor.py:157} INFO - Started process (PID=142) to work on /home/airflow/.local/lib/python3.8/site-packages/airflow/example_dags/example_dynamic_task_mapping_with_no_taskflow_operators.py
[2023-09-13T19:32:28.412+0000] {processor.py:829} INFO - Processing file /home/airflow/.local/lib/python3.8/site-packages/airflow/example_dags/example_dynamic_task_mapping_with_no_taskflow_operators.py for tasks to queue
[2023-09-13T19:32:28.414+0000] {logging_mixin.py:151} INFO - [2023-09-13T19:32:28.414+0000] {dagbag.py:539} INFO - Filling up the DagBag from /home/airflow/.local/lib/python3.8/site-packages/airflow/example_dags/example_dynamic_task_mapping_with_no_taskflow_operators.py
[2023-09-13T19:32:28.422+0000] {processor.py:839} INFO - DAG(s) dict_keys(['example_dynamic_task_mapping_with_no_taskflow_operators']) retrieved from /home/airflow/.local/lib/python3.8/site-packages/airflow/example_dags/example_dynamic_task_mapping_with_no_taskflow_operators.py
[2023-09-13T19:32:28.455+0000] {logging_mixin.py:151} INFO - [2023-09-13T19:32:28.455+0000] {dag.py:2915} INFO - Sync 1 DAGs
[2023-09-13T19:32:28.478+0000] {logging_mixin.py:151} INFO - [2023-09-13T19:32:28.478+0000] {dag.py:3696} INFO - Setting next_dagrun for example_dynamic_task_mapping_with_no_taskflow_operators to 2023-09-12T19:32:28.478341+00:00, run_after=2023-09-13T19:32:28.478341+00:00
[2023-09-13T19:32:28.493+0000] {processor.py:179} INFO - Processing /home/airflow/.local/lib/python3.8/site-packages/airflow/example_dags/example_dynamic_task_mapping_with_no_taskflow_operators.py took 0.087 seconds
[2023-09-13T19:32:58.622+0000] {processor.py:157} INFO - Started process (PID=197) to work on /home/airflow/.local/lib/python3.8/site-packages/airflow/example_dags/example_dynamic_task_mapping_with_no_taskflow_operators.py
[2023-09-13T19:32:58.624+0000] {processor.py:829} INFO - Processing file /home/airflow/.local/lib/python3.8/site-packages/airflow/example_dags/example_dynamic_task_mapping_with_no_taskflow_operators.py for tasks to queue
[2023-09-13T19:32:58.629+0000] {logging_mixin.py:151} INFO - [2023-09-13T19:32:58.629+0000] {dagbag.py:539} INFO - Filling up the DagBag from /home/airflow/.local/lib/python3.8/site-packages/airflow/example_dags/example_dynamic_task_mapping_with_no_taskflow_operators.py
[2023-09-13T19:32:58.639+0000] {processor.py:839} INFO - DAG(s) dict_keys(['example_dynamic_task_mapping_with_no_taskflow_operators']) retrieved from /home/airflow/.local/lib/python3.8/site-packages/airflow/example_dags/example_dynamic_task_mapping_with_no_taskflow_operators.py
[2023-09-13T19:32:58.664+0000] {logging_mixin.py:151} INFO - [2023-09-13T19:32:58.664+0000] {dag.py:2915} INFO - Sync 1 DAGs
[2023-09-13T19:32:58.684+0000] {logging_mixin.py:151} INFO - [2023-09-13T19:32:58.684+0000] {dag.py:3696} INFO - Setting next_dagrun for example_dynamic_task_mapping_with_no_taskflow_operators to 2023-09-12T19:32:58.683714+00:00, run_after=2023-09-13T19:32:58.683714+00:00
[2023-09-13T19:32:58.697+0000] {processor.py:179} INFO - Processing /home/airflow/.local/lib/python3.8/site-packages/airflow/example_dags/example_dynamic_task_mapping_with_no_taskflow_operators.py took 0.080 seconds
[2023-09-13T19:33:28.786+0000] {processor.py:157} INFO - Started process (PID=252) to work on /home/airflow/.local/lib/python3.8/site-packages/airflow/example_dags/example_dynamic_task_mapping_with_no_taskflow_operators.py
[2023-09-13T19:33:28.787+0000] {processor.py:829} INFO - Processing file /home/airflow/.local/lib/python3.8/site-packages/airflow/example_dags/example_dynamic_task_mapping_with_no_taskflow_operators.py for tasks to queue
[2023-09-13T19:33:28.790+0000] {logging_mixin.py:151} INFO - [2023-09-13T19:33:28.790+0000] {dagbag.py:539} INFO - Filling up the DagBag from /home/airflow/.local/lib/python3.8/site-packages/airflow/example_dags/example_dynamic_task_mapping_with_no_taskflow_operators.py
[2023-09-13T19:33:28.798+0000] {processor.py:839} INFO - DAG(s) dict_keys(['example_dynamic_task_mapping_with_no_taskflow_operators']) retrieved from /home/airflow/.local/lib/python3.8/site-packages/airflow/example_dags/example_dynamic_task_mapping_with_no_taskflow_operators.py
[2023-09-13T19:33:28.825+0000] {logging_mixin.py:151} INFO - [2023-09-13T19:33:28.825+0000] {dag.py:2915} INFO - Sync 1 DAGs
[2023-09-13T19:33:28.846+0000] {logging_mixin.py:151} INFO - [2023-09-13T19:33:28.846+0000] {dag.py:3696} INFO - Setting next_dagrun for example_dynamic_task_mapping_with_no_taskflow_operators to 2023-09-12T19:33:28.846273+00:00, run_after=2023-09-13T19:33:28.846273+00:00
[2023-09-13T19:33:28.860+0000] {processor.py:179} INFO - Processing /home/airflow/.local/lib/python3.8/site-packages/airflow/example_dags/example_dynamic_task_mapping_with_no_taskflow_operators.py took 0.079 seconds
[2023-09-13T19:33:59.576+0000] {processor.py:157} INFO - Started process (PID=307) to work on /home/airflow/.local/lib/python3.8/site-packages/airflow/example_dags/example_dynamic_task_mapping_with_no_taskflow_operators.py
[2023-09-13T19:33:59.579+0000] {processor.py:829} INFO - Processing file /home/airflow/.local/lib/python3.8/site-packages/airflow/example_dags/example_dynamic_task_mapping_with_no_taskflow_operators.py for tasks to queue
[2023-09-13T19:33:59.586+0000] {logging_mixin.py:151} INFO - [2023-09-13T19:33:59.586+0000] {dagbag.py:539} INFO - Filling up the DagBag from /home/airflow/.local/lib/python3.8/site-packages/airflow/example_dags/example_dynamic_task_mapping_with_no_taskflow_operators.py
[2023-09-13T19:33:59.596+0000] {processor.py:839} INFO - DAG(s) dict_keys(['example_dynamic_task_mapping_with_no_taskflow_operators']) retrieved from /home/airflow/.local/lib/python3.8/site-packages/airflow/example_dags/example_dynamic_task_mapping_with_no_taskflow_operators.py
[2023-09-13T19:33:59.627+0000] {logging_mixin.py:151} INFO - [2023-09-13T19:33:59.627+0000] {dag.py:2915} INFO - Sync 1 DAGs
[2023-09-13T19:33:59.651+0000] {logging_mixin.py:151} INFO - [2023-09-13T19:33:59.651+0000] {dag.py:3696} INFO - Setting next_dagrun for example_dynamic_task_mapping_with_no_taskflow_operators to 2023-09-12T19:33:59.650918+00:00, run_after=2023-09-13T19:33:59.650918+00:00
[2023-09-13T19:33:59.665+0000] {processor.py:179} INFO - Processing /home/airflow/.local/lib/python3.8/site-packages/airflow/example_dags/example_dynamic_task_mapping_with_no_taskflow_operators.py took 0.096 seconds
