[2023-09-13T19:15:51.520+0000] {processor.py:157} INFO - Started process (PID=53) to work on /home/airflow/.local/lib/python3.8/site-packages/airflow/example_dags/example_dag_decorator.py
[2023-09-13T19:15:51.527+0000] {processor.py:829} INFO - Processing file /home/airflow/.local/lib/python3.8/site-packages/airflow/example_dags/example_dag_decorator.py for tasks to queue
[2023-09-13T19:15:51.533+0000] {logging_mixin.py:151} INFO - [2023-09-13T19:15:51.532+0000] {dagbag.py:539} INFO - Filling up the DagBag from /home/airflow/.local/lib/python3.8/site-packages/airflow/example_dags/example_dag_decorator.py
[2023-09-13T19:15:51.781+0000] {processor.py:839} INFO - DAG(s) dict_keys(['example_dag_decorator']) retrieved from /home/airflow/.local/lib/python3.8/site-packages/airflow/example_dags/example_dag_decorator.py
[2023-09-13T19:15:52.127+0000] {logging_mixin.py:151} INFO - [2023-09-13T19:15:52.127+0000] {manager.py:499} INFO - Created Permission View: %s
[2023-09-13T19:15:52.142+0000] {logging_mixin.py:151} INFO - [2023-09-13T19:15:52.142+0000] {manager.py:499} INFO - Created Permission View: %s
[2023-09-13T19:15:52.151+0000] {logging_mixin.py:151} INFO - [2023-09-13T19:15:52.151+0000] {manager.py:499} INFO - Created Permission View: %s
[2023-09-13T19:15:52.152+0000] {logging_mixin.py:151} INFO - [2023-09-13T19:15:52.152+0000] {security.py:708} INFO - Not syncing DAG-level permissions for DAG 'DAG:example_dag_decorator' as access control is unset.
[2023-09-13T19:15:52.153+0000] {logging_mixin.py:151} INFO - [2023-09-13T19:15:52.153+0000] {dag.py:2915} INFO - Sync 1 DAGs
[2023-09-13T19:15:52.221+0000] {logging_mixin.py:151} INFO - [2023-09-13T19:15:52.221+0000] {dag.py:2937} INFO - Creating ORM DAG for example_dag_decorator
[2023-09-13T19:15:52.222+0000] {logging_mixin.py:151} INFO - [2023-09-13T19:15:52.222+0000] {dag.py:3696} INFO - Setting next_dagrun for example_dag_decorator to None, run_after=None
[2023-09-13T19:15:52.262+0000] {processor.py:179} INFO - Processing /home/airflow/.local/lib/python3.8/site-packages/airflow/example_dags/example_dag_decorator.py took 0.747 seconds
[2023-09-13T19:16:22.418+0000] {processor.py:157} INFO - Started process (PID=107) to work on /home/airflow/.local/lib/python3.8/site-packages/airflow/example_dags/example_dag_decorator.py
[2023-09-13T19:16:22.420+0000] {processor.py:829} INFO - Processing file /home/airflow/.local/lib/python3.8/site-packages/airflow/example_dags/example_dag_decorator.py for tasks to queue
[2023-09-13T19:16:22.422+0000] {logging_mixin.py:151} INFO - [2023-09-13T19:16:22.422+0000] {dagbag.py:539} INFO - Filling up the DagBag from /home/airflow/.local/lib/python3.8/site-packages/airflow/example_dags/example_dag_decorator.py
[2023-09-13T19:16:22.498+0000] {processor.py:839} INFO - DAG(s) dict_keys(['example_dag_decorator']) retrieved from /home/airflow/.local/lib/python3.8/site-packages/airflow/example_dags/example_dag_decorator.py
[2023-09-13T19:16:22.591+0000] {logging_mixin.py:151} INFO - [2023-09-13T19:16:22.591+0000] {security.py:708} INFO - Not syncing DAG-level permissions for DAG 'DAG:example_dag_decorator' as access control is unset.
[2023-09-13T19:16:22.591+0000] {logging_mixin.py:151} INFO - [2023-09-13T19:16:22.591+0000] {dag.py:2915} INFO - Sync 1 DAGs
[2023-09-13T19:16:22.600+0000] {logging_mixin.py:151} INFO - [2023-09-13T19:16:22.600+0000] {dag.py:3696} INFO - Setting next_dagrun for example_dag_decorator to None, run_after=None
[2023-09-13T19:16:22.613+0000] {processor.py:179} INFO - Processing /home/airflow/.local/lib/python3.8/site-packages/airflow/example_dags/example_dag_decorator.py took 0.199 seconds
[2023-09-13T19:16:52.671+0000] {processor.py:157} INFO - Started process (PID=160) to work on /home/airflow/.local/lib/python3.8/site-packages/airflow/example_dags/example_dag_decorator.py
[2023-09-13T19:16:52.673+0000] {processor.py:829} INFO - Processing file /home/airflow/.local/lib/python3.8/site-packages/airflow/example_dags/example_dag_decorator.py for tasks to queue
[2023-09-13T19:16:52.675+0000] {logging_mixin.py:151} INFO - [2023-09-13T19:16:52.675+0000] {dagbag.py:539} INFO - Filling up the DagBag from /home/airflow/.local/lib/python3.8/site-packages/airflow/example_dags/example_dag_decorator.py
[2023-09-13T19:16:52.732+0000] {processor.py:839} INFO - DAG(s) dict_keys(['example_dag_decorator']) retrieved from /home/airflow/.local/lib/python3.8/site-packages/airflow/example_dags/example_dag_decorator.py
[2023-09-13T19:16:52.819+0000] {logging_mixin.py:151} INFO - [2023-09-13T19:16:52.819+0000] {security.py:708} INFO - Not syncing DAG-level permissions for DAG 'DAG:example_dag_decorator' as access control is unset.
[2023-09-13T19:16:52.820+0000] {logging_mixin.py:151} INFO - [2023-09-13T19:16:52.820+0000] {dag.py:2915} INFO - Sync 1 DAGs
[2023-09-13T19:16:52.830+0000] {logging_mixin.py:151} INFO - [2023-09-13T19:16:52.830+0000] {dag.py:3696} INFO - Setting next_dagrun for example_dag_decorator to None, run_after=None
[2023-09-13T19:16:52.844+0000] {processor.py:179} INFO - Processing /home/airflow/.local/lib/python3.8/site-packages/airflow/example_dags/example_dag_decorator.py took 0.176 seconds
[2023-09-13T19:17:23.138+0000] {processor.py:157} INFO - Started process (PID=214) to work on /home/airflow/.local/lib/python3.8/site-packages/airflow/example_dags/example_dag_decorator.py
[2023-09-13T19:17:23.139+0000] {processor.py:829} INFO - Processing file /home/airflow/.local/lib/python3.8/site-packages/airflow/example_dags/example_dag_decorator.py for tasks to queue
[2023-09-13T19:17:23.142+0000] {logging_mixin.py:151} INFO - [2023-09-13T19:17:23.141+0000] {dagbag.py:539} INFO - Filling up the DagBag from /home/airflow/.local/lib/python3.8/site-packages/airflow/example_dags/example_dag_decorator.py
[2023-09-13T19:17:23.203+0000] {processor.py:839} INFO - DAG(s) dict_keys(['example_dag_decorator']) retrieved from /home/airflow/.local/lib/python3.8/site-packages/airflow/example_dags/example_dag_decorator.py
[2023-09-13T19:17:23.287+0000] {logging_mixin.py:151} INFO - [2023-09-13T19:17:23.287+0000] {security.py:708} INFO - Not syncing DAG-level permissions for DAG 'DAG:example_dag_decorator' as access control is unset.
[2023-09-13T19:17:23.287+0000] {logging_mixin.py:151} INFO - [2023-09-13T19:17:23.287+0000] {dag.py:2915} INFO - Sync 1 DAGs
[2023-09-13T19:17:23.296+0000] {logging_mixin.py:151} INFO - [2023-09-13T19:17:23.295+0000] {dag.py:3696} INFO - Setting next_dagrun for example_dag_decorator to None, run_after=None
[2023-09-13T19:17:23.310+0000] {processor.py:179} INFO - Processing /home/airflow/.local/lib/python3.8/site-packages/airflow/example_dags/example_dag_decorator.py took 0.176 seconds
[2023-09-13T19:17:53.399+0000] {processor.py:157} INFO - Started process (PID=268) to work on /home/airflow/.local/lib/python3.8/site-packages/airflow/example_dags/example_dag_decorator.py
[2023-09-13T19:17:53.401+0000] {processor.py:829} INFO - Processing file /home/airflow/.local/lib/python3.8/site-packages/airflow/example_dags/example_dag_decorator.py for tasks to queue
[2023-09-13T19:17:53.403+0000] {logging_mixin.py:151} INFO - [2023-09-13T19:17:53.403+0000] {dagbag.py:539} INFO - Filling up the DagBag from /home/airflow/.local/lib/python3.8/site-packages/airflow/example_dags/example_dag_decorator.py
[2023-09-13T19:17:53.459+0000] {processor.py:839} INFO - DAG(s) dict_keys(['example_dag_decorator']) retrieved from /home/airflow/.local/lib/python3.8/site-packages/airflow/example_dags/example_dag_decorator.py
[2023-09-13T19:17:53.538+0000] {logging_mixin.py:151} INFO - [2023-09-13T19:17:53.538+0000] {security.py:708} INFO - Not syncing DAG-level permissions for DAG 'DAG:example_dag_decorator' as access control is unset.
[2023-09-13T19:17:53.538+0000] {logging_mixin.py:151} INFO - [2023-09-13T19:17:53.538+0000] {dag.py:2915} INFO - Sync 1 DAGs
[2023-09-13T19:17:53.546+0000] {logging_mixin.py:151} INFO - [2023-09-13T19:17:53.546+0000] {dag.py:3696} INFO - Setting next_dagrun for example_dag_decorator to None, run_after=None
[2023-09-13T19:17:53.559+0000] {processor.py:179} INFO - Processing /home/airflow/.local/lib/python3.8/site-packages/airflow/example_dags/example_dag_decorator.py took 0.163 seconds
[2023-09-13T19:18:23.604+0000] {processor.py:157} INFO - Started process (PID=322) to work on /home/airflow/.local/lib/python3.8/site-packages/airflow/example_dags/example_dag_decorator.py
[2023-09-13T19:18:23.606+0000] {processor.py:829} INFO - Processing file /home/airflow/.local/lib/python3.8/site-packages/airflow/example_dags/example_dag_decorator.py for tasks to queue
[2023-09-13T19:18:23.608+0000] {logging_mixin.py:151} INFO - [2023-09-13T19:18:23.608+0000] {dagbag.py:539} INFO - Filling up the DagBag from /home/airflow/.local/lib/python3.8/site-packages/airflow/example_dags/example_dag_decorator.py
[2023-09-13T19:18:23.665+0000] {processor.py:839} INFO - DAG(s) dict_keys(['example_dag_decorator']) retrieved from /home/airflow/.local/lib/python3.8/site-packages/airflow/example_dags/example_dag_decorator.py
[2023-09-13T19:18:23.687+0000] {logging_mixin.py:151} INFO - [2023-09-13T19:18:23.687+0000] {dag.py:2915} INFO - Sync 1 DAGs
[2023-09-13T19:18:23.698+0000] {logging_mixin.py:151} INFO - [2023-09-13T19:18:23.698+0000] {dag.py:3696} INFO - Setting next_dagrun for example_dag_decorator to None, run_after=None
[2023-09-13T19:18:23.710+0000] {processor.py:179} INFO - Processing /home/airflow/.local/lib/python3.8/site-packages/airflow/example_dags/example_dag_decorator.py took 0.109 seconds
[2023-09-13T19:18:53.930+0000] {processor.py:157} INFO - Started process (PID=376) to work on /home/airflow/.local/lib/python3.8/site-packages/airflow/example_dags/example_dag_decorator.py
[2023-09-13T19:18:53.932+0000] {processor.py:829} INFO - Processing file /home/airflow/.local/lib/python3.8/site-packages/airflow/example_dags/example_dag_decorator.py for tasks to queue
[2023-09-13T19:18:53.936+0000] {logging_mixin.py:151} INFO - [2023-09-13T19:18:53.935+0000] {dagbag.py:539} INFO - Filling up the DagBag from /home/airflow/.local/lib/python3.8/site-packages/airflow/example_dags/example_dag_decorator.py
[2023-09-13T19:18:54.009+0000] {processor.py:839} INFO - DAG(s) dict_keys(['example_dag_decorator']) retrieved from /home/airflow/.local/lib/python3.8/site-packages/airflow/example_dags/example_dag_decorator.py
[2023-09-13T19:18:54.097+0000] {logging_mixin.py:151} INFO - [2023-09-13T19:18:54.097+0000] {security.py:708} INFO - Not syncing DAG-level permissions for DAG 'DAG:example_dag_decorator' as access control is unset.
[2023-09-13T19:18:54.098+0000] {logging_mixin.py:151} INFO - [2023-09-13T19:18:54.098+0000] {dag.py:2915} INFO - Sync 1 DAGs
[2023-09-13T19:18:54.107+0000] {logging_mixin.py:151} INFO - [2023-09-13T19:18:54.106+0000] {dag.py:3696} INFO - Setting next_dagrun for example_dag_decorator to None, run_after=None
[2023-09-13T19:18:54.121+0000] {processor.py:179} INFO - Processing /home/airflow/.local/lib/python3.8/site-packages/airflow/example_dags/example_dag_decorator.py took 0.198 seconds
[2023-09-13T19:19:24.247+0000] {processor.py:157} INFO - Started process (PID=431) to work on /home/airflow/.local/lib/python3.8/site-packages/airflow/example_dags/example_dag_decorator.py
[2023-09-13T19:19:24.249+0000] {processor.py:829} INFO - Processing file /home/airflow/.local/lib/python3.8/site-packages/airflow/example_dags/example_dag_decorator.py for tasks to queue
[2023-09-13T19:19:24.252+0000] {logging_mixin.py:151} INFO - [2023-09-13T19:19:24.251+0000] {dagbag.py:539} INFO - Filling up the DagBag from /home/airflow/.local/lib/python3.8/site-packages/airflow/example_dags/example_dag_decorator.py
[2023-09-13T19:19:24.329+0000] {processor.py:839} INFO - DAG(s) dict_keys(['example_dag_decorator']) retrieved from /home/airflow/.local/lib/python3.8/site-packages/airflow/example_dags/example_dag_decorator.py
[2023-09-13T19:19:24.415+0000] {logging_mixin.py:151} INFO - [2023-09-13T19:19:24.415+0000] {security.py:708} INFO - Not syncing DAG-level permissions for DAG 'DAG:example_dag_decorator' as access control is unset.
[2023-09-13T19:19:24.416+0000] {logging_mixin.py:151} INFO - [2023-09-13T19:19:24.416+0000] {dag.py:2915} INFO - Sync 1 DAGs
[2023-09-13T19:19:24.426+0000] {logging_mixin.py:151} INFO - [2023-09-13T19:19:24.425+0000] {dag.py:3696} INFO - Setting next_dagrun for example_dag_decorator to None, run_after=None
[2023-09-13T19:19:24.442+0000] {processor.py:179} INFO - Processing /home/airflow/.local/lib/python3.8/site-packages/airflow/example_dags/example_dag_decorator.py took 0.201 seconds
[2023-09-13T19:19:54.502+0000] {processor.py:157} INFO - Started process (PID=485) to work on /home/airflow/.local/lib/python3.8/site-packages/airflow/example_dags/example_dag_decorator.py
[2023-09-13T19:19:54.504+0000] {processor.py:829} INFO - Processing file /home/airflow/.local/lib/python3.8/site-packages/airflow/example_dags/example_dag_decorator.py for tasks to queue
[2023-09-13T19:19:54.506+0000] {logging_mixin.py:151} INFO - [2023-09-13T19:19:54.506+0000] {dagbag.py:539} INFO - Filling up the DagBag from /home/airflow/.local/lib/python3.8/site-packages/airflow/example_dags/example_dag_decorator.py
[2023-09-13T19:19:54.572+0000] {processor.py:839} INFO - DAG(s) dict_keys(['example_dag_decorator']) retrieved from /home/airflow/.local/lib/python3.8/site-packages/airflow/example_dags/example_dag_decorator.py
[2023-09-13T19:19:54.666+0000] {logging_mixin.py:151} INFO - [2023-09-13T19:19:54.666+0000] {security.py:708} INFO - Not syncing DAG-level permissions for DAG 'DAG:example_dag_decorator' as access control is unset.
[2023-09-13T19:19:54.667+0000] {logging_mixin.py:151} INFO - [2023-09-13T19:19:54.667+0000] {dag.py:2915} INFO - Sync 1 DAGs
[2023-09-13T19:19:54.677+0000] {logging_mixin.py:151} INFO - [2023-09-13T19:19:54.677+0000] {dag.py:3696} INFO - Setting next_dagrun for example_dag_decorator to None, run_after=None
[2023-09-13T19:19:54.691+0000] {processor.py:179} INFO - Processing /home/airflow/.local/lib/python3.8/site-packages/airflow/example_dags/example_dag_decorator.py took 0.193 seconds
[2023-09-13T19:20:24.785+0000] {processor.py:157} INFO - Started process (PID=538) to work on /home/airflow/.local/lib/python3.8/site-packages/airflow/example_dags/example_dag_decorator.py
[2023-09-13T19:20:24.789+0000] {processor.py:829} INFO - Processing file /home/airflow/.local/lib/python3.8/site-packages/airflow/example_dags/example_dag_decorator.py for tasks to queue
[2023-09-13T19:20:24.796+0000] {logging_mixin.py:151} INFO - [2023-09-13T19:20:24.795+0000] {dagbag.py:539} INFO - Filling up the DagBag from /home/airflow/.local/lib/python3.8/site-packages/airflow/example_dags/example_dag_decorator.py
[2023-09-13T19:20:24.890+0000] {processor.py:839} INFO - DAG(s) dict_keys(['example_dag_decorator']) retrieved from /home/airflow/.local/lib/python3.8/site-packages/airflow/example_dags/example_dag_decorator.py
[2023-09-13T19:20:25.013+0000] {logging_mixin.py:151} INFO - [2023-09-13T19:20:25.013+0000] {security.py:708} INFO - Not syncing DAG-level permissions for DAG 'DAG:example_dag_decorator' as access control is unset.
[2023-09-13T19:20:25.014+0000] {logging_mixin.py:151} INFO - [2023-09-13T19:20:25.014+0000] {dag.py:2915} INFO - Sync 1 DAGs
[2023-09-13T19:20:25.026+0000] {logging_mixin.py:151} INFO - [2023-09-13T19:20:25.026+0000] {dag.py:3696} INFO - Setting next_dagrun for example_dag_decorator to None, run_after=None
[2023-09-13T19:20:25.045+0000] {processor.py:179} INFO - Processing /home/airflow/.local/lib/python3.8/site-packages/airflow/example_dags/example_dag_decorator.py took 0.266 seconds
[2023-09-13T19:20:55.421+0000] {processor.py:157} INFO - Started process (PID=592) to work on /home/airflow/.local/lib/python3.8/site-packages/airflow/example_dags/example_dag_decorator.py
[2023-09-13T19:20:55.425+0000] {processor.py:829} INFO - Processing file /home/airflow/.local/lib/python3.8/site-packages/airflow/example_dags/example_dag_decorator.py for tasks to queue
[2023-09-13T19:20:55.428+0000] {logging_mixin.py:151} INFO - [2023-09-13T19:20:55.427+0000] {dagbag.py:539} INFO - Filling up the DagBag from /home/airflow/.local/lib/python3.8/site-packages/airflow/example_dags/example_dag_decorator.py
[2023-09-13T19:20:55.521+0000] {processor.py:839} INFO - DAG(s) dict_keys(['example_dag_decorator']) retrieved from /home/airflow/.local/lib/python3.8/site-packages/airflow/example_dags/example_dag_decorator.py
[2023-09-13T19:20:55.655+0000] {logging_mixin.py:151} INFO - [2023-09-13T19:20:55.654+0000] {security.py:708} INFO - Not syncing DAG-level permissions for DAG 'DAG:example_dag_decorator' as access control is unset.
[2023-09-13T19:20:55.657+0000] {logging_mixin.py:151} INFO - [2023-09-13T19:20:55.656+0000] {dag.py:2915} INFO - Sync 1 DAGs
[2023-09-13T19:20:55.669+0000] {logging_mixin.py:151} INFO - [2023-09-13T19:20:55.669+0000] {dag.py:3696} INFO - Setting next_dagrun for example_dag_decorator to None, run_after=None
[2023-09-13T19:20:55.705+0000] {processor.py:179} INFO - Processing /home/airflow/.local/lib/python3.8/site-packages/airflow/example_dags/example_dag_decorator.py took 0.291 seconds
[2023-09-13T19:21:26.452+0000] {processor.py:157} INFO - Started process (PID=646) to work on /home/airflow/.local/lib/python3.8/site-packages/airflow/example_dags/example_dag_decorator.py
[2023-09-13T19:21:26.454+0000] {processor.py:829} INFO - Processing file /home/airflow/.local/lib/python3.8/site-packages/airflow/example_dags/example_dag_decorator.py for tasks to queue
[2023-09-13T19:21:26.457+0000] {logging_mixin.py:151} INFO - [2023-09-13T19:21:26.456+0000] {dagbag.py:539} INFO - Filling up the DagBag from /home/airflow/.local/lib/python3.8/site-packages/airflow/example_dags/example_dag_decorator.py
[2023-09-13T19:21:26.525+0000] {processor.py:839} INFO - DAG(s) dict_keys(['example_dag_decorator']) retrieved from /home/airflow/.local/lib/python3.8/site-packages/airflow/example_dags/example_dag_decorator.py
[2023-09-13T19:21:26.611+0000] {logging_mixin.py:151} INFO - [2023-09-13T19:21:26.611+0000] {security.py:708} INFO - Not syncing DAG-level permissions for DAG 'DAG:example_dag_decorator' as access control is unset.
[2023-09-13T19:21:26.612+0000] {logging_mixin.py:151} INFO - [2023-09-13T19:21:26.612+0000] {dag.py:2915} INFO - Sync 1 DAGs
[2023-09-13T19:21:26.621+0000] {logging_mixin.py:151} INFO - [2023-09-13T19:21:26.621+0000] {dag.py:3696} INFO - Setting next_dagrun for example_dag_decorator to None, run_after=None
[2023-09-13T19:21:26.635+0000] {processor.py:179} INFO - Processing /home/airflow/.local/lib/python3.8/site-packages/airflow/example_dags/example_dag_decorator.py took 0.187 seconds
[2023-09-13T19:21:57.090+0000] {processor.py:157} INFO - Started process (PID=700) to work on /home/airflow/.local/lib/python3.8/site-packages/airflow/example_dags/example_dag_decorator.py
[2023-09-13T19:21:57.091+0000] {processor.py:829} INFO - Processing file /home/airflow/.local/lib/python3.8/site-packages/airflow/example_dags/example_dag_decorator.py for tasks to queue
[2023-09-13T19:21:57.094+0000] {logging_mixin.py:151} INFO - [2023-09-13T19:21:57.094+0000] {dagbag.py:539} INFO - Filling up the DagBag from /home/airflow/.local/lib/python3.8/site-packages/airflow/example_dags/example_dag_decorator.py
[2023-09-13T19:21:57.151+0000] {processor.py:839} INFO - DAG(s) dict_keys(['example_dag_decorator']) retrieved from /home/airflow/.local/lib/python3.8/site-packages/airflow/example_dags/example_dag_decorator.py
[2023-09-13T19:21:57.229+0000] {logging_mixin.py:151} INFO - [2023-09-13T19:21:57.229+0000] {security.py:708} INFO - Not syncing DAG-level permissions for DAG 'DAG:example_dag_decorator' as access control is unset.
[2023-09-13T19:21:57.230+0000] {logging_mixin.py:151} INFO - [2023-09-13T19:21:57.230+0000] {dag.py:2915} INFO - Sync 1 DAGs
[2023-09-13T19:21:57.238+0000] {logging_mixin.py:151} INFO - [2023-09-13T19:21:57.238+0000] {dag.py:3696} INFO - Setting next_dagrun for example_dag_decorator to None, run_after=None
[2023-09-13T19:21:57.250+0000] {processor.py:179} INFO - Processing /home/airflow/.local/lib/python3.8/site-packages/airflow/example_dags/example_dag_decorator.py took 0.164 seconds
[2023-09-13T19:22:27.925+0000] {processor.py:157} INFO - Started process (PID=754) to work on /home/airflow/.local/lib/python3.8/site-packages/airflow/example_dags/example_dag_decorator.py
[2023-09-13T19:22:27.927+0000] {processor.py:829} INFO - Processing file /home/airflow/.local/lib/python3.8/site-packages/airflow/example_dags/example_dag_decorator.py for tasks to queue
[2023-09-13T19:22:27.930+0000] {logging_mixin.py:151} INFO - [2023-09-13T19:22:27.930+0000] {dagbag.py:539} INFO - Filling up the DagBag from /home/airflow/.local/lib/python3.8/site-packages/airflow/example_dags/example_dag_decorator.py
[2023-09-13T19:22:27.990+0000] {processor.py:839} INFO - DAG(s) dict_keys(['example_dag_decorator']) retrieved from /home/airflow/.local/lib/python3.8/site-packages/airflow/example_dags/example_dag_decorator.py
[2023-09-13T19:22:28.075+0000] {logging_mixin.py:151} INFO - [2023-09-13T19:22:28.075+0000] {security.py:708} INFO - Not syncing DAG-level permissions for DAG 'DAG:example_dag_decorator' as access control is unset.
[2023-09-13T19:22:28.076+0000] {logging_mixin.py:151} INFO - [2023-09-13T19:22:28.075+0000] {dag.py:2915} INFO - Sync 1 DAGs
[2023-09-13T19:22:28.085+0000] {logging_mixin.py:151} INFO - [2023-09-13T19:22:28.085+0000] {dag.py:3696} INFO - Setting next_dagrun for example_dag_decorator to None, run_after=None
[2023-09-13T19:22:28.099+0000] {processor.py:179} INFO - Processing /home/airflow/.local/lib/python3.8/site-packages/airflow/example_dags/example_dag_decorator.py took 0.182 seconds
[2023-09-13T19:22:58.144+0000] {processor.py:157} INFO - Started process (PID=808) to work on /home/airflow/.local/lib/python3.8/site-packages/airflow/example_dags/example_dag_decorator.py
[2023-09-13T19:22:58.145+0000] {processor.py:829} INFO - Processing file /home/airflow/.local/lib/python3.8/site-packages/airflow/example_dags/example_dag_decorator.py for tasks to queue
[2023-09-13T19:22:58.148+0000] {logging_mixin.py:151} INFO - [2023-09-13T19:22:58.147+0000] {dagbag.py:539} INFO - Filling up the DagBag from /home/airflow/.local/lib/python3.8/site-packages/airflow/example_dags/example_dag_decorator.py
[2023-09-13T19:22:58.202+0000] {processor.py:839} INFO - DAG(s) dict_keys(['example_dag_decorator']) retrieved from /home/airflow/.local/lib/python3.8/site-packages/airflow/example_dags/example_dag_decorator.py
[2023-09-13T19:22:58.277+0000] {logging_mixin.py:151} INFO - [2023-09-13T19:22:58.277+0000] {security.py:708} INFO - Not syncing DAG-level permissions for DAG 'DAG:example_dag_decorator' as access control is unset.
[2023-09-13T19:22:58.278+0000] {logging_mixin.py:151} INFO - [2023-09-13T19:22:58.278+0000] {dag.py:2915} INFO - Sync 1 DAGs
[2023-09-13T19:22:58.286+0000] {logging_mixin.py:151} INFO - [2023-09-13T19:22:58.286+0000] {dag.py:3696} INFO - Setting next_dagrun for example_dag_decorator to None, run_after=None
[2023-09-13T19:22:58.320+0000] {processor.py:179} INFO - Processing /home/airflow/.local/lib/python3.8/site-packages/airflow/example_dags/example_dag_decorator.py took 0.180 seconds
[2023-09-13T19:23:28.386+0000] {processor.py:157} INFO - Started process (PID=861) to work on /home/airflow/.local/lib/python3.8/site-packages/airflow/example_dags/example_dag_decorator.py
[2023-09-13T19:23:28.388+0000] {processor.py:829} INFO - Processing file /home/airflow/.local/lib/python3.8/site-packages/airflow/example_dags/example_dag_decorator.py for tasks to queue
[2023-09-13T19:23:28.390+0000] {logging_mixin.py:151} INFO - [2023-09-13T19:23:28.390+0000] {dagbag.py:539} INFO - Filling up the DagBag from /home/airflow/.local/lib/python3.8/site-packages/airflow/example_dags/example_dag_decorator.py
[2023-09-13T19:23:28.454+0000] {processor.py:839} INFO - DAG(s) dict_keys(['example_dag_decorator']) retrieved from /home/airflow/.local/lib/python3.8/site-packages/airflow/example_dags/example_dag_decorator.py
[2023-09-13T19:23:28.543+0000] {logging_mixin.py:151} INFO - [2023-09-13T19:23:28.543+0000] {security.py:708} INFO - Not syncing DAG-level permissions for DAG 'DAG:example_dag_decorator' as access control is unset.
[2023-09-13T19:23:28.544+0000] {logging_mixin.py:151} INFO - [2023-09-13T19:23:28.544+0000] {dag.py:2915} INFO - Sync 1 DAGs
[2023-09-13T19:23:28.554+0000] {logging_mixin.py:151} INFO - [2023-09-13T19:23:28.554+0000] {dag.py:3696} INFO - Setting next_dagrun for example_dag_decorator to None, run_after=None
[2023-09-13T19:23:28.568+0000] {processor.py:179} INFO - Processing /home/airflow/.local/lib/python3.8/site-packages/airflow/example_dags/example_dag_decorator.py took 0.186 seconds
[2023-09-13T19:23:58.708+0000] {processor.py:157} INFO - Started process (PID=915) to work on /home/airflow/.local/lib/python3.8/site-packages/airflow/example_dags/example_dag_decorator.py
[2023-09-13T19:23:58.709+0000] {processor.py:829} INFO - Processing file /home/airflow/.local/lib/python3.8/site-packages/airflow/example_dags/example_dag_decorator.py for tasks to queue
[2023-09-13T19:23:58.712+0000] {logging_mixin.py:151} INFO - [2023-09-13T19:23:58.712+0000] {dagbag.py:539} INFO - Filling up the DagBag from /home/airflow/.local/lib/python3.8/site-packages/airflow/example_dags/example_dag_decorator.py
[2023-09-13T19:23:58.768+0000] {processor.py:839} INFO - DAG(s) dict_keys(['example_dag_decorator']) retrieved from /home/airflow/.local/lib/python3.8/site-packages/airflow/example_dags/example_dag_decorator.py
[2023-09-13T19:23:58.842+0000] {logging_mixin.py:151} INFO - [2023-09-13T19:23:58.841+0000] {security.py:708} INFO - Not syncing DAG-level permissions for DAG 'DAG:example_dag_decorator' as access control is unset.
[2023-09-13T19:23:58.842+0000] {logging_mixin.py:151} INFO - [2023-09-13T19:23:58.842+0000] {dag.py:2915} INFO - Sync 1 DAGs
[2023-09-13T19:23:58.851+0000] {logging_mixin.py:151} INFO - [2023-09-13T19:23:58.850+0000] {dag.py:3696} INFO - Setting next_dagrun for example_dag_decorator to None, run_after=None
[2023-09-13T19:23:58.863+0000] {processor.py:179} INFO - Processing /home/airflow/.local/lib/python3.8/site-packages/airflow/example_dags/example_dag_decorator.py took 0.159 seconds
[2023-09-13T19:24:28.917+0000] {processor.py:157} INFO - Started process (PID=969) to work on /home/airflow/.local/lib/python3.8/site-packages/airflow/example_dags/example_dag_decorator.py
[2023-09-13T19:24:28.919+0000] {processor.py:829} INFO - Processing file /home/airflow/.local/lib/python3.8/site-packages/airflow/example_dags/example_dag_decorator.py for tasks to queue
[2023-09-13T19:24:28.922+0000] {logging_mixin.py:151} INFO - [2023-09-13T19:24:28.922+0000] {dagbag.py:539} INFO - Filling up the DagBag from /home/airflow/.local/lib/python3.8/site-packages/airflow/example_dags/example_dag_decorator.py
[2023-09-13T19:24:28.978+0000] {processor.py:839} INFO - DAG(s) dict_keys(['example_dag_decorator']) retrieved from /home/airflow/.local/lib/python3.8/site-packages/airflow/example_dags/example_dag_decorator.py
[2023-09-13T19:24:29.057+0000] {logging_mixin.py:151} INFO - [2023-09-13T19:24:29.057+0000] {security.py:708} INFO - Not syncing DAG-level permissions for DAG 'DAG:example_dag_decorator' as access control is unset.
[2023-09-13T19:24:29.058+0000] {logging_mixin.py:151} INFO - [2023-09-13T19:24:29.058+0000] {dag.py:2915} INFO - Sync 1 DAGs
[2023-09-13T19:24:29.066+0000] {logging_mixin.py:151} INFO - [2023-09-13T19:24:29.066+0000] {dag.py:3696} INFO - Setting next_dagrun for example_dag_decorator to None, run_after=None
[2023-09-13T19:24:29.079+0000] {processor.py:179} INFO - Processing /home/airflow/.local/lib/python3.8/site-packages/airflow/example_dags/example_dag_decorator.py took 0.166 seconds
[2023-09-13T19:24:59.233+0000] {processor.py:157} INFO - Started process (PID=1024) to work on /home/airflow/.local/lib/python3.8/site-packages/airflow/example_dags/example_dag_decorator.py
[2023-09-13T19:24:59.239+0000] {processor.py:829} INFO - Processing file /home/airflow/.local/lib/python3.8/site-packages/airflow/example_dags/example_dag_decorator.py for tasks to queue
[2023-09-13T19:24:59.244+0000] {logging_mixin.py:151} INFO - [2023-09-13T19:24:59.243+0000] {dagbag.py:539} INFO - Filling up the DagBag from /home/airflow/.local/lib/python3.8/site-packages/airflow/example_dags/example_dag_decorator.py
[2023-09-13T19:24:59.357+0000] {processor.py:839} INFO - DAG(s) dict_keys(['example_dag_decorator']) retrieved from /home/airflow/.local/lib/python3.8/site-packages/airflow/example_dags/example_dag_decorator.py
[2023-09-13T19:24:59.478+0000] {logging_mixin.py:151} INFO - [2023-09-13T19:24:59.478+0000] {security.py:708} INFO - Not syncing DAG-level permissions for DAG 'DAG:example_dag_decorator' as access control is unset.
[2023-09-13T19:24:59.480+0000] {logging_mixin.py:151} INFO - [2023-09-13T19:24:59.479+0000] {dag.py:2915} INFO - Sync 1 DAGs
[2023-09-13T19:24:59.495+0000] {logging_mixin.py:151} INFO - [2023-09-13T19:24:59.495+0000] {dag.py:3696} INFO - Setting next_dagrun for example_dag_decorator to None, run_after=None
[2023-09-13T19:24:59.520+0000] {processor.py:179} INFO - Processing /home/airflow/.local/lib/python3.8/site-packages/airflow/example_dags/example_dag_decorator.py took 0.292 seconds
[2023-09-13T19:25:30.441+0000] {processor.py:157} INFO - Started process (PID=1086) to work on /home/airflow/.local/lib/python3.8/site-packages/airflow/example_dags/example_dag_decorator.py
[2023-09-13T19:25:30.442+0000] {processor.py:829} INFO - Processing file /home/airflow/.local/lib/python3.8/site-packages/airflow/example_dags/example_dag_decorator.py for tasks to queue
[2023-09-13T19:25:30.445+0000] {logging_mixin.py:151} INFO - [2023-09-13T19:25:30.444+0000] {dagbag.py:539} INFO - Filling up the DagBag from /home/airflow/.local/lib/python3.8/site-packages/airflow/example_dags/example_dag_decorator.py
[2023-09-13T19:25:30.501+0000] {processor.py:839} INFO - DAG(s) dict_keys(['example_dag_decorator']) retrieved from /home/airflow/.local/lib/python3.8/site-packages/airflow/example_dags/example_dag_decorator.py
[2023-09-13T19:25:30.589+0000] {logging_mixin.py:151} INFO - [2023-09-13T19:25:30.588+0000] {security.py:708} INFO - Not syncing DAG-level permissions for DAG 'DAG:example_dag_decorator' as access control is unset.
[2023-09-13T19:25:30.590+0000] {logging_mixin.py:151} INFO - [2023-09-13T19:25:30.590+0000] {dag.py:2915} INFO - Sync 1 DAGs
[2023-09-13T19:25:30.601+0000] {logging_mixin.py:151} INFO - [2023-09-13T19:25:30.601+0000] {dag.py:3696} INFO - Setting next_dagrun for example_dag_decorator to None, run_after=None
[2023-09-13T19:25:30.618+0000] {processor.py:179} INFO - Processing /home/airflow/.local/lib/python3.8/site-packages/airflow/example_dags/example_dag_decorator.py took 0.181 seconds
[2023-09-13T19:26:01.313+0000] {processor.py:157} INFO - Started process (PID=1142) to work on /home/airflow/.local/lib/python3.8/site-packages/airflow/example_dags/example_dag_decorator.py
[2023-09-13T19:26:01.315+0000] {processor.py:829} INFO - Processing file /home/airflow/.local/lib/python3.8/site-packages/airflow/example_dags/example_dag_decorator.py for tasks to queue
[2023-09-13T19:26:01.317+0000] {logging_mixin.py:151} INFO - [2023-09-13T19:26:01.317+0000] {dagbag.py:539} INFO - Filling up the DagBag from /home/airflow/.local/lib/python3.8/site-packages/airflow/example_dags/example_dag_decorator.py
[2023-09-13T19:26:01.372+0000] {processor.py:839} INFO - DAG(s) dict_keys(['example_dag_decorator']) retrieved from /home/airflow/.local/lib/python3.8/site-packages/airflow/example_dags/example_dag_decorator.py
[2023-09-13T19:26:01.448+0000] {logging_mixin.py:151} INFO - [2023-09-13T19:26:01.448+0000] {security.py:708} INFO - Not syncing DAG-level permissions for DAG 'DAG:example_dag_decorator' as access control is unset.
[2023-09-13T19:26:01.449+0000] {logging_mixin.py:151} INFO - [2023-09-13T19:26:01.449+0000] {dag.py:2915} INFO - Sync 1 DAGs
[2023-09-13T19:26:01.457+0000] {logging_mixin.py:151} INFO - [2023-09-13T19:26:01.457+0000] {dag.py:3696} INFO - Setting next_dagrun for example_dag_decorator to None, run_after=None
[2023-09-13T19:26:01.470+0000] {processor.py:179} INFO - Processing /home/airflow/.local/lib/python3.8/site-packages/airflow/example_dags/example_dag_decorator.py took 0.161 seconds
[2023-09-13T19:26:31.879+0000] {processor.py:157} INFO - Started process (PID=1198) to work on /home/airflow/.local/lib/python3.8/site-packages/airflow/example_dags/example_dag_decorator.py
[2023-09-13T19:26:31.881+0000] {processor.py:829} INFO - Processing file /home/airflow/.local/lib/python3.8/site-packages/airflow/example_dags/example_dag_decorator.py for tasks to queue
[2023-09-13T19:26:31.884+0000] {logging_mixin.py:151} INFO - [2023-09-13T19:26:31.884+0000] {dagbag.py:539} INFO - Filling up the DagBag from /home/airflow/.local/lib/python3.8/site-packages/airflow/example_dags/example_dag_decorator.py
[2023-09-13T19:26:31.943+0000] {processor.py:839} INFO - DAG(s) dict_keys(['example_dag_decorator']) retrieved from /home/airflow/.local/lib/python3.8/site-packages/airflow/example_dags/example_dag_decorator.py
[2023-09-13T19:26:32.024+0000] {logging_mixin.py:151} INFO - [2023-09-13T19:26:32.024+0000] {security.py:708} INFO - Not syncing DAG-level permissions for DAG 'DAG:example_dag_decorator' as access control is unset.
[2023-09-13T19:26:32.025+0000] {logging_mixin.py:151} INFO - [2023-09-13T19:26:32.024+0000] {dag.py:2915} INFO - Sync 1 DAGs
[2023-09-13T19:26:32.033+0000] {logging_mixin.py:151} INFO - [2023-09-13T19:26:32.033+0000] {dag.py:3696} INFO - Setting next_dagrun for example_dag_decorator to None, run_after=None
[2023-09-13T19:26:32.046+0000] {processor.py:179} INFO - Processing /home/airflow/.local/lib/python3.8/site-packages/airflow/example_dags/example_dag_decorator.py took 0.171 seconds
[2023-09-13T19:27:02.201+0000] {processor.py:157} INFO - Started process (PID=1253) to work on /home/airflow/.local/lib/python3.8/site-packages/airflow/example_dags/example_dag_decorator.py
[2023-09-13T19:27:02.202+0000] {processor.py:829} INFO - Processing file /home/airflow/.local/lib/python3.8/site-packages/airflow/example_dags/example_dag_decorator.py for tasks to queue
[2023-09-13T19:27:02.205+0000] {logging_mixin.py:151} INFO - [2023-09-13T19:27:02.205+0000] {dagbag.py:539} INFO - Filling up the DagBag from /home/airflow/.local/lib/python3.8/site-packages/airflow/example_dags/example_dag_decorator.py
[2023-09-13T19:27:02.265+0000] {processor.py:839} INFO - DAG(s) dict_keys(['example_dag_decorator']) retrieved from /home/airflow/.local/lib/python3.8/site-packages/airflow/example_dags/example_dag_decorator.py
[2023-09-13T19:27:02.358+0000] {logging_mixin.py:151} INFO - [2023-09-13T19:27:02.357+0000] {security.py:708} INFO - Not syncing DAG-level permissions for DAG 'DAG:example_dag_decorator' as access control is unset.
[2023-09-13T19:27:02.358+0000] {logging_mixin.py:151} INFO - [2023-09-13T19:27:02.358+0000] {dag.py:2915} INFO - Sync 1 DAGs
[2023-09-13T19:27:02.378+0000] {logging_mixin.py:151} INFO - [2023-09-13T19:27:02.377+0000] {dag.py:3696} INFO - Setting next_dagrun for example_dag_decorator to None, run_after=None
[2023-09-13T19:27:02.399+0000] {processor.py:179} INFO - Processing /home/airflow/.local/lib/python3.8/site-packages/airflow/example_dags/example_dag_decorator.py took 0.202 seconds
[2023-09-13T19:28:15.907+0000] {processor.py:157} INFO - Started process (PID=53) to work on /home/airflow/.local/lib/python3.8/site-packages/airflow/example_dags/example_dag_decorator.py
[2023-09-13T19:28:15.922+0000] {processor.py:829} INFO - Processing file /home/airflow/.local/lib/python3.8/site-packages/airflow/example_dags/example_dag_decorator.py for tasks to queue
[2023-09-13T19:28:15.938+0000] {logging_mixin.py:151} INFO - [2023-09-13T19:28:15.935+0000] {dagbag.py:539} INFO - Filling up the DagBag from /home/airflow/.local/lib/python3.8/site-packages/airflow/example_dags/example_dag_decorator.py
[2023-09-13T19:28:16.211+0000] {processor.py:839} INFO - DAG(s) dict_keys(['example_dag_decorator']) retrieved from /home/airflow/.local/lib/python3.8/site-packages/airflow/example_dags/example_dag_decorator.py
[2023-09-13T19:28:16.264+0000] {logging_mixin.py:151} INFO - [2023-09-13T19:28:16.263+0000] {dag.py:2915} INFO - Sync 1 DAGs
[2023-09-13T19:28:16.289+0000] {logging_mixin.py:151} INFO - [2023-09-13T19:28:16.289+0000] {dag.py:3696} INFO - Setting next_dagrun for example_dag_decorator to None, run_after=None
[2023-09-13T19:28:16.322+0000] {processor.py:179} INFO - Processing /home/airflow/.local/lib/python3.8/site-packages/airflow/example_dags/example_dag_decorator.py took 0.425 seconds
[2023-09-13T19:28:47.221+0000] {processor.py:157} INFO - Started process (PID=110) to work on /home/airflow/.local/lib/python3.8/site-packages/airflow/example_dags/example_dag_decorator.py
[2023-09-13T19:28:47.224+0000] {processor.py:829} INFO - Processing file /home/airflow/.local/lib/python3.8/site-packages/airflow/example_dags/example_dag_decorator.py for tasks to queue
[2023-09-13T19:28:47.228+0000] {logging_mixin.py:151} INFO - [2023-09-13T19:28:47.227+0000] {dagbag.py:539} INFO - Filling up the DagBag from /home/airflow/.local/lib/python3.8/site-packages/airflow/example_dags/example_dag_decorator.py
[2023-09-13T19:28:47.289+0000] {processor.py:839} INFO - DAG(s) dict_keys(['example_dag_decorator']) retrieved from /home/airflow/.local/lib/python3.8/site-packages/airflow/example_dags/example_dag_decorator.py
[2023-09-13T19:28:47.371+0000] {logging_mixin.py:151} INFO - [2023-09-13T19:28:47.371+0000] {security.py:708} INFO - Not syncing DAG-level permissions for DAG 'DAG:example_dag_decorator' as access control is unset.
[2023-09-13T19:28:47.372+0000] {logging_mixin.py:151} INFO - [2023-09-13T19:28:47.372+0000] {dag.py:2915} INFO - Sync 1 DAGs
[2023-09-13T19:28:47.380+0000] {logging_mixin.py:151} INFO - [2023-09-13T19:28:47.380+0000] {dag.py:3696} INFO - Setting next_dagrun for example_dag_decorator to None, run_after=None
[2023-09-13T19:28:47.393+0000] {processor.py:179} INFO - Processing /home/airflow/.local/lib/python3.8/site-packages/airflow/example_dags/example_dag_decorator.py took 0.178 seconds
[2023-09-13T19:29:17.533+0000] {processor.py:157} INFO - Started process (PID=166) to work on /home/airflow/.local/lib/python3.8/site-packages/airflow/example_dags/example_dag_decorator.py
[2023-09-13T19:29:17.535+0000] {processor.py:829} INFO - Processing file /home/airflow/.local/lib/python3.8/site-packages/airflow/example_dags/example_dag_decorator.py for tasks to queue
[2023-09-13T19:29:17.537+0000] {logging_mixin.py:151} INFO - [2023-09-13T19:29:17.537+0000] {dagbag.py:539} INFO - Filling up the DagBag from /home/airflow/.local/lib/python3.8/site-packages/airflow/example_dags/example_dag_decorator.py
[2023-09-13T19:29:17.598+0000] {processor.py:839} INFO - DAG(s) dict_keys(['example_dag_decorator']) retrieved from /home/airflow/.local/lib/python3.8/site-packages/airflow/example_dags/example_dag_decorator.py
[2023-09-13T19:29:17.682+0000] {logging_mixin.py:151} INFO - [2023-09-13T19:29:17.682+0000] {security.py:708} INFO - Not syncing DAG-level permissions for DAG 'DAG:example_dag_decorator' as access control is unset.
[2023-09-13T19:29:17.683+0000] {logging_mixin.py:151} INFO - [2023-09-13T19:29:17.683+0000] {dag.py:2915} INFO - Sync 1 DAGs
[2023-09-13T19:29:17.692+0000] {logging_mixin.py:151} INFO - [2023-09-13T19:29:17.691+0000] {dag.py:3696} INFO - Setting next_dagrun for example_dag_decorator to None, run_after=None
[2023-09-13T19:29:17.705+0000] {processor.py:179} INFO - Processing /home/airflow/.local/lib/python3.8/site-packages/airflow/example_dags/example_dag_decorator.py took 0.175 seconds
[2023-09-13T19:29:47.749+0000] {processor.py:157} INFO - Started process (PID=219) to work on /home/airflow/.local/lib/python3.8/site-packages/airflow/example_dags/example_dag_decorator.py
[2023-09-13T19:29:47.752+0000] {processor.py:829} INFO - Processing file /home/airflow/.local/lib/python3.8/site-packages/airflow/example_dags/example_dag_decorator.py for tasks to queue
[2023-09-13T19:29:47.771+0000] {logging_mixin.py:151} INFO - [2023-09-13T19:29:47.770+0000] {dagbag.py:539} INFO - Filling up the DagBag from /home/airflow/.local/lib/python3.8/site-packages/airflow/example_dags/example_dag_decorator.py
[2023-09-13T19:29:47.841+0000] {processor.py:839} INFO - DAG(s) dict_keys(['example_dag_decorator']) retrieved from /home/airflow/.local/lib/python3.8/site-packages/airflow/example_dags/example_dag_decorator.py
[2023-09-13T19:29:47.924+0000] {logging_mixin.py:151} INFO - [2023-09-13T19:29:47.924+0000] {security.py:708} INFO - Not syncing DAG-level permissions for DAG 'DAG:example_dag_decorator' as access control is unset.
[2023-09-13T19:29:47.925+0000] {logging_mixin.py:151} INFO - [2023-09-13T19:29:47.925+0000] {dag.py:2915} INFO - Sync 1 DAGs
[2023-09-13T19:29:47.934+0000] {logging_mixin.py:151} INFO - [2023-09-13T19:29:47.933+0000] {dag.py:3696} INFO - Setting next_dagrun for example_dag_decorator to None, run_after=None
[2023-09-13T19:29:47.947+0000] {processor.py:179} INFO - Processing /home/airflow/.local/lib/python3.8/site-packages/airflow/example_dags/example_dag_decorator.py took 0.204 seconds
[2023-09-13T19:30:18.026+0000] {processor.py:157} INFO - Started process (PID=274) to work on /home/airflow/.local/lib/python3.8/site-packages/airflow/example_dags/example_dag_decorator.py
[2023-09-13T19:30:18.028+0000] {processor.py:829} INFO - Processing file /home/airflow/.local/lib/python3.8/site-packages/airflow/example_dags/example_dag_decorator.py for tasks to queue
[2023-09-13T19:30:18.030+0000] {logging_mixin.py:151} INFO - [2023-09-13T19:30:18.030+0000] {dagbag.py:539} INFO - Filling up the DagBag from /home/airflow/.local/lib/python3.8/site-packages/airflow/example_dags/example_dag_decorator.py
[2023-09-13T19:30:18.100+0000] {processor.py:839} INFO - DAG(s) dict_keys(['example_dag_decorator']) retrieved from /home/airflow/.local/lib/python3.8/site-packages/airflow/example_dags/example_dag_decorator.py
[2023-09-13T19:30:18.244+0000] {logging_mixin.py:151} INFO - [2023-09-13T19:30:18.244+0000] {security.py:708} INFO - Not syncing DAG-level permissions for DAG 'DAG:example_dag_decorator' as access control is unset.
[2023-09-13T19:30:18.246+0000] {logging_mixin.py:151} INFO - [2023-09-13T19:30:18.245+0000] {dag.py:2915} INFO - Sync 1 DAGs
[2023-09-13T19:30:18.258+0000] {logging_mixin.py:151} INFO - [2023-09-13T19:30:18.258+0000] {dag.py:3696} INFO - Setting next_dagrun for example_dag_decorator to None, run_after=None
[2023-09-13T19:30:18.281+0000] {processor.py:179} INFO - Processing /home/airflow/.local/lib/python3.8/site-packages/airflow/example_dags/example_dag_decorator.py took 0.259 seconds
[2023-09-13T19:31:31.156+0000] {processor.py:157} INFO - Started process (PID=54) to work on /home/airflow/.local/lib/python3.8/site-packages/airflow/example_dags/example_dag_decorator.py
[2023-09-13T19:31:31.158+0000] {processor.py:829} INFO - Processing file /home/airflow/.local/lib/python3.8/site-packages/airflow/example_dags/example_dag_decorator.py for tasks to queue
[2023-09-13T19:31:31.163+0000] {logging_mixin.py:151} INFO - [2023-09-13T19:31:31.162+0000] {dagbag.py:539} INFO - Filling up the DagBag from /home/airflow/.local/lib/python3.8/site-packages/airflow/example_dags/example_dag_decorator.py
[2023-09-13T19:31:31.610+0000] {processor.py:839} INFO - DAG(s) dict_keys(['example_dag_decorator']) retrieved from /home/airflow/.local/lib/python3.8/site-packages/airflow/example_dags/example_dag_decorator.py
[2023-09-13T19:31:31.637+0000] {logging_mixin.py:151} INFO - [2023-09-13T19:31:31.637+0000] {dag.py:2915} INFO - Sync 1 DAGs
[2023-09-13T19:31:31.708+0000] {logging_mixin.py:151} INFO - [2023-09-13T19:31:31.708+0000] {dag.py:3696} INFO - Setting next_dagrun for example_dag_decorator to None, run_after=None
[2023-09-13T19:31:31.742+0000] {processor.py:179} INFO - Processing /home/airflow/.local/lib/python3.8/site-packages/airflow/example_dags/example_dag_decorator.py took 0.602 seconds
[2023-09-13T19:32:02.493+0000] {processor.py:157} INFO - Started process (PID=109) to work on /home/airflow/.local/lib/python3.8/site-packages/airflow/example_dags/example_dag_decorator.py
[2023-09-13T19:32:02.496+0000] {processor.py:829} INFO - Processing file /home/airflow/.local/lib/python3.8/site-packages/airflow/example_dags/example_dag_decorator.py for tasks to queue
[2023-09-13T19:32:02.502+0000] {logging_mixin.py:151} INFO - [2023-09-13T19:32:02.502+0000] {dagbag.py:539} INFO - Filling up the DagBag from /home/airflow/.local/lib/python3.8/site-packages/airflow/example_dags/example_dag_decorator.py
[2023-09-13T19:32:02.598+0000] {processor.py:839} INFO - DAG(s) dict_keys(['example_dag_decorator']) retrieved from /home/airflow/.local/lib/python3.8/site-packages/airflow/example_dags/example_dag_decorator.py
[2023-09-13T19:32:02.776+0000] {logging_mixin.py:151} INFO - [2023-09-13T19:32:02.776+0000] {security.py:708} INFO - Not syncing DAG-level permissions for DAG 'DAG:example_dag_decorator' as access control is unset.
[2023-09-13T19:32:02.778+0000] {logging_mixin.py:151} INFO - [2023-09-13T19:32:02.778+0000] {dag.py:2915} INFO - Sync 1 DAGs
[2023-09-13T19:32:02.791+0000] {logging_mixin.py:151} INFO - [2023-09-13T19:32:02.791+0000] {dag.py:3696} INFO - Setting next_dagrun for example_dag_decorator to None, run_after=None
[2023-09-13T19:32:02.814+0000] {processor.py:179} INFO - Processing /home/airflow/.local/lib/python3.8/site-packages/airflow/example_dags/example_dag_decorator.py took 0.325 seconds
[2023-09-13T19:32:32.986+0000] {processor.py:157} INFO - Started process (PID=164) to work on /home/airflow/.local/lib/python3.8/site-packages/airflow/example_dags/example_dag_decorator.py
[2023-09-13T19:32:32.989+0000] {processor.py:829} INFO - Processing file /home/airflow/.local/lib/python3.8/site-packages/airflow/example_dags/example_dag_decorator.py for tasks to queue
[2023-09-13T19:32:32.992+0000] {logging_mixin.py:151} INFO - [2023-09-13T19:32:32.992+0000] {dagbag.py:539} INFO - Filling up the DagBag from /home/airflow/.local/lib/python3.8/site-packages/airflow/example_dags/example_dag_decorator.py
[2023-09-13T19:32:33.056+0000] {processor.py:839} INFO - DAG(s) dict_keys(['example_dag_decorator']) retrieved from /home/airflow/.local/lib/python3.8/site-packages/airflow/example_dags/example_dag_decorator.py
[2023-09-13T19:32:33.134+0000] {logging_mixin.py:151} INFO - [2023-09-13T19:32:33.134+0000] {security.py:708} INFO - Not syncing DAG-level permissions for DAG 'DAG:example_dag_decorator' as access control is unset.
[2023-09-13T19:32:33.135+0000] {logging_mixin.py:151} INFO - [2023-09-13T19:32:33.135+0000] {dag.py:2915} INFO - Sync 1 DAGs
[2023-09-13T19:32:33.143+0000] {logging_mixin.py:151} INFO - [2023-09-13T19:32:33.143+0000] {dag.py:3696} INFO - Setting next_dagrun for example_dag_decorator to None, run_after=None
[2023-09-13T19:32:33.158+0000] {processor.py:179} INFO - Processing /home/airflow/.local/lib/python3.8/site-packages/airflow/example_dags/example_dag_decorator.py took 0.176 seconds
[2023-09-13T19:33:03.968+0000] {processor.py:157} INFO - Started process (PID=219) to work on /home/airflow/.local/lib/python3.8/site-packages/airflow/example_dags/example_dag_decorator.py
[2023-09-13T19:33:03.970+0000] {processor.py:829} INFO - Processing file /home/airflow/.local/lib/python3.8/site-packages/airflow/example_dags/example_dag_decorator.py for tasks to queue
[2023-09-13T19:33:03.974+0000] {logging_mixin.py:151} INFO - [2023-09-13T19:33:03.973+0000] {dagbag.py:539} INFO - Filling up the DagBag from /home/airflow/.local/lib/python3.8/site-packages/airflow/example_dags/example_dag_decorator.py
[2023-09-13T19:33:04.029+0000] {processor.py:839} INFO - DAG(s) dict_keys(['example_dag_decorator']) retrieved from /home/airflow/.local/lib/python3.8/site-packages/airflow/example_dags/example_dag_decorator.py
[2023-09-13T19:33:04.108+0000] {logging_mixin.py:151} INFO - [2023-09-13T19:33:04.108+0000] {security.py:708} INFO - Not syncing DAG-level permissions for DAG 'DAG:example_dag_decorator' as access control is unset.
[2023-09-13T19:33:04.109+0000] {logging_mixin.py:151} INFO - [2023-09-13T19:33:04.109+0000] {dag.py:2915} INFO - Sync 1 DAGs
[2023-09-13T19:33:04.117+0000] {logging_mixin.py:151} INFO - [2023-09-13T19:33:04.117+0000] {dag.py:3696} INFO - Setting next_dagrun for example_dag_decorator to None, run_after=None
[2023-09-13T19:33:04.130+0000] {processor.py:179} INFO - Processing /home/airflow/.local/lib/python3.8/site-packages/airflow/example_dags/example_dag_decorator.py took 0.168 seconds
[2023-09-13T19:33:34.863+0000] {processor.py:157} INFO - Started process (PID=274) to work on /home/airflow/.local/lib/python3.8/site-packages/airflow/example_dags/example_dag_decorator.py
[2023-09-13T19:33:34.865+0000] {processor.py:829} INFO - Processing file /home/airflow/.local/lib/python3.8/site-packages/airflow/example_dags/example_dag_decorator.py for tasks to queue
[2023-09-13T19:33:34.870+0000] {logging_mixin.py:151} INFO - [2023-09-13T19:33:34.869+0000] {dagbag.py:539} INFO - Filling up the DagBag from /home/airflow/.local/lib/python3.8/site-packages/airflow/example_dags/example_dag_decorator.py
[2023-09-13T19:33:34.945+0000] {processor.py:839} INFO - DAG(s) dict_keys(['example_dag_decorator']) retrieved from /home/airflow/.local/lib/python3.8/site-packages/airflow/example_dags/example_dag_decorator.py
[2023-09-13T19:33:35.091+0000] {logging_mixin.py:151} INFO - [2023-09-13T19:33:35.091+0000] {security.py:708} INFO - Not syncing DAG-level permissions for DAG 'DAG:example_dag_decorator' as access control is unset.
[2023-09-13T19:33:35.093+0000] {logging_mixin.py:151} INFO - [2023-09-13T19:33:35.093+0000] {dag.py:2915} INFO - Sync 1 DAGs
[2023-09-13T19:33:35.107+0000] {logging_mixin.py:151} INFO - [2023-09-13T19:33:35.107+0000] {dag.py:3696} INFO - Setting next_dagrun for example_dag_decorator to None, run_after=None
[2023-09-13T19:33:35.123+0000] {processor.py:179} INFO - Processing /home/airflow/.local/lib/python3.8/site-packages/airflow/example_dags/example_dag_decorator.py took 0.265 seconds
[2023-09-13T19:34:05.794+0000] {processor.py:157} INFO - Started process (PID=329) to work on /home/airflow/.local/lib/python3.8/site-packages/airflow/example_dags/example_dag_decorator.py
[2023-09-13T19:34:05.796+0000] {processor.py:829} INFO - Processing file /home/airflow/.local/lib/python3.8/site-packages/airflow/example_dags/example_dag_decorator.py for tasks to queue
[2023-09-13T19:34:05.799+0000] {logging_mixin.py:151} INFO - [2023-09-13T19:34:05.799+0000] {dagbag.py:539} INFO - Filling up the DagBag from /home/airflow/.local/lib/python3.8/site-packages/airflow/example_dags/example_dag_decorator.py
[2023-09-13T19:34:05.854+0000] {processor.py:839} INFO - DAG(s) dict_keys(['example_dag_decorator']) retrieved from /home/airflow/.local/lib/python3.8/site-packages/airflow/example_dags/example_dag_decorator.py
[2023-09-13T19:34:05.876+0000] {logging_mixin.py:151} INFO - [2023-09-13T19:34:05.876+0000] {dag.py:2915} INFO - Sync 1 DAGs
[2023-09-13T19:34:05.887+0000] {logging_mixin.py:151} INFO - [2023-09-13T19:34:05.887+0000] {dag.py:3696} INFO - Setting next_dagrun for example_dag_decorator to None, run_after=None
[2023-09-13T19:34:05.899+0000] {processor.py:179} INFO - Processing /home/airflow/.local/lib/python3.8/site-packages/airflow/example_dags/example_dag_decorator.py took 0.111 seconds
