[2023-09-13T19:15:53.380+0000] {processor.py:157} INFO - Started process (PID=60) to work on /home/airflow/.local/lib/python3.8/site-packages/airflow/example_dags/example_setup_teardown_taskflow.py
[2023-09-13T19:15:53.382+0000] {processor.py:829} INFO - Processing file /home/airflow/.local/lib/python3.8/site-packages/airflow/example_dags/example_setup_teardown_taskflow.py for tasks to queue
[2023-09-13T19:15:53.385+0000] {logging_mixin.py:151} INFO - [2023-09-13T19:15:53.384+0000] {dagbag.py:539} INFO - Filling up the DagBag from /home/airflow/.local/lib/python3.8/site-packages/airflow/example_dags/example_setup_teardown_taskflow.py
[2023-09-13T19:15:53.395+0000] {processor.py:839} INFO - DAG(s) dict_keys(['example_setup_teardown_taskflow']) retrieved from /home/airflow/.local/lib/python3.8/site-packages/airflow/example_dags/example_setup_teardown_taskflow.py
[2023-09-13T19:15:53.486+0000] {logging_mixin.py:151} INFO - [2023-09-13T19:15:53.485+0000] {manager.py:499} INFO - Created Permission View: %s
[2023-09-13T19:15:53.493+0000] {logging_mixin.py:151} INFO - [2023-09-13T19:15:53.493+0000] {manager.py:499} INFO - Created Permission View: %s
[2023-09-13T19:15:53.498+0000] {logging_mixin.py:151} INFO - [2023-09-13T19:15:53.498+0000] {manager.py:499} INFO - Created Permission View: %s
[2023-09-13T19:15:53.499+0000] {logging_mixin.py:151} INFO - [2023-09-13T19:15:53.499+0000] {security.py:708} INFO - Not syncing DAG-level permissions for DAG 'DAG:example_setup_teardown_taskflow' as access control is unset.
[2023-09-13T19:15:53.500+0000] {logging_mixin.py:151} INFO - [2023-09-13T19:15:53.499+0000] {dag.py:2915} INFO - Sync 1 DAGs
[2023-09-13T19:15:53.509+0000] {logging_mixin.py:151} INFO - [2023-09-13T19:15:53.509+0000] {dag.py:2937} INFO - Creating ORM DAG for example_setup_teardown_taskflow
[2023-09-13T19:15:53.517+0000] {logging_mixin.py:151} INFO - [2023-09-13T19:15:53.517+0000] {dag.py:3696} INFO - Setting next_dagrun for example_setup_teardown_taskflow to 2023-09-12T19:15:53.517001+00:00, run_after=2023-09-13T19:15:53.517001+00:00
[2023-09-13T19:15:53.531+0000] {processor.py:179} INFO - Processing /home/airflow/.local/lib/python3.8/site-packages/airflow/example_dags/example_setup_teardown_taskflow.py took 0.155 seconds
[2023-09-13T19:16:23.955+0000] {processor.py:157} INFO - Started process (PID=114) to work on /home/airflow/.local/lib/python3.8/site-packages/airflow/example_dags/example_setup_teardown_taskflow.py
[2023-09-13T19:16:23.957+0000] {processor.py:829} INFO - Processing file /home/airflow/.local/lib/python3.8/site-packages/airflow/example_dags/example_setup_teardown_taskflow.py for tasks to queue
[2023-09-13T19:16:23.959+0000] {logging_mixin.py:151} INFO - [2023-09-13T19:16:23.959+0000] {dagbag.py:539} INFO - Filling up the DagBag from /home/airflow/.local/lib/python3.8/site-packages/airflow/example_dags/example_setup_teardown_taskflow.py
[2023-09-13T19:16:23.968+0000] {processor.py:839} INFO - DAG(s) dict_keys(['example_setup_teardown_taskflow']) retrieved from /home/airflow/.local/lib/python3.8/site-packages/airflow/example_dags/example_setup_teardown_taskflow.py
[2023-09-13T19:16:23.990+0000] {logging_mixin.py:151} INFO - [2023-09-13T19:16:23.989+0000] {dag.py:2915} INFO - Sync 1 DAGs
[2023-09-13T19:16:24.006+0000] {logging_mixin.py:151} INFO - [2023-09-13T19:16:24.006+0000] {dag.py:3696} INFO - Setting next_dagrun for example_setup_teardown_taskflow to 2023-09-12T19:16:24.006507+00:00, run_after=2023-09-13T19:16:24.006507+00:00
[2023-09-13T19:16:24.018+0000] {processor.py:179} INFO - Processing /home/airflow/.local/lib/python3.8/site-packages/airflow/example_dags/example_setup_teardown_taskflow.py took 0.066 seconds
[2023-09-13T19:16:54.352+0000] {processor.py:157} INFO - Started process (PID=167) to work on /home/airflow/.local/lib/python3.8/site-packages/airflow/example_dags/example_setup_teardown_taskflow.py
[2023-09-13T19:16:54.353+0000] {processor.py:829} INFO - Processing file /home/airflow/.local/lib/python3.8/site-packages/airflow/example_dags/example_setup_teardown_taskflow.py for tasks to queue
[2023-09-13T19:16:54.356+0000] {logging_mixin.py:151} INFO - [2023-09-13T19:16:54.355+0000] {dagbag.py:539} INFO - Filling up the DagBag from /home/airflow/.local/lib/python3.8/site-packages/airflow/example_dags/example_setup_teardown_taskflow.py
[2023-09-13T19:16:54.365+0000] {processor.py:839} INFO - DAG(s) dict_keys(['example_setup_teardown_taskflow']) retrieved from /home/airflow/.local/lib/python3.8/site-packages/airflow/example_dags/example_setup_teardown_taskflow.py
[2023-09-13T19:16:54.386+0000] {logging_mixin.py:151} INFO - [2023-09-13T19:16:54.386+0000] {dag.py:2915} INFO - Sync 1 DAGs
[2023-09-13T19:16:54.403+0000] {logging_mixin.py:151} INFO - [2023-09-13T19:16:54.403+0000] {dag.py:3696} INFO - Setting next_dagrun for example_setup_teardown_taskflow to 2023-09-12T19:16:54.403313+00:00, run_after=2023-09-13T19:16:54.403313+00:00
[2023-09-13T19:16:54.416+0000] {processor.py:179} INFO - Processing /home/airflow/.local/lib/python3.8/site-packages/airflow/example_dags/example_setup_teardown_taskflow.py took 0.068 seconds
[2023-09-13T19:17:24.625+0000] {processor.py:157} INFO - Started process (PID=221) to work on /home/airflow/.local/lib/python3.8/site-packages/airflow/example_dags/example_setup_teardown_taskflow.py
[2023-09-13T19:17:24.627+0000] {processor.py:829} INFO - Processing file /home/airflow/.local/lib/python3.8/site-packages/airflow/example_dags/example_setup_teardown_taskflow.py for tasks to queue
[2023-09-13T19:17:24.629+0000] {logging_mixin.py:151} INFO - [2023-09-13T19:17:24.629+0000] {dagbag.py:539} INFO - Filling up the DagBag from /home/airflow/.local/lib/python3.8/site-packages/airflow/example_dags/example_setup_teardown_taskflow.py
[2023-09-13T19:17:24.637+0000] {processor.py:839} INFO - DAG(s) dict_keys(['example_setup_teardown_taskflow']) retrieved from /home/airflow/.local/lib/python3.8/site-packages/airflow/example_dags/example_setup_teardown_taskflow.py
[2023-09-13T19:17:24.660+0000] {logging_mixin.py:151} INFO - [2023-09-13T19:17:24.659+0000] {dag.py:2915} INFO - Sync 1 DAGs
[2023-09-13T19:17:24.678+0000] {logging_mixin.py:151} INFO - [2023-09-13T19:17:24.678+0000] {dag.py:3696} INFO - Setting next_dagrun for example_setup_teardown_taskflow to 2023-09-12T19:17:24.678117+00:00, run_after=2023-09-13T19:17:24.678117+00:00
[2023-09-13T19:17:24.690+0000] {processor.py:179} INFO - Processing /home/airflow/.local/lib/python3.8/site-packages/airflow/example_dags/example_setup_teardown_taskflow.py took 0.069 seconds
[2023-09-13T19:17:54.786+0000] {processor.py:157} INFO - Started process (PID=275) to work on /home/airflow/.local/lib/python3.8/site-packages/airflow/example_dags/example_setup_teardown_taskflow.py
[2023-09-13T19:17:54.787+0000] {processor.py:829} INFO - Processing file /home/airflow/.local/lib/python3.8/site-packages/airflow/example_dags/example_setup_teardown_taskflow.py for tasks to queue
[2023-09-13T19:17:54.789+0000] {logging_mixin.py:151} INFO - [2023-09-13T19:17:54.789+0000] {dagbag.py:539} INFO - Filling up the DagBag from /home/airflow/.local/lib/python3.8/site-packages/airflow/example_dags/example_setup_teardown_taskflow.py
[2023-09-13T19:17:54.797+0000] {processor.py:839} INFO - DAG(s) dict_keys(['example_setup_teardown_taskflow']) retrieved from /home/airflow/.local/lib/python3.8/site-packages/airflow/example_dags/example_setup_teardown_taskflow.py
[2023-09-13T19:17:54.819+0000] {logging_mixin.py:151} INFO - [2023-09-13T19:17:54.819+0000] {dag.py:2915} INFO - Sync 1 DAGs
[2023-09-13T19:17:54.835+0000] {logging_mixin.py:151} INFO - [2023-09-13T19:17:54.835+0000] {dag.py:3696} INFO - Setting next_dagrun for example_setup_teardown_taskflow to 2023-09-12T19:17:54.835577+00:00, run_after=2023-09-13T19:17:54.835577+00:00
[2023-09-13T19:17:54.847+0000] {processor.py:179} INFO - Processing /home/airflow/.local/lib/python3.8/site-packages/airflow/example_dags/example_setup_teardown_taskflow.py took 0.065 seconds
[2023-09-13T19:18:24.947+0000] {processor.py:157} INFO - Started process (PID=328) to work on /home/airflow/.local/lib/python3.8/site-packages/airflow/example_dags/example_setup_teardown_taskflow.py
[2023-09-13T19:18:24.950+0000] {processor.py:829} INFO - Processing file /home/airflow/.local/lib/python3.8/site-packages/airflow/example_dags/example_setup_teardown_taskflow.py for tasks to queue
[2023-09-13T19:18:24.952+0000] {logging_mixin.py:151} INFO - [2023-09-13T19:18:24.952+0000] {dagbag.py:539} INFO - Filling up the DagBag from /home/airflow/.local/lib/python3.8/site-packages/airflow/example_dags/example_setup_teardown_taskflow.py
[2023-09-13T19:18:24.960+0000] {processor.py:839} INFO - DAG(s) dict_keys(['example_setup_teardown_taskflow']) retrieved from /home/airflow/.local/lib/python3.8/site-packages/airflow/example_dags/example_setup_teardown_taskflow.py
[2023-09-13T19:18:24.982+0000] {logging_mixin.py:151} INFO - [2023-09-13T19:18:24.982+0000] {dag.py:2915} INFO - Sync 1 DAGs
[2023-09-13T19:18:24.998+0000] {logging_mixin.py:151} INFO - [2023-09-13T19:18:24.998+0000] {dag.py:3696} INFO - Setting next_dagrun for example_setup_teardown_taskflow to 2023-09-12T19:18:24.998587+00:00, run_after=2023-09-13T19:18:24.998587+00:00
[2023-09-13T19:18:25.011+0000] {processor.py:179} INFO - Processing /home/airflow/.local/lib/python3.8/site-packages/airflow/example_dags/example_setup_teardown_taskflow.py took 0.067 seconds
[2023-09-13T19:18:55.349+0000] {processor.py:157} INFO - Started process (PID=382) to work on /home/airflow/.local/lib/python3.8/site-packages/airflow/example_dags/example_setup_teardown_taskflow.py
[2023-09-13T19:18:55.351+0000] {processor.py:829} INFO - Processing file /home/airflow/.local/lib/python3.8/site-packages/airflow/example_dags/example_setup_teardown_taskflow.py for tasks to queue
[2023-09-13T19:18:55.353+0000] {logging_mixin.py:151} INFO - [2023-09-13T19:18:55.353+0000] {dagbag.py:539} INFO - Filling up the DagBag from /home/airflow/.local/lib/python3.8/site-packages/airflow/example_dags/example_setup_teardown_taskflow.py
[2023-09-13T19:18:55.362+0000] {processor.py:839} INFO - DAG(s) dict_keys(['example_setup_teardown_taskflow']) retrieved from /home/airflow/.local/lib/python3.8/site-packages/airflow/example_dags/example_setup_teardown_taskflow.py
[2023-09-13T19:18:55.383+0000] {logging_mixin.py:151} INFO - [2023-09-13T19:18:55.383+0000] {dag.py:2915} INFO - Sync 1 DAGs
[2023-09-13T19:18:55.401+0000] {logging_mixin.py:151} INFO - [2023-09-13T19:18:55.401+0000] {dag.py:3696} INFO - Setting next_dagrun for example_setup_teardown_taskflow to 2023-09-12T19:18:55.400738+00:00, run_after=2023-09-13T19:18:55.400738+00:00
[2023-09-13T19:18:55.417+0000] {processor.py:179} INFO - Processing /home/airflow/.local/lib/python3.8/site-packages/airflow/example_dags/example_setup_teardown_taskflow.py took 0.072 seconds
[2023-09-13T19:19:25.679+0000] {processor.py:157} INFO - Started process (PID=437) to work on /home/airflow/.local/lib/python3.8/site-packages/airflow/example_dags/example_setup_teardown_taskflow.py
[2023-09-13T19:19:25.680+0000] {processor.py:829} INFO - Processing file /home/airflow/.local/lib/python3.8/site-packages/airflow/example_dags/example_setup_teardown_taskflow.py for tasks to queue
[2023-09-13T19:19:25.683+0000] {logging_mixin.py:151} INFO - [2023-09-13T19:19:25.683+0000] {dagbag.py:539} INFO - Filling up the DagBag from /home/airflow/.local/lib/python3.8/site-packages/airflow/example_dags/example_setup_teardown_taskflow.py
[2023-09-13T19:19:25.692+0000] {processor.py:839} INFO - DAG(s) dict_keys(['example_setup_teardown_taskflow']) retrieved from /home/airflow/.local/lib/python3.8/site-packages/airflow/example_dags/example_setup_teardown_taskflow.py
[2023-09-13T19:19:25.715+0000] {logging_mixin.py:151} INFO - [2023-09-13T19:19:25.715+0000] {dag.py:2915} INFO - Sync 1 DAGs
[2023-09-13T19:19:25.733+0000] {logging_mixin.py:151} INFO - [2023-09-13T19:19:25.733+0000] {dag.py:3696} INFO - Setting next_dagrun for example_setup_teardown_taskflow to 2023-09-12T19:19:25.732763+00:00, run_after=2023-09-13T19:19:25.732763+00:00
[2023-09-13T19:19:25.746+0000] {processor.py:179} INFO - Processing /home/airflow/.local/lib/python3.8/site-packages/airflow/example_dags/example_setup_teardown_taskflow.py took 0.071 seconds
[2023-09-13T19:19:55.877+0000] {processor.py:157} INFO - Started process (PID=491) to work on /home/airflow/.local/lib/python3.8/site-packages/airflow/example_dags/example_setup_teardown_taskflow.py
[2023-09-13T19:19:55.878+0000] {processor.py:829} INFO - Processing file /home/airflow/.local/lib/python3.8/site-packages/airflow/example_dags/example_setup_teardown_taskflow.py for tasks to queue
[2023-09-13T19:19:55.881+0000] {logging_mixin.py:151} INFO - [2023-09-13T19:19:55.881+0000] {dagbag.py:539} INFO - Filling up the DagBag from /home/airflow/.local/lib/python3.8/site-packages/airflow/example_dags/example_setup_teardown_taskflow.py
[2023-09-13T19:19:55.890+0000] {processor.py:839} INFO - DAG(s) dict_keys(['example_setup_teardown_taskflow']) retrieved from /home/airflow/.local/lib/python3.8/site-packages/airflow/example_dags/example_setup_teardown_taskflow.py
[2023-09-13T19:19:55.914+0000] {logging_mixin.py:151} INFO - [2023-09-13T19:19:55.914+0000] {dag.py:2915} INFO - Sync 1 DAGs
[2023-09-13T19:19:55.933+0000] {logging_mixin.py:151} INFO - [2023-09-13T19:19:55.933+0000] {dag.py:3696} INFO - Setting next_dagrun for example_setup_teardown_taskflow to 2023-09-12T19:19:55.933447+00:00, run_after=2023-09-13T19:19:55.933447+00:00
[2023-09-13T19:19:55.948+0000] {processor.py:179} INFO - Processing /home/airflow/.local/lib/python3.8/site-packages/airflow/example_dags/example_setup_teardown_taskflow.py took 0.076 seconds
[2023-09-13T19:20:26.328+0000] {processor.py:157} INFO - Started process (PID=544) to work on /home/airflow/.local/lib/python3.8/site-packages/airflow/example_dags/example_setup_teardown_taskflow.py
[2023-09-13T19:20:26.329+0000] {processor.py:829} INFO - Processing file /home/airflow/.local/lib/python3.8/site-packages/airflow/example_dags/example_setup_teardown_taskflow.py for tasks to queue
[2023-09-13T19:20:26.332+0000] {logging_mixin.py:151} INFO - [2023-09-13T19:20:26.332+0000] {dagbag.py:539} INFO - Filling up the DagBag from /home/airflow/.local/lib/python3.8/site-packages/airflow/example_dags/example_setup_teardown_taskflow.py
[2023-09-13T19:20:26.340+0000] {processor.py:839} INFO - DAG(s) dict_keys(['example_setup_teardown_taskflow']) retrieved from /home/airflow/.local/lib/python3.8/site-packages/airflow/example_dags/example_setup_teardown_taskflow.py
[2023-09-13T19:20:26.363+0000] {logging_mixin.py:151} INFO - [2023-09-13T19:20:26.362+0000] {dag.py:2915} INFO - Sync 1 DAGs
[2023-09-13T19:20:26.379+0000] {logging_mixin.py:151} INFO - [2023-09-13T19:20:26.379+0000] {dag.py:3696} INFO - Setting next_dagrun for example_setup_teardown_taskflow to 2023-09-12T19:20:26.379531+00:00, run_after=2023-09-13T19:20:26.379531+00:00
[2023-09-13T19:20:26.392+0000] {processor.py:179} INFO - Processing /home/airflow/.local/lib/python3.8/site-packages/airflow/example_dags/example_setup_teardown_taskflow.py took 0.068 seconds
[2023-09-13T19:20:57.051+0000] {processor.py:157} INFO - Started process (PID=598) to work on /home/airflow/.local/lib/python3.8/site-packages/airflow/example_dags/example_setup_teardown_taskflow.py
[2023-09-13T19:20:57.052+0000] {processor.py:829} INFO - Processing file /home/airflow/.local/lib/python3.8/site-packages/airflow/example_dags/example_setup_teardown_taskflow.py for tasks to queue
[2023-09-13T19:20:57.055+0000] {logging_mixin.py:151} INFO - [2023-09-13T19:20:57.055+0000] {dagbag.py:539} INFO - Filling up the DagBag from /home/airflow/.local/lib/python3.8/site-packages/airflow/example_dags/example_setup_teardown_taskflow.py
[2023-09-13T19:20:57.063+0000] {processor.py:839} INFO - DAG(s) dict_keys(['example_setup_teardown_taskflow']) retrieved from /home/airflow/.local/lib/python3.8/site-packages/airflow/example_dags/example_setup_teardown_taskflow.py
[2023-09-13T19:20:57.085+0000] {logging_mixin.py:151} INFO - [2023-09-13T19:20:57.085+0000] {dag.py:2915} INFO - Sync 1 DAGs
[2023-09-13T19:20:57.102+0000] {logging_mixin.py:151} INFO - [2023-09-13T19:20:57.102+0000] {dag.py:3696} INFO - Setting next_dagrun for example_setup_teardown_taskflow to 2023-09-12T19:20:57.102030+00:00, run_after=2023-09-13T19:20:57.102030+00:00
[2023-09-13T19:20:57.116+0000] {processor.py:179} INFO - Processing /home/airflow/.local/lib/python3.8/site-packages/airflow/example_dags/example_setup_teardown_taskflow.py took 0.068 seconds
[2023-09-13T19:21:27.865+0000] {processor.py:157} INFO - Started process (PID=652) to work on /home/airflow/.local/lib/python3.8/site-packages/airflow/example_dags/example_setup_teardown_taskflow.py
[2023-09-13T19:21:27.866+0000] {processor.py:829} INFO - Processing file /home/airflow/.local/lib/python3.8/site-packages/airflow/example_dags/example_setup_teardown_taskflow.py for tasks to queue
[2023-09-13T19:21:27.869+0000] {logging_mixin.py:151} INFO - [2023-09-13T19:21:27.868+0000] {dagbag.py:539} INFO - Filling up the DagBag from /home/airflow/.local/lib/python3.8/site-packages/airflow/example_dags/example_setup_teardown_taskflow.py
[2023-09-13T19:21:27.878+0000] {processor.py:839} INFO - DAG(s) dict_keys(['example_setup_teardown_taskflow']) retrieved from /home/airflow/.local/lib/python3.8/site-packages/airflow/example_dags/example_setup_teardown_taskflow.py
[2023-09-13T19:21:27.900+0000] {logging_mixin.py:151} INFO - [2023-09-13T19:21:27.900+0000] {dag.py:2915} INFO - Sync 1 DAGs
[2023-09-13T19:21:27.918+0000] {logging_mixin.py:151} INFO - [2023-09-13T19:21:27.918+0000] {dag.py:3696} INFO - Setting next_dagrun for example_setup_teardown_taskflow to 2023-09-12T19:21:27.918058+00:00, run_after=2023-09-13T19:21:27.918058+00:00
[2023-09-13T19:21:27.933+0000] {processor.py:179} INFO - Processing /home/airflow/.local/lib/python3.8/site-packages/airflow/example_dags/example_setup_teardown_taskflow.py took 0.072 seconds
[2023-09-13T19:21:58.485+0000] {processor.py:157} INFO - Started process (PID=706) to work on /home/airflow/.local/lib/python3.8/site-packages/airflow/example_dags/example_setup_teardown_taskflow.py
[2023-09-13T19:21:58.487+0000] {processor.py:829} INFO - Processing file /home/airflow/.local/lib/python3.8/site-packages/airflow/example_dags/example_setup_teardown_taskflow.py for tasks to queue
[2023-09-13T19:21:58.489+0000] {logging_mixin.py:151} INFO - [2023-09-13T19:21:58.489+0000] {dagbag.py:539} INFO - Filling up the DagBag from /home/airflow/.local/lib/python3.8/site-packages/airflow/example_dags/example_setup_teardown_taskflow.py
[2023-09-13T19:21:58.499+0000] {processor.py:839} INFO - DAG(s) dict_keys(['example_setup_teardown_taskflow']) retrieved from /home/airflow/.local/lib/python3.8/site-packages/airflow/example_dags/example_setup_teardown_taskflow.py
[2023-09-13T19:21:58.521+0000] {logging_mixin.py:151} INFO - [2023-09-13T19:21:58.521+0000] {dag.py:2915} INFO - Sync 1 DAGs
[2023-09-13T19:21:58.538+0000] {logging_mixin.py:151} INFO - [2023-09-13T19:21:58.538+0000] {dag.py:3696} INFO - Setting next_dagrun for example_setup_teardown_taskflow to 2023-09-12T19:21:58.537760+00:00, run_after=2023-09-13T19:21:58.537760+00:00
[2023-09-13T19:21:58.550+0000] {processor.py:179} INFO - Processing /home/airflow/.local/lib/python3.8/site-packages/airflow/example_dags/example_setup_teardown_taskflow.py took 0.069 seconds
[2023-09-13T19:22:29.269+0000] {processor.py:157} INFO - Started process (PID=760) to work on /home/airflow/.local/lib/python3.8/site-packages/airflow/example_dags/example_setup_teardown_taskflow.py
[2023-09-13T19:22:29.271+0000] {processor.py:829} INFO - Processing file /home/airflow/.local/lib/python3.8/site-packages/airflow/example_dags/example_setup_teardown_taskflow.py for tasks to queue
[2023-09-13T19:22:29.273+0000] {logging_mixin.py:151} INFO - [2023-09-13T19:22:29.273+0000] {dagbag.py:539} INFO - Filling up the DagBag from /home/airflow/.local/lib/python3.8/site-packages/airflow/example_dags/example_setup_teardown_taskflow.py
[2023-09-13T19:22:29.282+0000] {processor.py:839} INFO - DAG(s) dict_keys(['example_setup_teardown_taskflow']) retrieved from /home/airflow/.local/lib/python3.8/site-packages/airflow/example_dags/example_setup_teardown_taskflow.py
[2023-09-13T19:22:29.306+0000] {logging_mixin.py:151} INFO - [2023-09-13T19:22:29.305+0000] {dag.py:2915} INFO - Sync 1 DAGs
[2023-09-13T19:22:29.324+0000] {logging_mixin.py:151} INFO - [2023-09-13T19:22:29.324+0000] {dag.py:3696} INFO - Setting next_dagrun for example_setup_teardown_taskflow to 2023-09-12T19:22:29.324238+00:00, run_after=2023-09-13T19:22:29.324238+00:00
[2023-09-13T19:22:29.338+0000] {processor.py:179} INFO - Processing /home/airflow/.local/lib/python3.8/site-packages/airflow/example_dags/example_setup_teardown_taskflow.py took 0.072 seconds
[2023-09-13T19:22:59.636+0000] {processor.py:157} INFO - Started process (PID=814) to work on /home/airflow/.local/lib/python3.8/site-packages/airflow/example_dags/example_setup_teardown_taskflow.py
[2023-09-13T19:22:59.637+0000] {processor.py:829} INFO - Processing file /home/airflow/.local/lib/python3.8/site-packages/airflow/example_dags/example_setup_teardown_taskflow.py for tasks to queue
[2023-09-13T19:22:59.640+0000] {logging_mixin.py:151} INFO - [2023-09-13T19:22:59.639+0000] {dagbag.py:539} INFO - Filling up the DagBag from /home/airflow/.local/lib/python3.8/site-packages/airflow/example_dags/example_setup_teardown_taskflow.py
[2023-09-13T19:22:59.649+0000] {processor.py:839} INFO - DAG(s) dict_keys(['example_setup_teardown_taskflow']) retrieved from /home/airflow/.local/lib/python3.8/site-packages/airflow/example_dags/example_setup_teardown_taskflow.py
[2023-09-13T19:22:59.671+0000] {logging_mixin.py:151} INFO - [2023-09-13T19:22:59.671+0000] {dag.py:2915} INFO - Sync 1 DAGs
[2023-09-13T19:22:59.688+0000] {logging_mixin.py:151} INFO - [2023-09-13T19:22:59.688+0000] {dag.py:3696} INFO - Setting next_dagrun for example_setup_teardown_taskflow to 2023-09-12T19:22:59.687943+00:00, run_after=2023-09-13T19:22:59.687943+00:00
[2023-09-13T19:22:59.701+0000] {processor.py:179} INFO - Processing /home/airflow/.local/lib/python3.8/site-packages/airflow/example_dags/example_setup_teardown_taskflow.py took 0.068 seconds
[2023-09-13T19:23:29.981+0000] {processor.py:157} INFO - Started process (PID=875) to work on /home/airflow/.local/lib/python3.8/site-packages/airflow/example_dags/example_setup_teardown_taskflow.py
[2023-09-13T19:23:29.982+0000] {processor.py:829} INFO - Processing file /home/airflow/.local/lib/python3.8/site-packages/airflow/example_dags/example_setup_teardown_taskflow.py for tasks to queue
[2023-09-13T19:23:29.985+0000] {logging_mixin.py:151} INFO - [2023-09-13T19:23:29.984+0000] {dagbag.py:539} INFO - Filling up the DagBag from /home/airflow/.local/lib/python3.8/site-packages/airflow/example_dags/example_setup_teardown_taskflow.py
[2023-09-13T19:23:29.993+0000] {processor.py:839} INFO - DAG(s) dict_keys(['example_setup_teardown_taskflow']) retrieved from /home/airflow/.local/lib/python3.8/site-packages/airflow/example_dags/example_setup_teardown_taskflow.py
[2023-09-13T19:23:30.015+0000] {logging_mixin.py:151} INFO - [2023-09-13T19:23:30.015+0000] {dag.py:2915} INFO - Sync 1 DAGs
[2023-09-13T19:23:30.032+0000] {logging_mixin.py:151} INFO - [2023-09-13T19:23:30.032+0000] {dag.py:3696} INFO - Setting next_dagrun for example_setup_teardown_taskflow to 2023-09-12T19:23:30.032530+00:00, run_after=2023-09-13T19:23:30.032530+00:00
[2023-09-13T19:23:30.045+0000] {processor.py:179} INFO - Processing /home/airflow/.local/lib/python3.8/site-packages/airflow/example_dags/example_setup_teardown_taskflow.py took 0.068 seconds
[2023-09-13T19:24:00.191+0000] {processor.py:157} INFO - Started process (PID=929) to work on /home/airflow/.local/lib/python3.8/site-packages/airflow/example_dags/example_setup_teardown_taskflow.py
[2023-09-13T19:24:00.193+0000] {processor.py:829} INFO - Processing file /home/airflow/.local/lib/python3.8/site-packages/airflow/example_dags/example_setup_teardown_taskflow.py for tasks to queue
[2023-09-13T19:24:00.196+0000] {logging_mixin.py:151} INFO - [2023-09-13T19:24:00.195+0000] {dagbag.py:539} INFO - Filling up the DagBag from /home/airflow/.local/lib/python3.8/site-packages/airflow/example_dags/example_setup_teardown_taskflow.py
[2023-09-13T19:24:00.204+0000] {processor.py:839} INFO - DAG(s) dict_keys(['example_setup_teardown_taskflow']) retrieved from /home/airflow/.local/lib/python3.8/site-packages/airflow/example_dags/example_setup_teardown_taskflow.py
[2023-09-13T19:24:00.226+0000] {logging_mixin.py:151} INFO - [2023-09-13T19:24:00.226+0000] {dag.py:2915} INFO - Sync 1 DAGs
[2023-09-13T19:24:00.244+0000] {logging_mixin.py:151} INFO - [2023-09-13T19:24:00.244+0000] {dag.py:3696} INFO - Setting next_dagrun for example_setup_teardown_taskflow to 2023-09-12T19:24:00.244234+00:00, run_after=2023-09-13T19:24:00.244234+00:00
[2023-09-13T19:24:00.257+0000] {processor.py:179} INFO - Processing /home/airflow/.local/lib/python3.8/site-packages/airflow/example_dags/example_setup_teardown_taskflow.py took 0.069 seconds
[2023-09-13T19:24:30.509+0000] {processor.py:157} INFO - Started process (PID=984) to work on /home/airflow/.local/lib/python3.8/site-packages/airflow/example_dags/example_setup_teardown_taskflow.py
[2023-09-13T19:24:30.510+0000] {processor.py:829} INFO - Processing file /home/airflow/.local/lib/python3.8/site-packages/airflow/example_dags/example_setup_teardown_taskflow.py for tasks to queue
[2023-09-13T19:24:30.513+0000] {logging_mixin.py:151} INFO - [2023-09-13T19:24:30.513+0000] {dagbag.py:539} INFO - Filling up the DagBag from /home/airflow/.local/lib/python3.8/site-packages/airflow/example_dags/example_setup_teardown_taskflow.py
[2023-09-13T19:24:30.522+0000] {processor.py:839} INFO - DAG(s) dict_keys(['example_setup_teardown_taskflow']) retrieved from /home/airflow/.local/lib/python3.8/site-packages/airflow/example_dags/example_setup_teardown_taskflow.py
[2023-09-13T19:24:30.544+0000] {logging_mixin.py:151} INFO - [2023-09-13T19:24:30.543+0000] {dag.py:2915} INFO - Sync 1 DAGs
[2023-09-13T19:24:30.561+0000] {logging_mixin.py:151} INFO - [2023-09-13T19:24:30.561+0000] {dag.py:3696} INFO - Setting next_dagrun for example_setup_teardown_taskflow to 2023-09-12T19:24:30.560791+00:00, run_after=2023-09-13T19:24:30.560791+00:00
[2023-09-13T19:24:30.574+0000] {processor.py:179} INFO - Processing /home/airflow/.local/lib/python3.8/site-packages/airflow/example_dags/example_setup_teardown_taskflow.py took 0.068 seconds
[2023-09-13T19:25:00.756+0000] {processor.py:157} INFO - Started process (PID=1037) to work on /home/airflow/.local/lib/python3.8/site-packages/airflow/example_dags/example_setup_teardown_taskflow.py
[2023-09-13T19:25:00.758+0000] {processor.py:829} INFO - Processing file /home/airflow/.local/lib/python3.8/site-packages/airflow/example_dags/example_setup_teardown_taskflow.py for tasks to queue
[2023-09-13T19:25:00.760+0000] {logging_mixin.py:151} INFO - [2023-09-13T19:25:00.760+0000] {dagbag.py:539} INFO - Filling up the DagBag from /home/airflow/.local/lib/python3.8/site-packages/airflow/example_dags/example_setup_teardown_taskflow.py
[2023-09-13T19:25:00.769+0000] {processor.py:839} INFO - DAG(s) dict_keys(['example_setup_teardown_taskflow']) retrieved from /home/airflow/.local/lib/python3.8/site-packages/airflow/example_dags/example_setup_teardown_taskflow.py
[2023-09-13T19:25:00.791+0000] {logging_mixin.py:151} INFO - [2023-09-13T19:25:00.790+0000] {dag.py:2915} INFO - Sync 1 DAGs
[2023-09-13T19:25:00.808+0000] {logging_mixin.py:151} INFO - [2023-09-13T19:25:00.807+0000] {dag.py:3696} INFO - Setting next_dagrun for example_setup_teardown_taskflow to 2023-09-12T19:25:00.807648+00:00, run_after=2023-09-13T19:25:00.807648+00:00
[2023-09-13T19:25:00.820+0000] {processor.py:179} INFO - Processing /home/airflow/.local/lib/python3.8/site-packages/airflow/example_dags/example_setup_teardown_taskflow.py took 0.068 seconds
[2023-09-13T19:25:30.932+0000] {processor.py:157} INFO - Started process (PID=1091) to work on /home/airflow/.local/lib/python3.8/site-packages/airflow/example_dags/example_setup_teardown_taskflow.py
[2023-09-13T19:25:30.935+0000] {processor.py:829} INFO - Processing file /home/airflow/.local/lib/python3.8/site-packages/airflow/example_dags/example_setup_teardown_taskflow.py for tasks to queue
[2023-09-13T19:25:30.941+0000] {logging_mixin.py:151} INFO - [2023-09-13T19:25:30.940+0000] {dagbag.py:539} INFO - Filling up the DagBag from /home/airflow/.local/lib/python3.8/site-packages/airflow/example_dags/example_setup_teardown_taskflow.py
[2023-09-13T19:25:30.953+0000] {processor.py:839} INFO - DAG(s) dict_keys(['example_setup_teardown_taskflow']) retrieved from /home/airflow/.local/lib/python3.8/site-packages/airflow/example_dags/example_setup_teardown_taskflow.py
[2023-09-13T19:25:31.002+0000] {logging_mixin.py:151} INFO - [2023-09-13T19:25:31.002+0000] {dag.py:2915} INFO - Sync 1 DAGs
[2023-09-13T19:25:31.031+0000] {logging_mixin.py:151} INFO - [2023-09-13T19:25:31.030+0000] {dag.py:3696} INFO - Setting next_dagrun for example_setup_teardown_taskflow to 2023-09-12T19:25:31.030092+00:00, run_after=2023-09-13T19:25:31.030092+00:00
[2023-09-13T19:25:31.050+0000] {processor.py:179} INFO - Processing /home/airflow/.local/lib/python3.8/site-packages/airflow/example_dags/example_setup_teardown_taskflow.py took 0.123 seconds
[2023-09-13T19:26:01.768+0000] {processor.py:157} INFO - Started process (PID=1147) to work on /home/airflow/.local/lib/python3.8/site-packages/airflow/example_dags/example_setup_teardown_taskflow.py
[2023-09-13T19:26:01.770+0000] {processor.py:829} INFO - Processing file /home/airflow/.local/lib/python3.8/site-packages/airflow/example_dags/example_setup_teardown_taskflow.py for tasks to queue
[2023-09-13T19:26:01.772+0000] {logging_mixin.py:151} INFO - [2023-09-13T19:26:01.772+0000] {dagbag.py:539} INFO - Filling up the DagBag from /home/airflow/.local/lib/python3.8/site-packages/airflow/example_dags/example_setup_teardown_taskflow.py
[2023-09-13T19:26:01.782+0000] {processor.py:839} INFO - DAG(s) dict_keys(['example_setup_teardown_taskflow']) retrieved from /home/airflow/.local/lib/python3.8/site-packages/airflow/example_dags/example_setup_teardown_taskflow.py
[2023-09-13T19:26:01.811+0000] {logging_mixin.py:151} INFO - [2023-09-13T19:26:01.811+0000] {dag.py:2915} INFO - Sync 1 DAGs
[2023-09-13T19:26:01.830+0000] {logging_mixin.py:151} INFO - [2023-09-13T19:26:01.830+0000] {dag.py:3696} INFO - Setting next_dagrun for example_setup_teardown_taskflow to 2023-09-12T19:26:01.829791+00:00, run_after=2023-09-13T19:26:01.829791+00:00
[2023-09-13T19:26:01.843+0000] {processor.py:179} INFO - Processing /home/airflow/.local/lib/python3.8/site-packages/airflow/example_dags/example_setup_teardown_taskflow.py took 0.079 seconds
[2023-09-13T19:26:32.218+0000] {processor.py:157} INFO - Started process (PID=1203) to work on /home/airflow/.local/lib/python3.8/site-packages/airflow/example_dags/example_setup_teardown_taskflow.py
[2023-09-13T19:26:32.219+0000] {processor.py:829} INFO - Processing file /home/airflow/.local/lib/python3.8/site-packages/airflow/example_dags/example_setup_teardown_taskflow.py for tasks to queue
[2023-09-13T19:26:32.222+0000] {logging_mixin.py:151} INFO - [2023-09-13T19:26:32.222+0000] {dagbag.py:539} INFO - Filling up the DagBag from /home/airflow/.local/lib/python3.8/site-packages/airflow/example_dags/example_setup_teardown_taskflow.py
[2023-09-13T19:26:32.231+0000] {processor.py:839} INFO - DAG(s) dict_keys(['example_setup_teardown_taskflow']) retrieved from /home/airflow/.local/lib/python3.8/site-packages/airflow/example_dags/example_setup_teardown_taskflow.py
[2023-09-13T19:26:32.252+0000] {logging_mixin.py:151} INFO - [2023-09-13T19:26:32.252+0000] {dag.py:2915} INFO - Sync 1 DAGs
[2023-09-13T19:26:32.269+0000] {logging_mixin.py:151} INFO - [2023-09-13T19:26:32.268+0000] {dag.py:3696} INFO - Setting next_dagrun for example_setup_teardown_taskflow to 2023-09-12T19:26:32.268652+00:00, run_after=2023-09-13T19:26:32.268652+00:00
[2023-09-13T19:26:32.281+0000] {processor.py:179} INFO - Processing /home/airflow/.local/lib/python3.8/site-packages/airflow/example_dags/example_setup_teardown_taskflow.py took 0.067 seconds
[2023-09-13T19:27:02.723+0000] {processor.py:157} INFO - Started process (PID=1258) to work on /home/airflow/.local/lib/python3.8/site-packages/airflow/example_dags/example_setup_teardown_taskflow.py
[2023-09-13T19:27:02.725+0000] {processor.py:829} INFO - Processing file /home/airflow/.local/lib/python3.8/site-packages/airflow/example_dags/example_setup_teardown_taskflow.py for tasks to queue
[2023-09-13T19:27:02.728+0000] {logging_mixin.py:151} INFO - [2023-09-13T19:27:02.727+0000] {dagbag.py:539} INFO - Filling up the DagBag from /home/airflow/.local/lib/python3.8/site-packages/airflow/example_dags/example_setup_teardown_taskflow.py
[2023-09-13T19:27:02.736+0000] {processor.py:839} INFO - DAG(s) dict_keys(['example_setup_teardown_taskflow']) retrieved from /home/airflow/.local/lib/python3.8/site-packages/airflow/example_dags/example_setup_teardown_taskflow.py
[2023-09-13T19:27:02.758+0000] {logging_mixin.py:151} INFO - [2023-09-13T19:27:02.758+0000] {dag.py:2915} INFO - Sync 1 DAGs
[2023-09-13T19:27:02.775+0000] {logging_mixin.py:151} INFO - [2023-09-13T19:27:02.775+0000] {dag.py:3696} INFO - Setting next_dagrun for example_setup_teardown_taskflow to 2023-09-12T19:27:02.774944+00:00, run_after=2023-09-13T19:27:02.774944+00:00
[2023-09-13T19:27:02.787+0000] {processor.py:179} INFO - Processing /home/airflow/.local/lib/python3.8/site-packages/airflow/example_dags/example_setup_teardown_taskflow.py took 0.066 seconds
[2023-09-13T19:28:17.022+0000] {processor.py:157} INFO - Started process (PID=60) to work on /home/airflow/.local/lib/python3.8/site-packages/airflow/example_dags/example_setup_teardown_taskflow.py
[2023-09-13T19:28:17.025+0000] {processor.py:829} INFO - Processing file /home/airflow/.local/lib/python3.8/site-packages/airflow/example_dags/example_setup_teardown_taskflow.py for tasks to queue
[2023-09-13T19:28:17.030+0000] {logging_mixin.py:151} INFO - [2023-09-13T19:28:17.030+0000] {dagbag.py:539} INFO - Filling up the DagBag from /home/airflow/.local/lib/python3.8/site-packages/airflow/example_dags/example_setup_teardown_taskflow.py
[2023-09-13T19:28:17.050+0000] {processor.py:839} INFO - DAG(s) dict_keys(['example_setup_teardown_taskflow']) retrieved from /home/airflow/.local/lib/python3.8/site-packages/airflow/example_dags/example_setup_teardown_taskflow.py
[2023-09-13T19:28:17.077+0000] {logging_mixin.py:151} INFO - [2023-09-13T19:28:17.077+0000] {dag.py:2915} INFO - Sync 1 DAGs
[2023-09-13T19:28:17.152+0000] {logging_mixin.py:151} INFO - [2023-09-13T19:28:17.152+0000] {dag.py:3696} INFO - Setting next_dagrun for example_setup_teardown_taskflow to 2023-09-12T19:28:17.151461+00:00, run_after=2023-09-13T19:28:17.151461+00:00
[2023-09-13T19:28:17.200+0000] {processor.py:179} INFO - Processing /home/airflow/.local/lib/python3.8/site-packages/airflow/example_dags/example_setup_teardown_taskflow.py took 0.186 seconds
[2023-09-13T19:28:47.769+0000] {processor.py:157} INFO - Started process (PID=116) to work on /home/airflow/.local/lib/python3.8/site-packages/airflow/example_dags/example_setup_teardown_taskflow.py
[2023-09-13T19:28:47.770+0000] {processor.py:829} INFO - Processing file /home/airflow/.local/lib/python3.8/site-packages/airflow/example_dags/example_setup_teardown_taskflow.py for tasks to queue
[2023-09-13T19:28:47.773+0000] {logging_mixin.py:151} INFO - [2023-09-13T19:28:47.772+0000] {dagbag.py:539} INFO - Filling up the DagBag from /home/airflow/.local/lib/python3.8/site-packages/airflow/example_dags/example_setup_teardown_taskflow.py
[2023-09-13T19:28:47.781+0000] {processor.py:839} INFO - DAG(s) dict_keys(['example_setup_teardown_taskflow']) retrieved from /home/airflow/.local/lib/python3.8/site-packages/airflow/example_dags/example_setup_teardown_taskflow.py
[2023-09-13T19:28:47.803+0000] {logging_mixin.py:151} INFO - [2023-09-13T19:28:47.803+0000] {dag.py:2915} INFO - Sync 1 DAGs
[2023-09-13T19:28:47.819+0000] {logging_mixin.py:151} INFO - [2023-09-13T19:28:47.819+0000] {dag.py:3696} INFO - Setting next_dagrun for example_setup_teardown_taskflow to 2023-09-12T19:28:47.819142+00:00, run_after=2023-09-13T19:28:47.819142+00:00
[2023-09-13T19:28:47.832+0000] {processor.py:179} INFO - Processing /home/airflow/.local/lib/python3.8/site-packages/airflow/example_dags/example_setup_teardown_taskflow.py took 0.067 seconds
[2023-09-13T19:29:18.075+0000] {processor.py:157} INFO - Started process (PID=171) to work on /home/airflow/.local/lib/python3.8/site-packages/airflow/example_dags/example_setup_teardown_taskflow.py
[2023-09-13T19:29:18.077+0000] {processor.py:829} INFO - Processing file /home/airflow/.local/lib/python3.8/site-packages/airflow/example_dags/example_setup_teardown_taskflow.py for tasks to queue
[2023-09-13T19:29:18.080+0000] {logging_mixin.py:151} INFO - [2023-09-13T19:29:18.080+0000] {dagbag.py:539} INFO - Filling up the DagBag from /home/airflow/.local/lib/python3.8/site-packages/airflow/example_dags/example_setup_teardown_taskflow.py
[2023-09-13T19:29:18.090+0000] {processor.py:839} INFO - DAG(s) dict_keys(['example_setup_teardown_taskflow']) retrieved from /home/airflow/.local/lib/python3.8/site-packages/airflow/example_dags/example_setup_teardown_taskflow.py
[2023-09-13T19:29:18.113+0000] {logging_mixin.py:151} INFO - [2023-09-13T19:29:18.113+0000] {dag.py:2915} INFO - Sync 1 DAGs
[2023-09-13T19:29:18.132+0000] {logging_mixin.py:151} INFO - [2023-09-13T19:29:18.132+0000] {dag.py:3696} INFO - Setting next_dagrun for example_setup_teardown_taskflow to 2023-09-12T19:29:18.131867+00:00, run_after=2023-09-13T19:29:18.131867+00:00
[2023-09-13T19:29:18.145+0000] {processor.py:179} INFO - Processing /home/airflow/.local/lib/python3.8/site-packages/airflow/example_dags/example_setup_teardown_taskflow.py took 0.075 seconds
[2023-09-13T19:29:48.433+0000] {processor.py:157} INFO - Started process (PID=225) to work on /home/airflow/.local/lib/python3.8/site-packages/airflow/example_dags/example_setup_teardown_taskflow.py
[2023-09-13T19:29:48.435+0000] {processor.py:829} INFO - Processing file /home/airflow/.local/lib/python3.8/site-packages/airflow/example_dags/example_setup_teardown_taskflow.py for tasks to queue
[2023-09-13T19:29:48.437+0000] {logging_mixin.py:151} INFO - [2023-09-13T19:29:48.437+0000] {dagbag.py:539} INFO - Filling up the DagBag from /home/airflow/.local/lib/python3.8/site-packages/airflow/example_dags/example_setup_teardown_taskflow.py
[2023-09-13T19:29:48.446+0000] {processor.py:839} INFO - DAG(s) dict_keys(['example_setup_teardown_taskflow']) retrieved from /home/airflow/.local/lib/python3.8/site-packages/airflow/example_dags/example_setup_teardown_taskflow.py
[2023-09-13T19:29:48.468+0000] {logging_mixin.py:151} INFO - [2023-09-13T19:29:48.468+0000] {dag.py:2915} INFO - Sync 1 DAGs
[2023-09-13T19:29:48.485+0000] {logging_mixin.py:151} INFO - [2023-09-13T19:29:48.485+0000] {dag.py:3696} INFO - Setting next_dagrun for example_setup_teardown_taskflow to 2023-09-12T19:29:48.485314+00:00, run_after=2023-09-13T19:29:48.485314+00:00
[2023-09-13T19:29:48.498+0000] {processor.py:179} INFO - Processing /home/airflow/.local/lib/python3.8/site-packages/airflow/example_dags/example_setup_teardown_taskflow.py took 0.069 seconds
[2023-09-13T19:30:18.542+0000] {processor.py:157} INFO - Started process (PID=279) to work on /home/airflow/.local/lib/python3.8/site-packages/airflow/example_dags/example_setup_teardown_taskflow.py
[2023-09-13T19:30:18.545+0000] {processor.py:829} INFO - Processing file /home/airflow/.local/lib/python3.8/site-packages/airflow/example_dags/example_setup_teardown_taskflow.py for tasks to queue
[2023-09-13T19:30:18.549+0000] {logging_mixin.py:151} INFO - [2023-09-13T19:30:18.549+0000] {dagbag.py:539} INFO - Filling up the DagBag from /home/airflow/.local/lib/python3.8/site-packages/airflow/example_dags/example_setup_teardown_taskflow.py
[2023-09-13T19:30:18.559+0000] {processor.py:839} INFO - DAG(s) dict_keys(['example_setup_teardown_taskflow']) retrieved from /home/airflow/.local/lib/python3.8/site-packages/airflow/example_dags/example_setup_teardown_taskflow.py
[2023-09-13T19:30:18.598+0000] {logging_mixin.py:151} INFO - [2023-09-13T19:30:18.598+0000] {dag.py:2915} INFO - Sync 1 DAGs
[2023-09-13T19:30:18.624+0000] {logging_mixin.py:151} INFO - [2023-09-13T19:30:18.623+0000] {dag.py:3696} INFO - Setting next_dagrun for example_setup_teardown_taskflow to 2023-09-12T19:30:18.623526+00:00, run_after=2023-09-13T19:30:18.623526+00:00
[2023-09-13T19:30:18.644+0000] {processor.py:179} INFO - Processing /home/airflow/.local/lib/python3.8/site-packages/airflow/example_dags/example_setup_teardown_taskflow.py took 0.107 seconds
[2023-09-13T19:31:32.460+0000] {processor.py:157} INFO - Started process (PID=61) to work on /home/airflow/.local/lib/python3.8/site-packages/airflow/example_dags/example_setup_teardown_taskflow.py
[2023-09-13T19:31:32.462+0000] {processor.py:829} INFO - Processing file /home/airflow/.local/lib/python3.8/site-packages/airflow/example_dags/example_setup_teardown_taskflow.py for tasks to queue
[2023-09-13T19:31:32.465+0000] {logging_mixin.py:151} INFO - [2023-09-13T19:31:32.465+0000] {dagbag.py:539} INFO - Filling up the DagBag from /home/airflow/.local/lib/python3.8/site-packages/airflow/example_dags/example_setup_teardown_taskflow.py
[2023-09-13T19:31:32.483+0000] {processor.py:839} INFO - DAG(s) dict_keys(['example_setup_teardown_taskflow']) retrieved from /home/airflow/.local/lib/python3.8/site-packages/airflow/example_dags/example_setup_teardown_taskflow.py
[2023-09-13T19:31:32.528+0000] {logging_mixin.py:151} INFO - [2023-09-13T19:31:32.528+0000] {dag.py:2915} INFO - Sync 1 DAGs
[2023-09-13T19:31:32.595+0000] {logging_mixin.py:151} INFO - [2023-09-13T19:31:32.594+0000] {dag.py:3696} INFO - Setting next_dagrun for example_setup_teardown_taskflow to 2023-09-12T19:31:32.593447+00:00, run_after=2023-09-13T19:31:32.593447+00:00
[2023-09-13T19:31:32.645+0000] {processor.py:179} INFO - Processing /home/airflow/.local/lib/python3.8/site-packages/airflow/example_dags/example_setup_teardown_taskflow.py took 0.191 seconds
[2023-09-13T19:32:03.086+0000] {processor.py:157} INFO - Started process (PID=116) to work on /home/airflow/.local/lib/python3.8/site-packages/airflow/example_dags/example_setup_teardown_taskflow.py
[2023-09-13T19:32:03.087+0000] {processor.py:829} INFO - Processing file /home/airflow/.local/lib/python3.8/site-packages/airflow/example_dags/example_setup_teardown_taskflow.py for tasks to queue
[2023-09-13T19:32:03.090+0000] {logging_mixin.py:151} INFO - [2023-09-13T19:32:03.089+0000] {dagbag.py:539} INFO - Filling up the DagBag from /home/airflow/.local/lib/python3.8/site-packages/airflow/example_dags/example_setup_teardown_taskflow.py
[2023-09-13T19:32:03.106+0000] {processor.py:839} INFO - DAG(s) dict_keys(['example_setup_teardown_taskflow']) retrieved from /home/airflow/.local/lib/python3.8/site-packages/airflow/example_dags/example_setup_teardown_taskflow.py
[2023-09-13T19:32:03.186+0000] {logging_mixin.py:151} INFO - [2023-09-13T19:32:03.185+0000] {dag.py:2915} INFO - Sync 1 DAGs
[2023-09-13T19:32:03.209+0000] {logging_mixin.py:151} INFO - [2023-09-13T19:32:03.209+0000] {dag.py:3696} INFO - Setting next_dagrun for example_setup_teardown_taskflow to 2023-09-12T19:32:03.209431+00:00, run_after=2023-09-13T19:32:03.209431+00:00
[2023-09-13T19:32:03.225+0000] {processor.py:179} INFO - Processing /home/airflow/.local/lib/python3.8/site-packages/airflow/example_dags/example_setup_teardown_taskflow.py took 0.143 seconds
[2023-09-13T19:32:33.283+0000] {processor.py:157} INFO - Started process (PID=170) to work on /home/airflow/.local/lib/python3.8/site-packages/airflow/example_dags/example_setup_teardown_taskflow.py
[2023-09-13T19:32:33.285+0000] {processor.py:829} INFO - Processing file /home/airflow/.local/lib/python3.8/site-packages/airflow/example_dags/example_setup_teardown_taskflow.py for tasks to queue
[2023-09-13T19:32:33.287+0000] {logging_mixin.py:151} INFO - [2023-09-13T19:32:33.287+0000] {dagbag.py:539} INFO - Filling up the DagBag from /home/airflow/.local/lib/python3.8/site-packages/airflow/example_dags/example_setup_teardown_taskflow.py
[2023-09-13T19:32:33.295+0000] {processor.py:839} INFO - DAG(s) dict_keys(['example_setup_teardown_taskflow']) retrieved from /home/airflow/.local/lib/python3.8/site-packages/airflow/example_dags/example_setup_teardown_taskflow.py
[2023-09-13T19:32:33.316+0000] {logging_mixin.py:151} INFO - [2023-09-13T19:32:33.316+0000] {dag.py:2915} INFO - Sync 1 DAGs
[2023-09-13T19:32:33.333+0000] {logging_mixin.py:151} INFO - [2023-09-13T19:32:33.333+0000] {dag.py:3696} INFO - Setting next_dagrun for example_setup_teardown_taskflow to 2023-09-12T19:32:33.332978+00:00, run_after=2023-09-13T19:32:33.332978+00:00
[2023-09-13T19:32:33.345+0000] {processor.py:179} INFO - Processing /home/airflow/.local/lib/python3.8/site-packages/airflow/example_dags/example_setup_teardown_taskflow.py took 0.065 seconds
[2023-09-13T19:33:04.261+0000] {processor.py:157} INFO - Started process (PID=225) to work on /home/airflow/.local/lib/python3.8/site-packages/airflow/example_dags/example_setup_teardown_taskflow.py
[2023-09-13T19:33:04.263+0000] {processor.py:829} INFO - Processing file /home/airflow/.local/lib/python3.8/site-packages/airflow/example_dags/example_setup_teardown_taskflow.py for tasks to queue
[2023-09-13T19:33:04.265+0000] {logging_mixin.py:151} INFO - [2023-09-13T19:33:04.265+0000] {dagbag.py:539} INFO - Filling up the DagBag from /home/airflow/.local/lib/python3.8/site-packages/airflow/example_dags/example_setup_teardown_taskflow.py
[2023-09-13T19:33:04.273+0000] {processor.py:839} INFO - DAG(s) dict_keys(['example_setup_teardown_taskflow']) retrieved from /home/airflow/.local/lib/python3.8/site-packages/airflow/example_dags/example_setup_teardown_taskflow.py
[2023-09-13T19:33:04.296+0000] {logging_mixin.py:151} INFO - [2023-09-13T19:33:04.296+0000] {dag.py:2915} INFO - Sync 1 DAGs
[2023-09-13T19:33:04.313+0000] {logging_mixin.py:151} INFO - [2023-09-13T19:33:04.313+0000] {dag.py:3696} INFO - Setting next_dagrun for example_setup_teardown_taskflow to 2023-09-12T19:33:04.312868+00:00, run_after=2023-09-13T19:33:04.312868+00:00
[2023-09-13T19:33:04.325+0000] {processor.py:179} INFO - Processing /home/airflow/.local/lib/python3.8/site-packages/airflow/example_dags/example_setup_teardown_taskflow.py took 0.067 seconds
[2023-09-13T19:33:35.252+0000] {processor.py:157} INFO - Started process (PID=280) to work on /home/airflow/.local/lib/python3.8/site-packages/airflow/example_dags/example_setup_teardown_taskflow.py
[2023-09-13T19:33:35.253+0000] {processor.py:829} INFO - Processing file /home/airflow/.local/lib/python3.8/site-packages/airflow/example_dags/example_setup_teardown_taskflow.py for tasks to queue
[2023-09-13T19:33:35.256+0000] {logging_mixin.py:151} INFO - [2023-09-13T19:33:35.255+0000] {dagbag.py:539} INFO - Filling up the DagBag from /home/airflow/.local/lib/python3.8/site-packages/airflow/example_dags/example_setup_teardown_taskflow.py
[2023-09-13T19:33:35.265+0000] {processor.py:839} INFO - DAG(s) dict_keys(['example_setup_teardown_taskflow']) retrieved from /home/airflow/.local/lib/python3.8/site-packages/airflow/example_dags/example_setup_teardown_taskflow.py
[2023-09-13T19:33:35.289+0000] {logging_mixin.py:151} INFO - [2023-09-13T19:33:35.289+0000] {dag.py:2915} INFO - Sync 1 DAGs
[2023-09-13T19:33:35.307+0000] {logging_mixin.py:151} INFO - [2023-09-13T19:33:35.307+0000] {dag.py:3696} INFO - Setting next_dagrun for example_setup_teardown_taskflow to 2023-09-12T19:33:35.307454+00:00, run_after=2023-09-13T19:33:35.307454+00:00
[2023-09-13T19:33:35.320+0000] {processor.py:179} INFO - Processing /home/airflow/.local/lib/python3.8/site-packages/airflow/example_dags/example_setup_teardown_taskflow.py took 0.072 seconds
[2023-09-13T19:34:06.058+0000] {processor.py:157} INFO - Started process (PID=335) to work on /home/airflow/.local/lib/python3.8/site-packages/airflow/example_dags/example_setup_teardown_taskflow.py
[2023-09-13T19:34:06.059+0000] {processor.py:829} INFO - Processing file /home/airflow/.local/lib/python3.8/site-packages/airflow/example_dags/example_setup_teardown_taskflow.py for tasks to queue
[2023-09-13T19:34:06.062+0000] {logging_mixin.py:151} INFO - [2023-09-13T19:34:06.062+0000] {dagbag.py:539} INFO - Filling up the DagBag from /home/airflow/.local/lib/python3.8/site-packages/airflow/example_dags/example_setup_teardown_taskflow.py
[2023-09-13T19:34:06.070+0000] {processor.py:839} INFO - DAG(s) dict_keys(['example_setup_teardown_taskflow']) retrieved from /home/airflow/.local/lib/python3.8/site-packages/airflow/example_dags/example_setup_teardown_taskflow.py
[2023-09-13T19:34:06.091+0000] {logging_mixin.py:151} INFO - [2023-09-13T19:34:06.091+0000] {dag.py:2915} INFO - Sync 1 DAGs
[2023-09-13T19:34:06.107+0000] {logging_mixin.py:151} INFO - [2023-09-13T19:34:06.107+0000] {dag.py:3696} INFO - Setting next_dagrun for example_setup_teardown_taskflow to 2023-09-12T19:34:06.107548+00:00, run_after=2023-09-13T19:34:06.107548+00:00
[2023-09-13T19:34:06.119+0000] {processor.py:179} INFO - Processing /home/airflow/.local/lib/python3.8/site-packages/airflow/example_dags/example_setup_teardown_taskflow.py took 0.064 seconds
