[2023-09-13T19:15:53.385+0000] {processor.py:157} INFO - Started process (PID=61) to work on /home/airflow/.local/lib/python3.8/site-packages/airflow/example_dags/example_branch_labels.py
[2023-09-13T19:15:53.387+0000] {processor.py:829} INFO - Processing file /home/airflow/.local/lib/python3.8/site-packages/airflow/example_dags/example_branch_labels.py for tasks to queue
[2023-09-13T19:15:53.390+0000] {logging_mixin.py:151} INFO - [2023-09-13T19:15:53.389+0000] {dagbag.py:539} INFO - Filling up the DagBag from /home/airflow/.local/lib/python3.8/site-packages/airflow/example_dags/example_branch_labels.py
[2023-09-13T19:15:53.399+0000] {processor.py:839} INFO - DAG(s) dict_keys(['example_branch_labels']) retrieved from /home/airflow/.local/lib/python3.8/site-packages/airflow/example_dags/example_branch_labels.py
[2023-09-13T19:15:53.486+0000] {logging_mixin.py:151} INFO - [2023-09-13T19:15:53.486+0000] {manager.py:499} INFO - Created Permission View: %s
[2023-09-13T19:15:53.493+0000] {logging_mixin.py:151} INFO - [2023-09-13T19:15:53.493+0000] {manager.py:499} INFO - Created Permission View: %s
[2023-09-13T19:15:53.498+0000] {logging_mixin.py:151} INFO - [2023-09-13T19:15:53.498+0000] {manager.py:499} INFO - Created Permission View: %s
[2023-09-13T19:15:53.498+0000] {logging_mixin.py:151} INFO - [2023-09-13T19:15:53.498+0000] {security.py:708} INFO - Not syncing DAG-level permissions for DAG 'DAG:example_branch_labels' as access control is unset.
[2023-09-13T19:15:53.499+0000] {logging_mixin.py:151} INFO - [2023-09-13T19:15:53.499+0000] {dag.py:2915} INFO - Sync 1 DAGs
[2023-09-13T19:15:53.508+0000] {logging_mixin.py:151} INFO - [2023-09-13T19:15:53.508+0000] {dag.py:2937} INFO - Creating ORM DAG for example_branch_labels
[2023-09-13T19:15:53.518+0000] {logging_mixin.py:151} INFO - [2023-09-13T19:15:53.518+0000] {dag.py:3696} INFO - Setting next_dagrun for example_branch_labels to 2023-09-12T00:00:00+00:00, run_after=2023-09-13T00:00:00+00:00
[2023-09-13T19:15:53.530+0000] {processor.py:179} INFO - Processing /home/airflow/.local/lib/python3.8/site-packages/airflow/example_dags/example_branch_labels.py took 0.149 seconds
[2023-09-13T19:16:23.987+0000] {processor.py:157} INFO - Started process (PID=115) to work on /home/airflow/.local/lib/python3.8/site-packages/airflow/example_dags/example_branch_labels.py
[2023-09-13T19:16:23.988+0000] {processor.py:829} INFO - Processing file /home/airflow/.local/lib/python3.8/site-packages/airflow/example_dags/example_branch_labels.py for tasks to queue
[2023-09-13T19:16:23.991+0000] {logging_mixin.py:151} INFO - [2023-09-13T19:16:23.990+0000] {dagbag.py:539} INFO - Filling up the DagBag from /home/airflow/.local/lib/python3.8/site-packages/airflow/example_dags/example_branch_labels.py
[2023-09-13T19:16:23.998+0000] {processor.py:839} INFO - DAG(s) dict_keys(['example_branch_labels']) retrieved from /home/airflow/.local/lib/python3.8/site-packages/airflow/example_dags/example_branch_labels.py
[2023-09-13T19:16:24.020+0000] {logging_mixin.py:151} INFO - [2023-09-13T19:16:24.020+0000] {dag.py:2915} INFO - Sync 1 DAGs
[2023-09-13T19:16:24.038+0000] {logging_mixin.py:151} INFO - [2023-09-13T19:16:24.038+0000] {dag.py:3696} INFO - Setting next_dagrun for example_branch_labels to 2023-09-12T00:00:00+00:00, run_after=2023-09-13T00:00:00+00:00
[2023-09-13T19:16:24.051+0000] {processor.py:179} INFO - Processing /home/airflow/.local/lib/python3.8/site-packages/airflow/example_dags/example_branch_labels.py took 0.068 seconds
[2023-09-13T19:16:54.357+0000] {processor.py:157} INFO - Started process (PID=168) to work on /home/airflow/.local/lib/python3.8/site-packages/airflow/example_dags/example_branch_labels.py
[2023-09-13T19:16:54.358+0000] {processor.py:829} INFO - Processing file /home/airflow/.local/lib/python3.8/site-packages/airflow/example_dags/example_branch_labels.py for tasks to queue
[2023-09-13T19:16:54.360+0000] {logging_mixin.py:151} INFO - [2023-09-13T19:16:54.360+0000] {dagbag.py:539} INFO - Filling up the DagBag from /home/airflow/.local/lib/python3.8/site-packages/airflow/example_dags/example_branch_labels.py
[2023-09-13T19:16:54.368+0000] {processor.py:839} INFO - DAG(s) dict_keys(['example_branch_labels']) retrieved from /home/airflow/.local/lib/python3.8/site-packages/airflow/example_dags/example_branch_labels.py
[2023-09-13T19:16:54.389+0000] {logging_mixin.py:151} INFO - [2023-09-13T19:16:54.388+0000] {dag.py:2915} INFO - Sync 1 DAGs
[2023-09-13T19:16:54.405+0000] {logging_mixin.py:151} INFO - [2023-09-13T19:16:54.405+0000] {dag.py:3696} INFO - Setting next_dagrun for example_branch_labels to 2023-09-12T00:00:00+00:00, run_after=2023-09-13T00:00:00+00:00
[2023-09-13T19:16:54.417+0000] {processor.py:179} INFO - Processing /home/airflow/.local/lib/python3.8/site-packages/airflow/example_dags/example_branch_labels.py took 0.064 seconds
[2023-09-13T19:17:24.666+0000] {processor.py:157} INFO - Started process (PID=222) to work on /home/airflow/.local/lib/python3.8/site-packages/airflow/example_dags/example_branch_labels.py
[2023-09-13T19:17:24.667+0000] {processor.py:829} INFO - Processing file /home/airflow/.local/lib/python3.8/site-packages/airflow/example_dags/example_branch_labels.py for tasks to queue
[2023-09-13T19:17:24.670+0000] {logging_mixin.py:151} INFO - [2023-09-13T19:17:24.669+0000] {dagbag.py:539} INFO - Filling up the DagBag from /home/airflow/.local/lib/python3.8/site-packages/airflow/example_dags/example_branch_labels.py
[2023-09-13T19:17:24.677+0000] {processor.py:839} INFO - DAG(s) dict_keys(['example_branch_labels']) retrieved from /home/airflow/.local/lib/python3.8/site-packages/airflow/example_dags/example_branch_labels.py
[2023-09-13T19:17:24.699+0000] {logging_mixin.py:151} INFO - [2023-09-13T19:17:24.699+0000] {dag.py:2915} INFO - Sync 1 DAGs
[2023-09-13T19:17:24.718+0000] {logging_mixin.py:151} INFO - [2023-09-13T19:17:24.717+0000] {dag.py:3696} INFO - Setting next_dagrun for example_branch_labels to 2023-09-12T00:00:00+00:00, run_after=2023-09-13T00:00:00+00:00
[2023-09-13T19:17:24.729+0000] {processor.py:179} INFO - Processing /home/airflow/.local/lib/python3.8/site-packages/airflow/example_dags/example_branch_labels.py took 0.067 seconds
[2023-09-13T19:17:54.874+0000] {processor.py:157} INFO - Started process (PID=276) to work on /home/airflow/.local/lib/python3.8/site-packages/airflow/example_dags/example_branch_labels.py
[2023-09-13T19:17:54.876+0000] {processor.py:829} INFO - Processing file /home/airflow/.local/lib/python3.8/site-packages/airflow/example_dags/example_branch_labels.py for tasks to queue
[2023-09-13T19:17:54.878+0000] {logging_mixin.py:151} INFO - [2023-09-13T19:17:54.878+0000] {dagbag.py:539} INFO - Filling up the DagBag from /home/airflow/.local/lib/python3.8/site-packages/airflow/example_dags/example_branch_labels.py
[2023-09-13T19:17:54.885+0000] {processor.py:839} INFO - DAG(s) dict_keys(['example_branch_labels']) retrieved from /home/airflow/.local/lib/python3.8/site-packages/airflow/example_dags/example_branch_labels.py
[2023-09-13T19:17:54.906+0000] {logging_mixin.py:151} INFO - [2023-09-13T19:17:54.906+0000] {dag.py:2915} INFO - Sync 1 DAGs
[2023-09-13T19:17:54.923+0000] {logging_mixin.py:151} INFO - [2023-09-13T19:17:54.923+0000] {dag.py:3696} INFO - Setting next_dagrun for example_branch_labels to 2023-09-12T00:00:00+00:00, run_after=2023-09-13T00:00:00+00:00
[2023-09-13T19:17:54.935+0000] {processor.py:179} INFO - Processing /home/airflow/.local/lib/python3.8/site-packages/airflow/example_dags/example_branch_labels.py took 0.064 seconds
[2023-09-13T19:18:25.035+0000] {processor.py:157} INFO - Started process (PID=329) to work on /home/airflow/.local/lib/python3.8/site-packages/airflow/example_dags/example_branch_labels.py
[2023-09-13T19:18:25.036+0000] {processor.py:829} INFO - Processing file /home/airflow/.local/lib/python3.8/site-packages/airflow/example_dags/example_branch_labels.py for tasks to queue
[2023-09-13T19:18:25.039+0000] {logging_mixin.py:151} INFO - [2023-09-13T19:18:25.038+0000] {dagbag.py:539} INFO - Filling up the DagBag from /home/airflow/.local/lib/python3.8/site-packages/airflow/example_dags/example_branch_labels.py
[2023-09-13T19:18:25.046+0000] {processor.py:839} INFO - DAG(s) dict_keys(['example_branch_labels']) retrieved from /home/airflow/.local/lib/python3.8/site-packages/airflow/example_dags/example_branch_labels.py
[2023-09-13T19:18:25.068+0000] {logging_mixin.py:151} INFO - [2023-09-13T19:18:25.068+0000] {dag.py:2915} INFO - Sync 1 DAGs
[2023-09-13T19:18:25.085+0000] {logging_mixin.py:151} INFO - [2023-09-13T19:18:25.085+0000] {dag.py:3696} INFO - Setting next_dagrun for example_branch_labels to 2023-09-12T00:00:00+00:00, run_after=2023-09-13T00:00:00+00:00
[2023-09-13T19:18:25.097+0000] {processor.py:179} INFO - Processing /home/airflow/.local/lib/python3.8/site-packages/airflow/example_dags/example_branch_labels.py took 0.065 seconds
[2023-09-13T19:18:55.354+0000] {processor.py:157} INFO - Started process (PID=383) to work on /home/airflow/.local/lib/python3.8/site-packages/airflow/example_dags/example_branch_labels.py
[2023-09-13T19:18:55.356+0000] {processor.py:829} INFO - Processing file /home/airflow/.local/lib/python3.8/site-packages/airflow/example_dags/example_branch_labels.py for tasks to queue
[2023-09-13T19:18:55.358+0000] {logging_mixin.py:151} INFO - [2023-09-13T19:18:55.358+0000] {dagbag.py:539} INFO - Filling up the DagBag from /home/airflow/.local/lib/python3.8/site-packages/airflow/example_dags/example_branch_labels.py
[2023-09-13T19:18:55.366+0000] {processor.py:839} INFO - DAG(s) dict_keys(['example_branch_labels']) retrieved from /home/airflow/.local/lib/python3.8/site-packages/airflow/example_dags/example_branch_labels.py
[2023-09-13T19:18:55.386+0000] {logging_mixin.py:151} INFO - [2023-09-13T19:18:55.386+0000] {dag.py:2915} INFO - Sync 1 DAGs
[2023-09-13T19:18:55.404+0000] {logging_mixin.py:151} INFO - [2023-09-13T19:18:55.404+0000] {dag.py:3696} INFO - Setting next_dagrun for example_branch_labels to 2023-09-12T00:00:00+00:00, run_after=2023-09-13T00:00:00+00:00
[2023-09-13T19:18:55.419+0000] {processor.py:179} INFO - Processing /home/airflow/.local/lib/python3.8/site-packages/airflow/example_dags/example_branch_labels.py took 0.068 seconds
[2023-09-13T19:19:25.684+0000] {processor.py:157} INFO - Started process (PID=438) to work on /home/airflow/.local/lib/python3.8/site-packages/airflow/example_dags/example_branch_labels.py
[2023-09-13T19:19:25.686+0000] {processor.py:829} INFO - Processing file /home/airflow/.local/lib/python3.8/site-packages/airflow/example_dags/example_branch_labels.py for tasks to queue
[2023-09-13T19:19:25.689+0000] {logging_mixin.py:151} INFO - [2023-09-13T19:19:25.689+0000] {dagbag.py:539} INFO - Filling up the DagBag from /home/airflow/.local/lib/python3.8/site-packages/airflow/example_dags/example_branch_labels.py
[2023-09-13T19:19:25.697+0000] {processor.py:839} INFO - DAG(s) dict_keys(['example_branch_labels']) retrieved from /home/airflow/.local/lib/python3.8/site-packages/airflow/example_dags/example_branch_labels.py
[2023-09-13T19:19:25.719+0000] {logging_mixin.py:151} INFO - [2023-09-13T19:19:25.718+0000] {dag.py:2915} INFO - Sync 1 DAGs
[2023-09-13T19:19:25.737+0000] {logging_mixin.py:151} INFO - [2023-09-13T19:19:25.736+0000] {dag.py:3696} INFO - Setting next_dagrun for example_branch_labels to 2023-09-12T00:00:00+00:00, run_after=2023-09-13T00:00:00+00:00
[2023-09-13T19:19:25.750+0000] {processor.py:179} INFO - Processing /home/airflow/.local/lib/python3.8/site-packages/airflow/example_dags/example_branch_labels.py took 0.069 seconds
[2023-09-13T19:19:55.950+0000] {processor.py:157} INFO - Started process (PID=492) to work on /home/airflow/.local/lib/python3.8/site-packages/airflow/example_dags/example_branch_labels.py
[2023-09-13T19:19:55.952+0000] {processor.py:829} INFO - Processing file /home/airflow/.local/lib/python3.8/site-packages/airflow/example_dags/example_branch_labels.py for tasks to queue
[2023-09-13T19:19:55.955+0000] {logging_mixin.py:151} INFO - [2023-09-13T19:19:55.955+0000] {dagbag.py:539} INFO - Filling up the DagBag from /home/airflow/.local/lib/python3.8/site-packages/airflow/example_dags/example_branch_labels.py
[2023-09-13T19:19:55.964+0000] {processor.py:839} INFO - DAG(s) dict_keys(['example_branch_labels']) retrieved from /home/airflow/.local/lib/python3.8/site-packages/airflow/example_dags/example_branch_labels.py
[2023-09-13T19:19:55.986+0000] {logging_mixin.py:151} INFO - [2023-09-13T19:19:55.986+0000] {dag.py:2915} INFO - Sync 1 DAGs
[2023-09-13T19:19:56.005+0000] {logging_mixin.py:151} INFO - [2023-09-13T19:19:56.005+0000] {dag.py:3696} INFO - Setting next_dagrun for example_branch_labels to 2023-09-12T00:00:00+00:00, run_after=2023-09-13T00:00:00+00:00
[2023-09-13T19:19:56.017+0000] {processor.py:179} INFO - Processing /home/airflow/.local/lib/python3.8/site-packages/airflow/example_dags/example_branch_labels.py took 0.071 seconds
[2023-09-13T19:20:26.333+0000] {processor.py:157} INFO - Started process (PID=545) to work on /home/airflow/.local/lib/python3.8/site-packages/airflow/example_dags/example_branch_labels.py
[2023-09-13T19:20:26.334+0000] {processor.py:829} INFO - Processing file /home/airflow/.local/lib/python3.8/site-packages/airflow/example_dags/example_branch_labels.py for tasks to queue
[2023-09-13T19:20:26.337+0000] {logging_mixin.py:151} INFO - [2023-09-13T19:20:26.337+0000] {dagbag.py:539} INFO - Filling up the DagBag from /home/airflow/.local/lib/python3.8/site-packages/airflow/example_dags/example_branch_labels.py
[2023-09-13T19:20:26.344+0000] {processor.py:839} INFO - DAG(s) dict_keys(['example_branch_labels']) retrieved from /home/airflow/.local/lib/python3.8/site-packages/airflow/example_dags/example_branch_labels.py
[2023-09-13T19:20:26.364+0000] {logging_mixin.py:151} INFO - [2023-09-13T19:20:26.364+0000] {dag.py:2915} INFO - Sync 1 DAGs
[2023-09-13T19:20:26.381+0000] {logging_mixin.py:151} INFO - [2023-09-13T19:20:26.381+0000] {dag.py:3696} INFO - Setting next_dagrun for example_branch_labels to 2023-09-12T00:00:00+00:00, run_after=2023-09-13T00:00:00+00:00
[2023-09-13T19:20:26.393+0000] {processor.py:179} INFO - Processing /home/airflow/.local/lib/python3.8/site-packages/airflow/example_dags/example_branch_labels.py took 0.063 seconds
[2023-09-13T19:20:57.115+0000] {processor.py:157} INFO - Started process (PID=599) to work on /home/airflow/.local/lib/python3.8/site-packages/airflow/example_dags/example_branch_labels.py
[2023-09-13T19:20:57.117+0000] {processor.py:829} INFO - Processing file /home/airflow/.local/lib/python3.8/site-packages/airflow/example_dags/example_branch_labels.py for tasks to queue
[2023-09-13T19:20:57.120+0000] {logging_mixin.py:151} INFO - [2023-09-13T19:20:57.120+0000] {dagbag.py:539} INFO - Filling up the DagBag from /home/airflow/.local/lib/python3.8/site-packages/airflow/example_dags/example_branch_labels.py
[2023-09-13T19:20:57.130+0000] {processor.py:839} INFO - DAG(s) dict_keys(['example_branch_labels']) retrieved from /home/airflow/.local/lib/python3.8/site-packages/airflow/example_dags/example_branch_labels.py
[2023-09-13T19:20:57.151+0000] {logging_mixin.py:151} INFO - [2023-09-13T19:20:57.151+0000] {dag.py:2915} INFO - Sync 1 DAGs
[2023-09-13T19:20:57.168+0000] {logging_mixin.py:151} INFO - [2023-09-13T19:20:57.168+0000] {dag.py:3696} INFO - Setting next_dagrun for example_branch_labels to 2023-09-12T00:00:00+00:00, run_after=2023-09-13T00:00:00+00:00
[2023-09-13T19:20:57.180+0000] {processor.py:179} INFO - Processing /home/airflow/.local/lib/python3.8/site-packages/airflow/example_dags/example_branch_labels.py took 0.068 seconds
[2023-09-13T19:21:27.868+0000] {processor.py:157} INFO - Started process (PID=653) to work on /home/airflow/.local/lib/python3.8/site-packages/airflow/example_dags/example_branch_labels.py
[2023-09-13T19:21:27.870+0000] {processor.py:829} INFO - Processing file /home/airflow/.local/lib/python3.8/site-packages/airflow/example_dags/example_branch_labels.py for tasks to queue
[2023-09-13T19:21:27.873+0000] {logging_mixin.py:151} INFO - [2023-09-13T19:21:27.872+0000] {dagbag.py:539} INFO - Filling up the DagBag from /home/airflow/.local/lib/python3.8/site-packages/airflow/example_dags/example_branch_labels.py
[2023-09-13T19:21:27.880+0000] {processor.py:839} INFO - DAG(s) dict_keys(['example_branch_labels']) retrieved from /home/airflow/.local/lib/python3.8/site-packages/airflow/example_dags/example_branch_labels.py
[2023-09-13T19:21:27.901+0000] {logging_mixin.py:151} INFO - [2023-09-13T19:21:27.901+0000] {dag.py:2915} INFO - Sync 1 DAGs
[2023-09-13T19:21:27.919+0000] {logging_mixin.py:151} INFO - [2023-09-13T19:21:27.919+0000] {dag.py:3696} INFO - Setting next_dagrun for example_branch_labels to 2023-09-12T00:00:00+00:00, run_after=2023-09-13T00:00:00+00:00
[2023-09-13T19:21:27.933+0000] {processor.py:179} INFO - Processing /home/airflow/.local/lib/python3.8/site-packages/airflow/example_dags/example_branch_labels.py took 0.068 seconds
[2023-09-13T19:21:58.489+0000] {processor.py:157} INFO - Started process (PID=707) to work on /home/airflow/.local/lib/python3.8/site-packages/airflow/example_dags/example_branch_labels.py
[2023-09-13T19:21:58.490+0000] {processor.py:829} INFO - Processing file /home/airflow/.local/lib/python3.8/site-packages/airflow/example_dags/example_branch_labels.py for tasks to queue
[2023-09-13T19:21:58.493+0000] {logging_mixin.py:151} INFO - [2023-09-13T19:21:58.492+0000] {dagbag.py:539} INFO - Filling up the DagBag from /home/airflow/.local/lib/python3.8/site-packages/airflow/example_dags/example_branch_labels.py
[2023-09-13T19:21:58.500+0000] {processor.py:839} INFO - DAG(s) dict_keys(['example_branch_labels']) retrieved from /home/airflow/.local/lib/python3.8/site-packages/airflow/example_dags/example_branch_labels.py
[2023-09-13T19:21:58.521+0000] {logging_mixin.py:151} INFO - [2023-09-13T19:21:58.521+0000] {dag.py:2915} INFO - Sync 1 DAGs
[2023-09-13T19:21:58.538+0000] {logging_mixin.py:151} INFO - [2023-09-13T19:21:58.538+0000] {dag.py:3696} INFO - Setting next_dagrun for example_branch_labels to 2023-09-12T00:00:00+00:00, run_after=2023-09-13T00:00:00+00:00
[2023-09-13T19:21:58.550+0000] {processor.py:179} INFO - Processing /home/airflow/.local/lib/python3.8/site-packages/airflow/example_dags/example_branch_labels.py took 0.065 seconds
[2023-09-13T19:22:29.337+0000] {processor.py:157} INFO - Started process (PID=761) to work on /home/airflow/.local/lib/python3.8/site-packages/airflow/example_dags/example_branch_labels.py
[2023-09-13T19:22:29.339+0000] {processor.py:829} INFO - Processing file /home/airflow/.local/lib/python3.8/site-packages/airflow/example_dags/example_branch_labels.py for tasks to queue
[2023-09-13T19:22:29.342+0000] {logging_mixin.py:151} INFO - [2023-09-13T19:22:29.342+0000] {dagbag.py:539} INFO - Filling up the DagBag from /home/airflow/.local/lib/python3.8/site-packages/airflow/example_dags/example_branch_labels.py
[2023-09-13T19:22:29.349+0000] {processor.py:839} INFO - DAG(s) dict_keys(['example_branch_labels']) retrieved from /home/airflow/.local/lib/python3.8/site-packages/airflow/example_dags/example_branch_labels.py
[2023-09-13T19:22:29.370+0000] {logging_mixin.py:151} INFO - [2023-09-13T19:22:29.369+0000] {dag.py:2915} INFO - Sync 1 DAGs
[2023-09-13T19:22:29.387+0000] {logging_mixin.py:151} INFO - [2023-09-13T19:22:29.387+0000] {dag.py:3696} INFO - Setting next_dagrun for example_branch_labels to 2023-09-12T00:00:00+00:00, run_after=2023-09-13T00:00:00+00:00
[2023-09-13T19:22:29.399+0000] {processor.py:179} INFO - Processing /home/airflow/.local/lib/python3.8/site-packages/airflow/example_dags/example_branch_labels.py took 0.065 seconds
[2023-09-13T19:22:59.641+0000] {processor.py:157} INFO - Started process (PID=815) to work on /home/airflow/.local/lib/python3.8/site-packages/airflow/example_dags/example_branch_labels.py
[2023-09-13T19:22:59.642+0000] {processor.py:829} INFO - Processing file /home/airflow/.local/lib/python3.8/site-packages/airflow/example_dags/example_branch_labels.py for tasks to queue
[2023-09-13T19:22:59.645+0000] {logging_mixin.py:151} INFO - [2023-09-13T19:22:59.645+0000] {dagbag.py:539} INFO - Filling up the DagBag from /home/airflow/.local/lib/python3.8/site-packages/airflow/example_dags/example_branch_labels.py
[2023-09-13T19:22:59.652+0000] {processor.py:839} INFO - DAG(s) dict_keys(['example_branch_labels']) retrieved from /home/airflow/.local/lib/python3.8/site-packages/airflow/example_dags/example_branch_labels.py
[2023-09-13T19:22:59.673+0000] {logging_mixin.py:151} INFO - [2023-09-13T19:22:59.673+0000] {dag.py:2915} INFO - Sync 1 DAGs
[2023-09-13T19:22:59.690+0000] {logging_mixin.py:151} INFO - [2023-09-13T19:22:59.690+0000] {dag.py:3696} INFO - Setting next_dagrun for example_branch_labels to 2023-09-12T00:00:00+00:00, run_after=2023-09-13T00:00:00+00:00
[2023-09-13T19:22:59.706+0000] {processor.py:179} INFO - Processing /home/airflow/.local/lib/python3.8/site-packages/airflow/example_dags/example_branch_labels.py took 0.069 seconds
[2023-09-13T19:23:29.984+0000] {processor.py:157} INFO - Started process (PID=876) to work on /home/airflow/.local/lib/python3.8/site-packages/airflow/example_dags/example_branch_labels.py
[2023-09-13T19:23:29.986+0000] {processor.py:829} INFO - Processing file /home/airflow/.local/lib/python3.8/site-packages/airflow/example_dags/example_branch_labels.py for tasks to queue
[2023-09-13T19:23:29.988+0000] {logging_mixin.py:151} INFO - [2023-09-13T19:23:29.988+0000] {dagbag.py:539} INFO - Filling up the DagBag from /home/airflow/.local/lib/python3.8/site-packages/airflow/example_dags/example_branch_labels.py
[2023-09-13T19:23:29.995+0000] {processor.py:839} INFO - DAG(s) dict_keys(['example_branch_labels']) retrieved from /home/airflow/.local/lib/python3.8/site-packages/airflow/example_dags/example_branch_labels.py
[2023-09-13T19:23:30.016+0000] {logging_mixin.py:151} INFO - [2023-09-13T19:23:30.016+0000] {dag.py:2915} INFO - Sync 1 DAGs
[2023-09-13T19:23:30.033+0000] {logging_mixin.py:151} INFO - [2023-09-13T19:23:30.033+0000] {dag.py:3696} INFO - Setting next_dagrun for example_branch_labels to 2023-09-12T00:00:00+00:00, run_after=2023-09-13T00:00:00+00:00
[2023-09-13T19:23:30.045+0000] {processor.py:179} INFO - Processing /home/airflow/.local/lib/python3.8/site-packages/airflow/example_dags/example_branch_labels.py took 0.065 seconds
[2023-09-13T19:24:00.196+0000] {processor.py:157} INFO - Started process (PID=930) to work on /home/airflow/.local/lib/python3.8/site-packages/airflow/example_dags/example_branch_labels.py
[2023-09-13T19:24:00.198+0000] {processor.py:829} INFO - Processing file /home/airflow/.local/lib/python3.8/site-packages/airflow/example_dags/example_branch_labels.py for tasks to queue
[2023-09-13T19:24:00.200+0000] {logging_mixin.py:151} INFO - [2023-09-13T19:24:00.200+0000] {dagbag.py:539} INFO - Filling up the DagBag from /home/airflow/.local/lib/python3.8/site-packages/airflow/example_dags/example_branch_labels.py
[2023-09-13T19:24:00.207+0000] {processor.py:839} INFO - DAG(s) dict_keys(['example_branch_labels']) retrieved from /home/airflow/.local/lib/python3.8/site-packages/airflow/example_dags/example_branch_labels.py
[2023-09-13T19:24:00.228+0000] {logging_mixin.py:151} INFO - [2023-09-13T19:24:00.228+0000] {dag.py:2915} INFO - Sync 1 DAGs
[2023-09-13T19:24:00.245+0000] {logging_mixin.py:151} INFO - [2023-09-13T19:24:00.245+0000] {dag.py:3696} INFO - Setting next_dagrun for example_branch_labels to 2023-09-12T00:00:00+00:00, run_after=2023-09-13T00:00:00+00:00
[2023-09-13T19:24:00.257+0000] {processor.py:179} INFO - Processing /home/airflow/.local/lib/python3.8/site-packages/airflow/example_dags/example_branch_labels.py took 0.064 seconds
[2023-09-13T19:24:30.514+0000] {processor.py:157} INFO - Started process (PID=985) to work on /home/airflow/.local/lib/python3.8/site-packages/airflow/example_dags/example_branch_labels.py
[2023-09-13T19:24:30.515+0000] {processor.py:829} INFO - Processing file /home/airflow/.local/lib/python3.8/site-packages/airflow/example_dags/example_branch_labels.py for tasks to queue
[2023-09-13T19:24:30.517+0000] {logging_mixin.py:151} INFO - [2023-09-13T19:24:30.517+0000] {dagbag.py:539} INFO - Filling up the DagBag from /home/airflow/.local/lib/python3.8/site-packages/airflow/example_dags/example_branch_labels.py
[2023-09-13T19:24:30.525+0000] {processor.py:839} INFO - DAG(s) dict_keys(['example_branch_labels']) retrieved from /home/airflow/.local/lib/python3.8/site-packages/airflow/example_dags/example_branch_labels.py
[2023-09-13T19:24:30.546+0000] {logging_mixin.py:151} INFO - [2023-09-13T19:24:30.546+0000] {dag.py:2915} INFO - Sync 1 DAGs
[2023-09-13T19:24:30.563+0000] {logging_mixin.py:151} INFO - [2023-09-13T19:24:30.563+0000] {dag.py:3696} INFO - Setting next_dagrun for example_branch_labels to 2023-09-12T00:00:00+00:00, run_after=2023-09-13T00:00:00+00:00
[2023-09-13T19:24:30.575+0000] {processor.py:179} INFO - Processing /home/airflow/.local/lib/python3.8/site-packages/airflow/example_dags/example_branch_labels.py took 0.065 seconds
[2023-09-13T19:25:00.761+0000] {processor.py:157} INFO - Started process (PID=1038) to work on /home/airflow/.local/lib/python3.8/site-packages/airflow/example_dags/example_branch_labels.py
[2023-09-13T19:25:00.762+0000] {processor.py:829} INFO - Processing file /home/airflow/.local/lib/python3.8/site-packages/airflow/example_dags/example_branch_labels.py for tasks to queue
[2023-09-13T19:25:00.765+0000] {logging_mixin.py:151} INFO - [2023-09-13T19:25:00.764+0000] {dagbag.py:539} INFO - Filling up the DagBag from /home/airflow/.local/lib/python3.8/site-packages/airflow/example_dags/example_branch_labels.py
[2023-09-13T19:25:00.772+0000] {processor.py:839} INFO - DAG(s) dict_keys(['example_branch_labels']) retrieved from /home/airflow/.local/lib/python3.8/site-packages/airflow/example_dags/example_branch_labels.py
[2023-09-13T19:25:00.792+0000] {logging_mixin.py:151} INFO - [2023-09-13T19:25:00.792+0000] {dag.py:2915} INFO - Sync 1 DAGs
[2023-09-13T19:25:00.809+0000] {logging_mixin.py:151} INFO - [2023-09-13T19:25:00.809+0000] {dag.py:3696} INFO - Setting next_dagrun for example_branch_labels to 2023-09-12T00:00:00+00:00, run_after=2023-09-13T00:00:00+00:00
[2023-09-13T19:25:00.821+0000] {processor.py:179} INFO - Processing /home/airflow/.local/lib/python3.8/site-packages/airflow/example_dags/example_branch_labels.py took 0.064 seconds
[2023-09-13T19:25:31.021+0000] {processor.py:157} INFO - Started process (PID=1092) to work on /home/airflow/.local/lib/python3.8/site-packages/airflow/example_dags/example_branch_labels.py
[2023-09-13T19:25:31.024+0000] {processor.py:829} INFO - Processing file /home/airflow/.local/lib/python3.8/site-packages/airflow/example_dags/example_branch_labels.py for tasks to queue
[2023-09-13T19:25:31.029+0000] {logging_mixin.py:151} INFO - [2023-09-13T19:25:31.028+0000] {dagbag.py:539} INFO - Filling up the DagBag from /home/airflow/.local/lib/python3.8/site-packages/airflow/example_dags/example_branch_labels.py
[2023-09-13T19:25:31.041+0000] {processor.py:839} INFO - DAG(s) dict_keys(['example_branch_labels']) retrieved from /home/airflow/.local/lib/python3.8/site-packages/airflow/example_dags/example_branch_labels.py
[2023-09-13T19:25:31.073+0000] {logging_mixin.py:151} INFO - [2023-09-13T19:25:31.072+0000] {dag.py:2915} INFO - Sync 1 DAGs
[2023-09-13T19:25:31.093+0000] {logging_mixin.py:151} INFO - [2023-09-13T19:25:31.093+0000] {dag.py:3696} INFO - Setting next_dagrun for example_branch_labels to 2023-09-12T00:00:00+00:00, run_after=2023-09-13T00:00:00+00:00
[2023-09-13T19:25:31.110+0000] {processor.py:179} INFO - Processing /home/airflow/.local/lib/python3.8/site-packages/airflow/example_dags/example_branch_labels.py took 0.097 seconds
[2023-09-13T19:26:01.869+0000] {processor.py:157} INFO - Started process (PID=1148) to work on /home/airflow/.local/lib/python3.8/site-packages/airflow/example_dags/example_branch_labels.py
[2023-09-13T19:26:01.870+0000] {processor.py:829} INFO - Processing file /home/airflow/.local/lib/python3.8/site-packages/airflow/example_dags/example_branch_labels.py for tasks to queue
[2023-09-13T19:26:01.873+0000] {logging_mixin.py:151} INFO - [2023-09-13T19:26:01.872+0000] {dagbag.py:539} INFO - Filling up the DagBag from /home/airflow/.local/lib/python3.8/site-packages/airflow/example_dags/example_branch_labels.py
[2023-09-13T19:26:01.880+0000] {processor.py:839} INFO - DAG(s) dict_keys(['example_branch_labels']) retrieved from /home/airflow/.local/lib/python3.8/site-packages/airflow/example_dags/example_branch_labels.py
[2023-09-13T19:26:01.902+0000] {logging_mixin.py:151} INFO - [2023-09-13T19:26:01.902+0000] {dag.py:2915} INFO - Sync 1 DAGs
[2023-09-13T19:26:01.919+0000] {logging_mixin.py:151} INFO - [2023-09-13T19:26:01.919+0000] {dag.py:3696} INFO - Setting next_dagrun for example_branch_labels to 2023-09-12T00:00:00+00:00, run_after=2023-09-13T00:00:00+00:00
[2023-09-13T19:26:01.932+0000] {processor.py:179} INFO - Processing /home/airflow/.local/lib/python3.8/site-packages/airflow/example_dags/example_branch_labels.py took 0.067 seconds
[2023-09-13T19:26:32.243+0000] {processor.py:157} INFO - Started process (PID=1204) to work on /home/airflow/.local/lib/python3.8/site-packages/airflow/example_dags/example_branch_labels.py
[2023-09-13T19:26:32.245+0000] {processor.py:829} INFO - Processing file /home/airflow/.local/lib/python3.8/site-packages/airflow/example_dags/example_branch_labels.py for tasks to queue
[2023-09-13T19:26:32.248+0000] {logging_mixin.py:151} INFO - [2023-09-13T19:26:32.247+0000] {dagbag.py:539} INFO - Filling up the DagBag from /home/airflow/.local/lib/python3.8/site-packages/airflow/example_dags/example_branch_labels.py
[2023-09-13T19:26:32.255+0000] {processor.py:839} INFO - DAG(s) dict_keys(['example_branch_labels']) retrieved from /home/airflow/.local/lib/python3.8/site-packages/airflow/example_dags/example_branch_labels.py
[2023-09-13T19:26:32.276+0000] {logging_mixin.py:151} INFO - [2023-09-13T19:26:32.275+0000] {dag.py:2915} INFO - Sync 1 DAGs
[2023-09-13T19:26:32.294+0000] {logging_mixin.py:151} INFO - [2023-09-13T19:26:32.294+0000] {dag.py:3696} INFO - Setting next_dagrun for example_branch_labels to 2023-09-12T00:00:00+00:00, run_after=2023-09-13T00:00:00+00:00
[2023-09-13T19:26:32.306+0000] {processor.py:179} INFO - Processing /home/airflow/.local/lib/python3.8/site-packages/airflow/example_dags/example_branch_labels.py took 0.066 seconds
[2023-09-13T19:27:02.734+0000] {processor.py:157} INFO - Started process (PID=1259) to work on /home/airflow/.local/lib/python3.8/site-packages/airflow/example_dags/example_branch_labels.py
[2023-09-13T19:27:02.735+0000] {processor.py:829} INFO - Processing file /home/airflow/.local/lib/python3.8/site-packages/airflow/example_dags/example_branch_labels.py for tasks to queue
[2023-09-13T19:27:02.738+0000] {logging_mixin.py:151} INFO - [2023-09-13T19:27:02.738+0000] {dagbag.py:539} INFO - Filling up the DagBag from /home/airflow/.local/lib/python3.8/site-packages/airflow/example_dags/example_branch_labels.py
[2023-09-13T19:27:02.745+0000] {processor.py:839} INFO - DAG(s) dict_keys(['example_branch_labels']) retrieved from /home/airflow/.local/lib/python3.8/site-packages/airflow/example_dags/example_branch_labels.py
[2023-09-13T19:27:02.767+0000] {logging_mixin.py:151} INFO - [2023-09-13T19:27:02.767+0000] {dag.py:2915} INFO - Sync 1 DAGs
[2023-09-13T19:27:02.784+0000] {logging_mixin.py:151} INFO - [2023-09-13T19:27:02.784+0000] {dag.py:3696} INFO - Setting next_dagrun for example_branch_labels to 2023-09-12T00:00:00+00:00, run_after=2023-09-13T00:00:00+00:00
[2023-09-13T19:27:02.796+0000] {processor.py:179} INFO - Processing /home/airflow/.local/lib/python3.8/site-packages/airflow/example_dags/example_branch_labels.py took 0.066 seconds
[2023-09-13T19:28:17.278+0000] {processor.py:157} INFO - Started process (PID=61) to work on /home/airflow/.local/lib/python3.8/site-packages/airflow/example_dags/example_branch_labels.py
[2023-09-13T19:28:17.285+0000] {processor.py:829} INFO - Processing file /home/airflow/.local/lib/python3.8/site-packages/airflow/example_dags/example_branch_labels.py for tasks to queue
[2023-09-13T19:28:17.292+0000] {logging_mixin.py:151} INFO - [2023-09-13T19:28:17.291+0000] {dagbag.py:539} INFO - Filling up the DagBag from /home/airflow/.local/lib/python3.8/site-packages/airflow/example_dags/example_branch_labels.py
[2023-09-13T19:28:17.310+0000] {processor.py:839} INFO - DAG(s) dict_keys(['example_branch_labels']) retrieved from /home/airflow/.local/lib/python3.8/site-packages/airflow/example_dags/example_branch_labels.py
[2023-09-13T19:28:17.349+0000] {logging_mixin.py:151} INFO - [2023-09-13T19:28:17.348+0000] {dag.py:2915} INFO - Sync 1 DAGs
[2023-09-13T19:28:17.403+0000] {logging_mixin.py:151} INFO - [2023-09-13T19:28:17.403+0000] {dag.py:3696} INFO - Setting next_dagrun for example_branch_labels to 2023-09-12T00:00:00+00:00, run_after=2023-09-13T00:00:00+00:00
[2023-09-13T19:28:17.451+0000] {processor.py:179} INFO - Processing /home/airflow/.local/lib/python3.8/site-packages/airflow/example_dags/example_branch_labels.py took 0.179 seconds
[2023-09-13T19:28:47.773+0000] {processor.py:157} INFO - Started process (PID=117) to work on /home/airflow/.local/lib/python3.8/site-packages/airflow/example_dags/example_branch_labels.py
[2023-09-13T19:28:47.774+0000] {processor.py:829} INFO - Processing file /home/airflow/.local/lib/python3.8/site-packages/airflow/example_dags/example_branch_labels.py for tasks to queue
[2023-09-13T19:28:47.777+0000] {logging_mixin.py:151} INFO - [2023-09-13T19:28:47.776+0000] {dagbag.py:539} INFO - Filling up the DagBag from /home/airflow/.local/lib/python3.8/site-packages/airflow/example_dags/example_branch_labels.py
[2023-09-13T19:28:47.784+0000] {processor.py:839} INFO - DAG(s) dict_keys(['example_branch_labels']) retrieved from /home/airflow/.local/lib/python3.8/site-packages/airflow/example_dags/example_branch_labels.py
[2023-09-13T19:28:47.805+0000] {logging_mixin.py:151} INFO - [2023-09-13T19:28:47.804+0000] {dag.py:2915} INFO - Sync 1 DAGs
[2023-09-13T19:28:47.821+0000] {logging_mixin.py:151} INFO - [2023-09-13T19:28:47.821+0000] {dag.py:3696} INFO - Setting next_dagrun for example_branch_labels to 2023-09-12T00:00:00+00:00, run_after=2023-09-13T00:00:00+00:00
[2023-09-13T19:28:47.837+0000] {processor.py:179} INFO - Processing /home/airflow/.local/lib/python3.8/site-packages/airflow/example_dags/example_branch_labels.py took 0.067 seconds
[2023-09-13T19:29:18.079+0000] {processor.py:157} INFO - Started process (PID=172) to work on /home/airflow/.local/lib/python3.8/site-packages/airflow/example_dags/example_branch_labels.py
[2023-09-13T19:29:18.081+0000] {processor.py:829} INFO - Processing file /home/airflow/.local/lib/python3.8/site-packages/airflow/example_dags/example_branch_labels.py for tasks to queue
[2023-09-13T19:29:18.084+0000] {logging_mixin.py:151} INFO - [2023-09-13T19:29:18.083+0000] {dagbag.py:539} INFO - Filling up the DagBag from /home/airflow/.local/lib/python3.8/site-packages/airflow/example_dags/example_branch_labels.py
[2023-09-13T19:29:18.091+0000] {processor.py:839} INFO - DAG(s) dict_keys(['example_branch_labels']) retrieved from /home/airflow/.local/lib/python3.8/site-packages/airflow/example_dags/example_branch_labels.py
[2023-09-13T19:29:18.113+0000] {logging_mixin.py:151} INFO - [2023-09-13T19:29:18.113+0000] {dag.py:2915} INFO - Sync 1 DAGs
[2023-09-13T19:29:18.132+0000] {logging_mixin.py:151} INFO - [2023-09-13T19:29:18.131+0000] {dag.py:3696} INFO - Setting next_dagrun for example_branch_labels to 2023-09-12T00:00:00+00:00, run_after=2023-09-13T00:00:00+00:00
[2023-09-13T19:29:18.145+0000] {processor.py:179} INFO - Processing /home/airflow/.local/lib/python3.8/site-packages/airflow/example_dags/example_branch_labels.py took 0.070 seconds
[2023-09-13T19:29:48.437+0000] {processor.py:157} INFO - Started process (PID=226) to work on /home/airflow/.local/lib/python3.8/site-packages/airflow/example_dags/example_branch_labels.py
[2023-09-13T19:29:48.438+0000] {processor.py:829} INFO - Processing file /home/airflow/.local/lib/python3.8/site-packages/airflow/example_dags/example_branch_labels.py for tasks to queue
[2023-09-13T19:29:48.441+0000] {logging_mixin.py:151} INFO - [2023-09-13T19:29:48.440+0000] {dagbag.py:539} INFO - Filling up the DagBag from /home/airflow/.local/lib/python3.8/site-packages/airflow/example_dags/example_branch_labels.py
[2023-09-13T19:29:48.448+0000] {processor.py:839} INFO - DAG(s) dict_keys(['example_branch_labels']) retrieved from /home/airflow/.local/lib/python3.8/site-packages/airflow/example_dags/example_branch_labels.py
[2023-09-13T19:29:48.469+0000] {logging_mixin.py:151} INFO - [2023-09-13T19:29:48.469+0000] {dag.py:2915} INFO - Sync 1 DAGs
[2023-09-13T19:29:48.486+0000] {logging_mixin.py:151} INFO - [2023-09-13T19:29:48.486+0000] {dag.py:3696} INFO - Setting next_dagrun for example_branch_labels to 2023-09-12T00:00:00+00:00, run_after=2023-09-13T00:00:00+00:00
[2023-09-13T19:29:48.498+0000] {processor.py:179} INFO - Processing /home/airflow/.local/lib/python3.8/site-packages/airflow/example_dags/example_branch_labels.py took 0.065 seconds
[2023-09-13T19:30:18.681+0000] {processor.py:157} INFO - Started process (PID=280) to work on /home/airflow/.local/lib/python3.8/site-packages/airflow/example_dags/example_branch_labels.py
[2023-09-13T19:30:18.683+0000] {processor.py:829} INFO - Processing file /home/airflow/.local/lib/python3.8/site-packages/airflow/example_dags/example_branch_labels.py for tasks to queue
[2023-09-13T19:30:18.687+0000] {logging_mixin.py:151} INFO - [2023-09-13T19:30:18.686+0000] {dagbag.py:539} INFO - Filling up the DagBag from /home/airflow/.local/lib/python3.8/site-packages/airflow/example_dags/example_branch_labels.py
[2023-09-13T19:30:18.696+0000] {processor.py:839} INFO - DAG(s) dict_keys(['example_branch_labels']) retrieved from /home/airflow/.local/lib/python3.8/site-packages/airflow/example_dags/example_branch_labels.py
[2023-09-13T19:30:18.725+0000] {logging_mixin.py:151} INFO - [2023-09-13T19:30:18.725+0000] {dag.py:2915} INFO - Sync 1 DAGs
[2023-09-13T19:30:18.747+0000] {logging_mixin.py:151} INFO - [2023-09-13T19:30:18.747+0000] {dag.py:3696} INFO - Setting next_dagrun for example_branch_labels to 2023-09-12T00:00:00+00:00, run_after=2023-09-13T00:00:00+00:00
[2023-09-13T19:30:18.767+0000] {processor.py:179} INFO - Processing /home/airflow/.local/lib/python3.8/site-packages/airflow/example_dags/example_branch_labels.py took 0.090 seconds
[2023-09-13T19:31:32.582+0000] {processor.py:157} INFO - Started process (PID=62) to work on /home/airflow/.local/lib/python3.8/site-packages/airflow/example_dags/example_branch_labels.py
[2023-09-13T19:31:32.592+0000] {processor.py:829} INFO - Processing file /home/airflow/.local/lib/python3.8/site-packages/airflow/example_dags/example_branch_labels.py for tasks to queue
[2023-09-13T19:31:32.607+0000] {logging_mixin.py:151} INFO - [2023-09-13T19:31:32.606+0000] {dagbag.py:539} INFO - Filling up the DagBag from /home/airflow/.local/lib/python3.8/site-packages/airflow/example_dags/example_branch_labels.py
[2023-09-13T19:31:32.637+0000] {processor.py:839} INFO - DAG(s) dict_keys(['example_branch_labels']) retrieved from /home/airflow/.local/lib/python3.8/site-packages/airflow/example_dags/example_branch_labels.py
[2023-09-13T19:31:32.674+0000] {logging_mixin.py:151} INFO - [2023-09-13T19:31:32.673+0000] {dag.py:2915} INFO - Sync 1 DAGs
[2023-09-13T19:31:32.715+0000] {logging_mixin.py:151} INFO - [2023-09-13T19:31:32.715+0000] {dag.py:3696} INFO - Setting next_dagrun for example_branch_labels to 2023-09-12T00:00:00+00:00, run_after=2023-09-13T00:00:00+00:00
[2023-09-13T19:31:32.756+0000] {processor.py:179} INFO - Processing /home/airflow/.local/lib/python3.8/site-packages/airflow/example_dags/example_branch_labels.py took 0.184 seconds
[2023-09-13T19:32:03.260+0000] {processor.py:157} INFO - Started process (PID=117) to work on /home/airflow/.local/lib/python3.8/site-packages/airflow/example_dags/example_branch_labels.py
[2023-09-13T19:32:03.262+0000] {processor.py:829} INFO - Processing file /home/airflow/.local/lib/python3.8/site-packages/airflow/example_dags/example_branch_labels.py for tasks to queue
[2023-09-13T19:32:03.265+0000] {logging_mixin.py:151} INFO - [2023-09-13T19:32:03.264+0000] {dagbag.py:539} INFO - Filling up the DagBag from /home/airflow/.local/lib/python3.8/site-packages/airflow/example_dags/example_branch_labels.py
[2023-09-13T19:32:03.273+0000] {processor.py:839} INFO - DAG(s) dict_keys(['example_branch_labels']) retrieved from /home/airflow/.local/lib/python3.8/site-packages/airflow/example_dags/example_branch_labels.py
[2023-09-13T19:32:03.306+0000] {logging_mixin.py:151} INFO - [2023-09-13T19:32:03.306+0000] {dag.py:2915} INFO - Sync 1 DAGs
[2023-09-13T19:32:03.351+0000] {logging_mixin.py:151} INFO - [2023-09-13T19:32:03.350+0000] {dag.py:3696} INFO - Setting next_dagrun for example_branch_labels to 2023-09-12T00:00:00+00:00, run_after=2023-09-13T00:00:00+00:00
[2023-09-13T19:32:03.372+0000] {processor.py:179} INFO - Processing /home/airflow/.local/lib/python3.8/site-packages/airflow/example_dags/example_branch_labels.py took 0.116 seconds
[2023-09-13T19:32:34.377+0000] {processor.py:157} INFO - Started process (PID=172) to work on /home/airflow/.local/lib/python3.8/site-packages/airflow/example_dags/example_branch_labels.py
[2023-09-13T19:32:34.378+0000] {processor.py:829} INFO - Processing file /home/airflow/.local/lib/python3.8/site-packages/airflow/example_dags/example_branch_labels.py for tasks to queue
[2023-09-13T19:32:34.381+0000] {logging_mixin.py:151} INFO - [2023-09-13T19:32:34.380+0000] {dagbag.py:539} INFO - Filling up the DagBag from /home/airflow/.local/lib/python3.8/site-packages/airflow/example_dags/example_branch_labels.py
[2023-09-13T19:32:34.388+0000] {processor.py:839} INFO - DAG(s) dict_keys(['example_branch_labels']) retrieved from /home/airflow/.local/lib/python3.8/site-packages/airflow/example_dags/example_branch_labels.py
[2023-09-13T19:32:34.413+0000] {logging_mixin.py:151} INFO - [2023-09-13T19:32:34.413+0000] {dag.py:2915} INFO - Sync 1 DAGs
[2023-09-13T19:32:34.441+0000] {logging_mixin.py:151} INFO - [2023-09-13T19:32:34.441+0000] {dag.py:3696} INFO - Setting next_dagrun for example_branch_labels to 2023-09-12T00:00:00+00:00, run_after=2023-09-13T00:00:00+00:00
[2023-09-13T19:32:34.457+0000] {processor.py:179} INFO - Processing /home/airflow/.local/lib/python3.8/site-packages/airflow/example_dags/example_branch_labels.py took 0.083 seconds
[2023-09-13T19:33:05.337+0000] {processor.py:157} INFO - Started process (PID=227) to work on /home/airflow/.local/lib/python3.8/site-packages/airflow/example_dags/example_branch_labels.py
[2023-09-13T19:33:05.339+0000] {processor.py:829} INFO - Processing file /home/airflow/.local/lib/python3.8/site-packages/airflow/example_dags/example_branch_labels.py for tasks to queue
[2023-09-13T19:33:05.342+0000] {logging_mixin.py:151} INFO - [2023-09-13T19:33:05.341+0000] {dagbag.py:539} INFO - Filling up the DagBag from /home/airflow/.local/lib/python3.8/site-packages/airflow/example_dags/example_branch_labels.py
[2023-09-13T19:33:05.350+0000] {processor.py:839} INFO - DAG(s) dict_keys(['example_branch_labels']) retrieved from /home/airflow/.local/lib/python3.8/site-packages/airflow/example_dags/example_branch_labels.py
[2023-09-13T19:33:05.373+0000] {logging_mixin.py:151} INFO - [2023-09-13T19:33:05.373+0000] {dag.py:2915} INFO - Sync 1 DAGs
[2023-09-13T19:33:05.393+0000] {logging_mixin.py:151} INFO - [2023-09-13T19:33:05.393+0000] {dag.py:3696} INFO - Setting next_dagrun for example_branch_labels to 2023-09-12T00:00:00+00:00, run_after=2023-09-13T00:00:00+00:00
[2023-09-13T19:33:05.409+0000] {processor.py:179} INFO - Processing /home/airflow/.local/lib/python3.8/site-packages/airflow/example_dags/example_branch_labels.py took 0.077 seconds
[2023-09-13T19:33:36.358+0000] {processor.py:157} INFO - Started process (PID=282) to work on /home/airflow/.local/lib/python3.8/site-packages/airflow/example_dags/example_branch_labels.py
[2023-09-13T19:33:36.360+0000] {processor.py:829} INFO - Processing file /home/airflow/.local/lib/python3.8/site-packages/airflow/example_dags/example_branch_labels.py for tasks to queue
[2023-09-13T19:33:36.362+0000] {logging_mixin.py:151} INFO - [2023-09-13T19:33:36.362+0000] {dagbag.py:539} INFO - Filling up the DagBag from /home/airflow/.local/lib/python3.8/site-packages/airflow/example_dags/example_branch_labels.py
[2023-09-13T19:33:36.370+0000] {processor.py:839} INFO - DAG(s) dict_keys(['example_branch_labels']) retrieved from /home/airflow/.local/lib/python3.8/site-packages/airflow/example_dags/example_branch_labels.py
[2023-09-13T19:33:36.395+0000] {logging_mixin.py:151} INFO - [2023-09-13T19:33:36.395+0000] {dag.py:2915} INFO - Sync 1 DAGs
[2023-09-13T19:33:36.417+0000] {logging_mixin.py:151} INFO - [2023-09-13T19:33:36.417+0000] {dag.py:3696} INFO - Setting next_dagrun for example_branch_labels to 2023-09-12T00:00:00+00:00, run_after=2023-09-13T00:00:00+00:00
[2023-09-13T19:33:36.430+0000] {processor.py:179} INFO - Processing /home/airflow/.local/lib/python3.8/site-packages/airflow/example_dags/example_branch_labels.py took 0.076 seconds
[2023-09-13T19:34:07.134+0000] {processor.py:157} INFO - Started process (PID=337) to work on /home/airflow/.local/lib/python3.8/site-packages/airflow/example_dags/example_branch_labels.py
[2023-09-13T19:34:07.136+0000] {processor.py:829} INFO - Processing file /home/airflow/.local/lib/python3.8/site-packages/airflow/example_dags/example_branch_labels.py for tasks to queue
[2023-09-13T19:34:07.138+0000] {logging_mixin.py:151} INFO - [2023-09-13T19:34:07.138+0000] {dagbag.py:539} INFO - Filling up the DagBag from /home/airflow/.local/lib/python3.8/site-packages/airflow/example_dags/example_branch_labels.py
[2023-09-13T19:34:07.146+0000] {processor.py:839} INFO - DAG(s) dict_keys(['example_branch_labels']) retrieved from /home/airflow/.local/lib/python3.8/site-packages/airflow/example_dags/example_branch_labels.py
[2023-09-13T19:34:07.169+0000] {logging_mixin.py:151} INFO - [2023-09-13T19:34:07.169+0000] {dag.py:2915} INFO - Sync 1 DAGs
[2023-09-13T19:34:07.187+0000] {logging_mixin.py:151} INFO - [2023-09-13T19:34:07.186+0000] {dag.py:3696} INFO - Setting next_dagrun for example_branch_labels to 2023-09-12T00:00:00+00:00, run_after=2023-09-13T00:00:00+00:00
[2023-09-13T19:34:07.199+0000] {processor.py:179} INFO - Processing /home/airflow/.local/lib/python3.8/site-packages/airflow/example_dags/example_branch_labels.py took 0.069 seconds
