[2023-09-13T19:15:47.888+0000] {processor.py:157} INFO - Started process (PID=38) to work on /home/airflow/.local/lib/python3.8/site-packages/airflow/example_dags/example_bash_operator.py
[2023-09-13T19:15:47.890+0000] {processor.py:829} INFO - Processing file /home/airflow/.local/lib/python3.8/site-packages/airflow/example_dags/example_bash_operator.py for tasks to queue
[2023-09-13T19:15:47.895+0000] {logging_mixin.py:151} INFO - [2023-09-13T19:15:47.894+0000] {dagbag.py:539} INFO - Filling up the DagBag from /home/airflow/.local/lib/python3.8/site-packages/airflow/example_dags/example_bash_operator.py
[2023-09-13T19:15:47.916+0000] {processor.py:839} INFO - DAG(s) dict_keys(['example_bash_operator']) retrieved from /home/airflow/.local/lib/python3.8/site-packages/airflow/example_dags/example_bash_operator.py
[2023-09-13T19:15:48.058+0000] {logging_mixin.py:151} INFO - [2023-09-13T19:15:48.058+0000] {manager.py:499} INFO - Created Permission View: %s
[2023-09-13T19:15:48.075+0000] {logging_mixin.py:151} INFO - [2023-09-13T19:15:48.074+0000] {manager.py:499} INFO - Created Permission View: %s
[2023-09-13T19:15:48.086+0000] {logging_mixin.py:151} INFO - [2023-09-13T19:15:48.086+0000] {manager.py:499} INFO - Created Permission View: %s
[2023-09-13T19:15:48.089+0000] {logging_mixin.py:151} INFO - [2023-09-13T19:15:48.087+0000] {security.py:708} INFO - Not syncing DAG-level permissions for DAG 'DAG:example_bash_operator' as access control is unset.
[2023-09-13T19:15:48.092+0000] {logging_mixin.py:151} INFO - [2023-09-13T19:15:48.092+0000] {dag.py:2915} INFO - Sync 1 DAGs
[2023-09-13T19:15:48.107+0000] {logging_mixin.py:151} INFO - [2023-09-13T19:15:48.107+0000] {dag.py:2937} INFO - Creating ORM DAG for example_bash_operator
[2023-09-13T19:15:48.130+0000] {logging_mixin.py:151} INFO - [2023-09-13T19:15:48.130+0000] {dag.py:3696} INFO - Setting next_dagrun for example_bash_operator to 2023-09-12T00:00:00+00:00, run_after=2023-09-13T00:00:00+00:00
[2023-09-13T19:15:48.152+0000] {processor.py:179} INFO - Processing /home/airflow/.local/lib/python3.8/site-packages/airflow/example_dags/example_bash_operator.py took 0.269 seconds
[2023-09-13T19:16:18.429+0000] {processor.py:157} INFO - Started process (PID=92) to work on /home/airflow/.local/lib/python3.8/site-packages/airflow/example_dags/example_bash_operator.py
[2023-09-13T19:16:18.431+0000] {processor.py:829} INFO - Processing file /home/airflow/.local/lib/python3.8/site-packages/airflow/example_dags/example_bash_operator.py for tasks to queue
[2023-09-13T19:16:18.433+0000] {logging_mixin.py:151} INFO - [2023-09-13T19:16:18.433+0000] {dagbag.py:539} INFO - Filling up the DagBag from /home/airflow/.local/lib/python3.8/site-packages/airflow/example_dags/example_bash_operator.py
[2023-09-13T19:16:18.444+0000] {processor.py:839} INFO - DAG(s) dict_keys(['example_bash_operator']) retrieved from /home/airflow/.local/lib/python3.8/site-packages/airflow/example_dags/example_bash_operator.py
[2023-09-13T19:16:18.469+0000] {logging_mixin.py:151} INFO - [2023-09-13T19:16:18.469+0000] {dag.py:2915} INFO - Sync 1 DAGs
[2023-09-13T19:16:18.486+0000] {logging_mixin.py:151} INFO - [2023-09-13T19:16:18.486+0000] {dag.py:3696} INFO - Setting next_dagrun for example_bash_operator to 2023-09-12T00:00:00+00:00, run_after=2023-09-13T00:00:00+00:00
[2023-09-13T19:16:18.498+0000] {processor.py:179} INFO - Processing /home/airflow/.local/lib/python3.8/site-packages/airflow/example_dags/example_bash_operator.py took 0.073 seconds
[2023-09-13T19:16:48.660+0000] {processor.py:157} INFO - Started process (PID=145) to work on /home/airflow/.local/lib/python3.8/site-packages/airflow/example_dags/example_bash_operator.py
[2023-09-13T19:16:48.661+0000] {processor.py:829} INFO - Processing file /home/airflow/.local/lib/python3.8/site-packages/airflow/example_dags/example_bash_operator.py for tasks to queue
[2023-09-13T19:16:48.664+0000] {logging_mixin.py:151} INFO - [2023-09-13T19:16:48.664+0000] {dagbag.py:539} INFO - Filling up the DagBag from /home/airflow/.local/lib/python3.8/site-packages/airflow/example_dags/example_bash_operator.py
[2023-09-13T19:16:48.675+0000] {processor.py:839} INFO - DAG(s) dict_keys(['example_bash_operator']) retrieved from /home/airflow/.local/lib/python3.8/site-packages/airflow/example_dags/example_bash_operator.py
[2023-09-13T19:16:48.701+0000] {logging_mixin.py:151} INFO - [2023-09-13T19:16:48.701+0000] {dag.py:2915} INFO - Sync 1 DAGs
[2023-09-13T19:16:48.719+0000] {logging_mixin.py:151} INFO - [2023-09-13T19:16:48.719+0000] {dag.py:3696} INFO - Setting next_dagrun for example_bash_operator to 2023-09-12T00:00:00+00:00, run_after=2023-09-13T00:00:00+00:00
[2023-09-13T19:16:48.732+0000] {processor.py:179} INFO - Processing /home/airflow/.local/lib/python3.8/site-packages/airflow/example_dags/example_bash_operator.py took 0.076 seconds
[2023-09-13T19:17:19.069+0000] {processor.py:157} INFO - Started process (PID=199) to work on /home/airflow/.local/lib/python3.8/site-packages/airflow/example_dags/example_bash_operator.py
[2023-09-13T19:17:19.071+0000] {processor.py:829} INFO - Processing file /home/airflow/.local/lib/python3.8/site-packages/airflow/example_dags/example_bash_operator.py for tasks to queue
[2023-09-13T19:17:19.074+0000] {logging_mixin.py:151} INFO - [2023-09-13T19:17:19.074+0000] {dagbag.py:539} INFO - Filling up the DagBag from /home/airflow/.local/lib/python3.8/site-packages/airflow/example_dags/example_bash_operator.py
[2023-09-13T19:17:19.086+0000] {processor.py:839} INFO - DAG(s) dict_keys(['example_bash_operator']) retrieved from /home/airflow/.local/lib/python3.8/site-packages/airflow/example_dags/example_bash_operator.py
[2023-09-13T19:17:19.114+0000] {logging_mixin.py:151} INFO - [2023-09-13T19:17:19.114+0000] {dag.py:2915} INFO - Sync 1 DAGs
[2023-09-13T19:17:19.134+0000] {logging_mixin.py:151} INFO - [2023-09-13T19:17:19.134+0000] {dag.py:3696} INFO - Setting next_dagrun for example_bash_operator to 2023-09-12T00:00:00+00:00, run_after=2023-09-13T00:00:00+00:00
[2023-09-13T19:17:19.147+0000] {processor.py:179} INFO - Processing /home/airflow/.local/lib/python3.8/site-packages/airflow/example_dags/example_bash_operator.py took 0.082 seconds
[2023-09-13T19:17:49.340+0000] {processor.py:157} INFO - Started process (PID=253) to work on /home/airflow/.local/lib/python3.8/site-packages/airflow/example_dags/example_bash_operator.py
[2023-09-13T19:17:49.341+0000] {processor.py:829} INFO - Processing file /home/airflow/.local/lib/python3.8/site-packages/airflow/example_dags/example_bash_operator.py for tasks to queue
[2023-09-13T19:17:49.344+0000] {logging_mixin.py:151} INFO - [2023-09-13T19:17:49.343+0000] {dagbag.py:539} INFO - Filling up the DagBag from /home/airflow/.local/lib/python3.8/site-packages/airflow/example_dags/example_bash_operator.py
[2023-09-13T19:17:49.354+0000] {processor.py:839} INFO - DAG(s) dict_keys(['example_bash_operator']) retrieved from /home/airflow/.local/lib/python3.8/site-packages/airflow/example_dags/example_bash_operator.py
[2023-09-13T19:17:49.378+0000] {logging_mixin.py:151} INFO - [2023-09-13T19:17:49.378+0000] {dag.py:2915} INFO - Sync 1 DAGs
[2023-09-13T19:17:49.395+0000] {logging_mixin.py:151} INFO - [2023-09-13T19:17:49.395+0000] {dag.py:3696} INFO - Setting next_dagrun for example_bash_operator to 2023-09-12T00:00:00+00:00, run_after=2023-09-13T00:00:00+00:00
[2023-09-13T19:17:49.407+0000] {processor.py:179} INFO - Processing /home/airflow/.local/lib/python3.8/site-packages/airflow/example_dags/example_bash_operator.py took 0.071 seconds
[2023-09-13T19:18:19.679+0000] {processor.py:157} INFO - Started process (PID=307) to work on /home/airflow/.local/lib/python3.8/site-packages/airflow/example_dags/example_bash_operator.py
[2023-09-13T19:18:19.680+0000] {processor.py:829} INFO - Processing file /home/airflow/.local/lib/python3.8/site-packages/airflow/example_dags/example_bash_operator.py for tasks to queue
[2023-09-13T19:18:19.682+0000] {logging_mixin.py:151} INFO - [2023-09-13T19:18:19.682+0000] {dagbag.py:539} INFO - Filling up the DagBag from /home/airflow/.local/lib/python3.8/site-packages/airflow/example_dags/example_bash_operator.py
[2023-09-13T19:18:19.693+0000] {processor.py:839} INFO - DAG(s) dict_keys(['example_bash_operator']) retrieved from /home/airflow/.local/lib/python3.8/site-packages/airflow/example_dags/example_bash_operator.py
[2023-09-13T19:18:19.719+0000] {logging_mixin.py:151} INFO - [2023-09-13T19:18:19.719+0000] {dag.py:2915} INFO - Sync 1 DAGs
[2023-09-13T19:18:19.737+0000] {logging_mixin.py:151} INFO - [2023-09-13T19:18:19.737+0000] {dag.py:3696} INFO - Setting next_dagrun for example_bash_operator to 2023-09-12T00:00:00+00:00, run_after=2023-09-13T00:00:00+00:00
[2023-09-13T19:18:19.749+0000] {processor.py:179} INFO - Processing /home/airflow/.local/lib/python3.8/site-packages/airflow/example_dags/example_bash_operator.py took 0.074 seconds
[2023-09-13T19:18:49.865+0000] {processor.py:157} INFO - Started process (PID=361) to work on /home/airflow/.local/lib/python3.8/site-packages/airflow/example_dags/example_bash_operator.py
[2023-09-13T19:18:49.867+0000] {processor.py:829} INFO - Processing file /home/airflow/.local/lib/python3.8/site-packages/airflow/example_dags/example_bash_operator.py for tasks to queue
[2023-09-13T19:18:49.869+0000] {logging_mixin.py:151} INFO - [2023-09-13T19:18:49.869+0000] {dagbag.py:539} INFO - Filling up the DagBag from /home/airflow/.local/lib/python3.8/site-packages/airflow/example_dags/example_bash_operator.py
[2023-09-13T19:18:49.879+0000] {processor.py:839} INFO - DAG(s) dict_keys(['example_bash_operator']) retrieved from /home/airflow/.local/lib/python3.8/site-packages/airflow/example_dags/example_bash_operator.py
[2023-09-13T19:18:49.904+0000] {logging_mixin.py:151} INFO - [2023-09-13T19:18:49.904+0000] {dag.py:2915} INFO - Sync 1 DAGs
[2023-09-13T19:18:49.921+0000] {logging_mixin.py:151} INFO - [2023-09-13T19:18:49.921+0000] {dag.py:3696} INFO - Setting next_dagrun for example_bash_operator to 2023-09-12T00:00:00+00:00, run_after=2023-09-13T00:00:00+00:00
[2023-09-13T19:18:49.933+0000] {processor.py:179} INFO - Processing /home/airflow/.local/lib/python3.8/site-packages/airflow/example_dags/example_bash_operator.py took 0.071 seconds
[2023-09-13T19:19:20.208+0000] {processor.py:157} INFO - Started process (PID=416) to work on /home/airflow/.local/lib/python3.8/site-packages/airflow/example_dags/example_bash_operator.py
[2023-09-13T19:19:20.209+0000] {processor.py:829} INFO - Processing file /home/airflow/.local/lib/python3.8/site-packages/airflow/example_dags/example_bash_operator.py for tasks to queue
[2023-09-13T19:19:20.212+0000] {logging_mixin.py:151} INFO - [2023-09-13T19:19:20.211+0000] {dagbag.py:539} INFO - Filling up the DagBag from /home/airflow/.local/lib/python3.8/site-packages/airflow/example_dags/example_bash_operator.py
[2023-09-13T19:19:20.223+0000] {processor.py:839} INFO - DAG(s) dict_keys(['example_bash_operator']) retrieved from /home/airflow/.local/lib/python3.8/site-packages/airflow/example_dags/example_bash_operator.py
[2023-09-13T19:19:20.250+0000] {logging_mixin.py:151} INFO - [2023-09-13T19:19:20.250+0000] {dag.py:2915} INFO - Sync 1 DAGs
[2023-09-13T19:19:20.269+0000] {logging_mixin.py:151} INFO - [2023-09-13T19:19:20.269+0000] {dag.py:3696} INFO - Setting next_dagrun for example_bash_operator to 2023-09-12T00:00:00+00:00, run_after=2023-09-13T00:00:00+00:00
[2023-09-13T19:19:20.283+0000] {processor.py:179} INFO - Processing /home/airflow/.local/lib/python3.8/site-packages/airflow/example_dags/example_bash_operator.py took 0.079 seconds
[2023-09-13T19:19:50.465+0000] {processor.py:157} INFO - Started process (PID=470) to work on /home/airflow/.local/lib/python3.8/site-packages/airflow/example_dags/example_bash_operator.py
[2023-09-13T19:19:50.467+0000] {processor.py:829} INFO - Processing file /home/airflow/.local/lib/python3.8/site-packages/airflow/example_dags/example_bash_operator.py for tasks to queue
[2023-09-13T19:19:50.469+0000] {logging_mixin.py:151} INFO - [2023-09-13T19:19:50.469+0000] {dagbag.py:539} INFO - Filling up the DagBag from /home/airflow/.local/lib/python3.8/site-packages/airflow/example_dags/example_bash_operator.py
[2023-09-13T19:19:50.479+0000] {processor.py:839} INFO - DAG(s) dict_keys(['example_bash_operator']) retrieved from /home/airflow/.local/lib/python3.8/site-packages/airflow/example_dags/example_bash_operator.py
[2023-09-13T19:19:50.504+0000] {logging_mixin.py:151} INFO - [2023-09-13T19:19:50.504+0000] {dag.py:2915} INFO - Sync 1 DAGs
[2023-09-13T19:19:50.522+0000] {logging_mixin.py:151} INFO - [2023-09-13T19:19:50.522+0000] {dag.py:3696} INFO - Setting next_dagrun for example_bash_operator to 2023-09-12T00:00:00+00:00, run_after=2023-09-13T00:00:00+00:00
[2023-09-13T19:19:50.534+0000] {processor.py:179} INFO - Processing /home/airflow/.local/lib/python3.8/site-packages/airflow/example_dags/example_bash_operator.py took 0.072 seconds
[2023-09-13T19:20:20.827+0000] {processor.py:157} INFO - Started process (PID=523) to work on /home/airflow/.local/lib/python3.8/site-packages/airflow/example_dags/example_bash_operator.py
[2023-09-13T19:20:20.829+0000] {processor.py:829} INFO - Processing file /home/airflow/.local/lib/python3.8/site-packages/airflow/example_dags/example_bash_operator.py for tasks to queue
[2023-09-13T19:20:20.831+0000] {logging_mixin.py:151} INFO - [2023-09-13T19:20:20.831+0000] {dagbag.py:539} INFO - Filling up the DagBag from /home/airflow/.local/lib/python3.8/site-packages/airflow/example_dags/example_bash_operator.py
[2023-09-13T19:20:20.841+0000] {processor.py:839} INFO - DAG(s) dict_keys(['example_bash_operator']) retrieved from /home/airflow/.local/lib/python3.8/site-packages/airflow/example_dags/example_bash_operator.py
[2023-09-13T19:20:20.868+0000] {logging_mixin.py:151} INFO - [2023-09-13T19:20:20.868+0000] {dag.py:2915} INFO - Sync 1 DAGs
[2023-09-13T19:20:20.886+0000] {logging_mixin.py:151} INFO - [2023-09-13T19:20:20.886+0000] {dag.py:3696} INFO - Setting next_dagrun for example_bash_operator to 2023-09-12T00:00:00+00:00, run_after=2023-09-13T00:00:00+00:00
[2023-09-13T19:20:20.900+0000] {processor.py:179} INFO - Processing /home/airflow/.local/lib/python3.8/site-packages/airflow/example_dags/example_bash_operator.py took 0.076 seconds
[2023-09-13T19:20:51.340+0000] {processor.py:157} INFO - Started process (PID=577) to work on /home/airflow/.local/lib/python3.8/site-packages/airflow/example_dags/example_bash_operator.py
[2023-09-13T19:20:51.342+0000] {processor.py:829} INFO - Processing file /home/airflow/.local/lib/python3.8/site-packages/airflow/example_dags/example_bash_operator.py for tasks to queue
[2023-09-13T19:20:51.344+0000] {logging_mixin.py:151} INFO - [2023-09-13T19:20:51.344+0000] {dagbag.py:539} INFO - Filling up the DagBag from /home/airflow/.local/lib/python3.8/site-packages/airflow/example_dags/example_bash_operator.py
[2023-09-13T19:20:51.355+0000] {processor.py:839} INFO - DAG(s) dict_keys(['example_bash_operator']) retrieved from /home/airflow/.local/lib/python3.8/site-packages/airflow/example_dags/example_bash_operator.py
[2023-09-13T19:20:51.380+0000] {logging_mixin.py:151} INFO - [2023-09-13T19:20:51.380+0000] {dag.py:2915} INFO - Sync 1 DAGs
[2023-09-13T19:20:51.399+0000] {logging_mixin.py:151} INFO - [2023-09-13T19:20:51.398+0000] {dag.py:3696} INFO - Setting next_dagrun for example_bash_operator to 2023-09-12T00:00:00+00:00, run_after=2023-09-13T00:00:00+00:00
[2023-09-13T19:20:51.421+0000] {processor.py:179} INFO - Processing /home/airflow/.local/lib/python3.8/site-packages/airflow/example_dags/example_bash_operator.py took 0.084 seconds
[2023-09-13T19:21:21.639+0000] {processor.py:157} INFO - Started process (PID=631) to work on /home/airflow/.local/lib/python3.8/site-packages/airflow/example_dags/example_bash_operator.py
[2023-09-13T19:21:21.640+0000] {processor.py:829} INFO - Processing file /home/airflow/.local/lib/python3.8/site-packages/airflow/example_dags/example_bash_operator.py for tasks to queue
[2023-09-13T19:21:21.642+0000] {logging_mixin.py:151} INFO - [2023-09-13T19:21:21.642+0000] {dagbag.py:539} INFO - Filling up the DagBag from /home/airflow/.local/lib/python3.8/site-packages/airflow/example_dags/example_bash_operator.py
[2023-09-13T19:21:21.652+0000] {processor.py:839} INFO - DAG(s) dict_keys(['example_bash_operator']) retrieved from /home/airflow/.local/lib/python3.8/site-packages/airflow/example_dags/example_bash_operator.py
[2023-09-13T19:21:21.677+0000] {logging_mixin.py:151} INFO - [2023-09-13T19:21:21.677+0000] {dag.py:2915} INFO - Sync 1 DAGs
[2023-09-13T19:21:21.694+0000] {logging_mixin.py:151} INFO - [2023-09-13T19:21:21.694+0000] {dag.py:3696} INFO - Setting next_dagrun for example_bash_operator to 2023-09-12T00:00:00+00:00, run_after=2023-09-13T00:00:00+00:00
[2023-09-13T19:21:21.706+0000] {processor.py:179} INFO - Processing /home/airflow/.local/lib/python3.8/site-packages/airflow/example_dags/example_bash_operator.py took 0.071 seconds
[2023-09-13T19:21:52.263+0000] {processor.py:157} INFO - Started process (PID=685) to work on /home/airflow/.local/lib/python3.8/site-packages/airflow/example_dags/example_bash_operator.py
[2023-09-13T19:21:52.265+0000] {processor.py:829} INFO - Processing file /home/airflow/.local/lib/python3.8/site-packages/airflow/example_dags/example_bash_operator.py for tasks to queue
[2023-09-13T19:21:52.267+0000] {logging_mixin.py:151} INFO - [2023-09-13T19:21:52.267+0000] {dagbag.py:539} INFO - Filling up the DagBag from /home/airflow/.local/lib/python3.8/site-packages/airflow/example_dags/example_bash_operator.py
[2023-09-13T19:21:52.277+0000] {processor.py:839} INFO - DAG(s) dict_keys(['example_bash_operator']) retrieved from /home/airflow/.local/lib/python3.8/site-packages/airflow/example_dags/example_bash_operator.py
[2023-09-13T19:21:52.301+0000] {logging_mixin.py:151} INFO - [2023-09-13T19:21:52.301+0000] {dag.py:2915} INFO - Sync 1 DAGs
[2023-09-13T19:21:52.318+0000] {logging_mixin.py:151} INFO - [2023-09-13T19:21:52.318+0000] {dag.py:3696} INFO - Setting next_dagrun for example_bash_operator to 2023-09-12T00:00:00+00:00, run_after=2023-09-13T00:00:00+00:00
[2023-09-13T19:21:52.330+0000] {processor.py:179} INFO - Processing /home/airflow/.local/lib/python3.8/site-packages/airflow/example_dags/example_bash_operator.py took 0.070 seconds
[2023-09-13T19:22:22.924+0000] {processor.py:157} INFO - Started process (PID=739) to work on /home/airflow/.local/lib/python3.8/site-packages/airflow/example_dags/example_bash_operator.py
[2023-09-13T19:22:22.925+0000] {processor.py:829} INFO - Processing file /home/airflow/.local/lib/python3.8/site-packages/airflow/example_dags/example_bash_operator.py for tasks to queue
[2023-09-13T19:22:22.928+0000] {logging_mixin.py:151} INFO - [2023-09-13T19:22:22.928+0000] {dagbag.py:539} INFO - Filling up the DagBag from /home/airflow/.local/lib/python3.8/site-packages/airflow/example_dags/example_bash_operator.py
[2023-09-13T19:22:22.939+0000] {processor.py:839} INFO - DAG(s) dict_keys(['example_bash_operator']) retrieved from /home/airflow/.local/lib/python3.8/site-packages/airflow/example_dags/example_bash_operator.py
[2023-09-13T19:22:22.966+0000] {logging_mixin.py:151} INFO - [2023-09-13T19:22:22.966+0000] {dag.py:2915} INFO - Sync 1 DAGs
[2023-09-13T19:22:22.985+0000] {logging_mixin.py:151} INFO - [2023-09-13T19:22:22.985+0000] {dag.py:3696} INFO - Setting next_dagrun for example_bash_operator to 2023-09-12T00:00:00+00:00, run_after=2023-09-13T00:00:00+00:00
[2023-09-13T19:22:22.998+0000] {processor.py:179} INFO - Processing /home/airflow/.local/lib/python3.8/site-packages/airflow/example_dags/example_bash_operator.py took 0.078 seconds
[2023-09-13T19:22:53.334+0000] {processor.py:157} INFO - Started process (PID=793) to work on /home/airflow/.local/lib/python3.8/site-packages/airflow/example_dags/example_bash_operator.py
[2023-09-13T19:22:53.336+0000] {processor.py:829} INFO - Processing file /home/airflow/.local/lib/python3.8/site-packages/airflow/example_dags/example_bash_operator.py for tasks to queue
[2023-09-13T19:22:53.340+0000] {logging_mixin.py:151} INFO - [2023-09-13T19:22:53.340+0000] {dagbag.py:539} INFO - Filling up the DagBag from /home/airflow/.local/lib/python3.8/site-packages/airflow/example_dags/example_bash_operator.py
[2023-09-13T19:22:53.353+0000] {processor.py:839} INFO - DAG(s) dict_keys(['example_bash_operator']) retrieved from /home/airflow/.local/lib/python3.8/site-packages/airflow/example_dags/example_bash_operator.py
[2023-09-13T19:22:53.389+0000] {logging_mixin.py:151} INFO - [2023-09-13T19:22:53.389+0000] {dag.py:2915} INFO - Sync 1 DAGs
[2023-09-13T19:22:53.415+0000] {logging_mixin.py:151} INFO - [2023-09-13T19:22:53.415+0000] {dag.py:3696} INFO - Setting next_dagrun for example_bash_operator to 2023-09-12T00:00:00+00:00, run_after=2023-09-13T00:00:00+00:00
[2023-09-13T19:22:53.431+0000] {processor.py:179} INFO - Processing /home/airflow/.local/lib/python3.8/site-packages/airflow/example_dags/example_bash_operator.py took 0.101 seconds
[2023-09-13T19:23:23.623+0000] {processor.py:157} INFO - Started process (PID=847) to work on /home/airflow/.local/lib/python3.8/site-packages/airflow/example_dags/example_bash_operator.py
[2023-09-13T19:23:23.624+0000] {processor.py:829} INFO - Processing file /home/airflow/.local/lib/python3.8/site-packages/airflow/example_dags/example_bash_operator.py for tasks to queue
[2023-09-13T19:23:23.627+0000] {logging_mixin.py:151} INFO - [2023-09-13T19:23:23.627+0000] {dagbag.py:539} INFO - Filling up the DagBag from /home/airflow/.local/lib/python3.8/site-packages/airflow/example_dags/example_bash_operator.py
[2023-09-13T19:23:23.639+0000] {processor.py:839} INFO - DAG(s) dict_keys(['example_bash_operator']) retrieved from /home/airflow/.local/lib/python3.8/site-packages/airflow/example_dags/example_bash_operator.py
[2023-09-13T19:23:23.670+0000] {logging_mixin.py:151} INFO - [2023-09-13T19:23:23.670+0000] {dag.py:2915} INFO - Sync 1 DAGs
[2023-09-13T19:23:23.691+0000] {logging_mixin.py:151} INFO - [2023-09-13T19:23:23.691+0000] {dag.py:3696} INFO - Setting next_dagrun for example_bash_operator to 2023-09-12T00:00:00+00:00, run_after=2023-09-13T00:00:00+00:00
[2023-09-13T19:23:23.705+0000] {processor.py:179} INFO - Processing /home/airflow/.local/lib/python3.8/site-packages/airflow/example_dags/example_bash_operator.py took 0.086 seconds
[2023-09-13T19:23:53.847+0000] {processor.py:157} INFO - Started process (PID=901) to work on /home/airflow/.local/lib/python3.8/site-packages/airflow/example_dags/example_bash_operator.py
[2023-09-13T19:23:53.848+0000] {processor.py:829} INFO - Processing file /home/airflow/.local/lib/python3.8/site-packages/airflow/example_dags/example_bash_operator.py for tasks to queue
[2023-09-13T19:23:53.850+0000] {logging_mixin.py:151} INFO - [2023-09-13T19:23:53.850+0000] {dagbag.py:539} INFO - Filling up the DagBag from /home/airflow/.local/lib/python3.8/site-packages/airflow/example_dags/example_bash_operator.py
[2023-09-13T19:23:53.860+0000] {processor.py:839} INFO - DAG(s) dict_keys(['example_bash_operator']) retrieved from /home/airflow/.local/lib/python3.8/site-packages/airflow/example_dags/example_bash_operator.py
[2023-09-13T19:23:53.885+0000] {logging_mixin.py:151} INFO - [2023-09-13T19:23:53.885+0000] {dag.py:2915} INFO - Sync 1 DAGs
[2023-09-13T19:23:53.903+0000] {logging_mixin.py:151} INFO - [2023-09-13T19:23:53.902+0000] {dag.py:3696} INFO - Setting next_dagrun for example_bash_operator to 2023-09-12T00:00:00+00:00, run_after=2023-09-13T00:00:00+00:00
[2023-09-13T19:23:53.915+0000] {processor.py:179} INFO - Processing /home/airflow/.local/lib/python3.8/site-packages/airflow/example_dags/example_bash_operator.py took 0.072 seconds
[2023-09-13T19:24:23.987+0000] {processor.py:157} INFO - Started process (PID=955) to work on /home/airflow/.local/lib/python3.8/site-packages/airflow/example_dags/example_bash_operator.py
[2023-09-13T19:24:23.988+0000] {processor.py:829} INFO - Processing file /home/airflow/.local/lib/python3.8/site-packages/airflow/example_dags/example_bash_operator.py for tasks to queue
[2023-09-13T19:24:23.991+0000] {logging_mixin.py:151} INFO - [2023-09-13T19:24:23.990+0000] {dagbag.py:539} INFO - Filling up the DagBag from /home/airflow/.local/lib/python3.8/site-packages/airflow/example_dags/example_bash_operator.py
[2023-09-13T19:24:24.001+0000] {processor.py:839} INFO - DAG(s) dict_keys(['example_bash_operator']) retrieved from /home/airflow/.local/lib/python3.8/site-packages/airflow/example_dags/example_bash_operator.py
[2023-09-13T19:24:24.027+0000] {logging_mixin.py:151} INFO - [2023-09-13T19:24:24.027+0000] {dag.py:2915} INFO - Sync 1 DAGs
[2023-09-13T19:24:24.044+0000] {logging_mixin.py:151} INFO - [2023-09-13T19:24:24.044+0000] {dag.py:3696} INFO - Setting next_dagrun for example_bash_operator to 2023-09-12T00:00:00+00:00, run_after=2023-09-13T00:00:00+00:00
[2023-09-13T19:24:24.056+0000] {processor.py:179} INFO - Processing /home/airflow/.local/lib/python3.8/site-packages/airflow/example_dags/example_bash_operator.py took 0.072 seconds
[2023-09-13T19:24:54.313+0000] {processor.py:157} INFO - Started process (PID=1010) to work on /home/airflow/.local/lib/python3.8/site-packages/airflow/example_dags/example_bash_operator.py
[2023-09-13T19:24:54.314+0000] {processor.py:829} INFO - Processing file /home/airflow/.local/lib/python3.8/site-packages/airflow/example_dags/example_bash_operator.py for tasks to queue
[2023-09-13T19:24:54.317+0000] {logging_mixin.py:151} INFO - [2023-09-13T19:24:54.317+0000] {dagbag.py:539} INFO - Filling up the DagBag from /home/airflow/.local/lib/python3.8/site-packages/airflow/example_dags/example_bash_operator.py
[2023-09-13T19:24:54.328+0000] {processor.py:839} INFO - DAG(s) dict_keys(['example_bash_operator']) retrieved from /home/airflow/.local/lib/python3.8/site-packages/airflow/example_dags/example_bash_operator.py
[2023-09-13T19:24:54.353+0000] {logging_mixin.py:151} INFO - [2023-09-13T19:24:54.353+0000] {dag.py:2915} INFO - Sync 1 DAGs
[2023-09-13T19:24:54.370+0000] {logging_mixin.py:151} INFO - [2023-09-13T19:24:54.370+0000] {dag.py:3696} INFO - Setting next_dagrun for example_bash_operator to 2023-09-12T00:00:00+00:00, run_after=2023-09-13T00:00:00+00:00
[2023-09-13T19:24:54.381+0000] {processor.py:179} INFO - Processing /home/airflow/.local/lib/python3.8/site-packages/airflow/example_dags/example_bash_operator.py took 0.073 seconds
[2023-09-13T19:25:24.511+0000] {processor.py:157} INFO - Started process (PID=1063) to work on /home/airflow/.local/lib/python3.8/site-packages/airflow/example_dags/example_bash_operator.py
[2023-09-13T19:25:24.513+0000] {processor.py:829} INFO - Processing file /home/airflow/.local/lib/python3.8/site-packages/airflow/example_dags/example_bash_operator.py for tasks to queue
[2023-09-13T19:25:24.516+0000] {logging_mixin.py:151} INFO - [2023-09-13T19:25:24.516+0000] {dagbag.py:539} INFO - Filling up the DagBag from /home/airflow/.local/lib/python3.8/site-packages/airflow/example_dags/example_bash_operator.py
[2023-09-13T19:25:24.528+0000] {processor.py:839} INFO - DAG(s) dict_keys(['example_bash_operator']) retrieved from /home/airflow/.local/lib/python3.8/site-packages/airflow/example_dags/example_bash_operator.py
[2023-09-13T19:25:24.554+0000] {logging_mixin.py:151} INFO - [2023-09-13T19:25:24.554+0000] {dag.py:2915} INFO - Sync 1 DAGs
[2023-09-13T19:25:24.572+0000] {logging_mixin.py:151} INFO - [2023-09-13T19:25:24.572+0000] {dag.py:3696} INFO - Setting next_dagrun for example_bash_operator to 2023-09-12T00:00:00+00:00, run_after=2023-09-13T00:00:00+00:00
[2023-09-13T19:25:24.585+0000] {processor.py:179} INFO - Processing /home/airflow/.local/lib/python3.8/site-packages/airflow/example_dags/example_bash_operator.py took 0.077 seconds
[2023-09-13T19:25:55.537+0000] {processor.py:157} INFO - Started process (PID=1118) to work on /home/airflow/.local/lib/python3.8/site-packages/airflow/example_dags/example_bash_operator.py
[2023-09-13T19:25:55.539+0000] {processor.py:829} INFO - Processing file /home/airflow/.local/lib/python3.8/site-packages/airflow/example_dags/example_bash_operator.py for tasks to queue
[2023-09-13T19:25:55.542+0000] {logging_mixin.py:151} INFO - [2023-09-13T19:25:55.541+0000] {dagbag.py:539} INFO - Filling up the DagBag from /home/airflow/.local/lib/python3.8/site-packages/airflow/example_dags/example_bash_operator.py
[2023-09-13T19:25:55.553+0000] {processor.py:839} INFO - DAG(s) dict_keys(['example_bash_operator']) retrieved from /home/airflow/.local/lib/python3.8/site-packages/airflow/example_dags/example_bash_operator.py
[2023-09-13T19:25:55.577+0000] {logging_mixin.py:151} INFO - [2023-09-13T19:25:55.577+0000] {dag.py:2915} INFO - Sync 1 DAGs
[2023-09-13T19:25:55.595+0000] {logging_mixin.py:151} INFO - [2023-09-13T19:25:55.595+0000] {dag.py:3696} INFO - Setting next_dagrun for example_bash_operator to 2023-09-12T00:00:00+00:00, run_after=2023-09-13T00:00:00+00:00
[2023-09-13T19:25:55.607+0000] {processor.py:179} INFO - Processing /home/airflow/.local/lib/python3.8/site-packages/airflow/example_dags/example_bash_operator.py took 0.073 seconds
[2023-09-13T19:26:25.786+0000] {processor.py:157} INFO - Started process (PID=1174) to work on /home/airflow/.local/lib/python3.8/site-packages/airflow/example_dags/example_bash_operator.py
[2023-09-13T19:26:25.788+0000] {processor.py:829} INFO - Processing file /home/airflow/.local/lib/python3.8/site-packages/airflow/example_dags/example_bash_operator.py for tasks to queue
[2023-09-13T19:26:25.791+0000] {logging_mixin.py:151} INFO - [2023-09-13T19:26:25.790+0000] {dagbag.py:539} INFO - Filling up the DagBag from /home/airflow/.local/lib/python3.8/site-packages/airflow/example_dags/example_bash_operator.py
[2023-09-13T19:26:25.801+0000] {processor.py:839} INFO - DAG(s) dict_keys(['example_bash_operator']) retrieved from /home/airflow/.local/lib/python3.8/site-packages/airflow/example_dags/example_bash_operator.py
[2023-09-13T19:26:25.825+0000] {logging_mixin.py:151} INFO - [2023-09-13T19:26:25.825+0000] {dag.py:2915} INFO - Sync 1 DAGs
[2023-09-13T19:26:25.842+0000] {logging_mixin.py:151} INFO - [2023-09-13T19:26:25.842+0000] {dag.py:3696} INFO - Setting next_dagrun for example_bash_operator to 2023-09-12T00:00:00+00:00, run_after=2023-09-13T00:00:00+00:00
[2023-09-13T19:26:25.853+0000] {processor.py:179} INFO - Processing /home/airflow/.local/lib/python3.8/site-packages/airflow/example_dags/example_bash_operator.py took 0.071 seconds
[2023-09-13T19:26:56.371+0000] {processor.py:157} INFO - Started process (PID=1230) to work on /home/airflow/.local/lib/python3.8/site-packages/airflow/example_dags/example_bash_operator.py
[2023-09-13T19:26:56.373+0000] {processor.py:829} INFO - Processing file /home/airflow/.local/lib/python3.8/site-packages/airflow/example_dags/example_bash_operator.py for tasks to queue
[2023-09-13T19:26:56.375+0000] {logging_mixin.py:151} INFO - [2023-09-13T19:26:56.375+0000] {dagbag.py:539} INFO - Filling up the DagBag from /home/airflow/.local/lib/python3.8/site-packages/airflow/example_dags/example_bash_operator.py
[2023-09-13T19:26:56.385+0000] {processor.py:839} INFO - DAG(s) dict_keys(['example_bash_operator']) retrieved from /home/airflow/.local/lib/python3.8/site-packages/airflow/example_dags/example_bash_operator.py
[2023-09-13T19:26:56.410+0000] {logging_mixin.py:151} INFO - [2023-09-13T19:26:56.410+0000] {dag.py:2915} INFO - Sync 1 DAGs
[2023-09-13T19:26:56.427+0000] {logging_mixin.py:151} INFO - [2023-09-13T19:26:56.427+0000] {dag.py:3696} INFO - Setting next_dagrun for example_bash_operator to 2023-09-12T00:00:00+00:00, run_after=2023-09-13T00:00:00+00:00
[2023-09-13T19:26:56.439+0000] {processor.py:179} INFO - Processing /home/airflow/.local/lib/python3.8/site-packages/airflow/example_dags/example_bash_operator.py took 0.072 seconds
[2023-09-13T19:28:13.169+0000] {processor.py:157} INFO - Started process (PID=38) to work on /home/airflow/.local/lib/python3.8/site-packages/airflow/example_dags/example_bash_operator.py
[2023-09-13T19:28:13.171+0000] {processor.py:829} INFO - Processing file /home/airflow/.local/lib/python3.8/site-packages/airflow/example_dags/example_bash_operator.py for tasks to queue
[2023-09-13T19:28:13.174+0000] {logging_mixin.py:151} INFO - [2023-09-13T19:28:13.173+0000] {dagbag.py:539} INFO - Filling up the DagBag from /home/airflow/.local/lib/python3.8/site-packages/airflow/example_dags/example_bash_operator.py
[2023-09-13T19:28:13.201+0000] {processor.py:839} INFO - DAG(s) dict_keys(['example_bash_operator']) retrieved from /home/airflow/.local/lib/python3.8/site-packages/airflow/example_dags/example_bash_operator.py
[2023-09-13T19:28:13.232+0000] {logging_mixin.py:151} INFO - [2023-09-13T19:28:13.231+0000] {dag.py:2915} INFO - Sync 1 DAGs
[2023-09-13T19:28:13.274+0000] {logging_mixin.py:151} INFO - [2023-09-13T19:28:13.273+0000] {dag.py:3696} INFO - Setting next_dagrun for example_bash_operator to 2023-09-12T00:00:00+00:00, run_after=2023-09-13T00:00:00+00:00
[2023-09-13T19:28:13.319+0000] {processor.py:179} INFO - Processing /home/airflow/.local/lib/python3.8/site-packages/airflow/example_dags/example_bash_operator.py took 0.158 seconds
[2023-09-13T19:28:44.025+0000] {processor.py:157} INFO - Started process (PID=94) to work on /home/airflow/.local/lib/python3.8/site-packages/airflow/example_dags/example_bash_operator.py
[2023-09-13T19:28:44.027+0000] {processor.py:829} INFO - Processing file /home/airflow/.local/lib/python3.8/site-packages/airflow/example_dags/example_bash_operator.py for tasks to queue
[2023-09-13T19:28:44.030+0000] {logging_mixin.py:151} INFO - [2023-09-13T19:28:44.030+0000] {dagbag.py:539} INFO - Filling up the DagBag from /home/airflow/.local/lib/python3.8/site-packages/airflow/example_dags/example_bash_operator.py
[2023-09-13T19:28:44.043+0000] {processor.py:839} INFO - DAG(s) dict_keys(['example_bash_operator']) retrieved from /home/airflow/.local/lib/python3.8/site-packages/airflow/example_dags/example_bash_operator.py
[2023-09-13T19:28:44.081+0000] {logging_mixin.py:151} INFO - [2023-09-13T19:28:44.080+0000] {dag.py:2915} INFO - Sync 1 DAGs
[2023-09-13T19:28:44.099+0000] {logging_mixin.py:151} INFO - [2023-09-13T19:28:44.098+0000] {dag.py:3696} INFO - Setting next_dagrun for example_bash_operator to 2023-09-12T00:00:00+00:00, run_after=2023-09-13T00:00:00+00:00
[2023-09-13T19:28:44.111+0000] {processor.py:179} INFO - Processing /home/airflow/.local/lib/python3.8/site-packages/airflow/example_dags/example_bash_operator.py took 0.092 seconds
[2023-09-13T19:29:14.303+0000] {processor.py:157} INFO - Started process (PID=149) to work on /home/airflow/.local/lib/python3.8/site-packages/airflow/example_dags/example_bash_operator.py
[2023-09-13T19:29:14.305+0000] {processor.py:829} INFO - Processing file /home/airflow/.local/lib/python3.8/site-packages/airflow/example_dags/example_bash_operator.py for tasks to queue
[2023-09-13T19:29:14.307+0000] {logging_mixin.py:151} INFO - [2023-09-13T19:29:14.307+0000] {dagbag.py:539} INFO - Filling up the DagBag from /home/airflow/.local/lib/python3.8/site-packages/airflow/example_dags/example_bash_operator.py
[2023-09-13T19:29:14.319+0000] {processor.py:839} INFO - DAG(s) dict_keys(['example_bash_operator']) retrieved from /home/airflow/.local/lib/python3.8/site-packages/airflow/example_dags/example_bash_operator.py
[2023-09-13T19:29:14.344+0000] {logging_mixin.py:151} INFO - [2023-09-13T19:29:14.344+0000] {dag.py:2915} INFO - Sync 1 DAGs
[2023-09-13T19:29:14.362+0000] {logging_mixin.py:151} INFO - [2023-09-13T19:29:14.362+0000] {dag.py:3696} INFO - Setting next_dagrun for example_bash_operator to 2023-09-12T00:00:00+00:00, run_after=2023-09-13T00:00:00+00:00
[2023-09-13T19:29:14.374+0000] {processor.py:179} INFO - Processing /home/airflow/.local/lib/python3.8/site-packages/airflow/example_dags/example_bash_operator.py took 0.074 seconds
[2023-09-13T19:29:44.752+0000] {processor.py:157} INFO - Started process (PID=203) to work on /home/airflow/.local/lib/python3.8/site-packages/airflow/example_dags/example_bash_operator.py
[2023-09-13T19:29:44.753+0000] {processor.py:829} INFO - Processing file /home/airflow/.local/lib/python3.8/site-packages/airflow/example_dags/example_bash_operator.py for tasks to queue
[2023-09-13T19:29:44.756+0000] {logging_mixin.py:151} INFO - [2023-09-13T19:29:44.755+0000] {dagbag.py:539} INFO - Filling up the DagBag from /home/airflow/.local/lib/python3.8/site-packages/airflow/example_dags/example_bash_operator.py
[2023-09-13T19:29:44.766+0000] {processor.py:839} INFO - DAG(s) dict_keys(['example_bash_operator']) retrieved from /home/airflow/.local/lib/python3.8/site-packages/airflow/example_dags/example_bash_operator.py
[2023-09-13T19:29:44.794+0000] {logging_mixin.py:151} INFO - [2023-09-13T19:29:44.793+0000] {dag.py:2915} INFO - Sync 1 DAGs
[2023-09-13T19:29:44.812+0000] {logging_mixin.py:151} INFO - [2023-09-13T19:29:44.812+0000] {dag.py:3696} INFO - Setting next_dagrun for example_bash_operator to 2023-09-12T00:00:00+00:00, run_after=2023-09-13T00:00:00+00:00
[2023-09-13T19:29:44.827+0000] {processor.py:179} INFO - Processing /home/airflow/.local/lib/python3.8/site-packages/airflow/example_dags/example_bash_operator.py took 0.078 seconds
[2023-09-13T19:30:14.966+0000] {processor.py:157} INFO - Started process (PID=257) to work on /home/airflow/.local/lib/python3.8/site-packages/airflow/example_dags/example_bash_operator.py
[2023-09-13T19:30:14.967+0000] {processor.py:829} INFO - Processing file /home/airflow/.local/lib/python3.8/site-packages/airflow/example_dags/example_bash_operator.py for tasks to queue
[2023-09-13T19:30:14.971+0000] {logging_mixin.py:151} INFO - [2023-09-13T19:30:14.970+0000] {dagbag.py:539} INFO - Filling up the DagBag from /home/airflow/.local/lib/python3.8/site-packages/airflow/example_dags/example_bash_operator.py
[2023-09-13T19:30:14.983+0000] {processor.py:839} INFO - DAG(s) dict_keys(['example_bash_operator']) retrieved from /home/airflow/.local/lib/python3.8/site-packages/airflow/example_dags/example_bash_operator.py
[2023-09-13T19:30:15.011+0000] {logging_mixin.py:151} INFO - [2023-09-13T19:30:15.011+0000] {dag.py:2915} INFO - Sync 1 DAGs
[2023-09-13T19:30:15.030+0000] {logging_mixin.py:151} INFO - [2023-09-13T19:30:15.030+0000] {dag.py:3696} INFO - Setting next_dagrun for example_bash_operator to 2023-09-12T00:00:00+00:00, run_after=2023-09-13T00:00:00+00:00
[2023-09-13T19:30:15.043+0000] {processor.py:179} INFO - Processing /home/airflow/.local/lib/python3.8/site-packages/airflow/example_dags/example_bash_operator.py took 0.081 seconds
[2023-09-13T19:31:27.935+0000] {processor.py:157} INFO - Started process (PID=39) to work on /home/airflow/.local/lib/python3.8/site-packages/airflow/example_dags/example_bash_operator.py
[2023-09-13T19:31:27.942+0000] {processor.py:829} INFO - Processing file /home/airflow/.local/lib/python3.8/site-packages/airflow/example_dags/example_bash_operator.py for tasks to queue
[2023-09-13T19:31:27.947+0000] {logging_mixin.py:151} INFO - [2023-09-13T19:31:27.946+0000] {dagbag.py:539} INFO - Filling up the DagBag from /home/airflow/.local/lib/python3.8/site-packages/airflow/example_dags/example_bash_operator.py
[2023-09-13T19:31:28.003+0000] {processor.py:839} INFO - DAG(s) dict_keys(['example_bash_operator']) retrieved from /home/airflow/.local/lib/python3.8/site-packages/airflow/example_dags/example_bash_operator.py
[2023-09-13T19:31:28.042+0000] {logging_mixin.py:151} INFO - [2023-09-13T19:31:28.042+0000] {dag.py:2915} INFO - Sync 1 DAGs
[2023-09-13T19:31:28.091+0000] {logging_mixin.py:151} INFO - [2023-09-13T19:31:28.091+0000] {dag.py:3696} INFO - Setting next_dagrun for example_bash_operator to 2023-09-12T00:00:00+00:00, run_after=2023-09-13T00:00:00+00:00
[2023-09-13T19:31:28.119+0000] {processor.py:179} INFO - Processing /home/airflow/.local/lib/python3.8/site-packages/airflow/example_dags/example_bash_operator.py took 0.190 seconds
[2023-09-13T19:31:59.094+0000] {processor.py:157} INFO - Started process (PID=94) to work on /home/airflow/.local/lib/python3.8/site-packages/airflow/example_dags/example_bash_operator.py
[2023-09-13T19:31:59.096+0000] {processor.py:829} INFO - Processing file /home/airflow/.local/lib/python3.8/site-packages/airflow/example_dags/example_bash_operator.py for tasks to queue
[2023-09-13T19:31:59.098+0000] {logging_mixin.py:151} INFO - [2023-09-13T19:31:59.098+0000] {dagbag.py:539} INFO - Filling up the DagBag from /home/airflow/.local/lib/python3.8/site-packages/airflow/example_dags/example_bash_operator.py
[2023-09-13T19:31:59.111+0000] {processor.py:839} INFO - DAG(s) dict_keys(['example_bash_operator']) retrieved from /home/airflow/.local/lib/python3.8/site-packages/airflow/example_dags/example_bash_operator.py
[2023-09-13T19:31:59.146+0000] {logging_mixin.py:151} INFO - [2023-09-13T19:31:59.146+0000] {dag.py:2915} INFO - Sync 1 DAGs
[2023-09-13T19:31:59.169+0000] {logging_mixin.py:151} INFO - [2023-09-13T19:31:59.169+0000] {dag.py:3696} INFO - Setting next_dagrun for example_bash_operator to 2023-09-12T00:00:00+00:00, run_after=2023-09-13T00:00:00+00:00
[2023-09-13T19:31:59.189+0000] {processor.py:179} INFO - Processing /home/airflow/.local/lib/python3.8/site-packages/airflow/example_dags/example_bash_operator.py took 0.099 seconds
[2023-09-13T19:32:29.836+0000] {processor.py:157} INFO - Started process (PID=149) to work on /home/airflow/.local/lib/python3.8/site-packages/airflow/example_dags/example_bash_operator.py
[2023-09-13T19:32:29.837+0000] {processor.py:829} INFO - Processing file /home/airflow/.local/lib/python3.8/site-packages/airflow/example_dags/example_bash_operator.py for tasks to queue
[2023-09-13T19:32:29.840+0000] {logging_mixin.py:151} INFO - [2023-09-13T19:32:29.840+0000] {dagbag.py:539} INFO - Filling up the DagBag from /home/airflow/.local/lib/python3.8/site-packages/airflow/example_dags/example_bash_operator.py
[2023-09-13T19:32:29.850+0000] {processor.py:839} INFO - DAG(s) dict_keys(['example_bash_operator']) retrieved from /home/airflow/.local/lib/python3.8/site-packages/airflow/example_dags/example_bash_operator.py
[2023-09-13T19:32:29.875+0000] {logging_mixin.py:151} INFO - [2023-09-13T19:32:29.875+0000] {dag.py:2915} INFO - Sync 1 DAGs
[2023-09-13T19:32:29.892+0000] {logging_mixin.py:151} INFO - [2023-09-13T19:32:29.892+0000] {dag.py:3696} INFO - Setting next_dagrun for example_bash_operator to 2023-09-12T00:00:00+00:00, run_after=2023-09-13T00:00:00+00:00
[2023-09-13T19:32:29.905+0000] {processor.py:179} INFO - Processing /home/airflow/.local/lib/python3.8/site-packages/airflow/example_dags/example_bash_operator.py took 0.072 seconds
[2023-09-13T19:32:59.986+0000] {processor.py:157} INFO - Started process (PID=204) to work on /home/airflow/.local/lib/python3.8/site-packages/airflow/example_dags/example_bash_operator.py
[2023-09-13T19:32:59.988+0000] {processor.py:829} INFO - Processing file /home/airflow/.local/lib/python3.8/site-packages/airflow/example_dags/example_bash_operator.py for tasks to queue
[2023-09-13T19:32:59.991+0000] {logging_mixin.py:151} INFO - [2023-09-13T19:32:59.990+0000] {dagbag.py:539} INFO - Filling up the DagBag from /home/airflow/.local/lib/python3.8/site-packages/airflow/example_dags/example_bash_operator.py
[2023-09-13T19:33:00.002+0000] {processor.py:839} INFO - DAG(s) dict_keys(['example_bash_operator']) retrieved from /home/airflow/.local/lib/python3.8/site-packages/airflow/example_dags/example_bash_operator.py
[2023-09-13T19:33:00.027+0000] {logging_mixin.py:151} INFO - [2023-09-13T19:33:00.027+0000] {dag.py:2915} INFO - Sync 1 DAGs
[2023-09-13T19:33:00.045+0000] {logging_mixin.py:151} INFO - [2023-09-13T19:33:00.045+0000] {dag.py:3696} INFO - Setting next_dagrun for example_bash_operator to 2023-09-12T00:00:00+00:00, run_after=2023-09-13T00:00:00+00:00
[2023-09-13T19:33:00.058+0000] {processor.py:179} INFO - Processing /home/airflow/.local/lib/python3.8/site-packages/airflow/example_dags/example_bash_operator.py took 0.075 seconds
[2023-09-13T19:33:30.193+0000] {processor.py:157} INFO - Started process (PID=259) to work on /home/airflow/.local/lib/python3.8/site-packages/airflow/example_dags/example_bash_operator.py
[2023-09-13T19:33:30.195+0000] {processor.py:829} INFO - Processing file /home/airflow/.local/lib/python3.8/site-packages/airflow/example_dags/example_bash_operator.py for tasks to queue
[2023-09-13T19:33:30.198+0000] {logging_mixin.py:151} INFO - [2023-09-13T19:33:30.197+0000] {dagbag.py:539} INFO - Filling up the DagBag from /home/airflow/.local/lib/python3.8/site-packages/airflow/example_dags/example_bash_operator.py
[2023-09-13T19:33:30.209+0000] {processor.py:839} INFO - DAG(s) dict_keys(['example_bash_operator']) retrieved from /home/airflow/.local/lib/python3.8/site-packages/airflow/example_dags/example_bash_operator.py
[2023-09-13T19:33:30.262+0000] {logging_mixin.py:151} INFO - [2023-09-13T19:33:30.262+0000] {dag.py:2915} INFO - Sync 1 DAGs
[2023-09-13T19:33:30.292+0000] {logging_mixin.py:151} INFO - [2023-09-13T19:33:30.291+0000] {dag.py:3696} INFO - Setting next_dagrun for example_bash_operator to 2023-09-12T00:00:00+00:00, run_after=2023-09-13T00:00:00+00:00
[2023-09-13T19:33:30.306+0000] {processor.py:179} INFO - Processing /home/airflow/.local/lib/python3.8/site-packages/airflow/example_dags/example_bash_operator.py took 0.118 seconds
[2023-09-13T19:34:00.918+0000] {processor.py:157} INFO - Started process (PID=314) to work on /home/airflow/.local/lib/python3.8/site-packages/airflow/example_dags/example_bash_operator.py
[2023-09-13T19:34:00.919+0000] {processor.py:829} INFO - Processing file /home/airflow/.local/lib/python3.8/site-packages/airflow/example_dags/example_bash_operator.py for tasks to queue
[2023-09-13T19:34:00.923+0000] {logging_mixin.py:151} INFO - [2023-09-13T19:34:00.922+0000] {dagbag.py:539} INFO - Filling up the DagBag from /home/airflow/.local/lib/python3.8/site-packages/airflow/example_dags/example_bash_operator.py
[2023-09-13T19:34:00.934+0000] {processor.py:839} INFO - DAG(s) dict_keys(['example_bash_operator']) retrieved from /home/airflow/.local/lib/python3.8/site-packages/airflow/example_dags/example_bash_operator.py
[2023-09-13T19:34:00.965+0000] {logging_mixin.py:151} INFO - [2023-09-13T19:34:00.965+0000] {dag.py:2915} INFO - Sync 1 DAGs
[2023-09-13T19:34:00.987+0000] {logging_mixin.py:151} INFO - [2023-09-13T19:34:00.987+0000] {dag.py:3696} INFO - Setting next_dagrun for example_bash_operator to 2023-09-12T00:00:00+00:00, run_after=2023-09-13T00:00:00+00:00
[2023-09-13T19:34:01.006+0000] {processor.py:179} INFO - Processing /home/airflow/.local/lib/python3.8/site-packages/airflow/example_dags/example_bash_operator.py took 0.093 seconds
