[2023-09-13T19:15:48.559+0000] {processor.py:157} INFO - Started process (PID=41) to work on /home/airflow/.local/lib/python3.8/site-packages/airflow/example_dags/example_branch_datetime_operator.py
[2023-09-13T19:15:48.562+0000] {processor.py:829} INFO - Processing file /home/airflow/.local/lib/python3.8/site-packages/airflow/example_dags/example_branch_datetime_operator.py for tasks to queue
[2023-09-13T19:15:48.566+0000] {logging_mixin.py:151} INFO - [2023-09-13T19:15:48.566+0000] {dagbag.py:539} INFO - Filling up the DagBag from /home/airflow/.local/lib/python3.8/site-packages/airflow/example_dags/example_branch_datetime_operator.py
[2023-09-13T19:15:48.585+0000] {processor.py:839} INFO - DAG(s) dict_keys(['example_branch_datetime_operator', 'example_branch_datetime_operator_2', 'example_branch_datetime_operator_3']) retrieved from /home/airflow/.local/lib/python3.8/site-packages/airflow/example_dags/example_branch_datetime_operator.py
[2023-09-13T19:15:48.760+0000] {logging_mixin.py:151} INFO - [2023-09-13T19:15:48.759+0000] {manager.py:499} INFO - Created Permission View: %s
[2023-09-13T19:15:48.774+0000] {logging_mixin.py:151} INFO - [2023-09-13T19:15:48.774+0000] {manager.py:499} INFO - Created Permission View: %s
[2023-09-13T19:15:48.780+0000] {logging_mixin.py:151} INFO - [2023-09-13T19:15:48.779+0000] {manager.py:499} INFO - Created Permission View: %s
[2023-09-13T19:15:48.781+0000] {logging_mixin.py:151} INFO - [2023-09-13T19:15:48.781+0000] {security.py:708} INFO - Not syncing DAG-level permissions for DAG 'DAG:example_branch_datetime_operator' as access control is unset.
[2023-09-13T19:15:48.793+0000] {logging_mixin.py:151} INFO - [2023-09-13T19:15:48.793+0000] {manager.py:499} INFO - Created Permission View: %s
[2023-09-13T19:15:48.799+0000] {logging_mixin.py:151} INFO - [2023-09-13T19:15:48.799+0000] {manager.py:499} INFO - Created Permission View: %s
[2023-09-13T19:15:48.805+0000] {logging_mixin.py:151} INFO - [2023-09-13T19:15:48.805+0000] {manager.py:499} INFO - Created Permission View: %s
[2023-09-13T19:15:48.806+0000] {logging_mixin.py:151} INFO - [2023-09-13T19:15:48.806+0000] {security.py:708} INFO - Not syncing DAG-level permissions for DAG 'DAG:example_branch_datetime_operator_2' as access control is unset.
[2023-09-13T19:15:48.816+0000] {logging_mixin.py:151} INFO - [2023-09-13T19:15:48.816+0000] {manager.py:499} INFO - Created Permission View: %s
[2023-09-13T19:15:48.821+0000] {logging_mixin.py:151} INFO - [2023-09-13T19:15:48.821+0000] {manager.py:499} INFO - Created Permission View: %s
[2023-09-13T19:15:48.827+0000] {logging_mixin.py:151} INFO - [2023-09-13T19:15:48.826+0000] {manager.py:499} INFO - Created Permission View: %s
[2023-09-13T19:15:48.827+0000] {logging_mixin.py:151} INFO - [2023-09-13T19:15:48.827+0000] {security.py:708} INFO - Not syncing DAG-level permissions for DAG 'DAG:example_branch_datetime_operator_3' as access control is unset.
[2023-09-13T19:15:48.828+0000] {logging_mixin.py:151} INFO - [2023-09-13T19:15:48.828+0000] {dag.py:2915} INFO - Sync 3 DAGs
[2023-09-13T19:15:48.843+0000] {logging_mixin.py:151} INFO - [2023-09-13T19:15:48.843+0000] {dag.py:2937} INFO - Creating ORM DAG for example_branch_datetime_operator
[2023-09-13T19:15:48.845+0000] {logging_mixin.py:151} INFO - [2023-09-13T19:15:48.845+0000] {dag.py:2937} INFO - Creating ORM DAG for example_branch_datetime_operator_2
[2023-09-13T19:15:48.847+0000] {logging_mixin.py:151} INFO - [2023-09-13T19:15:48.847+0000] {dag.py:2937} INFO - Creating ORM DAG for example_branch_datetime_operator_3
[2023-09-13T19:15:48.876+0000] {logging_mixin.py:151} INFO - [2023-09-13T19:15:48.876+0000] {dag.py:3696} INFO - Setting next_dagrun for example_branch_datetime_operator to 2023-09-12T00:00:00+00:00, run_after=2023-09-13T00:00:00+00:00
[2023-09-13T19:15:48.887+0000] {logging_mixin.py:151} INFO - [2023-09-13T19:15:48.886+0000] {dag.py:3696} INFO - Setting next_dagrun for example_branch_datetime_operator_2 to 2023-09-12T00:00:00+00:00, run_after=2023-09-13T00:00:00+00:00
[2023-09-13T19:15:48.890+0000] {logging_mixin.py:151} INFO - [2023-09-13T19:15:48.890+0000] {dag.py:3696} INFO - Setting next_dagrun for example_branch_datetime_operator_3 to 2023-09-12T00:00:00+00:00, run_after=2023-09-13T00:00:00+00:00
[2023-09-13T19:15:48.913+0000] {processor.py:179} INFO - Processing /home/airflow/.local/lib/python3.8/site-packages/airflow/example_dags/example_branch_datetime_operator.py took 0.360 seconds
[2023-09-13T19:16:19.490+0000] {processor.py:157} INFO - Started process (PID=94) to work on /home/airflow/.local/lib/python3.8/site-packages/airflow/example_dags/example_branch_datetime_operator.py
[2023-09-13T19:16:19.492+0000] {processor.py:829} INFO - Processing file /home/airflow/.local/lib/python3.8/site-packages/airflow/example_dags/example_branch_datetime_operator.py for tasks to queue
[2023-09-13T19:16:19.495+0000] {logging_mixin.py:151} INFO - [2023-09-13T19:16:19.494+0000] {dagbag.py:539} INFO - Filling up the DagBag from /home/airflow/.local/lib/python3.8/site-packages/airflow/example_dags/example_branch_datetime_operator.py
[2023-09-13T19:16:19.504+0000] {processor.py:839} INFO - DAG(s) dict_keys(['example_branch_datetime_operator_2', 'example_branch_datetime_operator_3', 'example_branch_datetime_operator']) retrieved from /home/airflow/.local/lib/python3.8/site-packages/airflow/example_dags/example_branch_datetime_operator.py
[2023-09-13T19:16:19.528+0000] {logging_mixin.py:151} INFO - [2023-09-13T19:16:19.528+0000] {dag.py:2915} INFO - Sync 3 DAGs
[2023-09-13T19:16:19.546+0000] {logging_mixin.py:151} INFO - [2023-09-13T19:16:19.546+0000] {dag.py:3696} INFO - Setting next_dagrun for example_branch_datetime_operator to 2023-09-12T00:00:00+00:00, run_after=2023-09-13T00:00:00+00:00
[2023-09-13T19:16:19.550+0000] {logging_mixin.py:151} INFO - [2023-09-13T19:16:19.550+0000] {dag.py:3696} INFO - Setting next_dagrun for example_branch_datetime_operator_2 to 2023-09-12T00:00:00+00:00, run_after=2023-09-13T00:00:00+00:00
[2023-09-13T19:16:19.552+0000] {logging_mixin.py:151} INFO - [2023-09-13T19:16:19.552+0000] {dag.py:3696} INFO - Setting next_dagrun for example_branch_datetime_operator_3 to 2023-09-12T00:00:00+00:00, run_after=2023-09-13T00:00:00+00:00
[2023-09-13T19:16:19.563+0000] {processor.py:179} INFO - Processing /home/airflow/.local/lib/python3.8/site-packages/airflow/example_dags/example_branch_datetime_operator.py took 0.077 seconds
[2023-09-13T19:16:49.721+0000] {processor.py:157} INFO - Started process (PID=147) to work on /home/airflow/.local/lib/python3.8/site-packages/airflow/example_dags/example_branch_datetime_operator.py
[2023-09-13T19:16:49.722+0000] {processor.py:829} INFO - Processing file /home/airflow/.local/lib/python3.8/site-packages/airflow/example_dags/example_branch_datetime_operator.py for tasks to queue
[2023-09-13T19:16:49.725+0000] {logging_mixin.py:151} INFO - [2023-09-13T19:16:49.724+0000] {dagbag.py:539} INFO - Filling up the DagBag from /home/airflow/.local/lib/python3.8/site-packages/airflow/example_dags/example_branch_datetime_operator.py
[2023-09-13T19:16:49.734+0000] {processor.py:839} INFO - DAG(s) dict_keys(['example_branch_datetime_operator_2', 'example_branch_datetime_operator', 'example_branch_datetime_operator_3']) retrieved from /home/airflow/.local/lib/python3.8/site-packages/airflow/example_dags/example_branch_datetime_operator.py
[2023-09-13T19:16:49.758+0000] {logging_mixin.py:151} INFO - [2023-09-13T19:16:49.758+0000] {dag.py:2915} INFO - Sync 3 DAGs
[2023-09-13T19:16:49.776+0000] {logging_mixin.py:151} INFO - [2023-09-13T19:16:49.776+0000] {dag.py:3696} INFO - Setting next_dagrun for example_branch_datetime_operator to 2023-09-12T00:00:00+00:00, run_after=2023-09-13T00:00:00+00:00
[2023-09-13T19:16:49.780+0000] {logging_mixin.py:151} INFO - [2023-09-13T19:16:49.780+0000] {dag.py:3696} INFO - Setting next_dagrun for example_branch_datetime_operator_2 to 2023-09-12T00:00:00+00:00, run_after=2023-09-13T00:00:00+00:00
[2023-09-13T19:16:49.782+0000] {logging_mixin.py:151} INFO - [2023-09-13T19:16:49.782+0000] {dag.py:3696} INFO - Setting next_dagrun for example_branch_datetime_operator_3 to 2023-09-12T00:00:00+00:00, run_after=2023-09-13T00:00:00+00:00
[2023-09-13T19:16:49.793+0000] {processor.py:179} INFO - Processing /home/airflow/.local/lib/python3.8/site-packages/airflow/example_dags/example_branch_datetime_operator.py took 0.076 seconds
[2023-09-13T19:17:20.132+0000] {processor.py:157} INFO - Started process (PID=201) to work on /home/airflow/.local/lib/python3.8/site-packages/airflow/example_dags/example_branch_datetime_operator.py
[2023-09-13T19:17:20.134+0000] {processor.py:829} INFO - Processing file /home/airflow/.local/lib/python3.8/site-packages/airflow/example_dags/example_branch_datetime_operator.py for tasks to queue
[2023-09-13T19:17:20.137+0000] {logging_mixin.py:151} INFO - [2023-09-13T19:17:20.137+0000] {dagbag.py:539} INFO - Filling up the DagBag from /home/airflow/.local/lib/python3.8/site-packages/airflow/example_dags/example_branch_datetime_operator.py
[2023-09-13T19:17:20.147+0000] {processor.py:839} INFO - DAG(s) dict_keys(['example_branch_datetime_operator_2', 'example_branch_datetime_operator', 'example_branch_datetime_operator_3']) retrieved from /home/airflow/.local/lib/python3.8/site-packages/airflow/example_dags/example_branch_datetime_operator.py
[2023-09-13T19:17:20.174+0000] {logging_mixin.py:151} INFO - [2023-09-13T19:17:20.174+0000] {dag.py:2915} INFO - Sync 3 DAGs
[2023-09-13T19:17:20.192+0000] {logging_mixin.py:151} INFO - [2023-09-13T19:17:20.192+0000] {dag.py:3696} INFO - Setting next_dagrun for example_branch_datetime_operator to 2023-09-12T00:00:00+00:00, run_after=2023-09-13T00:00:00+00:00
[2023-09-13T19:17:20.196+0000] {logging_mixin.py:151} INFO - [2023-09-13T19:17:20.196+0000] {dag.py:3696} INFO - Setting next_dagrun for example_branch_datetime_operator_2 to 2023-09-12T00:00:00+00:00, run_after=2023-09-13T00:00:00+00:00
[2023-09-13T19:17:20.198+0000] {logging_mixin.py:151} INFO - [2023-09-13T19:17:20.198+0000] {dag.py:3696} INFO - Setting next_dagrun for example_branch_datetime_operator_3 to 2023-09-12T00:00:00+00:00, run_after=2023-09-13T00:00:00+00:00
[2023-09-13T19:17:20.210+0000] {processor.py:179} INFO - Processing /home/airflow/.local/lib/python3.8/site-packages/airflow/example_dags/example_branch_datetime_operator.py took 0.084 seconds
[2023-09-13T19:17:50.398+0000] {processor.py:157} INFO - Started process (PID=255) to work on /home/airflow/.local/lib/python3.8/site-packages/airflow/example_dags/example_branch_datetime_operator.py
[2023-09-13T19:17:50.399+0000] {processor.py:829} INFO - Processing file /home/airflow/.local/lib/python3.8/site-packages/airflow/example_dags/example_branch_datetime_operator.py for tasks to queue
[2023-09-13T19:17:50.402+0000] {logging_mixin.py:151} INFO - [2023-09-13T19:17:50.402+0000] {dagbag.py:539} INFO - Filling up the DagBag from /home/airflow/.local/lib/python3.8/site-packages/airflow/example_dags/example_branch_datetime_operator.py
[2023-09-13T19:17:50.411+0000] {processor.py:839} INFO - DAG(s) dict_keys(['example_branch_datetime_operator_3', 'example_branch_datetime_operator_2', 'example_branch_datetime_operator']) retrieved from /home/airflow/.local/lib/python3.8/site-packages/airflow/example_dags/example_branch_datetime_operator.py
[2023-09-13T19:17:50.439+0000] {logging_mixin.py:151} INFO - [2023-09-13T19:17:50.438+0000] {dag.py:2915} INFO - Sync 3 DAGs
[2023-09-13T19:17:50.456+0000] {logging_mixin.py:151} INFO - [2023-09-13T19:17:50.456+0000] {dag.py:3696} INFO - Setting next_dagrun for example_branch_datetime_operator to 2023-09-12T00:00:00+00:00, run_after=2023-09-13T00:00:00+00:00
[2023-09-13T19:17:50.460+0000] {logging_mixin.py:151} INFO - [2023-09-13T19:17:50.460+0000] {dag.py:3696} INFO - Setting next_dagrun for example_branch_datetime_operator_2 to 2023-09-12T00:00:00+00:00, run_after=2023-09-13T00:00:00+00:00
[2023-09-13T19:17:50.462+0000] {logging_mixin.py:151} INFO - [2023-09-13T19:17:50.462+0000] {dag.py:3696} INFO - Setting next_dagrun for example_branch_datetime_operator_3 to 2023-09-12T00:00:00+00:00, run_after=2023-09-13T00:00:00+00:00
[2023-09-13T19:17:50.473+0000] {processor.py:179} INFO - Processing /home/airflow/.local/lib/python3.8/site-packages/airflow/example_dags/example_branch_datetime_operator.py took 0.079 seconds
[2023-09-13T19:18:20.723+0000] {processor.py:157} INFO - Started process (PID=309) to work on /home/airflow/.local/lib/python3.8/site-packages/airflow/example_dags/example_branch_datetime_operator.py
[2023-09-13T19:18:20.726+0000] {processor.py:829} INFO - Processing file /home/airflow/.local/lib/python3.8/site-packages/airflow/example_dags/example_branch_datetime_operator.py for tasks to queue
[2023-09-13T19:18:20.728+0000] {logging_mixin.py:151} INFO - [2023-09-13T19:18:20.728+0000] {dagbag.py:539} INFO - Filling up the DagBag from /home/airflow/.local/lib/python3.8/site-packages/airflow/example_dags/example_branch_datetime_operator.py
[2023-09-13T19:18:20.737+0000] {processor.py:839} INFO - DAG(s) dict_keys(['example_branch_datetime_operator_2', 'example_branch_datetime_operator_3', 'example_branch_datetime_operator']) retrieved from /home/airflow/.local/lib/python3.8/site-packages/airflow/example_dags/example_branch_datetime_operator.py
[2023-09-13T19:18:20.761+0000] {logging_mixin.py:151} INFO - [2023-09-13T19:18:20.761+0000] {dag.py:2915} INFO - Sync 3 DAGs
[2023-09-13T19:18:20.779+0000] {logging_mixin.py:151} INFO - [2023-09-13T19:18:20.779+0000] {dag.py:3696} INFO - Setting next_dagrun for example_branch_datetime_operator to 2023-09-12T00:00:00+00:00, run_after=2023-09-13T00:00:00+00:00
[2023-09-13T19:18:20.783+0000] {logging_mixin.py:151} INFO - [2023-09-13T19:18:20.782+0000] {dag.py:3696} INFO - Setting next_dagrun for example_branch_datetime_operator_2 to 2023-09-12T00:00:00+00:00, run_after=2023-09-13T00:00:00+00:00
[2023-09-13T19:18:20.784+0000] {logging_mixin.py:151} INFO - [2023-09-13T19:18:20.784+0000] {dag.py:3696} INFO - Setting next_dagrun for example_branch_datetime_operator_3 to 2023-09-12T00:00:00+00:00, run_after=2023-09-13T00:00:00+00:00
[2023-09-13T19:18:20.795+0000] {processor.py:179} INFO - Processing /home/airflow/.local/lib/python3.8/site-packages/airflow/example_dags/example_branch_datetime_operator.py took 0.076 seconds
[2023-09-13T19:18:50.922+0000] {processor.py:157} INFO - Started process (PID=363) to work on /home/airflow/.local/lib/python3.8/site-packages/airflow/example_dags/example_branch_datetime_operator.py
[2023-09-13T19:18:50.924+0000] {processor.py:829} INFO - Processing file /home/airflow/.local/lib/python3.8/site-packages/airflow/example_dags/example_branch_datetime_operator.py for tasks to queue
[2023-09-13T19:18:50.926+0000] {logging_mixin.py:151} INFO - [2023-09-13T19:18:50.926+0000] {dagbag.py:539} INFO - Filling up the DagBag from /home/airflow/.local/lib/python3.8/site-packages/airflow/example_dags/example_branch_datetime_operator.py
[2023-09-13T19:18:50.935+0000] {processor.py:839} INFO - DAG(s) dict_keys(['example_branch_datetime_operator_3', 'example_branch_datetime_operator_2', 'example_branch_datetime_operator']) retrieved from /home/airflow/.local/lib/python3.8/site-packages/airflow/example_dags/example_branch_datetime_operator.py
[2023-09-13T19:18:50.960+0000] {logging_mixin.py:151} INFO - [2023-09-13T19:18:50.960+0000] {dag.py:2915} INFO - Sync 3 DAGs
[2023-09-13T19:18:50.978+0000] {logging_mixin.py:151} INFO - [2023-09-13T19:18:50.978+0000] {dag.py:3696} INFO - Setting next_dagrun for example_branch_datetime_operator to 2023-09-12T00:00:00+00:00, run_after=2023-09-13T00:00:00+00:00
[2023-09-13T19:18:50.982+0000] {logging_mixin.py:151} INFO - [2023-09-13T19:18:50.982+0000] {dag.py:3696} INFO - Setting next_dagrun for example_branch_datetime_operator_2 to 2023-09-12T00:00:00+00:00, run_after=2023-09-13T00:00:00+00:00
[2023-09-13T19:18:50.984+0000] {logging_mixin.py:151} INFO - [2023-09-13T19:18:50.984+0000] {dag.py:3696} INFO - Setting next_dagrun for example_branch_datetime_operator_3 to 2023-09-12T00:00:00+00:00, run_after=2023-09-13T00:00:00+00:00
[2023-09-13T19:18:50.997+0000] {processor.py:179} INFO - Processing /home/airflow/.local/lib/python3.8/site-packages/airflow/example_dags/example_branch_datetime_operator.py took 0.079 seconds
[2023-09-13T19:19:21.235+0000] {processor.py:157} INFO - Started process (PID=418) to work on /home/airflow/.local/lib/python3.8/site-packages/airflow/example_dags/example_branch_datetime_operator.py
[2023-09-13T19:19:21.237+0000] {processor.py:829} INFO - Processing file /home/airflow/.local/lib/python3.8/site-packages/airflow/example_dags/example_branch_datetime_operator.py for tasks to queue
[2023-09-13T19:19:21.240+0000] {logging_mixin.py:151} INFO - [2023-09-13T19:19:21.240+0000] {dagbag.py:539} INFO - Filling up the DagBag from /home/airflow/.local/lib/python3.8/site-packages/airflow/example_dags/example_branch_datetime_operator.py
[2023-09-13T19:19:21.249+0000] {processor.py:839} INFO - DAG(s) dict_keys(['example_branch_datetime_operator', 'example_branch_datetime_operator_2', 'example_branch_datetime_operator_3']) retrieved from /home/airflow/.local/lib/python3.8/site-packages/airflow/example_dags/example_branch_datetime_operator.py
[2023-09-13T19:19:21.275+0000] {logging_mixin.py:151} INFO - [2023-09-13T19:19:21.275+0000] {dag.py:2915} INFO - Sync 3 DAGs
[2023-09-13T19:19:21.294+0000] {logging_mixin.py:151} INFO - [2023-09-13T19:19:21.294+0000] {dag.py:3696} INFO - Setting next_dagrun for example_branch_datetime_operator to 2023-09-12T00:00:00+00:00, run_after=2023-09-13T00:00:00+00:00
[2023-09-13T19:19:21.297+0000] {logging_mixin.py:151} INFO - [2023-09-13T19:19:21.297+0000] {dag.py:3696} INFO - Setting next_dagrun for example_branch_datetime_operator_2 to 2023-09-12T00:00:00+00:00, run_after=2023-09-13T00:00:00+00:00
[2023-09-13T19:19:21.300+0000] {logging_mixin.py:151} INFO - [2023-09-13T19:19:21.300+0000] {dag.py:3696} INFO - Setting next_dagrun for example_branch_datetime_operator_3 to 2023-09-12T00:00:00+00:00, run_after=2023-09-13T00:00:00+00:00
[2023-09-13T19:19:21.311+0000] {processor.py:179} INFO - Processing /home/airflow/.local/lib/python3.8/site-packages/airflow/example_dags/example_branch_datetime_operator.py took 0.080 seconds
[2023-09-13T19:19:51.526+0000] {processor.py:157} INFO - Started process (PID=472) to work on /home/airflow/.local/lib/python3.8/site-packages/airflow/example_dags/example_branch_datetime_operator.py
[2023-09-13T19:19:51.528+0000] {processor.py:829} INFO - Processing file /home/airflow/.local/lib/python3.8/site-packages/airflow/example_dags/example_branch_datetime_operator.py for tasks to queue
[2023-09-13T19:19:51.531+0000] {logging_mixin.py:151} INFO - [2023-09-13T19:19:51.530+0000] {dagbag.py:539} INFO - Filling up the DagBag from /home/airflow/.local/lib/python3.8/site-packages/airflow/example_dags/example_branch_datetime_operator.py
[2023-09-13T19:19:51.541+0000] {processor.py:839} INFO - DAG(s) dict_keys(['example_branch_datetime_operator_2', 'example_branch_datetime_operator_3', 'example_branch_datetime_operator']) retrieved from /home/airflow/.local/lib/python3.8/site-packages/airflow/example_dags/example_branch_datetime_operator.py
[2023-09-13T19:19:51.568+0000] {logging_mixin.py:151} INFO - [2023-09-13T19:19:51.568+0000] {dag.py:2915} INFO - Sync 3 DAGs
[2023-09-13T19:19:51.588+0000] {logging_mixin.py:151} INFO - [2023-09-13T19:19:51.587+0000] {dag.py:3696} INFO - Setting next_dagrun for example_branch_datetime_operator to 2023-09-12T00:00:00+00:00, run_after=2023-09-13T00:00:00+00:00
[2023-09-13T19:19:51.592+0000] {logging_mixin.py:151} INFO - [2023-09-13T19:19:51.592+0000] {dag.py:3696} INFO - Setting next_dagrun for example_branch_datetime_operator_2 to 2023-09-12T00:00:00+00:00, run_after=2023-09-13T00:00:00+00:00
[2023-09-13T19:19:51.595+0000] {logging_mixin.py:151} INFO - [2023-09-13T19:19:51.595+0000] {dag.py:3696} INFO - Setting next_dagrun for example_branch_datetime_operator_3 to 2023-09-12T00:00:00+00:00, run_after=2023-09-13T00:00:00+00:00
[2023-09-13T19:19:51.608+0000] {processor.py:179} INFO - Processing /home/airflow/.local/lib/python3.8/site-packages/airflow/example_dags/example_branch_datetime_operator.py took 0.086 seconds
[2023-09-13T19:20:21.867+0000] {processor.py:157} INFO - Started process (PID=525) to work on /home/airflow/.local/lib/python3.8/site-packages/airflow/example_dags/example_branch_datetime_operator.py
[2023-09-13T19:20:21.869+0000] {processor.py:829} INFO - Processing file /home/airflow/.local/lib/python3.8/site-packages/airflow/example_dags/example_branch_datetime_operator.py for tasks to queue
[2023-09-13T19:20:21.871+0000] {logging_mixin.py:151} INFO - [2023-09-13T19:20:21.871+0000] {dagbag.py:539} INFO - Filling up the DagBag from /home/airflow/.local/lib/python3.8/site-packages/airflow/example_dags/example_branch_datetime_operator.py
[2023-09-13T19:20:21.881+0000] {processor.py:839} INFO - DAG(s) dict_keys(['example_branch_datetime_operator_2', 'example_branch_datetime_operator', 'example_branch_datetime_operator_3']) retrieved from /home/airflow/.local/lib/python3.8/site-packages/airflow/example_dags/example_branch_datetime_operator.py
[2023-09-13T19:20:21.905+0000] {logging_mixin.py:151} INFO - [2023-09-13T19:20:21.905+0000] {dag.py:2915} INFO - Sync 3 DAGs
[2023-09-13T19:20:21.923+0000] {logging_mixin.py:151} INFO - [2023-09-13T19:20:21.923+0000] {dag.py:3696} INFO - Setting next_dagrun for example_branch_datetime_operator to 2023-09-12T00:00:00+00:00, run_after=2023-09-13T00:00:00+00:00
[2023-09-13T19:20:21.927+0000] {logging_mixin.py:151} INFO - [2023-09-13T19:20:21.927+0000] {dag.py:3696} INFO - Setting next_dagrun for example_branch_datetime_operator_2 to 2023-09-12T00:00:00+00:00, run_after=2023-09-13T00:00:00+00:00
[2023-09-13T19:20:21.929+0000] {logging_mixin.py:151} INFO - [2023-09-13T19:20:21.929+0000] {dag.py:3696} INFO - Setting next_dagrun for example_branch_datetime_operator_3 to 2023-09-12T00:00:00+00:00, run_after=2023-09-13T00:00:00+00:00
[2023-09-13T19:20:21.940+0000] {processor.py:179} INFO - Processing /home/airflow/.local/lib/python3.8/site-packages/airflow/example_dags/example_branch_datetime_operator.py took 0.077 seconds
[2023-09-13T19:20:52.373+0000] {processor.py:157} INFO - Started process (PID=579) to work on /home/airflow/.local/lib/python3.8/site-packages/airflow/example_dags/example_branch_datetime_operator.py
[2023-09-13T19:20:52.375+0000] {processor.py:829} INFO - Processing file /home/airflow/.local/lib/python3.8/site-packages/airflow/example_dags/example_branch_datetime_operator.py for tasks to queue
[2023-09-13T19:20:52.378+0000] {logging_mixin.py:151} INFO - [2023-09-13T19:20:52.378+0000] {dagbag.py:539} INFO - Filling up the DagBag from /home/airflow/.local/lib/python3.8/site-packages/airflow/example_dags/example_branch_datetime_operator.py
[2023-09-13T19:20:52.389+0000] {processor.py:839} INFO - DAG(s) dict_keys(['example_branch_datetime_operator_2', 'example_branch_datetime_operator', 'example_branch_datetime_operator_3']) retrieved from /home/airflow/.local/lib/python3.8/site-packages/airflow/example_dags/example_branch_datetime_operator.py
[2023-09-13T19:20:52.422+0000] {logging_mixin.py:151} INFO - [2023-09-13T19:20:52.421+0000] {dag.py:2915} INFO - Sync 3 DAGs
[2023-09-13T19:20:52.449+0000] {logging_mixin.py:151} INFO - [2023-09-13T19:20:52.449+0000] {dag.py:3696} INFO - Setting next_dagrun for example_branch_datetime_operator to 2023-09-12T00:00:00+00:00, run_after=2023-09-13T00:00:00+00:00
[2023-09-13T19:20:52.460+0000] {logging_mixin.py:151} INFO - [2023-09-13T19:20:52.460+0000] {dag.py:3696} INFO - Setting next_dagrun for example_branch_datetime_operator_2 to 2023-09-12T00:00:00+00:00, run_after=2023-09-13T00:00:00+00:00
[2023-09-13T19:20:52.466+0000] {logging_mixin.py:151} INFO - [2023-09-13T19:20:52.465+0000] {dag.py:3696} INFO - Setting next_dagrun for example_branch_datetime_operator_3 to 2023-09-12T00:00:00+00:00, run_after=2023-09-13T00:00:00+00:00
[2023-09-13T19:20:52.480+0000] {processor.py:179} INFO - Processing /home/airflow/.local/lib/python3.8/site-packages/airflow/example_dags/example_branch_datetime_operator.py took 0.112 seconds
[2023-09-13T19:21:22.698+0000] {processor.py:157} INFO - Started process (PID=633) to work on /home/airflow/.local/lib/python3.8/site-packages/airflow/example_dags/example_branch_datetime_operator.py
[2023-09-13T19:21:22.699+0000] {processor.py:829} INFO - Processing file /home/airflow/.local/lib/python3.8/site-packages/airflow/example_dags/example_branch_datetime_operator.py for tasks to queue
[2023-09-13T19:21:22.702+0000] {logging_mixin.py:151} INFO - [2023-09-13T19:21:22.702+0000] {dagbag.py:539} INFO - Filling up the DagBag from /home/airflow/.local/lib/python3.8/site-packages/airflow/example_dags/example_branch_datetime_operator.py
[2023-09-13T19:21:22.711+0000] {processor.py:839} INFO - DAG(s) dict_keys(['example_branch_datetime_operator', 'example_branch_datetime_operator_2', 'example_branch_datetime_operator_3']) retrieved from /home/airflow/.local/lib/python3.8/site-packages/airflow/example_dags/example_branch_datetime_operator.py
[2023-09-13T19:21:22.736+0000] {logging_mixin.py:151} INFO - [2023-09-13T19:21:22.736+0000] {dag.py:2915} INFO - Sync 3 DAGs
[2023-09-13T19:21:22.754+0000] {logging_mixin.py:151} INFO - [2023-09-13T19:21:22.754+0000] {dag.py:3696} INFO - Setting next_dagrun for example_branch_datetime_operator to 2023-09-12T00:00:00+00:00, run_after=2023-09-13T00:00:00+00:00
[2023-09-13T19:21:22.757+0000] {logging_mixin.py:151} INFO - [2023-09-13T19:21:22.757+0000] {dag.py:3696} INFO - Setting next_dagrun for example_branch_datetime_operator_2 to 2023-09-12T00:00:00+00:00, run_after=2023-09-13T00:00:00+00:00
[2023-09-13T19:21:22.759+0000] {logging_mixin.py:151} INFO - [2023-09-13T19:21:22.759+0000] {dag.py:3696} INFO - Setting next_dagrun for example_branch_datetime_operator_3 to 2023-09-12T00:00:00+00:00, run_after=2023-09-13T00:00:00+00:00
[2023-09-13T19:21:22.771+0000] {processor.py:179} INFO - Processing /home/airflow/.local/lib/python3.8/site-packages/airflow/example_dags/example_branch_datetime_operator.py took 0.078 seconds
[2023-09-13T19:21:53.299+0000] {processor.py:157} INFO - Started process (PID=687) to work on /home/airflow/.local/lib/python3.8/site-packages/airflow/example_dags/example_branch_datetime_operator.py
[2023-09-13T19:21:53.301+0000] {processor.py:829} INFO - Processing file /home/airflow/.local/lib/python3.8/site-packages/airflow/example_dags/example_branch_datetime_operator.py for tasks to queue
[2023-09-13T19:21:53.303+0000] {logging_mixin.py:151} INFO - [2023-09-13T19:21:53.303+0000] {dagbag.py:539} INFO - Filling up the DagBag from /home/airflow/.local/lib/python3.8/site-packages/airflow/example_dags/example_branch_datetime_operator.py
[2023-09-13T19:21:53.312+0000] {processor.py:839} INFO - DAG(s) dict_keys(['example_branch_datetime_operator', 'example_branch_datetime_operator_2', 'example_branch_datetime_operator_3']) retrieved from /home/airflow/.local/lib/python3.8/site-packages/airflow/example_dags/example_branch_datetime_operator.py
[2023-09-13T19:21:53.336+0000] {logging_mixin.py:151} INFO - [2023-09-13T19:21:53.336+0000] {dag.py:2915} INFO - Sync 3 DAGs
[2023-09-13T19:21:53.354+0000] {logging_mixin.py:151} INFO - [2023-09-13T19:21:53.354+0000] {dag.py:3696} INFO - Setting next_dagrun for example_branch_datetime_operator to 2023-09-12T00:00:00+00:00, run_after=2023-09-13T00:00:00+00:00
[2023-09-13T19:21:53.358+0000] {logging_mixin.py:151} INFO - [2023-09-13T19:21:53.358+0000] {dag.py:3696} INFO - Setting next_dagrun for example_branch_datetime_operator_2 to 2023-09-12T00:00:00+00:00, run_after=2023-09-13T00:00:00+00:00
[2023-09-13T19:21:53.360+0000] {logging_mixin.py:151} INFO - [2023-09-13T19:21:53.360+0000] {dag.py:3696} INFO - Setting next_dagrun for example_branch_datetime_operator_3 to 2023-09-12T00:00:00+00:00, run_after=2023-09-13T00:00:00+00:00
[2023-09-13T19:21:53.371+0000] {processor.py:179} INFO - Processing /home/airflow/.local/lib/python3.8/site-packages/airflow/example_dags/example_branch_datetime_operator.py took 0.075 seconds
[2023-09-13T19:22:24.040+0000] {processor.py:157} INFO - Started process (PID=741) to work on /home/airflow/.local/lib/python3.8/site-packages/airflow/example_dags/example_branch_datetime_operator.py
[2023-09-13T19:22:24.041+0000] {processor.py:829} INFO - Processing file /home/airflow/.local/lib/python3.8/site-packages/airflow/example_dags/example_branch_datetime_operator.py for tasks to queue
[2023-09-13T19:22:24.063+0000] {logging_mixin.py:151} INFO - [2023-09-13T19:22:24.063+0000] {dagbag.py:539} INFO - Filling up the DagBag from /home/airflow/.local/lib/python3.8/site-packages/airflow/example_dags/example_branch_datetime_operator.py
[2023-09-13T19:22:24.076+0000] {processor.py:839} INFO - DAG(s) dict_keys(['example_branch_datetime_operator_2', 'example_branch_datetime_operator', 'example_branch_datetime_operator_3']) retrieved from /home/airflow/.local/lib/python3.8/site-packages/airflow/example_dags/example_branch_datetime_operator.py
[2023-09-13T19:22:24.107+0000] {logging_mixin.py:151} INFO - [2023-09-13T19:22:24.107+0000] {dag.py:2915} INFO - Sync 3 DAGs
[2023-09-13T19:22:24.126+0000] {logging_mixin.py:151} INFO - [2023-09-13T19:22:24.126+0000] {dag.py:3696} INFO - Setting next_dagrun for example_branch_datetime_operator to 2023-09-12T00:00:00+00:00, run_after=2023-09-13T00:00:00+00:00
[2023-09-13T19:22:24.130+0000] {logging_mixin.py:151} INFO - [2023-09-13T19:22:24.130+0000] {dag.py:3696} INFO - Setting next_dagrun for example_branch_datetime_operator_2 to 2023-09-12T00:00:00+00:00, run_after=2023-09-13T00:00:00+00:00
[2023-09-13T19:22:24.132+0000] {logging_mixin.py:151} INFO - [2023-09-13T19:22:24.132+0000] {dag.py:3696} INFO - Setting next_dagrun for example_branch_datetime_operator_3 to 2023-09-12T00:00:00+00:00, run_after=2023-09-13T00:00:00+00:00
[2023-09-13T19:22:24.144+0000] {processor.py:179} INFO - Processing /home/airflow/.local/lib/python3.8/site-packages/airflow/example_dags/example_branch_datetime_operator.py took 0.107 seconds
[2023-09-13T19:22:54.375+0000] {processor.py:157} INFO - Started process (PID=795) to work on /home/airflow/.local/lib/python3.8/site-packages/airflow/example_dags/example_branch_datetime_operator.py
[2023-09-13T19:22:54.377+0000] {processor.py:829} INFO - Processing file /home/airflow/.local/lib/python3.8/site-packages/airflow/example_dags/example_branch_datetime_operator.py for tasks to queue
[2023-09-13T19:22:54.380+0000] {logging_mixin.py:151} INFO - [2023-09-13T19:22:54.380+0000] {dagbag.py:539} INFO - Filling up the DagBag from /home/airflow/.local/lib/python3.8/site-packages/airflow/example_dags/example_branch_datetime_operator.py
[2023-09-13T19:22:54.389+0000] {processor.py:839} INFO - DAG(s) dict_keys(['example_branch_datetime_operator_2', 'example_branch_datetime_operator', 'example_branch_datetime_operator_3']) retrieved from /home/airflow/.local/lib/python3.8/site-packages/airflow/example_dags/example_branch_datetime_operator.py
[2023-09-13T19:22:54.414+0000] {logging_mixin.py:151} INFO - [2023-09-13T19:22:54.414+0000] {dag.py:2915} INFO - Sync 3 DAGs
[2023-09-13T19:22:54.432+0000] {logging_mixin.py:151} INFO - [2023-09-13T19:22:54.432+0000] {dag.py:3696} INFO - Setting next_dagrun for example_branch_datetime_operator to 2023-09-12T00:00:00+00:00, run_after=2023-09-13T00:00:00+00:00
[2023-09-13T19:22:54.435+0000] {logging_mixin.py:151} INFO - [2023-09-13T19:22:54.435+0000] {dag.py:3696} INFO - Setting next_dagrun for example_branch_datetime_operator_2 to 2023-09-12T00:00:00+00:00, run_after=2023-09-13T00:00:00+00:00
[2023-09-13T19:22:54.438+0000] {logging_mixin.py:151} INFO - [2023-09-13T19:22:54.437+0000] {dag.py:3696} INFO - Setting next_dagrun for example_branch_datetime_operator_3 to 2023-09-12T00:00:00+00:00, run_after=2023-09-13T00:00:00+00:00
[2023-09-13T19:22:54.449+0000] {processor.py:179} INFO - Processing /home/airflow/.local/lib/python3.8/site-packages/airflow/example_dags/example_branch_datetime_operator.py took 0.079 seconds
[2023-09-13T19:23:24.653+0000] {processor.py:157} INFO - Started process (PID=849) to work on /home/airflow/.local/lib/python3.8/site-packages/airflow/example_dags/example_branch_datetime_operator.py
[2023-09-13T19:23:24.657+0000] {processor.py:829} INFO - Processing file /home/airflow/.local/lib/python3.8/site-packages/airflow/example_dags/example_branch_datetime_operator.py for tasks to queue
[2023-09-13T19:23:24.661+0000] {logging_mixin.py:151} INFO - [2023-09-13T19:23:24.660+0000] {dagbag.py:539} INFO - Filling up the DagBag from /home/airflow/.local/lib/python3.8/site-packages/airflow/example_dags/example_branch_datetime_operator.py
[2023-09-13T19:23:24.677+0000] {processor.py:839} INFO - DAG(s) dict_keys(['example_branch_datetime_operator', 'example_branch_datetime_operator_2', 'example_branch_datetime_operator_3']) retrieved from /home/airflow/.local/lib/python3.8/site-packages/airflow/example_dags/example_branch_datetime_operator.py
[2023-09-13T19:23:24.713+0000] {logging_mixin.py:151} INFO - [2023-09-13T19:23:24.713+0000] {dag.py:2915} INFO - Sync 3 DAGs
[2023-09-13T19:23:24.742+0000] {logging_mixin.py:151} INFO - [2023-09-13T19:23:24.741+0000] {dag.py:3696} INFO - Setting next_dagrun for example_branch_datetime_operator to 2023-09-12T00:00:00+00:00, run_after=2023-09-13T00:00:00+00:00
[2023-09-13T19:23:24.748+0000] {logging_mixin.py:151} INFO - [2023-09-13T19:23:24.748+0000] {dag.py:3696} INFO - Setting next_dagrun for example_branch_datetime_operator_2 to 2023-09-12T00:00:00+00:00, run_after=2023-09-13T00:00:00+00:00
[2023-09-13T19:23:24.751+0000] {logging_mixin.py:151} INFO - [2023-09-13T19:23:24.750+0000] {dag.py:3696} INFO - Setting next_dagrun for example_branch_datetime_operator_3 to 2023-09-12T00:00:00+00:00, run_after=2023-09-13T00:00:00+00:00
[2023-09-13T19:23:24.766+0000] {processor.py:179} INFO - Processing /home/airflow/.local/lib/python3.8/site-packages/airflow/example_dags/example_branch_datetime_operator.py took 0.119 seconds
[2023-09-13T19:23:54.891+0000] {processor.py:157} INFO - Started process (PID=903) to work on /home/airflow/.local/lib/python3.8/site-packages/airflow/example_dags/example_branch_datetime_operator.py
[2023-09-13T19:23:54.892+0000] {processor.py:829} INFO - Processing file /home/airflow/.local/lib/python3.8/site-packages/airflow/example_dags/example_branch_datetime_operator.py for tasks to queue
[2023-09-13T19:23:54.895+0000] {logging_mixin.py:151} INFO - [2023-09-13T19:23:54.894+0000] {dagbag.py:539} INFO - Filling up the DagBag from /home/airflow/.local/lib/python3.8/site-packages/airflow/example_dags/example_branch_datetime_operator.py
[2023-09-13T19:23:54.904+0000] {processor.py:839} INFO - DAG(s) dict_keys(['example_branch_datetime_operator_3', 'example_branch_datetime_operator_2', 'example_branch_datetime_operator']) retrieved from /home/airflow/.local/lib/python3.8/site-packages/airflow/example_dags/example_branch_datetime_operator.py
[2023-09-13T19:23:54.940+0000] {logging_mixin.py:151} INFO - [2023-09-13T19:23:54.939+0000] {dag.py:2915} INFO - Sync 3 DAGs
[2023-09-13T19:23:54.959+0000] {logging_mixin.py:151} INFO - [2023-09-13T19:23:54.959+0000] {dag.py:3696} INFO - Setting next_dagrun for example_branch_datetime_operator to 2023-09-12T00:00:00+00:00, run_after=2023-09-13T00:00:00+00:00
[2023-09-13T19:23:54.963+0000] {logging_mixin.py:151} INFO - [2023-09-13T19:23:54.963+0000] {dag.py:3696} INFO - Setting next_dagrun for example_branch_datetime_operator_2 to 2023-09-12T00:00:00+00:00, run_after=2023-09-13T00:00:00+00:00
[2023-09-13T19:23:54.965+0000] {logging_mixin.py:151} INFO - [2023-09-13T19:23:54.965+0000] {dag.py:3696} INFO - Setting next_dagrun for example_branch_datetime_operator_3 to 2023-09-12T00:00:00+00:00, run_after=2023-09-13T00:00:00+00:00
[2023-09-13T19:23:54.977+0000] {processor.py:179} INFO - Processing /home/airflow/.local/lib/python3.8/site-packages/airflow/example_dags/example_branch_datetime_operator.py took 0.091 seconds
[2023-09-13T19:24:25.033+0000] {processor.py:157} INFO - Started process (PID=957) to work on /home/airflow/.local/lib/python3.8/site-packages/airflow/example_dags/example_branch_datetime_operator.py
[2023-09-13T19:24:25.036+0000] {processor.py:829} INFO - Processing file /home/airflow/.local/lib/python3.8/site-packages/airflow/example_dags/example_branch_datetime_operator.py for tasks to queue
[2023-09-13T19:24:25.038+0000] {logging_mixin.py:151} INFO - [2023-09-13T19:24:25.038+0000] {dagbag.py:539} INFO - Filling up the DagBag from /home/airflow/.local/lib/python3.8/site-packages/airflow/example_dags/example_branch_datetime_operator.py
[2023-09-13T19:24:25.048+0000] {processor.py:839} INFO - DAG(s) dict_keys(['example_branch_datetime_operator_2', 'example_branch_datetime_operator_3', 'example_branch_datetime_operator']) retrieved from /home/airflow/.local/lib/python3.8/site-packages/airflow/example_dags/example_branch_datetime_operator.py
[2023-09-13T19:24:25.074+0000] {logging_mixin.py:151} INFO - [2023-09-13T19:24:25.074+0000] {dag.py:2915} INFO - Sync 3 DAGs
[2023-09-13T19:24:25.092+0000] {logging_mixin.py:151} INFO - [2023-09-13T19:24:25.092+0000] {dag.py:3696} INFO - Setting next_dagrun for example_branch_datetime_operator to 2023-09-12T00:00:00+00:00, run_after=2023-09-13T00:00:00+00:00
[2023-09-13T19:24:25.095+0000] {logging_mixin.py:151} INFO - [2023-09-13T19:24:25.095+0000] {dag.py:3696} INFO - Setting next_dagrun for example_branch_datetime_operator_2 to 2023-09-12T00:00:00+00:00, run_after=2023-09-13T00:00:00+00:00
[2023-09-13T19:24:25.098+0000] {logging_mixin.py:151} INFO - [2023-09-13T19:24:25.097+0000] {dag.py:3696} INFO - Setting next_dagrun for example_branch_datetime_operator_3 to 2023-09-12T00:00:00+00:00, run_after=2023-09-13T00:00:00+00:00
[2023-09-13T19:24:25.109+0000] {processor.py:179} INFO - Processing /home/airflow/.local/lib/python3.8/site-packages/airflow/example_dags/example_branch_datetime_operator.py took 0.080 seconds
[2023-09-13T19:24:55.366+0000] {processor.py:157} INFO - Started process (PID=1012) to work on /home/airflow/.local/lib/python3.8/site-packages/airflow/example_dags/example_branch_datetime_operator.py
[2023-09-13T19:24:55.368+0000] {processor.py:829} INFO - Processing file /home/airflow/.local/lib/python3.8/site-packages/airflow/example_dags/example_branch_datetime_operator.py for tasks to queue
[2023-09-13T19:24:55.371+0000] {logging_mixin.py:151} INFO - [2023-09-13T19:24:55.371+0000] {dagbag.py:539} INFO - Filling up the DagBag from /home/airflow/.local/lib/python3.8/site-packages/airflow/example_dags/example_branch_datetime_operator.py
[2023-09-13T19:24:55.381+0000] {processor.py:839} INFO - DAG(s) dict_keys(['example_branch_datetime_operator', 'example_branch_datetime_operator_3', 'example_branch_datetime_operator_2']) retrieved from /home/airflow/.local/lib/python3.8/site-packages/airflow/example_dags/example_branch_datetime_operator.py
[2023-09-13T19:24:55.406+0000] {logging_mixin.py:151} INFO - [2023-09-13T19:24:55.406+0000] {dag.py:2915} INFO - Sync 3 DAGs
[2023-09-13T19:24:55.424+0000] {logging_mixin.py:151} INFO - [2023-09-13T19:24:55.424+0000] {dag.py:3696} INFO - Setting next_dagrun for example_branch_datetime_operator to 2023-09-12T00:00:00+00:00, run_after=2023-09-13T00:00:00+00:00
[2023-09-13T19:24:55.427+0000] {logging_mixin.py:151} INFO - [2023-09-13T19:24:55.427+0000] {dag.py:3696} INFO - Setting next_dagrun for example_branch_datetime_operator_2 to 2023-09-12T00:00:00+00:00, run_after=2023-09-13T00:00:00+00:00
[2023-09-13T19:24:55.429+0000] {logging_mixin.py:151} INFO - [2023-09-13T19:24:55.429+0000] {dag.py:3696} INFO - Setting next_dagrun for example_branch_datetime_operator_3 to 2023-09-12T00:00:00+00:00, run_after=2023-09-13T00:00:00+00:00
[2023-09-13T19:24:55.440+0000] {processor.py:179} INFO - Processing /home/airflow/.local/lib/python3.8/site-packages/airflow/example_dags/example_branch_datetime_operator.py took 0.079 seconds
[2023-09-13T19:25:25.563+0000] {processor.py:157} INFO - Started process (PID=1065) to work on /home/airflow/.local/lib/python3.8/site-packages/airflow/example_dags/example_branch_datetime_operator.py
[2023-09-13T19:25:25.564+0000] {processor.py:829} INFO - Processing file /home/airflow/.local/lib/python3.8/site-packages/airflow/example_dags/example_branch_datetime_operator.py for tasks to queue
[2023-09-13T19:25:25.567+0000] {logging_mixin.py:151} INFO - [2023-09-13T19:25:25.567+0000] {dagbag.py:539} INFO - Filling up the DagBag from /home/airflow/.local/lib/python3.8/site-packages/airflow/example_dags/example_branch_datetime_operator.py
[2023-09-13T19:25:25.577+0000] {processor.py:839} INFO - DAG(s) dict_keys(['example_branch_datetime_operator_3', 'example_branch_datetime_operator', 'example_branch_datetime_operator_2']) retrieved from /home/airflow/.local/lib/python3.8/site-packages/airflow/example_dags/example_branch_datetime_operator.py
[2023-09-13T19:25:25.606+0000] {logging_mixin.py:151} INFO - [2023-09-13T19:25:25.605+0000] {dag.py:2915} INFO - Sync 3 DAGs
[2023-09-13T19:25:25.625+0000] {logging_mixin.py:151} INFO - [2023-09-13T19:25:25.625+0000] {dag.py:3696} INFO - Setting next_dagrun for example_branch_datetime_operator to 2023-09-12T00:00:00+00:00, run_after=2023-09-13T00:00:00+00:00
[2023-09-13T19:25:25.630+0000] {logging_mixin.py:151} INFO - [2023-09-13T19:25:25.630+0000] {dag.py:3696} INFO - Setting next_dagrun for example_branch_datetime_operator_2 to 2023-09-12T00:00:00+00:00, run_after=2023-09-13T00:00:00+00:00
[2023-09-13T19:25:25.633+0000] {logging_mixin.py:151} INFO - [2023-09-13T19:25:25.633+0000] {dag.py:3696} INFO - Setting next_dagrun for example_branch_datetime_operator_3 to 2023-09-12T00:00:00+00:00, run_after=2023-09-13T00:00:00+00:00
[2023-09-13T19:25:25.647+0000] {processor.py:179} INFO - Processing /home/airflow/.local/lib/python3.8/site-packages/airflow/example_dags/example_branch_datetime_operator.py took 0.089 seconds
[2023-09-13T19:25:56.602+0000] {processor.py:157} INFO - Started process (PID=1120) to work on /home/airflow/.local/lib/python3.8/site-packages/airflow/example_dags/example_branch_datetime_operator.py
[2023-09-13T19:25:56.604+0000] {processor.py:829} INFO - Processing file /home/airflow/.local/lib/python3.8/site-packages/airflow/example_dags/example_branch_datetime_operator.py for tasks to queue
[2023-09-13T19:25:56.606+0000] {logging_mixin.py:151} INFO - [2023-09-13T19:25:56.606+0000] {dagbag.py:539} INFO - Filling up the DagBag from /home/airflow/.local/lib/python3.8/site-packages/airflow/example_dags/example_branch_datetime_operator.py
[2023-09-13T19:25:56.615+0000] {processor.py:839} INFO - DAG(s) dict_keys(['example_branch_datetime_operator', 'example_branch_datetime_operator_2', 'example_branch_datetime_operator_3']) retrieved from /home/airflow/.local/lib/python3.8/site-packages/airflow/example_dags/example_branch_datetime_operator.py
[2023-09-13T19:25:56.640+0000] {logging_mixin.py:151} INFO - [2023-09-13T19:25:56.640+0000] {dag.py:2915} INFO - Sync 3 DAGs
[2023-09-13T19:25:56.657+0000] {logging_mixin.py:151} INFO - [2023-09-13T19:25:56.657+0000] {dag.py:3696} INFO - Setting next_dagrun for example_branch_datetime_operator to 2023-09-12T00:00:00+00:00, run_after=2023-09-13T00:00:00+00:00
[2023-09-13T19:25:56.661+0000] {logging_mixin.py:151} INFO - [2023-09-13T19:25:56.661+0000] {dag.py:3696} INFO - Setting next_dagrun for example_branch_datetime_operator_2 to 2023-09-12T00:00:00+00:00, run_after=2023-09-13T00:00:00+00:00
[2023-09-13T19:25:56.663+0000] {logging_mixin.py:151} INFO - [2023-09-13T19:25:56.663+0000] {dag.py:3696} INFO - Setting next_dagrun for example_branch_datetime_operator_3 to 2023-09-12T00:00:00+00:00, run_after=2023-09-13T00:00:00+00:00
[2023-09-13T19:25:56.674+0000] {processor.py:179} INFO - Processing /home/airflow/.local/lib/python3.8/site-packages/airflow/example_dags/example_branch_datetime_operator.py took 0.077 seconds
[2023-09-13T19:26:26.838+0000] {processor.py:157} INFO - Started process (PID=1176) to work on /home/airflow/.local/lib/python3.8/site-packages/airflow/example_dags/example_branch_datetime_operator.py
[2023-09-13T19:26:26.840+0000] {processor.py:829} INFO - Processing file /home/airflow/.local/lib/python3.8/site-packages/airflow/example_dags/example_branch_datetime_operator.py for tasks to queue
[2023-09-13T19:26:26.843+0000] {logging_mixin.py:151} INFO - [2023-09-13T19:26:26.843+0000] {dagbag.py:539} INFO - Filling up the DagBag from /home/airflow/.local/lib/python3.8/site-packages/airflow/example_dags/example_branch_datetime_operator.py
[2023-09-13T19:26:26.853+0000] {processor.py:839} INFO - DAG(s) dict_keys(['example_branch_datetime_operator', 'example_branch_datetime_operator_3', 'example_branch_datetime_operator_2']) retrieved from /home/airflow/.local/lib/python3.8/site-packages/airflow/example_dags/example_branch_datetime_operator.py
[2023-09-13T19:26:26.879+0000] {logging_mixin.py:151} INFO - [2023-09-13T19:26:26.879+0000] {dag.py:2915} INFO - Sync 3 DAGs
[2023-09-13T19:26:26.900+0000] {logging_mixin.py:151} INFO - [2023-09-13T19:26:26.900+0000] {dag.py:3696} INFO - Setting next_dagrun for example_branch_datetime_operator to 2023-09-12T00:00:00+00:00, run_after=2023-09-13T00:00:00+00:00
[2023-09-13T19:26:26.904+0000] {logging_mixin.py:151} INFO - [2023-09-13T19:26:26.904+0000] {dag.py:3696} INFO - Setting next_dagrun for example_branch_datetime_operator_2 to 2023-09-12T00:00:00+00:00, run_after=2023-09-13T00:00:00+00:00
[2023-09-13T19:26:26.909+0000] {logging_mixin.py:151} INFO - [2023-09-13T19:26:26.909+0000] {dag.py:3696} INFO - Setting next_dagrun for example_branch_datetime_operator_3 to 2023-09-12T00:00:00+00:00, run_after=2023-09-13T00:00:00+00:00
[2023-09-13T19:26:26.925+0000] {processor.py:179} INFO - Processing /home/airflow/.local/lib/python3.8/site-packages/airflow/example_dags/example_branch_datetime_operator.py took 0.092 seconds
[2023-09-13T19:26:57.436+0000] {processor.py:157} INFO - Started process (PID=1232) to work on /home/airflow/.local/lib/python3.8/site-packages/airflow/example_dags/example_branch_datetime_operator.py
[2023-09-13T19:26:57.438+0000] {processor.py:829} INFO - Processing file /home/airflow/.local/lib/python3.8/site-packages/airflow/example_dags/example_branch_datetime_operator.py for tasks to queue
[2023-09-13T19:26:57.441+0000] {logging_mixin.py:151} INFO - [2023-09-13T19:26:57.440+0000] {dagbag.py:539} INFO - Filling up the DagBag from /home/airflow/.local/lib/python3.8/site-packages/airflow/example_dags/example_branch_datetime_operator.py
[2023-09-13T19:26:57.450+0000] {processor.py:839} INFO - DAG(s) dict_keys(['example_branch_datetime_operator', 'example_branch_datetime_operator_2', 'example_branch_datetime_operator_3']) retrieved from /home/airflow/.local/lib/python3.8/site-packages/airflow/example_dags/example_branch_datetime_operator.py
[2023-09-13T19:26:57.475+0000] {logging_mixin.py:151} INFO - [2023-09-13T19:26:57.475+0000] {dag.py:2915} INFO - Sync 3 DAGs
[2023-09-13T19:26:57.493+0000] {logging_mixin.py:151} INFO - [2023-09-13T19:26:57.492+0000] {dag.py:3696} INFO - Setting next_dagrun for example_branch_datetime_operator to 2023-09-12T00:00:00+00:00, run_after=2023-09-13T00:00:00+00:00
[2023-09-13T19:26:57.496+0000] {logging_mixin.py:151} INFO - [2023-09-13T19:26:57.496+0000] {dag.py:3696} INFO - Setting next_dagrun for example_branch_datetime_operator_2 to 2023-09-12T00:00:00+00:00, run_after=2023-09-13T00:00:00+00:00
[2023-09-13T19:26:57.499+0000] {logging_mixin.py:151} INFO - [2023-09-13T19:26:57.498+0000] {dag.py:3696} INFO - Setting next_dagrun for example_branch_datetime_operator_3 to 2023-09-12T00:00:00+00:00, run_after=2023-09-13T00:00:00+00:00
[2023-09-13T19:26:57.510+0000] {processor.py:179} INFO - Processing /home/airflow/.local/lib/python3.8/site-packages/airflow/example_dags/example_branch_datetime_operator.py took 0.078 seconds
[2023-09-13T19:28:13.531+0000] {processor.py:157} INFO - Started process (PID=41) to work on /home/airflow/.local/lib/python3.8/site-packages/airflow/example_dags/example_branch_datetime_operator.py
[2023-09-13T19:28:13.534+0000] {processor.py:829} INFO - Processing file /home/airflow/.local/lib/python3.8/site-packages/airflow/example_dags/example_branch_datetime_operator.py for tasks to queue
[2023-09-13T19:28:13.539+0000] {logging_mixin.py:151} INFO - [2023-09-13T19:28:13.538+0000] {dagbag.py:539} INFO - Filling up the DagBag from /home/airflow/.local/lib/python3.8/site-packages/airflow/example_dags/example_branch_datetime_operator.py
[2023-09-13T19:28:13.563+0000] {processor.py:839} INFO - DAG(s) dict_keys(['example_branch_datetime_operator_3', 'example_branch_datetime_operator_2', 'example_branch_datetime_operator']) retrieved from /home/airflow/.local/lib/python3.8/site-packages/airflow/example_dags/example_branch_datetime_operator.py
[2023-09-13T19:28:13.586+0000] {logging_mixin.py:151} INFO - [2023-09-13T19:28:13.586+0000] {dag.py:2915} INFO - Sync 3 DAGs
[2023-09-13T19:28:13.624+0000] {logging_mixin.py:151} INFO - [2023-09-13T19:28:13.623+0000] {dag.py:3696} INFO - Setting next_dagrun for example_branch_datetime_operator to 2023-09-12T00:00:00+00:00, run_after=2023-09-13T00:00:00+00:00
[2023-09-13T19:28:13.631+0000] {logging_mixin.py:151} INFO - [2023-09-13T19:28:13.631+0000] {dag.py:3696} INFO - Setting next_dagrun for example_branch_datetime_operator_2 to 2023-09-12T00:00:00+00:00, run_after=2023-09-13T00:00:00+00:00
[2023-09-13T19:28:13.635+0000] {logging_mixin.py:151} INFO - [2023-09-13T19:28:13.635+0000] {dag.py:3696} INFO - Setting next_dagrun for example_branch_datetime_operator_3 to 2023-09-12T00:00:00+00:00, run_after=2023-09-13T00:00:00+00:00
[2023-09-13T19:28:13.652+0000] {processor.py:179} INFO - Processing /home/airflow/.local/lib/python3.8/site-packages/airflow/example_dags/example_branch_datetime_operator.py took 0.126 seconds
[2023-09-13T19:28:44.137+0000] {processor.py:157} INFO - Started process (PID=96) to work on /home/airflow/.local/lib/python3.8/site-packages/airflow/example_dags/example_branch_datetime_operator.py
[2023-09-13T19:28:44.138+0000] {processor.py:829} INFO - Processing file /home/airflow/.local/lib/python3.8/site-packages/airflow/example_dags/example_branch_datetime_operator.py for tasks to queue
[2023-09-13T19:28:44.141+0000] {logging_mixin.py:151} INFO - [2023-09-13T19:28:44.141+0000] {dagbag.py:539} INFO - Filling up the DagBag from /home/airflow/.local/lib/python3.8/site-packages/airflow/example_dags/example_branch_datetime_operator.py
[2023-09-13T19:28:44.150+0000] {processor.py:839} INFO - DAG(s) dict_keys(['example_branch_datetime_operator', 'example_branch_datetime_operator_3', 'example_branch_datetime_operator_2']) retrieved from /home/airflow/.local/lib/python3.8/site-packages/airflow/example_dags/example_branch_datetime_operator.py
[2023-09-13T19:28:44.176+0000] {logging_mixin.py:151} INFO - [2023-09-13T19:28:44.176+0000] {dag.py:2915} INFO - Sync 3 DAGs
[2023-09-13T19:28:44.194+0000] {logging_mixin.py:151} INFO - [2023-09-13T19:28:44.194+0000] {dag.py:3696} INFO - Setting next_dagrun for example_branch_datetime_operator to 2023-09-12T00:00:00+00:00, run_after=2023-09-13T00:00:00+00:00
[2023-09-13T19:28:44.197+0000] {logging_mixin.py:151} INFO - [2023-09-13T19:28:44.197+0000] {dag.py:3696} INFO - Setting next_dagrun for example_branch_datetime_operator_2 to 2023-09-12T00:00:00+00:00, run_after=2023-09-13T00:00:00+00:00
[2023-09-13T19:28:44.200+0000] {logging_mixin.py:151} INFO - [2023-09-13T19:28:44.200+0000] {dag.py:3696} INFO - Setting next_dagrun for example_branch_datetime_operator_3 to 2023-09-12T00:00:00+00:00, run_after=2023-09-13T00:00:00+00:00
[2023-09-13T19:28:44.210+0000] {processor.py:179} INFO - Processing /home/airflow/.local/lib/python3.8/site-packages/airflow/example_dags/example_branch_datetime_operator.py took 0.077 seconds
[2023-09-13T19:29:14.400+0000] {processor.py:157} INFO - Started process (PID=151) to work on /home/airflow/.local/lib/python3.8/site-packages/airflow/example_dags/example_branch_datetime_operator.py
[2023-09-13T19:29:14.401+0000] {processor.py:829} INFO - Processing file /home/airflow/.local/lib/python3.8/site-packages/airflow/example_dags/example_branch_datetime_operator.py for tasks to queue
[2023-09-13T19:29:14.404+0000] {logging_mixin.py:151} INFO - [2023-09-13T19:29:14.403+0000] {dagbag.py:539} INFO - Filling up the DagBag from /home/airflow/.local/lib/python3.8/site-packages/airflow/example_dags/example_branch_datetime_operator.py
[2023-09-13T19:29:14.413+0000] {processor.py:839} INFO - DAG(s) dict_keys(['example_branch_datetime_operator_2', 'example_branch_datetime_operator', 'example_branch_datetime_operator_3']) retrieved from /home/airflow/.local/lib/python3.8/site-packages/airflow/example_dags/example_branch_datetime_operator.py
[2023-09-13T19:29:14.438+0000] {logging_mixin.py:151} INFO - [2023-09-13T19:29:14.438+0000] {dag.py:2915} INFO - Sync 3 DAGs
[2023-09-13T19:29:14.457+0000] {logging_mixin.py:151} INFO - [2023-09-13T19:29:14.457+0000] {dag.py:3696} INFO - Setting next_dagrun for example_branch_datetime_operator to 2023-09-12T00:00:00+00:00, run_after=2023-09-13T00:00:00+00:00
[2023-09-13T19:29:14.462+0000] {logging_mixin.py:151} INFO - [2023-09-13T19:29:14.461+0000] {dag.py:3696} INFO - Setting next_dagrun for example_branch_datetime_operator_2 to 2023-09-12T00:00:00+00:00, run_after=2023-09-13T00:00:00+00:00
[2023-09-13T19:29:14.464+0000] {logging_mixin.py:151} INFO - [2023-09-13T19:29:14.464+0000] {dag.py:3696} INFO - Setting next_dagrun for example_branch_datetime_operator_3 to 2023-09-12T00:00:00+00:00, run_after=2023-09-13T00:00:00+00:00
[2023-09-13T19:29:14.475+0000] {processor.py:179} INFO - Processing /home/airflow/.local/lib/python3.8/site-packages/airflow/example_dags/example_branch_datetime_operator.py took 0.079 seconds
[2023-09-13T19:29:44.857+0000] {processor.py:157} INFO - Started process (PID=205) to work on /home/airflow/.local/lib/python3.8/site-packages/airflow/example_dags/example_branch_datetime_operator.py
[2023-09-13T19:29:44.858+0000] {processor.py:829} INFO - Processing file /home/airflow/.local/lib/python3.8/site-packages/airflow/example_dags/example_branch_datetime_operator.py for tasks to queue
[2023-09-13T19:29:44.861+0000] {logging_mixin.py:151} INFO - [2023-09-13T19:29:44.860+0000] {dagbag.py:539} INFO - Filling up the DagBag from /home/airflow/.local/lib/python3.8/site-packages/airflow/example_dags/example_branch_datetime_operator.py
[2023-09-13T19:29:44.870+0000] {processor.py:839} INFO - DAG(s) dict_keys(['example_branch_datetime_operator_3', 'example_branch_datetime_operator', 'example_branch_datetime_operator_2']) retrieved from /home/airflow/.local/lib/python3.8/site-packages/airflow/example_dags/example_branch_datetime_operator.py
[2023-09-13T19:29:44.897+0000] {logging_mixin.py:151} INFO - [2023-09-13T19:29:44.897+0000] {dag.py:2915} INFO - Sync 3 DAGs
[2023-09-13T19:29:44.916+0000] {logging_mixin.py:151} INFO - [2023-09-13T19:29:44.916+0000] {dag.py:3696} INFO - Setting next_dagrun for example_branch_datetime_operator to 2023-09-12T00:00:00+00:00, run_after=2023-09-13T00:00:00+00:00
[2023-09-13T19:29:44.920+0000] {logging_mixin.py:151} INFO - [2023-09-13T19:29:44.920+0000] {dag.py:3696} INFO - Setting next_dagrun for example_branch_datetime_operator_2 to 2023-09-12T00:00:00+00:00, run_after=2023-09-13T00:00:00+00:00
[2023-09-13T19:29:44.922+0000] {logging_mixin.py:151} INFO - [2023-09-13T19:29:44.922+0000] {dag.py:3696} INFO - Setting next_dagrun for example_branch_datetime_operator_3 to 2023-09-12T00:00:00+00:00, run_after=2023-09-13T00:00:00+00:00
[2023-09-13T19:29:44.934+0000] {processor.py:179} INFO - Processing /home/airflow/.local/lib/python3.8/site-packages/airflow/example_dags/example_branch_datetime_operator.py took 0.081 seconds
[2023-09-13T19:30:15.072+0000] {processor.py:157} INFO - Started process (PID=259) to work on /home/airflow/.local/lib/python3.8/site-packages/airflow/example_dags/example_branch_datetime_operator.py
[2023-09-13T19:30:15.074+0000] {processor.py:829} INFO - Processing file /home/airflow/.local/lib/python3.8/site-packages/airflow/example_dags/example_branch_datetime_operator.py for tasks to queue
[2023-09-13T19:30:15.076+0000] {logging_mixin.py:151} INFO - [2023-09-13T19:30:15.076+0000] {dagbag.py:539} INFO - Filling up the DagBag from /home/airflow/.local/lib/python3.8/site-packages/airflow/example_dags/example_branch_datetime_operator.py
[2023-09-13T19:30:15.085+0000] {processor.py:839} INFO - DAG(s) dict_keys(['example_branch_datetime_operator_3', 'example_branch_datetime_operator', 'example_branch_datetime_operator_2']) retrieved from /home/airflow/.local/lib/python3.8/site-packages/airflow/example_dags/example_branch_datetime_operator.py
[2023-09-13T19:30:15.112+0000] {logging_mixin.py:151} INFO - [2023-09-13T19:30:15.112+0000] {dag.py:2915} INFO - Sync 3 DAGs
[2023-09-13T19:30:15.133+0000] {logging_mixin.py:151} INFO - [2023-09-13T19:30:15.133+0000] {dag.py:3696} INFO - Setting next_dagrun for example_branch_datetime_operator to 2023-09-12T00:00:00+00:00, run_after=2023-09-13T00:00:00+00:00
[2023-09-13T19:30:15.137+0000] {logging_mixin.py:151} INFO - [2023-09-13T19:30:15.137+0000] {dag.py:3696} INFO - Setting next_dagrun for example_branch_datetime_operator_2 to 2023-09-12T00:00:00+00:00, run_after=2023-09-13T00:00:00+00:00
[2023-09-13T19:30:15.139+0000] {logging_mixin.py:151} INFO - [2023-09-13T19:30:15.139+0000] {dag.py:3696} INFO - Setting next_dagrun for example_branch_datetime_operator_3 to 2023-09-12T00:00:00+00:00, run_after=2023-09-13T00:00:00+00:00
[2023-09-13T19:30:15.151+0000] {processor.py:179} INFO - Processing /home/airflow/.local/lib/python3.8/site-packages/airflow/example_dags/example_branch_datetime_operator.py took 0.083 seconds
[2023-09-13T19:31:28.420+0000] {processor.py:157} INFO - Started process (PID=42) to work on /home/airflow/.local/lib/python3.8/site-packages/airflow/example_dags/example_branch_datetime_operator.py
[2023-09-13T19:31:28.437+0000] {processor.py:829} INFO - Processing file /home/airflow/.local/lib/python3.8/site-packages/airflow/example_dags/example_branch_datetime_operator.py for tasks to queue
[2023-09-13T19:31:28.456+0000] {logging_mixin.py:151} INFO - [2023-09-13T19:31:28.455+0000] {dagbag.py:539} INFO - Filling up the DagBag from /home/airflow/.local/lib/python3.8/site-packages/airflow/example_dags/example_branch_datetime_operator.py
[2023-09-13T19:31:28.499+0000] {processor.py:839} INFO - DAG(s) dict_keys(['example_branch_datetime_operator_2', 'example_branch_datetime_operator', 'example_branch_datetime_operator_3']) retrieved from /home/airflow/.local/lib/python3.8/site-packages/airflow/example_dags/example_branch_datetime_operator.py
[2023-09-13T19:31:28.544+0000] {logging_mixin.py:151} INFO - [2023-09-13T19:31:28.542+0000] {dag.py:2915} INFO - Sync 3 DAGs
[2023-09-13T19:31:28.601+0000] {logging_mixin.py:151} INFO - [2023-09-13T19:31:28.600+0000] {dag.py:3696} INFO - Setting next_dagrun for example_branch_datetime_operator to 2023-09-12T00:00:00+00:00, run_after=2023-09-13T00:00:00+00:00
[2023-09-13T19:31:28.612+0000] {logging_mixin.py:151} INFO - [2023-09-13T19:31:28.612+0000] {dag.py:3696} INFO - Setting next_dagrun for example_branch_datetime_operator_2 to 2023-09-12T00:00:00+00:00, run_after=2023-09-13T00:00:00+00:00
[2023-09-13T19:31:28.623+0000] {logging_mixin.py:151} INFO - [2023-09-13T19:31:28.622+0000] {dag.py:3696} INFO - Setting next_dagrun for example_branch_datetime_operator_3 to 2023-09-12T00:00:00+00:00, run_after=2023-09-13T00:00:00+00:00
[2023-09-13T19:31:28.652+0000] {processor.py:179} INFO - Processing /home/airflow/.local/lib/python3.8/site-packages/airflow/example_dags/example_branch_datetime_operator.py took 0.239 seconds
[2023-09-13T19:31:59.230+0000] {processor.py:157} INFO - Started process (PID=96) to work on /home/airflow/.local/lib/python3.8/site-packages/airflow/example_dags/example_branch_datetime_operator.py
[2023-09-13T19:31:59.232+0000] {processor.py:829} INFO - Processing file /home/airflow/.local/lib/python3.8/site-packages/airflow/example_dags/example_branch_datetime_operator.py for tasks to queue
[2023-09-13T19:31:59.236+0000] {logging_mixin.py:151} INFO - [2023-09-13T19:31:59.235+0000] {dagbag.py:539} INFO - Filling up the DagBag from /home/airflow/.local/lib/python3.8/site-packages/airflow/example_dags/example_branch_datetime_operator.py
[2023-09-13T19:31:59.245+0000] {processor.py:839} INFO - DAG(s) dict_keys(['example_branch_datetime_operator_2', 'example_branch_datetime_operator', 'example_branch_datetime_operator_3']) retrieved from /home/airflow/.local/lib/python3.8/site-packages/airflow/example_dags/example_branch_datetime_operator.py
[2023-09-13T19:31:59.290+0000] {logging_mixin.py:151} INFO - [2023-09-13T19:31:59.290+0000] {dag.py:2915} INFO - Sync 3 DAGs
[2023-09-13T19:31:59.313+0000] {logging_mixin.py:151} INFO - [2023-09-13T19:31:59.312+0000] {dag.py:3696} INFO - Setting next_dagrun for example_branch_datetime_operator to 2023-09-12T00:00:00+00:00, run_after=2023-09-13T00:00:00+00:00
[2023-09-13T19:31:59.319+0000] {logging_mixin.py:151} INFO - [2023-09-13T19:31:59.319+0000] {dag.py:3696} INFO - Setting next_dagrun for example_branch_datetime_operator_2 to 2023-09-12T00:00:00+00:00, run_after=2023-09-13T00:00:00+00:00
[2023-09-13T19:31:59.327+0000] {logging_mixin.py:151} INFO - [2023-09-13T19:31:59.327+0000] {dag.py:3696} INFO - Setting next_dagrun for example_branch_datetime_operator_3 to 2023-09-12T00:00:00+00:00, run_after=2023-09-13T00:00:00+00:00
[2023-09-13T19:31:59.361+0000] {processor.py:179} INFO - Processing /home/airflow/.local/lib/python3.8/site-packages/airflow/example_dags/example_branch_datetime_operator.py took 0.135 seconds
[2023-09-13T19:32:30.021+0000] {processor.py:157} INFO - Started process (PID=151) to work on /home/airflow/.local/lib/python3.8/site-packages/airflow/example_dags/example_branch_datetime_operator.py
[2023-09-13T19:32:30.022+0000] {processor.py:829} INFO - Processing file /home/airflow/.local/lib/python3.8/site-packages/airflow/example_dags/example_branch_datetime_operator.py for tasks to queue
[2023-09-13T19:32:30.025+0000] {logging_mixin.py:151} INFO - [2023-09-13T19:32:30.024+0000] {dagbag.py:539} INFO - Filling up the DagBag from /home/airflow/.local/lib/python3.8/site-packages/airflow/example_dags/example_branch_datetime_operator.py
[2023-09-13T19:32:30.034+0000] {processor.py:839} INFO - DAG(s) dict_keys(['example_branch_datetime_operator_2', 'example_branch_datetime_operator', 'example_branch_datetime_operator_3']) retrieved from /home/airflow/.local/lib/python3.8/site-packages/airflow/example_dags/example_branch_datetime_operator.py
[2023-09-13T19:32:30.061+0000] {logging_mixin.py:151} INFO - [2023-09-13T19:32:30.061+0000] {dag.py:2915} INFO - Sync 3 DAGs
[2023-09-13T19:32:30.080+0000] {logging_mixin.py:151} INFO - [2023-09-13T19:32:30.080+0000] {dag.py:3696} INFO - Setting next_dagrun for example_branch_datetime_operator to 2023-09-12T00:00:00+00:00, run_after=2023-09-13T00:00:00+00:00
[2023-09-13T19:32:30.084+0000] {logging_mixin.py:151} INFO - [2023-09-13T19:32:30.084+0000] {dag.py:3696} INFO - Setting next_dagrun for example_branch_datetime_operator_2 to 2023-09-12T00:00:00+00:00, run_after=2023-09-13T00:00:00+00:00
[2023-09-13T19:32:30.086+0000] {logging_mixin.py:151} INFO - [2023-09-13T19:32:30.086+0000] {dag.py:3696} INFO - Setting next_dagrun for example_branch_datetime_operator_3 to 2023-09-12T00:00:00+00:00, run_after=2023-09-13T00:00:00+00:00
[2023-09-13T19:32:30.098+0000] {processor.py:179} INFO - Processing /home/airflow/.local/lib/python3.8/site-packages/airflow/example_dags/example_branch_datetime_operator.py took 0.081 seconds
[2023-09-13T19:33:00.174+0000] {processor.py:157} INFO - Started process (PID=206) to work on /home/airflow/.local/lib/python3.8/site-packages/airflow/example_dags/example_branch_datetime_operator.py
[2023-09-13T19:33:00.175+0000] {processor.py:829} INFO - Processing file /home/airflow/.local/lib/python3.8/site-packages/airflow/example_dags/example_branch_datetime_operator.py for tasks to queue
[2023-09-13T19:33:00.177+0000] {logging_mixin.py:151} INFO - [2023-09-13T19:33:00.177+0000] {dagbag.py:539} INFO - Filling up the DagBag from /home/airflow/.local/lib/python3.8/site-packages/airflow/example_dags/example_branch_datetime_operator.py
[2023-09-13T19:33:00.187+0000] {processor.py:839} INFO - DAG(s) dict_keys(['example_branch_datetime_operator_3', 'example_branch_datetime_operator_2', 'example_branch_datetime_operator']) retrieved from /home/airflow/.local/lib/python3.8/site-packages/airflow/example_dags/example_branch_datetime_operator.py
[2023-09-13T19:33:00.214+0000] {logging_mixin.py:151} INFO - [2023-09-13T19:33:00.214+0000] {dag.py:2915} INFO - Sync 3 DAGs
[2023-09-13T19:33:00.233+0000] {logging_mixin.py:151} INFO - [2023-09-13T19:33:00.233+0000] {dag.py:3696} INFO - Setting next_dagrun for example_branch_datetime_operator to 2023-09-12T00:00:00+00:00, run_after=2023-09-13T00:00:00+00:00
[2023-09-13T19:33:00.237+0000] {logging_mixin.py:151} INFO - [2023-09-13T19:33:00.237+0000] {dag.py:3696} INFO - Setting next_dagrun for example_branch_datetime_operator_2 to 2023-09-12T00:00:00+00:00, run_after=2023-09-13T00:00:00+00:00
[2023-09-13T19:33:00.241+0000] {logging_mixin.py:151} INFO - [2023-09-13T19:33:00.240+0000] {dag.py:3696} INFO - Setting next_dagrun for example_branch_datetime_operator_3 to 2023-09-12T00:00:00+00:00, run_after=2023-09-13T00:00:00+00:00
[2023-09-13T19:33:00.253+0000] {processor.py:179} INFO - Processing /home/airflow/.local/lib/python3.8/site-packages/airflow/example_dags/example_branch_datetime_operator.py took 0.082 seconds
[2023-09-13T19:33:30.337+0000] {processor.py:157} INFO - Started process (PID=261) to work on /home/airflow/.local/lib/python3.8/site-packages/airflow/example_dags/example_branch_datetime_operator.py
[2023-09-13T19:33:30.338+0000] {processor.py:829} INFO - Processing file /home/airflow/.local/lib/python3.8/site-packages/airflow/example_dags/example_branch_datetime_operator.py for tasks to queue
[2023-09-13T19:33:30.341+0000] {logging_mixin.py:151} INFO - [2023-09-13T19:33:30.341+0000] {dagbag.py:539} INFO - Filling up the DagBag from /home/airflow/.local/lib/python3.8/site-packages/airflow/example_dags/example_branch_datetime_operator.py
[2023-09-13T19:33:30.351+0000] {processor.py:839} INFO - DAG(s) dict_keys(['example_branch_datetime_operator_3', 'example_branch_datetime_operator_2', 'example_branch_datetime_operator']) retrieved from /home/airflow/.local/lib/python3.8/site-packages/airflow/example_dags/example_branch_datetime_operator.py
[2023-09-13T19:33:30.377+0000] {logging_mixin.py:151} INFO - [2023-09-13T19:33:30.377+0000] {dag.py:2915} INFO - Sync 3 DAGs
[2023-09-13T19:33:30.395+0000] {logging_mixin.py:151} INFO - [2023-09-13T19:33:30.395+0000] {dag.py:3696} INFO - Setting next_dagrun for example_branch_datetime_operator to 2023-09-12T00:00:00+00:00, run_after=2023-09-13T00:00:00+00:00
[2023-09-13T19:33:30.399+0000] {logging_mixin.py:151} INFO - [2023-09-13T19:33:30.399+0000] {dag.py:3696} INFO - Setting next_dagrun for example_branch_datetime_operator_2 to 2023-09-12T00:00:00+00:00, run_after=2023-09-13T00:00:00+00:00
[2023-09-13T19:33:30.401+0000] {logging_mixin.py:151} INFO - [2023-09-13T19:33:30.401+0000] {dag.py:3696} INFO - Setting next_dagrun for example_branch_datetime_operator_3 to 2023-09-12T00:00:00+00:00, run_after=2023-09-13T00:00:00+00:00
[2023-09-13T19:33:30.413+0000] {processor.py:179} INFO - Processing /home/airflow/.local/lib/python3.8/site-packages/airflow/example_dags/example_branch_datetime_operator.py took 0.079 seconds
[2023-09-13T19:34:01.046+0000] {processor.py:157} INFO - Started process (PID=316) to work on /home/airflow/.local/lib/python3.8/site-packages/airflow/example_dags/example_branch_datetime_operator.py
[2023-09-13T19:34:01.048+0000] {processor.py:829} INFO - Processing file /home/airflow/.local/lib/python3.8/site-packages/airflow/example_dags/example_branch_datetime_operator.py for tasks to queue
[2023-09-13T19:34:01.051+0000] {logging_mixin.py:151} INFO - [2023-09-13T19:34:01.051+0000] {dagbag.py:539} INFO - Filling up the DagBag from /home/airflow/.local/lib/python3.8/site-packages/airflow/example_dags/example_branch_datetime_operator.py
[2023-09-13T19:34:01.062+0000] {processor.py:839} INFO - DAG(s) dict_keys(['example_branch_datetime_operator_3', 'example_branch_datetime_operator_2', 'example_branch_datetime_operator']) retrieved from /home/airflow/.local/lib/python3.8/site-packages/airflow/example_dags/example_branch_datetime_operator.py
[2023-09-13T19:34:01.088+0000] {logging_mixin.py:151} INFO - [2023-09-13T19:34:01.088+0000] {dag.py:2915} INFO - Sync 3 DAGs
[2023-09-13T19:34:01.116+0000] {logging_mixin.py:151} INFO - [2023-09-13T19:34:01.116+0000] {dag.py:3696} INFO - Setting next_dagrun for example_branch_datetime_operator to 2023-09-12T00:00:00+00:00, run_after=2023-09-13T00:00:00+00:00
[2023-09-13T19:34:01.120+0000] {logging_mixin.py:151} INFO - [2023-09-13T19:34:01.120+0000] {dag.py:3696} INFO - Setting next_dagrun for example_branch_datetime_operator_2 to 2023-09-12T00:00:00+00:00, run_after=2023-09-13T00:00:00+00:00
[2023-09-13T19:34:01.122+0000] {logging_mixin.py:151} INFO - [2023-09-13T19:34:01.122+0000] {dag.py:3696} INFO - Setting next_dagrun for example_branch_datetime_operator_3 to 2023-09-12T00:00:00+00:00, run_after=2023-09-13T00:00:00+00:00
[2023-09-13T19:34:01.136+0000] {processor.py:179} INFO - Processing /home/airflow/.local/lib/python3.8/site-packages/airflow/example_dags/example_branch_datetime_operator.py took 0.094 seconds
