[2023-09-13T19:15:48.203+0000] {processor.py:157} INFO - Started process (PID=40) to work on /home/airflow/.local/lib/python3.8/site-packages/airflow/example_dags/example_branch_python_dop_operator_3.py
[2023-09-13T19:15:48.205+0000] {processor.py:829} INFO - Processing file /home/airflow/.local/lib/python3.8/site-packages/airflow/example_dags/example_branch_python_dop_operator_3.py for tasks to queue
[2023-09-13T19:15:48.211+0000] {logging_mixin.py:151} INFO - [2023-09-13T19:15:48.211+0000] {dagbag.py:539} INFO - Filling up the DagBag from /home/airflow/.local/lib/python3.8/site-packages/airflow/example_dags/example_branch_python_dop_operator_3.py
[2023-09-13T19:15:48.230+0000] {processor.py:839} INFO - DAG(s) dict_keys(['example_branch_dop_operator_v3']) retrieved from /home/airflow/.local/lib/python3.8/site-packages/airflow/example_dags/example_branch_python_dop_operator_3.py
[2023-09-13T19:15:48.389+0000] {logging_mixin.py:151} INFO - [2023-09-13T19:15:48.389+0000] {manager.py:499} INFO - Created Permission View: %s
[2023-09-13T19:15:48.404+0000] {logging_mixin.py:151} INFO - [2023-09-13T19:15:48.404+0000] {manager.py:499} INFO - Created Permission View: %s
[2023-09-13T19:15:48.415+0000] {logging_mixin.py:151} INFO - [2023-09-13T19:15:48.414+0000] {manager.py:499} INFO - Created Permission View: %s
[2023-09-13T19:15:48.416+0000] {logging_mixin.py:151} INFO - [2023-09-13T19:15:48.416+0000] {security.py:708} INFO - Not syncing DAG-level permissions for DAG 'DAG:example_branch_dop_operator_v3' as access control is unset.
[2023-09-13T19:15:48.418+0000] {logging_mixin.py:151} INFO - [2023-09-13T19:15:48.417+0000] {dag.py:2915} INFO - Sync 1 DAGs
[2023-09-13T19:15:48.438+0000] {logging_mixin.py:151} INFO - [2023-09-13T19:15:48.438+0000] {dag.py:2937} INFO - Creating ORM DAG for example_branch_dop_operator_v3
[2023-09-13T19:15:48.473+0000] {logging_mixin.py:151} INFO - [2023-09-13T19:15:48.473+0000] {dag.py:3696} INFO - Setting next_dagrun for example_branch_dop_operator_v3 to 2023-09-13T19:14:00+00:00, run_after=2023-09-13T19:15:00+00:00
[2023-09-13T19:15:48.498+0000] {processor.py:179} INFO - Processing /home/airflow/.local/lib/python3.8/site-packages/airflow/example_dags/example_branch_python_dop_operator_3.py took 0.300 seconds
[2023-09-13T19:16:19.484+0000] {processor.py:157} INFO - Started process (PID=93) to work on /home/airflow/.local/lib/python3.8/site-packages/airflow/example_dags/example_branch_python_dop_operator_3.py
[2023-09-13T19:16:19.487+0000] {processor.py:829} INFO - Processing file /home/airflow/.local/lib/python3.8/site-packages/airflow/example_dags/example_branch_python_dop_operator_3.py for tasks to queue
[2023-09-13T19:16:19.490+0000] {logging_mixin.py:151} INFO - [2023-09-13T19:16:19.490+0000] {dagbag.py:539} INFO - Filling up the DagBag from /home/airflow/.local/lib/python3.8/site-packages/airflow/example_dags/example_branch_python_dop_operator_3.py
[2023-09-13T19:16:19.500+0000] {processor.py:839} INFO - DAG(s) dict_keys(['example_branch_dop_operator_v3']) retrieved from /home/airflow/.local/lib/python3.8/site-packages/airflow/example_dags/example_branch_python_dop_operator_3.py
[2023-09-13T19:16:19.521+0000] {logging_mixin.py:151} INFO - [2023-09-13T19:16:19.521+0000] {dag.py:2915} INFO - Sync 1 DAGs
[2023-09-13T19:16:19.541+0000] {logging_mixin.py:151} INFO - [2023-09-13T19:16:19.541+0000] {dag.py:3696} INFO - Setting next_dagrun for example_branch_dop_operator_v3 to 2023-09-13T19:15:00+00:00, run_after=2023-09-13T19:16:00+00:00
[2023-09-13T19:16:19.554+0000] {processor.py:179} INFO - Processing /home/airflow/.local/lib/python3.8/site-packages/airflow/example_dags/example_branch_python_dop_operator_3.py took 0.076 seconds
[2023-09-13T19:16:49.713+0000] {processor.py:157} INFO - Started process (PID=146) to work on /home/airflow/.local/lib/python3.8/site-packages/airflow/example_dags/example_branch_python_dop_operator_3.py
[2023-09-13T19:16:49.715+0000] {processor.py:829} INFO - Processing file /home/airflow/.local/lib/python3.8/site-packages/airflow/example_dags/example_branch_python_dop_operator_3.py for tasks to queue
[2023-09-13T19:16:49.719+0000] {logging_mixin.py:151} INFO - [2023-09-13T19:16:49.719+0000] {dagbag.py:539} INFO - Filling up the DagBag from /home/airflow/.local/lib/python3.8/site-packages/airflow/example_dags/example_branch_python_dop_operator_3.py
[2023-09-13T19:16:49.728+0000] {processor.py:839} INFO - DAG(s) dict_keys(['example_branch_dop_operator_v3']) retrieved from /home/airflow/.local/lib/python3.8/site-packages/airflow/example_dags/example_branch_python_dop_operator_3.py
[2023-09-13T19:16:49.750+0000] {logging_mixin.py:151} INFO - [2023-09-13T19:16:49.750+0000] {dag.py:2915} INFO - Sync 1 DAGs
[2023-09-13T19:16:49.771+0000] {logging_mixin.py:151} INFO - [2023-09-13T19:16:49.771+0000] {dag.py:3696} INFO - Setting next_dagrun for example_branch_dop_operator_v3 to 2023-09-13T19:15:00+00:00, run_after=2023-09-13T19:16:00+00:00
[2023-09-13T19:16:49.783+0000] {processor.py:179} INFO - Processing /home/airflow/.local/lib/python3.8/site-packages/airflow/example_dags/example_branch_python_dop_operator_3.py took 0.076 seconds
[2023-09-13T19:17:20.120+0000] {processor.py:157} INFO - Started process (PID=200) to work on /home/airflow/.local/lib/python3.8/site-packages/airflow/example_dags/example_branch_python_dop_operator_3.py
[2023-09-13T19:17:20.123+0000] {processor.py:829} INFO - Processing file /home/airflow/.local/lib/python3.8/site-packages/airflow/example_dags/example_branch_python_dop_operator_3.py for tasks to queue
[2023-09-13T19:17:20.128+0000] {logging_mixin.py:151} INFO - [2023-09-13T19:17:20.128+0000] {dagbag.py:539} INFO - Filling up the DagBag from /home/airflow/.local/lib/python3.8/site-packages/airflow/example_dags/example_branch_python_dop_operator_3.py
[2023-09-13T19:17:20.141+0000] {processor.py:839} INFO - DAG(s) dict_keys(['example_branch_dop_operator_v3']) retrieved from /home/airflow/.local/lib/python3.8/site-packages/airflow/example_dags/example_branch_python_dop_operator_3.py
[2023-09-13T19:17:20.164+0000] {logging_mixin.py:151} INFO - [2023-09-13T19:17:20.164+0000] {dag.py:2915} INFO - Sync 1 DAGs
[2023-09-13T19:17:20.186+0000] {logging_mixin.py:151} INFO - [2023-09-13T19:17:20.185+0000] {dag.py:3696} INFO - Setting next_dagrun for example_branch_dop_operator_v3 to 2023-09-13T19:16:00+00:00, run_after=2023-09-13T19:17:00+00:00
[2023-09-13T19:17:20.199+0000] {processor.py:179} INFO - Processing /home/airflow/.local/lib/python3.8/site-packages/airflow/example_dags/example_branch_python_dop_operator_3.py took 0.084 seconds
[2023-09-13T19:17:50.390+0000] {processor.py:157} INFO - Started process (PID=254) to work on /home/airflow/.local/lib/python3.8/site-packages/airflow/example_dags/example_branch_python_dop_operator_3.py
[2023-09-13T19:17:50.392+0000] {processor.py:829} INFO - Processing file /home/airflow/.local/lib/python3.8/site-packages/airflow/example_dags/example_branch_python_dop_operator_3.py for tasks to queue
[2023-09-13T19:17:50.395+0000] {logging_mixin.py:151} INFO - [2023-09-13T19:17:50.395+0000] {dagbag.py:539} INFO - Filling up the DagBag from /home/airflow/.local/lib/python3.8/site-packages/airflow/example_dags/example_branch_python_dop_operator_3.py
[2023-09-13T19:17:50.404+0000] {processor.py:839} INFO - DAG(s) dict_keys(['example_branch_dop_operator_v3']) retrieved from /home/airflow/.local/lib/python3.8/site-packages/airflow/example_dags/example_branch_python_dop_operator_3.py
[2023-09-13T19:17:50.426+0000] {logging_mixin.py:151} INFO - [2023-09-13T19:17:50.425+0000] {dag.py:2915} INFO - Sync 1 DAGs
[2023-09-13T19:17:50.445+0000] {logging_mixin.py:151} INFO - [2023-09-13T19:17:50.445+0000] {dag.py:3696} INFO - Setting next_dagrun for example_branch_dop_operator_v3 to 2023-09-13T19:16:00+00:00, run_after=2023-09-13T19:17:00+00:00
[2023-09-13T19:17:50.458+0000] {processor.py:179} INFO - Processing /home/airflow/.local/lib/python3.8/site-packages/airflow/example_dags/example_branch_python_dop_operator_3.py took 0.074 seconds
[2023-09-13T19:18:20.716+0000] {processor.py:157} INFO - Started process (PID=308) to work on /home/airflow/.local/lib/python3.8/site-packages/airflow/example_dags/example_branch_python_dop_operator_3.py
[2023-09-13T19:18:20.719+0000] {processor.py:829} INFO - Processing file /home/airflow/.local/lib/python3.8/site-packages/airflow/example_dags/example_branch_python_dop_operator_3.py for tasks to queue
[2023-09-13T19:18:20.721+0000] {logging_mixin.py:151} INFO - [2023-09-13T19:18:20.721+0000] {dagbag.py:539} INFO - Filling up the DagBag from /home/airflow/.local/lib/python3.8/site-packages/airflow/example_dags/example_branch_python_dop_operator_3.py
[2023-09-13T19:18:20.730+0000] {processor.py:839} INFO - DAG(s) dict_keys(['example_branch_dop_operator_v3']) retrieved from /home/airflow/.local/lib/python3.8/site-packages/airflow/example_dags/example_branch_python_dop_operator_3.py
[2023-09-13T19:18:20.751+0000] {logging_mixin.py:151} INFO - [2023-09-13T19:18:20.751+0000] {dag.py:2915} INFO - Sync 1 DAGs
[2023-09-13T19:18:20.772+0000] {logging_mixin.py:151} INFO - [2023-09-13T19:18:20.772+0000] {dag.py:3696} INFO - Setting next_dagrun for example_branch_dop_operator_v3 to 2023-09-13T19:17:00+00:00, run_after=2023-09-13T19:18:00+00:00
[2023-09-13T19:18:20.785+0000] {processor.py:179} INFO - Processing /home/airflow/.local/lib/python3.8/site-packages/airflow/example_dags/example_branch_python_dop_operator_3.py took 0.075 seconds
[2023-09-13T19:18:50.917+0000] {processor.py:157} INFO - Started process (PID=362) to work on /home/airflow/.local/lib/python3.8/site-packages/airflow/example_dags/example_branch_python_dop_operator_3.py
[2023-09-13T19:18:50.919+0000] {processor.py:829} INFO - Processing file /home/airflow/.local/lib/python3.8/site-packages/airflow/example_dags/example_branch_python_dop_operator_3.py for tasks to queue
[2023-09-13T19:18:50.922+0000] {logging_mixin.py:151} INFO - [2023-09-13T19:18:50.921+0000] {dagbag.py:539} INFO - Filling up the DagBag from /home/airflow/.local/lib/python3.8/site-packages/airflow/example_dags/example_branch_python_dop_operator_3.py
[2023-09-13T19:18:50.931+0000] {processor.py:839} INFO - DAG(s) dict_keys(['example_branch_dop_operator_v3']) retrieved from /home/airflow/.local/lib/python3.8/site-packages/airflow/example_dags/example_branch_python_dop_operator_3.py
[2023-09-13T19:18:50.952+0000] {logging_mixin.py:151} INFO - [2023-09-13T19:18:50.952+0000] {dag.py:2915} INFO - Sync 1 DAGs
[2023-09-13T19:18:50.972+0000] {logging_mixin.py:151} INFO - [2023-09-13T19:18:50.972+0000] {dag.py:3696} INFO - Setting next_dagrun for example_branch_dop_operator_v3 to 2023-09-13T19:17:00+00:00, run_after=2023-09-13T19:18:00+00:00
[2023-09-13T19:18:50.988+0000] {processor.py:179} INFO - Processing /home/airflow/.local/lib/python3.8/site-packages/airflow/example_dags/example_branch_python_dop_operator_3.py took 0.076 seconds
[2023-09-13T19:19:21.228+0000] {processor.py:157} INFO - Started process (PID=417) to work on /home/airflow/.local/lib/python3.8/site-packages/airflow/example_dags/example_branch_python_dop_operator_3.py
[2023-09-13T19:19:21.230+0000] {processor.py:829} INFO - Processing file /home/airflow/.local/lib/python3.8/site-packages/airflow/example_dags/example_branch_python_dop_operator_3.py for tasks to queue
[2023-09-13T19:19:21.233+0000] {logging_mixin.py:151} INFO - [2023-09-13T19:19:21.232+0000] {dagbag.py:539} INFO - Filling up the DagBag from /home/airflow/.local/lib/python3.8/site-packages/airflow/example_dags/example_branch_python_dop_operator_3.py
[2023-09-13T19:19:21.241+0000] {processor.py:839} INFO - DAG(s) dict_keys(['example_branch_dop_operator_v3']) retrieved from /home/airflow/.local/lib/python3.8/site-packages/airflow/example_dags/example_branch_python_dop_operator_3.py
[2023-09-13T19:19:21.264+0000] {logging_mixin.py:151} INFO - [2023-09-13T19:19:21.264+0000] {dag.py:2915} INFO - Sync 1 DAGs
[2023-09-13T19:19:21.285+0000] {logging_mixin.py:151} INFO - [2023-09-13T19:19:21.285+0000] {dag.py:3696} INFO - Setting next_dagrun for example_branch_dop_operator_v3 to 2023-09-13T19:18:00+00:00, run_after=2023-09-13T19:19:00+00:00
[2023-09-13T19:19:21.298+0000] {processor.py:179} INFO - Processing /home/airflow/.local/lib/python3.8/site-packages/airflow/example_dags/example_branch_python_dop_operator_3.py took 0.074 seconds
[2023-09-13T19:19:51.520+0000] {processor.py:157} INFO - Started process (PID=471) to work on /home/airflow/.local/lib/python3.8/site-packages/airflow/example_dags/example_branch_python_dop_operator_3.py
[2023-09-13T19:19:51.523+0000] {processor.py:829} INFO - Processing file /home/airflow/.local/lib/python3.8/site-packages/airflow/example_dags/example_branch_python_dop_operator_3.py for tasks to queue
[2023-09-13T19:19:51.526+0000] {logging_mixin.py:151} INFO - [2023-09-13T19:19:51.525+0000] {dagbag.py:539} INFO - Filling up the DagBag from /home/airflow/.local/lib/python3.8/site-packages/airflow/example_dags/example_branch_python_dop_operator_3.py
[2023-09-13T19:19:51.535+0000] {processor.py:839} INFO - DAG(s) dict_keys(['example_branch_dop_operator_v3']) retrieved from /home/airflow/.local/lib/python3.8/site-packages/airflow/example_dags/example_branch_python_dop_operator_3.py
[2023-09-13T19:19:51.561+0000] {logging_mixin.py:151} INFO - [2023-09-13T19:19:51.561+0000] {dag.py:2915} INFO - Sync 1 DAGs
[2023-09-13T19:19:51.584+0000] {logging_mixin.py:151} INFO - [2023-09-13T19:19:51.583+0000] {dag.py:3696} INFO - Setting next_dagrun for example_branch_dop_operator_v3 to 2023-09-13T19:18:00+00:00, run_after=2023-09-13T19:19:00+00:00
[2023-09-13T19:19:51.599+0000] {processor.py:179} INFO - Processing /home/airflow/.local/lib/python3.8/site-packages/airflow/example_dags/example_branch_python_dop_operator_3.py took 0.085 seconds
[2023-09-13T19:20:21.861+0000] {processor.py:157} INFO - Started process (PID=524) to work on /home/airflow/.local/lib/python3.8/site-packages/airflow/example_dags/example_branch_python_dop_operator_3.py
[2023-09-13T19:20:21.863+0000] {processor.py:829} INFO - Processing file /home/airflow/.local/lib/python3.8/site-packages/airflow/example_dags/example_branch_python_dop_operator_3.py for tasks to queue
[2023-09-13T19:20:21.866+0000] {logging_mixin.py:151} INFO - [2023-09-13T19:20:21.866+0000] {dagbag.py:539} INFO - Filling up the DagBag from /home/airflow/.local/lib/python3.8/site-packages/airflow/example_dags/example_branch_python_dop_operator_3.py
[2023-09-13T19:20:21.875+0000] {processor.py:839} INFO - DAG(s) dict_keys(['example_branch_dop_operator_v3']) retrieved from /home/airflow/.local/lib/python3.8/site-packages/airflow/example_dags/example_branch_python_dop_operator_3.py
[2023-09-13T19:20:21.896+0000] {logging_mixin.py:151} INFO - [2023-09-13T19:20:21.896+0000] {dag.py:2915} INFO - Sync 1 DAGs
[2023-09-13T19:20:21.917+0000] {logging_mixin.py:151} INFO - [2023-09-13T19:20:21.917+0000] {dag.py:3696} INFO - Setting next_dagrun for example_branch_dop_operator_v3 to 2023-09-13T19:19:00+00:00, run_after=2023-09-13T19:20:00+00:00
[2023-09-13T19:20:21.930+0000] {processor.py:179} INFO - Processing /home/airflow/.local/lib/python3.8/site-packages/airflow/example_dags/example_branch_python_dop_operator_3.py took 0.073 seconds
[2023-09-13T19:20:52.366+0000] {processor.py:157} INFO - Started process (PID=578) to work on /home/airflow/.local/lib/python3.8/site-packages/airflow/example_dags/example_branch_python_dop_operator_3.py
[2023-09-13T19:20:52.369+0000] {processor.py:829} INFO - Processing file /home/airflow/.local/lib/python3.8/site-packages/airflow/example_dags/example_branch_python_dop_operator_3.py for tasks to queue
[2023-09-13T19:20:52.373+0000] {logging_mixin.py:151} INFO - [2023-09-13T19:20:52.373+0000] {dagbag.py:539} INFO - Filling up the DagBag from /home/airflow/.local/lib/python3.8/site-packages/airflow/example_dags/example_branch_python_dop_operator_3.py
[2023-09-13T19:20:52.384+0000] {processor.py:839} INFO - DAG(s) dict_keys(['example_branch_dop_operator_v3']) retrieved from /home/airflow/.local/lib/python3.8/site-packages/airflow/example_dags/example_branch_python_dop_operator_3.py
[2023-09-13T19:20:52.409+0000] {logging_mixin.py:151} INFO - [2023-09-13T19:20:52.409+0000] {dag.py:2915} INFO - Sync 1 DAGs
[2023-09-13T19:20:52.437+0000] {logging_mixin.py:151} INFO - [2023-09-13T19:20:52.437+0000] {dag.py:3696} INFO - Setting next_dagrun for example_branch_dop_operator_v3 to 2023-09-13T19:19:00+00:00, run_after=2023-09-13T19:20:00+00:00
[2023-09-13T19:20:52.465+0000] {processor.py:179} INFO - Processing /home/airflow/.local/lib/python3.8/site-packages/airflow/example_dags/example_branch_python_dop_operator_3.py took 0.105 seconds
[2023-09-13T19:21:22.687+0000] {processor.py:157} INFO - Started process (PID=632) to work on /home/airflow/.local/lib/python3.8/site-packages/airflow/example_dags/example_branch_python_dop_operator_3.py
[2023-09-13T19:21:22.691+0000] {processor.py:829} INFO - Processing file /home/airflow/.local/lib/python3.8/site-packages/airflow/example_dags/example_branch_python_dop_operator_3.py for tasks to queue
[2023-09-13T19:21:22.694+0000] {logging_mixin.py:151} INFO - [2023-09-13T19:21:22.694+0000] {dagbag.py:539} INFO - Filling up the DagBag from /home/airflow/.local/lib/python3.8/site-packages/airflow/example_dags/example_branch_python_dop_operator_3.py
[2023-09-13T19:21:22.704+0000] {processor.py:839} INFO - DAG(s) dict_keys(['example_branch_dop_operator_v3']) retrieved from /home/airflow/.local/lib/python3.8/site-packages/airflow/example_dags/example_branch_python_dop_operator_3.py
[2023-09-13T19:21:22.727+0000] {logging_mixin.py:151} INFO - [2023-09-13T19:21:22.727+0000] {dag.py:2915} INFO - Sync 1 DAGs
[2023-09-13T19:21:22.747+0000] {logging_mixin.py:151} INFO - [2023-09-13T19:21:22.747+0000] {dag.py:3696} INFO - Setting next_dagrun for example_branch_dop_operator_v3 to 2023-09-13T19:20:00+00:00, run_after=2023-09-13T19:21:00+00:00
[2023-09-13T19:21:22.760+0000] {processor.py:179} INFO - Processing /home/airflow/.local/lib/python3.8/site-packages/airflow/example_dags/example_branch_python_dop_operator_3.py took 0.079 seconds
[2023-09-13T19:21:53.292+0000] {processor.py:157} INFO - Started process (PID=686) to work on /home/airflow/.local/lib/python3.8/site-packages/airflow/example_dags/example_branch_python_dop_operator_3.py
[2023-09-13T19:21:53.294+0000] {processor.py:829} INFO - Processing file /home/airflow/.local/lib/python3.8/site-packages/airflow/example_dags/example_branch_python_dop_operator_3.py for tasks to queue
[2023-09-13T19:21:53.296+0000] {logging_mixin.py:151} INFO - [2023-09-13T19:21:53.296+0000] {dagbag.py:539} INFO - Filling up the DagBag from /home/airflow/.local/lib/python3.8/site-packages/airflow/example_dags/example_branch_python_dop_operator_3.py
[2023-09-13T19:21:53.304+0000] {processor.py:839} INFO - DAG(s) dict_keys(['example_branch_dop_operator_v3']) retrieved from /home/airflow/.local/lib/python3.8/site-packages/airflow/example_dags/example_branch_python_dop_operator_3.py
[2023-09-13T19:21:53.326+0000] {logging_mixin.py:151} INFO - [2023-09-13T19:21:53.325+0000] {dag.py:2915} INFO - Sync 1 DAGs
[2023-09-13T19:21:53.345+0000] {logging_mixin.py:151} INFO - [2023-09-13T19:21:53.345+0000] {dag.py:3696} INFO - Setting next_dagrun for example_branch_dop_operator_v3 to 2023-09-13T19:20:00+00:00, run_after=2023-09-13T19:21:00+00:00
[2023-09-13T19:21:53.359+0000] {processor.py:179} INFO - Processing /home/airflow/.local/lib/python3.8/site-packages/airflow/example_dags/example_branch_python_dop_operator_3.py took 0.070 seconds
[2023-09-13T19:22:24.033+0000] {processor.py:157} INFO - Started process (PID=740) to work on /home/airflow/.local/lib/python3.8/site-packages/airflow/example_dags/example_branch_python_dop_operator_3.py
[2023-09-13T19:22:24.036+0000] {processor.py:829} INFO - Processing file /home/airflow/.local/lib/python3.8/site-packages/airflow/example_dags/example_branch_python_dop_operator_3.py for tasks to queue
[2023-09-13T19:22:24.039+0000] {logging_mixin.py:151} INFO - [2023-09-13T19:22:24.038+0000] {dagbag.py:539} INFO - Filling up the DagBag from /home/airflow/.local/lib/python3.8/site-packages/airflow/example_dags/example_branch_python_dop_operator_3.py
[2023-09-13T19:22:24.048+0000] {processor.py:839} INFO - DAG(s) dict_keys(['example_branch_dop_operator_v3']) retrieved from /home/airflow/.local/lib/python3.8/site-packages/airflow/example_dags/example_branch_python_dop_operator_3.py
[2023-09-13T19:22:24.089+0000] {logging_mixin.py:151} INFO - [2023-09-13T19:22:24.089+0000] {dag.py:2915} INFO - Sync 1 DAGs
[2023-09-13T19:22:24.112+0000] {logging_mixin.py:151} INFO - [2023-09-13T19:22:24.112+0000] {dag.py:3696} INFO - Setting next_dagrun for example_branch_dop_operator_v3 to 2023-09-13T19:21:00+00:00, run_after=2023-09-13T19:22:00+00:00
[2023-09-13T19:22:24.125+0000] {processor.py:179} INFO - Processing /home/airflow/.local/lib/python3.8/site-packages/airflow/example_dags/example_branch_python_dop_operator_3.py took 0.098 seconds
[2023-09-13T19:22:54.367+0000] {processor.py:157} INFO - Started process (PID=794) to work on /home/airflow/.local/lib/python3.8/site-packages/airflow/example_dags/example_branch_python_dop_operator_3.py
[2023-09-13T19:22:54.370+0000] {processor.py:829} INFO - Processing file /home/airflow/.local/lib/python3.8/site-packages/airflow/example_dags/example_branch_python_dop_operator_3.py for tasks to queue
[2023-09-13T19:22:54.373+0000] {logging_mixin.py:151} INFO - [2023-09-13T19:22:54.373+0000] {dagbag.py:539} INFO - Filling up the DagBag from /home/airflow/.local/lib/python3.8/site-packages/airflow/example_dags/example_branch_python_dop_operator_3.py
[2023-09-13T19:22:54.383+0000] {processor.py:839} INFO - DAG(s) dict_keys(['example_branch_dop_operator_v3']) retrieved from /home/airflow/.local/lib/python3.8/site-packages/airflow/example_dags/example_branch_python_dop_operator_3.py
[2023-09-13T19:22:54.404+0000] {logging_mixin.py:151} INFO - [2023-09-13T19:22:54.404+0000] {dag.py:2915} INFO - Sync 1 DAGs
[2023-09-13T19:22:54.425+0000] {logging_mixin.py:151} INFO - [2023-09-13T19:22:54.425+0000] {dag.py:3696} INFO - Setting next_dagrun for example_branch_dop_operator_v3 to 2023-09-13T19:21:00+00:00, run_after=2023-09-13T19:22:00+00:00
[2023-09-13T19:22:54.437+0000] {processor.py:179} INFO - Processing /home/airflow/.local/lib/python3.8/site-packages/airflow/example_dags/example_branch_python_dop_operator_3.py took 0.077 seconds
[2023-09-13T19:23:24.639+0000] {processor.py:157} INFO - Started process (PID=848) to work on /home/airflow/.local/lib/python3.8/site-packages/airflow/example_dags/example_branch_python_dop_operator_3.py
[2023-09-13T19:23:24.642+0000] {processor.py:829} INFO - Processing file /home/airflow/.local/lib/python3.8/site-packages/airflow/example_dags/example_branch_python_dop_operator_3.py for tasks to queue
[2023-09-13T19:23:24.645+0000] {logging_mixin.py:151} INFO - [2023-09-13T19:23:24.644+0000] {dagbag.py:539} INFO - Filling up the DagBag from /home/airflow/.local/lib/python3.8/site-packages/airflow/example_dags/example_branch_python_dop_operator_3.py
[2023-09-13T19:23:24.658+0000] {processor.py:839} INFO - DAG(s) dict_keys(['example_branch_dop_operator_v3']) retrieved from /home/airflow/.local/lib/python3.8/site-packages/airflow/example_dags/example_branch_python_dop_operator_3.py
[2023-09-13T19:23:24.688+0000] {logging_mixin.py:151} INFO - [2023-09-13T19:23:24.688+0000] {dag.py:2915} INFO - Sync 1 DAGs
[2023-09-13T19:23:24.713+0000] {logging_mixin.py:151} INFO - [2023-09-13T19:23:24.713+0000] {dag.py:3696} INFO - Setting next_dagrun for example_branch_dop_operator_v3 to 2023-09-13T19:22:00+00:00, run_after=2023-09-13T19:23:00+00:00
[2023-09-13T19:23:24.733+0000] {processor.py:179} INFO - Processing /home/airflow/.local/lib/python3.8/site-packages/airflow/example_dags/example_branch_python_dop_operator_3.py took 0.099 seconds
[2023-09-13T19:23:54.882+0000] {processor.py:157} INFO - Started process (PID=902) to work on /home/airflow/.local/lib/python3.8/site-packages/airflow/example_dags/example_branch_python_dop_operator_3.py
[2023-09-13T19:23:54.884+0000] {processor.py:829} INFO - Processing file /home/airflow/.local/lib/python3.8/site-packages/airflow/example_dags/example_branch_python_dop_operator_3.py for tasks to queue
[2023-09-13T19:23:54.887+0000] {logging_mixin.py:151} INFO - [2023-09-13T19:23:54.887+0000] {dagbag.py:539} INFO - Filling up the DagBag from /home/airflow/.local/lib/python3.8/site-packages/airflow/example_dags/example_branch_python_dop_operator_3.py
[2023-09-13T19:23:54.897+0000] {processor.py:839} INFO - DAG(s) dict_keys(['example_branch_dop_operator_v3']) retrieved from /home/airflow/.local/lib/python3.8/site-packages/airflow/example_dags/example_branch_python_dop_operator_3.py
[2023-09-13T19:23:54.922+0000] {logging_mixin.py:151} INFO - [2023-09-13T19:23:54.922+0000] {dag.py:2915} INFO - Sync 1 DAGs
[2023-09-13T19:23:54.943+0000] {logging_mixin.py:151} INFO - [2023-09-13T19:23:54.943+0000] {dag.py:3696} INFO - Setting next_dagrun for example_branch_dop_operator_v3 to 2023-09-13T19:22:00+00:00, run_after=2023-09-13T19:23:00+00:00
[2023-09-13T19:23:54.958+0000] {processor.py:179} INFO - Processing /home/airflow/.local/lib/python3.8/site-packages/airflow/example_dags/example_branch_python_dop_operator_3.py took 0.082 seconds
[2023-09-13T19:24:25.024+0000] {processor.py:157} INFO - Started process (PID=956) to work on /home/airflow/.local/lib/python3.8/site-packages/airflow/example_dags/example_branch_python_dop_operator_3.py
[2023-09-13T19:24:25.029+0000] {processor.py:829} INFO - Processing file /home/airflow/.local/lib/python3.8/site-packages/airflow/example_dags/example_branch_python_dop_operator_3.py for tasks to queue
[2023-09-13T19:24:25.032+0000] {logging_mixin.py:151} INFO - [2023-09-13T19:24:25.031+0000] {dagbag.py:539} INFO - Filling up the DagBag from /home/airflow/.local/lib/python3.8/site-packages/airflow/example_dags/example_branch_python_dop_operator_3.py
[2023-09-13T19:24:25.042+0000] {processor.py:839} INFO - DAG(s) dict_keys(['example_branch_dop_operator_v3']) retrieved from /home/airflow/.local/lib/python3.8/site-packages/airflow/example_dags/example_branch_python_dop_operator_3.py
[2023-09-13T19:24:25.064+0000] {logging_mixin.py:151} INFO - [2023-09-13T19:24:25.063+0000] {dag.py:2915} INFO - Sync 1 DAGs
[2023-09-13T19:24:25.084+0000] {logging_mixin.py:151} INFO - [2023-09-13T19:24:25.084+0000] {dag.py:3696} INFO - Setting next_dagrun for example_branch_dop_operator_v3 to 2023-09-13T19:23:00+00:00, run_after=2023-09-13T19:24:00+00:00
[2023-09-13T19:24:25.097+0000] {processor.py:179} INFO - Processing /home/airflow/.local/lib/python3.8/site-packages/airflow/example_dags/example_branch_python_dop_operator_3.py took 0.079 seconds
[2023-09-13T19:24:55.356+0000] {processor.py:157} INFO - Started process (PID=1011) to work on /home/airflow/.local/lib/python3.8/site-packages/airflow/example_dags/example_branch_python_dop_operator_3.py
[2023-09-13T19:24:55.359+0000] {processor.py:829} INFO - Processing file /home/airflow/.local/lib/python3.8/site-packages/airflow/example_dags/example_branch_python_dop_operator_3.py for tasks to queue
[2023-09-13T19:24:55.363+0000] {logging_mixin.py:151} INFO - [2023-09-13T19:24:55.363+0000] {dagbag.py:539} INFO - Filling up the DagBag from /home/airflow/.local/lib/python3.8/site-packages/airflow/example_dags/example_branch_python_dop_operator_3.py
[2023-09-13T19:24:55.375+0000] {processor.py:839} INFO - DAG(s) dict_keys(['example_branch_dop_operator_v3']) retrieved from /home/airflow/.local/lib/python3.8/site-packages/airflow/example_dags/example_branch_python_dop_operator_3.py
[2023-09-13T19:24:55.397+0000] {logging_mixin.py:151} INFO - [2023-09-13T19:24:55.397+0000] {dag.py:2915} INFO - Sync 1 DAGs
[2023-09-13T19:24:55.417+0000] {logging_mixin.py:151} INFO - [2023-09-13T19:24:55.417+0000] {dag.py:3696} INFO - Setting next_dagrun for example_branch_dop_operator_v3 to 2023-09-13T19:23:00+00:00, run_after=2023-09-13T19:24:00+00:00
[2023-09-13T19:24:55.430+0000] {processor.py:179} INFO - Processing /home/airflow/.local/lib/python3.8/site-packages/airflow/example_dags/example_branch_python_dop_operator_3.py took 0.080 seconds
[2023-09-13T19:25:25.552+0000] {processor.py:157} INFO - Started process (PID=1064) to work on /home/airflow/.local/lib/python3.8/site-packages/airflow/example_dags/example_branch_python_dop_operator_3.py
[2023-09-13T19:25:25.555+0000] {processor.py:829} INFO - Processing file /home/airflow/.local/lib/python3.8/site-packages/airflow/example_dags/example_branch_python_dop_operator_3.py for tasks to queue
[2023-09-13T19:25:25.559+0000] {logging_mixin.py:151} INFO - [2023-09-13T19:25:25.558+0000] {dagbag.py:539} INFO - Filling up the DagBag from /home/airflow/.local/lib/python3.8/site-packages/airflow/example_dags/example_branch_python_dop_operator_3.py
[2023-09-13T19:25:25.570+0000] {processor.py:839} INFO - DAG(s) dict_keys(['example_branch_dop_operator_v3']) retrieved from /home/airflow/.local/lib/python3.8/site-packages/airflow/example_dags/example_branch_python_dop_operator_3.py
[2023-09-13T19:25:25.594+0000] {logging_mixin.py:151} INFO - [2023-09-13T19:25:25.594+0000] {dag.py:2915} INFO - Sync 1 DAGs
[2023-09-13T19:25:25.616+0000] {logging_mixin.py:151} INFO - [2023-09-13T19:25:25.615+0000] {dag.py:3696} INFO - Setting next_dagrun for example_branch_dop_operator_v3 to 2023-09-13T19:24:00+00:00, run_after=2023-09-13T19:25:00+00:00
[2023-09-13T19:25:25.634+0000] {processor.py:179} INFO - Processing /home/airflow/.local/lib/python3.8/site-packages/airflow/example_dags/example_branch_python_dop_operator_3.py took 0.088 seconds
[2023-09-13T19:25:56.594+0000] {processor.py:157} INFO - Started process (PID=1119) to work on /home/airflow/.local/lib/python3.8/site-packages/airflow/example_dags/example_branch_python_dop_operator_3.py
[2023-09-13T19:25:56.596+0000] {processor.py:829} INFO - Processing file /home/airflow/.local/lib/python3.8/site-packages/airflow/example_dags/example_branch_python_dop_operator_3.py for tasks to queue
[2023-09-13T19:25:56.599+0000] {logging_mixin.py:151} INFO - [2023-09-13T19:25:56.599+0000] {dagbag.py:539} INFO - Filling up the DagBag from /home/airflow/.local/lib/python3.8/site-packages/airflow/example_dags/example_branch_python_dop_operator_3.py
[2023-09-13T19:25:56.608+0000] {processor.py:839} INFO - DAG(s) dict_keys(['example_branch_dop_operator_v3']) retrieved from /home/airflow/.local/lib/python3.8/site-packages/airflow/example_dags/example_branch_python_dop_operator_3.py
[2023-09-13T19:25:56.630+0000] {logging_mixin.py:151} INFO - [2023-09-13T19:25:56.629+0000] {dag.py:2915} INFO - Sync 1 DAGs
[2023-09-13T19:25:56.649+0000] {logging_mixin.py:151} INFO - [2023-09-13T19:25:56.649+0000] {dag.py:3696} INFO - Setting next_dagrun for example_branch_dop_operator_v3 to 2023-09-13T19:24:00+00:00, run_after=2023-09-13T19:25:00+00:00
[2023-09-13T19:25:56.663+0000] {processor.py:179} INFO - Processing /home/airflow/.local/lib/python3.8/site-packages/airflow/example_dags/example_branch_python_dop_operator_3.py took 0.075 seconds
[2023-09-13T19:26:26.828+0000] {processor.py:157} INFO - Started process (PID=1175) to work on /home/airflow/.local/lib/python3.8/site-packages/airflow/example_dags/example_branch_python_dop_operator_3.py
[2023-09-13T19:26:26.831+0000] {processor.py:829} INFO - Processing file /home/airflow/.local/lib/python3.8/site-packages/airflow/example_dags/example_branch_python_dop_operator_3.py for tasks to queue
[2023-09-13T19:26:26.835+0000] {logging_mixin.py:151} INFO - [2023-09-13T19:26:26.834+0000] {dagbag.py:539} INFO - Filling up the DagBag from /home/airflow/.local/lib/python3.8/site-packages/airflow/example_dags/example_branch_python_dop_operator_3.py
[2023-09-13T19:26:26.846+0000] {processor.py:839} INFO - DAG(s) dict_keys(['example_branch_dop_operator_v3']) retrieved from /home/airflow/.local/lib/python3.8/site-packages/airflow/example_dags/example_branch_python_dop_operator_3.py
[2023-09-13T19:26:26.868+0000] {logging_mixin.py:151} INFO - [2023-09-13T19:26:26.868+0000] {dag.py:2915} INFO - Sync 1 DAGs
[2023-09-13T19:26:26.888+0000] {logging_mixin.py:151} INFO - [2023-09-13T19:26:26.888+0000] {dag.py:3696} INFO - Setting next_dagrun for example_branch_dop_operator_v3 to 2023-09-13T19:25:00+00:00, run_after=2023-09-13T19:26:00+00:00
[2023-09-13T19:26:26.902+0000] {processor.py:179} INFO - Processing /home/airflow/.local/lib/python3.8/site-packages/airflow/example_dags/example_branch_python_dop_operator_3.py took 0.081 seconds
[2023-09-13T19:26:57.428+0000] {processor.py:157} INFO - Started process (PID=1231) to work on /home/airflow/.local/lib/python3.8/site-packages/airflow/example_dags/example_branch_python_dop_operator_3.py
[2023-09-13T19:26:57.432+0000] {processor.py:829} INFO - Processing file /home/airflow/.local/lib/python3.8/site-packages/airflow/example_dags/example_branch_python_dop_operator_3.py for tasks to queue
[2023-09-13T19:26:57.435+0000] {logging_mixin.py:151} INFO - [2023-09-13T19:26:57.434+0000] {dagbag.py:539} INFO - Filling up the DagBag from /home/airflow/.local/lib/python3.8/site-packages/airflow/example_dags/example_branch_python_dop_operator_3.py
[2023-09-13T19:26:57.444+0000] {processor.py:839} INFO - DAG(s) dict_keys(['example_branch_dop_operator_v3']) retrieved from /home/airflow/.local/lib/python3.8/site-packages/airflow/example_dags/example_branch_python_dop_operator_3.py
[2023-09-13T19:26:57.465+0000] {logging_mixin.py:151} INFO - [2023-09-13T19:26:57.465+0000] {dag.py:2915} INFO - Sync 1 DAGs
[2023-09-13T19:26:57.486+0000] {logging_mixin.py:151} INFO - [2023-09-13T19:26:57.485+0000] {dag.py:3696} INFO - Setting next_dagrun for example_branch_dop_operator_v3 to 2023-09-13T19:25:00+00:00, run_after=2023-09-13T19:26:00+00:00
[2023-09-13T19:26:57.499+0000] {processor.py:179} INFO - Processing /home/airflow/.local/lib/python3.8/site-packages/airflow/example_dags/example_branch_python_dop_operator_3.py took 0.076 seconds
[2023-09-13T19:28:13.368+0000] {processor.py:157} INFO - Started process (PID=40) to work on /home/airflow/.local/lib/python3.8/site-packages/airflow/example_dags/example_branch_python_dop_operator_3.py
[2023-09-13T19:28:13.371+0000] {processor.py:829} INFO - Processing file /home/airflow/.local/lib/python3.8/site-packages/airflow/example_dags/example_branch_python_dop_operator_3.py for tasks to queue
[2023-09-13T19:28:13.377+0000] {logging_mixin.py:151} INFO - [2023-09-13T19:28:13.376+0000] {dagbag.py:539} INFO - Filling up the DagBag from /home/airflow/.local/lib/python3.8/site-packages/airflow/example_dags/example_branch_python_dop_operator_3.py
[2023-09-13T19:28:13.393+0000] {processor.py:839} INFO - DAG(s) dict_keys(['example_branch_dop_operator_v3']) retrieved from /home/airflow/.local/lib/python3.8/site-packages/airflow/example_dags/example_branch_python_dop_operator_3.py
[2023-09-13T19:28:13.417+0000] {logging_mixin.py:151} INFO - [2023-09-13T19:28:13.417+0000] {dag.py:2915} INFO - Sync 1 DAGs
[2023-09-13T19:28:13.453+0000] {logging_mixin.py:151} INFO - [2023-09-13T19:28:13.453+0000] {dag.py:3696} INFO - Setting next_dagrun for example_branch_dop_operator_v3 to 2023-09-13T19:27:00+00:00, run_after=2023-09-13T19:28:00+00:00
[2023-09-13T19:28:13.478+0000] {processor.py:179} INFO - Processing /home/airflow/.local/lib/python3.8/site-packages/airflow/example_dags/example_branch_python_dop_operator_3.py took 0.116 seconds
[2023-09-13T19:28:44.074+0000] {processor.py:157} INFO - Started process (PID=95) to work on /home/airflow/.local/lib/python3.8/site-packages/airflow/example_dags/example_branch_python_dop_operator_3.py
[2023-09-13T19:28:44.076+0000] {processor.py:829} INFO - Processing file /home/airflow/.local/lib/python3.8/site-packages/airflow/example_dags/example_branch_python_dop_operator_3.py for tasks to queue
[2023-09-13T19:28:44.080+0000] {logging_mixin.py:151} INFO - [2023-09-13T19:28:44.080+0000] {dagbag.py:539} INFO - Filling up the DagBag from /home/airflow/.local/lib/python3.8/site-packages/airflow/example_dags/example_branch_python_dop_operator_3.py
[2023-09-13T19:28:44.089+0000] {processor.py:839} INFO - DAG(s) dict_keys(['example_branch_dop_operator_v3']) retrieved from /home/airflow/.local/lib/python3.8/site-packages/airflow/example_dags/example_branch_python_dop_operator_3.py
[2023-09-13T19:28:44.109+0000] {logging_mixin.py:151} INFO - [2023-09-13T19:28:44.109+0000] {dag.py:2915} INFO - Sync 1 DAGs
[2023-09-13T19:28:44.129+0000] {logging_mixin.py:151} INFO - [2023-09-13T19:28:44.129+0000] {dag.py:3696} INFO - Setting next_dagrun for example_branch_dop_operator_v3 to 2023-09-13T19:27:00+00:00, run_after=2023-09-13T19:28:00+00:00
[2023-09-13T19:28:44.142+0000] {processor.py:179} INFO - Processing /home/airflow/.local/lib/python3.8/site-packages/airflow/example_dags/example_branch_python_dop_operator_3.py took 0.072 seconds
[2023-09-13T19:29:14.314+0000] {processor.py:157} INFO - Started process (PID=150) to work on /home/airflow/.local/lib/python3.8/site-packages/airflow/example_dags/example_branch_python_dop_operator_3.py
[2023-09-13T19:29:14.316+0000] {processor.py:829} INFO - Processing file /home/airflow/.local/lib/python3.8/site-packages/airflow/example_dags/example_branch_python_dop_operator_3.py for tasks to queue
[2023-09-13T19:29:14.318+0000] {logging_mixin.py:151} INFO - [2023-09-13T19:29:14.318+0000] {dagbag.py:539} INFO - Filling up the DagBag from /home/airflow/.local/lib/python3.8/site-packages/airflow/example_dags/example_branch_python_dop_operator_3.py
[2023-09-13T19:29:14.327+0000] {processor.py:839} INFO - DAG(s) dict_keys(['example_branch_dop_operator_v3']) retrieved from /home/airflow/.local/lib/python3.8/site-packages/airflow/example_dags/example_branch_python_dop_operator_3.py
[2023-09-13T19:29:14.347+0000] {logging_mixin.py:151} INFO - [2023-09-13T19:29:14.347+0000] {dag.py:2915} INFO - Sync 1 DAGs
[2023-09-13T19:29:14.366+0000] {logging_mixin.py:151} INFO - [2023-09-13T19:29:14.366+0000] {dag.py:3696} INFO - Setting next_dagrun for example_branch_dop_operator_v3 to 2023-09-13T19:28:00+00:00, run_after=2023-09-13T19:29:00+00:00
[2023-09-13T19:29:14.378+0000] {processor.py:179} INFO - Processing /home/airflow/.local/lib/python3.8/site-packages/airflow/example_dags/example_branch_python_dop_operator_3.py took 0.067 seconds
[2023-09-13T19:29:44.764+0000] {processor.py:157} INFO - Started process (PID=204) to work on /home/airflow/.local/lib/python3.8/site-packages/airflow/example_dags/example_branch_python_dop_operator_3.py
[2023-09-13T19:29:44.766+0000] {processor.py:829} INFO - Processing file /home/airflow/.local/lib/python3.8/site-packages/airflow/example_dags/example_branch_python_dop_operator_3.py for tasks to queue
[2023-09-13T19:29:44.768+0000] {logging_mixin.py:151} INFO - [2023-09-13T19:29:44.768+0000] {dagbag.py:539} INFO - Filling up the DagBag from /home/airflow/.local/lib/python3.8/site-packages/airflow/example_dags/example_branch_python_dop_operator_3.py
[2023-09-13T19:29:44.777+0000] {processor.py:839} INFO - DAG(s) dict_keys(['example_branch_dop_operator_v3']) retrieved from /home/airflow/.local/lib/python3.8/site-packages/airflow/example_dags/example_branch_python_dop_operator_3.py
[2023-09-13T19:29:44.798+0000] {logging_mixin.py:151} INFO - [2023-09-13T19:29:44.798+0000] {dag.py:2915} INFO - Sync 1 DAGs
[2023-09-13T19:29:44.818+0000] {logging_mixin.py:151} INFO - [2023-09-13T19:29:44.818+0000] {dag.py:3696} INFO - Setting next_dagrun for example_branch_dop_operator_v3 to 2023-09-13T19:28:00+00:00, run_after=2023-09-13T19:29:00+00:00
[2023-09-13T19:29:44.834+0000] {processor.py:179} INFO - Processing /home/airflow/.local/lib/python3.8/site-packages/airflow/example_dags/example_branch_python_dop_operator_3.py took 0.074 seconds
[2023-09-13T19:30:15.028+0000] {processor.py:157} INFO - Started process (PID=258) to work on /home/airflow/.local/lib/python3.8/site-packages/airflow/example_dags/example_branch_python_dop_operator_3.py
[2023-09-13T19:30:15.030+0000] {processor.py:829} INFO - Processing file /home/airflow/.local/lib/python3.8/site-packages/airflow/example_dags/example_branch_python_dop_operator_3.py for tasks to queue
[2023-09-13T19:30:15.033+0000] {logging_mixin.py:151} INFO - [2023-09-13T19:30:15.032+0000] {dagbag.py:539} INFO - Filling up the DagBag from /home/airflow/.local/lib/python3.8/site-packages/airflow/example_dags/example_branch_python_dop_operator_3.py
[2023-09-13T19:30:15.041+0000] {processor.py:839} INFO - DAG(s) dict_keys(['example_branch_dop_operator_v3']) retrieved from /home/airflow/.local/lib/python3.8/site-packages/airflow/example_dags/example_branch_python_dop_operator_3.py
[2023-09-13T19:30:15.065+0000] {logging_mixin.py:151} INFO - [2023-09-13T19:30:15.065+0000] {dag.py:2915} INFO - Sync 1 DAGs
[2023-09-13T19:30:15.087+0000] {logging_mixin.py:151} INFO - [2023-09-13T19:30:15.086+0000] {dag.py:3696} INFO - Setting next_dagrun for example_branch_dop_operator_v3 to 2023-09-13T19:29:00+00:00, run_after=2023-09-13T19:30:00+00:00
[2023-09-13T19:30:15.100+0000] {processor.py:179} INFO - Processing /home/airflow/.local/lib/python3.8/site-packages/airflow/example_dags/example_branch_python_dop_operator_3.py took 0.076 seconds
[2023-09-13T19:31:28.181+0000] {processor.py:157} INFO - Started process (PID=41) to work on /home/airflow/.local/lib/python3.8/site-packages/airflow/example_dags/example_branch_python_dop_operator_3.py
[2023-09-13T19:31:28.184+0000] {processor.py:829} INFO - Processing file /home/airflow/.local/lib/python3.8/site-packages/airflow/example_dags/example_branch_python_dop_operator_3.py for tasks to queue
[2023-09-13T19:31:28.191+0000] {logging_mixin.py:151} INFO - [2023-09-13T19:31:28.190+0000] {dagbag.py:539} INFO - Filling up the DagBag from /home/airflow/.local/lib/python3.8/site-packages/airflow/example_dags/example_branch_python_dop_operator_3.py
[2023-09-13T19:31:28.211+0000] {processor.py:839} INFO - DAG(s) dict_keys(['example_branch_dop_operator_v3']) retrieved from /home/airflow/.local/lib/python3.8/site-packages/airflow/example_dags/example_branch_python_dop_operator_3.py
[2023-09-13T19:31:28.241+0000] {logging_mixin.py:151} INFO - [2023-09-13T19:31:28.241+0000] {dag.py:2915} INFO - Sync 1 DAGs
[2023-09-13T19:31:28.280+0000] {logging_mixin.py:151} INFO - [2023-09-13T19:31:28.280+0000] {dag.py:3696} INFO - Setting next_dagrun for example_branch_dop_operator_v3 to 2023-09-13T19:30:00+00:00, run_after=2023-09-13T19:31:00+00:00
[2023-09-13T19:31:28.311+0000] {processor.py:179} INFO - Processing /home/airflow/.local/lib/python3.8/site-packages/airflow/example_dags/example_branch_python_dop_operator_3.py took 0.135 seconds
[2023-09-13T19:31:59.208+0000] {processor.py:157} INFO - Started process (PID=95) to work on /home/airflow/.local/lib/python3.8/site-packages/airflow/example_dags/example_branch_python_dop_operator_3.py
[2023-09-13T19:31:59.210+0000] {processor.py:829} INFO - Processing file /home/airflow/.local/lib/python3.8/site-packages/airflow/example_dags/example_branch_python_dop_operator_3.py for tasks to queue
[2023-09-13T19:31:59.213+0000] {logging_mixin.py:151} INFO - [2023-09-13T19:31:59.213+0000] {dagbag.py:539} INFO - Filling up the DagBag from /home/airflow/.local/lib/python3.8/site-packages/airflow/example_dags/example_branch_python_dop_operator_3.py
[2023-09-13T19:31:59.223+0000] {processor.py:839} INFO - DAG(s) dict_keys(['example_branch_dop_operator_v3']) retrieved from /home/airflow/.local/lib/python3.8/site-packages/airflow/example_dags/example_branch_python_dop_operator_3.py
[2023-09-13T19:31:59.255+0000] {logging_mixin.py:151} INFO - [2023-09-13T19:31:59.248+0000] {dag.py:2915} INFO - Sync 1 DAGs
[2023-09-13T19:31:59.287+0000] {logging_mixin.py:151} INFO - [2023-09-13T19:31:59.286+0000] {dag.py:3696} INFO - Setting next_dagrun for example_branch_dop_operator_v3 to 2023-09-13T19:30:00+00:00, run_after=2023-09-13T19:31:00+00:00
[2023-09-13T19:31:59.314+0000] {processor.py:179} INFO - Processing /home/airflow/.local/lib/python3.8/site-packages/airflow/example_dags/example_branch_python_dop_operator_3.py took 0.110 seconds
[2023-09-13T19:32:29.926+0000] {processor.py:157} INFO - Started process (PID=150) to work on /home/airflow/.local/lib/python3.8/site-packages/airflow/example_dags/example_branch_python_dop_operator_3.py
[2023-09-13T19:32:29.927+0000] {processor.py:829} INFO - Processing file /home/airflow/.local/lib/python3.8/site-packages/airflow/example_dags/example_branch_python_dop_operator_3.py for tasks to queue
[2023-09-13T19:32:29.930+0000] {logging_mixin.py:151} INFO - [2023-09-13T19:32:29.929+0000] {dagbag.py:539} INFO - Filling up the DagBag from /home/airflow/.local/lib/python3.8/site-packages/airflow/example_dags/example_branch_python_dop_operator_3.py
[2023-09-13T19:32:29.938+0000] {processor.py:839} INFO - DAG(s) dict_keys(['example_branch_dop_operator_v3']) retrieved from /home/airflow/.local/lib/python3.8/site-packages/airflow/example_dags/example_branch_python_dop_operator_3.py
[2023-09-13T19:32:29.961+0000] {logging_mixin.py:151} INFO - [2023-09-13T19:32:29.960+0000] {dag.py:2915} INFO - Sync 1 DAGs
[2023-09-13T19:32:29.982+0000] {logging_mixin.py:151} INFO - [2023-09-13T19:32:29.981+0000] {dag.py:3696} INFO - Setting next_dagrun for example_branch_dop_operator_v3 to 2023-09-13T19:31:00+00:00, run_after=2023-09-13T19:32:00+00:00
[2023-09-13T19:32:29.995+0000] {processor.py:179} INFO - Processing /home/airflow/.local/lib/python3.8/site-packages/airflow/example_dags/example_branch_python_dop_operator_3.py took 0.072 seconds
[2023-09-13T19:33:00.077+0000] {processor.py:157} INFO - Started process (PID=205) to work on /home/airflow/.local/lib/python3.8/site-packages/airflow/example_dags/example_branch_python_dop_operator_3.py
[2023-09-13T19:33:00.079+0000] {processor.py:829} INFO - Processing file /home/airflow/.local/lib/python3.8/site-packages/airflow/example_dags/example_branch_python_dop_operator_3.py for tasks to queue
[2023-09-13T19:33:00.081+0000] {logging_mixin.py:151} INFO - [2023-09-13T19:33:00.081+0000] {dagbag.py:539} INFO - Filling up the DagBag from /home/airflow/.local/lib/python3.8/site-packages/airflow/example_dags/example_branch_python_dop_operator_3.py
[2023-09-13T19:33:00.090+0000] {processor.py:839} INFO - DAG(s) dict_keys(['example_branch_dop_operator_v3']) retrieved from /home/airflow/.local/lib/python3.8/site-packages/airflow/example_dags/example_branch_python_dop_operator_3.py
[2023-09-13T19:33:00.111+0000] {logging_mixin.py:151} INFO - [2023-09-13T19:33:00.111+0000] {dag.py:2915} INFO - Sync 1 DAGs
[2023-09-13T19:33:00.133+0000] {logging_mixin.py:151} INFO - [2023-09-13T19:33:00.133+0000] {dag.py:3696} INFO - Setting next_dagrun for example_branch_dop_operator_v3 to 2023-09-13T19:32:00+00:00, run_after=2023-09-13T19:33:00+00:00
[2023-09-13T19:33:00.146+0000] {processor.py:179} INFO - Processing /home/airflow/.local/lib/python3.8/site-packages/airflow/example_dags/example_branch_python_dop_operator_3.py took 0.073 seconds
[2023-09-13T19:33:30.325+0000] {processor.py:157} INFO - Started process (PID=260) to work on /home/airflow/.local/lib/python3.8/site-packages/airflow/example_dags/example_branch_python_dop_operator_3.py
[2023-09-13T19:33:30.326+0000] {processor.py:829} INFO - Processing file /home/airflow/.local/lib/python3.8/site-packages/airflow/example_dags/example_branch_python_dop_operator_3.py for tasks to queue
[2023-09-13T19:33:30.329+0000] {logging_mixin.py:151} INFO - [2023-09-13T19:33:30.328+0000] {dagbag.py:539} INFO - Filling up the DagBag from /home/airflow/.local/lib/python3.8/site-packages/airflow/example_dags/example_branch_python_dop_operator_3.py
[2023-09-13T19:33:30.337+0000] {processor.py:839} INFO - DAG(s) dict_keys(['example_branch_dop_operator_v3']) retrieved from /home/airflow/.local/lib/python3.8/site-packages/airflow/example_dags/example_branch_python_dop_operator_3.py
[2023-09-13T19:33:30.359+0000] {logging_mixin.py:151} INFO - [2023-09-13T19:33:30.359+0000] {dag.py:2915} INFO - Sync 1 DAGs
[2023-09-13T19:33:30.379+0000] {logging_mixin.py:151} INFO - [2023-09-13T19:33:30.379+0000] {dag.py:3696} INFO - Setting next_dagrun for example_branch_dop_operator_v3 to 2023-09-13T19:32:00+00:00, run_after=2023-09-13T19:33:00+00:00
[2023-09-13T19:33:30.392+0000] {processor.py:179} INFO - Processing /home/airflow/.local/lib/python3.8/site-packages/airflow/example_dags/example_branch_python_dop_operator_3.py took 0.069 seconds
[2023-09-13T19:34:01.030+0000] {processor.py:157} INFO - Started process (PID=315) to work on /home/airflow/.local/lib/python3.8/site-packages/airflow/example_dags/example_branch_python_dop_operator_3.py
[2023-09-13T19:34:01.033+0000] {processor.py:829} INFO - Processing file /home/airflow/.local/lib/python3.8/site-packages/airflow/example_dags/example_branch_python_dop_operator_3.py for tasks to queue
[2023-09-13T19:34:01.036+0000] {logging_mixin.py:151} INFO - [2023-09-13T19:34:01.036+0000] {dagbag.py:539} INFO - Filling up the DagBag from /home/airflow/.local/lib/python3.8/site-packages/airflow/example_dags/example_branch_python_dop_operator_3.py
[2023-09-13T19:34:01.046+0000] {processor.py:839} INFO - DAG(s) dict_keys(['example_branch_dop_operator_v3']) retrieved from /home/airflow/.local/lib/python3.8/site-packages/airflow/example_dags/example_branch_python_dop_operator_3.py
[2023-09-13T19:34:01.069+0000] {logging_mixin.py:151} INFO - [2023-09-13T19:34:01.069+0000] {dag.py:2915} INFO - Sync 1 DAGs
[2023-09-13T19:34:01.090+0000] {logging_mixin.py:151} INFO - [2023-09-13T19:34:01.090+0000] {dag.py:3696} INFO - Setting next_dagrun for example_branch_dop_operator_v3 to 2023-09-13T19:33:00+00:00, run_after=2023-09-13T19:34:00+00:00
[2023-09-13T19:34:01.103+0000] {processor.py:179} INFO - Processing /home/airflow/.local/lib/python3.8/site-packages/airflow/example_dags/example_branch_python_dop_operator_3.py took 0.076 seconds
