[2023-09-13T19:15:52.583+0000] {processor.py:157} INFO - Started process (PID=57) to work on /home/airflow/.local/lib/python3.8/site-packages/airflow/example_dags/example_kubernetes_executor.py
[2023-09-13T19:15:52.589+0000] {processor.py:829} INFO - Processing file /home/airflow/.local/lib/python3.8/site-packages/airflow/example_dags/example_kubernetes_executor.py for tasks to queue
[2023-09-13T19:15:52.594+0000] {logging_mixin.py:151} INFO - [2023-09-13T19:15:52.594+0000] {dagbag.py:539} INFO - Filling up the DagBag from /home/airflow/.local/lib/python3.8/site-packages/airflow/example_dags/example_kubernetes_executor.py
[2023-09-13T19:15:53.008+0000] {processor.py:839} INFO - DAG(s) dict_keys(['example_kubernetes_executor']) retrieved from /home/airflow/.local/lib/python3.8/site-packages/airflow/example_dags/example_kubernetes_executor.py
[2023-09-13T19:15:53.125+0000] {logging_mixin.py:151} INFO - [2023-09-13T19:15:53.124+0000] {manager.py:499} INFO - Created Permission View: %s
[2023-09-13T19:15:53.134+0000] {logging_mixin.py:151} INFO - [2023-09-13T19:15:53.134+0000] {manager.py:499} INFO - Created Permission View: %s
[2023-09-13T19:15:53.140+0000] {logging_mixin.py:151} INFO - [2023-09-13T19:15:53.140+0000] {manager.py:499} INFO - Created Permission View: %s
[2023-09-13T19:15:53.141+0000] {logging_mixin.py:151} INFO - [2023-09-13T19:15:53.141+0000] {security.py:708} INFO - Not syncing DAG-level permissions for DAG 'DAG:example_kubernetes_executor' as access control is unset.
[2023-09-13T19:15:53.142+0000] {logging_mixin.py:151} INFO - [2023-09-13T19:15:53.142+0000] {dag.py:2915} INFO - Sync 1 DAGs
[2023-09-13T19:15:53.153+0000] {logging_mixin.py:151} INFO - [2023-09-13T19:15:53.153+0000] {dag.py:2937} INFO - Creating ORM DAG for example_kubernetes_executor
[2023-09-13T19:15:53.154+0000] {logging_mixin.py:151} INFO - [2023-09-13T19:15:53.154+0000] {dag.py:3696} INFO - Setting next_dagrun for example_kubernetes_executor to None, run_after=None
[2023-09-13T19:15:53.169+0000] {processor.py:179} INFO - Processing /home/airflow/.local/lib/python3.8/site-packages/airflow/example_dags/example_kubernetes_executor.py took 0.590 seconds
[2023-09-13T19:16:23.682+0000] {processor.py:157} INFO - Started process (PID=111) to work on /home/airflow/.local/lib/python3.8/site-packages/airflow/example_dags/example_kubernetes_executor.py
[2023-09-13T19:16:23.684+0000] {processor.py:829} INFO - Processing file /home/airflow/.local/lib/python3.8/site-packages/airflow/example_dags/example_kubernetes_executor.py for tasks to queue
[2023-09-13T19:16:23.686+0000] {logging_mixin.py:151} INFO - [2023-09-13T19:16:23.686+0000] {dagbag.py:539} INFO - Filling up the DagBag from /home/airflow/.local/lib/python3.8/site-packages/airflow/example_dags/example_kubernetes_executor.py
[2023-09-13T19:16:23.894+0000] {processor.py:839} INFO - DAG(s) dict_keys(['example_kubernetes_executor']) retrieved from /home/airflow/.local/lib/python3.8/site-packages/airflow/example_dags/example_kubernetes_executor.py
[2023-09-13T19:16:23.928+0000] {logging_mixin.py:151} INFO - [2023-09-13T19:16:23.927+0000] {dag.py:2915} INFO - Sync 1 DAGs
[2023-09-13T19:16:23.939+0000] {logging_mixin.py:151} INFO - [2023-09-13T19:16:23.939+0000] {dag.py:3696} INFO - Setting next_dagrun for example_kubernetes_executor to None, run_after=None
[2023-09-13T19:16:23.952+0000] {processor.py:179} INFO - Processing /home/airflow/.local/lib/python3.8/site-packages/airflow/example_dags/example_kubernetes_executor.py took 0.273 seconds
[2023-09-13T19:16:54.001+0000] {processor.py:157} INFO - Started process (PID=165) to work on /home/airflow/.local/lib/python3.8/site-packages/airflow/example_dags/example_kubernetes_executor.py
[2023-09-13T19:16:54.003+0000] {processor.py:829} INFO - Processing file /home/airflow/.local/lib/python3.8/site-packages/airflow/example_dags/example_kubernetes_executor.py for tasks to queue
[2023-09-13T19:16:54.005+0000] {logging_mixin.py:151} INFO - [2023-09-13T19:16:54.005+0000] {dagbag.py:539} INFO - Filling up the DagBag from /home/airflow/.local/lib/python3.8/site-packages/airflow/example_dags/example_kubernetes_executor.py
[2023-09-13T19:16:54.191+0000] {processor.py:839} INFO - DAG(s) dict_keys(['example_kubernetes_executor']) retrieved from /home/airflow/.local/lib/python3.8/site-packages/airflow/example_dags/example_kubernetes_executor.py
[2023-09-13T19:16:54.223+0000] {logging_mixin.py:151} INFO - [2023-09-13T19:16:54.222+0000] {dag.py:2915} INFO - Sync 1 DAGs
[2023-09-13T19:16:54.232+0000] {logging_mixin.py:151} INFO - [2023-09-13T19:16:54.232+0000] {dag.py:3696} INFO - Setting next_dagrun for example_kubernetes_executor to None, run_after=None
[2023-09-13T19:16:54.244+0000] {processor.py:179} INFO - Processing /home/airflow/.local/lib/python3.8/site-packages/airflow/example_dags/example_kubernetes_executor.py took 0.247 seconds
[2023-09-13T19:17:24.379+0000] {processor.py:157} INFO - Started process (PID=218) to work on /home/airflow/.local/lib/python3.8/site-packages/airflow/example_dags/example_kubernetes_executor.py
[2023-09-13T19:17:24.381+0000] {processor.py:829} INFO - Processing file /home/airflow/.local/lib/python3.8/site-packages/airflow/example_dags/example_kubernetes_executor.py for tasks to queue
[2023-09-13T19:17:24.383+0000] {logging_mixin.py:151} INFO - [2023-09-13T19:17:24.383+0000] {dagbag.py:539} INFO - Filling up the DagBag from /home/airflow/.local/lib/python3.8/site-packages/airflow/example_dags/example_kubernetes_executor.py
[2023-09-13T19:17:24.574+0000] {processor.py:839} INFO - DAG(s) dict_keys(['example_kubernetes_executor']) retrieved from /home/airflow/.local/lib/python3.8/site-packages/airflow/example_dags/example_kubernetes_executor.py
[2023-09-13T19:17:24.610+0000] {logging_mixin.py:151} INFO - [2023-09-13T19:17:24.610+0000] {dag.py:2915} INFO - Sync 1 DAGs
[2023-09-13T19:17:24.620+0000] {logging_mixin.py:151} INFO - [2023-09-13T19:17:24.620+0000] {dag.py:3696} INFO - Setting next_dagrun for example_kubernetes_executor to None, run_after=None
[2023-09-13T19:17:24.632+0000] {processor.py:179} INFO - Processing /home/airflow/.local/lib/python3.8/site-packages/airflow/example_dags/example_kubernetes_executor.py took 0.257 seconds
[2023-09-13T19:17:54.782+0000] {processor.py:157} INFO - Started process (PID=274) to work on /home/airflow/.local/lib/python3.8/site-packages/airflow/example_dags/example_kubernetes_executor.py
[2023-09-13T19:17:54.784+0000] {processor.py:829} INFO - Processing file /home/airflow/.local/lib/python3.8/site-packages/airflow/example_dags/example_kubernetes_executor.py for tasks to queue
[2023-09-13T19:17:54.786+0000] {logging_mixin.py:151} INFO - [2023-09-13T19:17:54.786+0000] {dagbag.py:539} INFO - Filling up the DagBag from /home/airflow/.local/lib/python3.8/site-packages/airflow/example_dags/example_kubernetes_executor.py
[2023-09-13T19:17:54.979+0000] {processor.py:839} INFO - DAG(s) dict_keys(['example_kubernetes_executor']) retrieved from /home/airflow/.local/lib/python3.8/site-packages/airflow/example_dags/example_kubernetes_executor.py
[2023-09-13T19:17:55.010+0000] {logging_mixin.py:151} INFO - [2023-09-13T19:17:55.009+0000] {dag.py:2915} INFO - Sync 1 DAGs
[2023-09-13T19:17:55.020+0000] {logging_mixin.py:151} INFO - [2023-09-13T19:17:55.020+0000] {dag.py:3696} INFO - Setting next_dagrun for example_kubernetes_executor to None, run_after=None
[2023-09-13T19:17:55.033+0000] {processor.py:179} INFO - Processing /home/airflow/.local/lib/python3.8/site-packages/airflow/example_dags/example_kubernetes_executor.py took 0.255 seconds
[2023-09-13T19:18:25.123+0000] {processor.py:157} INFO - Started process (PID=330) to work on /home/airflow/.local/lib/python3.8/site-packages/airflow/example_dags/example_kubernetes_executor.py
[2023-09-13T19:18:25.124+0000] {processor.py:829} INFO - Processing file /home/airflow/.local/lib/python3.8/site-packages/airflow/example_dags/example_kubernetes_executor.py for tasks to queue
[2023-09-13T19:18:25.127+0000] {logging_mixin.py:151} INFO - [2023-09-13T19:18:25.126+0000] {dagbag.py:539} INFO - Filling up the DagBag from /home/airflow/.local/lib/python3.8/site-packages/airflow/example_dags/example_kubernetes_executor.py
[2023-09-13T19:18:25.331+0000] {processor.py:839} INFO - DAG(s) dict_keys(['example_kubernetes_executor']) retrieved from /home/airflow/.local/lib/python3.8/site-packages/airflow/example_dags/example_kubernetes_executor.py
[2023-09-13T19:18:25.365+0000] {logging_mixin.py:151} INFO - [2023-09-13T19:18:25.365+0000] {dag.py:2915} INFO - Sync 1 DAGs
[2023-09-13T19:18:25.376+0000] {logging_mixin.py:151} INFO - [2023-09-13T19:18:25.376+0000] {dag.py:3696} INFO - Setting next_dagrun for example_kubernetes_executor to None, run_after=None
[2023-09-13T19:18:25.392+0000] {processor.py:179} INFO - Processing /home/airflow/.local/lib/python3.8/site-packages/airflow/example_dags/example_kubernetes_executor.py took 0.273 seconds
[2023-09-13T19:18:55.445+0000] {processor.py:157} INFO - Started process (PID=384) to work on /home/airflow/.local/lib/python3.8/site-packages/airflow/example_dags/example_kubernetes_executor.py
[2023-09-13T19:18:55.446+0000] {processor.py:829} INFO - Processing file /home/airflow/.local/lib/python3.8/site-packages/airflow/example_dags/example_kubernetes_executor.py for tasks to queue
[2023-09-13T19:18:55.449+0000] {logging_mixin.py:151} INFO - [2023-09-13T19:18:55.448+0000] {dagbag.py:539} INFO - Filling up the DagBag from /home/airflow/.local/lib/python3.8/site-packages/airflow/example_dags/example_kubernetes_executor.py
[2023-09-13T19:18:55.668+0000] {processor.py:839} INFO - DAG(s) dict_keys(['example_kubernetes_executor']) retrieved from /home/airflow/.local/lib/python3.8/site-packages/airflow/example_dags/example_kubernetes_executor.py
[2023-09-13T19:18:55.702+0000] {logging_mixin.py:151} INFO - [2023-09-13T19:18:55.702+0000] {dag.py:2915} INFO - Sync 1 DAGs
[2023-09-13T19:18:55.712+0000] {logging_mixin.py:151} INFO - [2023-09-13T19:18:55.712+0000] {dag.py:3696} INFO - Setting next_dagrun for example_kubernetes_executor to None, run_after=None
[2023-09-13T19:18:55.724+0000] {processor.py:179} INFO - Processing /home/airflow/.local/lib/python3.8/site-packages/airflow/example_dags/example_kubernetes_executor.py took 0.282 seconds
[2023-09-13T19:19:25.778+0000] {processor.py:157} INFO - Started process (PID=439) to work on /home/airflow/.local/lib/python3.8/site-packages/airflow/example_dags/example_kubernetes_executor.py
[2023-09-13T19:19:25.780+0000] {processor.py:829} INFO - Processing file /home/airflow/.local/lib/python3.8/site-packages/airflow/example_dags/example_kubernetes_executor.py for tasks to queue
[2023-09-13T19:19:25.782+0000] {logging_mixin.py:151} INFO - [2023-09-13T19:19:25.782+0000] {dagbag.py:539} INFO - Filling up the DagBag from /home/airflow/.local/lib/python3.8/site-packages/airflow/example_dags/example_kubernetes_executor.py
[2023-09-13T19:19:25.985+0000] {processor.py:839} INFO - DAG(s) dict_keys(['example_kubernetes_executor']) retrieved from /home/airflow/.local/lib/python3.8/site-packages/airflow/example_dags/example_kubernetes_executor.py
[2023-09-13T19:19:26.027+0000] {logging_mixin.py:151} INFO - [2023-09-13T19:19:26.026+0000] {dag.py:2915} INFO - Sync 1 DAGs
[2023-09-13T19:19:26.039+0000] {logging_mixin.py:151} INFO - [2023-09-13T19:19:26.038+0000] {dag.py:3696} INFO - Setting next_dagrun for example_kubernetes_executor to None, run_after=None
[2023-09-13T19:19:26.054+0000] {processor.py:179} INFO - Processing /home/airflow/.local/lib/python3.8/site-packages/airflow/example_dags/example_kubernetes_executor.py took 0.279 seconds
[2023-09-13T19:19:57.012+0000] {processor.py:157} INFO - Started process (PID=493) to work on /home/airflow/.local/lib/python3.8/site-packages/airflow/example_dags/example_kubernetes_executor.py
[2023-09-13T19:19:57.015+0000] {processor.py:829} INFO - Processing file /home/airflow/.local/lib/python3.8/site-packages/airflow/example_dags/example_kubernetes_executor.py for tasks to queue
[2023-09-13T19:19:57.018+0000] {logging_mixin.py:151} INFO - [2023-09-13T19:19:57.018+0000] {dagbag.py:539} INFO - Filling up the DagBag from /home/airflow/.local/lib/python3.8/site-packages/airflow/example_dags/example_kubernetes_executor.py
[2023-09-13T19:19:57.230+0000] {processor.py:839} INFO - DAG(s) dict_keys(['example_kubernetes_executor']) retrieved from /home/airflow/.local/lib/python3.8/site-packages/airflow/example_dags/example_kubernetes_executor.py
[2023-09-13T19:19:57.267+0000] {logging_mixin.py:151} INFO - [2023-09-13T19:19:57.266+0000] {dag.py:2915} INFO - Sync 1 DAGs
[2023-09-13T19:19:57.280+0000] {logging_mixin.py:151} INFO - [2023-09-13T19:19:57.279+0000] {dag.py:3696} INFO - Setting next_dagrun for example_kubernetes_executor to None, run_after=None
[2023-09-13T19:19:57.297+0000] {processor.py:179} INFO - Processing /home/airflow/.local/lib/python3.8/site-packages/airflow/example_dags/example_kubernetes_executor.py took 0.290 seconds
[2023-09-13T19:20:27.368+0000] {processor.py:157} INFO - Started process (PID=546) to work on /home/airflow/.local/lib/python3.8/site-packages/airflow/example_dags/example_kubernetes_executor.py
[2023-09-13T19:20:27.371+0000] {processor.py:829} INFO - Processing file /home/airflow/.local/lib/python3.8/site-packages/airflow/example_dags/example_kubernetes_executor.py for tasks to queue
[2023-09-13T19:20:27.375+0000] {logging_mixin.py:151} INFO - [2023-09-13T19:20:27.374+0000] {dagbag.py:539} INFO - Filling up the DagBag from /home/airflow/.local/lib/python3.8/site-packages/airflow/example_dags/example_kubernetes_executor.py
[2023-09-13T19:20:27.577+0000] {processor.py:839} INFO - DAG(s) dict_keys(['example_kubernetes_executor']) retrieved from /home/airflow/.local/lib/python3.8/site-packages/airflow/example_dags/example_kubernetes_executor.py
[2023-09-13T19:20:27.609+0000] {logging_mixin.py:151} INFO - [2023-09-13T19:20:27.608+0000] {dag.py:2915} INFO - Sync 1 DAGs
[2023-09-13T19:20:27.618+0000] {logging_mixin.py:151} INFO - [2023-09-13T19:20:27.618+0000] {dag.py:3696} INFO - Setting next_dagrun for example_kubernetes_executor to None, run_after=None
[2023-09-13T19:20:27.631+0000] {processor.py:179} INFO - Processing /home/airflow/.local/lib/python3.8/site-packages/airflow/example_dags/example_kubernetes_executor.py took 0.269 seconds
[2023-09-13T19:20:58.181+0000] {processor.py:157} INFO - Started process (PID=600) to work on /home/airflow/.local/lib/python3.8/site-packages/airflow/example_dags/example_kubernetes_executor.py
[2023-09-13T19:20:58.184+0000] {processor.py:829} INFO - Processing file /home/airflow/.local/lib/python3.8/site-packages/airflow/example_dags/example_kubernetes_executor.py for tasks to queue
[2023-09-13T19:20:58.187+0000] {logging_mixin.py:151} INFO - [2023-09-13T19:20:58.186+0000] {dagbag.py:539} INFO - Filling up the DagBag from /home/airflow/.local/lib/python3.8/site-packages/airflow/example_dags/example_kubernetes_executor.py
[2023-09-13T19:20:58.386+0000] {processor.py:839} INFO - DAG(s) dict_keys(['example_kubernetes_executor']) retrieved from /home/airflow/.local/lib/python3.8/site-packages/airflow/example_dags/example_kubernetes_executor.py
[2023-09-13T19:20:58.418+0000] {logging_mixin.py:151} INFO - [2023-09-13T19:20:58.418+0000] {dag.py:2915} INFO - Sync 1 DAGs
[2023-09-13T19:20:58.428+0000] {logging_mixin.py:151} INFO - [2023-09-13T19:20:58.428+0000] {dag.py:3696} INFO - Setting next_dagrun for example_kubernetes_executor to None, run_after=None
[2023-09-13T19:20:58.441+0000] {processor.py:179} INFO - Processing /home/airflow/.local/lib/python3.8/site-packages/airflow/example_dags/example_kubernetes_executor.py took 0.265 seconds
[2023-09-13T19:21:28.894+0000] {processor.py:157} INFO - Started process (PID=654) to work on /home/airflow/.local/lib/python3.8/site-packages/airflow/example_dags/example_kubernetes_executor.py
[2023-09-13T19:21:28.897+0000] {processor.py:829} INFO - Processing file /home/airflow/.local/lib/python3.8/site-packages/airflow/example_dags/example_kubernetes_executor.py for tasks to queue
[2023-09-13T19:21:28.900+0000] {logging_mixin.py:151} INFO - [2023-09-13T19:21:28.900+0000] {dagbag.py:539} INFO - Filling up the DagBag from /home/airflow/.local/lib/python3.8/site-packages/airflow/example_dags/example_kubernetes_executor.py
[2023-09-13T19:21:29.106+0000] {processor.py:839} INFO - DAG(s) dict_keys(['example_kubernetes_executor']) retrieved from /home/airflow/.local/lib/python3.8/site-packages/airflow/example_dags/example_kubernetes_executor.py
[2023-09-13T19:21:29.140+0000] {logging_mixin.py:151} INFO - [2023-09-13T19:21:29.140+0000] {dag.py:2915} INFO - Sync 1 DAGs
[2023-09-13T19:21:29.149+0000] {logging_mixin.py:151} INFO - [2023-09-13T19:21:29.149+0000] {dag.py:3696} INFO - Setting next_dagrun for example_kubernetes_executor to None, run_after=None
[2023-09-13T19:21:29.162+0000] {processor.py:179} INFO - Processing /home/airflow/.local/lib/python3.8/site-packages/airflow/example_dags/example_kubernetes_executor.py took 0.272 seconds
[2023-09-13T19:21:59.523+0000] {processor.py:157} INFO - Started process (PID=708) to work on /home/airflow/.local/lib/python3.8/site-packages/airflow/example_dags/example_kubernetes_executor.py
[2023-09-13T19:21:59.525+0000] {processor.py:829} INFO - Processing file /home/airflow/.local/lib/python3.8/site-packages/airflow/example_dags/example_kubernetes_executor.py for tasks to queue
[2023-09-13T19:21:59.528+0000] {logging_mixin.py:151} INFO - [2023-09-13T19:21:59.527+0000] {dagbag.py:539} INFO - Filling up the DagBag from /home/airflow/.local/lib/python3.8/site-packages/airflow/example_dags/example_kubernetes_executor.py
[2023-09-13T19:21:59.751+0000] {processor.py:839} INFO - DAG(s) dict_keys(['example_kubernetes_executor']) retrieved from /home/airflow/.local/lib/python3.8/site-packages/airflow/example_dags/example_kubernetes_executor.py
[2023-09-13T19:21:59.784+0000] {logging_mixin.py:151} INFO - [2023-09-13T19:21:59.783+0000] {dag.py:2915} INFO - Sync 1 DAGs
[2023-09-13T19:21:59.793+0000] {logging_mixin.py:151} INFO - [2023-09-13T19:21:59.793+0000] {dag.py:3696} INFO - Setting next_dagrun for example_kubernetes_executor to None, run_after=None
[2023-09-13T19:21:59.806+0000] {processor.py:179} INFO - Processing /home/airflow/.local/lib/python3.8/site-packages/airflow/example_dags/example_kubernetes_executor.py took 0.288 seconds
[2023-09-13T19:22:30.382+0000] {processor.py:157} INFO - Started process (PID=769) to work on /home/airflow/.local/lib/python3.8/site-packages/airflow/example_dags/example_kubernetes_executor.py
[2023-09-13T19:22:30.384+0000] {processor.py:829} INFO - Processing file /home/airflow/.local/lib/python3.8/site-packages/airflow/example_dags/example_kubernetes_executor.py for tasks to queue
[2023-09-13T19:22:30.386+0000] {logging_mixin.py:151} INFO - [2023-09-13T19:22:30.386+0000] {dagbag.py:539} INFO - Filling up the DagBag from /home/airflow/.local/lib/python3.8/site-packages/airflow/example_dags/example_kubernetes_executor.py
[2023-09-13T19:22:30.594+0000] {processor.py:839} INFO - DAG(s) dict_keys(['example_kubernetes_executor']) retrieved from /home/airflow/.local/lib/python3.8/site-packages/airflow/example_dags/example_kubernetes_executor.py
[2023-09-13T19:22:30.630+0000] {logging_mixin.py:151} INFO - [2023-09-13T19:22:30.629+0000] {dag.py:2915} INFO - Sync 1 DAGs
[2023-09-13T19:22:30.640+0000] {logging_mixin.py:151} INFO - [2023-09-13T19:22:30.640+0000] {dag.py:3696} INFO - Setting next_dagrun for example_kubernetes_executor to None, run_after=None
[2023-09-13T19:22:30.656+0000] {processor.py:179} INFO - Processing /home/airflow/.local/lib/python3.8/site-packages/airflow/example_dags/example_kubernetes_executor.py took 0.279 seconds
[2023-09-13T19:23:00.769+0000] {processor.py:157} INFO - Started process (PID=823) to work on /home/airflow/.local/lib/python3.8/site-packages/airflow/example_dags/example_kubernetes_executor.py
[2023-09-13T19:23:00.771+0000] {processor.py:829} INFO - Processing file /home/airflow/.local/lib/python3.8/site-packages/airflow/example_dags/example_kubernetes_executor.py for tasks to queue
[2023-09-13T19:23:00.776+0000] {logging_mixin.py:151} INFO - [2023-09-13T19:23:00.775+0000] {dagbag.py:539} INFO - Filling up the DagBag from /home/airflow/.local/lib/python3.8/site-packages/airflow/example_dags/example_kubernetes_executor.py
[2023-09-13T19:23:00.996+0000] {processor.py:839} INFO - DAG(s) dict_keys(['example_kubernetes_executor']) retrieved from /home/airflow/.local/lib/python3.8/site-packages/airflow/example_dags/example_kubernetes_executor.py
[2023-09-13T19:23:01.030+0000] {logging_mixin.py:151} INFO - [2023-09-13T19:23:01.030+0000] {dag.py:2915} INFO - Sync 1 DAGs
[2023-09-13T19:23:01.040+0000] {logging_mixin.py:151} INFO - [2023-09-13T19:23:01.040+0000] {dag.py:3696} INFO - Setting next_dagrun for example_kubernetes_executor to None, run_after=None
[2023-09-13T19:23:01.053+0000] {processor.py:179} INFO - Processing /home/airflow/.local/lib/python3.8/site-packages/airflow/example_dags/example_kubernetes_executor.py took 0.290 seconds
[2023-09-13T19:23:31.187+0000] {processor.py:157} INFO - Started process (PID=880) to work on /home/airflow/.local/lib/python3.8/site-packages/airflow/example_dags/example_kubernetes_executor.py
[2023-09-13T19:23:31.188+0000] {processor.py:829} INFO - Processing file /home/airflow/.local/lib/python3.8/site-packages/airflow/example_dags/example_kubernetes_executor.py for tasks to queue
[2023-09-13T19:23:31.191+0000] {logging_mixin.py:151} INFO - [2023-09-13T19:23:31.191+0000] {dagbag.py:539} INFO - Filling up the DagBag from /home/airflow/.local/lib/python3.8/site-packages/airflow/example_dags/example_kubernetes_executor.py
[2023-09-13T19:23:31.386+0000] {processor.py:839} INFO - DAG(s) dict_keys(['example_kubernetes_executor']) retrieved from /home/airflow/.local/lib/python3.8/site-packages/airflow/example_dags/example_kubernetes_executor.py
[2023-09-13T19:23:31.418+0000] {logging_mixin.py:151} INFO - [2023-09-13T19:23:31.417+0000] {dag.py:2915} INFO - Sync 1 DAGs
[2023-09-13T19:23:31.428+0000] {logging_mixin.py:151} INFO - [2023-09-13T19:23:31.428+0000] {dag.py:3696} INFO - Setting next_dagrun for example_kubernetes_executor to None, run_after=None
[2023-09-13T19:23:31.441+0000] {processor.py:179} INFO - Processing /home/airflow/.local/lib/python3.8/site-packages/airflow/example_dags/example_kubernetes_executor.py took 0.258 seconds
[2023-09-13T19:24:01.481+0000] {processor.py:157} INFO - Started process (PID=936) to work on /home/airflow/.local/lib/python3.8/site-packages/airflow/example_dags/example_kubernetes_executor.py
[2023-09-13T19:24:01.482+0000] {processor.py:829} INFO - Processing file /home/airflow/.local/lib/python3.8/site-packages/airflow/example_dags/example_kubernetes_executor.py for tasks to queue
[2023-09-13T19:24:01.484+0000] {logging_mixin.py:151} INFO - [2023-09-13T19:24:01.484+0000] {dagbag.py:539} INFO - Filling up the DagBag from /home/airflow/.local/lib/python3.8/site-packages/airflow/example_dags/example_kubernetes_executor.py
[2023-09-13T19:24:01.679+0000] {processor.py:839} INFO - DAG(s) dict_keys(['example_kubernetes_executor']) retrieved from /home/airflow/.local/lib/python3.8/site-packages/airflow/example_dags/example_kubernetes_executor.py
[2023-09-13T19:24:01.711+0000] {logging_mixin.py:151} INFO - [2023-09-13T19:24:01.711+0000] {dag.py:2915} INFO - Sync 1 DAGs
[2023-09-13T19:24:01.721+0000] {logging_mixin.py:151} INFO - [2023-09-13T19:24:01.721+0000] {dag.py:3696} INFO - Setting next_dagrun for example_kubernetes_executor to None, run_after=None
[2023-09-13T19:24:01.733+0000] {processor.py:179} INFO - Processing /home/airflow/.local/lib/python3.8/site-packages/airflow/example_dags/example_kubernetes_executor.py took 0.255 seconds
[2023-09-13T19:24:31.816+0000] {processor.py:157} INFO - Started process (PID=991) to work on /home/airflow/.local/lib/python3.8/site-packages/airflow/example_dags/example_kubernetes_executor.py
[2023-09-13T19:24:31.818+0000] {processor.py:829} INFO - Processing file /home/airflow/.local/lib/python3.8/site-packages/airflow/example_dags/example_kubernetes_executor.py for tasks to queue
[2023-09-13T19:24:31.820+0000] {logging_mixin.py:151} INFO - [2023-09-13T19:24:31.820+0000] {dagbag.py:539} INFO - Filling up the DagBag from /home/airflow/.local/lib/python3.8/site-packages/airflow/example_dags/example_kubernetes_executor.py
[2023-09-13T19:24:32.016+0000] {processor.py:839} INFO - DAG(s) dict_keys(['example_kubernetes_executor']) retrieved from /home/airflow/.local/lib/python3.8/site-packages/airflow/example_dags/example_kubernetes_executor.py
[2023-09-13T19:24:32.048+0000] {logging_mixin.py:151} INFO - [2023-09-13T19:24:32.047+0000] {dag.py:2915} INFO - Sync 1 DAGs
[2023-09-13T19:24:32.058+0000] {logging_mixin.py:151} INFO - [2023-09-13T19:24:32.058+0000] {dag.py:3696} INFO - Setting next_dagrun for example_kubernetes_executor to None, run_after=None
[2023-09-13T19:24:32.070+0000] {processor.py:179} INFO - Processing /home/airflow/.local/lib/python3.8/site-packages/airflow/example_dags/example_kubernetes_executor.py took 0.257 seconds
[2023-09-13T19:25:02.145+0000] {processor.py:157} INFO - Started process (PID=1046) to work on /home/airflow/.local/lib/python3.8/site-packages/airflow/example_dags/example_kubernetes_executor.py
[2023-09-13T19:25:02.147+0000] {processor.py:829} INFO - Processing file /home/airflow/.local/lib/python3.8/site-packages/airflow/example_dags/example_kubernetes_executor.py for tasks to queue
[2023-09-13T19:25:02.149+0000] {logging_mixin.py:151} INFO - [2023-09-13T19:25:02.149+0000] {dagbag.py:539} INFO - Filling up the DagBag from /home/airflow/.local/lib/python3.8/site-packages/airflow/example_dags/example_kubernetes_executor.py
[2023-09-13T19:25:02.338+0000] {processor.py:839} INFO - DAG(s) dict_keys(['example_kubernetes_executor']) retrieved from /home/airflow/.local/lib/python3.8/site-packages/airflow/example_dags/example_kubernetes_executor.py
[2023-09-13T19:25:02.371+0000] {logging_mixin.py:151} INFO - [2023-09-13T19:25:02.371+0000] {dag.py:2915} INFO - Sync 1 DAGs
[2023-09-13T19:25:02.381+0000] {logging_mixin.py:151} INFO - [2023-09-13T19:25:02.381+0000] {dag.py:3696} INFO - Setting next_dagrun for example_kubernetes_executor to None, run_after=None
[2023-09-13T19:25:02.394+0000] {processor.py:179} INFO - Processing /home/airflow/.local/lib/python3.8/site-packages/airflow/example_dags/example_kubernetes_executor.py took 0.252 seconds
[2023-09-13T19:25:32.467+0000] {processor.py:157} INFO - Started process (PID=1100) to work on /home/airflow/.local/lib/python3.8/site-packages/airflow/example_dags/example_kubernetes_executor.py
[2023-09-13T19:25:32.469+0000] {processor.py:829} INFO - Processing file /home/airflow/.local/lib/python3.8/site-packages/airflow/example_dags/example_kubernetes_executor.py for tasks to queue
[2023-09-13T19:25:32.471+0000] {logging_mixin.py:151} INFO - [2023-09-13T19:25:32.471+0000] {dagbag.py:539} INFO - Filling up the DagBag from /home/airflow/.local/lib/python3.8/site-packages/airflow/example_dags/example_kubernetes_executor.py
[2023-09-13T19:25:32.660+0000] {processor.py:839} INFO - DAG(s) dict_keys(['example_kubernetes_executor']) retrieved from /home/airflow/.local/lib/python3.8/site-packages/airflow/example_dags/example_kubernetes_executor.py
[2023-09-13T19:25:32.692+0000] {logging_mixin.py:151} INFO - [2023-09-13T19:25:32.692+0000] {dag.py:2915} INFO - Sync 1 DAGs
[2023-09-13T19:25:32.702+0000] {logging_mixin.py:151} INFO - [2023-09-13T19:25:32.701+0000] {dag.py:3696} INFO - Setting next_dagrun for example_kubernetes_executor to None, run_after=None
[2023-09-13T19:25:32.714+0000] {processor.py:179} INFO - Processing /home/airflow/.local/lib/python3.8/site-packages/airflow/example_dags/example_kubernetes_executor.py took 0.250 seconds
[2023-09-13T19:26:02.880+0000] {processor.py:157} INFO - Started process (PID=1149) to work on /home/airflow/.local/lib/python3.8/site-packages/airflow/example_dags/example_kubernetes_executor.py
[2023-09-13T19:26:02.882+0000] {processor.py:829} INFO - Processing file /home/airflow/.local/lib/python3.8/site-packages/airflow/example_dags/example_kubernetes_executor.py for tasks to queue
[2023-09-13T19:26:02.886+0000] {logging_mixin.py:151} INFO - [2023-09-13T19:26:02.885+0000] {dagbag.py:539} INFO - Filling up the DagBag from /home/airflow/.local/lib/python3.8/site-packages/airflow/example_dags/example_kubernetes_executor.py
[2023-09-13T19:26:03.136+0000] {processor.py:839} INFO - DAG(s) dict_keys(['example_kubernetes_executor']) retrieved from /home/airflow/.local/lib/python3.8/site-packages/airflow/example_dags/example_kubernetes_executor.py
[2023-09-13T19:26:03.226+0000] {logging_mixin.py:151} INFO - [2023-09-13T19:26:03.226+0000] {dag.py:2915} INFO - Sync 1 DAGs
[2023-09-13T19:26:03.243+0000] {logging_mixin.py:151} INFO - [2023-09-13T19:26:03.243+0000] {dag.py:3696} INFO - Setting next_dagrun for example_kubernetes_executor to None, run_after=None
[2023-09-13T19:26:03.264+0000] {processor.py:179} INFO - Processing /home/airflow/.local/lib/python3.8/site-packages/airflow/example_dags/example_kubernetes_executor.py took 0.389 seconds
[2023-09-13T19:26:33.347+0000] {processor.py:157} INFO - Started process (PID=1206) to work on /home/airflow/.local/lib/python3.8/site-packages/airflow/example_dags/example_kubernetes_executor.py
[2023-09-13T19:26:33.350+0000] {processor.py:829} INFO - Processing file /home/airflow/.local/lib/python3.8/site-packages/airflow/example_dags/example_kubernetes_executor.py for tasks to queue
[2023-09-13T19:26:33.353+0000] {logging_mixin.py:151} INFO - [2023-09-13T19:26:33.353+0000] {dagbag.py:539} INFO - Filling up the DagBag from /home/airflow/.local/lib/python3.8/site-packages/airflow/example_dags/example_kubernetes_executor.py
[2023-09-13T19:26:33.596+0000] {processor.py:839} INFO - DAG(s) dict_keys(['example_kubernetes_executor']) retrieved from /home/airflow/.local/lib/python3.8/site-packages/airflow/example_dags/example_kubernetes_executor.py
[2023-09-13T19:26:33.632+0000] {logging_mixin.py:151} INFO - [2023-09-13T19:26:33.632+0000] {dag.py:2915} INFO - Sync 1 DAGs
[2023-09-13T19:26:33.644+0000] {logging_mixin.py:151} INFO - [2023-09-13T19:26:33.644+0000] {dag.py:3696} INFO - Setting next_dagrun for example_kubernetes_executor to None, run_after=None
[2023-09-13T19:26:33.659+0000] {processor.py:179} INFO - Processing /home/airflow/.local/lib/python3.8/site-packages/airflow/example_dags/example_kubernetes_executor.py took 0.316 seconds
[2023-09-13T19:27:03.858+0000] {processor.py:157} INFO - Started process (PID=1261) to work on /home/airflow/.local/lib/python3.8/site-packages/airflow/example_dags/example_kubernetes_executor.py
[2023-09-13T19:27:03.860+0000] {processor.py:829} INFO - Processing file /home/airflow/.local/lib/python3.8/site-packages/airflow/example_dags/example_kubernetes_executor.py for tasks to queue
[2023-09-13T19:27:03.863+0000] {logging_mixin.py:151} INFO - [2023-09-13T19:27:03.863+0000] {dagbag.py:539} INFO - Filling up the DagBag from /home/airflow/.local/lib/python3.8/site-packages/airflow/example_dags/example_kubernetes_executor.py
[2023-09-13T19:27:04.064+0000] {processor.py:839} INFO - DAG(s) dict_keys(['example_kubernetes_executor']) retrieved from /home/airflow/.local/lib/python3.8/site-packages/airflow/example_dags/example_kubernetes_executor.py
[2023-09-13T19:27:04.098+0000] {logging_mixin.py:151} INFO - [2023-09-13T19:27:04.098+0000] {dag.py:2915} INFO - Sync 1 DAGs
[2023-09-13T19:27:04.108+0000] {logging_mixin.py:151} INFO - [2023-09-13T19:27:04.108+0000] {dag.py:3696} INFO - Setting next_dagrun for example_kubernetes_executor to None, run_after=None
[2023-09-13T19:27:04.122+0000] {processor.py:179} INFO - Processing /home/airflow/.local/lib/python3.8/site-packages/airflow/example_dags/example_kubernetes_executor.py took 0.268 seconds
[2023-09-13T19:28:16.435+0000] {processor.py:157} INFO - Started process (PID=57) to work on /home/airflow/.local/lib/python3.8/site-packages/airflow/example_dags/example_kubernetes_executor.py
[2023-09-13T19:28:16.438+0000] {processor.py:829} INFO - Processing file /home/airflow/.local/lib/python3.8/site-packages/airflow/example_dags/example_kubernetes_executor.py for tasks to queue
[2023-09-13T19:28:16.449+0000] {logging_mixin.py:151} INFO - [2023-09-13T19:28:16.448+0000] {dagbag.py:539} INFO - Filling up the DagBag from /home/airflow/.local/lib/python3.8/site-packages/airflow/example_dags/example_kubernetes_executor.py
[2023-09-13T19:28:17.116+0000] {processor.py:839} INFO - DAG(s) dict_keys(['example_kubernetes_executor']) retrieved from /home/airflow/.local/lib/python3.8/site-packages/airflow/example_dags/example_kubernetes_executor.py
[2023-09-13T19:28:17.156+0000] {logging_mixin.py:151} INFO - [2023-09-13T19:28:17.154+0000] {dag.py:2915} INFO - Sync 1 DAGs
[2023-09-13T19:28:17.197+0000] {logging_mixin.py:151} INFO - [2023-09-13T19:28:17.197+0000] {dag.py:3696} INFO - Setting next_dagrun for example_kubernetes_executor to None, run_after=None
[2023-09-13T19:28:17.235+0000] {processor.py:179} INFO - Processing /home/airflow/.local/lib/python3.8/site-packages/airflow/example_dags/example_kubernetes_executor.py took 0.809 seconds
[2023-09-13T19:28:47.499+0000] {processor.py:157} INFO - Started process (PID=115) to work on /home/airflow/.local/lib/python3.8/site-packages/airflow/example_dags/example_kubernetes_executor.py
[2023-09-13T19:28:47.500+0000] {processor.py:829} INFO - Processing file /home/airflow/.local/lib/python3.8/site-packages/airflow/example_dags/example_kubernetes_executor.py for tasks to queue
[2023-09-13T19:28:47.502+0000] {logging_mixin.py:151} INFO - [2023-09-13T19:28:47.502+0000] {dagbag.py:539} INFO - Filling up the DagBag from /home/airflow/.local/lib/python3.8/site-packages/airflow/example_dags/example_kubernetes_executor.py
[2023-09-13T19:28:47.684+0000] {processor.py:839} INFO - DAG(s) dict_keys(['example_kubernetes_executor']) retrieved from /home/airflow/.local/lib/python3.8/site-packages/airflow/example_dags/example_kubernetes_executor.py
[2023-09-13T19:28:47.715+0000] {logging_mixin.py:151} INFO - [2023-09-13T19:28:47.715+0000] {dag.py:2915} INFO - Sync 1 DAGs
[2023-09-13T19:28:47.726+0000] {logging_mixin.py:151} INFO - [2023-09-13T19:28:47.726+0000] {dag.py:3696} INFO - Setting next_dagrun for example_kubernetes_executor to None, run_after=None
[2023-09-13T19:28:47.738+0000] {processor.py:179} INFO - Processing /home/airflow/.local/lib/python3.8/site-packages/airflow/example_dags/example_kubernetes_executor.py took 0.243 seconds
[2023-09-13T19:29:17.793+0000] {processor.py:157} INFO - Started process (PID=170) to work on /home/airflow/.local/lib/python3.8/site-packages/airflow/example_dags/example_kubernetes_executor.py
[2023-09-13T19:29:17.795+0000] {processor.py:829} INFO - Processing file /home/airflow/.local/lib/python3.8/site-packages/airflow/example_dags/example_kubernetes_executor.py for tasks to queue
[2023-09-13T19:29:17.797+0000] {logging_mixin.py:151} INFO - [2023-09-13T19:29:17.797+0000] {dagbag.py:539} INFO - Filling up the DagBag from /home/airflow/.local/lib/python3.8/site-packages/airflow/example_dags/example_kubernetes_executor.py
[2023-09-13T19:29:17.983+0000] {processor.py:839} INFO - DAG(s) dict_keys(['example_kubernetes_executor']) retrieved from /home/airflow/.local/lib/python3.8/site-packages/airflow/example_dags/example_kubernetes_executor.py
[2023-09-13T19:29:18.016+0000] {logging_mixin.py:151} INFO - [2023-09-13T19:29:18.015+0000] {dag.py:2915} INFO - Sync 1 DAGs
[2023-09-13T19:29:18.025+0000] {logging_mixin.py:151} INFO - [2023-09-13T19:29:18.025+0000] {dag.py:3696} INFO - Setting next_dagrun for example_kubernetes_executor to None, run_after=None
[2023-09-13T19:29:18.038+0000] {processor.py:179} INFO - Processing /home/airflow/.local/lib/python3.8/site-packages/airflow/example_dags/example_kubernetes_executor.py took 0.249 seconds
[2023-09-13T19:29:48.157+0000] {processor.py:157} INFO - Started process (PID=224) to work on /home/airflow/.local/lib/python3.8/site-packages/airflow/example_dags/example_kubernetes_executor.py
[2023-09-13T19:29:48.159+0000] {processor.py:829} INFO - Processing file /home/airflow/.local/lib/python3.8/site-packages/airflow/example_dags/example_kubernetes_executor.py for tasks to queue
[2023-09-13T19:29:48.161+0000] {logging_mixin.py:151} INFO - [2023-09-13T19:29:48.161+0000] {dagbag.py:539} INFO - Filling up the DagBag from /home/airflow/.local/lib/python3.8/site-packages/airflow/example_dags/example_kubernetes_executor.py
[2023-09-13T19:29:48.342+0000] {processor.py:839} INFO - DAG(s) dict_keys(['example_kubernetes_executor']) retrieved from /home/airflow/.local/lib/python3.8/site-packages/airflow/example_dags/example_kubernetes_executor.py
[2023-09-13T19:29:48.379+0000] {logging_mixin.py:151} INFO - [2023-09-13T19:29:48.378+0000] {dag.py:2915} INFO - Sync 1 DAGs
[2023-09-13T19:29:48.388+0000] {logging_mixin.py:151} INFO - [2023-09-13T19:29:48.388+0000] {dag.py:3696} INFO - Setting next_dagrun for example_kubernetes_executor to None, run_after=None
[2023-09-13T19:29:48.400+0000] {processor.py:179} INFO - Processing /home/airflow/.local/lib/python3.8/site-packages/airflow/example_dags/example_kubernetes_executor.py took 0.246 seconds
[2023-09-13T19:30:18.455+0000] {processor.py:157} INFO - Started process (PID=278) to work on /home/airflow/.local/lib/python3.8/site-packages/airflow/example_dags/example_kubernetes_executor.py
[2023-09-13T19:30:18.457+0000] {processor.py:829} INFO - Processing file /home/airflow/.local/lib/python3.8/site-packages/airflow/example_dags/example_kubernetes_executor.py for tasks to queue
[2023-09-13T19:30:18.460+0000] {logging_mixin.py:151} INFO - [2023-09-13T19:30:18.460+0000] {dagbag.py:539} INFO - Filling up the DagBag from /home/airflow/.local/lib/python3.8/site-packages/airflow/example_dags/example_kubernetes_executor.py
[2023-09-13T19:30:18.710+0000] {processor.py:839} INFO - DAG(s) dict_keys(['example_kubernetes_executor']) retrieved from /home/airflow/.local/lib/python3.8/site-packages/airflow/example_dags/example_kubernetes_executor.py
[2023-09-13T19:30:18.750+0000] {logging_mixin.py:151} INFO - [2023-09-13T19:30:18.749+0000] {dag.py:2915} INFO - Sync 1 DAGs
[2023-09-13T19:30:18.763+0000] {logging_mixin.py:151} INFO - [2023-09-13T19:30:18.762+0000] {dag.py:3696} INFO - Setting next_dagrun for example_kubernetes_executor to None, run_after=None
[2023-09-13T19:30:18.785+0000] {processor.py:179} INFO - Processing /home/airflow/.local/lib/python3.8/site-packages/airflow/example_dags/example_kubernetes_executor.py took 0.334 seconds
[2023-09-13T19:31:31.818+0000] {processor.py:157} INFO - Started process (PID=58) to work on /home/airflow/.local/lib/python3.8/site-packages/airflow/example_dags/example_kubernetes_executor.py
[2023-09-13T19:31:31.821+0000] {processor.py:829} INFO - Processing file /home/airflow/.local/lib/python3.8/site-packages/airflow/example_dags/example_kubernetes_executor.py for tasks to queue
[2023-09-13T19:31:31.826+0000] {logging_mixin.py:151} INFO - [2023-09-13T19:31:31.826+0000] {dagbag.py:539} INFO - Filling up the DagBag from /home/airflow/.local/lib/python3.8/site-packages/airflow/example_dags/example_kubernetes_executor.py
[2023-09-13T19:31:32.425+0000] {processor.py:839} INFO - DAG(s) dict_keys(['example_kubernetes_executor']) retrieved from /home/airflow/.local/lib/python3.8/site-packages/airflow/example_dags/example_kubernetes_executor.py
[2023-09-13T19:31:32.449+0000] {logging_mixin.py:151} INFO - [2023-09-13T19:31:32.448+0000] {dag.py:2915} INFO - Sync 1 DAGs
[2023-09-13T19:31:32.471+0000] {logging_mixin.py:151} INFO - [2023-09-13T19:31:32.471+0000] {dag.py:3696} INFO - Setting next_dagrun for example_kubernetes_executor to None, run_after=None
[2023-09-13T19:31:32.505+0000] {processor.py:179} INFO - Processing /home/airflow/.local/lib/python3.8/site-packages/airflow/example_dags/example_kubernetes_executor.py took 0.694 seconds
[2023-09-13T19:32:03.074+0000] {processor.py:157} INFO - Started process (PID=115) to work on /home/airflow/.local/lib/python3.8/site-packages/airflow/example_dags/example_kubernetes_executor.py
[2023-09-13T19:32:03.075+0000] {processor.py:829} INFO - Processing file /home/airflow/.local/lib/python3.8/site-packages/airflow/example_dags/example_kubernetes_executor.py for tasks to queue
[2023-09-13T19:32:03.079+0000] {logging_mixin.py:151} INFO - [2023-09-13T19:32:03.079+0000] {dagbag.py:539} INFO - Filling up the DagBag from /home/airflow/.local/lib/python3.8/site-packages/airflow/example_dags/example_kubernetes_executor.py
[2023-09-13T19:32:03.393+0000] {processor.py:839} INFO - DAG(s) dict_keys(['example_kubernetes_executor']) retrieved from /home/airflow/.local/lib/python3.8/site-packages/airflow/example_dags/example_kubernetes_executor.py
[2023-09-13T19:32:03.434+0000] {logging_mixin.py:151} INFO - [2023-09-13T19:32:03.433+0000] {dag.py:2915} INFO - Sync 1 DAGs
[2023-09-13T19:32:03.450+0000] {logging_mixin.py:151} INFO - [2023-09-13T19:32:03.450+0000] {dag.py:3696} INFO - Setting next_dagrun for example_kubernetes_executor to None, run_after=None
[2023-09-13T19:32:03.469+0000] {processor.py:179} INFO - Processing /home/airflow/.local/lib/python3.8/site-packages/airflow/example_dags/example_kubernetes_executor.py took 0.398 seconds
[2023-09-13T19:32:34.369+0000] {processor.py:157} INFO - Started process (PID=171) to work on /home/airflow/.local/lib/python3.8/site-packages/airflow/example_dags/example_kubernetes_executor.py
[2023-09-13T19:32:34.371+0000] {processor.py:829} INFO - Processing file /home/airflow/.local/lib/python3.8/site-packages/airflow/example_dags/example_kubernetes_executor.py for tasks to queue
[2023-09-13T19:32:34.374+0000] {logging_mixin.py:151} INFO - [2023-09-13T19:32:34.374+0000] {dagbag.py:539} INFO - Filling up the DagBag from /home/airflow/.local/lib/python3.8/site-packages/airflow/example_dags/example_kubernetes_executor.py
[2023-09-13T19:32:34.599+0000] {processor.py:839} INFO - DAG(s) dict_keys(['example_kubernetes_executor']) retrieved from /home/airflow/.local/lib/python3.8/site-packages/airflow/example_dags/example_kubernetes_executor.py
[2023-09-13T19:32:34.641+0000] {logging_mixin.py:151} INFO - [2023-09-13T19:32:34.641+0000] {dag.py:2915} INFO - Sync 1 DAGs
[2023-09-13T19:32:34.652+0000] {logging_mixin.py:151} INFO - [2023-09-13T19:32:34.652+0000] {dag.py:3696} INFO - Setting next_dagrun for example_kubernetes_executor to None, run_after=None
[2023-09-13T19:32:34.667+0000] {processor.py:179} INFO - Processing /home/airflow/.local/lib/python3.8/site-packages/airflow/example_dags/example_kubernetes_executor.py took 0.303 seconds
[2023-09-13T19:33:05.326+0000] {processor.py:157} INFO - Started process (PID=226) to work on /home/airflow/.local/lib/python3.8/site-packages/airflow/example_dags/example_kubernetes_executor.py
[2023-09-13T19:33:05.328+0000] {processor.py:829} INFO - Processing file /home/airflow/.local/lib/python3.8/site-packages/airflow/example_dags/example_kubernetes_executor.py for tasks to queue
[2023-09-13T19:33:05.332+0000] {logging_mixin.py:151} INFO - [2023-09-13T19:33:05.331+0000] {dagbag.py:539} INFO - Filling up the DagBag from /home/airflow/.local/lib/python3.8/site-packages/airflow/example_dags/example_kubernetes_executor.py
[2023-09-13T19:33:05.539+0000] {processor.py:839} INFO - DAG(s) dict_keys(['example_kubernetes_executor']) retrieved from /home/airflow/.local/lib/python3.8/site-packages/airflow/example_dags/example_kubernetes_executor.py
[2023-09-13T19:33:05.576+0000] {logging_mixin.py:151} INFO - [2023-09-13T19:33:05.575+0000] {dag.py:2915} INFO - Sync 1 DAGs
[2023-09-13T19:33:05.586+0000] {logging_mixin.py:151} INFO - [2023-09-13T19:33:05.586+0000] {dag.py:3696} INFO - Setting next_dagrun for example_kubernetes_executor to None, run_after=None
[2023-09-13T19:33:05.600+0000] {processor.py:179} INFO - Processing /home/airflow/.local/lib/python3.8/site-packages/airflow/example_dags/example_kubernetes_executor.py took 0.279 seconds
[2023-09-13T19:33:36.350+0000] {processor.py:157} INFO - Started process (PID=281) to work on /home/airflow/.local/lib/python3.8/site-packages/airflow/example_dags/example_kubernetes_executor.py
[2023-09-13T19:33:36.352+0000] {processor.py:829} INFO - Processing file /home/airflow/.local/lib/python3.8/site-packages/airflow/example_dags/example_kubernetes_executor.py for tasks to queue
[2023-09-13T19:33:36.355+0000] {logging_mixin.py:151} INFO - [2023-09-13T19:33:36.355+0000] {dagbag.py:539} INFO - Filling up the DagBag from /home/airflow/.local/lib/python3.8/site-packages/airflow/example_dags/example_kubernetes_executor.py
[2023-09-13T19:33:36.584+0000] {processor.py:839} INFO - DAG(s) dict_keys(['example_kubernetes_executor']) retrieved from /home/airflow/.local/lib/python3.8/site-packages/airflow/example_dags/example_kubernetes_executor.py
[2023-09-13T19:33:36.651+0000] {logging_mixin.py:151} INFO - [2023-09-13T19:33:36.650+0000] {dag.py:2915} INFO - Sync 1 DAGs
[2023-09-13T19:33:36.668+0000] {logging_mixin.py:151} INFO - [2023-09-13T19:33:36.668+0000] {dag.py:3696} INFO - Setting next_dagrun for example_kubernetes_executor to None, run_after=None
[2023-09-13T19:33:36.687+0000] {processor.py:179} INFO - Processing /home/airflow/.local/lib/python3.8/site-packages/airflow/example_dags/example_kubernetes_executor.py took 0.341 seconds
[2023-09-13T19:34:07.128+0000] {processor.py:157} INFO - Started process (PID=336) to work on /home/airflow/.local/lib/python3.8/site-packages/airflow/example_dags/example_kubernetes_executor.py
[2023-09-13T19:34:07.130+0000] {processor.py:829} INFO - Processing file /home/airflow/.local/lib/python3.8/site-packages/airflow/example_dags/example_kubernetes_executor.py for tasks to queue
[2023-09-13T19:34:07.133+0000] {logging_mixin.py:151} INFO - [2023-09-13T19:34:07.133+0000] {dagbag.py:539} INFO - Filling up the DagBag from /home/airflow/.local/lib/python3.8/site-packages/airflow/example_dags/example_kubernetes_executor.py
[2023-09-13T19:34:07.331+0000] {processor.py:839} INFO - DAG(s) dict_keys(['example_kubernetes_executor']) retrieved from /home/airflow/.local/lib/python3.8/site-packages/airflow/example_dags/example_kubernetes_executor.py
[2023-09-13T19:34:07.366+0000] {logging_mixin.py:151} INFO - [2023-09-13T19:34:07.366+0000] {dag.py:2915} INFO - Sync 1 DAGs
[2023-09-13T19:34:07.377+0000] {logging_mixin.py:151} INFO - [2023-09-13T19:34:07.377+0000] {dag.py:3696} INFO - Setting next_dagrun for example_kubernetes_executor to None, run_after=None
[2023-09-13T19:34:07.390+0000] {processor.py:179} INFO - Processing /home/airflow/.local/lib/python3.8/site-packages/airflow/example_dags/example_kubernetes_executor.py took 0.267 seconds
