[2023-09-13T19:15:53.563+0000] {processor.py:157} INFO - Started process (PID=62) to work on /home/airflow/.local/lib/python3.8/site-packages/airflow/example_dags/example_dynamic_task_mapping.py
[2023-09-13T19:15:53.564+0000] {processor.py:829} INFO - Processing file /home/airflow/.local/lib/python3.8/site-packages/airflow/example_dags/example_dynamic_task_mapping.py for tasks to queue
[2023-09-13T19:15:53.567+0000] {logging_mixin.py:151} INFO - [2023-09-13T19:15:53.567+0000] {dagbag.py:539} INFO - Filling up the DagBag from /home/airflow/.local/lib/python3.8/site-packages/airflow/example_dags/example_dynamic_task_mapping.py
[2023-09-13T19:15:53.576+0000] {processor.py:839} INFO - DAG(s) dict_keys(['example_dynamic_task_mapping']) retrieved from /home/airflow/.local/lib/python3.8/site-packages/airflow/example_dags/example_dynamic_task_mapping.py
[2023-09-13T19:15:53.664+0000] {logging_mixin.py:151} INFO - [2023-09-13T19:15:53.664+0000] {manager.py:499} INFO - Created Permission View: %s
[2023-09-13T19:15:53.671+0000] {logging_mixin.py:151} INFO - [2023-09-13T19:15:53.671+0000] {manager.py:499} INFO - Created Permission View: %s
[2023-09-13T19:15:53.675+0000] {logging_mixin.py:151} INFO - [2023-09-13T19:15:53.675+0000] {manager.py:499} INFO - Created Permission View: %s
[2023-09-13T19:15:53.676+0000] {logging_mixin.py:151} INFO - [2023-09-13T19:15:53.676+0000] {security.py:708} INFO - Not syncing DAG-level permissions for DAG 'DAG:example_dynamic_task_mapping' as access control is unset.
[2023-09-13T19:15:53.676+0000] {logging_mixin.py:151} INFO - [2023-09-13T19:15:53.676+0000] {dag.py:2915} INFO - Sync 1 DAGs
[2023-09-13T19:15:53.684+0000] {logging_mixin.py:151} INFO - [2023-09-13T19:15:53.684+0000] {dag.py:2937} INFO - Creating ORM DAG for example_dynamic_task_mapping
[2023-09-13T19:15:53.691+0000] {logging_mixin.py:151} INFO - [2023-09-13T19:15:53.691+0000] {dag.py:3696} INFO - Setting next_dagrun for example_dynamic_task_mapping to 2022-03-04T00:00:00+00:00, run_after=2022-03-05T00:00:00+00:00
[2023-09-13T19:15:53.703+0000] {processor.py:179} INFO - Processing /home/airflow/.local/lib/python3.8/site-packages/airflow/example_dags/example_dynamic_task_mapping.py took 0.144 seconds
[2023-09-13T19:16:24.044+0000] {processor.py:157} INFO - Started process (PID=116) to work on /home/airflow/.local/lib/python3.8/site-packages/airflow/example_dags/example_dynamic_task_mapping.py
[2023-09-13T19:16:24.045+0000] {processor.py:829} INFO - Processing file /home/airflow/.local/lib/python3.8/site-packages/airflow/example_dags/example_dynamic_task_mapping.py for tasks to queue
[2023-09-13T19:16:24.047+0000] {logging_mixin.py:151} INFO - [2023-09-13T19:16:24.047+0000] {dagbag.py:539} INFO - Filling up the DagBag from /home/airflow/.local/lib/python3.8/site-packages/airflow/example_dags/example_dynamic_task_mapping.py
[2023-09-13T19:16:24.054+0000] {processor.py:839} INFO - DAG(s) dict_keys(['example_dynamic_task_mapping']) retrieved from /home/airflow/.local/lib/python3.8/site-packages/airflow/example_dags/example_dynamic_task_mapping.py
[2023-09-13T19:16:24.074+0000] {logging_mixin.py:151} INFO - [2023-09-13T19:16:24.074+0000] {dag.py:2915} INFO - Sync 1 DAGs
[2023-09-13T19:16:24.093+0000] {logging_mixin.py:151} INFO - [2023-09-13T19:16:24.093+0000] {dag.py:3696} INFO - Setting next_dagrun for example_dynamic_task_mapping to 2022-03-04T00:00:00+00:00, run_after=2022-03-05T00:00:00+00:00
[2023-09-13T19:16:24.106+0000] {processor.py:179} INFO - Processing /home/airflow/.local/lib/python3.8/site-packages/airflow/example_dags/example_dynamic_task_mapping.py took 0.066 seconds
[2023-09-13T19:16:54.440+0000] {processor.py:157} INFO - Started process (PID=169) to work on /home/airflow/.local/lib/python3.8/site-packages/airflow/example_dags/example_dynamic_task_mapping.py
[2023-09-13T19:16:54.442+0000] {processor.py:829} INFO - Processing file /home/airflow/.local/lib/python3.8/site-packages/airflow/example_dags/example_dynamic_task_mapping.py for tasks to queue
[2023-09-13T19:16:54.444+0000] {logging_mixin.py:151} INFO - [2023-09-13T19:16:54.444+0000] {dagbag.py:539} INFO - Filling up the DagBag from /home/airflow/.local/lib/python3.8/site-packages/airflow/example_dags/example_dynamic_task_mapping.py
[2023-09-13T19:16:54.451+0000] {processor.py:839} INFO - DAG(s) dict_keys(['example_dynamic_task_mapping']) retrieved from /home/airflow/.local/lib/python3.8/site-packages/airflow/example_dags/example_dynamic_task_mapping.py
[2023-09-13T19:16:54.470+0000] {logging_mixin.py:151} INFO - [2023-09-13T19:16:54.470+0000] {dag.py:2915} INFO - Sync 1 DAGs
[2023-09-13T19:16:54.486+0000] {logging_mixin.py:151} INFO - [2023-09-13T19:16:54.486+0000] {dag.py:3696} INFO - Setting next_dagrun for example_dynamic_task_mapping to 2022-03-04T00:00:00+00:00, run_after=2022-03-05T00:00:00+00:00
[2023-09-13T19:16:54.497+0000] {processor.py:179} INFO - Processing /home/airflow/.local/lib/python3.8/site-packages/airflow/example_dags/example_dynamic_task_mapping.py took 0.060 seconds
[2023-09-13T19:17:24.716+0000] {processor.py:157} INFO - Started process (PID=223) to work on /home/airflow/.local/lib/python3.8/site-packages/airflow/example_dags/example_dynamic_task_mapping.py
[2023-09-13T19:17:24.717+0000] {processor.py:829} INFO - Processing file /home/airflow/.local/lib/python3.8/site-packages/airflow/example_dags/example_dynamic_task_mapping.py for tasks to queue
[2023-09-13T19:17:24.719+0000] {logging_mixin.py:151} INFO - [2023-09-13T19:17:24.719+0000] {dagbag.py:539} INFO - Filling up the DagBag from /home/airflow/.local/lib/python3.8/site-packages/airflow/example_dags/example_dynamic_task_mapping.py
[2023-09-13T19:17:24.726+0000] {processor.py:839} INFO - DAG(s) dict_keys(['example_dynamic_task_mapping']) retrieved from /home/airflow/.local/lib/python3.8/site-packages/airflow/example_dags/example_dynamic_task_mapping.py
[2023-09-13T19:17:24.748+0000] {logging_mixin.py:151} INFO - [2023-09-13T19:17:24.748+0000] {dag.py:2915} INFO - Sync 1 DAGs
[2023-09-13T19:17:24.765+0000] {logging_mixin.py:151} INFO - [2023-09-13T19:17:24.765+0000] {dag.py:3696} INFO - Setting next_dagrun for example_dynamic_task_mapping to 2022-03-04T00:00:00+00:00, run_after=2022-03-05T00:00:00+00:00
[2023-09-13T19:17:24.777+0000] {processor.py:179} INFO - Processing /home/airflow/.local/lib/python3.8/site-packages/airflow/example_dags/example_dynamic_task_mapping.py took 0.065 seconds
[2023-09-13T19:17:54.963+0000] {processor.py:157} INFO - Started process (PID=277) to work on /home/airflow/.local/lib/python3.8/site-packages/airflow/example_dags/example_dynamic_task_mapping.py
[2023-09-13T19:17:54.964+0000] {processor.py:829} INFO - Processing file /home/airflow/.local/lib/python3.8/site-packages/airflow/example_dags/example_dynamic_task_mapping.py for tasks to queue
[2023-09-13T19:17:54.967+0000] {logging_mixin.py:151} INFO - [2023-09-13T19:17:54.966+0000] {dagbag.py:539} INFO - Filling up the DagBag from /home/airflow/.local/lib/python3.8/site-packages/airflow/example_dags/example_dynamic_task_mapping.py
[2023-09-13T19:17:54.973+0000] {processor.py:839} INFO - DAG(s) dict_keys(['example_dynamic_task_mapping']) retrieved from /home/airflow/.local/lib/python3.8/site-packages/airflow/example_dags/example_dynamic_task_mapping.py
[2023-09-13T19:17:54.993+0000] {logging_mixin.py:151} INFO - [2023-09-13T19:17:54.993+0000] {dag.py:2915} INFO - Sync 1 DAGs
[2023-09-13T19:17:55.009+0000] {logging_mixin.py:151} INFO - [2023-09-13T19:17:55.009+0000] {dag.py:3696} INFO - Setting next_dagrun for example_dynamic_task_mapping to 2022-03-04T00:00:00+00:00, run_after=2022-03-05T00:00:00+00:00
[2023-09-13T19:17:55.021+0000] {processor.py:179} INFO - Processing /home/airflow/.local/lib/python3.8/site-packages/airflow/example_dags/example_dynamic_task_mapping.py took 0.062 seconds
[2023-09-13T19:18:25.127+0000] {processor.py:157} INFO - Started process (PID=331) to work on /home/airflow/.local/lib/python3.8/site-packages/airflow/example_dags/example_dynamic_task_mapping.py
[2023-09-13T19:18:25.128+0000] {processor.py:829} INFO - Processing file /home/airflow/.local/lib/python3.8/site-packages/airflow/example_dags/example_dynamic_task_mapping.py for tasks to queue
[2023-09-13T19:18:25.131+0000] {logging_mixin.py:151} INFO - [2023-09-13T19:18:25.131+0000] {dagbag.py:539} INFO - Filling up the DagBag from /home/airflow/.local/lib/python3.8/site-packages/airflow/example_dags/example_dynamic_task_mapping.py
[2023-09-13T19:18:25.137+0000] {processor.py:839} INFO - DAG(s) dict_keys(['example_dynamic_task_mapping']) retrieved from /home/airflow/.local/lib/python3.8/site-packages/airflow/example_dags/example_dynamic_task_mapping.py
[2023-09-13T19:18:25.158+0000] {logging_mixin.py:151} INFO - [2023-09-13T19:18:25.157+0000] {dag.py:2915} INFO - Sync 1 DAGs
[2023-09-13T19:18:25.174+0000] {logging_mixin.py:151} INFO - [2023-09-13T19:18:25.174+0000] {dag.py:3696} INFO - Setting next_dagrun for example_dynamic_task_mapping to 2022-03-04T00:00:00+00:00, run_after=2022-03-05T00:00:00+00:00
[2023-09-13T19:18:25.186+0000] {processor.py:179} INFO - Processing /home/airflow/.local/lib/python3.8/site-packages/airflow/example_dags/example_dynamic_task_mapping.py took 0.063 seconds
[2023-09-13T19:18:55.756+0000] {processor.py:157} INFO - Started process (PID=385) to work on /home/airflow/.local/lib/python3.8/site-packages/airflow/example_dags/example_dynamic_task_mapping.py
[2023-09-13T19:18:55.758+0000] {processor.py:829} INFO - Processing file /home/airflow/.local/lib/python3.8/site-packages/airflow/example_dags/example_dynamic_task_mapping.py for tasks to queue
[2023-09-13T19:18:55.760+0000] {logging_mixin.py:151} INFO - [2023-09-13T19:18:55.760+0000] {dagbag.py:539} INFO - Filling up the DagBag from /home/airflow/.local/lib/python3.8/site-packages/airflow/example_dags/example_dynamic_task_mapping.py
[2023-09-13T19:18:55.767+0000] {processor.py:839} INFO - DAG(s) dict_keys(['example_dynamic_task_mapping']) retrieved from /home/airflow/.local/lib/python3.8/site-packages/airflow/example_dags/example_dynamic_task_mapping.py
[2023-09-13T19:18:55.787+0000] {logging_mixin.py:151} INFO - [2023-09-13T19:18:55.787+0000] {dag.py:2915} INFO - Sync 1 DAGs
[2023-09-13T19:18:55.804+0000] {logging_mixin.py:151} INFO - [2023-09-13T19:18:55.804+0000] {dag.py:3696} INFO - Setting next_dagrun for example_dynamic_task_mapping to 2022-03-04T00:00:00+00:00, run_after=2022-03-05T00:00:00+00:00
[2023-09-13T19:18:55.816+0000] {processor.py:179} INFO - Processing /home/airflow/.local/lib/python3.8/site-packages/airflow/example_dags/example_dynamic_task_mapping.py took 0.063 seconds
[2023-09-13T19:19:26.091+0000] {processor.py:157} INFO - Started process (PID=440) to work on /home/airflow/.local/lib/python3.8/site-packages/airflow/example_dags/example_dynamic_task_mapping.py
[2023-09-13T19:19:26.093+0000] {processor.py:829} INFO - Processing file /home/airflow/.local/lib/python3.8/site-packages/airflow/example_dags/example_dynamic_task_mapping.py for tasks to queue
[2023-09-13T19:19:26.095+0000] {logging_mixin.py:151} INFO - [2023-09-13T19:19:26.095+0000] {dagbag.py:539} INFO - Filling up the DagBag from /home/airflow/.local/lib/python3.8/site-packages/airflow/example_dags/example_dynamic_task_mapping.py
[2023-09-13T19:19:26.103+0000] {processor.py:839} INFO - DAG(s) dict_keys(['example_dynamic_task_mapping']) retrieved from /home/airflow/.local/lib/python3.8/site-packages/airflow/example_dags/example_dynamic_task_mapping.py
[2023-09-13T19:19:26.124+0000] {logging_mixin.py:151} INFO - [2023-09-13T19:19:26.124+0000] {dag.py:2915} INFO - Sync 1 DAGs
[2023-09-13T19:19:26.143+0000] {logging_mixin.py:151} INFO - [2023-09-13T19:19:26.143+0000] {dag.py:3696} INFO - Setting next_dagrun for example_dynamic_task_mapping to 2022-03-04T00:00:00+00:00, run_after=2022-03-05T00:00:00+00:00
[2023-09-13T19:19:26.156+0000] {processor.py:179} INFO - Processing /home/airflow/.local/lib/python3.8/site-packages/airflow/example_dags/example_dynamic_task_mapping.py took 0.069 seconds
[2023-09-13T19:19:57.019+0000] {processor.py:157} INFO - Started process (PID=494) to work on /home/airflow/.local/lib/python3.8/site-packages/airflow/example_dags/example_dynamic_task_mapping.py
[2023-09-13T19:19:57.021+0000] {processor.py:829} INFO - Processing file /home/airflow/.local/lib/python3.8/site-packages/airflow/example_dags/example_dynamic_task_mapping.py for tasks to queue
[2023-09-13T19:19:57.024+0000] {logging_mixin.py:151} INFO - [2023-09-13T19:19:57.024+0000] {dagbag.py:539} INFO - Filling up the DagBag from /home/airflow/.local/lib/python3.8/site-packages/airflow/example_dags/example_dynamic_task_mapping.py
[2023-09-13T19:19:57.031+0000] {processor.py:839} INFO - DAG(s) dict_keys(['example_dynamic_task_mapping']) retrieved from /home/airflow/.local/lib/python3.8/site-packages/airflow/example_dags/example_dynamic_task_mapping.py
[2023-09-13T19:19:57.052+0000] {logging_mixin.py:151} INFO - [2023-09-13T19:19:57.052+0000] {dag.py:2915} INFO - Sync 1 DAGs
[2023-09-13T19:19:57.069+0000] {logging_mixin.py:151} INFO - [2023-09-13T19:19:57.069+0000] {dag.py:3696} INFO - Setting next_dagrun for example_dynamic_task_mapping to 2022-03-04T00:00:00+00:00, run_after=2022-03-05T00:00:00+00:00
[2023-09-13T19:19:57.081+0000] {processor.py:179} INFO - Processing /home/airflow/.local/lib/python3.8/site-packages/airflow/example_dags/example_dynamic_task_mapping.py took 0.066 seconds
[2023-09-13T19:20:27.378+0000] {processor.py:157} INFO - Started process (PID=547) to work on /home/airflow/.local/lib/python3.8/site-packages/airflow/example_dags/example_dynamic_task_mapping.py
[2023-09-13T19:20:27.379+0000] {processor.py:829} INFO - Processing file /home/airflow/.local/lib/python3.8/site-packages/airflow/example_dags/example_dynamic_task_mapping.py for tasks to queue
[2023-09-13T19:20:27.382+0000] {logging_mixin.py:151} INFO - [2023-09-13T19:20:27.382+0000] {dagbag.py:539} INFO - Filling up the DagBag from /home/airflow/.local/lib/python3.8/site-packages/airflow/example_dags/example_dynamic_task_mapping.py
[2023-09-13T19:20:27.388+0000] {processor.py:839} INFO - DAG(s) dict_keys(['example_dynamic_task_mapping']) retrieved from /home/airflow/.local/lib/python3.8/site-packages/airflow/example_dags/example_dynamic_task_mapping.py
[2023-09-13T19:20:27.409+0000] {logging_mixin.py:151} INFO - [2023-09-13T19:20:27.409+0000] {dag.py:2915} INFO - Sync 1 DAGs
[2023-09-13T19:20:27.426+0000] {logging_mixin.py:151} INFO - [2023-09-13T19:20:27.426+0000] {dag.py:3696} INFO - Setting next_dagrun for example_dynamic_task_mapping to 2022-03-04T00:00:00+00:00, run_after=2022-03-05T00:00:00+00:00
[2023-09-13T19:20:27.438+0000] {processor.py:179} INFO - Processing /home/airflow/.local/lib/python3.8/site-packages/airflow/example_dags/example_dynamic_task_mapping.py took 0.065 seconds
[2023-09-13T19:20:58.188+0000] {processor.py:157} INFO - Started process (PID=601) to work on /home/airflow/.local/lib/python3.8/site-packages/airflow/example_dags/example_dynamic_task_mapping.py
[2023-09-13T19:20:58.190+0000] {processor.py:829} INFO - Processing file /home/airflow/.local/lib/python3.8/site-packages/airflow/example_dags/example_dynamic_task_mapping.py for tasks to queue
[2023-09-13T19:20:58.194+0000] {logging_mixin.py:151} INFO - [2023-09-13T19:20:58.194+0000] {dagbag.py:539} INFO - Filling up the DagBag from /home/airflow/.local/lib/python3.8/site-packages/airflow/example_dags/example_dynamic_task_mapping.py
[2023-09-13T19:20:58.200+0000] {processor.py:839} INFO - DAG(s) dict_keys(['example_dynamic_task_mapping']) retrieved from /home/airflow/.local/lib/python3.8/site-packages/airflow/example_dags/example_dynamic_task_mapping.py
[2023-09-13T19:20:58.221+0000] {logging_mixin.py:151} INFO - [2023-09-13T19:20:58.221+0000] {dag.py:2915} INFO - Sync 1 DAGs
[2023-09-13T19:20:58.238+0000] {logging_mixin.py:151} INFO - [2023-09-13T19:20:58.237+0000] {dag.py:3696} INFO - Setting next_dagrun for example_dynamic_task_mapping to 2022-03-04T00:00:00+00:00, run_after=2022-03-05T00:00:00+00:00
[2023-09-13T19:20:58.250+0000] {processor.py:179} INFO - Processing /home/airflow/.local/lib/python3.8/site-packages/airflow/example_dags/example_dynamic_task_mapping.py took 0.065 seconds
[2023-09-13T19:21:28.902+0000] {processor.py:157} INFO - Started process (PID=655) to work on /home/airflow/.local/lib/python3.8/site-packages/airflow/example_dags/example_dynamic_task_mapping.py
[2023-09-13T19:21:28.905+0000] {processor.py:829} INFO - Processing file /home/airflow/.local/lib/python3.8/site-packages/airflow/example_dags/example_dynamic_task_mapping.py for tasks to queue
[2023-09-13T19:21:28.908+0000] {logging_mixin.py:151} INFO - [2023-09-13T19:21:28.908+0000] {dagbag.py:539} INFO - Filling up the DagBag from /home/airflow/.local/lib/python3.8/site-packages/airflow/example_dags/example_dynamic_task_mapping.py
[2023-09-13T19:21:28.916+0000] {processor.py:839} INFO - DAG(s) dict_keys(['example_dynamic_task_mapping']) retrieved from /home/airflow/.local/lib/python3.8/site-packages/airflow/example_dags/example_dynamic_task_mapping.py
[2023-09-13T19:21:28.939+0000] {logging_mixin.py:151} INFO - [2023-09-13T19:21:28.939+0000] {dag.py:2915} INFO - Sync 1 DAGs
[2023-09-13T19:21:28.958+0000] {logging_mixin.py:151} INFO - [2023-09-13T19:21:28.958+0000] {dag.py:3696} INFO - Setting next_dagrun for example_dynamic_task_mapping to 2022-03-04T00:00:00+00:00, run_after=2022-03-05T00:00:00+00:00
[2023-09-13T19:21:28.971+0000] {processor.py:179} INFO - Processing /home/airflow/.local/lib/python3.8/site-packages/airflow/example_dags/example_dynamic_task_mapping.py took 0.073 seconds
[2023-09-13T19:21:59.530+0000] {processor.py:157} INFO - Started process (PID=709) to work on /home/airflow/.local/lib/python3.8/site-packages/airflow/example_dags/example_dynamic_task_mapping.py
[2023-09-13T19:21:59.531+0000] {processor.py:829} INFO - Processing file /home/airflow/.local/lib/python3.8/site-packages/airflow/example_dags/example_dynamic_task_mapping.py for tasks to queue
[2023-09-13T19:21:59.534+0000] {logging_mixin.py:151} INFO - [2023-09-13T19:21:59.534+0000] {dagbag.py:539} INFO - Filling up the DagBag from /home/airflow/.local/lib/python3.8/site-packages/airflow/example_dags/example_dynamic_task_mapping.py
[2023-09-13T19:21:59.540+0000] {processor.py:839} INFO - DAG(s) dict_keys(['example_dynamic_task_mapping']) retrieved from /home/airflow/.local/lib/python3.8/site-packages/airflow/example_dags/example_dynamic_task_mapping.py
[2023-09-13T19:21:59.564+0000] {logging_mixin.py:151} INFO - [2023-09-13T19:21:59.564+0000] {dag.py:2915} INFO - Sync 1 DAGs
[2023-09-13T19:21:59.586+0000] {logging_mixin.py:151} INFO - [2023-09-13T19:21:59.586+0000] {dag.py:3696} INFO - Setting next_dagrun for example_dynamic_task_mapping to 2022-03-04T00:00:00+00:00, run_after=2022-03-05T00:00:00+00:00
[2023-09-13T19:21:59.605+0000] {processor.py:179} INFO - Processing /home/airflow/.local/lib/python3.8/site-packages/airflow/example_dags/example_dynamic_task_mapping.py took 0.080 seconds
[2023-09-13T19:22:30.386+0000] {processor.py:157} INFO - Started process (PID=770) to work on /home/airflow/.local/lib/python3.8/site-packages/airflow/example_dags/example_dynamic_task_mapping.py
[2023-09-13T19:22:30.387+0000] {processor.py:829} INFO - Processing file /home/airflow/.local/lib/python3.8/site-packages/airflow/example_dags/example_dynamic_task_mapping.py for tasks to queue
[2023-09-13T19:22:30.390+0000] {logging_mixin.py:151} INFO - [2023-09-13T19:22:30.390+0000] {dagbag.py:539} INFO - Filling up the DagBag from /home/airflow/.local/lib/python3.8/site-packages/airflow/example_dags/example_dynamic_task_mapping.py
[2023-09-13T19:22:30.396+0000] {processor.py:839} INFO - DAG(s) dict_keys(['example_dynamic_task_mapping']) retrieved from /home/airflow/.local/lib/python3.8/site-packages/airflow/example_dags/example_dynamic_task_mapping.py
[2023-09-13T19:22:30.417+0000] {logging_mixin.py:151} INFO - [2023-09-13T19:22:30.417+0000] {dag.py:2915} INFO - Sync 1 DAGs
[2023-09-13T19:22:30.434+0000] {logging_mixin.py:151} INFO - [2023-09-13T19:22:30.434+0000] {dag.py:3696} INFO - Setting next_dagrun for example_dynamic_task_mapping to 2022-03-04T00:00:00+00:00, run_after=2022-03-05T00:00:00+00:00
[2023-09-13T19:22:30.446+0000] {processor.py:179} INFO - Processing /home/airflow/.local/lib/python3.8/site-packages/airflow/example_dags/example_dynamic_task_mapping.py took 0.063 seconds
[2023-09-13T19:23:00.774+0000] {processor.py:157} INFO - Started process (PID=824) to work on /home/airflow/.local/lib/python3.8/site-packages/airflow/example_dags/example_dynamic_task_mapping.py
[2023-09-13T19:23:00.776+0000] {processor.py:829} INFO - Processing file /home/airflow/.local/lib/python3.8/site-packages/airflow/example_dags/example_dynamic_task_mapping.py for tasks to queue
[2023-09-13T19:23:00.779+0000] {logging_mixin.py:151} INFO - [2023-09-13T19:23:00.778+0000] {dagbag.py:539} INFO - Filling up the DagBag from /home/airflow/.local/lib/python3.8/site-packages/airflow/example_dags/example_dynamic_task_mapping.py
[2023-09-13T19:23:00.788+0000] {processor.py:839} INFO - DAG(s) dict_keys(['example_dynamic_task_mapping']) retrieved from /home/airflow/.local/lib/python3.8/site-packages/airflow/example_dags/example_dynamic_task_mapping.py
[2023-09-13T19:23:00.814+0000] {logging_mixin.py:151} INFO - [2023-09-13T19:23:00.814+0000] {dag.py:2915} INFO - Sync 1 DAGs
[2023-09-13T19:23:00.835+0000] {logging_mixin.py:151} INFO - [2023-09-13T19:23:00.835+0000] {dag.py:3696} INFO - Setting next_dagrun for example_dynamic_task_mapping to 2022-03-04T00:00:00+00:00, run_after=2022-03-05T00:00:00+00:00
[2023-09-13T19:23:00.848+0000] {processor.py:179} INFO - Processing /home/airflow/.local/lib/python3.8/site-packages/airflow/example_dags/example_dynamic_task_mapping.py took 0.079 seconds
[2023-09-13T19:23:31.017+0000] {processor.py:157} INFO - Started process (PID=877) to work on /home/airflow/.local/lib/python3.8/site-packages/airflow/example_dags/example_dynamic_task_mapping.py
[2023-09-13T19:23:31.020+0000] {processor.py:829} INFO - Processing file /home/airflow/.local/lib/python3.8/site-packages/airflow/example_dags/example_dynamic_task_mapping.py for tasks to queue
[2023-09-13T19:23:31.024+0000] {logging_mixin.py:151} INFO - [2023-09-13T19:23:31.023+0000] {dagbag.py:539} INFO - Filling up the DagBag from /home/airflow/.local/lib/python3.8/site-packages/airflow/example_dags/example_dynamic_task_mapping.py
[2023-09-13T19:23:31.030+0000] {processor.py:839} INFO - DAG(s) dict_keys(['example_dynamic_task_mapping']) retrieved from /home/airflow/.local/lib/python3.8/site-packages/airflow/example_dags/example_dynamic_task_mapping.py
[2023-09-13T19:23:31.051+0000] {logging_mixin.py:151} INFO - [2023-09-13T19:23:31.051+0000] {dag.py:2915} INFO - Sync 1 DAGs
[2023-09-13T19:23:31.068+0000] {logging_mixin.py:151} INFO - [2023-09-13T19:23:31.068+0000] {dag.py:3696} INFO - Setting next_dagrun for example_dynamic_task_mapping to 2022-03-04T00:00:00+00:00, run_after=2022-03-05T00:00:00+00:00
[2023-09-13T19:23:31.080+0000] {processor.py:179} INFO - Processing /home/airflow/.local/lib/python3.8/site-packages/airflow/example_dags/example_dynamic_task_mapping.py took 0.068 seconds
[2023-09-13T19:24:01.232+0000] {processor.py:157} INFO - Started process (PID=931) to work on /home/airflow/.local/lib/python3.8/site-packages/airflow/example_dags/example_dynamic_task_mapping.py
[2023-09-13T19:24:01.234+0000] {processor.py:829} INFO - Processing file /home/airflow/.local/lib/python3.8/site-packages/airflow/example_dags/example_dynamic_task_mapping.py for tasks to queue
[2023-09-13T19:24:01.237+0000] {logging_mixin.py:151} INFO - [2023-09-13T19:24:01.237+0000] {dagbag.py:539} INFO - Filling up the DagBag from /home/airflow/.local/lib/python3.8/site-packages/airflow/example_dags/example_dynamic_task_mapping.py
[2023-09-13T19:24:01.244+0000] {processor.py:839} INFO - DAG(s) dict_keys(['example_dynamic_task_mapping']) retrieved from /home/airflow/.local/lib/python3.8/site-packages/airflow/example_dags/example_dynamic_task_mapping.py
[2023-09-13T19:24:01.265+0000] {logging_mixin.py:151} INFO - [2023-09-13T19:24:01.265+0000] {dag.py:2915} INFO - Sync 1 DAGs
[2023-09-13T19:24:01.283+0000] {logging_mixin.py:151} INFO - [2023-09-13T19:24:01.283+0000] {dag.py:3696} INFO - Setting next_dagrun for example_dynamic_task_mapping to 2022-03-04T00:00:00+00:00, run_after=2022-03-05T00:00:00+00:00
[2023-09-13T19:24:01.295+0000] {processor.py:179} INFO - Processing /home/airflow/.local/lib/python3.8/site-packages/airflow/example_dags/example_dynamic_task_mapping.py took 0.069 seconds
[2023-09-13T19:24:31.553+0000] {processor.py:157} INFO - Started process (PID=986) to work on /home/airflow/.local/lib/python3.8/site-packages/airflow/example_dags/example_dynamic_task_mapping.py
[2023-09-13T19:24:31.556+0000] {processor.py:829} INFO - Processing file /home/airflow/.local/lib/python3.8/site-packages/airflow/example_dags/example_dynamic_task_mapping.py for tasks to queue
[2023-09-13T19:24:31.560+0000] {logging_mixin.py:151} INFO - [2023-09-13T19:24:31.560+0000] {dagbag.py:539} INFO - Filling up the DagBag from /home/airflow/.local/lib/python3.8/site-packages/airflow/example_dags/example_dynamic_task_mapping.py
[2023-09-13T19:24:31.576+0000] {processor.py:839} INFO - DAG(s) dict_keys(['example_dynamic_task_mapping']) retrieved from /home/airflow/.local/lib/python3.8/site-packages/airflow/example_dags/example_dynamic_task_mapping.py
[2023-09-13T19:24:31.601+0000] {logging_mixin.py:151} INFO - [2023-09-13T19:24:31.600+0000] {dag.py:2915} INFO - Sync 1 DAGs
[2023-09-13T19:24:31.619+0000] {logging_mixin.py:151} INFO - [2023-09-13T19:24:31.619+0000] {dag.py:3696} INFO - Setting next_dagrun for example_dynamic_task_mapping to 2022-03-04T00:00:00+00:00, run_after=2022-03-05T00:00:00+00:00
[2023-09-13T19:24:31.631+0000] {processor.py:179} INFO - Processing /home/airflow/.local/lib/python3.8/site-packages/airflow/example_dags/example_dynamic_task_mapping.py took 0.085 seconds
[2023-09-13T19:25:01.787+0000] {processor.py:157} INFO - Started process (PID=1039) to work on /home/airflow/.local/lib/python3.8/site-packages/airflow/example_dags/example_dynamic_task_mapping.py
[2023-09-13T19:25:01.790+0000] {processor.py:829} INFO - Processing file /home/airflow/.local/lib/python3.8/site-packages/airflow/example_dags/example_dynamic_task_mapping.py for tasks to queue
[2023-09-13T19:25:01.793+0000] {logging_mixin.py:151} INFO - [2023-09-13T19:25:01.792+0000] {dagbag.py:539} INFO - Filling up the DagBag from /home/airflow/.local/lib/python3.8/site-packages/airflow/example_dags/example_dynamic_task_mapping.py
[2023-09-13T19:25:01.801+0000] {processor.py:839} INFO - DAG(s) dict_keys(['example_dynamic_task_mapping']) retrieved from /home/airflow/.local/lib/python3.8/site-packages/airflow/example_dags/example_dynamic_task_mapping.py
[2023-09-13T19:25:01.825+0000] {logging_mixin.py:151} INFO - [2023-09-13T19:25:01.825+0000] {dag.py:2915} INFO - Sync 1 DAGs
[2023-09-13T19:25:01.843+0000] {logging_mixin.py:151} INFO - [2023-09-13T19:25:01.843+0000] {dag.py:3696} INFO - Setting next_dagrun for example_dynamic_task_mapping to 2022-03-04T00:00:00+00:00, run_after=2022-03-05T00:00:00+00:00
[2023-09-13T19:25:01.854+0000] {processor.py:179} INFO - Processing /home/airflow/.local/lib/python3.8/site-packages/airflow/example_dags/example_dynamic_task_mapping.py took 0.072 seconds
[2023-09-13T19:25:32.101+0000] {processor.py:157} INFO - Started process (PID=1093) to work on /home/airflow/.local/lib/python3.8/site-packages/airflow/example_dags/example_dynamic_task_mapping.py
[2023-09-13T19:25:32.104+0000] {processor.py:829} INFO - Processing file /home/airflow/.local/lib/python3.8/site-packages/airflow/example_dags/example_dynamic_task_mapping.py for tasks to queue
[2023-09-13T19:25:32.109+0000] {logging_mixin.py:151} INFO - [2023-09-13T19:25:32.108+0000] {dagbag.py:539} INFO - Filling up the DagBag from /home/airflow/.local/lib/python3.8/site-packages/airflow/example_dags/example_dynamic_task_mapping.py
[2023-09-13T19:25:32.118+0000] {processor.py:839} INFO - DAG(s) dict_keys(['example_dynamic_task_mapping']) retrieved from /home/airflow/.local/lib/python3.8/site-packages/airflow/example_dags/example_dynamic_task_mapping.py
[2023-09-13T19:25:32.147+0000] {logging_mixin.py:151} INFO - [2023-09-13T19:25:32.147+0000] {dag.py:2915} INFO - Sync 1 DAGs
[2023-09-13T19:25:32.167+0000] {logging_mixin.py:151} INFO - [2023-09-13T19:25:32.167+0000] {dag.py:3696} INFO - Setting next_dagrun for example_dynamic_task_mapping to 2022-03-04T00:00:00+00:00, run_after=2022-03-05T00:00:00+00:00
[2023-09-13T19:25:32.182+0000] {processor.py:179} INFO - Processing /home/airflow/.local/lib/python3.8/site-packages/airflow/example_dags/example_dynamic_task_mapping.py took 0.086 seconds
[2023-09-13T19:26:02.884+0000] {processor.py:157} INFO - Started process (PID=1150) to work on /home/airflow/.local/lib/python3.8/site-packages/airflow/example_dags/example_dynamic_task_mapping.py
[2023-09-13T19:26:02.885+0000] {processor.py:829} INFO - Processing file /home/airflow/.local/lib/python3.8/site-packages/airflow/example_dags/example_dynamic_task_mapping.py for tasks to queue
[2023-09-13T19:26:02.888+0000] {logging_mixin.py:151} INFO - [2023-09-13T19:26:02.888+0000] {dagbag.py:539} INFO - Filling up the DagBag from /home/airflow/.local/lib/python3.8/site-packages/airflow/example_dags/example_dynamic_task_mapping.py
[2023-09-13T19:26:02.894+0000] {processor.py:839} INFO - DAG(s) dict_keys(['example_dynamic_task_mapping']) retrieved from /home/airflow/.local/lib/python3.8/site-packages/airflow/example_dags/example_dynamic_task_mapping.py
[2023-09-13T19:26:02.917+0000] {logging_mixin.py:151} INFO - [2023-09-13T19:26:02.917+0000] {dag.py:2915} INFO - Sync 1 DAGs
[2023-09-13T19:26:02.936+0000] {logging_mixin.py:151} INFO - [2023-09-13T19:26:02.936+0000] {dag.py:3696} INFO - Setting next_dagrun for example_dynamic_task_mapping to 2022-03-04T00:00:00+00:00, run_after=2022-03-05T00:00:00+00:00
[2023-09-13T19:26:02.955+0000] {processor.py:179} INFO - Processing /home/airflow/.local/lib/python3.8/site-packages/airflow/example_dags/example_dynamic_task_mapping.py took 0.075 seconds
[2023-09-13T19:26:33.483+0000] {processor.py:157} INFO - Started process (PID=1207) to work on /home/airflow/.local/lib/python3.8/site-packages/airflow/example_dags/example_dynamic_task_mapping.py
[2023-09-13T19:26:33.485+0000] {processor.py:829} INFO - Processing file /home/airflow/.local/lib/python3.8/site-packages/airflow/example_dags/example_dynamic_task_mapping.py for tasks to queue
[2023-09-13T19:26:33.487+0000] {logging_mixin.py:151} INFO - [2023-09-13T19:26:33.487+0000] {dagbag.py:539} INFO - Filling up the DagBag from /home/airflow/.local/lib/python3.8/site-packages/airflow/example_dags/example_dynamic_task_mapping.py
[2023-09-13T19:26:33.494+0000] {processor.py:839} INFO - DAG(s) dict_keys(['example_dynamic_task_mapping']) retrieved from /home/airflow/.local/lib/python3.8/site-packages/airflow/example_dags/example_dynamic_task_mapping.py
[2023-09-13T19:26:33.518+0000] {logging_mixin.py:151} INFO - [2023-09-13T19:26:33.517+0000] {dag.py:2915} INFO - Sync 1 DAGs
[2023-09-13T19:26:33.538+0000] {logging_mixin.py:151} INFO - [2023-09-13T19:26:33.538+0000] {dag.py:3696} INFO - Setting next_dagrun for example_dynamic_task_mapping to 2022-03-04T00:00:00+00:00, run_after=2022-03-05T00:00:00+00:00
[2023-09-13T19:26:33.552+0000] {processor.py:179} INFO - Processing /home/airflow/.local/lib/python3.8/site-packages/airflow/example_dags/example_dynamic_task_mapping.py took 0.073 seconds
[2023-09-13T19:27:03.948+0000] {processor.py:157} INFO - Started process (PID=1262) to work on /home/airflow/.local/lib/python3.8/site-packages/airflow/example_dags/example_dynamic_task_mapping.py
[2023-09-13T19:27:03.950+0000] {processor.py:829} INFO - Processing file /home/airflow/.local/lib/python3.8/site-packages/airflow/example_dags/example_dynamic_task_mapping.py for tasks to queue
[2023-09-13T19:27:03.952+0000] {logging_mixin.py:151} INFO - [2023-09-13T19:27:03.952+0000] {dagbag.py:539} INFO - Filling up the DagBag from /home/airflow/.local/lib/python3.8/site-packages/airflow/example_dags/example_dynamic_task_mapping.py
[2023-09-13T19:27:03.959+0000] {processor.py:839} INFO - DAG(s) dict_keys(['example_dynamic_task_mapping']) retrieved from /home/airflow/.local/lib/python3.8/site-packages/airflow/example_dags/example_dynamic_task_mapping.py
[2023-09-13T19:27:03.980+0000] {logging_mixin.py:151} INFO - [2023-09-13T19:27:03.980+0000] {dag.py:2915} INFO - Sync 1 DAGs
[2023-09-13T19:27:03.997+0000] {logging_mixin.py:151} INFO - [2023-09-13T19:27:03.997+0000] {dag.py:3696} INFO - Setting next_dagrun for example_dynamic_task_mapping to 2022-03-04T00:00:00+00:00, run_after=2022-03-05T00:00:00+00:00
[2023-09-13T19:27:04.010+0000] {processor.py:179} INFO - Processing /home/airflow/.local/lib/python3.8/site-packages/airflow/example_dags/example_dynamic_task_mapping.py took 0.065 seconds
[2023-09-13T19:28:17.325+0000] {processor.py:157} INFO - Started process (PID=62) to work on /home/airflow/.local/lib/python3.8/site-packages/airflow/example_dags/example_dynamic_task_mapping.py
[2023-09-13T19:28:17.328+0000] {processor.py:829} INFO - Processing file /home/airflow/.local/lib/python3.8/site-packages/airflow/example_dags/example_dynamic_task_mapping.py for tasks to queue
[2023-09-13T19:28:17.332+0000] {logging_mixin.py:151} INFO - [2023-09-13T19:28:17.332+0000] {dagbag.py:539} INFO - Filling up the DagBag from /home/airflow/.local/lib/python3.8/site-packages/airflow/example_dags/example_dynamic_task_mapping.py
[2023-09-13T19:28:17.357+0000] {processor.py:839} INFO - DAG(s) dict_keys(['example_dynamic_task_mapping']) retrieved from /home/airflow/.local/lib/python3.8/site-packages/airflow/example_dags/example_dynamic_task_mapping.py
[2023-09-13T19:28:17.409+0000] {logging_mixin.py:151} INFO - [2023-09-13T19:28:17.408+0000] {dag.py:2915} INFO - Sync 1 DAGs
[2023-09-13T19:28:17.456+0000] {logging_mixin.py:151} INFO - [2023-09-13T19:28:17.456+0000] {dag.py:3696} INFO - Setting next_dagrun for example_dynamic_task_mapping to 2022-03-04T00:00:00+00:00, run_after=2022-03-05T00:00:00+00:00
[2023-09-13T19:28:17.482+0000] {processor.py:179} INFO - Processing /home/airflow/.local/lib/python3.8/site-packages/airflow/example_dags/example_dynamic_task_mapping.py took 0.168 seconds
[2023-09-13T19:28:47.857+0000] {processor.py:157} INFO - Started process (PID=118) to work on /home/airflow/.local/lib/python3.8/site-packages/airflow/example_dags/example_dynamic_task_mapping.py
[2023-09-13T19:28:47.858+0000] {processor.py:829} INFO - Processing file /home/airflow/.local/lib/python3.8/site-packages/airflow/example_dags/example_dynamic_task_mapping.py for tasks to queue
[2023-09-13T19:28:47.861+0000] {logging_mixin.py:151} INFO - [2023-09-13T19:28:47.860+0000] {dagbag.py:539} INFO - Filling up the DagBag from /home/airflow/.local/lib/python3.8/site-packages/airflow/example_dags/example_dynamic_task_mapping.py
[2023-09-13T19:28:47.867+0000] {processor.py:839} INFO - DAG(s) dict_keys(['example_dynamic_task_mapping']) retrieved from /home/airflow/.local/lib/python3.8/site-packages/airflow/example_dags/example_dynamic_task_mapping.py
[2023-09-13T19:28:47.887+0000] {logging_mixin.py:151} INFO - [2023-09-13T19:28:47.887+0000] {dag.py:2915} INFO - Sync 1 DAGs
[2023-09-13T19:28:47.907+0000] {logging_mixin.py:151} INFO - [2023-09-13T19:28:47.906+0000] {dag.py:3696} INFO - Setting next_dagrun for example_dynamic_task_mapping to 2022-03-04T00:00:00+00:00, run_after=2022-03-05T00:00:00+00:00
[2023-09-13T19:28:47.923+0000] {processor.py:179} INFO - Processing /home/airflow/.local/lib/python3.8/site-packages/airflow/example_dags/example_dynamic_task_mapping.py took 0.069 seconds
[2023-09-13T19:29:18.173+0000] {processor.py:157} INFO - Started process (PID=173) to work on /home/airflow/.local/lib/python3.8/site-packages/airflow/example_dags/example_dynamic_task_mapping.py
[2023-09-13T19:29:18.174+0000] {processor.py:829} INFO - Processing file /home/airflow/.local/lib/python3.8/site-packages/airflow/example_dags/example_dynamic_task_mapping.py for tasks to queue
[2023-09-13T19:29:18.177+0000] {logging_mixin.py:151} INFO - [2023-09-13T19:29:18.176+0000] {dagbag.py:539} INFO - Filling up the DagBag from /home/airflow/.local/lib/python3.8/site-packages/airflow/example_dags/example_dynamic_task_mapping.py
[2023-09-13T19:29:18.184+0000] {processor.py:839} INFO - DAG(s) dict_keys(['example_dynamic_task_mapping']) retrieved from /home/airflow/.local/lib/python3.8/site-packages/airflow/example_dags/example_dynamic_task_mapping.py
[2023-09-13T19:29:18.205+0000] {logging_mixin.py:151} INFO - [2023-09-13T19:29:18.205+0000] {dag.py:2915} INFO - Sync 1 DAGs
[2023-09-13T19:29:18.222+0000] {logging_mixin.py:151} INFO - [2023-09-13T19:29:18.222+0000] {dag.py:3696} INFO - Setting next_dagrun for example_dynamic_task_mapping to 2022-03-04T00:00:00+00:00, run_after=2022-03-05T00:00:00+00:00
[2023-09-13T19:29:18.233+0000] {processor.py:179} INFO - Processing /home/airflow/.local/lib/python3.8/site-packages/airflow/example_dags/example_dynamic_task_mapping.py took 0.065 seconds
[2023-09-13T19:29:48.525+0000] {processor.py:157} INFO - Started process (PID=227) to work on /home/airflow/.local/lib/python3.8/site-packages/airflow/example_dags/example_dynamic_task_mapping.py
[2023-09-13T19:29:48.527+0000] {processor.py:829} INFO - Processing file /home/airflow/.local/lib/python3.8/site-packages/airflow/example_dags/example_dynamic_task_mapping.py for tasks to queue
[2023-09-13T19:29:48.530+0000] {logging_mixin.py:151} INFO - [2023-09-13T19:29:48.529+0000] {dagbag.py:539} INFO - Filling up the DagBag from /home/airflow/.local/lib/python3.8/site-packages/airflow/example_dags/example_dynamic_task_mapping.py
[2023-09-13T19:29:48.537+0000] {processor.py:839} INFO - DAG(s) dict_keys(['example_dynamic_task_mapping']) retrieved from /home/airflow/.local/lib/python3.8/site-packages/airflow/example_dags/example_dynamic_task_mapping.py
[2023-09-13T19:29:48.560+0000] {logging_mixin.py:151} INFO - [2023-09-13T19:29:48.560+0000] {dag.py:2915} INFO - Sync 1 DAGs
[2023-09-13T19:29:48.578+0000] {logging_mixin.py:151} INFO - [2023-09-13T19:29:48.578+0000] {dag.py:3696} INFO - Setting next_dagrun for example_dynamic_task_mapping to 2022-03-04T00:00:00+00:00, run_after=2022-03-05T00:00:00+00:00
[2023-09-13T19:29:48.591+0000] {processor.py:179} INFO - Processing /home/airflow/.local/lib/python3.8/site-packages/airflow/example_dags/example_dynamic_task_mapping.py took 0.070 seconds
[2023-09-13T19:30:18.803+0000] {processor.py:157} INFO - Started process (PID=281) to work on /home/airflow/.local/lib/python3.8/site-packages/airflow/example_dags/example_dynamic_task_mapping.py
[2023-09-13T19:30:18.805+0000] {processor.py:829} INFO - Processing file /home/airflow/.local/lib/python3.8/site-packages/airflow/example_dags/example_dynamic_task_mapping.py for tasks to queue
[2023-09-13T19:30:18.809+0000] {logging_mixin.py:151} INFO - [2023-09-13T19:30:18.808+0000] {dagbag.py:539} INFO - Filling up the DagBag from /home/airflow/.local/lib/python3.8/site-packages/airflow/example_dags/example_dynamic_task_mapping.py
[2023-09-13T19:30:18.816+0000] {processor.py:839} INFO - DAG(s) dict_keys(['example_dynamic_task_mapping']) retrieved from /home/airflow/.local/lib/python3.8/site-packages/airflow/example_dags/example_dynamic_task_mapping.py
[2023-09-13T19:30:18.845+0000] {logging_mixin.py:151} INFO - [2023-09-13T19:30:18.845+0000] {dag.py:2915} INFO - Sync 1 DAGs
[2023-09-13T19:30:18.870+0000] {logging_mixin.py:151} INFO - [2023-09-13T19:30:18.870+0000] {dag.py:3696} INFO - Setting next_dagrun for example_dynamic_task_mapping to 2022-03-04T00:00:00+00:00, run_after=2022-03-05T00:00:00+00:00
[2023-09-13T19:30:18.891+0000] {processor.py:179} INFO - Processing /home/airflow/.local/lib/python3.8/site-packages/airflow/example_dags/example_dynamic_task_mapping.py took 0.093 seconds
[2023-09-13T19:31:32.699+0000] {processor.py:157} INFO - Started process (PID=63) to work on /home/airflow/.local/lib/python3.8/site-packages/airflow/example_dags/example_dynamic_task_mapping.py
[2023-09-13T19:31:32.702+0000] {processor.py:829} INFO - Processing file /home/airflow/.local/lib/python3.8/site-packages/airflow/example_dags/example_dynamic_task_mapping.py for tasks to queue
[2023-09-13T19:31:32.707+0000] {logging_mixin.py:151} INFO - [2023-09-13T19:31:32.706+0000] {dagbag.py:539} INFO - Filling up the DagBag from /home/airflow/.local/lib/python3.8/site-packages/airflow/example_dags/example_dynamic_task_mapping.py
[2023-09-13T19:31:32.722+0000] {processor.py:839} INFO - DAG(s) dict_keys(['example_dynamic_task_mapping']) retrieved from /home/airflow/.local/lib/python3.8/site-packages/airflow/example_dags/example_dynamic_task_mapping.py
[2023-09-13T19:31:32.764+0000] {logging_mixin.py:151} INFO - [2023-09-13T19:31:32.764+0000] {dag.py:2915} INFO - Sync 1 DAGs
[2023-09-13T19:31:32.871+0000] {logging_mixin.py:151} INFO - [2023-09-13T19:31:32.871+0000] {dag.py:3696} INFO - Setting next_dagrun for example_dynamic_task_mapping to 2022-03-04T00:00:00+00:00, run_after=2022-03-05T00:00:00+00:00
[2023-09-13T19:31:32.928+0000] {processor.py:179} INFO - Processing /home/airflow/.local/lib/python3.8/site-packages/airflow/example_dags/example_dynamic_task_mapping.py took 0.235 seconds
[2023-09-13T19:32:03.408+0000] {processor.py:157} INFO - Started process (PID=118) to work on /home/airflow/.local/lib/python3.8/site-packages/airflow/example_dags/example_dynamic_task_mapping.py
[2023-09-13T19:32:03.410+0000] {processor.py:829} INFO - Processing file /home/airflow/.local/lib/python3.8/site-packages/airflow/example_dags/example_dynamic_task_mapping.py for tasks to queue
[2023-09-13T19:32:03.412+0000] {logging_mixin.py:151} INFO - [2023-09-13T19:32:03.412+0000] {dagbag.py:539} INFO - Filling up the DagBag from /home/airflow/.local/lib/python3.8/site-packages/airflow/example_dags/example_dynamic_task_mapping.py
[2023-09-13T19:32:03.420+0000] {processor.py:839} INFO - DAG(s) dict_keys(['example_dynamic_task_mapping']) retrieved from /home/airflow/.local/lib/python3.8/site-packages/airflow/example_dags/example_dynamic_task_mapping.py
[2023-09-13T19:32:03.448+0000] {logging_mixin.py:151} INFO - [2023-09-13T19:32:03.448+0000] {dag.py:2915} INFO - Sync 1 DAGs
[2023-09-13T19:32:03.476+0000] {logging_mixin.py:151} INFO - [2023-09-13T19:32:03.475+0000] {dag.py:3696} INFO - Setting next_dagrun for example_dynamic_task_mapping to 2022-03-04T00:00:00+00:00, run_after=2022-03-05T00:00:00+00:00
[2023-09-13T19:32:03.491+0000] {processor.py:179} INFO - Processing /home/airflow/.local/lib/python3.8/site-packages/airflow/example_dags/example_dynamic_task_mapping.py took 0.087 seconds
[2023-09-13T19:32:34.482+0000] {processor.py:157} INFO - Started process (PID=173) to work on /home/airflow/.local/lib/python3.8/site-packages/airflow/example_dags/example_dynamic_task_mapping.py
[2023-09-13T19:32:34.484+0000] {processor.py:829} INFO - Processing file /home/airflow/.local/lib/python3.8/site-packages/airflow/example_dags/example_dynamic_task_mapping.py for tasks to queue
[2023-09-13T19:32:34.486+0000] {logging_mixin.py:151} INFO - [2023-09-13T19:32:34.486+0000] {dagbag.py:539} INFO - Filling up the DagBag from /home/airflow/.local/lib/python3.8/site-packages/airflow/example_dags/example_dynamic_task_mapping.py
[2023-09-13T19:32:34.493+0000] {processor.py:839} INFO - DAG(s) dict_keys(['example_dynamic_task_mapping']) retrieved from /home/airflow/.local/lib/python3.8/site-packages/airflow/example_dags/example_dynamic_task_mapping.py
[2023-09-13T19:32:34.514+0000] {logging_mixin.py:151} INFO - [2023-09-13T19:32:34.514+0000] {dag.py:2915} INFO - Sync 1 DAGs
[2023-09-13T19:32:34.531+0000] {logging_mixin.py:151} INFO - [2023-09-13T19:32:34.531+0000] {dag.py:3696} INFO - Setting next_dagrun for example_dynamic_task_mapping to 2022-03-04T00:00:00+00:00, run_after=2022-03-05T00:00:00+00:00
[2023-09-13T19:32:34.545+0000] {processor.py:179} INFO - Processing /home/airflow/.local/lib/python3.8/site-packages/airflow/example_dags/example_dynamic_task_mapping.py took 0.066 seconds
[2023-09-13T19:33:05.437+0000] {processor.py:157} INFO - Started process (PID=228) to work on /home/airflow/.local/lib/python3.8/site-packages/airflow/example_dags/example_dynamic_task_mapping.py
[2023-09-13T19:33:05.439+0000] {processor.py:829} INFO - Processing file /home/airflow/.local/lib/python3.8/site-packages/airflow/example_dags/example_dynamic_task_mapping.py for tasks to queue
[2023-09-13T19:33:05.441+0000] {logging_mixin.py:151} INFO - [2023-09-13T19:33:05.441+0000] {dagbag.py:539} INFO - Filling up the DagBag from /home/airflow/.local/lib/python3.8/site-packages/airflow/example_dags/example_dynamic_task_mapping.py
[2023-09-13T19:33:05.448+0000] {processor.py:839} INFO - DAG(s) dict_keys(['example_dynamic_task_mapping']) retrieved from /home/airflow/.local/lib/python3.8/site-packages/airflow/example_dags/example_dynamic_task_mapping.py
[2023-09-13T19:33:05.473+0000] {logging_mixin.py:151} INFO - [2023-09-13T19:33:05.473+0000] {dag.py:2915} INFO - Sync 1 DAGs
[2023-09-13T19:33:05.491+0000] {logging_mixin.py:151} INFO - [2023-09-13T19:33:05.491+0000] {dag.py:3696} INFO - Setting next_dagrun for example_dynamic_task_mapping to 2022-03-04T00:00:00+00:00, run_after=2022-03-05T00:00:00+00:00
[2023-09-13T19:33:05.504+0000] {processor.py:179} INFO - Processing /home/airflow/.local/lib/python3.8/site-packages/airflow/example_dags/example_dynamic_task_mapping.py took 0.071 seconds
[2023-09-13T19:33:36.455+0000] {processor.py:157} INFO - Started process (PID=283) to work on /home/airflow/.local/lib/python3.8/site-packages/airflow/example_dags/example_dynamic_task_mapping.py
[2023-09-13T19:33:36.460+0000] {processor.py:829} INFO - Processing file /home/airflow/.local/lib/python3.8/site-packages/airflow/example_dags/example_dynamic_task_mapping.py for tasks to queue
[2023-09-13T19:33:36.472+0000] {logging_mixin.py:151} INFO - [2023-09-13T19:33:36.472+0000] {dagbag.py:539} INFO - Filling up the DagBag from /home/airflow/.local/lib/python3.8/site-packages/airflow/example_dags/example_dynamic_task_mapping.py
[2023-09-13T19:33:36.486+0000] {processor.py:839} INFO - DAG(s) dict_keys(['example_dynamic_task_mapping']) retrieved from /home/airflow/.local/lib/python3.8/site-packages/airflow/example_dags/example_dynamic_task_mapping.py
[2023-09-13T19:33:36.512+0000] {logging_mixin.py:151} INFO - [2023-09-13T19:33:36.512+0000] {dag.py:2915} INFO - Sync 1 DAGs
[2023-09-13T19:33:36.530+0000] {logging_mixin.py:151} INFO - [2023-09-13T19:33:36.529+0000] {dag.py:3696} INFO - Setting next_dagrun for example_dynamic_task_mapping to 2022-03-04T00:00:00+00:00, run_after=2022-03-05T00:00:00+00:00
[2023-09-13T19:33:36.542+0000] {processor.py:179} INFO - Processing /home/airflow/.local/lib/python3.8/site-packages/airflow/example_dags/example_dynamic_task_mapping.py took 0.090 seconds
[2023-09-13T19:34:07.222+0000] {processor.py:157} INFO - Started process (PID=338) to work on /home/airflow/.local/lib/python3.8/site-packages/airflow/example_dags/example_dynamic_task_mapping.py
[2023-09-13T19:34:07.224+0000] {processor.py:829} INFO - Processing file /home/airflow/.local/lib/python3.8/site-packages/airflow/example_dags/example_dynamic_task_mapping.py for tasks to queue
[2023-09-13T19:34:07.226+0000] {logging_mixin.py:151} INFO - [2023-09-13T19:34:07.226+0000] {dagbag.py:539} INFO - Filling up the DagBag from /home/airflow/.local/lib/python3.8/site-packages/airflow/example_dags/example_dynamic_task_mapping.py
[2023-09-13T19:34:07.232+0000] {processor.py:839} INFO - DAG(s) dict_keys(['example_dynamic_task_mapping']) retrieved from /home/airflow/.local/lib/python3.8/site-packages/airflow/example_dags/example_dynamic_task_mapping.py
[2023-09-13T19:34:07.253+0000] {logging_mixin.py:151} INFO - [2023-09-13T19:34:07.253+0000] {dag.py:2915} INFO - Sync 1 DAGs
[2023-09-13T19:34:07.269+0000] {logging_mixin.py:151} INFO - [2023-09-13T19:34:07.269+0000] {dag.py:3696} INFO - Setting next_dagrun for example_dynamic_task_mapping to 2022-03-04T00:00:00+00:00, run_after=2022-03-05T00:00:00+00:00
[2023-09-13T19:34:07.282+0000] {processor.py:179} INFO - Processing /home/airflow/.local/lib/python3.8/site-packages/airflow/example_dags/example_dynamic_task_mapping.py took 0.063 seconds
