[2023-09-13T19:15:47.307+0000] {processor.py:157} INFO - Started process (PID=33) to work on /home/airflow/.local/lib/python3.8/site-packages/airflow/example_dags/example_trigger_target_dag.py
[2023-09-13T19:15:47.309+0000] {processor.py:829} INFO - Processing file /home/airflow/.local/lib/python3.8/site-packages/airflow/example_dags/example_trigger_target_dag.py for tasks to queue
[2023-09-13T19:15:47.313+0000] {logging_mixin.py:151} INFO - [2023-09-13T19:15:47.312+0000] {dagbag.py:539} INFO - Filling up the DagBag from /home/airflow/.local/lib/python3.8/site-packages/airflow/example_dags/example_trigger_target_dag.py
[2023-09-13T19:15:47.323+0000] {processor.py:839} INFO - DAG(s) dict_keys(['example_trigger_target_dag']) retrieved from /home/airflow/.local/lib/python3.8/site-packages/airflow/example_dags/example_trigger_target_dag.py
[2023-09-13T19:15:47.435+0000] {logging_mixin.py:151} INFO - [2023-09-13T19:15:47.435+0000] {manager.py:499} INFO - Created Permission View: %s
[2023-09-13T19:15:47.449+0000] {logging_mixin.py:151} INFO - [2023-09-13T19:15:47.449+0000] {manager.py:499} INFO - Created Permission View: %s
[2023-09-13T19:15:47.459+0000] {logging_mixin.py:151} INFO - [2023-09-13T19:15:47.459+0000] {manager.py:499} INFO - Created Permission View: %s
[2023-09-13T19:15:47.460+0000] {logging_mixin.py:151} INFO - [2023-09-13T19:15:47.460+0000] {security.py:708} INFO - Not syncing DAG-level permissions for DAG 'DAG:example_trigger_target_dag' as access control is unset.
[2023-09-13T19:15:47.462+0000] {logging_mixin.py:151} INFO - [2023-09-13T19:15:47.462+0000] {dag.py:2915} INFO - Sync 1 DAGs
[2023-09-13T19:15:47.475+0000] {logging_mixin.py:151} INFO - [2023-09-13T19:15:47.475+0000] {dag.py:2937} INFO - Creating ORM DAG for example_trigger_target_dag
[2023-09-13T19:15:47.476+0000] {logging_mixin.py:151} INFO - [2023-09-13T19:15:47.476+0000] {dag.py:3696} INFO - Setting next_dagrun for example_trigger_target_dag to None, run_after=None
[2023-09-13T19:15:47.495+0000] {processor.py:179} INFO - Processing /home/airflow/.local/lib/python3.8/site-packages/airflow/example_dags/example_trigger_target_dag.py took 0.192 seconds
[2023-09-13T19:16:18.163+0000] {processor.py:157} INFO - Started process (PID=87) to work on /home/airflow/.local/lib/python3.8/site-packages/airflow/example_dags/example_trigger_target_dag.py
[2023-09-13T19:16:18.165+0000] {processor.py:829} INFO - Processing file /home/airflow/.local/lib/python3.8/site-packages/airflow/example_dags/example_trigger_target_dag.py for tasks to queue
[2023-09-13T19:16:18.167+0000] {logging_mixin.py:151} INFO - [2023-09-13T19:16:18.167+0000] {dagbag.py:539} INFO - Filling up the DagBag from /home/airflow/.local/lib/python3.8/site-packages/airflow/example_dags/example_trigger_target_dag.py
[2023-09-13T19:16:18.173+0000] {processor.py:839} INFO - DAG(s) dict_keys(['example_trigger_target_dag']) retrieved from /home/airflow/.local/lib/python3.8/site-packages/airflow/example_dags/example_trigger_target_dag.py
[2023-09-13T19:16:18.195+0000] {logging_mixin.py:151} INFO - [2023-09-13T19:16:18.194+0000] {dag.py:2915} INFO - Sync 1 DAGs
[2023-09-13T19:16:18.205+0000] {logging_mixin.py:151} INFO - [2023-09-13T19:16:18.205+0000] {dag.py:3696} INFO - Setting next_dagrun for example_trigger_target_dag to None, run_after=None
[2023-09-13T19:16:18.218+0000] {processor.py:179} INFO - Processing /home/airflow/.local/lib/python3.8/site-packages/airflow/example_dags/example_trigger_target_dag.py took 0.062 seconds
[2023-09-13T19:16:48.416+0000] {processor.py:157} INFO - Started process (PID=140) to work on /home/airflow/.local/lib/python3.8/site-packages/airflow/example_dags/example_trigger_target_dag.py
[2023-09-13T19:16:48.417+0000] {processor.py:829} INFO - Processing file /home/airflow/.local/lib/python3.8/site-packages/airflow/example_dags/example_trigger_target_dag.py for tasks to queue
[2023-09-13T19:16:48.420+0000] {logging_mixin.py:151} INFO - [2023-09-13T19:16:48.419+0000] {dagbag.py:539} INFO - Filling up the DagBag from /home/airflow/.local/lib/python3.8/site-packages/airflow/example_dags/example_trigger_target_dag.py
[2023-09-13T19:16:48.426+0000] {processor.py:839} INFO - DAG(s) dict_keys(['example_trigger_target_dag']) retrieved from /home/airflow/.local/lib/python3.8/site-packages/airflow/example_dags/example_trigger_target_dag.py
[2023-09-13T19:16:48.446+0000] {logging_mixin.py:151} INFO - [2023-09-13T19:16:48.446+0000] {dag.py:2915} INFO - Sync 1 DAGs
[2023-09-13T19:16:48.456+0000] {logging_mixin.py:151} INFO - [2023-09-13T19:16:48.456+0000] {dag.py:3696} INFO - Setting next_dagrun for example_trigger_target_dag to None, run_after=None
[2023-09-13T19:16:48.469+0000] {processor.py:179} INFO - Processing /home/airflow/.local/lib/python3.8/site-packages/airflow/example_dags/example_trigger_target_dag.py took 0.056 seconds
[2023-09-13T19:17:18.810+0000] {processor.py:157} INFO - Started process (PID=194) to work on /home/airflow/.local/lib/python3.8/site-packages/airflow/example_dags/example_trigger_target_dag.py
[2023-09-13T19:17:18.811+0000] {processor.py:829} INFO - Processing file /home/airflow/.local/lib/python3.8/site-packages/airflow/example_dags/example_trigger_target_dag.py for tasks to queue
[2023-09-13T19:17:18.814+0000] {logging_mixin.py:151} INFO - [2023-09-13T19:17:18.814+0000] {dagbag.py:539} INFO - Filling up the DagBag from /home/airflow/.local/lib/python3.8/site-packages/airflow/example_dags/example_trigger_target_dag.py
[2023-09-13T19:17:18.820+0000] {processor.py:839} INFO - DAG(s) dict_keys(['example_trigger_target_dag']) retrieved from /home/airflow/.local/lib/python3.8/site-packages/airflow/example_dags/example_trigger_target_dag.py
[2023-09-13T19:17:18.840+0000] {logging_mixin.py:151} INFO - [2023-09-13T19:17:18.840+0000] {dag.py:2915} INFO - Sync 1 DAGs
[2023-09-13T19:17:18.851+0000] {logging_mixin.py:151} INFO - [2023-09-13T19:17:18.851+0000] {dag.py:3696} INFO - Setting next_dagrun for example_trigger_target_dag to None, run_after=None
[2023-09-13T19:17:18.863+0000] {processor.py:179} INFO - Processing /home/airflow/.local/lib/python3.8/site-packages/airflow/example_dags/example_trigger_target_dag.py took 0.056 seconds
[2023-09-13T19:17:49.102+0000] {processor.py:157} INFO - Started process (PID=248) to work on /home/airflow/.local/lib/python3.8/site-packages/airflow/example_dags/example_trigger_target_dag.py
[2023-09-13T19:17:49.104+0000] {processor.py:829} INFO - Processing file /home/airflow/.local/lib/python3.8/site-packages/airflow/example_dags/example_trigger_target_dag.py for tasks to queue
[2023-09-13T19:17:49.107+0000] {logging_mixin.py:151} INFO - [2023-09-13T19:17:49.106+0000] {dagbag.py:539} INFO - Filling up the DagBag from /home/airflow/.local/lib/python3.8/site-packages/airflow/example_dags/example_trigger_target_dag.py
[2023-09-13T19:17:49.112+0000] {processor.py:839} INFO - DAG(s) dict_keys(['example_trigger_target_dag']) retrieved from /home/airflow/.local/lib/python3.8/site-packages/airflow/example_dags/example_trigger_target_dag.py
[2023-09-13T19:17:49.132+0000] {logging_mixin.py:151} INFO - [2023-09-13T19:17:49.132+0000] {dag.py:2915} INFO - Sync 1 DAGs
[2023-09-13T19:17:49.142+0000] {logging_mixin.py:151} INFO - [2023-09-13T19:17:49.142+0000] {dag.py:3696} INFO - Setting next_dagrun for example_trigger_target_dag to None, run_after=None
[2023-09-13T19:17:49.154+0000] {processor.py:179} INFO - Processing /home/airflow/.local/lib/python3.8/site-packages/airflow/example_dags/example_trigger_target_dag.py took 0.055 seconds
[2023-09-13T19:18:19.320+0000] {processor.py:157} INFO - Started process (PID=302) to work on /home/airflow/.local/lib/python3.8/site-packages/airflow/example_dags/example_trigger_target_dag.py
[2023-09-13T19:18:19.321+0000] {processor.py:829} INFO - Processing file /home/airflow/.local/lib/python3.8/site-packages/airflow/example_dags/example_trigger_target_dag.py for tasks to queue
[2023-09-13T19:18:19.324+0000] {logging_mixin.py:151} INFO - [2023-09-13T19:18:19.323+0000] {dagbag.py:539} INFO - Filling up the DagBag from /home/airflow/.local/lib/python3.8/site-packages/airflow/example_dags/example_trigger_target_dag.py
[2023-09-13T19:18:19.330+0000] {processor.py:839} INFO - DAG(s) dict_keys(['example_trigger_target_dag']) retrieved from /home/airflow/.local/lib/python3.8/site-packages/airflow/example_dags/example_trigger_target_dag.py
[2023-09-13T19:18:19.351+0000] {logging_mixin.py:151} INFO - [2023-09-13T19:18:19.351+0000] {dag.py:2915} INFO - Sync 1 DAGs
[2023-09-13T19:18:19.361+0000] {logging_mixin.py:151} INFO - [2023-09-13T19:18:19.361+0000] {dag.py:3696} INFO - Setting next_dagrun for example_trigger_target_dag to None, run_after=None
[2023-09-13T19:18:19.375+0000] {processor.py:179} INFO - Processing /home/airflow/.local/lib/python3.8/site-packages/airflow/example_dags/example_trigger_target_dag.py took 0.059 seconds
[2023-09-13T19:18:49.612+0000] {processor.py:157} INFO - Started process (PID=356) to work on /home/airflow/.local/lib/python3.8/site-packages/airflow/example_dags/example_trigger_target_dag.py
[2023-09-13T19:18:49.614+0000] {processor.py:829} INFO - Processing file /home/airflow/.local/lib/python3.8/site-packages/airflow/example_dags/example_trigger_target_dag.py for tasks to queue
[2023-09-13T19:18:49.616+0000] {logging_mixin.py:151} INFO - [2023-09-13T19:18:49.616+0000] {dagbag.py:539} INFO - Filling up the DagBag from /home/airflow/.local/lib/python3.8/site-packages/airflow/example_dags/example_trigger_target_dag.py
[2023-09-13T19:18:49.622+0000] {processor.py:839} INFO - DAG(s) dict_keys(['example_trigger_target_dag']) retrieved from /home/airflow/.local/lib/python3.8/site-packages/airflow/example_dags/example_trigger_target_dag.py
[2023-09-13T19:18:49.643+0000] {logging_mixin.py:151} INFO - [2023-09-13T19:18:49.643+0000] {dag.py:2915} INFO - Sync 1 DAGs
[2023-09-13T19:18:49.654+0000] {logging_mixin.py:151} INFO - [2023-09-13T19:18:49.654+0000] {dag.py:3696} INFO - Setting next_dagrun for example_trigger_target_dag to None, run_after=None
[2023-09-13T19:18:49.667+0000] {processor.py:179} INFO - Processing /home/airflow/.local/lib/python3.8/site-packages/airflow/example_dags/example_trigger_target_dag.py took 0.059 seconds
[2023-09-13T19:19:19.842+0000] {processor.py:157} INFO - Started process (PID=411) to work on /home/airflow/.local/lib/python3.8/site-packages/airflow/example_dags/example_trigger_target_dag.py
[2023-09-13T19:19:19.843+0000] {processor.py:829} INFO - Processing file /home/airflow/.local/lib/python3.8/site-packages/airflow/example_dags/example_trigger_target_dag.py for tasks to queue
[2023-09-13T19:19:19.847+0000] {logging_mixin.py:151} INFO - [2023-09-13T19:19:19.847+0000] {dagbag.py:539} INFO - Filling up the DagBag from /home/airflow/.local/lib/python3.8/site-packages/airflow/example_dags/example_trigger_target_dag.py
[2023-09-13T19:19:19.853+0000] {processor.py:839} INFO - DAG(s) dict_keys(['example_trigger_target_dag']) retrieved from /home/airflow/.local/lib/python3.8/site-packages/airflow/example_dags/example_trigger_target_dag.py
[2023-09-13T19:19:19.875+0000] {logging_mixin.py:151} INFO - [2023-09-13T19:19:19.875+0000] {dag.py:2915} INFO - Sync 1 DAGs
[2023-09-13T19:19:19.886+0000] {logging_mixin.py:151} INFO - [2023-09-13T19:19:19.886+0000] {dag.py:3696} INFO - Setting next_dagrun for example_trigger_target_dag to None, run_after=None
[2023-09-13T19:19:19.900+0000] {processor.py:179} INFO - Processing /home/airflow/.local/lib/python3.8/site-packages/airflow/example_dags/example_trigger_target_dag.py took 0.061 seconds
[2023-09-13T19:19:50.209+0000] {processor.py:157} INFO - Started process (PID=465) to work on /home/airflow/.local/lib/python3.8/site-packages/airflow/example_dags/example_trigger_target_dag.py
[2023-09-13T19:19:50.210+0000] {processor.py:829} INFO - Processing file /home/airflow/.local/lib/python3.8/site-packages/airflow/example_dags/example_trigger_target_dag.py for tasks to queue
[2023-09-13T19:19:50.213+0000] {logging_mixin.py:151} INFO - [2023-09-13T19:19:50.212+0000] {dagbag.py:539} INFO - Filling up the DagBag from /home/airflow/.local/lib/python3.8/site-packages/airflow/example_dags/example_trigger_target_dag.py
[2023-09-13T19:19:50.219+0000] {processor.py:839} INFO - DAG(s) dict_keys(['example_trigger_target_dag']) retrieved from /home/airflow/.local/lib/python3.8/site-packages/airflow/example_dags/example_trigger_target_dag.py
[2023-09-13T19:19:50.239+0000] {logging_mixin.py:151} INFO - [2023-09-13T19:19:50.239+0000] {dag.py:2915} INFO - Sync 1 DAGs
[2023-09-13T19:19:50.250+0000] {logging_mixin.py:151} INFO - [2023-09-13T19:19:50.250+0000] {dag.py:3696} INFO - Setting next_dagrun for example_trigger_target_dag to None, run_after=None
[2023-09-13T19:19:50.262+0000] {processor.py:179} INFO - Processing /home/airflow/.local/lib/python3.8/site-packages/airflow/example_dags/example_trigger_target_dag.py took 0.057 seconds
[2023-09-13T19:20:20.495+0000] {processor.py:157} INFO - Started process (PID=518) to work on /home/airflow/.local/lib/python3.8/site-packages/airflow/example_dags/example_trigger_target_dag.py
[2023-09-13T19:20:20.496+0000] {processor.py:829} INFO - Processing file /home/airflow/.local/lib/python3.8/site-packages/airflow/example_dags/example_trigger_target_dag.py for tasks to queue
[2023-09-13T19:20:20.498+0000] {logging_mixin.py:151} INFO - [2023-09-13T19:20:20.498+0000] {dagbag.py:539} INFO - Filling up the DagBag from /home/airflow/.local/lib/python3.8/site-packages/airflow/example_dags/example_trigger_target_dag.py
[2023-09-13T19:20:20.504+0000] {processor.py:839} INFO - DAG(s) dict_keys(['example_trigger_target_dag']) retrieved from /home/airflow/.local/lib/python3.8/site-packages/airflow/example_dags/example_trigger_target_dag.py
[2023-09-13T19:20:20.525+0000] {logging_mixin.py:151} INFO - [2023-09-13T19:20:20.525+0000] {dag.py:2915} INFO - Sync 1 DAGs
[2023-09-13T19:20:20.535+0000] {logging_mixin.py:151} INFO - [2023-09-13T19:20:20.535+0000] {dag.py:3696} INFO - Setting next_dagrun for example_trigger_target_dag to None, run_after=None
[2023-09-13T19:20:20.548+0000] {processor.py:179} INFO - Processing /home/airflow/.local/lib/python3.8/site-packages/airflow/example_dags/example_trigger_target_dag.py took 0.057 seconds
[2023-09-13T19:20:51.007+0000] {processor.py:157} INFO - Started process (PID=572) to work on /home/airflow/.local/lib/python3.8/site-packages/airflow/example_dags/example_trigger_target_dag.py
[2023-09-13T19:20:51.009+0000] {processor.py:829} INFO - Processing file /home/airflow/.local/lib/python3.8/site-packages/airflow/example_dags/example_trigger_target_dag.py for tasks to queue
[2023-09-13T19:20:51.011+0000] {logging_mixin.py:151} INFO - [2023-09-13T19:20:51.011+0000] {dagbag.py:539} INFO - Filling up the DagBag from /home/airflow/.local/lib/python3.8/site-packages/airflow/example_dags/example_trigger_target_dag.py
[2023-09-13T19:20:51.018+0000] {processor.py:839} INFO - DAG(s) dict_keys(['example_trigger_target_dag']) retrieved from /home/airflow/.local/lib/python3.8/site-packages/airflow/example_dags/example_trigger_target_dag.py
[2023-09-13T19:20:51.038+0000] {logging_mixin.py:151} INFO - [2023-09-13T19:20:51.038+0000] {dag.py:2915} INFO - Sync 1 DAGs
[2023-09-13T19:20:51.048+0000] {logging_mixin.py:151} INFO - [2023-09-13T19:20:51.048+0000] {dag.py:3696} INFO - Setting next_dagrun for example_trigger_target_dag to None, run_after=None
[2023-09-13T19:20:51.060+0000] {processor.py:179} INFO - Processing /home/airflow/.local/lib/python3.8/site-packages/airflow/example_dags/example_trigger_target_dag.py took 0.057 seconds
[2023-09-13T19:21:21.369+0000] {processor.py:157} INFO - Started process (PID=626) to work on /home/airflow/.local/lib/python3.8/site-packages/airflow/example_dags/example_trigger_target_dag.py
[2023-09-13T19:21:21.372+0000] {processor.py:829} INFO - Processing file /home/airflow/.local/lib/python3.8/site-packages/airflow/example_dags/example_trigger_target_dag.py for tasks to queue
[2023-09-13T19:21:21.374+0000] {logging_mixin.py:151} INFO - [2023-09-13T19:21:21.374+0000] {dagbag.py:539} INFO - Filling up the DagBag from /home/airflow/.local/lib/python3.8/site-packages/airflow/example_dags/example_trigger_target_dag.py
[2023-09-13T19:21:21.380+0000] {processor.py:839} INFO - DAG(s) dict_keys(['example_trigger_target_dag']) retrieved from /home/airflow/.local/lib/python3.8/site-packages/airflow/example_dags/example_trigger_target_dag.py
[2023-09-13T19:21:21.401+0000] {logging_mixin.py:151} INFO - [2023-09-13T19:21:21.401+0000] {dag.py:2915} INFO - Sync 1 DAGs
[2023-09-13T19:21:21.413+0000] {logging_mixin.py:151} INFO - [2023-09-13T19:21:21.413+0000] {dag.py:3696} INFO - Setting next_dagrun for example_trigger_target_dag to None, run_after=None
[2023-09-13T19:21:21.434+0000] {processor.py:179} INFO - Processing /home/airflow/.local/lib/python3.8/site-packages/airflow/example_dags/example_trigger_target_dag.py took 0.068 seconds
[2023-09-13T19:21:52.027+0000] {processor.py:157} INFO - Started process (PID=680) to work on /home/airflow/.local/lib/python3.8/site-packages/airflow/example_dags/example_trigger_target_dag.py
[2023-09-13T19:21:52.028+0000] {processor.py:829} INFO - Processing file /home/airflow/.local/lib/python3.8/site-packages/airflow/example_dags/example_trigger_target_dag.py for tasks to queue
[2023-09-13T19:21:52.030+0000] {logging_mixin.py:151} INFO - [2023-09-13T19:21:52.030+0000] {dagbag.py:539} INFO - Filling up the DagBag from /home/airflow/.local/lib/python3.8/site-packages/airflow/example_dags/example_trigger_target_dag.py
[2023-09-13T19:21:52.036+0000] {processor.py:839} INFO - DAG(s) dict_keys(['example_trigger_target_dag']) retrieved from /home/airflow/.local/lib/python3.8/site-packages/airflow/example_dags/example_trigger_target_dag.py
[2023-09-13T19:21:52.056+0000] {logging_mixin.py:151} INFO - [2023-09-13T19:21:52.056+0000] {dag.py:2915} INFO - Sync 1 DAGs
[2023-09-13T19:21:52.066+0000] {logging_mixin.py:151} INFO - [2023-09-13T19:21:52.066+0000] {dag.py:3696} INFO - Setting next_dagrun for example_trigger_target_dag to None, run_after=None
[2023-09-13T19:21:52.078+0000] {processor.py:179} INFO - Processing /home/airflow/.local/lib/python3.8/site-packages/airflow/example_dags/example_trigger_target_dag.py took 0.055 seconds
[2023-09-13T19:22:22.736+0000] {processor.py:157} INFO - Started process (PID=734) to work on /home/airflow/.local/lib/python3.8/site-packages/airflow/example_dags/example_trigger_target_dag.py
[2023-09-13T19:22:22.738+0000] {processor.py:829} INFO - Processing file /home/airflow/.local/lib/python3.8/site-packages/airflow/example_dags/example_trigger_target_dag.py for tasks to queue
[2023-09-13T19:22:22.741+0000] {logging_mixin.py:151} INFO - [2023-09-13T19:22:22.741+0000] {dagbag.py:539} INFO - Filling up the DagBag from /home/airflow/.local/lib/python3.8/site-packages/airflow/example_dags/example_trigger_target_dag.py
[2023-09-13T19:22:22.748+0000] {processor.py:839} INFO - DAG(s) dict_keys(['example_trigger_target_dag']) retrieved from /home/airflow/.local/lib/python3.8/site-packages/airflow/example_dags/example_trigger_target_dag.py
[2023-09-13T19:22:22.769+0000] {logging_mixin.py:151} INFO - [2023-09-13T19:22:22.769+0000] {dag.py:2915} INFO - Sync 1 DAGs
[2023-09-13T19:22:22.780+0000] {logging_mixin.py:151} INFO - [2023-09-13T19:22:22.780+0000] {dag.py:3696} INFO - Setting next_dagrun for example_trigger_target_dag to None, run_after=None
[2023-09-13T19:22:22.793+0000] {processor.py:179} INFO - Processing /home/airflow/.local/lib/python3.8/site-packages/airflow/example_dags/example_trigger_target_dag.py took 0.059 seconds
[2023-09-13T19:22:52.874+0000] {processor.py:157} INFO - Started process (PID=788) to work on /home/airflow/.local/lib/python3.8/site-packages/airflow/example_dags/example_trigger_target_dag.py
[2023-09-13T19:22:52.876+0000] {processor.py:829} INFO - Processing file /home/airflow/.local/lib/python3.8/site-packages/airflow/example_dags/example_trigger_target_dag.py for tasks to queue
[2023-09-13T19:22:52.879+0000] {logging_mixin.py:151} INFO - [2023-09-13T19:22:52.879+0000] {dagbag.py:539} INFO - Filling up the DagBag from /home/airflow/.local/lib/python3.8/site-packages/airflow/example_dags/example_trigger_target_dag.py
[2023-09-13T19:22:52.890+0000] {processor.py:839} INFO - DAG(s) dict_keys(['example_trigger_target_dag']) retrieved from /home/airflow/.local/lib/python3.8/site-packages/airflow/example_dags/example_trigger_target_dag.py
[2023-09-13T19:22:52.917+0000] {logging_mixin.py:151} INFO - [2023-09-13T19:22:52.917+0000] {dag.py:2915} INFO - Sync 1 DAGs
[2023-09-13T19:22:52.929+0000] {logging_mixin.py:151} INFO - [2023-09-13T19:22:52.929+0000] {dag.py:3696} INFO - Setting next_dagrun for example_trigger_target_dag to None, run_after=None
[2023-09-13T19:22:52.957+0000] {processor.py:179} INFO - Processing /home/airflow/.local/lib/python3.8/site-packages/airflow/example_dags/example_trigger_target_dag.py took 0.086 seconds
[2023-09-13T19:23:23.251+0000] {processor.py:157} INFO - Started process (PID=842) to work on /home/airflow/.local/lib/python3.8/site-packages/airflow/example_dags/example_trigger_target_dag.py
[2023-09-13T19:23:23.253+0000] {processor.py:829} INFO - Processing file /home/airflow/.local/lib/python3.8/site-packages/airflow/example_dags/example_trigger_target_dag.py for tasks to queue
[2023-09-13T19:23:23.255+0000] {logging_mixin.py:151} INFO - [2023-09-13T19:23:23.255+0000] {dagbag.py:539} INFO - Filling up the DagBag from /home/airflow/.local/lib/python3.8/site-packages/airflow/example_dags/example_trigger_target_dag.py
[2023-09-13T19:23:23.261+0000] {processor.py:839} INFO - DAG(s) dict_keys(['example_trigger_target_dag']) retrieved from /home/airflow/.local/lib/python3.8/site-packages/airflow/example_dags/example_trigger_target_dag.py
[2023-09-13T19:23:23.282+0000] {logging_mixin.py:151} INFO - [2023-09-13T19:23:23.282+0000] {dag.py:2915} INFO - Sync 1 DAGs
[2023-09-13T19:23:23.292+0000] {logging_mixin.py:151} INFO - [2023-09-13T19:23:23.292+0000] {dag.py:3696} INFO - Setting next_dagrun for example_trigger_target_dag to None, run_after=None
[2023-09-13T19:23:23.304+0000] {processor.py:179} INFO - Processing /home/airflow/.local/lib/python3.8/site-packages/airflow/example_dags/example_trigger_target_dag.py took 0.056 seconds
[2023-09-13T19:23:53.525+0000] {processor.py:157} INFO - Started process (PID=896) to work on /home/airflow/.local/lib/python3.8/site-packages/airflow/example_dags/example_trigger_target_dag.py
[2023-09-13T19:23:53.526+0000] {processor.py:829} INFO - Processing file /home/airflow/.local/lib/python3.8/site-packages/airflow/example_dags/example_trigger_target_dag.py for tasks to queue
[2023-09-13T19:23:53.528+0000] {logging_mixin.py:151} INFO - [2023-09-13T19:23:53.528+0000] {dagbag.py:539} INFO - Filling up the DagBag from /home/airflow/.local/lib/python3.8/site-packages/airflow/example_dags/example_trigger_target_dag.py
[2023-09-13T19:23:53.534+0000] {processor.py:839} INFO - DAG(s) dict_keys(['example_trigger_target_dag']) retrieved from /home/airflow/.local/lib/python3.8/site-packages/airflow/example_dags/example_trigger_target_dag.py
[2023-09-13T19:23:53.554+0000] {logging_mixin.py:151} INFO - [2023-09-13T19:23:53.554+0000] {dag.py:2915} INFO - Sync 1 DAGs
[2023-09-13T19:23:53.564+0000] {logging_mixin.py:151} INFO - [2023-09-13T19:23:53.564+0000] {dag.py:3696} INFO - Setting next_dagrun for example_trigger_target_dag to None, run_after=None
[2023-09-13T19:23:53.576+0000] {processor.py:179} INFO - Processing /home/airflow/.local/lib/python3.8/site-packages/airflow/example_dags/example_trigger_target_dag.py took 0.055 seconds
[2023-09-13T19:24:23.660+0000] {processor.py:157} INFO - Started process (PID=950) to work on /home/airflow/.local/lib/python3.8/site-packages/airflow/example_dags/example_trigger_target_dag.py
[2023-09-13T19:24:23.662+0000] {processor.py:829} INFO - Processing file /home/airflow/.local/lib/python3.8/site-packages/airflow/example_dags/example_trigger_target_dag.py for tasks to queue
[2023-09-13T19:24:23.664+0000] {logging_mixin.py:151} INFO - [2023-09-13T19:24:23.663+0000] {dagbag.py:539} INFO - Filling up the DagBag from /home/airflow/.local/lib/python3.8/site-packages/airflow/example_dags/example_trigger_target_dag.py
[2023-09-13T19:24:23.670+0000] {processor.py:839} INFO - DAG(s) dict_keys(['example_trigger_target_dag']) retrieved from /home/airflow/.local/lib/python3.8/site-packages/airflow/example_dags/example_trigger_target_dag.py
[2023-09-13T19:24:23.691+0000] {logging_mixin.py:151} INFO - [2023-09-13T19:24:23.690+0000] {dag.py:2915} INFO - Sync 1 DAGs
[2023-09-13T19:24:23.701+0000] {logging_mixin.py:151} INFO - [2023-09-13T19:24:23.701+0000] {dag.py:3696} INFO - Setting next_dagrun for example_trigger_target_dag to None, run_after=None
[2023-09-13T19:24:23.713+0000] {processor.py:179} INFO - Processing /home/airflow/.local/lib/python3.8/site-packages/airflow/example_dags/example_trigger_target_dag.py took 0.056 seconds
[2023-09-13T19:24:54.055+0000] {processor.py:157} INFO - Started process (PID=1005) to work on /home/airflow/.local/lib/python3.8/site-packages/airflow/example_dags/example_trigger_target_dag.py
[2023-09-13T19:24:54.056+0000] {processor.py:829} INFO - Processing file /home/airflow/.local/lib/python3.8/site-packages/airflow/example_dags/example_trigger_target_dag.py for tasks to queue
[2023-09-13T19:24:54.059+0000] {logging_mixin.py:151} INFO - [2023-09-13T19:24:54.058+0000] {dagbag.py:539} INFO - Filling up the DagBag from /home/airflow/.local/lib/python3.8/site-packages/airflow/example_dags/example_trigger_target_dag.py
[2023-09-13T19:24:54.065+0000] {processor.py:839} INFO - DAG(s) dict_keys(['example_trigger_target_dag']) retrieved from /home/airflow/.local/lib/python3.8/site-packages/airflow/example_dags/example_trigger_target_dag.py
[2023-09-13T19:24:54.091+0000] {logging_mixin.py:151} INFO - [2023-09-13T19:24:54.091+0000] {dag.py:2915} INFO - Sync 1 DAGs
[2023-09-13T19:24:54.104+0000] {logging_mixin.py:151} INFO - [2023-09-13T19:24:54.104+0000] {dag.py:3696} INFO - Setting next_dagrun for example_trigger_target_dag to None, run_after=None
[2023-09-13T19:24:54.117+0000] {processor.py:179} INFO - Processing /home/airflow/.local/lib/python3.8/site-packages/airflow/example_dags/example_trigger_target_dag.py took 0.066 seconds
[2023-09-13T19:25:24.258+0000] {processor.py:157} INFO - Started process (PID=1058) to work on /home/airflow/.local/lib/python3.8/site-packages/airflow/example_dags/example_trigger_target_dag.py
[2023-09-13T19:25:24.260+0000] {processor.py:829} INFO - Processing file /home/airflow/.local/lib/python3.8/site-packages/airflow/example_dags/example_trigger_target_dag.py for tasks to queue
[2023-09-13T19:25:24.262+0000] {logging_mixin.py:151} INFO - [2023-09-13T19:25:24.262+0000] {dagbag.py:539} INFO - Filling up the DagBag from /home/airflow/.local/lib/python3.8/site-packages/airflow/example_dags/example_trigger_target_dag.py
[2023-09-13T19:25:24.268+0000] {processor.py:839} INFO - DAG(s) dict_keys(['example_trigger_target_dag']) retrieved from /home/airflow/.local/lib/python3.8/site-packages/airflow/example_dags/example_trigger_target_dag.py
[2023-09-13T19:25:24.289+0000] {logging_mixin.py:151} INFO - [2023-09-13T19:25:24.289+0000] {dag.py:2915} INFO - Sync 1 DAGs
[2023-09-13T19:25:24.300+0000] {logging_mixin.py:151} INFO - [2023-09-13T19:25:24.300+0000] {dag.py:3696} INFO - Setting next_dagrun for example_trigger_target_dag to None, run_after=None
[2023-09-13T19:25:24.312+0000] {processor.py:179} INFO - Processing /home/airflow/.local/lib/python3.8/site-packages/airflow/example_dags/example_trigger_target_dag.py took 0.057 seconds
[2023-09-13T19:25:55.287+0000] {processor.py:157} INFO - Started process (PID=1113) to work on /home/airflow/.local/lib/python3.8/site-packages/airflow/example_dags/example_trigger_target_dag.py
[2023-09-13T19:25:55.288+0000] {processor.py:829} INFO - Processing file /home/airflow/.local/lib/python3.8/site-packages/airflow/example_dags/example_trigger_target_dag.py for tasks to queue
[2023-09-13T19:25:55.291+0000] {logging_mixin.py:151} INFO - [2023-09-13T19:25:55.291+0000] {dagbag.py:539} INFO - Filling up the DagBag from /home/airflow/.local/lib/python3.8/site-packages/airflow/example_dags/example_trigger_target_dag.py
[2023-09-13T19:25:55.297+0000] {processor.py:839} INFO - DAG(s) dict_keys(['example_trigger_target_dag']) retrieved from /home/airflow/.local/lib/python3.8/site-packages/airflow/example_dags/example_trigger_target_dag.py
[2023-09-13T19:25:55.317+0000] {logging_mixin.py:151} INFO - [2023-09-13T19:25:55.317+0000] {dag.py:2915} INFO - Sync 1 DAGs
[2023-09-13T19:25:55.327+0000] {logging_mixin.py:151} INFO - [2023-09-13T19:25:55.327+0000] {dag.py:3696} INFO - Setting next_dagrun for example_trigger_target_dag to None, run_after=None
[2023-09-13T19:25:55.339+0000] {processor.py:179} INFO - Processing /home/airflow/.local/lib/python3.8/site-packages/airflow/example_dags/example_trigger_target_dag.py took 0.055 seconds
[2023-09-13T19:26:25.535+0000] {processor.py:157} INFO - Started process (PID=1169) to work on /home/airflow/.local/lib/python3.8/site-packages/airflow/example_dags/example_trigger_target_dag.py
[2023-09-13T19:26:25.537+0000] {processor.py:829} INFO - Processing file /home/airflow/.local/lib/python3.8/site-packages/airflow/example_dags/example_trigger_target_dag.py for tasks to queue
[2023-09-13T19:26:25.539+0000] {logging_mixin.py:151} INFO - [2023-09-13T19:26:25.539+0000] {dagbag.py:539} INFO - Filling up the DagBag from /home/airflow/.local/lib/python3.8/site-packages/airflow/example_dags/example_trigger_target_dag.py
[2023-09-13T19:26:25.545+0000] {processor.py:839} INFO - DAG(s) dict_keys(['example_trigger_target_dag']) retrieved from /home/airflow/.local/lib/python3.8/site-packages/airflow/example_dags/example_trigger_target_dag.py
[2023-09-13T19:26:25.565+0000] {logging_mixin.py:151} INFO - [2023-09-13T19:26:25.565+0000] {dag.py:2915} INFO - Sync 1 DAGs
[2023-09-13T19:26:25.575+0000] {logging_mixin.py:151} INFO - [2023-09-13T19:26:25.575+0000] {dag.py:3696} INFO - Setting next_dagrun for example_trigger_target_dag to None, run_after=None
[2023-09-13T19:26:25.587+0000] {processor.py:179} INFO - Processing /home/airflow/.local/lib/python3.8/site-packages/airflow/example_dags/example_trigger_target_dag.py took 0.056 seconds
[2023-09-13T19:26:56.129+0000] {processor.py:157} INFO - Started process (PID=1225) to work on /home/airflow/.local/lib/python3.8/site-packages/airflow/example_dags/example_trigger_target_dag.py
[2023-09-13T19:26:56.131+0000] {processor.py:829} INFO - Processing file /home/airflow/.local/lib/python3.8/site-packages/airflow/example_dags/example_trigger_target_dag.py for tasks to queue
[2023-09-13T19:26:56.133+0000] {logging_mixin.py:151} INFO - [2023-09-13T19:26:56.133+0000] {dagbag.py:539} INFO - Filling up the DagBag from /home/airflow/.local/lib/python3.8/site-packages/airflow/example_dags/example_trigger_target_dag.py
[2023-09-13T19:26:56.139+0000] {processor.py:839} INFO - DAG(s) dict_keys(['example_trigger_target_dag']) retrieved from /home/airflow/.local/lib/python3.8/site-packages/airflow/example_dags/example_trigger_target_dag.py
[2023-09-13T19:26:56.159+0000] {logging_mixin.py:151} INFO - [2023-09-13T19:26:56.159+0000] {dag.py:2915} INFO - Sync 1 DAGs
[2023-09-13T19:26:56.169+0000] {logging_mixin.py:151} INFO - [2023-09-13T19:26:56.169+0000] {dag.py:3696} INFO - Setting next_dagrun for example_trigger_target_dag to None, run_after=None
[2023-09-13T19:26:56.181+0000] {processor.py:179} INFO - Processing /home/airflow/.local/lib/python3.8/site-packages/airflow/example_dags/example_trigger_target_dag.py took 0.056 seconds
[2023-09-13T19:28:12.778+0000] {processor.py:157} INFO - Started process (PID=33) to work on /home/airflow/.local/lib/python3.8/site-packages/airflow/example_dags/example_trigger_target_dag.py
[2023-09-13T19:28:12.780+0000] {processor.py:829} INFO - Processing file /home/airflow/.local/lib/python3.8/site-packages/airflow/example_dags/example_trigger_target_dag.py for tasks to queue
[2023-09-13T19:28:12.784+0000] {logging_mixin.py:151} INFO - [2023-09-13T19:28:12.784+0000] {dagbag.py:539} INFO - Filling up the DagBag from /home/airflow/.local/lib/python3.8/site-packages/airflow/example_dags/example_trigger_target_dag.py
[2023-09-13T19:28:12.797+0000] {processor.py:839} INFO - DAG(s) dict_keys(['example_trigger_target_dag']) retrieved from /home/airflow/.local/lib/python3.8/site-packages/airflow/example_dags/example_trigger_target_dag.py
[2023-09-13T19:28:12.832+0000] {logging_mixin.py:151} INFO - [2023-09-13T19:28:12.831+0000] {dag.py:2915} INFO - Sync 1 DAGs
[2023-09-13T19:28:12.865+0000] {logging_mixin.py:151} INFO - [2023-09-13T19:28:12.865+0000] {dag.py:3696} INFO - Setting next_dagrun for example_trigger_target_dag to None, run_after=None
[2023-09-13T19:28:12.900+0000] {processor.py:179} INFO - Processing /home/airflow/.local/lib/python3.8/site-packages/airflow/example_dags/example_trigger_target_dag.py took 0.130 seconds
[2023-09-13T19:28:43.725+0000] {processor.py:157} INFO - Started process (PID=89) to work on /home/airflow/.local/lib/python3.8/site-packages/airflow/example_dags/example_trigger_target_dag.py
[2023-09-13T19:28:43.726+0000] {processor.py:829} INFO - Processing file /home/airflow/.local/lib/python3.8/site-packages/airflow/example_dags/example_trigger_target_dag.py for tasks to queue
[2023-09-13T19:28:43.728+0000] {logging_mixin.py:151} INFO - [2023-09-13T19:28:43.728+0000] {dagbag.py:539} INFO - Filling up the DagBag from /home/airflow/.local/lib/python3.8/site-packages/airflow/example_dags/example_trigger_target_dag.py
[2023-09-13T19:28:43.734+0000] {processor.py:839} INFO - DAG(s) dict_keys(['example_trigger_target_dag']) retrieved from /home/airflow/.local/lib/python3.8/site-packages/airflow/example_dags/example_trigger_target_dag.py
[2023-09-13T19:28:43.754+0000] {logging_mixin.py:151} INFO - [2023-09-13T19:28:43.753+0000] {dag.py:2915} INFO - Sync 1 DAGs
[2023-09-13T19:28:43.764+0000] {logging_mixin.py:151} INFO - [2023-09-13T19:28:43.764+0000] {dag.py:3696} INFO - Setting next_dagrun for example_trigger_target_dag to None, run_after=None
[2023-09-13T19:28:43.777+0000] {processor.py:179} INFO - Processing /home/airflow/.local/lib/python3.8/site-packages/airflow/example_dags/example_trigger_target_dag.py took 0.056 seconds
[2023-09-13T19:29:14.051+0000] {processor.py:157} INFO - Started process (PID=144) to work on /home/airflow/.local/lib/python3.8/site-packages/airflow/example_dags/example_trigger_target_dag.py
[2023-09-13T19:29:14.053+0000] {processor.py:829} INFO - Processing file /home/airflow/.local/lib/python3.8/site-packages/airflow/example_dags/example_trigger_target_dag.py for tasks to queue
[2023-09-13T19:29:14.055+0000] {logging_mixin.py:151} INFO - [2023-09-13T19:29:14.055+0000] {dagbag.py:539} INFO - Filling up the DagBag from /home/airflow/.local/lib/python3.8/site-packages/airflow/example_dags/example_trigger_target_dag.py
[2023-09-13T19:29:14.062+0000] {processor.py:839} INFO - DAG(s) dict_keys(['example_trigger_target_dag']) retrieved from /home/airflow/.local/lib/python3.8/site-packages/airflow/example_dags/example_trigger_target_dag.py
[2023-09-13T19:29:14.083+0000] {logging_mixin.py:151} INFO - [2023-09-13T19:29:14.082+0000] {dag.py:2915} INFO - Sync 1 DAGs
[2023-09-13T19:29:14.093+0000] {logging_mixin.py:151} INFO - [2023-09-13T19:29:14.093+0000] {dag.py:3696} INFO - Setting next_dagrun for example_trigger_target_dag to None, run_after=None
[2023-09-13T19:29:14.106+0000] {processor.py:179} INFO - Processing /home/airflow/.local/lib/python3.8/site-packages/airflow/example_dags/example_trigger_target_dag.py took 0.059 seconds
[2023-09-13T19:29:44.502+0000] {processor.py:157} INFO - Started process (PID=198) to work on /home/airflow/.local/lib/python3.8/site-packages/airflow/example_dags/example_trigger_target_dag.py
[2023-09-13T19:29:44.504+0000] {processor.py:829} INFO - Processing file /home/airflow/.local/lib/python3.8/site-packages/airflow/example_dags/example_trigger_target_dag.py for tasks to queue
[2023-09-13T19:29:44.506+0000] {logging_mixin.py:151} INFO - [2023-09-13T19:29:44.506+0000] {dagbag.py:539} INFO - Filling up the DagBag from /home/airflow/.local/lib/python3.8/site-packages/airflow/example_dags/example_trigger_target_dag.py
[2023-09-13T19:29:44.512+0000] {processor.py:839} INFO - DAG(s) dict_keys(['example_trigger_target_dag']) retrieved from /home/airflow/.local/lib/python3.8/site-packages/airflow/example_dags/example_trigger_target_dag.py
[2023-09-13T19:29:44.533+0000] {logging_mixin.py:151} INFO - [2023-09-13T19:29:44.533+0000] {dag.py:2915} INFO - Sync 1 DAGs
[2023-09-13T19:29:44.544+0000] {logging_mixin.py:151} INFO - [2023-09-13T19:29:44.544+0000] {dag.py:3696} INFO - Setting next_dagrun for example_trigger_target_dag to None, run_after=None
[2023-09-13T19:29:44.557+0000] {processor.py:179} INFO - Processing /home/airflow/.local/lib/python3.8/site-packages/airflow/example_dags/example_trigger_target_dag.py took 0.058 seconds
[2023-09-13T19:30:14.735+0000] {processor.py:157} INFO - Started process (PID=252) to work on /home/airflow/.local/lib/python3.8/site-packages/airflow/example_dags/example_trigger_target_dag.py
[2023-09-13T19:30:14.736+0000] {processor.py:829} INFO - Processing file /home/airflow/.local/lib/python3.8/site-packages/airflow/example_dags/example_trigger_target_dag.py for tasks to queue
[2023-09-13T19:30:14.740+0000] {logging_mixin.py:151} INFO - [2023-09-13T19:30:14.739+0000] {dagbag.py:539} INFO - Filling up the DagBag from /home/airflow/.local/lib/python3.8/site-packages/airflow/example_dags/example_trigger_target_dag.py
[2023-09-13T19:30:14.746+0000] {processor.py:839} INFO - DAG(s) dict_keys(['example_trigger_target_dag']) retrieved from /home/airflow/.local/lib/python3.8/site-packages/airflow/example_dags/example_trigger_target_dag.py
[2023-09-13T19:30:14.770+0000] {logging_mixin.py:151} INFO - [2023-09-13T19:30:14.769+0000] {dag.py:2915} INFO - Sync 1 DAGs
[2023-09-13T19:30:14.781+0000] {logging_mixin.py:151} INFO - [2023-09-13T19:30:14.781+0000] {dag.py:3696} INFO - Setting next_dagrun for example_trigger_target_dag to None, run_after=None
[2023-09-13T19:30:14.796+0000] {processor.py:179} INFO - Processing /home/airflow/.local/lib/python3.8/site-packages/airflow/example_dags/example_trigger_target_dag.py took 0.065 seconds
[2023-09-13T19:31:27.570+0000] {processor.py:157} INFO - Started process (PID=34) to work on /home/airflow/.local/lib/python3.8/site-packages/airflow/example_dags/example_trigger_target_dag.py
[2023-09-13T19:31:27.573+0000] {processor.py:829} INFO - Processing file /home/airflow/.local/lib/python3.8/site-packages/airflow/example_dags/example_trigger_target_dag.py for tasks to queue
[2023-09-13T19:31:27.577+0000] {logging_mixin.py:151} INFO - [2023-09-13T19:31:27.576+0000] {dagbag.py:539} INFO - Filling up the DagBag from /home/airflow/.local/lib/python3.8/site-packages/airflow/example_dags/example_trigger_target_dag.py
[2023-09-13T19:31:27.590+0000] {processor.py:839} INFO - DAG(s) dict_keys(['example_trigger_target_dag']) retrieved from /home/airflow/.local/lib/python3.8/site-packages/airflow/example_dags/example_trigger_target_dag.py
[2023-09-13T19:31:27.611+0000] {logging_mixin.py:151} INFO - [2023-09-13T19:31:27.611+0000] {dag.py:2915} INFO - Sync 1 DAGs
[2023-09-13T19:31:27.635+0000] {logging_mixin.py:151} INFO - [2023-09-13T19:31:27.635+0000] {dag.py:3696} INFO - Setting next_dagrun for example_trigger_target_dag to None, run_after=None
[2023-09-13T19:31:27.659+0000] {processor.py:179} INFO - Processing /home/airflow/.local/lib/python3.8/site-packages/airflow/example_dags/example_trigger_target_dag.py took 0.095 seconds
[2023-09-13T19:31:57.814+0000] {processor.py:157} INFO - Started process (PID=89) to work on /home/airflow/.local/lib/python3.8/site-packages/airflow/example_dags/example_trigger_target_dag.py
[2023-09-13T19:31:57.815+0000] {processor.py:829} INFO - Processing file /home/airflow/.local/lib/python3.8/site-packages/airflow/example_dags/example_trigger_target_dag.py for tasks to queue
[2023-09-13T19:31:57.818+0000] {logging_mixin.py:151} INFO - [2023-09-13T19:31:57.818+0000] {dagbag.py:539} INFO - Filling up the DagBag from /home/airflow/.local/lib/python3.8/site-packages/airflow/example_dags/example_trigger_target_dag.py
[2023-09-13T19:31:57.824+0000] {processor.py:839} INFO - DAG(s) dict_keys(['example_trigger_target_dag']) retrieved from /home/airflow/.local/lib/python3.8/site-packages/airflow/example_dags/example_trigger_target_dag.py
[2023-09-13T19:31:57.847+0000] {logging_mixin.py:151} INFO - [2023-09-13T19:31:57.846+0000] {dag.py:2915} INFO - Sync 1 DAGs
[2023-09-13T19:31:57.859+0000] {logging_mixin.py:151} INFO - [2023-09-13T19:31:57.859+0000] {dag.py:3696} INFO - Setting next_dagrun for example_trigger_target_dag to None, run_after=None
[2023-09-13T19:31:57.876+0000] {processor.py:179} INFO - Processing /home/airflow/.local/lib/python3.8/site-packages/airflow/example_dags/example_trigger_target_dag.py took 0.065 seconds
[2023-09-13T19:32:28.611+0000] {processor.py:157} INFO - Started process (PID=144) to work on /home/airflow/.local/lib/python3.8/site-packages/airflow/example_dags/example_trigger_target_dag.py
[2023-09-13T19:32:28.613+0000] {processor.py:829} INFO - Processing file /home/airflow/.local/lib/python3.8/site-packages/airflow/example_dags/example_trigger_target_dag.py for tasks to queue
[2023-09-13T19:32:28.617+0000] {logging_mixin.py:151} INFO - [2023-09-13T19:32:28.616+0000] {dagbag.py:539} INFO - Filling up the DagBag from /home/airflow/.local/lib/python3.8/site-packages/airflow/example_dags/example_trigger_target_dag.py
[2023-09-13T19:32:28.623+0000] {processor.py:839} INFO - DAG(s) dict_keys(['example_trigger_target_dag']) retrieved from /home/airflow/.local/lib/python3.8/site-packages/airflow/example_dags/example_trigger_target_dag.py
[2023-09-13T19:32:28.646+0000] {logging_mixin.py:151} INFO - [2023-09-13T19:32:28.646+0000] {dag.py:2915} INFO - Sync 1 DAGs
[2023-09-13T19:32:28.656+0000] {logging_mixin.py:151} INFO - [2023-09-13T19:32:28.655+0000] {dag.py:3696} INFO - Setting next_dagrun for example_trigger_target_dag to None, run_after=None
[2023-09-13T19:32:28.669+0000] {processor.py:179} INFO - Processing /home/airflow/.local/lib/python3.8/site-packages/airflow/example_dags/example_trigger_target_dag.py took 0.061 seconds
[2023-09-13T19:32:58.727+0000] {processor.py:157} INFO - Started process (PID=199) to work on /home/airflow/.local/lib/python3.8/site-packages/airflow/example_dags/example_trigger_target_dag.py
[2023-09-13T19:32:58.728+0000] {processor.py:829} INFO - Processing file /home/airflow/.local/lib/python3.8/site-packages/airflow/example_dags/example_trigger_target_dag.py for tasks to queue
[2023-09-13T19:32:58.731+0000] {logging_mixin.py:151} INFO - [2023-09-13T19:32:58.731+0000] {dagbag.py:539} INFO - Filling up the DagBag from /home/airflow/.local/lib/python3.8/site-packages/airflow/example_dags/example_trigger_target_dag.py
[2023-09-13T19:32:58.737+0000] {processor.py:839} INFO - DAG(s) dict_keys(['example_trigger_target_dag']) retrieved from /home/airflow/.local/lib/python3.8/site-packages/airflow/example_dags/example_trigger_target_dag.py
[2023-09-13T19:32:58.757+0000] {logging_mixin.py:151} INFO - [2023-09-13T19:32:58.757+0000] {dag.py:2915} INFO - Sync 1 DAGs
[2023-09-13T19:32:58.767+0000] {logging_mixin.py:151} INFO - [2023-09-13T19:32:58.767+0000] {dag.py:3696} INFO - Setting next_dagrun for example_trigger_target_dag to None, run_after=None
[2023-09-13T19:32:58.780+0000] {processor.py:179} INFO - Processing /home/airflow/.local/lib/python3.8/site-packages/airflow/example_dags/example_trigger_target_dag.py took 0.056 seconds
[2023-09-13T19:33:28.890+0000] {processor.py:157} INFO - Started process (PID=254) to work on /home/airflow/.local/lib/python3.8/site-packages/airflow/example_dags/example_trigger_target_dag.py
[2023-09-13T19:33:28.891+0000] {processor.py:829} INFO - Processing file /home/airflow/.local/lib/python3.8/site-packages/airflow/example_dags/example_trigger_target_dag.py for tasks to queue
[2023-09-13T19:33:28.894+0000] {logging_mixin.py:151} INFO - [2023-09-13T19:33:28.894+0000] {dagbag.py:539} INFO - Filling up the DagBag from /home/airflow/.local/lib/python3.8/site-packages/airflow/example_dags/example_trigger_target_dag.py
[2023-09-13T19:33:28.899+0000] {processor.py:839} INFO - DAG(s) dict_keys(['example_trigger_target_dag']) retrieved from /home/airflow/.local/lib/python3.8/site-packages/airflow/example_dags/example_trigger_target_dag.py
[2023-09-13T19:33:28.921+0000] {logging_mixin.py:151} INFO - [2023-09-13T19:33:28.920+0000] {dag.py:2915} INFO - Sync 1 DAGs
[2023-09-13T19:33:28.932+0000] {logging_mixin.py:151} INFO - [2023-09-13T19:33:28.932+0000] {dag.py:3696} INFO - Setting next_dagrun for example_trigger_target_dag to None, run_after=None
[2023-09-13T19:33:28.947+0000] {processor.py:179} INFO - Processing /home/airflow/.local/lib/python3.8/site-packages/airflow/example_dags/example_trigger_target_dag.py took 0.060 seconds
[2023-09-13T19:33:59.688+0000] {processor.py:157} INFO - Started process (PID=309) to work on /home/airflow/.local/lib/python3.8/site-packages/airflow/example_dags/example_trigger_target_dag.py
[2023-09-13T19:33:59.690+0000] {processor.py:829} INFO - Processing file /home/airflow/.local/lib/python3.8/site-packages/airflow/example_dags/example_trigger_target_dag.py for tasks to queue
[2023-09-13T19:33:59.693+0000] {logging_mixin.py:151} INFO - [2023-09-13T19:33:59.692+0000] {dagbag.py:539} INFO - Filling up the DagBag from /home/airflow/.local/lib/python3.8/site-packages/airflow/example_dags/example_trigger_target_dag.py
[2023-09-13T19:33:59.698+0000] {processor.py:839} INFO - DAG(s) dict_keys(['example_trigger_target_dag']) retrieved from /home/airflow/.local/lib/python3.8/site-packages/airflow/example_dags/example_trigger_target_dag.py
[2023-09-13T19:33:59.720+0000] {logging_mixin.py:151} INFO - [2023-09-13T19:33:59.720+0000] {dag.py:2915} INFO - Sync 1 DAGs
[2023-09-13T19:33:59.730+0000] {logging_mixin.py:151} INFO - [2023-09-13T19:33:59.730+0000] {dag.py:3696} INFO - Setting next_dagrun for example_trigger_target_dag to None, run_after=None
[2023-09-13T19:33:59.743+0000] {processor.py:179} INFO - Processing /home/airflow/.local/lib/python3.8/site-packages/airflow/example_dags/example_trigger_target_dag.py took 0.059 seconds
