[2023-09-13T19:15:48.094+0000] {processor.py:157} INFO - Started process (PID=39) to work on /home/airflow/.local/lib/python3.8/site-packages/airflow/example_dags/example_local_kubernetes_executor.py
[2023-09-13T19:15:48.097+0000] {processor.py:829} INFO - Processing file /home/airflow/.local/lib/python3.8/site-packages/airflow/example_dags/example_local_kubernetes_executor.py for tasks to queue
[2023-09-13T19:15:48.102+0000] {logging_mixin.py:151} INFO - [2023-09-13T19:15:48.102+0000] {dagbag.py:539} INFO - Filling up the DagBag from /home/airflow/.local/lib/python3.8/site-packages/airflow/example_dags/example_local_kubernetes_executor.py
[2023-09-13T19:15:50.010+0000] {processor.py:839} INFO - DAG(s) dict_keys(['example_local_kubernetes_executor']) retrieved from /home/airflow/.local/lib/python3.8/site-packages/airflow/example_dags/example_local_kubernetes_executor.py
[2023-09-13T19:15:50.165+0000] {logging_mixin.py:151} INFO - [2023-09-13T19:15:50.165+0000] {manager.py:499} INFO - Created Permission View: %s
[2023-09-13T19:15:50.178+0000] {logging_mixin.py:151} INFO - [2023-09-13T19:15:50.178+0000] {manager.py:499} INFO - Created Permission View: %s
[2023-09-13T19:15:50.187+0000] {logging_mixin.py:151} INFO - [2023-09-13T19:15:50.187+0000] {manager.py:499} INFO - Created Permission View: %s
[2023-09-13T19:15:50.189+0000] {logging_mixin.py:151} INFO - [2023-09-13T19:15:50.188+0000] {security.py:708} INFO - Not syncing DAG-level permissions for DAG 'DAG:example_local_kubernetes_executor' as access control is unset.
[2023-09-13T19:15:50.190+0000] {logging_mixin.py:151} INFO - [2023-09-13T19:15:50.190+0000] {dag.py:2915} INFO - Sync 1 DAGs
[2023-09-13T19:15:50.207+0000] {logging_mixin.py:151} INFO - [2023-09-13T19:15:50.207+0000] {dag.py:2937} INFO - Creating ORM DAG for example_local_kubernetes_executor
[2023-09-13T19:15:50.208+0000] {logging_mixin.py:151} INFO - [2023-09-13T19:15:50.208+0000] {dag.py:3696} INFO - Setting next_dagrun for example_local_kubernetes_executor to None, run_after=None
[2023-09-13T19:15:50.227+0000] {processor.py:179} INFO - Processing /home/airflow/.local/lib/python3.8/site-packages/airflow/example_dags/example_local_kubernetes_executor.py took 2.141 seconds
[2023-09-13T19:16:20.725+0000] {processor.py:157} INFO - Started process (PID=97) to work on /home/airflow/.local/lib/python3.8/site-packages/airflow/example_dags/example_local_kubernetes_executor.py
[2023-09-13T19:16:20.727+0000] {processor.py:829} INFO - Processing file /home/airflow/.local/lib/python3.8/site-packages/airflow/example_dags/example_local_kubernetes_executor.py for tasks to queue
[2023-09-13T19:16:20.730+0000] {logging_mixin.py:151} INFO - [2023-09-13T19:16:20.729+0000] {dagbag.py:539} INFO - Filling up the DagBag from /home/airflow/.local/lib/python3.8/site-packages/airflow/example_dags/example_local_kubernetes_executor.py
[2023-09-13T19:16:20.948+0000] {processor.py:839} INFO - DAG(s) dict_keys(['example_local_kubernetes_executor']) retrieved from /home/airflow/.local/lib/python3.8/site-packages/airflow/example_dags/example_local_kubernetes_executor.py
[2023-09-13T19:16:20.982+0000] {logging_mixin.py:151} INFO - [2023-09-13T19:16:20.982+0000] {dag.py:2915} INFO - Sync 1 DAGs
[2023-09-13T19:16:20.992+0000] {logging_mixin.py:151} INFO - [2023-09-13T19:16:20.992+0000] {dag.py:3696} INFO - Setting next_dagrun for example_local_kubernetes_executor to None, run_after=None
[2023-09-13T19:16:21.005+0000] {processor.py:179} INFO - Processing /home/airflow/.local/lib/python3.8/site-packages/airflow/example_dags/example_local_kubernetes_executor.py took 0.285 seconds
[2023-09-13T19:16:51.128+0000] {processor.py:157} INFO - Started process (PID=153) to work on /home/airflow/.local/lib/python3.8/site-packages/airflow/example_dags/example_local_kubernetes_executor.py
[2023-09-13T19:16:51.129+0000] {processor.py:829} INFO - Processing file /home/airflow/.local/lib/python3.8/site-packages/airflow/example_dags/example_local_kubernetes_executor.py for tasks to queue
[2023-09-13T19:16:51.131+0000] {logging_mixin.py:151} INFO - [2023-09-13T19:16:51.131+0000] {dagbag.py:539} INFO - Filling up the DagBag from /home/airflow/.local/lib/python3.8/site-packages/airflow/example_dags/example_local_kubernetes_executor.py
[2023-09-13T19:16:51.322+0000] {processor.py:839} INFO - DAG(s) dict_keys(['example_local_kubernetes_executor']) retrieved from /home/airflow/.local/lib/python3.8/site-packages/airflow/example_dags/example_local_kubernetes_executor.py
[2023-09-13T19:16:51.353+0000] {logging_mixin.py:151} INFO - [2023-09-13T19:16:51.353+0000] {dag.py:2915} INFO - Sync 1 DAGs
[2023-09-13T19:16:51.363+0000] {logging_mixin.py:151} INFO - [2023-09-13T19:16:51.363+0000] {dag.py:3696} INFO - Setting next_dagrun for example_local_kubernetes_executor to None, run_after=None
[2023-09-13T19:16:51.375+0000] {processor.py:179} INFO - Processing /home/airflow/.local/lib/python3.8/site-packages/airflow/example_dags/example_local_kubernetes_executor.py took 0.251 seconds
[2023-09-13T19:17:21.476+0000] {processor.py:157} INFO - Started process (PID=207) to work on /home/airflow/.local/lib/python3.8/site-packages/airflow/example_dags/example_local_kubernetes_executor.py
[2023-09-13T19:17:21.479+0000] {processor.py:829} INFO - Processing file /home/airflow/.local/lib/python3.8/site-packages/airflow/example_dags/example_local_kubernetes_executor.py for tasks to queue
[2023-09-13T19:17:21.482+0000] {logging_mixin.py:151} INFO - [2023-09-13T19:17:21.481+0000] {dagbag.py:539} INFO - Filling up the DagBag from /home/airflow/.local/lib/python3.8/site-packages/airflow/example_dags/example_local_kubernetes_executor.py
[2023-09-13T19:17:21.812+0000] {processor.py:839} INFO - DAG(s) dict_keys(['example_local_kubernetes_executor']) retrieved from /home/airflow/.local/lib/python3.8/site-packages/airflow/example_dags/example_local_kubernetes_executor.py
[2023-09-13T19:17:21.862+0000] {logging_mixin.py:151} INFO - [2023-09-13T19:17:21.861+0000] {dag.py:2915} INFO - Sync 1 DAGs
[2023-09-13T19:17:21.879+0000] {logging_mixin.py:151} INFO - [2023-09-13T19:17:21.878+0000] {dag.py:3696} INFO - Setting next_dagrun for example_local_kubernetes_executor to None, run_after=None
[2023-09-13T19:17:21.897+0000] {processor.py:179} INFO - Processing /home/airflow/.local/lib/python3.8/site-packages/airflow/example_dags/example_local_kubernetes_executor.py took 0.425 seconds
[2023-09-13T19:17:51.960+0000] {processor.py:157} INFO - Started process (PID=263) to work on /home/airflow/.local/lib/python3.8/site-packages/airflow/example_dags/example_local_kubernetes_executor.py
[2023-09-13T19:17:51.962+0000] {processor.py:829} INFO - Processing file /home/airflow/.local/lib/python3.8/site-packages/airflow/example_dags/example_local_kubernetes_executor.py for tasks to queue
[2023-09-13T19:17:51.967+0000] {logging_mixin.py:151} INFO - [2023-09-13T19:17:51.966+0000] {dagbag.py:539} INFO - Filling up the DagBag from /home/airflow/.local/lib/python3.8/site-packages/airflow/example_dags/example_local_kubernetes_executor.py
[2023-09-13T19:17:52.323+0000] {processor.py:839} INFO - DAG(s) dict_keys(['example_local_kubernetes_executor']) retrieved from /home/airflow/.local/lib/python3.8/site-packages/airflow/example_dags/example_local_kubernetes_executor.py
[2023-09-13T19:17:52.377+0000] {logging_mixin.py:151} INFO - [2023-09-13T19:17:52.376+0000] {dag.py:2915} INFO - Sync 1 DAGs
[2023-09-13T19:17:52.391+0000] {logging_mixin.py:151} INFO - [2023-09-13T19:17:52.391+0000] {dag.py:3696} INFO - Setting next_dagrun for example_local_kubernetes_executor to None, run_after=None
[2023-09-13T19:17:52.408+0000] {processor.py:179} INFO - Processing /home/airflow/.local/lib/python3.8/site-packages/airflow/example_dags/example_local_kubernetes_executor.py took 0.454 seconds
[2023-09-13T19:18:23.155+0000] {processor.py:157} INFO - Started process (PID=317) to work on /home/airflow/.local/lib/python3.8/site-packages/airflow/example_dags/example_local_kubernetes_executor.py
[2023-09-13T19:18:23.158+0000] {processor.py:829} INFO - Processing file /home/airflow/.local/lib/python3.8/site-packages/airflow/example_dags/example_local_kubernetes_executor.py for tasks to queue
[2023-09-13T19:18:23.162+0000] {logging_mixin.py:151} INFO - [2023-09-13T19:18:23.162+0000] {dagbag.py:539} INFO - Filling up the DagBag from /home/airflow/.local/lib/python3.8/site-packages/airflow/example_dags/example_local_kubernetes_executor.py
[2023-09-13T19:18:23.369+0000] {processor.py:839} INFO - DAG(s) dict_keys(['example_local_kubernetes_executor']) retrieved from /home/airflow/.local/lib/python3.8/site-packages/airflow/example_dags/example_local_kubernetes_executor.py
[2023-09-13T19:18:23.402+0000] {logging_mixin.py:151} INFO - [2023-09-13T19:18:23.401+0000] {dag.py:2915} INFO - Sync 1 DAGs
[2023-09-13T19:18:23.411+0000] {logging_mixin.py:151} INFO - [2023-09-13T19:18:23.411+0000] {dag.py:3696} INFO - Setting next_dagrun for example_local_kubernetes_executor to None, run_after=None
[2023-09-13T19:18:23.424+0000] {processor.py:179} INFO - Processing /home/airflow/.local/lib/python3.8/site-packages/airflow/example_dags/example_local_kubernetes_executor.py took 0.274 seconds
[2023-09-13T19:18:53.502+0000] {processor.py:157} INFO - Started process (PID=372) to work on /home/airflow/.local/lib/python3.8/site-packages/airflow/example_dags/example_local_kubernetes_executor.py
[2023-09-13T19:18:53.504+0000] {processor.py:829} INFO - Processing file /home/airflow/.local/lib/python3.8/site-packages/airflow/example_dags/example_local_kubernetes_executor.py for tasks to queue
[2023-09-13T19:18:53.506+0000] {logging_mixin.py:151} INFO - [2023-09-13T19:18:53.506+0000] {dagbag.py:539} INFO - Filling up the DagBag from /home/airflow/.local/lib/python3.8/site-packages/airflow/example_dags/example_local_kubernetes_executor.py
[2023-09-13T19:18:53.696+0000] {processor.py:839} INFO - DAG(s) dict_keys(['example_local_kubernetes_executor']) retrieved from /home/airflow/.local/lib/python3.8/site-packages/airflow/example_dags/example_local_kubernetes_executor.py
[2023-09-13T19:18:53.731+0000] {logging_mixin.py:151} INFO - [2023-09-13T19:18:53.731+0000] {dag.py:2915} INFO - Sync 1 DAGs
[2023-09-13T19:18:53.741+0000] {logging_mixin.py:151} INFO - [2023-09-13T19:18:53.741+0000] {dag.py:3696} INFO - Setting next_dagrun for example_local_kubernetes_executor to None, run_after=None
[2023-09-13T19:18:53.753+0000] {processor.py:179} INFO - Processing /home/airflow/.local/lib/python3.8/site-packages/airflow/example_dags/example_local_kubernetes_executor.py took 0.254 seconds
[2023-09-13T19:19:23.867+0000] {processor.py:157} INFO - Started process (PID=426) to work on /home/airflow/.local/lib/python3.8/site-packages/airflow/example_dags/example_local_kubernetes_executor.py
[2023-09-13T19:19:23.869+0000] {processor.py:829} INFO - Processing file /home/airflow/.local/lib/python3.8/site-packages/airflow/example_dags/example_local_kubernetes_executor.py for tasks to queue
[2023-09-13T19:19:23.872+0000] {logging_mixin.py:151} INFO - [2023-09-13T19:19:23.872+0000] {dagbag.py:539} INFO - Filling up the DagBag from /home/airflow/.local/lib/python3.8/site-packages/airflow/example_dags/example_local_kubernetes_executor.py
[2023-09-13T19:19:24.125+0000] {processor.py:839} INFO - DAG(s) dict_keys(['example_local_kubernetes_executor']) retrieved from /home/airflow/.local/lib/python3.8/site-packages/airflow/example_dags/example_local_kubernetes_executor.py
[2023-09-13T19:19:24.159+0000] {logging_mixin.py:151} INFO - [2023-09-13T19:19:24.158+0000] {dag.py:2915} INFO - Sync 1 DAGs
[2023-09-13T19:19:24.170+0000] {logging_mixin.py:151} INFO - [2023-09-13T19:19:24.170+0000] {dag.py:3696} INFO - Setting next_dagrun for example_local_kubernetes_executor to None, run_after=None
[2023-09-13T19:19:24.184+0000] {processor.py:179} INFO - Processing /home/airflow/.local/lib/python3.8/site-packages/airflow/example_dags/example_local_kubernetes_executor.py took 0.323 seconds
[2023-09-13T19:19:54.266+0000] {processor.py:157} INFO - Started process (PID=482) to work on /home/airflow/.local/lib/python3.8/site-packages/airflow/example_dags/example_local_kubernetes_executor.py
[2023-09-13T19:19:54.267+0000] {processor.py:829} INFO - Processing file /home/airflow/.local/lib/python3.8/site-packages/airflow/example_dags/example_local_kubernetes_executor.py for tasks to queue
[2023-09-13T19:19:54.270+0000] {logging_mixin.py:151} INFO - [2023-09-13T19:19:54.270+0000] {dagbag.py:539} INFO - Filling up the DagBag from /home/airflow/.local/lib/python3.8/site-packages/airflow/example_dags/example_local_kubernetes_executor.py
[2023-09-13T19:19:54.505+0000] {processor.py:839} INFO - DAG(s) dict_keys(['example_local_kubernetes_executor']) retrieved from /home/airflow/.local/lib/python3.8/site-packages/airflow/example_dags/example_local_kubernetes_executor.py
[2023-09-13T19:19:54.538+0000] {logging_mixin.py:151} INFO - [2023-09-13T19:19:54.538+0000] {dag.py:2915} INFO - Sync 1 DAGs
[2023-09-13T19:19:54.549+0000] {logging_mixin.py:151} INFO - [2023-09-13T19:19:54.549+0000] {dag.py:3696} INFO - Setting next_dagrun for example_local_kubernetes_executor to None, run_after=None
[2023-09-13T19:19:54.566+0000] {processor.py:179} INFO - Processing /home/airflow/.local/lib/python3.8/site-packages/airflow/example_dags/example_local_kubernetes_executor.py took 0.304 seconds
[2023-09-13T19:20:24.607+0000] {processor.py:157} INFO - Started process (PID=536) to work on /home/airflow/.local/lib/python3.8/site-packages/airflow/example_dags/example_local_kubernetes_executor.py
[2023-09-13T19:20:24.609+0000] {processor.py:829} INFO - Processing file /home/airflow/.local/lib/python3.8/site-packages/airflow/example_dags/example_local_kubernetes_executor.py for tasks to queue
[2023-09-13T19:20:24.613+0000] {logging_mixin.py:151} INFO - [2023-09-13T19:20:24.613+0000] {dagbag.py:539} INFO - Filling up the DagBag from /home/airflow/.local/lib/python3.8/site-packages/airflow/example_dags/example_local_kubernetes_executor.py
[2023-09-13T19:20:24.906+0000] {processor.py:839} INFO - DAG(s) dict_keys(['example_local_kubernetes_executor']) retrieved from /home/airflow/.local/lib/python3.8/site-packages/airflow/example_dags/example_local_kubernetes_executor.py
[2023-09-13T19:20:24.954+0000] {logging_mixin.py:151} INFO - [2023-09-13T19:20:24.952+0000] {dag.py:2915} INFO - Sync 1 DAGs
[2023-09-13T19:20:24.971+0000] {logging_mixin.py:151} INFO - [2023-09-13T19:20:24.971+0000] {dag.py:3696} INFO - Setting next_dagrun for example_local_kubernetes_executor to None, run_after=None
[2023-09-13T19:20:24.990+0000] {processor.py:179} INFO - Processing /home/airflow/.local/lib/python3.8/site-packages/airflow/example_dags/example_local_kubernetes_executor.py took 0.386 seconds
[2023-09-13T19:20:55.410+0000] {processor.py:157} INFO - Started process (PID=591) to work on /home/airflow/.local/lib/python3.8/site-packages/airflow/example_dags/example_local_kubernetes_executor.py
[2023-09-13T19:20:55.413+0000] {processor.py:829} INFO - Processing file /home/airflow/.local/lib/python3.8/site-packages/airflow/example_dags/example_local_kubernetes_executor.py for tasks to queue
[2023-09-13T19:20:55.419+0000] {logging_mixin.py:151} INFO - [2023-09-13T19:20:55.419+0000] {dagbag.py:539} INFO - Filling up the DagBag from /home/airflow/.local/lib/python3.8/site-packages/airflow/example_dags/example_local_kubernetes_executor.py
[2023-09-13T19:20:55.792+0000] {processor.py:839} INFO - DAG(s) dict_keys(['example_local_kubernetes_executor']) retrieved from /home/airflow/.local/lib/python3.8/site-packages/airflow/example_dags/example_local_kubernetes_executor.py
[2023-09-13T19:20:55.837+0000] {logging_mixin.py:151} INFO - [2023-09-13T19:20:55.836+0000] {dag.py:2915} INFO - Sync 1 DAGs
[2023-09-13T19:20:55.855+0000] {logging_mixin.py:151} INFO - [2023-09-13T19:20:55.855+0000] {dag.py:3696} INFO - Setting next_dagrun for example_local_kubernetes_executor to None, run_after=None
[2023-09-13T19:20:55.872+0000] {processor.py:179} INFO - Processing /home/airflow/.local/lib/python3.8/site-packages/airflow/example_dags/example_local_kubernetes_executor.py took 0.467 seconds
[2023-09-13T19:21:26.213+0000] {processor.py:157} INFO - Started process (PID=643) to work on /home/airflow/.local/lib/python3.8/site-packages/airflow/example_dags/example_local_kubernetes_executor.py
[2023-09-13T19:21:26.215+0000] {processor.py:829} INFO - Processing file /home/airflow/.local/lib/python3.8/site-packages/airflow/example_dags/example_local_kubernetes_executor.py for tasks to queue
[2023-09-13T19:21:26.217+0000] {logging_mixin.py:151} INFO - [2023-09-13T19:21:26.217+0000] {dagbag.py:539} INFO - Filling up the DagBag from /home/airflow/.local/lib/python3.8/site-packages/airflow/example_dags/example_local_kubernetes_executor.py
[2023-09-13T19:21:26.431+0000] {processor.py:839} INFO - DAG(s) dict_keys(['example_local_kubernetes_executor']) retrieved from /home/airflow/.local/lib/python3.8/site-packages/airflow/example_dags/example_local_kubernetes_executor.py
[2023-09-13T19:21:26.465+0000] {logging_mixin.py:151} INFO - [2023-09-13T19:21:26.463+0000] {dag.py:2915} INFO - Sync 1 DAGs
[2023-09-13T19:21:26.476+0000] {logging_mixin.py:151} INFO - [2023-09-13T19:21:26.475+0000] {dag.py:3696} INFO - Setting next_dagrun for example_local_kubernetes_executor to None, run_after=None
[2023-09-13T19:21:26.497+0000] {processor.py:179} INFO - Processing /home/airflow/.local/lib/python3.8/site-packages/airflow/example_dags/example_local_kubernetes_executor.py took 0.288 seconds
[2023-09-13T19:21:56.858+0000] {processor.py:157} INFO - Started process (PID=697) to work on /home/airflow/.local/lib/python3.8/site-packages/airflow/example_dags/example_local_kubernetes_executor.py
[2023-09-13T19:21:56.860+0000] {processor.py:829} INFO - Processing file /home/airflow/.local/lib/python3.8/site-packages/airflow/example_dags/example_local_kubernetes_executor.py for tasks to queue
[2023-09-13T19:21:56.863+0000] {logging_mixin.py:151} INFO - [2023-09-13T19:21:56.863+0000] {dagbag.py:539} INFO - Filling up the DagBag from /home/airflow/.local/lib/python3.8/site-packages/airflow/example_dags/example_local_kubernetes_executor.py
[2023-09-13T19:21:57.063+0000] {processor.py:839} INFO - DAG(s) dict_keys(['example_local_kubernetes_executor']) retrieved from /home/airflow/.local/lib/python3.8/site-packages/airflow/example_dags/example_local_kubernetes_executor.py
[2023-09-13T19:21:57.096+0000] {logging_mixin.py:151} INFO - [2023-09-13T19:21:57.095+0000] {dag.py:2915} INFO - Sync 1 DAGs
[2023-09-13T19:21:57.105+0000] {logging_mixin.py:151} INFO - [2023-09-13T19:21:57.105+0000] {dag.py:3696} INFO - Setting next_dagrun for example_local_kubernetes_executor to None, run_after=None
[2023-09-13T19:21:57.119+0000] {processor.py:179} INFO - Processing /home/airflow/.local/lib/python3.8/site-packages/airflow/example_dags/example_local_kubernetes_executor.py took 0.266 seconds
[2023-09-13T19:22:27.687+0000] {processor.py:157} INFO - Started process (PID=751) to work on /home/airflow/.local/lib/python3.8/site-packages/airflow/example_dags/example_local_kubernetes_executor.py
[2023-09-13T19:22:27.689+0000] {processor.py:829} INFO - Processing file /home/airflow/.local/lib/python3.8/site-packages/airflow/example_dags/example_local_kubernetes_executor.py for tasks to queue
[2023-09-13T19:22:27.692+0000] {logging_mixin.py:151} INFO - [2023-09-13T19:22:27.692+0000] {dagbag.py:539} INFO - Filling up the DagBag from /home/airflow/.local/lib/python3.8/site-packages/airflow/example_dags/example_local_kubernetes_executor.py
[2023-09-13T19:22:27.930+0000] {processor.py:839} INFO - DAG(s) dict_keys(['example_local_kubernetes_executor']) retrieved from /home/airflow/.local/lib/python3.8/site-packages/airflow/example_dags/example_local_kubernetes_executor.py
[2023-09-13T19:22:27.962+0000] {logging_mixin.py:151} INFO - [2023-09-13T19:22:27.961+0000] {dag.py:2915} INFO - Sync 1 DAGs
[2023-09-13T19:22:27.972+0000] {logging_mixin.py:151} INFO - [2023-09-13T19:22:27.971+0000] {dag.py:3696} INFO - Setting next_dagrun for example_local_kubernetes_executor to None, run_after=None
[2023-09-13T19:22:27.984+0000] {processor.py:179} INFO - Processing /home/airflow/.local/lib/python3.8/site-packages/airflow/example_dags/example_local_kubernetes_executor.py took 0.302 seconds
[2023-09-13T19:22:58.113+0000] {processor.py:157} INFO - Started process (PID=807) to work on /home/airflow/.local/lib/python3.8/site-packages/airflow/example_dags/example_local_kubernetes_executor.py
[2023-09-13T19:22:58.115+0000] {processor.py:829} INFO - Processing file /home/airflow/.local/lib/python3.8/site-packages/airflow/example_dags/example_local_kubernetes_executor.py for tasks to queue
[2023-09-13T19:22:58.117+0000] {logging_mixin.py:151} INFO - [2023-09-13T19:22:58.117+0000] {dagbag.py:539} INFO - Filling up the DagBag from /home/airflow/.local/lib/python3.8/site-packages/airflow/example_dags/example_local_kubernetes_executor.py
[2023-09-13T19:22:58.326+0000] {processor.py:839} INFO - DAG(s) dict_keys(['example_local_kubernetes_executor']) retrieved from /home/airflow/.local/lib/python3.8/site-packages/airflow/example_dags/example_local_kubernetes_executor.py
[2023-09-13T19:22:58.364+0000] {logging_mixin.py:151} INFO - [2023-09-13T19:22:58.363+0000] {dag.py:2915} INFO - Sync 1 DAGs
[2023-09-13T19:22:58.374+0000] {logging_mixin.py:151} INFO - [2023-09-13T19:22:58.374+0000] {dag.py:3696} INFO - Setting next_dagrun for example_local_kubernetes_executor to None, run_after=None
[2023-09-13T19:22:58.386+0000] {processor.py:179} INFO - Processing /home/airflow/.local/lib/python3.8/site-packages/airflow/example_dags/example_local_kubernetes_executor.py took 0.277 seconds
[2023-09-13T19:23:28.420+0000] {processor.py:157} INFO - Started process (PID=862) to work on /home/airflow/.local/lib/python3.8/site-packages/airflow/example_dags/example_local_kubernetes_executor.py
[2023-09-13T19:23:28.421+0000] {processor.py:829} INFO - Processing file /home/airflow/.local/lib/python3.8/site-packages/airflow/example_dags/example_local_kubernetes_executor.py for tasks to queue
[2023-09-13T19:23:28.423+0000] {logging_mixin.py:151} INFO - [2023-09-13T19:23:28.423+0000] {dagbag.py:539} INFO - Filling up the DagBag from /home/airflow/.local/lib/python3.8/site-packages/airflow/example_dags/example_local_kubernetes_executor.py
[2023-09-13T19:23:28.652+0000] {processor.py:839} INFO - DAG(s) dict_keys(['example_local_kubernetes_executor']) retrieved from /home/airflow/.local/lib/python3.8/site-packages/airflow/example_dags/example_local_kubernetes_executor.py
[2023-09-13T19:23:28.685+0000] {logging_mixin.py:151} INFO - [2023-09-13T19:23:28.684+0000] {dag.py:2915} INFO - Sync 1 DAGs
[2023-09-13T19:23:28.695+0000] {logging_mixin.py:151} INFO - [2023-09-13T19:23:28.694+0000] {dag.py:3696} INFO - Setting next_dagrun for example_local_kubernetes_executor to None, run_after=None
[2023-09-13T19:23:28.707+0000] {processor.py:179} INFO - Processing /home/airflow/.local/lib/python3.8/site-packages/airflow/example_dags/example_local_kubernetes_executor.py took 0.291 seconds
[2023-09-13T19:23:58.740+0000] {processor.py:157} INFO - Started process (PID=916) to work on /home/airflow/.local/lib/python3.8/site-packages/airflow/example_dags/example_local_kubernetes_executor.py
[2023-09-13T19:23:58.742+0000] {processor.py:829} INFO - Processing file /home/airflow/.local/lib/python3.8/site-packages/airflow/example_dags/example_local_kubernetes_executor.py for tasks to queue
[2023-09-13T19:23:58.744+0000] {logging_mixin.py:151} INFO - [2023-09-13T19:23:58.744+0000] {dagbag.py:539} INFO - Filling up the DagBag from /home/airflow/.local/lib/python3.8/site-packages/airflow/example_dags/example_local_kubernetes_executor.py
[2023-09-13T19:23:58.933+0000] {processor.py:839} INFO - DAG(s) dict_keys(['example_local_kubernetes_executor']) retrieved from /home/airflow/.local/lib/python3.8/site-packages/airflow/example_dags/example_local_kubernetes_executor.py
[2023-09-13T19:23:58.964+0000] {logging_mixin.py:151} INFO - [2023-09-13T19:23:58.963+0000] {dag.py:2915} INFO - Sync 1 DAGs
[2023-09-13T19:23:58.975+0000] {logging_mixin.py:151} INFO - [2023-09-13T19:23:58.975+0000] {dag.py:3696} INFO - Setting next_dagrun for example_local_kubernetes_executor to None, run_after=None
[2023-09-13T19:23:58.987+0000] {processor.py:179} INFO - Processing /home/airflow/.local/lib/python3.8/site-packages/airflow/example_dags/example_local_kubernetes_executor.py took 0.250 seconds
[2023-09-13T19:24:29.108+0000] {processor.py:157} INFO - Started process (PID=970) to work on /home/airflow/.local/lib/python3.8/site-packages/airflow/example_dags/example_local_kubernetes_executor.py
[2023-09-13T19:24:29.109+0000] {processor.py:829} INFO - Processing file /home/airflow/.local/lib/python3.8/site-packages/airflow/example_dags/example_local_kubernetes_executor.py for tasks to queue
[2023-09-13T19:24:29.112+0000] {logging_mixin.py:151} INFO - [2023-09-13T19:24:29.111+0000] {dagbag.py:539} INFO - Filling up the DagBag from /home/airflow/.local/lib/python3.8/site-packages/airflow/example_dags/example_local_kubernetes_executor.py
[2023-09-13T19:24:29.324+0000] {processor.py:839} INFO - DAG(s) dict_keys(['example_local_kubernetes_executor']) retrieved from /home/airflow/.local/lib/python3.8/site-packages/airflow/example_dags/example_local_kubernetes_executor.py
[2023-09-13T19:24:29.353+0000] {logging_mixin.py:151} INFO - [2023-09-13T19:24:29.353+0000] {dag.py:2915} INFO - Sync 1 DAGs
[2023-09-13T19:24:29.363+0000] {logging_mixin.py:151} INFO - [2023-09-13T19:24:29.363+0000] {dag.py:3696} INFO - Setting next_dagrun for example_local_kubernetes_executor to None, run_after=None
[2023-09-13T19:24:29.376+0000] {processor.py:179} INFO - Processing /home/airflow/.local/lib/python3.8/site-packages/airflow/example_dags/example_local_kubernetes_executor.py took 0.271 seconds
[2023-09-13T19:24:59.573+0000] {processor.py:157} INFO - Started process (PID=1027) to work on /home/airflow/.local/lib/python3.8/site-packages/airflow/example_dags/example_local_kubernetes_executor.py
[2023-09-13T19:24:59.575+0000] {processor.py:829} INFO - Processing file /home/airflow/.local/lib/python3.8/site-packages/airflow/example_dags/example_local_kubernetes_executor.py for tasks to queue
[2023-09-13T19:24:59.577+0000] {logging_mixin.py:151} INFO - [2023-09-13T19:24:59.577+0000] {dagbag.py:539} INFO - Filling up the DagBag from /home/airflow/.local/lib/python3.8/site-packages/airflow/example_dags/example_local_kubernetes_executor.py
[2023-09-13T19:24:59.791+0000] {processor.py:839} INFO - DAG(s) dict_keys(['example_local_kubernetes_executor']) retrieved from /home/airflow/.local/lib/python3.8/site-packages/airflow/example_dags/example_local_kubernetes_executor.py
[2023-09-13T19:24:59.833+0000] {logging_mixin.py:151} INFO - [2023-09-13T19:24:59.832+0000] {dag.py:2915} INFO - Sync 1 DAGs
[2023-09-13T19:24:59.844+0000] {logging_mixin.py:151} INFO - [2023-09-13T19:24:59.844+0000] {dag.py:3696} INFO - Setting next_dagrun for example_local_kubernetes_executor to None, run_after=None
[2023-09-13T19:24:59.861+0000] {processor.py:179} INFO - Processing /home/airflow/.local/lib/python3.8/site-packages/airflow/example_dags/example_local_kubernetes_executor.py took 0.291 seconds
[2023-09-13T19:25:30.434+0000] {processor.py:157} INFO - Started process (PID=1085) to work on /home/airflow/.local/lib/python3.8/site-packages/airflow/example_dags/example_local_kubernetes_executor.py
[2023-09-13T19:25:30.436+0000] {processor.py:829} INFO - Processing file /home/airflow/.local/lib/python3.8/site-packages/airflow/example_dags/example_local_kubernetes_executor.py for tasks to queue
[2023-09-13T19:25:30.439+0000] {logging_mixin.py:151} INFO - [2023-09-13T19:25:30.438+0000] {dagbag.py:539} INFO - Filling up the DagBag from /home/airflow/.local/lib/python3.8/site-packages/airflow/example_dags/example_local_kubernetes_executor.py
[2023-09-13T19:25:30.666+0000] {processor.py:839} INFO - DAG(s) dict_keys(['example_local_kubernetes_executor']) retrieved from /home/airflow/.local/lib/python3.8/site-packages/airflow/example_dags/example_local_kubernetes_executor.py
[2023-09-13T19:25:30.701+0000] {logging_mixin.py:151} INFO - [2023-09-13T19:25:30.701+0000] {dag.py:2915} INFO - Sync 1 DAGs
[2023-09-13T19:25:30.714+0000] {logging_mixin.py:151} INFO - [2023-09-13T19:25:30.714+0000] {dag.py:3696} INFO - Setting next_dagrun for example_local_kubernetes_executor to None, run_after=None
[2023-09-13T19:25:30.731+0000] {processor.py:179} INFO - Processing /home/airflow/.local/lib/python3.8/site-packages/airflow/example_dags/example_local_kubernetes_executor.py took 0.301 seconds
[2023-09-13T19:26:01.305+0000] {processor.py:157} INFO - Started process (PID=1141) to work on /home/airflow/.local/lib/python3.8/site-packages/airflow/example_dags/example_local_kubernetes_executor.py
[2023-09-13T19:26:01.307+0000] {processor.py:829} INFO - Processing file /home/airflow/.local/lib/python3.8/site-packages/airflow/example_dags/example_local_kubernetes_executor.py for tasks to queue
[2023-09-13T19:26:01.310+0000] {logging_mixin.py:151} INFO - [2023-09-13T19:26:01.309+0000] {dagbag.py:539} INFO - Filling up the DagBag from /home/airflow/.local/lib/python3.8/site-packages/airflow/example_dags/example_local_kubernetes_executor.py
[2023-09-13T19:26:01.500+0000] {processor.py:839} INFO - DAG(s) dict_keys(['example_local_kubernetes_executor']) retrieved from /home/airflow/.local/lib/python3.8/site-packages/airflow/example_dags/example_local_kubernetes_executor.py
[2023-09-13T19:26:01.530+0000] {logging_mixin.py:151} INFO - [2023-09-13T19:26:01.530+0000] {dag.py:2915} INFO - Sync 1 DAGs
[2023-09-13T19:26:01.540+0000] {logging_mixin.py:151} INFO - [2023-09-13T19:26:01.540+0000] {dag.py:3696} INFO - Setting next_dagrun for example_local_kubernetes_executor to None, run_after=None
[2023-09-13T19:26:01.553+0000] {processor.py:179} INFO - Processing /home/airflow/.local/lib/python3.8/site-packages/airflow/example_dags/example_local_kubernetes_executor.py took 0.253 seconds
[2023-09-13T19:26:31.717+0000] {processor.py:157} INFO - Started process (PID=1197) to work on /home/airflow/.local/lib/python3.8/site-packages/airflow/example_dags/example_local_kubernetes_executor.py
[2023-09-13T19:26:31.720+0000] {processor.py:829} INFO - Processing file /home/airflow/.local/lib/python3.8/site-packages/airflow/example_dags/example_local_kubernetes_executor.py for tasks to queue
[2023-09-13T19:26:31.722+0000] {logging_mixin.py:151} INFO - [2023-09-13T19:26:31.722+0000] {dagbag.py:539} INFO - Filling up the DagBag from /home/airflow/.local/lib/python3.8/site-packages/airflow/example_dags/example_local_kubernetes_executor.py
[2023-09-13T19:26:31.945+0000] {processor.py:839} INFO - DAG(s) dict_keys(['example_local_kubernetes_executor']) retrieved from /home/airflow/.local/lib/python3.8/site-packages/airflow/example_dags/example_local_kubernetes_executor.py
[2023-09-13T19:26:31.977+0000] {logging_mixin.py:151} INFO - [2023-09-13T19:26:31.977+0000] {dag.py:2915} INFO - Sync 1 DAGs
[2023-09-13T19:26:31.988+0000] {logging_mixin.py:151} INFO - [2023-09-13T19:26:31.988+0000] {dag.py:3696} INFO - Setting next_dagrun for example_local_kubernetes_executor to None, run_after=None
[2023-09-13T19:26:32.002+0000] {processor.py:179} INFO - Processing /home/airflow/.local/lib/python3.8/site-packages/airflow/example_dags/example_local_kubernetes_executor.py took 0.289 seconds
[2023-09-13T19:27:02.191+0000] {processor.py:157} INFO - Started process (PID=1252) to work on /home/airflow/.local/lib/python3.8/site-packages/airflow/example_dags/example_local_kubernetes_executor.py
[2023-09-13T19:27:02.194+0000] {processor.py:829} INFO - Processing file /home/airflow/.local/lib/python3.8/site-packages/airflow/example_dags/example_local_kubernetes_executor.py for tasks to queue
[2023-09-13T19:27:02.198+0000] {logging_mixin.py:151} INFO - [2023-09-13T19:27:02.197+0000] {dagbag.py:539} INFO - Filling up the DagBag from /home/airflow/.local/lib/python3.8/site-packages/airflow/example_dags/example_local_kubernetes_executor.py
[2023-09-13T19:27:02.440+0000] {processor.py:839} INFO - DAG(s) dict_keys(['example_local_kubernetes_executor']) retrieved from /home/airflow/.local/lib/python3.8/site-packages/airflow/example_dags/example_local_kubernetes_executor.py
[2023-09-13T19:27:02.479+0000] {logging_mixin.py:151} INFO - [2023-09-13T19:27:02.479+0000] {dag.py:2915} INFO - Sync 1 DAGs
[2023-09-13T19:27:02.491+0000] {logging_mixin.py:151} INFO - [2023-09-13T19:27:02.491+0000] {dag.py:3696} INFO - Setting next_dagrun for example_local_kubernetes_executor to None, run_after=None
[2023-09-13T19:27:02.506+0000] {processor.py:179} INFO - Processing /home/airflow/.local/lib/python3.8/site-packages/airflow/example_dags/example_local_kubernetes_executor.py took 0.321 seconds
[2023-09-13T19:28:13.363+0000] {processor.py:157} INFO - Started process (PID=39) to work on /home/airflow/.local/lib/python3.8/site-packages/airflow/example_dags/example_local_kubernetes_executor.py
[2023-09-13T19:28:13.366+0000] {processor.py:829} INFO - Processing file /home/airflow/.local/lib/python3.8/site-packages/airflow/example_dags/example_local_kubernetes_executor.py for tasks to queue
[2023-09-13T19:28:13.371+0000] {logging_mixin.py:151} INFO - [2023-09-13T19:28:13.370+0000] {dagbag.py:539} INFO - Filling up the DagBag from /home/airflow/.local/lib/python3.8/site-packages/airflow/example_dags/example_local_kubernetes_executor.py
[2023-09-13T19:28:15.586+0000] {processor.py:839} INFO - DAG(s) dict_keys(['example_local_kubernetes_executor']) retrieved from /home/airflow/.local/lib/python3.8/site-packages/airflow/example_dags/example_local_kubernetes_executor.py
[2023-09-13T19:28:15.621+0000] {logging_mixin.py:151} INFO - [2023-09-13T19:28:15.620+0000] {dag.py:2915} INFO - Sync 1 DAGs
[2023-09-13T19:28:15.642+0000] {logging_mixin.py:151} INFO - [2023-09-13T19:28:15.642+0000] {dag.py:3696} INFO - Setting next_dagrun for example_local_kubernetes_executor to None, run_after=None
[2023-09-13T19:28:15.673+0000] {processor.py:179} INFO - Processing /home/airflow/.local/lib/python3.8/site-packages/airflow/example_dags/example_local_kubernetes_executor.py took 2.318 seconds
[2023-09-13T19:28:45.749+0000] {processor.py:157} INFO - Started process (PID=106) to work on /home/airflow/.local/lib/python3.8/site-packages/airflow/example_dags/example_local_kubernetes_executor.py
[2023-09-13T19:28:45.750+0000] {processor.py:829} INFO - Processing file /home/airflow/.local/lib/python3.8/site-packages/airflow/example_dags/example_local_kubernetes_executor.py for tasks to queue
[2023-09-13T19:28:45.753+0000] {logging_mixin.py:151} INFO - [2023-09-13T19:28:45.753+0000] {dagbag.py:539} INFO - Filling up the DagBag from /home/airflow/.local/lib/python3.8/site-packages/airflow/example_dags/example_local_kubernetes_executor.py
[2023-09-13T19:28:46.052+0000] {processor.py:839} INFO - DAG(s) dict_keys(['example_local_kubernetes_executor']) retrieved from /home/airflow/.local/lib/python3.8/site-packages/airflow/example_dags/example_local_kubernetes_executor.py
[2023-09-13T19:28:46.099+0000] {logging_mixin.py:151} INFO - [2023-09-13T19:28:46.098+0000] {dag.py:2915} INFO - Sync 1 DAGs
[2023-09-13T19:28:46.110+0000] {logging_mixin.py:151} INFO - [2023-09-13T19:28:46.110+0000] {dag.py:3696} INFO - Setting next_dagrun for example_local_kubernetes_executor to None, run_after=None
[2023-09-13T19:28:46.143+0000] {processor.py:179} INFO - Processing /home/airflow/.local/lib/python3.8/site-packages/airflow/example_dags/example_local_kubernetes_executor.py took 0.398 seconds
[2023-09-13T19:29:16.273+0000] {processor.py:157} INFO - Started process (PID=163) to work on /home/airflow/.local/lib/python3.8/site-packages/airflow/example_dags/example_local_kubernetes_executor.py
[2023-09-13T19:29:16.274+0000] {processor.py:829} INFO - Processing file /home/airflow/.local/lib/python3.8/site-packages/airflow/example_dags/example_local_kubernetes_executor.py for tasks to queue
[2023-09-13T19:29:16.277+0000] {logging_mixin.py:151} INFO - [2023-09-13T19:29:16.276+0000] {dagbag.py:539} INFO - Filling up the DagBag from /home/airflow/.local/lib/python3.8/site-packages/airflow/example_dags/example_local_kubernetes_executor.py
[2023-09-13T19:29:16.507+0000] {processor.py:839} INFO - DAG(s) dict_keys(['example_local_kubernetes_executor']) retrieved from /home/airflow/.local/lib/python3.8/site-packages/airflow/example_dags/example_local_kubernetes_executor.py
[2023-09-13T19:29:16.538+0000] {logging_mixin.py:151} INFO - [2023-09-13T19:29:16.537+0000] {dag.py:2915} INFO - Sync 1 DAGs
[2023-09-13T19:29:16.547+0000] {logging_mixin.py:151} INFO - [2023-09-13T19:29:16.547+0000] {dag.py:3696} INFO - Setting next_dagrun for example_local_kubernetes_executor to None, run_after=None
[2023-09-13T19:29:16.560+0000] {processor.py:179} INFO - Processing /home/airflow/.local/lib/python3.8/site-packages/airflow/example_dags/example_local_kubernetes_executor.py took 0.291 seconds
[2023-09-13T19:29:46.681+0000] {processor.py:157} INFO - Started process (PID=218) to work on /home/airflow/.local/lib/python3.8/site-packages/airflow/example_dags/example_local_kubernetes_executor.py
[2023-09-13T19:29:46.682+0000] {processor.py:829} INFO - Processing file /home/airflow/.local/lib/python3.8/site-packages/airflow/example_dags/example_local_kubernetes_executor.py for tasks to queue
[2023-09-13T19:29:46.685+0000] {logging_mixin.py:151} INFO - [2023-09-13T19:29:46.684+0000] {dagbag.py:539} INFO - Filling up the DagBag from /home/airflow/.local/lib/python3.8/site-packages/airflow/example_dags/example_local_kubernetes_executor.py
[2023-09-13T19:29:46.869+0000] {processor.py:839} INFO - DAG(s) dict_keys(['example_local_kubernetes_executor']) retrieved from /home/airflow/.local/lib/python3.8/site-packages/airflow/example_dags/example_local_kubernetes_executor.py
[2023-09-13T19:29:46.904+0000] {logging_mixin.py:151} INFO - [2023-09-13T19:29:46.904+0000] {dag.py:2915} INFO - Sync 1 DAGs
[2023-09-13T19:29:46.914+0000] {logging_mixin.py:151} INFO - [2023-09-13T19:29:46.914+0000] {dag.py:3696} INFO - Setting next_dagrun for example_local_kubernetes_executor to None, run_after=None
[2023-09-13T19:29:46.926+0000] {processor.py:179} INFO - Processing /home/airflow/.local/lib/python3.8/site-packages/airflow/example_dags/example_local_kubernetes_executor.py took 0.249 seconds
[2023-09-13T19:30:17.881+0000] {processor.py:157} INFO - Started process (PID=272) to work on /home/airflow/.local/lib/python3.8/site-packages/airflow/example_dags/example_local_kubernetes_executor.py
[2023-09-13T19:30:17.883+0000] {processor.py:829} INFO - Processing file /home/airflow/.local/lib/python3.8/site-packages/airflow/example_dags/example_local_kubernetes_executor.py for tasks to queue
[2023-09-13T19:30:17.886+0000] {logging_mixin.py:151} INFO - [2023-09-13T19:30:17.886+0000] {dagbag.py:539} INFO - Filling up the DagBag from /home/airflow/.local/lib/python3.8/site-packages/airflow/example_dags/example_local_kubernetes_executor.py
[2023-09-13T19:30:18.137+0000] {processor.py:839} INFO - DAG(s) dict_keys(['example_local_kubernetes_executor']) retrieved from /home/airflow/.local/lib/python3.8/site-packages/airflow/example_dags/example_local_kubernetes_executor.py
[2023-09-13T19:30:18.215+0000] {logging_mixin.py:151} INFO - [2023-09-13T19:30:18.213+0000] {dag.py:2915} INFO - Sync 1 DAGs
[2023-09-13T19:30:18.236+0000] {logging_mixin.py:151} INFO - [2023-09-13T19:30:18.235+0000] {dag.py:3696} INFO - Setting next_dagrun for example_local_kubernetes_executor to None, run_after=None
[2023-09-13T19:30:18.259+0000] {processor.py:179} INFO - Processing /home/airflow/.local/lib/python3.8/site-packages/airflow/example_dags/example_local_kubernetes_executor.py took 0.383 seconds
[2023-09-13T19:31:28.136+0000] {processor.py:157} INFO - Started process (PID=40) to work on /home/airflow/.local/lib/python3.8/site-packages/airflow/example_dags/example_local_kubernetes_executor.py
[2023-09-13T19:31:28.139+0000] {processor.py:829} INFO - Processing file /home/airflow/.local/lib/python3.8/site-packages/airflow/example_dags/example_local_kubernetes_executor.py for tasks to queue
[2023-09-13T19:31:28.145+0000] {logging_mixin.py:151} INFO - [2023-09-13T19:31:28.144+0000] {dagbag.py:539} INFO - Filling up the DagBag from /home/airflow/.local/lib/python3.8/site-packages/airflow/example_dags/example_local_kubernetes_executor.py
[2023-09-13T19:31:30.714+0000] {processor.py:839} INFO - DAG(s) dict_keys(['example_local_kubernetes_executor']) retrieved from /home/airflow/.local/lib/python3.8/site-packages/airflow/example_dags/example_local_kubernetes_executor.py
[2023-09-13T19:31:30.754+0000] {logging_mixin.py:151} INFO - [2023-09-13T19:31:30.753+0000] {dag.py:2915} INFO - Sync 1 DAGs
[2023-09-13T19:31:30.790+0000] {logging_mixin.py:151} INFO - [2023-09-13T19:31:30.789+0000] {dag.py:3696} INFO - Setting next_dagrun for example_local_kubernetes_executor to None, run_after=None
[2023-09-13T19:31:30.832+0000] {processor.py:179} INFO - Processing /home/airflow/.local/lib/python3.8/site-packages/airflow/example_dags/example_local_kubernetes_executor.py took 2.704 seconds
[2023-09-13T19:32:00.936+0000] {processor.py:157} INFO - Started process (PID=103) to work on /home/airflow/.local/lib/python3.8/site-packages/airflow/example_dags/example_local_kubernetes_executor.py
[2023-09-13T19:32:00.937+0000] {processor.py:829} INFO - Processing file /home/airflow/.local/lib/python3.8/site-packages/airflow/example_dags/example_local_kubernetes_executor.py for tasks to queue
[2023-09-13T19:32:00.940+0000] {logging_mixin.py:151} INFO - [2023-09-13T19:32:00.939+0000] {dagbag.py:539} INFO - Filling up the DagBag from /home/airflow/.local/lib/python3.8/site-packages/airflow/example_dags/example_local_kubernetes_executor.py
[2023-09-13T19:32:01.228+0000] {processor.py:839} INFO - DAG(s) dict_keys(['example_local_kubernetes_executor']) retrieved from /home/airflow/.local/lib/python3.8/site-packages/airflow/example_dags/example_local_kubernetes_executor.py
[2023-09-13T19:32:01.279+0000] {logging_mixin.py:151} INFO - [2023-09-13T19:32:01.279+0000] {dag.py:2915} INFO - Sync 1 DAGs
[2023-09-13T19:32:01.293+0000] {logging_mixin.py:151} INFO - [2023-09-13T19:32:01.293+0000] {dag.py:3696} INFO - Setting next_dagrun for example_local_kubernetes_executor to None, run_after=None
[2023-09-13T19:32:01.308+0000] {processor.py:179} INFO - Processing /home/airflow/.local/lib/python3.8/site-packages/airflow/example_dags/example_local_kubernetes_executor.py took 0.376 seconds
[2023-09-13T19:32:31.539+0000] {processor.py:157} INFO - Started process (PID=160) to work on /home/airflow/.local/lib/python3.8/site-packages/airflow/example_dags/example_local_kubernetes_executor.py
[2023-09-13T19:32:31.540+0000] {processor.py:829} INFO - Processing file /home/airflow/.local/lib/python3.8/site-packages/airflow/example_dags/example_local_kubernetes_executor.py for tasks to queue
[2023-09-13T19:32:31.542+0000] {logging_mixin.py:151} INFO - [2023-09-13T19:32:31.542+0000] {dagbag.py:539} INFO - Filling up the DagBag from /home/airflow/.local/lib/python3.8/site-packages/airflow/example_dags/example_local_kubernetes_executor.py
[2023-09-13T19:32:31.755+0000] {processor.py:839} INFO - DAG(s) dict_keys(['example_local_kubernetes_executor']) retrieved from /home/airflow/.local/lib/python3.8/site-packages/airflow/example_dags/example_local_kubernetes_executor.py
[2023-09-13T19:32:31.787+0000] {logging_mixin.py:151} INFO - [2023-09-13T19:32:31.786+0000] {dag.py:2915} INFO - Sync 1 DAGs
[2023-09-13T19:32:31.797+0000] {logging_mixin.py:151} INFO - [2023-09-13T19:32:31.797+0000] {dag.py:3696} INFO - Setting next_dagrun for example_local_kubernetes_executor to None, run_after=None
[2023-09-13T19:32:31.810+0000] {processor.py:179} INFO - Processing /home/airflow/.local/lib/python3.8/site-packages/airflow/example_dags/example_local_kubernetes_executor.py took 0.275 seconds
[2023-09-13T19:33:02.635+0000] {processor.py:157} INFO - Started process (PID=215) to work on /home/airflow/.local/lib/python3.8/site-packages/airflow/example_dags/example_local_kubernetes_executor.py
[2023-09-13T19:33:02.638+0000] {processor.py:829} INFO - Processing file /home/airflow/.local/lib/python3.8/site-packages/airflow/example_dags/example_local_kubernetes_executor.py for tasks to queue
[2023-09-13T19:33:02.640+0000] {logging_mixin.py:151} INFO - [2023-09-13T19:33:02.640+0000] {dagbag.py:539} INFO - Filling up the DagBag from /home/airflow/.local/lib/python3.8/site-packages/airflow/example_dags/example_local_kubernetes_executor.py
[2023-09-13T19:33:02.846+0000] {processor.py:839} INFO - DAG(s) dict_keys(['example_local_kubernetes_executor']) retrieved from /home/airflow/.local/lib/python3.8/site-packages/airflow/example_dags/example_local_kubernetes_executor.py
[2023-09-13T19:33:02.884+0000] {logging_mixin.py:151} INFO - [2023-09-13T19:33:02.884+0000] {dag.py:2915} INFO - Sync 1 DAGs
[2023-09-13T19:33:02.894+0000] {logging_mixin.py:151} INFO - [2023-09-13T19:33:02.894+0000] {dag.py:3696} INFO - Setting next_dagrun for example_local_kubernetes_executor to None, run_after=None
[2023-09-13T19:33:02.908+0000] {processor.py:179} INFO - Processing /home/airflow/.local/lib/python3.8/site-packages/airflow/example_dags/example_local_kubernetes_executor.py took 0.281 seconds
[2023-09-13T19:33:33.064+0000] {processor.py:157} INFO - Started process (PID=270) to work on /home/airflow/.local/lib/python3.8/site-packages/airflow/example_dags/example_local_kubernetes_executor.py
[2023-09-13T19:33:33.067+0000] {processor.py:829} INFO - Processing file /home/airflow/.local/lib/python3.8/site-packages/airflow/example_dags/example_local_kubernetes_executor.py for tasks to queue
[2023-09-13T19:33:33.071+0000] {logging_mixin.py:151} INFO - [2023-09-13T19:33:33.070+0000] {dagbag.py:539} INFO - Filling up the DagBag from /home/airflow/.local/lib/python3.8/site-packages/airflow/example_dags/example_local_kubernetes_executor.py
[2023-09-13T19:33:33.566+0000] {processor.py:839} INFO - DAG(s) dict_keys(['example_local_kubernetes_executor']) retrieved from /home/airflow/.local/lib/python3.8/site-packages/airflow/example_dags/example_local_kubernetes_executor.py
[2023-09-13T19:33:33.662+0000] {logging_mixin.py:151} INFO - [2023-09-13T19:33:33.661+0000] {dag.py:2915} INFO - Sync 1 DAGs
[2023-09-13T19:33:33.707+0000] {logging_mixin.py:151} INFO - [2023-09-13T19:33:33.707+0000] {dag.py:3696} INFO - Setting next_dagrun for example_local_kubernetes_executor to None, run_after=None
[2023-09-13T19:33:33.799+0000] {processor.py:179} INFO - Processing /home/airflow/.local/lib/python3.8/site-packages/airflow/example_dags/example_local_kubernetes_executor.py took 0.741 seconds
[2023-09-13T19:34:04.658+0000] {processor.py:157} INFO - Started process (PID=327) to work on /home/airflow/.local/lib/python3.8/site-packages/airflow/example_dags/example_local_kubernetes_executor.py
[2023-09-13T19:34:04.662+0000] {processor.py:829} INFO - Processing file /home/airflow/.local/lib/python3.8/site-packages/airflow/example_dags/example_local_kubernetes_executor.py for tasks to queue
[2023-09-13T19:34:04.665+0000] {logging_mixin.py:151} INFO - [2023-09-13T19:34:04.665+0000] {dagbag.py:539} INFO - Filling up the DagBag from /home/airflow/.local/lib/python3.8/site-packages/airflow/example_dags/example_local_kubernetes_executor.py
[2023-09-13T19:34:04.891+0000] {processor.py:839} INFO - DAG(s) dict_keys(['example_local_kubernetes_executor']) retrieved from /home/airflow/.local/lib/python3.8/site-packages/airflow/example_dags/example_local_kubernetes_executor.py
[2023-09-13T19:34:04.924+0000] {logging_mixin.py:151} INFO - [2023-09-13T19:34:04.924+0000] {dag.py:2915} INFO - Sync 1 DAGs
[2023-09-13T19:34:04.934+0000] {logging_mixin.py:151} INFO - [2023-09-13T19:34:04.934+0000] {dag.py:3696} INFO - Setting next_dagrun for example_local_kubernetes_executor to None, run_after=None
[2023-09-13T19:34:04.946+0000] {processor.py:179} INFO - Processing /home/airflow/.local/lib/python3.8/site-packages/airflow/example_dags/example_local_kubernetes_executor.py took 0.294 seconds
