[2023-09-13T19:15:54.298+0000] {processor.py:157} INFO - Started process (PID=70) to work on /home/airflow/.local/lib/python3.8/site-packages/airflow/example_dags/example_task_group.py
[2023-09-13T19:15:54.300+0000] {processor.py:829} INFO - Processing file /home/airflow/.local/lib/python3.8/site-packages/airflow/example_dags/example_task_group.py for tasks to queue
[2023-09-13T19:15:54.302+0000] {logging_mixin.py:151} INFO - [2023-09-13T19:15:54.302+0000] {dagbag.py:539} INFO - Filling up the DagBag from /home/airflow/.local/lib/python3.8/site-packages/airflow/example_dags/example_task_group.py
[2023-09-13T19:15:54.311+0000] {processor.py:839} INFO - DAG(s) dict_keys(['example_task_group']) retrieved from /home/airflow/.local/lib/python3.8/site-packages/airflow/example_dags/example_task_group.py
[2023-09-13T19:15:54.412+0000] {logging_mixin.py:151} INFO - [2023-09-13T19:15:54.412+0000] {manager.py:499} INFO - Created Permission View: %s
[2023-09-13T19:15:54.420+0000] {logging_mixin.py:151} INFO - [2023-09-13T19:15:54.420+0000] {manager.py:499} INFO - Created Permission View: %s
[2023-09-13T19:15:54.426+0000] {logging_mixin.py:151} INFO - [2023-09-13T19:15:54.426+0000] {manager.py:499} INFO - Created Permission View: %s
[2023-09-13T19:15:54.428+0000] {logging_mixin.py:151} INFO - [2023-09-13T19:15:54.428+0000] {security.py:708} INFO - Not syncing DAG-level permissions for DAG 'DAG:example_task_group' as access control is unset.
[2023-09-13T19:15:54.428+0000] {logging_mixin.py:151} INFO - [2023-09-13T19:15:54.428+0000] {dag.py:2915} INFO - Sync 1 DAGs
[2023-09-13T19:15:54.439+0000] {logging_mixin.py:151} INFO - [2023-09-13T19:15:54.439+0000] {dag.py:2937} INFO - Creating ORM DAG for example_task_group
[2023-09-13T19:15:54.450+0000] {logging_mixin.py:151} INFO - [2023-09-13T19:15:54.450+0000] {dag.py:3696} INFO - Setting next_dagrun for example_task_group to 2023-09-12T19:15:54.449884+00:00, run_after=2023-09-13T19:15:54.449884+00:00
[2023-09-13T19:15:54.466+0000] {processor.py:179} INFO - Processing /home/airflow/.local/lib/python3.8/site-packages/airflow/example_dags/example_task_group.py took 0.172 seconds
[2023-09-13T19:16:25.414+0000] {processor.py:157} INFO - Started process (PID=124) to work on /home/airflow/.local/lib/python3.8/site-packages/airflow/example_dags/example_task_group.py
[2023-09-13T19:16:25.416+0000] {processor.py:829} INFO - Processing file /home/airflow/.local/lib/python3.8/site-packages/airflow/example_dags/example_task_group.py for tasks to queue
[2023-09-13T19:16:25.418+0000] {logging_mixin.py:151} INFO - [2023-09-13T19:16:25.418+0000] {dagbag.py:539} INFO - Filling up the DagBag from /home/airflow/.local/lib/python3.8/site-packages/airflow/example_dags/example_task_group.py
[2023-09-13T19:16:25.425+0000] {processor.py:839} INFO - DAG(s) dict_keys(['example_task_group']) retrieved from /home/airflow/.local/lib/python3.8/site-packages/airflow/example_dags/example_task_group.py
[2023-09-13T19:16:25.446+0000] {logging_mixin.py:151} INFO - [2023-09-13T19:16:25.446+0000] {dag.py:2915} INFO - Sync 1 DAGs
[2023-09-13T19:16:25.463+0000] {logging_mixin.py:151} INFO - [2023-09-13T19:16:25.463+0000] {dag.py:3696} INFO - Setting next_dagrun for example_task_group to 2023-09-12T19:16:25.463469+00:00, run_after=2023-09-13T19:16:25.463469+00:00
[2023-09-13T19:16:25.476+0000] {processor.py:179} INFO - Processing /home/airflow/.local/lib/python3.8/site-packages/airflow/example_dags/example_task_group.py took 0.065 seconds
[2023-09-13T19:16:55.802+0000] {processor.py:157} INFO - Started process (PID=177) to work on /home/airflow/.local/lib/python3.8/site-packages/airflow/example_dags/example_task_group.py
[2023-09-13T19:16:55.804+0000] {processor.py:829} INFO - Processing file /home/airflow/.local/lib/python3.8/site-packages/airflow/example_dags/example_task_group.py for tasks to queue
[2023-09-13T19:16:55.806+0000] {logging_mixin.py:151} INFO - [2023-09-13T19:16:55.806+0000] {dagbag.py:539} INFO - Filling up the DagBag from /home/airflow/.local/lib/python3.8/site-packages/airflow/example_dags/example_task_group.py
[2023-09-13T19:16:55.813+0000] {processor.py:839} INFO - DAG(s) dict_keys(['example_task_group']) retrieved from /home/airflow/.local/lib/python3.8/site-packages/airflow/example_dags/example_task_group.py
[2023-09-13T19:16:55.834+0000] {logging_mixin.py:151} INFO - [2023-09-13T19:16:55.834+0000] {dag.py:2915} INFO - Sync 1 DAGs
[2023-09-13T19:16:55.850+0000] {logging_mixin.py:151} INFO - [2023-09-13T19:16:55.850+0000] {dag.py:3696} INFO - Setting next_dagrun for example_task_group to 2023-09-12T19:16:55.850325+00:00, run_after=2023-09-13T19:16:55.850325+00:00
[2023-09-13T19:16:55.863+0000] {processor.py:179} INFO - Processing /home/airflow/.local/lib/python3.8/site-packages/airflow/example_dags/example_task_group.py took 0.064 seconds
[2023-09-13T19:17:26.040+0000] {processor.py:157} INFO - Started process (PID=231) to work on /home/airflow/.local/lib/python3.8/site-packages/airflow/example_dags/example_task_group.py
[2023-09-13T19:17:26.046+0000] {processor.py:829} INFO - Processing file /home/airflow/.local/lib/python3.8/site-packages/airflow/example_dags/example_task_group.py for tasks to queue
[2023-09-13T19:17:26.052+0000] {logging_mixin.py:151} INFO - [2023-09-13T19:17:26.051+0000] {dagbag.py:539} INFO - Filling up the DagBag from /home/airflow/.local/lib/python3.8/site-packages/airflow/example_dags/example_task_group.py
[2023-09-13T19:17:26.073+0000] {processor.py:839} INFO - DAG(s) dict_keys(['example_task_group']) retrieved from /home/airflow/.local/lib/python3.8/site-packages/airflow/example_dags/example_task_group.py
[2023-09-13T19:17:26.113+0000] {logging_mixin.py:151} INFO - [2023-09-13T19:17:26.113+0000] {dag.py:2915} INFO - Sync 1 DAGs
[2023-09-13T19:17:26.138+0000] {logging_mixin.py:151} INFO - [2023-09-13T19:17:26.138+0000] {dag.py:3696} INFO - Setting next_dagrun for example_task_group to 2023-09-12T19:17:26.138050+00:00, run_after=2023-09-13T19:17:26.138050+00:00
[2023-09-13T19:17:26.162+0000] {processor.py:179} INFO - Processing /home/airflow/.local/lib/python3.8/site-packages/airflow/example_dags/example_task_group.py took 0.126 seconds
[2023-09-13T19:17:56.352+0000] {processor.py:157} INFO - Started process (PID=285) to work on /home/airflow/.local/lib/python3.8/site-packages/airflow/example_dags/example_task_group.py
[2023-09-13T19:17:56.354+0000] {processor.py:829} INFO - Processing file /home/airflow/.local/lib/python3.8/site-packages/airflow/example_dags/example_task_group.py for tasks to queue
[2023-09-13T19:17:56.356+0000] {logging_mixin.py:151} INFO - [2023-09-13T19:17:56.356+0000] {dagbag.py:539} INFO - Filling up the DagBag from /home/airflow/.local/lib/python3.8/site-packages/airflow/example_dags/example_task_group.py
[2023-09-13T19:17:56.362+0000] {processor.py:839} INFO - DAG(s) dict_keys(['example_task_group']) retrieved from /home/airflow/.local/lib/python3.8/site-packages/airflow/example_dags/example_task_group.py
[2023-09-13T19:17:56.384+0000] {logging_mixin.py:151} INFO - [2023-09-13T19:17:56.384+0000] {dag.py:2915} INFO - Sync 1 DAGs
[2023-09-13T19:17:56.401+0000] {logging_mixin.py:151} INFO - [2023-09-13T19:17:56.401+0000] {dag.py:3696} INFO - Setting next_dagrun for example_task_group to 2023-09-12T19:17:56.400883+00:00, run_after=2023-09-13T19:17:56.400883+00:00
[2023-09-13T19:17:56.413+0000] {processor.py:179} INFO - Processing /home/airflow/.local/lib/python3.8/site-packages/airflow/example_dags/example_task_group.py took 0.064 seconds
[2023-09-13T19:18:26.592+0000] {processor.py:157} INFO - Started process (PID=339) to work on /home/airflow/.local/lib/python3.8/site-packages/airflow/example_dags/example_task_group.py
[2023-09-13T19:18:26.594+0000] {processor.py:829} INFO - Processing file /home/airflow/.local/lib/python3.8/site-packages/airflow/example_dags/example_task_group.py for tasks to queue
[2023-09-13T19:18:26.597+0000] {logging_mixin.py:151} INFO - [2023-09-13T19:18:26.596+0000] {dagbag.py:539} INFO - Filling up the DagBag from /home/airflow/.local/lib/python3.8/site-packages/airflow/example_dags/example_task_group.py
[2023-09-13T19:18:26.604+0000] {processor.py:839} INFO - DAG(s) dict_keys(['example_task_group']) retrieved from /home/airflow/.local/lib/python3.8/site-packages/airflow/example_dags/example_task_group.py
[2023-09-13T19:18:26.666+0000] {logging_mixin.py:151} INFO - [2023-09-13T19:18:26.666+0000] {dag.py:2915} INFO - Sync 1 DAGs
[2023-09-13T19:18:26.683+0000] {logging_mixin.py:151} INFO - [2023-09-13T19:18:26.683+0000] {dag.py:3696} INFO - Setting next_dagrun for example_task_group to 2023-09-12T19:18:26.682802+00:00, run_after=2023-09-13T19:18:26.682802+00:00
[2023-09-13T19:18:26.695+0000] {processor.py:179} INFO - Processing /home/airflow/.local/lib/python3.8/site-packages/airflow/example_dags/example_task_group.py took 0.108 seconds
[2023-09-13T19:18:57.132+0000] {processor.py:157} INFO - Started process (PID=393) to work on /home/airflow/.local/lib/python3.8/site-packages/airflow/example_dags/example_task_group.py
[2023-09-13T19:18:57.134+0000] {processor.py:829} INFO - Processing file /home/airflow/.local/lib/python3.8/site-packages/airflow/example_dags/example_task_group.py for tasks to queue
[2023-09-13T19:18:57.136+0000] {logging_mixin.py:151} INFO - [2023-09-13T19:18:57.136+0000] {dagbag.py:539} INFO - Filling up the DagBag from /home/airflow/.local/lib/python3.8/site-packages/airflow/example_dags/example_task_group.py
[2023-09-13T19:18:57.143+0000] {processor.py:839} INFO - DAG(s) dict_keys(['example_task_group']) retrieved from /home/airflow/.local/lib/python3.8/site-packages/airflow/example_dags/example_task_group.py
[2023-09-13T19:18:57.170+0000] {logging_mixin.py:151} INFO - [2023-09-13T19:18:57.170+0000] {dag.py:2915} INFO - Sync 1 DAGs
[2023-09-13T19:18:57.190+0000] {logging_mixin.py:151} INFO - [2023-09-13T19:18:57.190+0000] {dag.py:3696} INFO - Setting next_dagrun for example_task_group to 2023-09-12T19:18:57.190158+00:00, run_after=2023-09-13T19:18:57.190158+00:00
[2023-09-13T19:18:57.211+0000] {processor.py:179} INFO - Processing /home/airflow/.local/lib/python3.8/site-packages/airflow/example_dags/example_task_group.py took 0.083 seconds
[2023-09-13T19:19:27.479+0000] {processor.py:157} INFO - Started process (PID=448) to work on /home/airflow/.local/lib/python3.8/site-packages/airflow/example_dags/example_task_group.py
[2023-09-13T19:19:27.480+0000] {processor.py:829} INFO - Processing file /home/airflow/.local/lib/python3.8/site-packages/airflow/example_dags/example_task_group.py for tasks to queue
[2023-09-13T19:19:27.483+0000] {logging_mixin.py:151} INFO - [2023-09-13T19:19:27.483+0000] {dagbag.py:539} INFO - Filling up the DagBag from /home/airflow/.local/lib/python3.8/site-packages/airflow/example_dags/example_task_group.py
[2023-09-13T19:19:27.490+0000] {processor.py:839} INFO - DAG(s) dict_keys(['example_task_group']) retrieved from /home/airflow/.local/lib/python3.8/site-packages/airflow/example_dags/example_task_group.py
[2023-09-13T19:19:27.515+0000] {logging_mixin.py:151} INFO - [2023-09-13T19:19:27.515+0000] {dag.py:2915} INFO - Sync 1 DAGs
[2023-09-13T19:19:27.535+0000] {logging_mixin.py:151} INFO - [2023-09-13T19:19:27.534+0000] {dag.py:3696} INFO - Setting next_dagrun for example_task_group to 2023-09-12T19:19:27.534614+00:00, run_after=2023-09-13T19:19:27.534614+00:00
[2023-09-13T19:19:27.548+0000] {processor.py:179} INFO - Processing /home/airflow/.local/lib/python3.8/site-packages/airflow/example_dags/example_task_group.py took 0.073 seconds
[2023-09-13T19:19:58.518+0000] {processor.py:157} INFO - Started process (PID=502) to work on /home/airflow/.local/lib/python3.8/site-packages/airflow/example_dags/example_task_group.py
[2023-09-13T19:19:58.519+0000] {processor.py:829} INFO - Processing file /home/airflow/.local/lib/python3.8/site-packages/airflow/example_dags/example_task_group.py for tasks to queue
[2023-09-13T19:19:58.522+0000] {logging_mixin.py:151} INFO - [2023-09-13T19:19:58.522+0000] {dagbag.py:539} INFO - Filling up the DagBag from /home/airflow/.local/lib/python3.8/site-packages/airflow/example_dags/example_task_group.py
[2023-09-13T19:19:58.529+0000] {processor.py:839} INFO - DAG(s) dict_keys(['example_task_group']) retrieved from /home/airflow/.local/lib/python3.8/site-packages/airflow/example_dags/example_task_group.py
[2023-09-13T19:19:58.552+0000] {logging_mixin.py:151} INFO - [2023-09-13T19:19:58.552+0000] {dag.py:2915} INFO - Sync 1 DAGs
[2023-09-13T19:19:58.569+0000] {logging_mixin.py:151} INFO - [2023-09-13T19:19:58.569+0000] {dag.py:3696} INFO - Setting next_dagrun for example_task_group to 2023-09-12T19:19:58.568855+00:00, run_after=2023-09-13T19:19:58.568855+00:00
[2023-09-13T19:19:58.582+0000] {processor.py:179} INFO - Processing /home/airflow/.local/lib/python3.8/site-packages/airflow/example_dags/example_task_group.py took 0.068 seconds
[2023-09-13T19:20:28.836+0000] {processor.py:157} INFO - Started process (PID=555) to work on /home/airflow/.local/lib/python3.8/site-packages/airflow/example_dags/example_task_group.py
[2023-09-13T19:20:28.838+0000] {processor.py:829} INFO - Processing file /home/airflow/.local/lib/python3.8/site-packages/airflow/example_dags/example_task_group.py for tasks to queue
[2023-09-13T19:20:28.840+0000] {logging_mixin.py:151} INFO - [2023-09-13T19:20:28.840+0000] {dagbag.py:539} INFO - Filling up the DagBag from /home/airflow/.local/lib/python3.8/site-packages/airflow/example_dags/example_task_group.py
[2023-09-13T19:20:28.847+0000] {processor.py:839} INFO - DAG(s) dict_keys(['example_task_group']) retrieved from /home/airflow/.local/lib/python3.8/site-packages/airflow/example_dags/example_task_group.py
[2023-09-13T19:20:28.869+0000] {logging_mixin.py:151} INFO - [2023-09-13T19:20:28.869+0000] {dag.py:2915} INFO - Sync 1 DAGs
[2023-09-13T19:20:28.886+0000] {logging_mixin.py:151} INFO - [2023-09-13T19:20:28.886+0000] {dag.py:3696} INFO - Setting next_dagrun for example_task_group to 2023-09-12T19:20:28.885940+00:00, run_after=2023-09-13T19:20:28.885940+00:00
[2023-09-13T19:20:28.899+0000] {processor.py:179} INFO - Processing /home/airflow/.local/lib/python3.8/site-packages/airflow/example_dags/example_task_group.py took 0.066 seconds
[2023-09-13T19:20:59.661+0000] {processor.py:157} INFO - Started process (PID=616) to work on /home/airflow/.local/lib/python3.8/site-packages/airflow/example_dags/example_task_group.py
[2023-09-13T19:20:59.662+0000] {processor.py:829} INFO - Processing file /home/airflow/.local/lib/python3.8/site-packages/airflow/example_dags/example_task_group.py for tasks to queue
[2023-09-13T19:20:59.665+0000] {logging_mixin.py:151} INFO - [2023-09-13T19:20:59.664+0000] {dagbag.py:539} INFO - Filling up the DagBag from /home/airflow/.local/lib/python3.8/site-packages/airflow/example_dags/example_task_group.py
[2023-09-13T19:20:59.672+0000] {processor.py:839} INFO - DAG(s) dict_keys(['example_task_group']) retrieved from /home/airflow/.local/lib/python3.8/site-packages/airflow/example_dags/example_task_group.py
[2023-09-13T19:20:59.695+0000] {logging_mixin.py:151} INFO - [2023-09-13T19:20:59.695+0000] {dag.py:2915} INFO - Sync 1 DAGs
[2023-09-13T19:20:59.712+0000] {logging_mixin.py:151} INFO - [2023-09-13T19:20:59.712+0000] {dag.py:3696} INFO - Setting next_dagrun for example_task_group to 2023-09-12T19:20:59.712505+00:00, run_after=2023-09-13T19:20:59.712505+00:00
[2023-09-13T19:20:59.727+0000] {processor.py:179} INFO - Processing /home/airflow/.local/lib/python3.8/site-packages/airflow/example_dags/example_task_group.py took 0.070 seconds
[2023-09-13T19:21:30.377+0000] {processor.py:157} INFO - Started process (PID=670) to work on /home/airflow/.local/lib/python3.8/site-packages/airflow/example_dags/example_task_group.py
[2023-09-13T19:21:30.378+0000] {processor.py:829} INFO - Processing file /home/airflow/.local/lib/python3.8/site-packages/airflow/example_dags/example_task_group.py for tasks to queue
[2023-09-13T19:21:30.381+0000] {logging_mixin.py:151} INFO - [2023-09-13T19:21:30.381+0000] {dagbag.py:539} INFO - Filling up the DagBag from /home/airflow/.local/lib/python3.8/site-packages/airflow/example_dags/example_task_group.py
[2023-09-13T19:21:30.387+0000] {processor.py:839} INFO - DAG(s) dict_keys(['example_task_group']) retrieved from /home/airflow/.local/lib/python3.8/site-packages/airflow/example_dags/example_task_group.py
[2023-09-13T19:21:30.410+0000] {logging_mixin.py:151} INFO - [2023-09-13T19:21:30.410+0000] {dag.py:2915} INFO - Sync 1 DAGs
[2023-09-13T19:21:30.427+0000] {logging_mixin.py:151} INFO - [2023-09-13T19:21:30.427+0000] {dag.py:3696} INFO - Setting next_dagrun for example_task_group to 2023-09-12T19:21:30.426895+00:00, run_after=2023-09-13T19:21:30.426895+00:00
[2023-09-13T19:21:30.440+0000] {processor.py:179} INFO - Processing /home/airflow/.local/lib/python3.8/site-packages/airflow/example_dags/example_task_group.py took 0.066 seconds
[2023-09-13T19:22:01.032+0000] {processor.py:157} INFO - Started process (PID=724) to work on /home/airflow/.local/lib/python3.8/site-packages/airflow/example_dags/example_task_group.py
[2023-09-13T19:22:01.033+0000] {processor.py:829} INFO - Processing file /home/airflow/.local/lib/python3.8/site-packages/airflow/example_dags/example_task_group.py for tasks to queue
[2023-09-13T19:22:01.036+0000] {logging_mixin.py:151} INFO - [2023-09-13T19:22:01.036+0000] {dagbag.py:539} INFO - Filling up the DagBag from /home/airflow/.local/lib/python3.8/site-packages/airflow/example_dags/example_task_group.py
[2023-09-13T19:22:01.050+0000] {processor.py:839} INFO - DAG(s) dict_keys(['example_task_group']) retrieved from /home/airflow/.local/lib/python3.8/site-packages/airflow/example_dags/example_task_group.py
[2023-09-13T19:22:01.078+0000] {logging_mixin.py:151} INFO - [2023-09-13T19:22:01.078+0000] {dag.py:2915} INFO - Sync 1 DAGs
[2023-09-13T19:22:01.096+0000] {logging_mixin.py:151} INFO - [2023-09-13T19:22:01.096+0000] {dag.py:3696} INFO - Setting next_dagrun for example_task_group to 2023-09-12T19:22:01.095741+00:00, run_after=2023-09-13T19:22:01.095741+00:00
[2023-09-13T19:22:01.110+0000] {processor.py:179} INFO - Processing /home/airflow/.local/lib/python3.8/site-packages/airflow/example_dags/example_task_group.py took 0.081 seconds
[2023-09-13T19:22:31.867+0000] {processor.py:157} INFO - Started process (PID=778) to work on /home/airflow/.local/lib/python3.8/site-packages/airflow/example_dags/example_task_group.py
[2023-09-13T19:22:31.869+0000] {processor.py:829} INFO - Processing file /home/airflow/.local/lib/python3.8/site-packages/airflow/example_dags/example_task_group.py for tasks to queue
[2023-09-13T19:22:31.871+0000] {logging_mixin.py:151} INFO - [2023-09-13T19:22:31.871+0000] {dagbag.py:539} INFO - Filling up the DagBag from /home/airflow/.local/lib/python3.8/site-packages/airflow/example_dags/example_task_group.py
[2023-09-13T19:22:31.878+0000] {processor.py:839} INFO - DAG(s) dict_keys(['example_task_group']) retrieved from /home/airflow/.local/lib/python3.8/site-packages/airflow/example_dags/example_task_group.py
[2023-09-13T19:22:31.900+0000] {logging_mixin.py:151} INFO - [2023-09-13T19:22:31.900+0000] {dag.py:2915} INFO - Sync 1 DAGs
[2023-09-13T19:22:31.916+0000] {logging_mixin.py:151} INFO - [2023-09-13T19:22:31.916+0000] {dag.py:3696} INFO - Setting next_dagrun for example_task_group to 2023-09-12T19:22:31.916568+00:00, run_after=2023-09-13T19:22:31.916568+00:00
[2023-09-13T19:22:31.929+0000] {processor.py:179} INFO - Processing /home/airflow/.local/lib/python3.8/site-packages/airflow/example_dags/example_task_group.py took 0.065 seconds
[2023-09-13T19:23:02.257+0000] {processor.py:157} INFO - Started process (PID=832) to work on /home/airflow/.local/lib/python3.8/site-packages/airflow/example_dags/example_task_group.py
[2023-09-13T19:23:02.259+0000] {processor.py:829} INFO - Processing file /home/airflow/.local/lib/python3.8/site-packages/airflow/example_dags/example_task_group.py for tasks to queue
[2023-09-13T19:23:02.261+0000] {logging_mixin.py:151} INFO - [2023-09-13T19:23:02.261+0000] {dagbag.py:539} INFO - Filling up the DagBag from /home/airflow/.local/lib/python3.8/site-packages/airflow/example_dags/example_task_group.py
[2023-09-13T19:23:02.268+0000] {processor.py:839} INFO - DAG(s) dict_keys(['example_task_group']) retrieved from /home/airflow/.local/lib/python3.8/site-packages/airflow/example_dags/example_task_group.py
[2023-09-13T19:23:02.290+0000] {logging_mixin.py:151} INFO - [2023-09-13T19:23:02.290+0000] {dag.py:2915} INFO - Sync 1 DAGs
[2023-09-13T19:23:02.307+0000] {logging_mixin.py:151} INFO - [2023-09-13T19:23:02.307+0000] {dag.py:3696} INFO - Setting next_dagrun for example_task_group to 2023-09-12T19:23:02.306921+00:00, run_after=2023-09-13T19:23:02.306921+00:00
[2023-09-13T19:23:02.320+0000] {processor.py:179} INFO - Processing /home/airflow/.local/lib/python3.8/site-packages/airflow/example_dags/example_task_group.py took 0.067 seconds
[2023-09-13T19:23:32.513+0000] {processor.py:157} INFO - Started process (PID=886) to work on /home/airflow/.local/lib/python3.8/site-packages/airflow/example_dags/example_task_group.py
[2023-09-13T19:23:32.514+0000] {processor.py:829} INFO - Processing file /home/airflow/.local/lib/python3.8/site-packages/airflow/example_dags/example_task_group.py for tasks to queue
[2023-09-13T19:23:32.517+0000] {logging_mixin.py:151} INFO - [2023-09-13T19:23:32.517+0000] {dagbag.py:539} INFO - Filling up the DagBag from /home/airflow/.local/lib/python3.8/site-packages/airflow/example_dags/example_task_group.py
[2023-09-13T19:23:32.524+0000] {processor.py:839} INFO - DAG(s) dict_keys(['example_task_group']) retrieved from /home/airflow/.local/lib/python3.8/site-packages/airflow/example_dags/example_task_group.py
[2023-09-13T19:23:32.547+0000] {logging_mixin.py:151} INFO - [2023-09-13T19:23:32.547+0000] {dag.py:2915} INFO - Sync 1 DAGs
[2023-09-13T19:23:32.564+0000] {logging_mixin.py:151} INFO - [2023-09-13T19:23:32.563+0000] {dag.py:3696} INFO - Setting next_dagrun for example_task_group to 2023-09-12T19:23:32.563625+00:00, run_after=2023-09-13T19:23:32.563625+00:00
[2023-09-13T19:23:32.576+0000] {processor.py:179} INFO - Processing /home/airflow/.local/lib/python3.8/site-packages/airflow/example_dags/example_task_group.py took 0.068 seconds
[2023-09-13T19:24:02.704+0000] {processor.py:157} INFO - Started process (PID=940) to work on /home/airflow/.local/lib/python3.8/site-packages/airflow/example_dags/example_task_group.py
[2023-09-13T19:24:02.707+0000] {processor.py:829} INFO - Processing file /home/airflow/.local/lib/python3.8/site-packages/airflow/example_dags/example_task_group.py for tasks to queue
[2023-09-13T19:24:02.710+0000] {logging_mixin.py:151} INFO - [2023-09-13T19:24:02.709+0000] {dagbag.py:539} INFO - Filling up the DagBag from /home/airflow/.local/lib/python3.8/site-packages/airflow/example_dags/example_task_group.py
[2023-09-13T19:24:02.716+0000] {processor.py:839} INFO - DAG(s) dict_keys(['example_task_group']) retrieved from /home/airflow/.local/lib/python3.8/site-packages/airflow/example_dags/example_task_group.py
[2023-09-13T19:24:02.739+0000] {logging_mixin.py:151} INFO - [2023-09-13T19:24:02.739+0000] {dag.py:2915} INFO - Sync 1 DAGs
[2023-09-13T19:24:02.758+0000] {logging_mixin.py:151} INFO - [2023-09-13T19:24:02.758+0000] {dag.py:3696} INFO - Setting next_dagrun for example_task_group to 2023-09-12T19:24:02.758399+00:00, run_after=2023-09-13T19:24:02.758399+00:00
[2023-09-13T19:24:02.772+0000] {processor.py:179} INFO - Processing /home/airflow/.local/lib/python3.8/site-packages/airflow/example_dags/example_task_group.py took 0.073 seconds
[2023-09-13T19:24:33.040+0000] {processor.py:157} INFO - Started process (PID=995) to work on /home/airflow/.local/lib/python3.8/site-packages/airflow/example_dags/example_task_group.py
[2023-09-13T19:24:33.041+0000] {processor.py:829} INFO - Processing file /home/airflow/.local/lib/python3.8/site-packages/airflow/example_dags/example_task_group.py for tasks to queue
[2023-09-13T19:24:33.044+0000] {logging_mixin.py:151} INFO - [2023-09-13T19:24:33.044+0000] {dagbag.py:539} INFO - Filling up the DagBag from /home/airflow/.local/lib/python3.8/site-packages/airflow/example_dags/example_task_group.py
[2023-09-13T19:24:33.050+0000] {processor.py:839} INFO - DAG(s) dict_keys(['example_task_group']) retrieved from /home/airflow/.local/lib/python3.8/site-packages/airflow/example_dags/example_task_group.py
[2023-09-13T19:24:33.073+0000] {logging_mixin.py:151} INFO - [2023-09-13T19:24:33.073+0000] {dag.py:2915} INFO - Sync 1 DAGs
[2023-09-13T19:24:33.090+0000] {logging_mixin.py:151} INFO - [2023-09-13T19:24:33.090+0000] {dag.py:3696} INFO - Setting next_dagrun for example_task_group to 2023-09-12T19:24:33.090453+00:00, run_after=2023-09-13T19:24:33.090453+00:00
[2023-09-13T19:24:33.104+0000] {processor.py:179} INFO - Processing /home/airflow/.local/lib/python3.8/site-packages/airflow/example_dags/example_task_group.py took 0.069 seconds
[2023-09-13T19:25:03.180+0000] {processor.py:157} INFO - Started process (PID=1048) to work on /home/airflow/.local/lib/python3.8/site-packages/airflow/example_dags/example_task_group.py
[2023-09-13T19:25:03.182+0000] {processor.py:829} INFO - Processing file /home/airflow/.local/lib/python3.8/site-packages/airflow/example_dags/example_task_group.py for tasks to queue
[2023-09-13T19:25:03.185+0000] {logging_mixin.py:151} INFO - [2023-09-13T19:25:03.184+0000] {dagbag.py:539} INFO - Filling up the DagBag from /home/airflow/.local/lib/python3.8/site-packages/airflow/example_dags/example_task_group.py
[2023-09-13T19:25:03.192+0000] {processor.py:839} INFO - DAG(s) dict_keys(['example_task_group']) retrieved from /home/airflow/.local/lib/python3.8/site-packages/airflow/example_dags/example_task_group.py
[2023-09-13T19:25:03.214+0000] {logging_mixin.py:151} INFO - [2023-09-13T19:25:03.214+0000] {dag.py:2915} INFO - Sync 1 DAGs
[2023-09-13T19:25:03.231+0000] {logging_mixin.py:151} INFO - [2023-09-13T19:25:03.231+0000] {dag.py:3696} INFO - Setting next_dagrun for example_task_group to 2023-09-12T19:25:03.231342+00:00, run_after=2023-09-13T19:25:03.231342+00:00
[2023-09-13T19:25:03.244+0000] {processor.py:179} INFO - Processing /home/airflow/.local/lib/python3.8/site-packages/airflow/example_dags/example_task_group.py took 0.069 seconds
[2023-09-13T19:25:33.513+0000] {processor.py:157} INFO - Started process (PID=1102) to work on /home/airflow/.local/lib/python3.8/site-packages/airflow/example_dags/example_task_group.py
[2023-09-13T19:25:33.514+0000] {processor.py:829} INFO - Processing file /home/airflow/.local/lib/python3.8/site-packages/airflow/example_dags/example_task_group.py for tasks to queue
[2023-09-13T19:25:33.517+0000] {logging_mixin.py:151} INFO - [2023-09-13T19:25:33.516+0000] {dagbag.py:539} INFO - Filling up the DagBag from /home/airflow/.local/lib/python3.8/site-packages/airflow/example_dags/example_task_group.py
[2023-09-13T19:25:33.524+0000] {processor.py:839} INFO - DAG(s) dict_keys(['example_task_group']) retrieved from /home/airflow/.local/lib/python3.8/site-packages/airflow/example_dags/example_task_group.py
[2023-09-13T19:25:33.546+0000] {logging_mixin.py:151} INFO - [2023-09-13T19:25:33.546+0000] {dag.py:2915} INFO - Sync 1 DAGs
[2023-09-13T19:25:33.563+0000] {logging_mixin.py:151} INFO - [2023-09-13T19:25:33.563+0000] {dag.py:3696} INFO - Setting next_dagrun for example_task_group to 2023-09-12T19:25:33.562911+00:00, run_after=2023-09-13T19:25:33.562911+00:00
[2023-09-13T19:25:33.576+0000] {processor.py:179} INFO - Processing /home/airflow/.local/lib/python3.8/site-packages/airflow/example_dags/example_task_group.py took 0.068 seconds
[2023-09-13T19:26:04.524+0000] {processor.py:157} INFO - Started process (PID=1158) to work on /home/airflow/.local/lib/python3.8/site-packages/airflow/example_dags/example_task_group.py
[2023-09-13T19:26:04.527+0000] {processor.py:829} INFO - Processing file /home/airflow/.local/lib/python3.8/site-packages/airflow/example_dags/example_task_group.py for tasks to queue
[2023-09-13T19:26:04.530+0000] {logging_mixin.py:151} INFO - [2023-09-13T19:26:04.530+0000] {dagbag.py:539} INFO - Filling up the DagBag from /home/airflow/.local/lib/python3.8/site-packages/airflow/example_dags/example_task_group.py
[2023-09-13T19:26:04.538+0000] {processor.py:839} INFO - DAG(s) dict_keys(['example_task_group']) retrieved from /home/airflow/.local/lib/python3.8/site-packages/airflow/example_dags/example_task_group.py
[2023-09-13T19:26:04.560+0000] {logging_mixin.py:151} INFO - [2023-09-13T19:26:04.560+0000] {dag.py:2915} INFO - Sync 1 DAGs
[2023-09-13T19:26:04.577+0000] {logging_mixin.py:151} INFO - [2023-09-13T19:26:04.577+0000] {dag.py:3696} INFO - Setting next_dagrun for example_task_group to 2023-09-12T19:26:04.577520+00:00, run_after=2023-09-13T19:26:04.577520+00:00
[2023-09-13T19:26:04.591+0000] {processor.py:179} INFO - Processing /home/airflow/.local/lib/python3.8/site-packages/airflow/example_dags/example_task_group.py took 0.072 seconds
[2023-09-13T19:26:34.926+0000] {processor.py:157} INFO - Started process (PID=1215) to work on /home/airflow/.local/lib/python3.8/site-packages/airflow/example_dags/example_task_group.py
[2023-09-13T19:26:34.928+0000] {processor.py:829} INFO - Processing file /home/airflow/.local/lib/python3.8/site-packages/airflow/example_dags/example_task_group.py for tasks to queue
[2023-09-13T19:26:34.934+0000] {logging_mixin.py:151} INFO - [2023-09-13T19:26:34.934+0000] {dagbag.py:539} INFO - Filling up the DagBag from /home/airflow/.local/lib/python3.8/site-packages/airflow/example_dags/example_task_group.py
[2023-09-13T19:26:34.945+0000] {processor.py:839} INFO - DAG(s) dict_keys(['example_task_group']) retrieved from /home/airflow/.local/lib/python3.8/site-packages/airflow/example_dags/example_task_group.py
[2023-09-13T19:26:34.979+0000] {logging_mixin.py:151} INFO - [2023-09-13T19:26:34.979+0000] {dag.py:2915} INFO - Sync 1 DAGs
[2023-09-13T19:26:35.014+0000] {logging_mixin.py:151} INFO - [2023-09-13T19:26:35.014+0000] {dag.py:3696} INFO - Setting next_dagrun for example_task_group to 2023-09-12T19:26:35.014009+00:00, run_after=2023-09-13T19:26:35.014009+00:00
[2023-09-13T19:26:35.031+0000] {processor.py:179} INFO - Processing /home/airflow/.local/lib/python3.8/site-packages/airflow/example_dags/example_task_group.py took 0.112 seconds
[2023-09-13T19:27:05.362+0000] {processor.py:157} INFO - Started process (PID=1270) to work on /home/airflow/.local/lib/python3.8/site-packages/airflow/example_dags/example_task_group.py
[2023-09-13T19:27:05.364+0000] {processor.py:829} INFO - Processing file /home/airflow/.local/lib/python3.8/site-packages/airflow/example_dags/example_task_group.py for tasks to queue
[2023-09-13T19:27:05.367+0000] {logging_mixin.py:151} INFO - [2023-09-13T19:27:05.367+0000] {dagbag.py:539} INFO - Filling up the DagBag from /home/airflow/.local/lib/python3.8/site-packages/airflow/example_dags/example_task_group.py
[2023-09-13T19:27:05.374+0000] {processor.py:839} INFO - DAG(s) dict_keys(['example_task_group']) retrieved from /home/airflow/.local/lib/python3.8/site-packages/airflow/example_dags/example_task_group.py
[2023-09-13T19:27:05.401+0000] {logging_mixin.py:151} INFO - [2023-09-13T19:27:05.401+0000] {dag.py:2915} INFO - Sync 1 DAGs
[2023-09-13T19:27:05.420+0000] {logging_mixin.py:151} INFO - [2023-09-13T19:27:05.420+0000] {dag.py:3696} INFO - Setting next_dagrun for example_task_group to 2023-09-12T19:27:05.419897+00:00, run_after=2023-09-13T19:27:05.419897+00:00
[2023-09-13T19:27:05.434+0000] {processor.py:179} INFO - Processing /home/airflow/.local/lib/python3.8/site-packages/airflow/example_dags/example_task_group.py took 0.075 seconds
[2023-09-13T19:28:18.380+0000] {processor.py:157} INFO - Started process (PID=70) to work on /home/airflow/.local/lib/python3.8/site-packages/airflow/example_dags/example_task_group.py
[2023-09-13T19:28:18.394+0000] {processor.py:829} INFO - Processing file /home/airflow/.local/lib/python3.8/site-packages/airflow/example_dags/example_task_group.py for tasks to queue
[2023-09-13T19:28:18.402+0000] {logging_mixin.py:151} INFO - [2023-09-13T19:28:18.401+0000] {dagbag.py:539} INFO - Filling up the DagBag from /home/airflow/.local/lib/python3.8/site-packages/airflow/example_dags/example_task_group.py
[2023-09-13T19:28:18.417+0000] {processor.py:839} INFO - DAG(s) dict_keys(['example_task_group']) retrieved from /home/airflow/.local/lib/python3.8/site-packages/airflow/example_dags/example_task_group.py
[2023-09-13T19:28:18.439+0000] {logging_mixin.py:151} INFO - [2023-09-13T19:28:18.439+0000] {dag.py:2915} INFO - Sync 1 DAGs
[2023-09-13T19:28:18.513+0000] {logging_mixin.py:151} INFO - [2023-09-13T19:28:18.512+0000] {dag.py:3696} INFO - Setting next_dagrun for example_task_group to 2023-09-12T19:28:18.511971+00:00, run_after=2023-09-13T19:28:18.511971+00:00
[2023-09-13T19:28:18.564+0000] {processor.py:179} INFO - Processing /home/airflow/.local/lib/python3.8/site-packages/airflow/example_dags/example_task_group.py took 0.214 seconds
[2023-09-13T19:28:48.687+0000] {processor.py:157} INFO - Started process (PID=126) to work on /home/airflow/.local/lib/python3.8/site-packages/airflow/example_dags/example_task_group.py
[2023-09-13T19:28:48.689+0000] {processor.py:829} INFO - Processing file /home/airflow/.local/lib/python3.8/site-packages/airflow/example_dags/example_task_group.py for tasks to queue
[2023-09-13T19:28:48.691+0000] {logging_mixin.py:151} INFO - [2023-09-13T19:28:48.691+0000] {dagbag.py:539} INFO - Filling up the DagBag from /home/airflow/.local/lib/python3.8/site-packages/airflow/example_dags/example_task_group.py
[2023-09-13T19:28:48.700+0000] {processor.py:839} INFO - DAG(s) dict_keys(['example_task_group']) retrieved from /home/airflow/.local/lib/python3.8/site-packages/airflow/example_dags/example_task_group.py
[2023-09-13T19:28:48.726+0000] {logging_mixin.py:151} INFO - [2023-09-13T19:28:48.725+0000] {dag.py:2915} INFO - Sync 1 DAGs
[2023-09-13T19:28:48.748+0000] {logging_mixin.py:151} INFO - [2023-09-13T19:28:48.748+0000] {dag.py:3696} INFO - Setting next_dagrun for example_task_group to 2023-09-12T19:28:48.747768+00:00, run_after=2023-09-13T19:28:48.747768+00:00
[2023-09-13T19:28:48.763+0000] {processor.py:179} INFO - Processing /home/airflow/.local/lib/python3.8/site-packages/airflow/example_dags/example_task_group.py took 0.080 seconds
[2023-09-13T19:29:19.701+0000] {processor.py:157} INFO - Started process (PID=181) to work on /home/airflow/.local/lib/python3.8/site-packages/airflow/example_dags/example_task_group.py
[2023-09-13T19:29:19.704+0000] {processor.py:829} INFO - Processing file /home/airflow/.local/lib/python3.8/site-packages/airflow/example_dags/example_task_group.py for tasks to queue
[2023-09-13T19:29:19.708+0000] {logging_mixin.py:151} INFO - [2023-09-13T19:29:19.707+0000] {dagbag.py:539} INFO - Filling up the DagBag from /home/airflow/.local/lib/python3.8/site-packages/airflow/example_dags/example_task_group.py
[2023-09-13T19:29:19.719+0000] {processor.py:839} INFO - DAG(s) dict_keys(['example_task_group']) retrieved from /home/airflow/.local/lib/python3.8/site-packages/airflow/example_dags/example_task_group.py
[2023-09-13T19:29:19.742+0000] {logging_mixin.py:151} INFO - [2023-09-13T19:29:19.742+0000] {dag.py:2915} INFO - Sync 1 DAGs
[2023-09-13T19:29:19.759+0000] {logging_mixin.py:151} INFO - [2023-09-13T19:29:19.759+0000] {dag.py:3696} INFO - Setting next_dagrun for example_task_group to 2023-09-12T19:29:19.759557+00:00, run_after=2023-09-13T19:29:19.759557+00:00
[2023-09-13T19:29:19.772+0000] {processor.py:179} INFO - Processing /home/airflow/.local/lib/python3.8/site-packages/airflow/example_dags/example_task_group.py took 0.078 seconds
[2023-09-13T19:29:50.016+0000] {processor.py:157} INFO - Started process (PID=235) to work on /home/airflow/.local/lib/python3.8/site-packages/airflow/example_dags/example_task_group.py
[2023-09-13T19:29:50.019+0000] {processor.py:829} INFO - Processing file /home/airflow/.local/lib/python3.8/site-packages/airflow/example_dags/example_task_group.py for tasks to queue
[2023-09-13T19:29:50.022+0000] {logging_mixin.py:151} INFO - [2023-09-13T19:29:50.021+0000] {dagbag.py:539} INFO - Filling up the DagBag from /home/airflow/.local/lib/python3.8/site-packages/airflow/example_dags/example_task_group.py
[2023-09-13T19:29:50.030+0000] {processor.py:839} INFO - DAG(s) dict_keys(['example_task_group']) retrieved from /home/airflow/.local/lib/python3.8/site-packages/airflow/example_dags/example_task_group.py
[2023-09-13T19:29:50.053+0000] {logging_mixin.py:151} INFO - [2023-09-13T19:29:50.053+0000] {dag.py:2915} INFO - Sync 1 DAGs
[2023-09-13T19:29:50.070+0000] {logging_mixin.py:151} INFO - [2023-09-13T19:29:50.069+0000] {dag.py:3696} INFO - Setting next_dagrun for example_task_group to 2023-09-12T19:29:50.069557+00:00, run_after=2023-09-13T19:29:50.069557+00:00
[2023-09-13T19:29:50.082+0000] {processor.py:179} INFO - Processing /home/airflow/.local/lib/python3.8/site-packages/airflow/example_dags/example_task_group.py took 0.072 seconds
[2023-09-13T19:30:20.400+0000] {processor.py:157} INFO - Started process (PID=289) to work on /home/airflow/.local/lib/python3.8/site-packages/airflow/example_dags/example_task_group.py
[2023-09-13T19:30:20.402+0000] {processor.py:829} INFO - Processing file /home/airflow/.local/lib/python3.8/site-packages/airflow/example_dags/example_task_group.py for tasks to queue
[2023-09-13T19:30:20.407+0000] {logging_mixin.py:151} INFO - [2023-09-13T19:30:20.406+0000] {dagbag.py:539} INFO - Filling up the DagBag from /home/airflow/.local/lib/python3.8/site-packages/airflow/example_dags/example_task_group.py
[2023-09-13T19:30:20.417+0000] {processor.py:839} INFO - DAG(s) dict_keys(['example_task_group']) retrieved from /home/airflow/.local/lib/python3.8/site-packages/airflow/example_dags/example_task_group.py
[2023-09-13T19:30:20.459+0000] {logging_mixin.py:151} INFO - [2023-09-13T19:30:20.459+0000] {dag.py:2915} INFO - Sync 1 DAGs
[2023-09-13T19:30:20.484+0000] {logging_mixin.py:151} INFO - [2023-09-13T19:30:20.484+0000] {dag.py:3696} INFO - Setting next_dagrun for example_task_group to 2023-09-12T19:30:20.483778+00:00, run_after=2023-09-13T19:30:20.483778+00:00
[2023-09-13T19:30:20.503+0000] {processor.py:179} INFO - Processing /home/airflow/.local/lib/python3.8/site-packages/airflow/example_dags/example_task_group.py took 0.107 seconds
[2023-09-13T19:31:33.733+0000] {processor.py:157} INFO - Started process (PID=71) to work on /home/airflow/.local/lib/python3.8/site-packages/airflow/example_dags/example_task_group.py
[2023-09-13T19:31:33.748+0000] {processor.py:829} INFO - Processing file /home/airflow/.local/lib/python3.8/site-packages/airflow/example_dags/example_task_group.py for tasks to queue
[2023-09-13T19:31:33.762+0000] {logging_mixin.py:151} INFO - [2023-09-13T19:31:33.760+0000] {dagbag.py:539} INFO - Filling up the DagBag from /home/airflow/.local/lib/python3.8/site-packages/airflow/example_dags/example_task_group.py
[2023-09-13T19:31:33.786+0000] {processor.py:839} INFO - DAG(s) dict_keys(['example_task_group']) retrieved from /home/airflow/.local/lib/python3.8/site-packages/airflow/example_dags/example_task_group.py
[2023-09-13T19:31:33.843+0000] {logging_mixin.py:151} INFO - [2023-09-13T19:31:33.843+0000] {dag.py:2915} INFO - Sync 1 DAGs
[2023-09-13T19:31:33.896+0000] {logging_mixin.py:151} INFO - [2023-09-13T19:31:33.896+0000] {dag.py:3696} INFO - Setting next_dagrun for example_task_group to 2023-09-12T19:31:33.895638+00:00, run_after=2023-09-13T19:31:33.895638+00:00
[2023-09-13T19:31:33.928+0000] {processor.py:179} INFO - Processing /home/airflow/.local/lib/python3.8/site-packages/airflow/example_dags/example_task_group.py took 0.203 seconds
[2023-09-13T19:32:04.867+0000] {processor.py:157} INFO - Started process (PID=126) to work on /home/airflow/.local/lib/python3.8/site-packages/airflow/example_dags/example_task_group.py
[2023-09-13T19:32:04.869+0000] {processor.py:829} INFO - Processing file /home/airflow/.local/lib/python3.8/site-packages/airflow/example_dags/example_task_group.py for tasks to queue
[2023-09-13T19:32:04.872+0000] {logging_mixin.py:151} INFO - [2023-09-13T19:32:04.871+0000] {dagbag.py:539} INFO - Filling up the DagBag from /home/airflow/.local/lib/python3.8/site-packages/airflow/example_dags/example_task_group.py
[2023-09-13T19:32:04.879+0000] {processor.py:839} INFO - DAG(s) dict_keys(['example_task_group']) retrieved from /home/airflow/.local/lib/python3.8/site-packages/airflow/example_dags/example_task_group.py
[2023-09-13T19:32:04.903+0000] {logging_mixin.py:151} INFO - [2023-09-13T19:32:04.903+0000] {dag.py:2915} INFO - Sync 1 DAGs
[2023-09-13T19:32:04.921+0000] {logging_mixin.py:151} INFO - [2023-09-13T19:32:04.921+0000] {dag.py:3696} INFO - Setting next_dagrun for example_task_group to 2023-09-12T19:32:04.920775+00:00, run_after=2023-09-13T19:32:04.920775+00:00
[2023-09-13T19:32:04.934+0000] {processor.py:179} INFO - Processing /home/airflow/.local/lib/python3.8/site-packages/airflow/example_dags/example_task_group.py took 0.072 seconds
[2023-09-13T19:32:34.973+0000] {processor.py:157} INFO - Started process (PID=181) to work on /home/airflow/.local/lib/python3.8/site-packages/airflow/example_dags/example_task_group.py
[2023-09-13T19:32:34.974+0000] {processor.py:829} INFO - Processing file /home/airflow/.local/lib/python3.8/site-packages/airflow/example_dags/example_task_group.py for tasks to queue
[2023-09-13T19:32:34.976+0000] {logging_mixin.py:151} INFO - [2023-09-13T19:32:34.976+0000] {dagbag.py:539} INFO - Filling up the DagBag from /home/airflow/.local/lib/python3.8/site-packages/airflow/example_dags/example_task_group.py
[2023-09-13T19:32:34.984+0000] {processor.py:839} INFO - DAG(s) dict_keys(['example_task_group']) retrieved from /home/airflow/.local/lib/python3.8/site-packages/airflow/example_dags/example_task_group.py
[2023-09-13T19:32:35.007+0000] {logging_mixin.py:151} INFO - [2023-09-13T19:32:35.007+0000] {dag.py:2915} INFO - Sync 1 DAGs
[2023-09-13T19:32:35.025+0000] {logging_mixin.py:151} INFO - [2023-09-13T19:32:35.025+0000] {dag.py:3696} INFO - Setting next_dagrun for example_task_group to 2023-09-12T19:32:35.024983+00:00, run_after=2023-09-13T19:32:35.024983+00:00
[2023-09-13T19:32:35.039+0000] {processor.py:179} INFO - Processing /home/airflow/.local/lib/python3.8/site-packages/airflow/example_dags/example_task_group.py took 0.070 seconds
[2023-09-13T19:33:05.896+0000] {processor.py:157} INFO - Started process (PID=236) to work on /home/airflow/.local/lib/python3.8/site-packages/airflow/example_dags/example_task_group.py
[2023-09-13T19:33:05.897+0000] {processor.py:829} INFO - Processing file /home/airflow/.local/lib/python3.8/site-packages/airflow/example_dags/example_task_group.py for tasks to queue
[2023-09-13T19:33:05.899+0000] {logging_mixin.py:151} INFO - [2023-09-13T19:33:05.899+0000] {dagbag.py:539} INFO - Filling up the DagBag from /home/airflow/.local/lib/python3.8/site-packages/airflow/example_dags/example_task_group.py
[2023-09-13T19:33:05.906+0000] {processor.py:839} INFO - DAG(s) dict_keys(['example_task_group']) retrieved from /home/airflow/.local/lib/python3.8/site-packages/airflow/example_dags/example_task_group.py
[2023-09-13T19:33:05.928+0000] {logging_mixin.py:151} INFO - [2023-09-13T19:33:05.928+0000] {dag.py:2915} INFO - Sync 1 DAGs
[2023-09-13T19:33:05.944+0000] {logging_mixin.py:151} INFO - [2023-09-13T19:33:05.944+0000] {dag.py:3696} INFO - Setting next_dagrun for example_task_group to 2023-09-12T19:33:05.944575+00:00, run_after=2023-09-13T19:33:05.944575+00:00
[2023-09-13T19:33:05.957+0000] {processor.py:179} INFO - Processing /home/airflow/.local/lib/python3.8/site-packages/airflow/example_dags/example_task_group.py took 0.065 seconds
[2023-09-13T19:33:37.001+0000] {processor.py:157} INFO - Started process (PID=291) to work on /home/airflow/.local/lib/python3.8/site-packages/airflow/example_dags/example_task_group.py
[2023-09-13T19:33:37.002+0000] {processor.py:829} INFO - Processing file /home/airflow/.local/lib/python3.8/site-packages/airflow/example_dags/example_task_group.py for tasks to queue
[2023-09-13T19:33:37.005+0000] {logging_mixin.py:151} INFO - [2023-09-13T19:33:37.004+0000] {dagbag.py:539} INFO - Filling up the DagBag from /home/airflow/.local/lib/python3.8/site-packages/airflow/example_dags/example_task_group.py
[2023-09-13T19:33:37.011+0000] {processor.py:839} INFO - DAG(s) dict_keys(['example_task_group']) retrieved from /home/airflow/.local/lib/python3.8/site-packages/airflow/example_dags/example_task_group.py
[2023-09-13T19:33:37.034+0000] {logging_mixin.py:151} INFO - [2023-09-13T19:33:37.034+0000] {dag.py:2915} INFO - Sync 1 DAGs
[2023-09-13T19:33:37.051+0000] {logging_mixin.py:151} INFO - [2023-09-13T19:33:37.051+0000] {dag.py:3696} INFO - Setting next_dagrun for example_task_group to 2023-09-12T19:33:37.050904+00:00, run_after=2023-09-13T19:33:37.050904+00:00
[2023-09-13T19:33:37.065+0000] {processor.py:179} INFO - Processing /home/airflow/.local/lib/python3.8/site-packages/airflow/example_dags/example_task_group.py took 0.067 seconds
[2023-09-13T19:34:07.650+0000] {processor.py:157} INFO - Started process (PID=346) to work on /home/airflow/.local/lib/python3.8/site-packages/airflow/example_dags/example_task_group.py
[2023-09-13T19:34:07.651+0000] {processor.py:829} INFO - Processing file /home/airflow/.local/lib/python3.8/site-packages/airflow/example_dags/example_task_group.py for tasks to queue
[2023-09-13T19:34:07.654+0000] {logging_mixin.py:151} INFO - [2023-09-13T19:34:07.653+0000] {dagbag.py:539} INFO - Filling up the DagBag from /home/airflow/.local/lib/python3.8/site-packages/airflow/example_dags/example_task_group.py
[2023-09-13T19:34:07.660+0000] {processor.py:839} INFO - DAG(s) dict_keys(['example_task_group']) retrieved from /home/airflow/.local/lib/python3.8/site-packages/airflow/example_dags/example_task_group.py
[2023-09-13T19:34:07.682+0000] {logging_mixin.py:151} INFO - [2023-09-13T19:34:07.682+0000] {dag.py:2915} INFO - Sync 1 DAGs
[2023-09-13T19:34:07.699+0000] {logging_mixin.py:151} INFO - [2023-09-13T19:34:07.699+0000] {dag.py:3696} INFO - Setting next_dagrun for example_task_group to 2023-09-12T19:34:07.698736+00:00, run_after=2023-09-13T19:34:07.698736+00:00
[2023-09-13T19:34:07.711+0000] {processor.py:179} INFO - Processing /home/airflow/.local/lib/python3.8/site-packages/airflow/example_dags/example_task_group.py took 0.064 seconds
