[2023-09-13T19:15:51.789+0000] {processor.py:157} INFO - Started process (PID=54) to work on /home/airflow/.local/lib/python3.8/site-packages/airflow/example_dags/example_sensor_decorator.py
[2023-09-13T19:15:51.801+0000] {processor.py:829} INFO - Processing file /home/airflow/.local/lib/python3.8/site-packages/airflow/example_dags/example_sensor_decorator.py for tasks to queue
[2023-09-13T19:15:51.806+0000] {logging_mixin.py:151} INFO - [2023-09-13T19:15:51.805+0000] {dagbag.py:539} INFO - Filling up the DagBag from /home/airflow/.local/lib/python3.8/site-packages/airflow/example_dags/example_sensor_decorator.py
[2023-09-13T19:15:51.835+0000] {processor.py:839} INFO - DAG(s) dict_keys(['example_sensor_decorator']) retrieved from /home/airflow/.local/lib/python3.8/site-packages/airflow/example_dags/example_sensor_decorator.py
[2023-09-13T19:15:52.123+0000] {logging_mixin.py:151} INFO - [2023-09-13T19:15:52.122+0000] {manager.py:499} INFO - Created Permission View: %s
[2023-09-13T19:15:52.139+0000] {logging_mixin.py:151} INFO - [2023-09-13T19:15:52.139+0000] {manager.py:499} INFO - Created Permission View: %s
[2023-09-13T19:15:52.149+0000] {logging_mixin.py:151} INFO - [2023-09-13T19:15:52.149+0000] {manager.py:499} INFO - Created Permission View: %s
[2023-09-13T19:15:52.150+0000] {logging_mixin.py:151} INFO - [2023-09-13T19:15:52.150+0000] {security.py:708} INFO - Not syncing DAG-level permissions for DAG 'DAG:example_sensor_decorator' as access control is unset.
[2023-09-13T19:15:52.151+0000] {logging_mixin.py:151} INFO - [2023-09-13T19:15:52.151+0000] {dag.py:2915} INFO - Sync 1 DAGs
[2023-09-13T19:15:52.193+0000] {logging_mixin.py:151} INFO - [2023-09-13T19:15:52.193+0000] {dag.py:2937} INFO - Creating ORM DAG for example_sensor_decorator
[2023-09-13T19:15:52.198+0000] {logging_mixin.py:151} INFO - [2023-09-13T19:15:52.197+0000] {dag.py:3696} INFO - Setting next_dagrun for example_sensor_decorator to None, run_after=None
[2023-09-13T19:15:52.245+0000] {processor.py:179} INFO - Processing /home/airflow/.local/lib/python3.8/site-packages/airflow/example_dags/example_sensor_decorator.py took 0.467 seconds
[2023-09-13T19:16:22.481+0000] {processor.py:157} INFO - Started process (PID=108) to work on /home/airflow/.local/lib/python3.8/site-packages/airflow/example_dags/example_sensor_decorator.py
[2023-09-13T19:16:22.484+0000] {processor.py:829} INFO - Processing file /home/airflow/.local/lib/python3.8/site-packages/airflow/example_dags/example_sensor_decorator.py for tasks to queue
[2023-09-13T19:16:22.489+0000] {logging_mixin.py:151} INFO - [2023-09-13T19:16:22.489+0000] {dagbag.py:539} INFO - Filling up the DagBag from /home/airflow/.local/lib/python3.8/site-packages/airflow/example_dags/example_sensor_decorator.py
[2023-09-13T19:16:22.499+0000] {processor.py:839} INFO - DAG(s) dict_keys(['example_sensor_decorator']) retrieved from /home/airflow/.local/lib/python3.8/site-packages/airflow/example_dags/example_sensor_decorator.py
[2023-09-13T19:16:22.521+0000] {logging_mixin.py:151} INFO - [2023-09-13T19:16:22.520+0000] {dag.py:2915} INFO - Sync 1 DAGs
[2023-09-13T19:16:22.536+0000] {logging_mixin.py:151} INFO - [2023-09-13T19:16:22.536+0000] {dag.py:3696} INFO - Setting next_dagrun for example_sensor_decorator to None, run_after=None
[2023-09-13T19:16:22.552+0000] {processor.py:179} INFO - Processing /home/airflow/.local/lib/python3.8/site-packages/airflow/example_dags/example_sensor_decorator.py took 0.077 seconds
[2023-09-13T19:16:52.724+0000] {processor.py:157} INFO - Started process (PID=161) to work on /home/airflow/.local/lib/python3.8/site-packages/airflow/example_dags/example_sensor_decorator.py
[2023-09-13T19:16:52.725+0000] {processor.py:829} INFO - Processing file /home/airflow/.local/lib/python3.8/site-packages/airflow/example_dags/example_sensor_decorator.py for tasks to queue
[2023-09-13T19:16:52.728+0000] {logging_mixin.py:151} INFO - [2023-09-13T19:16:52.727+0000] {dagbag.py:539} INFO - Filling up the DagBag from /home/airflow/.local/lib/python3.8/site-packages/airflow/example_dags/example_sensor_decorator.py
[2023-09-13T19:16:52.734+0000] {processor.py:839} INFO - DAG(s) dict_keys(['example_sensor_decorator']) retrieved from /home/airflow/.local/lib/python3.8/site-packages/airflow/example_dags/example_sensor_decorator.py
[2023-09-13T19:16:52.754+0000] {logging_mixin.py:151} INFO - [2023-09-13T19:16:52.753+0000] {dag.py:2915} INFO - Sync 1 DAGs
[2023-09-13T19:16:52.764+0000] {logging_mixin.py:151} INFO - [2023-09-13T19:16:52.764+0000] {dag.py:3696} INFO - Setting next_dagrun for example_sensor_decorator to None, run_after=None
[2023-09-13T19:16:52.782+0000] {processor.py:179} INFO - Processing /home/airflow/.local/lib/python3.8/site-packages/airflow/example_dags/example_sensor_decorator.py took 0.062 seconds
[2023-09-13T19:17:23.198+0000] {processor.py:157} INFO - Started process (PID=215) to work on /home/airflow/.local/lib/python3.8/site-packages/airflow/example_dags/example_sensor_decorator.py
[2023-09-13T19:17:23.199+0000] {processor.py:829} INFO - Processing file /home/airflow/.local/lib/python3.8/site-packages/airflow/example_dags/example_sensor_decorator.py for tasks to queue
[2023-09-13T19:17:23.202+0000] {logging_mixin.py:151} INFO - [2023-09-13T19:17:23.202+0000] {dagbag.py:539} INFO - Filling up the DagBag from /home/airflow/.local/lib/python3.8/site-packages/airflow/example_dags/example_sensor_decorator.py
[2023-09-13T19:17:23.209+0000] {processor.py:839} INFO - DAG(s) dict_keys(['example_sensor_decorator']) retrieved from /home/airflow/.local/lib/python3.8/site-packages/airflow/example_dags/example_sensor_decorator.py
[2023-09-13T19:17:23.229+0000] {logging_mixin.py:151} INFO - [2023-09-13T19:17:23.229+0000] {dag.py:2915} INFO - Sync 1 DAGs
[2023-09-13T19:17:23.241+0000] {logging_mixin.py:151} INFO - [2023-09-13T19:17:23.241+0000] {dag.py:3696} INFO - Setting next_dagrun for example_sensor_decorator to None, run_after=None
[2023-09-13T19:17:23.254+0000] {processor.py:179} INFO - Processing /home/airflow/.local/lib/python3.8/site-packages/airflow/example_dags/example_sensor_decorator.py took 0.060 seconds
[2023-09-13T19:17:53.452+0000] {processor.py:157} INFO - Started process (PID=269) to work on /home/airflow/.local/lib/python3.8/site-packages/airflow/example_dags/example_sensor_decorator.py
[2023-09-13T19:17:53.453+0000] {processor.py:829} INFO - Processing file /home/airflow/.local/lib/python3.8/site-packages/airflow/example_dags/example_sensor_decorator.py for tasks to queue
[2023-09-13T19:17:53.456+0000] {logging_mixin.py:151} INFO - [2023-09-13T19:17:53.456+0000] {dagbag.py:539} INFO - Filling up the DagBag from /home/airflow/.local/lib/python3.8/site-packages/airflow/example_dags/example_sensor_decorator.py
[2023-09-13T19:17:53.462+0000] {processor.py:839} INFO - DAG(s) dict_keys(['example_sensor_decorator']) retrieved from /home/airflow/.local/lib/python3.8/site-packages/airflow/example_dags/example_sensor_decorator.py
[2023-09-13T19:17:53.482+0000] {logging_mixin.py:151} INFO - [2023-09-13T19:17:53.482+0000] {dag.py:2915} INFO - Sync 1 DAGs
[2023-09-13T19:17:53.493+0000] {logging_mixin.py:151} INFO - [2023-09-13T19:17:53.493+0000] {dag.py:3696} INFO - Setting next_dagrun for example_sensor_decorator to None, run_after=None
[2023-09-13T19:17:53.505+0000] {processor.py:179} INFO - Processing /home/airflow/.local/lib/python3.8/site-packages/airflow/example_dags/example_sensor_decorator.py took 0.057 seconds
[2023-09-13T19:18:23.661+0000] {processor.py:157} INFO - Started process (PID=323) to work on /home/airflow/.local/lib/python3.8/site-packages/airflow/example_dags/example_sensor_decorator.py
[2023-09-13T19:18:23.663+0000] {processor.py:829} INFO - Processing file /home/airflow/.local/lib/python3.8/site-packages/airflow/example_dags/example_sensor_decorator.py for tasks to queue
[2023-09-13T19:18:23.665+0000] {logging_mixin.py:151} INFO - [2023-09-13T19:18:23.665+0000] {dagbag.py:539} INFO - Filling up the DagBag from /home/airflow/.local/lib/python3.8/site-packages/airflow/example_dags/example_sensor_decorator.py
[2023-09-13T19:18:23.672+0000] {processor.py:839} INFO - DAG(s) dict_keys(['example_sensor_decorator']) retrieved from /home/airflow/.local/lib/python3.8/site-packages/airflow/example_dags/example_sensor_decorator.py
[2023-09-13T19:18:23.692+0000] {logging_mixin.py:151} INFO - [2023-09-13T19:18:23.692+0000] {dag.py:2915} INFO - Sync 1 DAGs
[2023-09-13T19:18:23.702+0000] {logging_mixin.py:151} INFO - [2023-09-13T19:18:23.702+0000] {dag.py:3696} INFO - Setting next_dagrun for example_sensor_decorator to None, run_after=None
[2023-09-13T19:18:23.714+0000] {processor.py:179} INFO - Processing /home/airflow/.local/lib/python3.8/site-packages/airflow/example_dags/example_sensor_decorator.py took 0.056 seconds
[2023-09-13T19:18:54.002+0000] {processor.py:157} INFO - Started process (PID=377) to work on /home/airflow/.local/lib/python3.8/site-packages/airflow/example_dags/example_sensor_decorator.py
[2023-09-13T19:18:54.004+0000] {processor.py:829} INFO - Processing file /home/airflow/.local/lib/python3.8/site-packages/airflow/example_dags/example_sensor_decorator.py for tasks to queue
[2023-09-13T19:18:54.006+0000] {logging_mixin.py:151} INFO - [2023-09-13T19:18:54.006+0000] {dagbag.py:539} INFO - Filling up the DagBag from /home/airflow/.local/lib/python3.8/site-packages/airflow/example_dags/example_sensor_decorator.py
[2023-09-13T19:18:54.014+0000] {processor.py:839} INFO - DAG(s) dict_keys(['example_sensor_decorator']) retrieved from /home/airflow/.local/lib/python3.8/site-packages/airflow/example_dags/example_sensor_decorator.py
[2023-09-13T19:18:54.036+0000] {logging_mixin.py:151} INFO - [2023-09-13T19:18:54.036+0000] {dag.py:2915} INFO - Sync 1 DAGs
[2023-09-13T19:18:54.049+0000] {logging_mixin.py:151} INFO - [2023-09-13T19:18:54.048+0000] {dag.py:3696} INFO - Setting next_dagrun for example_sensor_decorator to None, run_after=None
[2023-09-13T19:18:54.062+0000] {processor.py:179} INFO - Processing /home/airflow/.local/lib/python3.8/site-packages/airflow/example_dags/example_sensor_decorator.py took 0.065 seconds
[2023-09-13T19:19:24.337+0000] {processor.py:157} INFO - Started process (PID=432) to work on /home/airflow/.local/lib/python3.8/site-packages/airflow/example_dags/example_sensor_decorator.py
[2023-09-13T19:19:24.339+0000] {processor.py:829} INFO - Processing file /home/airflow/.local/lib/python3.8/site-packages/airflow/example_dags/example_sensor_decorator.py for tasks to queue
[2023-09-13T19:19:24.342+0000] {logging_mixin.py:151} INFO - [2023-09-13T19:19:24.341+0000] {dagbag.py:539} INFO - Filling up the DagBag from /home/airflow/.local/lib/python3.8/site-packages/airflow/example_dags/example_sensor_decorator.py
[2023-09-13T19:19:24.348+0000] {processor.py:839} INFO - DAG(s) dict_keys(['example_sensor_decorator']) retrieved from /home/airflow/.local/lib/python3.8/site-packages/airflow/example_dags/example_sensor_decorator.py
[2023-09-13T19:19:24.370+0000] {logging_mixin.py:151} INFO - [2023-09-13T19:19:24.370+0000] {dag.py:2915} INFO - Sync 1 DAGs
[2023-09-13T19:19:24.381+0000] {logging_mixin.py:151} INFO - [2023-09-13T19:19:24.381+0000] {dag.py:3696} INFO - Setting next_dagrun for example_sensor_decorator to None, run_after=None
[2023-09-13T19:19:24.395+0000] {processor.py:179} INFO - Processing /home/airflow/.local/lib/python3.8/site-packages/airflow/example_dags/example_sensor_decorator.py took 0.061 seconds
[2023-09-13T19:19:54.605+0000] {processor.py:157} INFO - Started process (PID=486) to work on /home/airflow/.local/lib/python3.8/site-packages/airflow/example_dags/example_sensor_decorator.py
[2023-09-13T19:19:54.607+0000] {processor.py:829} INFO - Processing file /home/airflow/.local/lib/python3.8/site-packages/airflow/example_dags/example_sensor_decorator.py for tasks to queue
[2023-09-13T19:19:54.610+0000] {logging_mixin.py:151} INFO - [2023-09-13T19:19:54.609+0000] {dagbag.py:539} INFO - Filling up the DagBag from /home/airflow/.local/lib/python3.8/site-packages/airflow/example_dags/example_sensor_decorator.py
[2023-09-13T19:19:54.616+0000] {processor.py:839} INFO - DAG(s) dict_keys(['example_sensor_decorator']) retrieved from /home/airflow/.local/lib/python3.8/site-packages/airflow/example_dags/example_sensor_decorator.py
[2023-09-13T19:19:54.641+0000] {logging_mixin.py:151} INFO - [2023-09-13T19:19:54.641+0000] {dag.py:2915} INFO - Sync 1 DAGs
[2023-09-13T19:19:54.652+0000] {logging_mixin.py:151} INFO - [2023-09-13T19:19:54.652+0000] {dag.py:3696} INFO - Setting next_dagrun for example_sensor_decorator to None, run_after=None
[2023-09-13T19:19:54.666+0000] {processor.py:179} INFO - Processing /home/airflow/.local/lib/python3.8/site-packages/airflow/example_dags/example_sensor_decorator.py took 0.065 seconds
[2023-09-13T19:20:25.037+0000] {processor.py:157} INFO - Started process (PID=539) to work on /home/airflow/.local/lib/python3.8/site-packages/airflow/example_dags/example_sensor_decorator.py
[2023-09-13T19:20:25.039+0000] {processor.py:829} INFO - Processing file /home/airflow/.local/lib/python3.8/site-packages/airflow/example_dags/example_sensor_decorator.py for tasks to queue
[2023-09-13T19:20:25.043+0000] {logging_mixin.py:151} INFO - [2023-09-13T19:20:25.042+0000] {dagbag.py:539} INFO - Filling up the DagBag from /home/airflow/.local/lib/python3.8/site-packages/airflow/example_dags/example_sensor_decorator.py
[2023-09-13T19:20:25.050+0000] {processor.py:839} INFO - DAG(s) dict_keys(['example_sensor_decorator']) retrieved from /home/airflow/.local/lib/python3.8/site-packages/airflow/example_dags/example_sensor_decorator.py
[2023-09-13T19:20:25.076+0000] {logging_mixin.py:151} INFO - [2023-09-13T19:20:25.076+0000] {dag.py:2915} INFO - Sync 1 DAGs
[2023-09-13T19:20:25.088+0000] {logging_mixin.py:151} INFO - [2023-09-13T19:20:25.088+0000] {dag.py:3696} INFO - Setting next_dagrun for example_sensor_decorator to None, run_after=None
[2023-09-13T19:20:25.105+0000] {processor.py:179} INFO - Processing /home/airflow/.local/lib/python3.8/site-packages/airflow/example_dags/example_sensor_decorator.py took 0.071 seconds
[2023-09-13T19:20:55.753+0000] {processor.py:157} INFO - Started process (PID=593) to work on /home/airflow/.local/lib/python3.8/site-packages/airflow/example_dags/example_sensor_decorator.py
[2023-09-13T19:20:55.755+0000] {processor.py:829} INFO - Processing file /home/airflow/.local/lib/python3.8/site-packages/airflow/example_dags/example_sensor_decorator.py for tasks to queue
[2023-09-13T19:20:55.760+0000] {logging_mixin.py:151} INFO - [2023-09-13T19:20:55.760+0000] {dagbag.py:539} INFO - Filling up the DagBag from /home/airflow/.local/lib/python3.8/site-packages/airflow/example_dags/example_sensor_decorator.py
[2023-09-13T19:20:55.777+0000] {processor.py:839} INFO - DAG(s) dict_keys(['example_sensor_decorator']) retrieved from /home/airflow/.local/lib/python3.8/site-packages/airflow/example_dags/example_sensor_decorator.py
[2023-09-13T19:20:55.810+0000] {logging_mixin.py:151} INFO - [2023-09-13T19:20:55.809+0000] {dag.py:2915} INFO - Sync 1 DAGs
[2023-09-13T19:20:55.824+0000] {logging_mixin.py:151} INFO - [2023-09-13T19:20:55.823+0000] {dag.py:3696} INFO - Setting next_dagrun for example_sensor_decorator to None, run_after=None
[2023-09-13T19:20:55.846+0000] {processor.py:179} INFO - Processing /home/airflow/.local/lib/python3.8/site-packages/airflow/example_dags/example_sensor_decorator.py took 0.100 seconds
[2023-09-13T19:21:26.536+0000] {processor.py:157} INFO - Started process (PID=647) to work on /home/airflow/.local/lib/python3.8/site-packages/airflow/example_dags/example_sensor_decorator.py
[2023-09-13T19:21:26.538+0000] {processor.py:829} INFO - Processing file /home/airflow/.local/lib/python3.8/site-packages/airflow/example_dags/example_sensor_decorator.py for tasks to queue
[2023-09-13T19:21:26.541+0000] {logging_mixin.py:151} INFO - [2023-09-13T19:21:26.541+0000] {dagbag.py:539} INFO - Filling up the DagBag from /home/airflow/.local/lib/python3.8/site-packages/airflow/example_dags/example_sensor_decorator.py
[2023-09-13T19:21:26.548+0000] {processor.py:839} INFO - DAG(s) dict_keys(['example_sensor_decorator']) retrieved from /home/airflow/.local/lib/python3.8/site-packages/airflow/example_dags/example_sensor_decorator.py
[2023-09-13T19:21:26.569+0000] {logging_mixin.py:151} INFO - [2023-09-13T19:21:26.569+0000] {dag.py:2915} INFO - Sync 1 DAGs
[2023-09-13T19:21:26.581+0000] {logging_mixin.py:151} INFO - [2023-09-13T19:21:26.581+0000] {dag.py:3696} INFO - Setting next_dagrun for example_sensor_decorator to None, run_after=None
[2023-09-13T19:21:26.596+0000] {processor.py:179} INFO - Processing /home/airflow/.local/lib/python3.8/site-packages/airflow/example_dags/example_sensor_decorator.py took 0.064 seconds
[2023-09-13T19:21:57.156+0000] {processor.py:157} INFO - Started process (PID=701) to work on /home/airflow/.local/lib/python3.8/site-packages/airflow/example_dags/example_sensor_decorator.py
[2023-09-13T19:21:57.157+0000] {processor.py:829} INFO - Processing file /home/airflow/.local/lib/python3.8/site-packages/airflow/example_dags/example_sensor_decorator.py for tasks to queue
[2023-09-13T19:21:57.160+0000] {logging_mixin.py:151} INFO - [2023-09-13T19:21:57.159+0000] {dagbag.py:539} INFO - Filling up the DagBag from /home/airflow/.local/lib/python3.8/site-packages/airflow/example_dags/example_sensor_decorator.py
[2023-09-13T19:21:57.166+0000] {processor.py:839} INFO - DAG(s) dict_keys(['example_sensor_decorator']) retrieved from /home/airflow/.local/lib/python3.8/site-packages/airflow/example_dags/example_sensor_decorator.py
[2023-09-13T19:21:57.186+0000] {logging_mixin.py:151} INFO - [2023-09-13T19:21:57.186+0000] {dag.py:2915} INFO - Sync 1 DAGs
[2023-09-13T19:21:57.196+0000] {logging_mixin.py:151} INFO - [2023-09-13T19:21:57.196+0000] {dag.py:3696} INFO - Setting next_dagrun for example_sensor_decorator to None, run_after=None
[2023-09-13T19:21:57.208+0000] {processor.py:179} INFO - Processing /home/airflow/.local/lib/python3.8/site-packages/airflow/example_dags/example_sensor_decorator.py took 0.057 seconds
[2023-09-13T19:22:28.019+0000] {processor.py:157} INFO - Started process (PID=755) to work on /home/airflow/.local/lib/python3.8/site-packages/airflow/example_dags/example_sensor_decorator.py
[2023-09-13T19:22:28.021+0000] {processor.py:829} INFO - Processing file /home/airflow/.local/lib/python3.8/site-packages/airflow/example_dags/example_sensor_decorator.py for tasks to queue
[2023-09-13T19:22:28.023+0000] {logging_mixin.py:151} INFO - [2023-09-13T19:22:28.023+0000] {dagbag.py:539} INFO - Filling up the DagBag from /home/airflow/.local/lib/python3.8/site-packages/airflow/example_dags/example_sensor_decorator.py
[2023-09-13T19:22:28.030+0000] {processor.py:839} INFO - DAG(s) dict_keys(['example_sensor_decorator']) retrieved from /home/airflow/.local/lib/python3.8/site-packages/airflow/example_dags/example_sensor_decorator.py
[2023-09-13T19:22:28.053+0000] {logging_mixin.py:151} INFO - [2023-09-13T19:22:28.053+0000] {dag.py:2915} INFO - Sync 1 DAGs
[2023-09-13T19:22:28.064+0000] {logging_mixin.py:151} INFO - [2023-09-13T19:22:28.064+0000] {dag.py:3696} INFO - Setting next_dagrun for example_sensor_decorator to None, run_after=None
[2023-09-13T19:22:28.077+0000] {processor.py:179} INFO - Processing /home/airflow/.local/lib/python3.8/site-packages/airflow/example_dags/example_sensor_decorator.py took 0.062 seconds
[2023-09-13T19:22:58.356+0000] {processor.py:157} INFO - Started process (PID=809) to work on /home/airflow/.local/lib/python3.8/site-packages/airflow/example_dags/example_sensor_decorator.py
[2023-09-13T19:22:58.357+0000] {processor.py:829} INFO - Processing file /home/airflow/.local/lib/python3.8/site-packages/airflow/example_dags/example_sensor_decorator.py for tasks to queue
[2023-09-13T19:22:58.360+0000] {logging_mixin.py:151} INFO - [2023-09-13T19:22:58.360+0000] {dagbag.py:539} INFO - Filling up the DagBag from /home/airflow/.local/lib/python3.8/site-packages/airflow/example_dags/example_sensor_decorator.py
[2023-09-13T19:22:58.367+0000] {processor.py:839} INFO - DAG(s) dict_keys(['example_sensor_decorator']) retrieved from /home/airflow/.local/lib/python3.8/site-packages/airflow/example_dags/example_sensor_decorator.py
[2023-09-13T19:22:58.387+0000] {logging_mixin.py:151} INFO - [2023-09-13T19:22:58.387+0000] {dag.py:2915} INFO - Sync 1 DAGs
[2023-09-13T19:22:58.398+0000] {logging_mixin.py:151} INFO - [2023-09-13T19:22:58.398+0000] {dag.py:3696} INFO - Setting next_dagrun for example_sensor_decorator to None, run_after=None
[2023-09-13T19:22:58.412+0000] {processor.py:179} INFO - Processing /home/airflow/.local/lib/python3.8/site-packages/airflow/example_dags/example_sensor_decorator.py took 0.061 seconds
[2023-09-13T19:23:28.600+0000] {processor.py:157} INFO - Started process (PID=863) to work on /home/airflow/.local/lib/python3.8/site-packages/airflow/example_dags/example_sensor_decorator.py
[2023-09-13T19:23:28.601+0000] {processor.py:829} INFO - Processing file /home/airflow/.local/lib/python3.8/site-packages/airflow/example_dags/example_sensor_decorator.py for tasks to queue
[2023-09-13T19:23:28.604+0000] {logging_mixin.py:151} INFO - [2023-09-13T19:23:28.603+0000] {dagbag.py:539} INFO - Filling up the DagBag from /home/airflow/.local/lib/python3.8/site-packages/airflow/example_dags/example_sensor_decorator.py
[2023-09-13T19:23:28.610+0000] {processor.py:839} INFO - DAG(s) dict_keys(['example_sensor_decorator']) retrieved from /home/airflow/.local/lib/python3.8/site-packages/airflow/example_dags/example_sensor_decorator.py
[2023-09-13T19:23:28.631+0000] {logging_mixin.py:151} INFO - [2023-09-13T19:23:28.630+0000] {dag.py:2915} INFO - Sync 1 DAGs
[2023-09-13T19:23:28.642+0000] {logging_mixin.py:151} INFO - [2023-09-13T19:23:28.641+0000] {dag.py:3696} INFO - Setting next_dagrun for example_sensor_decorator to None, run_after=None
[2023-09-13T19:23:28.655+0000] {processor.py:179} INFO - Processing /home/airflow/.local/lib/python3.8/site-packages/airflow/example_dags/example_sensor_decorator.py took 0.059 seconds
[2023-09-13T19:23:58.892+0000] {processor.py:157} INFO - Started process (PID=917) to work on /home/airflow/.local/lib/python3.8/site-packages/airflow/example_dags/example_sensor_decorator.py
[2023-09-13T19:23:58.893+0000] {processor.py:829} INFO - Processing file /home/airflow/.local/lib/python3.8/site-packages/airflow/example_dags/example_sensor_decorator.py for tasks to queue
[2023-09-13T19:23:58.895+0000] {logging_mixin.py:151} INFO - [2023-09-13T19:23:58.895+0000] {dagbag.py:539} INFO - Filling up the DagBag from /home/airflow/.local/lib/python3.8/site-packages/airflow/example_dags/example_sensor_decorator.py
[2023-09-13T19:23:58.902+0000] {processor.py:839} INFO - DAG(s) dict_keys(['example_sensor_decorator']) retrieved from /home/airflow/.local/lib/python3.8/site-packages/airflow/example_dags/example_sensor_decorator.py
[2023-09-13T19:23:58.922+0000] {logging_mixin.py:151} INFO - [2023-09-13T19:23:58.922+0000] {dag.py:2915} INFO - Sync 1 DAGs
[2023-09-13T19:23:58.933+0000] {logging_mixin.py:151} INFO - [2023-09-13T19:23:58.933+0000] {dag.py:3696} INFO - Setting next_dagrun for example_sensor_decorator to None, run_after=None
[2023-09-13T19:23:58.946+0000] {processor.py:179} INFO - Processing /home/airflow/.local/lib/python3.8/site-packages/airflow/example_dags/example_sensor_decorator.py took 0.057 seconds
[2023-09-13T19:24:29.113+0000] {processor.py:157} INFO - Started process (PID=971) to work on /home/airflow/.local/lib/python3.8/site-packages/airflow/example_dags/example_sensor_decorator.py
[2023-09-13T19:24:29.114+0000] {processor.py:829} INFO - Processing file /home/airflow/.local/lib/python3.8/site-packages/airflow/example_dags/example_sensor_decorator.py for tasks to queue
[2023-09-13T19:24:29.116+0000] {logging_mixin.py:151} INFO - [2023-09-13T19:24:29.116+0000] {dagbag.py:539} INFO - Filling up the DagBag from /home/airflow/.local/lib/python3.8/site-packages/airflow/example_dags/example_sensor_decorator.py
[2023-09-13T19:24:29.122+0000] {processor.py:839} INFO - DAG(s) dict_keys(['example_sensor_decorator']) retrieved from /home/airflow/.local/lib/python3.8/site-packages/airflow/example_dags/example_sensor_decorator.py
[2023-09-13T19:24:29.143+0000] {logging_mixin.py:151} INFO - [2023-09-13T19:24:29.143+0000] {dag.py:2915} INFO - Sync 1 DAGs
[2023-09-13T19:24:29.153+0000] {logging_mixin.py:151} INFO - [2023-09-13T19:24:29.153+0000] {dag.py:3696} INFO - Setting next_dagrun for example_sensor_decorator to None, run_after=None
[2023-09-13T19:24:29.174+0000] {processor.py:179} INFO - Processing /home/airflow/.local/lib/python3.8/site-packages/airflow/example_dags/example_sensor_decorator.py took 0.065 seconds
[2023-09-13T19:24:59.274+0000] {processor.py:157} INFO - Started process (PID=1025) to work on /home/airflow/.local/lib/python3.8/site-packages/airflow/example_dags/example_sensor_decorator.py
[2023-09-13T19:24:59.276+0000] {processor.py:829} INFO - Processing file /home/airflow/.local/lib/python3.8/site-packages/airflow/example_dags/example_sensor_decorator.py for tasks to queue
[2023-09-13T19:24:59.279+0000] {logging_mixin.py:151} INFO - [2023-09-13T19:24:59.279+0000] {dagbag.py:539} INFO - Filling up the DagBag from /home/airflow/.local/lib/python3.8/site-packages/airflow/example_dags/example_sensor_decorator.py
[2023-09-13T19:24:59.289+0000] {processor.py:839} INFO - DAG(s) dict_keys(['example_sensor_decorator']) retrieved from /home/airflow/.local/lib/python3.8/site-packages/airflow/example_dags/example_sensor_decorator.py
[2023-09-13T19:24:59.324+0000] {logging_mixin.py:151} INFO - [2023-09-13T19:24:59.324+0000] {dag.py:2915} INFO - Sync 1 DAGs
[2023-09-13T19:24:59.344+0000] {logging_mixin.py:151} INFO - [2023-09-13T19:24:59.344+0000] {dag.py:3696} INFO - Setting next_dagrun for example_sensor_decorator to None, run_after=None
[2023-09-13T19:24:59.370+0000] {processor.py:179} INFO - Processing /home/airflow/.local/lib/python3.8/site-packages/airflow/example_dags/example_sensor_decorator.py took 0.102 seconds
[2023-09-13T19:25:29.423+0000] {processor.py:157} INFO - Started process (PID=1077) to work on /home/airflow/.local/lib/python3.8/site-packages/airflow/example_dags/example_sensor_decorator.py
[2023-09-13T19:25:29.425+0000] {processor.py:829} INFO - Processing file /home/airflow/.local/lib/python3.8/site-packages/airflow/example_dags/example_sensor_decorator.py for tasks to queue
[2023-09-13T19:25:29.427+0000] {logging_mixin.py:151} INFO - [2023-09-13T19:25:29.427+0000] {dagbag.py:539} INFO - Filling up the DagBag from /home/airflow/.local/lib/python3.8/site-packages/airflow/example_dags/example_sensor_decorator.py
[2023-09-13T19:25:29.433+0000] {processor.py:839} INFO - DAG(s) dict_keys(['example_sensor_decorator']) retrieved from /home/airflow/.local/lib/python3.8/site-packages/airflow/example_dags/example_sensor_decorator.py
[2023-09-13T19:25:29.454+0000] {logging_mixin.py:151} INFO - [2023-09-13T19:25:29.454+0000] {dag.py:2915} INFO - Sync 1 DAGs
[2023-09-13T19:25:29.465+0000] {logging_mixin.py:151} INFO - [2023-09-13T19:25:29.465+0000] {dag.py:3696} INFO - Setting next_dagrun for example_sensor_decorator to None, run_after=None
[2023-09-13T19:25:29.477+0000] {processor.py:179} INFO - Processing /home/airflow/.local/lib/python3.8/site-packages/airflow/example_dags/example_sensor_decorator.py took 0.057 seconds
[2023-09-13T19:26:00.248+0000] {processor.py:157} INFO - Started process (PID=1132) to work on /home/airflow/.local/lib/python3.8/site-packages/airflow/example_dags/example_sensor_decorator.py
[2023-09-13T19:26:00.250+0000] {processor.py:829} INFO - Processing file /home/airflow/.local/lib/python3.8/site-packages/airflow/example_dags/example_sensor_decorator.py for tasks to queue
[2023-09-13T19:26:00.253+0000] {logging_mixin.py:151} INFO - [2023-09-13T19:26:00.253+0000] {dagbag.py:539} INFO - Filling up the DagBag from /home/airflow/.local/lib/python3.8/site-packages/airflow/example_dags/example_sensor_decorator.py
[2023-09-13T19:26:00.261+0000] {processor.py:839} INFO - DAG(s) dict_keys(['example_sensor_decorator']) retrieved from /home/airflow/.local/lib/python3.8/site-packages/airflow/example_dags/example_sensor_decorator.py
[2023-09-13T19:26:00.298+0000] {logging_mixin.py:151} INFO - [2023-09-13T19:26:00.298+0000] {dag.py:2915} INFO - Sync 1 DAGs
[2023-09-13T19:26:00.311+0000] {logging_mixin.py:151} INFO - [2023-09-13T19:26:00.311+0000] {dag.py:3696} INFO - Setting next_dagrun for example_sensor_decorator to None, run_after=None
[2023-09-13T19:26:00.325+0000] {processor.py:179} INFO - Processing /home/airflow/.local/lib/python3.8/site-packages/airflow/example_dags/example_sensor_decorator.py took 0.082 seconds
[2023-09-13T19:26:30.671+0000] {processor.py:157} INFO - Started process (PID=1195) to work on /home/airflow/.local/lib/python3.8/site-packages/airflow/example_dags/example_sensor_decorator.py
[2023-09-13T19:26:30.672+0000] {processor.py:829} INFO - Processing file /home/airflow/.local/lib/python3.8/site-packages/airflow/example_dags/example_sensor_decorator.py for tasks to queue
[2023-09-13T19:26:30.675+0000] {logging_mixin.py:151} INFO - [2023-09-13T19:26:30.674+0000] {dagbag.py:539} INFO - Filling up the DagBag from /home/airflow/.local/lib/python3.8/site-packages/airflow/example_dags/example_sensor_decorator.py
[2023-09-13T19:26:30.681+0000] {processor.py:839} INFO - DAG(s) dict_keys(['example_sensor_decorator']) retrieved from /home/airflow/.local/lib/python3.8/site-packages/airflow/example_dags/example_sensor_decorator.py
[2023-09-13T19:26:30.702+0000] {logging_mixin.py:151} INFO - [2023-09-13T19:26:30.702+0000] {dag.py:2915} INFO - Sync 1 DAGs
[2023-09-13T19:26:30.712+0000] {logging_mixin.py:151} INFO - [2023-09-13T19:26:30.712+0000] {dag.py:3696} INFO - Setting next_dagrun for example_sensor_decorator to None, run_after=None
[2023-09-13T19:26:30.724+0000] {processor.py:179} INFO - Processing /home/airflow/.local/lib/python3.8/site-packages/airflow/example_dags/example_sensor_decorator.py took 0.057 seconds
[2023-09-13T19:27:01.129+0000] {processor.py:157} INFO - Started process (PID=1251) to work on /home/airflow/.local/lib/python3.8/site-packages/airflow/example_dags/example_sensor_decorator.py
[2023-09-13T19:27:01.130+0000] {processor.py:829} INFO - Processing file /home/airflow/.local/lib/python3.8/site-packages/airflow/example_dags/example_sensor_decorator.py for tasks to queue
[2023-09-13T19:27:01.133+0000] {logging_mixin.py:151} INFO - [2023-09-13T19:27:01.132+0000] {dagbag.py:539} INFO - Filling up the DagBag from /home/airflow/.local/lib/python3.8/site-packages/airflow/example_dags/example_sensor_decorator.py
[2023-09-13T19:27:01.139+0000] {processor.py:839} INFO - DAG(s) dict_keys(['example_sensor_decorator']) retrieved from /home/airflow/.local/lib/python3.8/site-packages/airflow/example_dags/example_sensor_decorator.py
[2023-09-13T19:27:01.158+0000] {logging_mixin.py:151} INFO - [2023-09-13T19:27:01.158+0000] {dag.py:2915} INFO - Sync 1 DAGs
[2023-09-13T19:27:01.168+0000] {logging_mixin.py:151} INFO - [2023-09-13T19:27:01.168+0000] {dag.py:3696} INFO - Setting next_dagrun for example_sensor_decorator to None, run_after=None
[2023-09-13T19:27:01.179+0000] {processor.py:179} INFO - Processing /home/airflow/.local/lib/python3.8/site-packages/airflow/example_dags/example_sensor_decorator.py took 0.054 seconds
[2023-09-13T19:28:15.921+0000] {processor.py:157} INFO - Started process (PID=54) to work on /home/airflow/.local/lib/python3.8/site-packages/airflow/example_dags/example_sensor_decorator.py
[2023-09-13T19:28:15.931+0000] {processor.py:829} INFO - Processing file /home/airflow/.local/lib/python3.8/site-packages/airflow/example_dags/example_sensor_decorator.py for tasks to queue
[2023-09-13T19:28:15.950+0000] {logging_mixin.py:151} INFO - [2023-09-13T19:28:15.947+0000] {dagbag.py:539} INFO - Filling up the DagBag from /home/airflow/.local/lib/python3.8/site-packages/airflow/example_dags/example_sensor_decorator.py
[2023-09-13T19:28:15.976+0000] {processor.py:839} INFO - DAG(s) dict_keys(['example_sensor_decorator']) retrieved from /home/airflow/.local/lib/python3.8/site-packages/airflow/example_dags/example_sensor_decorator.py
[2023-09-13T19:28:16.009+0000] {logging_mixin.py:151} INFO - [2023-09-13T19:28:16.009+0000] {dag.py:2915} INFO - Sync 1 DAGs
[2023-09-13T19:28:16.037+0000] {logging_mixin.py:151} INFO - [2023-09-13T19:28:16.037+0000] {dag.py:3696} INFO - Setting next_dagrun for example_sensor_decorator to None, run_after=None
[2023-09-13T19:28:16.070+0000] {processor.py:179} INFO - Processing /home/airflow/.local/lib/python3.8/site-packages/airflow/example_dags/example_sensor_decorator.py took 0.157 seconds
[2023-09-13T19:28:46.180+0000] {processor.py:157} INFO - Started process (PID=109) to work on /home/airflow/.local/lib/python3.8/site-packages/airflow/example_dags/example_sensor_decorator.py
[2023-09-13T19:28:46.181+0000] {processor.py:829} INFO - Processing file /home/airflow/.local/lib/python3.8/site-packages/airflow/example_dags/example_sensor_decorator.py for tasks to queue
[2023-09-13T19:28:46.184+0000] {logging_mixin.py:151} INFO - [2023-09-13T19:28:46.183+0000] {dagbag.py:539} INFO - Filling up the DagBag from /home/airflow/.local/lib/python3.8/site-packages/airflow/example_dags/example_sensor_decorator.py
[2023-09-13T19:28:46.190+0000] {processor.py:839} INFO - DAG(s) dict_keys(['example_sensor_decorator']) retrieved from /home/airflow/.local/lib/python3.8/site-packages/airflow/example_dags/example_sensor_decorator.py
[2023-09-13T19:28:46.211+0000] {logging_mixin.py:151} INFO - [2023-09-13T19:28:46.211+0000] {dag.py:2915} INFO - Sync 1 DAGs
[2023-09-13T19:28:46.221+0000] {logging_mixin.py:151} INFO - [2023-09-13T19:28:46.221+0000] {dag.py:3696} INFO - Setting next_dagrun for example_sensor_decorator to None, run_after=None
[2023-09-13T19:28:46.233+0000] {processor.py:179} INFO - Processing /home/airflow/.local/lib/python3.8/site-packages/airflow/example_dags/example_sensor_decorator.py took 0.057 seconds
[2023-09-13T19:29:16.305+0000] {processor.py:157} INFO - Started process (PID=164) to work on /home/airflow/.local/lib/python3.8/site-packages/airflow/example_dags/example_sensor_decorator.py
[2023-09-13T19:29:16.306+0000] {processor.py:829} INFO - Processing file /home/airflow/.local/lib/python3.8/site-packages/airflow/example_dags/example_sensor_decorator.py for tasks to queue
[2023-09-13T19:29:16.309+0000] {logging_mixin.py:151} INFO - [2023-09-13T19:29:16.309+0000] {dagbag.py:539} INFO - Filling up the DagBag from /home/airflow/.local/lib/python3.8/site-packages/airflow/example_dags/example_sensor_decorator.py
[2023-09-13T19:29:16.316+0000] {processor.py:839} INFO - DAG(s) dict_keys(['example_sensor_decorator']) retrieved from /home/airflow/.local/lib/python3.8/site-packages/airflow/example_dags/example_sensor_decorator.py
[2023-09-13T19:29:16.340+0000] {logging_mixin.py:151} INFO - [2023-09-13T19:29:16.340+0000] {dag.py:2915} INFO - Sync 1 DAGs
[2023-09-13T19:29:16.351+0000] {logging_mixin.py:151} INFO - [2023-09-13T19:29:16.351+0000] {dag.py:3696} INFO - Setting next_dagrun for example_sensor_decorator to None, run_after=None
[2023-09-13T19:29:16.365+0000] {processor.py:179} INFO - Processing /home/airflow/.local/lib/python3.8/site-packages/airflow/example_dags/example_sensor_decorator.py took 0.065 seconds
[2023-09-13T19:29:46.650+0000] {processor.py:157} INFO - Started process (PID=217) to work on /home/airflow/.local/lib/python3.8/site-packages/airflow/example_dags/example_sensor_decorator.py
[2023-09-13T19:29:46.651+0000] {processor.py:829} INFO - Processing file /home/airflow/.local/lib/python3.8/site-packages/airflow/example_dags/example_sensor_decorator.py for tasks to queue
[2023-09-13T19:29:46.653+0000] {logging_mixin.py:151} INFO - [2023-09-13T19:29:46.653+0000] {dagbag.py:539} INFO - Filling up the DagBag from /home/airflow/.local/lib/python3.8/site-packages/airflow/example_dags/example_sensor_decorator.py
[2023-09-13T19:29:46.660+0000] {processor.py:839} INFO - DAG(s) dict_keys(['example_sensor_decorator']) retrieved from /home/airflow/.local/lib/python3.8/site-packages/airflow/example_dags/example_sensor_decorator.py
[2023-09-13T19:29:46.681+0000] {logging_mixin.py:151} INFO - [2023-09-13T19:29:46.681+0000] {dag.py:2915} INFO - Sync 1 DAGs
[2023-09-13T19:29:46.692+0000] {logging_mixin.py:151} INFO - [2023-09-13T19:29:46.691+0000] {dag.py:3696} INFO - Setting next_dagrun for example_sensor_decorator to None, run_after=None
[2023-09-13T19:29:46.704+0000] {processor.py:179} INFO - Processing /home/airflow/.local/lib/python3.8/site-packages/airflow/example_dags/example_sensor_decorator.py took 0.058 seconds
[2023-09-13T19:30:16.831+0000] {processor.py:157} INFO - Started process (PID=271) to work on /home/airflow/.local/lib/python3.8/site-packages/airflow/example_dags/example_sensor_decorator.py
[2023-09-13T19:30:16.833+0000] {processor.py:829} INFO - Processing file /home/airflow/.local/lib/python3.8/site-packages/airflow/example_dags/example_sensor_decorator.py for tasks to queue
[2023-09-13T19:30:16.836+0000] {logging_mixin.py:151} INFO - [2023-09-13T19:30:16.836+0000] {dagbag.py:539} INFO - Filling up the DagBag from /home/airflow/.local/lib/python3.8/site-packages/airflow/example_dags/example_sensor_decorator.py
[2023-09-13T19:30:16.843+0000] {processor.py:839} INFO - DAG(s) dict_keys(['example_sensor_decorator']) retrieved from /home/airflow/.local/lib/python3.8/site-packages/airflow/example_dags/example_sensor_decorator.py
[2023-09-13T19:30:16.865+0000] {logging_mixin.py:151} INFO - [2023-09-13T19:30:16.864+0000] {dag.py:2915} INFO - Sync 1 DAGs
[2023-09-13T19:30:16.875+0000] {logging_mixin.py:151} INFO - [2023-09-13T19:30:16.875+0000] {dag.py:3696} INFO - Setting next_dagrun for example_sensor_decorator to None, run_after=None
[2023-09-13T19:30:16.887+0000] {processor.py:179} INFO - Processing /home/airflow/.local/lib/python3.8/site-packages/airflow/example_dags/example_sensor_decorator.py took 0.060 seconds
[2023-09-13T19:31:31.179+0000] {processor.py:157} INFO - Started process (PID=55) to work on /home/airflow/.local/lib/python3.8/site-packages/airflow/example_dags/example_sensor_decorator.py
[2023-09-13T19:31:31.181+0000] {processor.py:829} INFO - Processing file /home/airflow/.local/lib/python3.8/site-packages/airflow/example_dags/example_sensor_decorator.py for tasks to queue
[2023-09-13T19:31:31.185+0000] {logging_mixin.py:151} INFO - [2023-09-13T19:31:31.185+0000] {dagbag.py:539} INFO - Filling up the DagBag from /home/airflow/.local/lib/python3.8/site-packages/airflow/example_dags/example_sensor_decorator.py
[2023-09-13T19:31:31.199+0000] {processor.py:839} INFO - DAG(s) dict_keys(['example_sensor_decorator']) retrieved from /home/airflow/.local/lib/python3.8/site-packages/airflow/example_dags/example_sensor_decorator.py
[2023-09-13T19:31:31.268+0000] {logging_mixin.py:151} INFO - [2023-09-13T19:31:31.267+0000] {dag.py:2915} INFO - Sync 1 DAGs
[2023-09-13T19:31:31.380+0000] {logging_mixin.py:151} INFO - [2023-09-13T19:31:31.380+0000] {dag.py:3696} INFO - Setting next_dagrun for example_sensor_decorator to None, run_after=None
[2023-09-13T19:31:31.460+0000] {processor.py:179} INFO - Processing /home/airflow/.local/lib/python3.8/site-packages/airflow/example_dags/example_sensor_decorator.py took 0.285 seconds
[2023-09-13T19:32:02.499+0000] {processor.py:157} INFO - Started process (PID=110) to work on /home/airflow/.local/lib/python3.8/site-packages/airflow/example_dags/example_sensor_decorator.py
[2023-09-13T19:32:02.501+0000] {processor.py:829} INFO - Processing file /home/airflow/.local/lib/python3.8/site-packages/airflow/example_dags/example_sensor_decorator.py for tasks to queue
[2023-09-13T19:32:02.505+0000] {logging_mixin.py:151} INFO - [2023-09-13T19:32:02.505+0000] {dagbag.py:539} INFO - Filling up the DagBag from /home/airflow/.local/lib/python3.8/site-packages/airflow/example_dags/example_sensor_decorator.py
[2023-09-13T19:32:02.519+0000] {processor.py:839} INFO - DAG(s) dict_keys(['example_sensor_decorator']) retrieved from /home/airflow/.local/lib/python3.8/site-packages/airflow/example_dags/example_sensor_decorator.py
[2023-09-13T19:32:02.561+0000] {logging_mixin.py:151} INFO - [2023-09-13T19:32:02.561+0000] {dag.py:2915} INFO - Sync 1 DAGs
[2023-09-13T19:32:02.592+0000] {logging_mixin.py:151} INFO - [2023-09-13T19:32:02.592+0000] {dag.py:3696} INFO - Setting next_dagrun for example_sensor_decorator to None, run_after=None
[2023-09-13T19:32:02.635+0000] {processor.py:179} INFO - Processing /home/airflow/.local/lib/python3.8/site-packages/airflow/example_dags/example_sensor_decorator.py took 0.142 seconds
[2023-09-13T19:32:32.996+0000] {processor.py:157} INFO - Started process (PID=165) to work on /home/airflow/.local/lib/python3.8/site-packages/airflow/example_dags/example_sensor_decorator.py
[2023-09-13T19:32:32.998+0000] {processor.py:829} INFO - Processing file /home/airflow/.local/lib/python3.8/site-packages/airflow/example_dags/example_sensor_decorator.py for tasks to queue
[2023-09-13T19:32:33.001+0000] {logging_mixin.py:151} INFO - [2023-09-13T19:32:33.001+0000] {dagbag.py:539} INFO - Filling up the DagBag from /home/airflow/.local/lib/python3.8/site-packages/airflow/example_dags/example_sensor_decorator.py
[2023-09-13T19:32:33.009+0000] {processor.py:839} INFO - DAG(s) dict_keys(['example_sensor_decorator']) retrieved from /home/airflow/.local/lib/python3.8/site-packages/airflow/example_dags/example_sensor_decorator.py
[2023-09-13T19:32:33.034+0000] {logging_mixin.py:151} INFO - [2023-09-13T19:32:33.034+0000] {dag.py:2915} INFO - Sync 1 DAGs
[2023-09-13T19:32:33.047+0000] {logging_mixin.py:151} INFO - [2023-09-13T19:32:33.047+0000] {dag.py:3696} INFO - Setting next_dagrun for example_sensor_decorator to None, run_after=None
[2023-09-13T19:32:33.062+0000] {processor.py:179} INFO - Processing /home/airflow/.local/lib/python3.8/site-packages/airflow/example_dags/example_sensor_decorator.py took 0.070 seconds
[2023-09-13T19:33:03.976+0000] {processor.py:157} INFO - Started process (PID=220) to work on /home/airflow/.local/lib/python3.8/site-packages/airflow/example_dags/example_sensor_decorator.py
[2023-09-13T19:33:03.977+0000] {processor.py:829} INFO - Processing file /home/airflow/.local/lib/python3.8/site-packages/airflow/example_dags/example_sensor_decorator.py for tasks to queue
[2023-09-13T19:33:03.980+0000] {logging_mixin.py:151} INFO - [2023-09-13T19:33:03.979+0000] {dagbag.py:539} INFO - Filling up the DagBag from /home/airflow/.local/lib/python3.8/site-packages/airflow/example_dags/example_sensor_decorator.py
[2023-09-13T19:33:03.986+0000] {processor.py:839} INFO - DAG(s) dict_keys(['example_sensor_decorator']) retrieved from /home/airflow/.local/lib/python3.8/site-packages/airflow/example_dags/example_sensor_decorator.py
[2023-09-13T19:33:04.007+0000] {logging_mixin.py:151} INFO - [2023-09-13T19:33:04.007+0000] {dag.py:2915} INFO - Sync 1 DAGs
[2023-09-13T19:33:04.017+0000] {logging_mixin.py:151} INFO - [2023-09-13T19:33:04.017+0000] {dag.py:3696} INFO - Setting next_dagrun for example_sensor_decorator to None, run_after=None
[2023-09-13T19:33:04.031+0000] {processor.py:179} INFO - Processing /home/airflow/.local/lib/python3.8/site-packages/airflow/example_dags/example_sensor_decorator.py took 0.059 seconds
[2023-09-13T19:33:34.872+0000] {processor.py:157} INFO - Started process (PID=275) to work on /home/airflow/.local/lib/python3.8/site-packages/airflow/example_dags/example_sensor_decorator.py
[2023-09-13T19:33:34.873+0000] {processor.py:829} INFO - Processing file /home/airflow/.local/lib/python3.8/site-packages/airflow/example_dags/example_sensor_decorator.py for tasks to queue
[2023-09-13T19:33:34.876+0000] {logging_mixin.py:151} INFO - [2023-09-13T19:33:34.876+0000] {dagbag.py:539} INFO - Filling up the DagBag from /home/airflow/.local/lib/python3.8/site-packages/airflow/example_dags/example_sensor_decorator.py
[2023-09-13T19:33:34.886+0000] {processor.py:839} INFO - DAG(s) dict_keys(['example_sensor_decorator']) retrieved from /home/airflow/.local/lib/python3.8/site-packages/airflow/example_dags/example_sensor_decorator.py
[2023-09-13T19:33:34.916+0000] {logging_mixin.py:151} INFO - [2023-09-13T19:33:34.915+0000] {dag.py:2915} INFO - Sync 1 DAGs
[2023-09-13T19:33:34.930+0000] {logging_mixin.py:151} INFO - [2023-09-13T19:33:34.930+0000] {dag.py:3696} INFO - Setting next_dagrun for example_sensor_decorator to None, run_after=None
[2023-09-13T19:33:34.958+0000] {processor.py:179} INFO - Processing /home/airflow/.local/lib/python3.8/site-packages/airflow/example_dags/example_sensor_decorator.py took 0.090 seconds
[2023-09-13T19:34:05.802+0000] {processor.py:157} INFO - Started process (PID=330) to work on /home/airflow/.local/lib/python3.8/site-packages/airflow/example_dags/example_sensor_decorator.py
[2023-09-13T19:34:05.804+0000] {processor.py:829} INFO - Processing file /home/airflow/.local/lib/python3.8/site-packages/airflow/example_dags/example_sensor_decorator.py for tasks to queue
[2023-09-13T19:34:05.806+0000] {logging_mixin.py:151} INFO - [2023-09-13T19:34:05.806+0000] {dagbag.py:539} INFO - Filling up the DagBag from /home/airflow/.local/lib/python3.8/site-packages/airflow/example_dags/example_sensor_decorator.py
[2023-09-13T19:34:05.812+0000] {processor.py:839} INFO - DAG(s) dict_keys(['example_sensor_decorator']) retrieved from /home/airflow/.local/lib/python3.8/site-packages/airflow/example_dags/example_sensor_decorator.py
[2023-09-13T19:34:05.833+0000] {logging_mixin.py:151} INFO - [2023-09-13T19:34:05.833+0000] {dag.py:2915} INFO - Sync 1 DAGs
[2023-09-13T19:34:05.843+0000] {logging_mixin.py:151} INFO - [2023-09-13T19:34:05.843+0000] {dag.py:3696} INFO - Setting next_dagrun for example_sensor_decorator to None, run_after=None
[2023-09-13T19:34:05.855+0000] {processor.py:179} INFO - Processing /home/airflow/.local/lib/python3.8/site-packages/airflow/example_dags/example_sensor_decorator.py took 0.057 seconds
