[2023-09-13T19:15:51.151+0000] {processor.py:157} INFO - Started process (PID=51) to work on /home/airflow/.local/lib/python3.8/site-packages/airflow/example_dags/example_params_ui_tutorial.py
[2023-09-13T19:15:51.154+0000] {processor.py:829} INFO - Processing file /home/airflow/.local/lib/python3.8/site-packages/airflow/example_dags/example_params_ui_tutorial.py for tasks to queue
[2023-09-13T19:15:51.159+0000] {logging_mixin.py:151} INFO - [2023-09-13T19:15:51.159+0000] {dagbag.py:539} INFO - Filling up the DagBag from /home/airflow/.local/lib/python3.8/site-packages/airflow/example_dags/example_params_ui_tutorial.py
[2023-09-13T19:15:51.218+0000] {processor.py:839} INFO - DAG(s) dict_keys(['example_params_ui_tutorial']) retrieved from /home/airflow/.local/lib/python3.8/site-packages/airflow/example_dags/example_params_ui_tutorial.py
[2023-09-13T19:15:51.412+0000] {logging_mixin.py:151} INFO - [2023-09-13T19:15:51.411+0000] {manager.py:499} INFO - Created Permission View: %s
[2023-09-13T19:15:51.421+0000] {logging_mixin.py:151} INFO - [2023-09-13T19:15:51.421+0000] {manager.py:499} INFO - Created Permission View: %s
[2023-09-13T19:15:51.435+0000] {logging_mixin.py:151} INFO - [2023-09-13T19:15:51.434+0000] {manager.py:499} INFO - Created Permission View: %s
[2023-09-13T19:15:51.437+0000] {logging_mixin.py:151} INFO - [2023-09-13T19:15:51.436+0000] {security.py:708} INFO - Not syncing DAG-level permissions for DAG 'DAG:example_params_ui_tutorial' as access control is unset.
[2023-09-13T19:15:51.438+0000] {logging_mixin.py:151} INFO - [2023-09-13T19:15:51.437+0000] {dag.py:2915} INFO - Sync 1 DAGs
[2023-09-13T19:15:51.450+0000] {logging_mixin.py:151} INFO - [2023-09-13T19:15:51.449+0000] {dag.py:2937} INFO - Creating ORM DAG for example_params_ui_tutorial
[2023-09-13T19:15:51.451+0000] {logging_mixin.py:151} INFO - [2023-09-13T19:15:51.451+0000] {dag.py:3696} INFO - Setting next_dagrun for example_params_ui_tutorial to None, run_after=None
[2023-09-13T19:15:51.466+0000] {processor.py:179} INFO - Processing /home/airflow/.local/lib/python3.8/site-packages/airflow/example_dags/example_params_ui_tutorial.py took 0.324 seconds
[2023-09-13T19:16:22.250+0000] {processor.py:157} INFO - Started process (PID=105) to work on /home/airflow/.local/lib/python3.8/site-packages/airflow/example_dags/example_params_ui_tutorial.py
[2023-09-13T19:16:22.252+0000] {processor.py:829} INFO - Processing file /home/airflow/.local/lib/python3.8/site-packages/airflow/example_dags/example_params_ui_tutorial.py for tasks to queue
[2023-09-13T19:16:22.257+0000] {logging_mixin.py:151} INFO - [2023-09-13T19:16:22.257+0000] {dagbag.py:539} INFO - Filling up the DagBag from /home/airflow/.local/lib/python3.8/site-packages/airflow/example_dags/example_params_ui_tutorial.py
[2023-09-13T19:16:22.309+0000] {processor.py:839} INFO - DAG(s) dict_keys(['example_params_ui_tutorial']) retrieved from /home/airflow/.local/lib/python3.8/site-packages/airflow/example_dags/example_params_ui_tutorial.py
[2023-09-13T19:16:22.360+0000] {logging_mixin.py:151} INFO - [2023-09-13T19:16:22.360+0000] {dag.py:2915} INFO - Sync 1 DAGs
[2023-09-13T19:16:22.372+0000] {logging_mixin.py:151} INFO - [2023-09-13T19:16:22.372+0000] {dag.py:3696} INFO - Setting next_dagrun for example_params_ui_tutorial to None, run_after=None
[2023-09-13T19:16:22.386+0000] {processor.py:179} INFO - Processing /home/airflow/.local/lib/python3.8/site-packages/airflow/example_dags/example_params_ui_tutorial.py took 0.142 seconds
[2023-09-13T19:16:52.546+0000] {processor.py:157} INFO - Started process (PID=158) to work on /home/airflow/.local/lib/python3.8/site-packages/airflow/example_dags/example_params_ui_tutorial.py
[2023-09-13T19:16:52.548+0000] {processor.py:829} INFO - Processing file /home/airflow/.local/lib/python3.8/site-packages/airflow/example_dags/example_params_ui_tutorial.py for tasks to queue
[2023-09-13T19:16:52.550+0000] {logging_mixin.py:151} INFO - [2023-09-13T19:16:52.550+0000] {dagbag.py:539} INFO - Filling up the DagBag from /home/airflow/.local/lib/python3.8/site-packages/airflow/example_dags/example_params_ui_tutorial.py
[2023-09-13T19:16:52.579+0000] {processor.py:839} INFO - DAG(s) dict_keys(['example_params_ui_tutorial']) retrieved from /home/airflow/.local/lib/python3.8/site-packages/airflow/example_dags/example_params_ui_tutorial.py
[2023-09-13T19:16:52.621+0000] {logging_mixin.py:151} INFO - [2023-09-13T19:16:52.621+0000] {dag.py:2915} INFO - Sync 1 DAGs
[2023-09-13T19:16:52.632+0000] {logging_mixin.py:151} INFO - [2023-09-13T19:16:52.632+0000] {dag.py:3696} INFO - Setting next_dagrun for example_params_ui_tutorial to None, run_after=None
[2023-09-13T19:16:52.644+0000] {processor.py:179} INFO - Processing /home/airflow/.local/lib/python3.8/site-packages/airflow/example_dags/example_params_ui_tutorial.py took 0.102 seconds
[2023-09-13T19:17:22.981+0000] {processor.py:157} INFO - Started process (PID=212) to work on /home/airflow/.local/lib/python3.8/site-packages/airflow/example_dags/example_params_ui_tutorial.py
[2023-09-13T19:17:22.983+0000] {processor.py:829} INFO - Processing file /home/airflow/.local/lib/python3.8/site-packages/airflow/example_dags/example_params_ui_tutorial.py for tasks to queue
[2023-09-13T19:17:22.985+0000] {logging_mixin.py:151} INFO - [2023-09-13T19:17:22.985+0000] {dagbag.py:539} INFO - Filling up the DagBag from /home/airflow/.local/lib/python3.8/site-packages/airflow/example_dags/example_params_ui_tutorial.py
[2023-09-13T19:17:23.017+0000] {processor.py:839} INFO - DAG(s) dict_keys(['example_params_ui_tutorial']) retrieved from /home/airflow/.local/lib/python3.8/site-packages/airflow/example_dags/example_params_ui_tutorial.py
[2023-09-13T19:17:23.065+0000] {logging_mixin.py:151} INFO - [2023-09-13T19:17:23.065+0000] {dag.py:2915} INFO - Sync 1 DAGs
[2023-09-13T19:17:23.078+0000] {logging_mixin.py:151} INFO - [2023-09-13T19:17:23.078+0000] {dag.py:3696} INFO - Setting next_dagrun for example_params_ui_tutorial to None, run_after=None
[2023-09-13T19:17:23.097+0000] {processor.py:179} INFO - Processing /home/airflow/.local/lib/python3.8/site-packages/airflow/example_dags/example_params_ui_tutorial.py took 0.120 seconds
[2023-09-13T19:17:53.270+0000] {processor.py:157} INFO - Started process (PID=266) to work on /home/airflow/.local/lib/python3.8/site-packages/airflow/example_dags/example_params_ui_tutorial.py
[2023-09-13T19:17:53.272+0000] {processor.py:829} INFO - Processing file /home/airflow/.local/lib/python3.8/site-packages/airflow/example_dags/example_params_ui_tutorial.py for tasks to queue
[2023-09-13T19:17:53.275+0000] {logging_mixin.py:151} INFO - [2023-09-13T19:17:53.275+0000] {dagbag.py:539} INFO - Filling up the DagBag from /home/airflow/.local/lib/python3.8/site-packages/airflow/example_dags/example_params_ui_tutorial.py
[2023-09-13T19:17:53.306+0000] {processor.py:839} INFO - DAG(s) dict_keys(['example_params_ui_tutorial']) retrieved from /home/airflow/.local/lib/python3.8/site-packages/airflow/example_dags/example_params_ui_tutorial.py
[2023-09-13T19:17:53.348+0000] {logging_mixin.py:151} INFO - [2023-09-13T19:17:53.348+0000] {dag.py:2915} INFO - Sync 1 DAGs
[2023-09-13T19:17:53.359+0000] {logging_mixin.py:151} INFO - [2023-09-13T19:17:53.359+0000] {dag.py:3696} INFO - Setting next_dagrun for example_params_ui_tutorial to None, run_after=None
[2023-09-13T19:17:53.372+0000] {processor.py:179} INFO - Processing /home/airflow/.local/lib/python3.8/site-packages/airflow/example_dags/example_params_ui_tutorial.py took 0.105 seconds
[2023-09-13T19:18:23.471+0000] {processor.py:157} INFO - Started process (PID=320) to work on /home/airflow/.local/lib/python3.8/site-packages/airflow/example_dags/example_params_ui_tutorial.py
[2023-09-13T19:18:23.473+0000] {processor.py:829} INFO - Processing file /home/airflow/.local/lib/python3.8/site-packages/airflow/example_dags/example_params_ui_tutorial.py for tasks to queue
[2023-09-13T19:18:23.476+0000] {logging_mixin.py:151} INFO - [2023-09-13T19:18:23.475+0000] {dagbag.py:539} INFO - Filling up the DagBag from /home/airflow/.local/lib/python3.8/site-packages/airflow/example_dags/example_params_ui_tutorial.py
[2023-09-13T19:18:23.506+0000] {processor.py:839} INFO - DAG(s) dict_keys(['example_params_ui_tutorial']) retrieved from /home/airflow/.local/lib/python3.8/site-packages/airflow/example_dags/example_params_ui_tutorial.py
[2023-09-13T19:18:23.553+0000] {logging_mixin.py:151} INFO - [2023-09-13T19:18:23.553+0000] {dag.py:2915} INFO - Sync 1 DAGs
[2023-09-13T19:18:23.564+0000] {logging_mixin.py:151} INFO - [2023-09-13T19:18:23.563+0000] {dag.py:3696} INFO - Setting next_dagrun for example_params_ui_tutorial to None, run_after=None
[2023-09-13T19:18:23.576+0000] {processor.py:179} INFO - Processing /home/airflow/.local/lib/python3.8/site-packages/airflow/example_dags/example_params_ui_tutorial.py took 0.109 seconds
[2023-09-13T19:18:53.794+0000] {processor.py:157} INFO - Started process (PID=374) to work on /home/airflow/.local/lib/python3.8/site-packages/airflow/example_dags/example_params_ui_tutorial.py
[2023-09-13T19:18:53.795+0000] {processor.py:829} INFO - Processing file /home/airflow/.local/lib/python3.8/site-packages/airflow/example_dags/example_params_ui_tutorial.py for tasks to queue
[2023-09-13T19:18:53.797+0000] {logging_mixin.py:151} INFO - [2023-09-13T19:18:53.797+0000] {dagbag.py:539} INFO - Filling up the DagBag from /home/airflow/.local/lib/python3.8/site-packages/airflow/example_dags/example_params_ui_tutorial.py
[2023-09-13T19:18:53.827+0000] {processor.py:839} INFO - DAG(s) dict_keys(['example_params_ui_tutorial']) retrieved from /home/airflow/.local/lib/python3.8/site-packages/airflow/example_dags/example_params_ui_tutorial.py
[2023-09-13T19:18:53.869+0000] {logging_mixin.py:151} INFO - [2023-09-13T19:18:53.868+0000] {dag.py:2915} INFO - Sync 1 DAGs
[2023-09-13T19:18:53.880+0000] {logging_mixin.py:151} INFO - [2023-09-13T19:18:53.880+0000] {dag.py:3696} INFO - Setting next_dagrun for example_params_ui_tutorial to None, run_after=None
[2023-09-13T19:18:53.893+0000] {processor.py:179} INFO - Processing /home/airflow/.local/lib/python3.8/site-packages/airflow/example_dags/example_params_ui_tutorial.py took 0.103 seconds
[2023-09-13T19:19:24.108+0000] {processor.py:157} INFO - Started process (PID=429) to work on /home/airflow/.local/lib/python3.8/site-packages/airflow/example_dags/example_params_ui_tutorial.py
[2023-09-13T19:19:24.110+0000] {processor.py:829} INFO - Processing file /home/airflow/.local/lib/python3.8/site-packages/airflow/example_dags/example_params_ui_tutorial.py for tasks to queue
[2023-09-13T19:19:24.112+0000] {logging_mixin.py:151} INFO - [2023-09-13T19:19:24.112+0000] {dagbag.py:539} INFO - Filling up the DagBag from /home/airflow/.local/lib/python3.8/site-packages/airflow/example_dags/example_params_ui_tutorial.py
[2023-09-13T19:19:24.143+0000] {processor.py:839} INFO - DAG(s) dict_keys(['example_params_ui_tutorial']) retrieved from /home/airflow/.local/lib/python3.8/site-packages/airflow/example_dags/example_params_ui_tutorial.py
[2023-09-13T19:19:24.187+0000] {logging_mixin.py:151} INFO - [2023-09-13T19:19:24.187+0000] {dag.py:2915} INFO - Sync 1 DAGs
[2023-09-13T19:19:24.198+0000] {logging_mixin.py:151} INFO - [2023-09-13T19:19:24.198+0000] {dag.py:3696} INFO - Setting next_dagrun for example_params_ui_tutorial to None, run_after=None
[2023-09-13T19:19:24.212+0000] {processor.py:179} INFO - Processing /home/airflow/.local/lib/python3.8/site-packages/airflow/example_dags/example_params_ui_tutorial.py took 0.108 seconds
[2023-09-13T19:19:54.274+0000] {processor.py:157} INFO - Started process (PID=483) to work on /home/airflow/.local/lib/python3.8/site-packages/airflow/example_dags/example_params_ui_tutorial.py
[2023-09-13T19:19:54.275+0000] {processor.py:829} INFO - Processing file /home/airflow/.local/lib/python3.8/site-packages/airflow/example_dags/example_params_ui_tutorial.py for tasks to queue
[2023-09-13T19:19:54.278+0000] {logging_mixin.py:151} INFO - [2023-09-13T19:19:54.278+0000] {dagbag.py:539} INFO - Filling up the DagBag from /home/airflow/.local/lib/python3.8/site-packages/airflow/example_dags/example_params_ui_tutorial.py
[2023-09-13T19:19:54.308+0000] {processor.py:839} INFO - DAG(s) dict_keys(['example_params_ui_tutorial']) retrieved from /home/airflow/.local/lib/python3.8/site-packages/airflow/example_dags/example_params_ui_tutorial.py
[2023-09-13T19:19:54.350+0000] {logging_mixin.py:151} INFO - [2023-09-13T19:19:54.350+0000] {dag.py:2915} INFO - Sync 1 DAGs
[2023-09-13T19:19:54.361+0000] {logging_mixin.py:151} INFO - [2023-09-13T19:19:54.361+0000] {dag.py:3696} INFO - Setting next_dagrun for example_params_ui_tutorial to None, run_after=None
[2023-09-13T19:19:54.374+0000] {processor.py:179} INFO - Processing /home/airflow/.local/lib/python3.8/site-packages/airflow/example_dags/example_params_ui_tutorial.py took 0.105 seconds
[2023-09-13T19:20:24.476+0000] {processor.py:157} INFO - Started process (PID=535) to work on /home/airflow/.local/lib/python3.8/site-packages/airflow/example_dags/example_params_ui_tutorial.py
[2023-09-13T19:20:24.477+0000] {processor.py:829} INFO - Processing file /home/airflow/.local/lib/python3.8/site-packages/airflow/example_dags/example_params_ui_tutorial.py for tasks to queue
[2023-09-13T19:20:24.479+0000] {logging_mixin.py:151} INFO - [2023-09-13T19:20:24.479+0000] {dagbag.py:539} INFO - Filling up the DagBag from /home/airflow/.local/lib/python3.8/site-packages/airflow/example_dags/example_params_ui_tutorial.py
[2023-09-13T19:20:24.507+0000] {processor.py:839} INFO - DAG(s) dict_keys(['example_params_ui_tutorial']) retrieved from /home/airflow/.local/lib/python3.8/site-packages/airflow/example_dags/example_params_ui_tutorial.py
[2023-09-13T19:20:24.547+0000] {logging_mixin.py:151} INFO - [2023-09-13T19:20:24.547+0000] {dag.py:2915} INFO - Sync 1 DAGs
[2023-09-13T19:20:24.559+0000] {logging_mixin.py:151} INFO - [2023-09-13T19:20:24.559+0000] {dag.py:3696} INFO - Setting next_dagrun for example_params_ui_tutorial to None, run_after=None
[2023-09-13T19:20:24.574+0000] {processor.py:179} INFO - Processing /home/airflow/.local/lib/python3.8/site-packages/airflow/example_dags/example_params_ui_tutorial.py took 0.101 seconds
[2023-09-13T19:20:55.051+0000] {processor.py:157} INFO - Started process (PID=589) to work on /home/airflow/.local/lib/python3.8/site-packages/airflow/example_dags/example_params_ui_tutorial.py
[2023-09-13T19:20:55.052+0000] {processor.py:829} INFO - Processing file /home/airflow/.local/lib/python3.8/site-packages/airflow/example_dags/example_params_ui_tutorial.py for tasks to queue
[2023-09-13T19:20:55.055+0000] {logging_mixin.py:151} INFO - [2023-09-13T19:20:55.054+0000] {dagbag.py:539} INFO - Filling up the DagBag from /home/airflow/.local/lib/python3.8/site-packages/airflow/example_dags/example_params_ui_tutorial.py
[2023-09-13T19:20:55.087+0000] {processor.py:839} INFO - DAG(s) dict_keys(['example_params_ui_tutorial']) retrieved from /home/airflow/.local/lib/python3.8/site-packages/airflow/example_dags/example_params_ui_tutorial.py
[2023-09-13T19:20:55.185+0000] {logging_mixin.py:151} INFO - [2023-09-13T19:20:55.184+0000] {dag.py:2915} INFO - Sync 1 DAGs
[2023-09-13T19:20:55.207+0000] {logging_mixin.py:151} INFO - [2023-09-13T19:20:55.206+0000] {dag.py:3696} INFO - Setting next_dagrun for example_params_ui_tutorial to None, run_after=None
[2023-09-13T19:20:55.228+0000] {processor.py:179} INFO - Processing /home/airflow/.local/lib/python3.8/site-packages/airflow/example_dags/example_params_ui_tutorial.py took 0.181 seconds
[2023-09-13T19:21:26.219+0000] {processor.py:157} INFO - Started process (PID=644) to work on /home/airflow/.local/lib/python3.8/site-packages/airflow/example_dags/example_params_ui_tutorial.py
[2023-09-13T19:21:26.220+0000] {processor.py:829} INFO - Processing file /home/airflow/.local/lib/python3.8/site-packages/airflow/example_dags/example_params_ui_tutorial.py for tasks to queue
[2023-09-13T19:21:26.223+0000] {logging_mixin.py:151} INFO - [2023-09-13T19:21:26.222+0000] {dagbag.py:539} INFO - Filling up the DagBag from /home/airflow/.local/lib/python3.8/site-packages/airflow/example_dags/example_params_ui_tutorial.py
[2023-09-13T19:21:26.251+0000] {processor.py:839} INFO - DAG(s) dict_keys(['example_params_ui_tutorial']) retrieved from /home/airflow/.local/lib/python3.8/site-packages/airflow/example_dags/example_params_ui_tutorial.py
[2023-09-13T19:21:26.292+0000] {logging_mixin.py:151} INFO - [2023-09-13T19:21:26.292+0000] {dag.py:2915} INFO - Sync 1 DAGs
[2023-09-13T19:21:26.304+0000] {logging_mixin.py:151} INFO - [2023-09-13T19:21:26.303+0000] {dag.py:3696} INFO - Setting next_dagrun for example_params_ui_tutorial to None, run_after=None
[2023-09-13T19:21:26.319+0000] {processor.py:179} INFO - Processing /home/airflow/.local/lib/python3.8/site-packages/airflow/example_dags/example_params_ui_tutorial.py took 0.103 seconds
[2023-09-13T19:21:56.866+0000] {processor.py:157} INFO - Started process (PID=698) to work on /home/airflow/.local/lib/python3.8/site-packages/airflow/example_dags/example_params_ui_tutorial.py
[2023-09-13T19:21:56.868+0000] {processor.py:829} INFO - Processing file /home/airflow/.local/lib/python3.8/site-packages/airflow/example_dags/example_params_ui_tutorial.py for tasks to queue
[2023-09-13T19:21:56.870+0000] {logging_mixin.py:151} INFO - [2023-09-13T19:21:56.870+0000] {dagbag.py:539} INFO - Filling up the DagBag from /home/airflow/.local/lib/python3.8/site-packages/airflow/example_dags/example_params_ui_tutorial.py
[2023-09-13T19:21:56.898+0000] {processor.py:839} INFO - DAG(s) dict_keys(['example_params_ui_tutorial']) retrieved from /home/airflow/.local/lib/python3.8/site-packages/airflow/example_dags/example_params_ui_tutorial.py
[2023-09-13T19:21:56.941+0000] {logging_mixin.py:151} INFO - [2023-09-13T19:21:56.941+0000] {dag.py:2915} INFO - Sync 1 DAGs
[2023-09-13T19:21:56.952+0000] {logging_mixin.py:151} INFO - [2023-09-13T19:21:56.952+0000] {dag.py:3696} INFO - Setting next_dagrun for example_params_ui_tutorial to None, run_after=None
[2023-09-13T19:21:56.967+0000] {processor.py:179} INFO - Processing /home/airflow/.local/lib/python3.8/site-packages/airflow/example_dags/example_params_ui_tutorial.py took 0.104 seconds
[2023-09-13T19:22:27.695+0000] {processor.py:157} INFO - Started process (PID=752) to work on /home/airflow/.local/lib/python3.8/site-packages/airflow/example_dags/example_params_ui_tutorial.py
[2023-09-13T19:22:27.696+0000] {processor.py:829} INFO - Processing file /home/airflow/.local/lib/python3.8/site-packages/airflow/example_dags/example_params_ui_tutorial.py for tasks to queue
[2023-09-13T19:22:27.699+0000] {logging_mixin.py:151} INFO - [2023-09-13T19:22:27.698+0000] {dagbag.py:539} INFO - Filling up the DagBag from /home/airflow/.local/lib/python3.8/site-packages/airflow/example_dags/example_params_ui_tutorial.py
[2023-09-13T19:22:27.729+0000] {processor.py:839} INFO - DAG(s) dict_keys(['example_params_ui_tutorial']) retrieved from /home/airflow/.local/lib/python3.8/site-packages/airflow/example_dags/example_params_ui_tutorial.py
[2023-09-13T19:22:27.771+0000] {logging_mixin.py:151} INFO - [2023-09-13T19:22:27.771+0000] {dag.py:2915} INFO - Sync 1 DAGs
[2023-09-13T19:22:27.782+0000] {logging_mixin.py:151} INFO - [2023-09-13T19:22:27.782+0000] {dag.py:3696} INFO - Setting next_dagrun for example_params_ui_tutorial to None, run_after=None
[2023-09-13T19:22:27.796+0000] {processor.py:179} INFO - Processing /home/airflow/.local/lib/python3.8/site-packages/airflow/example_dags/example_params_ui_tutorial.py took 0.105 seconds
[2023-09-13T19:22:58.017+0000] {processor.py:157} INFO - Started process (PID=805) to work on /home/airflow/.local/lib/python3.8/site-packages/airflow/example_dags/example_params_ui_tutorial.py
[2023-09-13T19:22:58.019+0000] {processor.py:829} INFO - Processing file /home/airflow/.local/lib/python3.8/site-packages/airflow/example_dags/example_params_ui_tutorial.py for tasks to queue
[2023-09-13T19:22:58.022+0000] {logging_mixin.py:151} INFO - [2023-09-13T19:22:58.022+0000] {dagbag.py:539} INFO - Filling up the DagBag from /home/airflow/.local/lib/python3.8/site-packages/airflow/example_dags/example_params_ui_tutorial.py
[2023-09-13T19:22:58.052+0000] {processor.py:839} INFO - DAG(s) dict_keys(['example_params_ui_tutorial']) retrieved from /home/airflow/.local/lib/python3.8/site-packages/airflow/example_dags/example_params_ui_tutorial.py
[2023-09-13T19:22:58.092+0000] {logging_mixin.py:151} INFO - [2023-09-13T19:22:58.092+0000] {dag.py:2915} INFO - Sync 1 DAGs
[2023-09-13T19:22:58.102+0000] {logging_mixin.py:151} INFO - [2023-09-13T19:22:58.102+0000] {dag.py:3696} INFO - Setting next_dagrun for example_params_ui_tutorial to None, run_after=None
[2023-09-13T19:22:58.116+0000] {processor.py:179} INFO - Processing /home/airflow/.local/lib/python3.8/site-packages/airflow/example_dags/example_params_ui_tutorial.py took 0.104 seconds
[2023-09-13T19:23:28.288+0000] {processor.py:157} INFO - Started process (PID=859) to work on /home/airflow/.local/lib/python3.8/site-packages/airflow/example_dags/example_params_ui_tutorial.py
[2023-09-13T19:23:28.290+0000] {processor.py:829} INFO - Processing file /home/airflow/.local/lib/python3.8/site-packages/airflow/example_dags/example_params_ui_tutorial.py for tasks to queue
[2023-09-13T19:23:28.293+0000] {logging_mixin.py:151} INFO - [2023-09-13T19:23:28.293+0000] {dagbag.py:539} INFO - Filling up the DagBag from /home/airflow/.local/lib/python3.8/site-packages/airflow/example_dags/example_params_ui_tutorial.py
[2023-09-13T19:23:28.324+0000] {processor.py:839} INFO - DAG(s) dict_keys(['example_params_ui_tutorial']) retrieved from /home/airflow/.local/lib/python3.8/site-packages/airflow/example_dags/example_params_ui_tutorial.py
[2023-09-13T19:23:28.366+0000] {logging_mixin.py:151} INFO - [2023-09-13T19:23:28.366+0000] {dag.py:2915} INFO - Sync 1 DAGs
[2023-09-13T19:23:28.377+0000] {logging_mixin.py:151} INFO - [2023-09-13T19:23:28.377+0000] {dag.py:3696} INFO - Setting next_dagrun for example_params_ui_tutorial to None, run_after=None
[2023-09-13T19:23:28.390+0000] {processor.py:179} INFO - Processing /home/airflow/.local/lib/python3.8/site-packages/airflow/example_dags/example_params_ui_tutorial.py took 0.109 seconds
[2023-09-13T19:23:58.610+0000] {processor.py:157} INFO - Started process (PID=913) to work on /home/airflow/.local/lib/python3.8/site-packages/airflow/example_dags/example_params_ui_tutorial.py
[2023-09-13T19:23:58.611+0000] {processor.py:829} INFO - Processing file /home/airflow/.local/lib/python3.8/site-packages/airflow/example_dags/example_params_ui_tutorial.py for tasks to queue
[2023-09-13T19:23:58.614+0000] {logging_mixin.py:151} INFO - [2023-09-13T19:23:58.614+0000] {dagbag.py:539} INFO - Filling up the DagBag from /home/airflow/.local/lib/python3.8/site-packages/airflow/example_dags/example_params_ui_tutorial.py
[2023-09-13T19:23:58.644+0000] {processor.py:839} INFO - DAG(s) dict_keys(['example_params_ui_tutorial']) retrieved from /home/airflow/.local/lib/python3.8/site-packages/airflow/example_dags/example_params_ui_tutorial.py
[2023-09-13T19:23:58.686+0000] {logging_mixin.py:151} INFO - [2023-09-13T19:23:58.686+0000] {dag.py:2915} INFO - Sync 1 DAGs
[2023-09-13T19:23:58.697+0000] {logging_mixin.py:151} INFO - [2023-09-13T19:23:58.697+0000] {dag.py:3696} INFO - Setting next_dagrun for example_params_ui_tutorial to None, run_after=None
[2023-09-13T19:23:58.712+0000] {processor.py:179} INFO - Processing /home/airflow/.local/lib/python3.8/site-packages/airflow/example_dags/example_params_ui_tutorial.py took 0.107 seconds
[2023-09-13T19:24:28.797+0000] {processor.py:157} INFO - Started process (PID=968) to work on /home/airflow/.local/lib/python3.8/site-packages/airflow/example_dags/example_params_ui_tutorial.py
[2023-09-13T19:24:28.799+0000] {processor.py:829} INFO - Processing file /home/airflow/.local/lib/python3.8/site-packages/airflow/example_dags/example_params_ui_tutorial.py for tasks to queue
[2023-09-13T19:24:28.801+0000] {logging_mixin.py:151} INFO - [2023-09-13T19:24:28.801+0000] {dagbag.py:539} INFO - Filling up the DagBag from /home/airflow/.local/lib/python3.8/site-packages/airflow/example_dags/example_params_ui_tutorial.py
[2023-09-13T19:24:28.829+0000] {processor.py:839} INFO - DAG(s) dict_keys(['example_params_ui_tutorial']) retrieved from /home/airflow/.local/lib/python3.8/site-packages/airflow/example_dags/example_params_ui_tutorial.py
[2023-09-13T19:24:28.869+0000] {logging_mixin.py:151} INFO - [2023-09-13T19:24:28.869+0000] {dag.py:2915} INFO - Sync 1 DAGs
[2023-09-13T19:24:28.879+0000] {logging_mixin.py:151} INFO - [2023-09-13T19:24:28.879+0000] {dag.py:3696} INFO - Setting next_dagrun for example_params_ui_tutorial to None, run_after=None
[2023-09-13T19:24:28.891+0000] {processor.py:179} INFO - Processing /home/airflow/.local/lib/python3.8/site-packages/airflow/example_dags/example_params_ui_tutorial.py took 0.097 seconds
[2023-09-13T19:24:59.035+0000] {processor.py:157} INFO - Started process (PID=1023) to work on /home/airflow/.local/lib/python3.8/site-packages/airflow/example_dags/example_params_ui_tutorial.py
[2023-09-13T19:24:59.037+0000] {processor.py:829} INFO - Processing file /home/airflow/.local/lib/python3.8/site-packages/airflow/example_dags/example_params_ui_tutorial.py for tasks to queue
[2023-09-13T19:24:59.040+0000] {logging_mixin.py:151} INFO - [2023-09-13T19:24:59.039+0000] {dagbag.py:539} INFO - Filling up the DagBag from /home/airflow/.local/lib/python3.8/site-packages/airflow/example_dags/example_params_ui_tutorial.py
[2023-09-13T19:24:59.071+0000] {processor.py:839} INFO - DAG(s) dict_keys(['example_params_ui_tutorial']) retrieved from /home/airflow/.local/lib/python3.8/site-packages/airflow/example_dags/example_params_ui_tutorial.py
[2023-09-13T19:24:59.160+0000] {logging_mixin.py:151} INFO - [2023-09-13T19:24:59.160+0000] {dag.py:2915} INFO - Sync 1 DAGs
[2023-09-13T19:24:59.184+0000] {logging_mixin.py:151} INFO - [2023-09-13T19:24:59.184+0000] {dag.py:3696} INFO - Setting next_dagrun for example_params_ui_tutorial to None, run_after=None
[2023-09-13T19:24:59.208+0000] {processor.py:179} INFO - Processing /home/airflow/.local/lib/python3.8/site-packages/airflow/example_dags/example_params_ui_tutorial.py took 0.177 seconds
[2023-09-13T19:25:29.302+0000] {processor.py:157} INFO - Started process (PID=1076) to work on /home/airflow/.local/lib/python3.8/site-packages/airflow/example_dags/example_params_ui_tutorial.py
[2023-09-13T19:25:29.303+0000] {processor.py:829} INFO - Processing file /home/airflow/.local/lib/python3.8/site-packages/airflow/example_dags/example_params_ui_tutorial.py for tasks to queue
[2023-09-13T19:25:29.305+0000] {logging_mixin.py:151} INFO - [2023-09-13T19:25:29.305+0000] {dagbag.py:539} INFO - Filling up the DagBag from /home/airflow/.local/lib/python3.8/site-packages/airflow/example_dags/example_params_ui_tutorial.py
[2023-09-13T19:25:29.333+0000] {processor.py:839} INFO - DAG(s) dict_keys(['example_params_ui_tutorial']) retrieved from /home/airflow/.local/lib/python3.8/site-packages/airflow/example_dags/example_params_ui_tutorial.py
[2023-09-13T19:25:29.375+0000] {logging_mixin.py:151} INFO - [2023-09-13T19:25:29.375+0000] {dag.py:2915} INFO - Sync 1 DAGs
[2023-09-13T19:25:29.386+0000] {logging_mixin.py:151} INFO - [2023-09-13T19:25:29.385+0000] {dag.py:3696} INFO - Setting next_dagrun for example_params_ui_tutorial to None, run_after=None
[2023-09-13T19:25:29.398+0000] {processor.py:179} INFO - Processing /home/airflow/.local/lib/python3.8/site-packages/airflow/example_dags/example_params_ui_tutorial.py took 0.100 seconds
[2023-09-13T19:26:00.146+0000] {processor.py:157} INFO - Started process (PID=1130) to work on /home/airflow/.local/lib/python3.8/site-packages/airflow/example_dags/example_params_ui_tutorial.py
[2023-09-13T19:26:00.147+0000] {processor.py:829} INFO - Processing file /home/airflow/.local/lib/python3.8/site-packages/airflow/example_dags/example_params_ui_tutorial.py for tasks to queue
[2023-09-13T19:26:00.149+0000] {logging_mixin.py:151} INFO - [2023-09-13T19:26:00.149+0000] {dagbag.py:539} INFO - Filling up the DagBag from /home/airflow/.local/lib/python3.8/site-packages/airflow/example_dags/example_params_ui_tutorial.py
[2023-09-13T19:26:00.179+0000] {processor.py:839} INFO - DAG(s) dict_keys(['example_params_ui_tutorial']) retrieved from /home/airflow/.local/lib/python3.8/site-packages/airflow/example_dags/example_params_ui_tutorial.py
[2023-09-13T19:26:00.218+0000] {logging_mixin.py:151} INFO - [2023-09-13T19:26:00.218+0000] {dag.py:2915} INFO - Sync 1 DAGs
[2023-09-13T19:26:00.228+0000] {logging_mixin.py:151} INFO - [2023-09-13T19:26:00.228+0000] {dag.py:3696} INFO - Setting next_dagrun for example_params_ui_tutorial to None, run_after=None
[2023-09-13T19:26:00.242+0000] {processor.py:179} INFO - Processing /home/airflow/.local/lib/python3.8/site-packages/airflow/example_dags/example_params_ui_tutorial.py took 0.100 seconds
[2023-09-13T19:26:30.462+0000] {processor.py:157} INFO - Started process (PID=1193) to work on /home/airflow/.local/lib/python3.8/site-packages/airflow/example_dags/example_params_ui_tutorial.py
[2023-09-13T19:26:30.464+0000] {processor.py:829} INFO - Processing file /home/airflow/.local/lib/python3.8/site-packages/airflow/example_dags/example_params_ui_tutorial.py for tasks to queue
[2023-09-13T19:26:30.467+0000] {logging_mixin.py:151} INFO - [2023-09-13T19:26:30.466+0000] {dagbag.py:539} INFO - Filling up the DagBag from /home/airflow/.local/lib/python3.8/site-packages/airflow/example_dags/example_params_ui_tutorial.py
[2023-09-13T19:26:30.495+0000] {processor.py:839} INFO - DAG(s) dict_keys(['example_params_ui_tutorial']) retrieved from /home/airflow/.local/lib/python3.8/site-packages/airflow/example_dags/example_params_ui_tutorial.py
[2023-09-13T19:26:30.535+0000] {logging_mixin.py:151} INFO - [2023-09-13T19:26:30.535+0000] {dag.py:2915} INFO - Sync 1 DAGs
[2023-09-13T19:26:30.545+0000] {logging_mixin.py:151} INFO - [2023-09-13T19:26:30.544+0000] {dag.py:3696} INFO - Setting next_dagrun for example_params_ui_tutorial to None, run_after=None
[2023-09-13T19:26:30.558+0000] {processor.py:179} INFO - Processing /home/airflow/.local/lib/python3.8/site-packages/airflow/example_dags/example_params_ui_tutorial.py took 0.099 seconds
[2023-09-13T19:27:01.030+0000] {processor.py:157} INFO - Started process (PID=1249) to work on /home/airflow/.local/lib/python3.8/site-packages/airflow/example_dags/example_params_ui_tutorial.py
[2023-09-13T19:27:01.031+0000] {processor.py:829} INFO - Processing file /home/airflow/.local/lib/python3.8/site-packages/airflow/example_dags/example_params_ui_tutorial.py for tasks to queue
[2023-09-13T19:27:01.033+0000] {logging_mixin.py:151} INFO - [2023-09-13T19:27:01.033+0000] {dagbag.py:539} INFO - Filling up the DagBag from /home/airflow/.local/lib/python3.8/site-packages/airflow/example_dags/example_params_ui_tutorial.py
[2023-09-13T19:27:01.062+0000] {processor.py:839} INFO - DAG(s) dict_keys(['example_params_ui_tutorial']) retrieved from /home/airflow/.local/lib/python3.8/site-packages/airflow/example_dags/example_params_ui_tutorial.py
[2023-09-13T19:27:01.101+0000] {logging_mixin.py:151} INFO - [2023-09-13T19:27:01.101+0000] {dag.py:2915} INFO - Sync 1 DAGs
[2023-09-13T19:27:01.110+0000] {logging_mixin.py:151} INFO - [2023-09-13T19:27:01.110+0000] {dag.py:3696} INFO - Setting next_dagrun for example_params_ui_tutorial to None, run_after=None
[2023-09-13T19:27:01.123+0000] {processor.py:179} INFO - Processing /home/airflow/.local/lib/python3.8/site-packages/airflow/example_dags/example_params_ui_tutorial.py took 0.096 seconds
[2023-09-13T19:28:15.449+0000] {processor.py:157} INFO - Started process (PID=51) to work on /home/airflow/.local/lib/python3.8/site-packages/airflow/example_dags/example_params_ui_tutorial.py
[2023-09-13T19:28:15.453+0000] {processor.py:829} INFO - Processing file /home/airflow/.local/lib/python3.8/site-packages/airflow/example_dags/example_params_ui_tutorial.py for tasks to queue
[2023-09-13T19:28:15.462+0000] {logging_mixin.py:151} INFO - [2023-09-13T19:28:15.460+0000] {dagbag.py:539} INFO - Filling up the DagBag from /home/airflow/.local/lib/python3.8/site-packages/airflow/example_dags/example_params_ui_tutorial.py
[2023-09-13T19:28:15.569+0000] {processor.py:839} INFO - DAG(s) dict_keys(['example_params_ui_tutorial']) retrieved from /home/airflow/.local/lib/python3.8/site-packages/airflow/example_dags/example_params_ui_tutorial.py
[2023-09-13T19:28:15.611+0000] {logging_mixin.py:151} INFO - [2023-09-13T19:28:15.611+0000] {dag.py:2915} INFO - Sync 1 DAGs
[2023-09-13T19:28:15.635+0000] {logging_mixin.py:151} INFO - [2023-09-13T19:28:15.635+0000] {dag.py:3696} INFO - Setting next_dagrun for example_params_ui_tutorial to None, run_after=None
[2023-09-13T19:28:15.662+0000] {processor.py:179} INFO - Processing /home/airflow/.local/lib/python3.8/site-packages/airflow/example_dags/example_params_ui_tutorial.py took 0.222 seconds
[2023-09-13T19:28:45.755+0000] {processor.py:157} INFO - Started process (PID=107) to work on /home/airflow/.local/lib/python3.8/site-packages/airflow/example_dags/example_params_ui_tutorial.py
[2023-09-13T19:28:45.757+0000] {processor.py:829} INFO - Processing file /home/airflow/.local/lib/python3.8/site-packages/airflow/example_dags/example_params_ui_tutorial.py for tasks to queue
[2023-09-13T19:28:45.759+0000] {logging_mixin.py:151} INFO - [2023-09-13T19:28:45.759+0000] {dagbag.py:539} INFO - Filling up the DagBag from /home/airflow/.local/lib/python3.8/site-packages/airflow/example_dags/example_params_ui_tutorial.py
[2023-09-13T19:28:45.794+0000] {processor.py:839} INFO - DAG(s) dict_keys(['example_params_ui_tutorial']) retrieved from /home/airflow/.local/lib/python3.8/site-packages/airflow/example_dags/example_params_ui_tutorial.py
[2023-09-13T19:28:45.838+0000] {logging_mixin.py:151} INFO - [2023-09-13T19:28:45.838+0000] {dag.py:2915} INFO - Sync 1 DAGs
[2023-09-13T19:28:45.852+0000] {logging_mixin.py:151} INFO - [2023-09-13T19:28:45.851+0000] {dag.py:3696} INFO - Setting next_dagrun for example_params_ui_tutorial to None, run_after=None
[2023-09-13T19:28:45.867+0000] {processor.py:179} INFO - Processing /home/airflow/.local/lib/python3.8/site-packages/airflow/example_dags/example_params_ui_tutorial.py took 0.116 seconds
[2023-09-13T19:29:16.175+0000] {processor.py:157} INFO - Started process (PID=161) to work on /home/airflow/.local/lib/python3.8/site-packages/airflow/example_dags/example_params_ui_tutorial.py
[2023-09-13T19:29:16.176+0000] {processor.py:829} INFO - Processing file /home/airflow/.local/lib/python3.8/site-packages/airflow/example_dags/example_params_ui_tutorial.py for tasks to queue
[2023-09-13T19:29:16.179+0000] {logging_mixin.py:151} INFO - [2023-09-13T19:29:16.178+0000] {dagbag.py:539} INFO - Filling up the DagBag from /home/airflow/.local/lib/python3.8/site-packages/airflow/example_dags/example_params_ui_tutorial.py
[2023-09-13T19:29:16.209+0000] {processor.py:839} INFO - DAG(s) dict_keys(['example_params_ui_tutorial']) retrieved from /home/airflow/.local/lib/python3.8/site-packages/airflow/example_dags/example_params_ui_tutorial.py
[2023-09-13T19:29:16.250+0000] {logging_mixin.py:151} INFO - [2023-09-13T19:29:16.250+0000] {dag.py:2915} INFO - Sync 1 DAGs
[2023-09-13T19:29:16.260+0000] {logging_mixin.py:151} INFO - [2023-09-13T19:29:16.260+0000] {dag.py:3696} INFO - Setting next_dagrun for example_params_ui_tutorial to None, run_after=None
[2023-09-13T19:29:16.274+0000] {processor.py:179} INFO - Processing /home/airflow/.local/lib/python3.8/site-packages/airflow/example_dags/example_params_ui_tutorial.py took 0.104 seconds
[2023-09-13T19:29:46.555+0000] {processor.py:157} INFO - Started process (PID=215) to work on /home/airflow/.local/lib/python3.8/site-packages/airflow/example_dags/example_params_ui_tutorial.py
[2023-09-13T19:29:46.556+0000] {processor.py:829} INFO - Processing file /home/airflow/.local/lib/python3.8/site-packages/airflow/example_dags/example_params_ui_tutorial.py for tasks to queue
[2023-09-13T19:29:46.559+0000] {logging_mixin.py:151} INFO - [2023-09-13T19:29:46.558+0000] {dagbag.py:539} INFO - Filling up the DagBag from /home/airflow/.local/lib/python3.8/site-packages/airflow/example_dags/example_params_ui_tutorial.py
[2023-09-13T19:29:46.588+0000] {processor.py:839} INFO - DAG(s) dict_keys(['example_params_ui_tutorial']) retrieved from /home/airflow/.local/lib/python3.8/site-packages/airflow/example_dags/example_params_ui_tutorial.py
[2023-09-13T19:29:46.628+0000] {logging_mixin.py:151} INFO - [2023-09-13T19:29:46.628+0000] {dag.py:2915} INFO - Sync 1 DAGs
[2023-09-13T19:29:46.638+0000] {logging_mixin.py:151} INFO - [2023-09-13T19:29:46.638+0000] {dag.py:3696} INFO - Setting next_dagrun for example_params_ui_tutorial to None, run_after=None
[2023-09-13T19:29:46.652+0000] {processor.py:179} INFO - Processing /home/airflow/.local/lib/python3.8/site-packages/airflow/example_dags/example_params_ui_tutorial.py took 0.101 seconds
[2023-09-13T19:30:16.725+0000] {processor.py:157} INFO - Started process (PID=269) to work on /home/airflow/.local/lib/python3.8/site-packages/airflow/example_dags/example_params_ui_tutorial.py
[2023-09-13T19:30:16.727+0000] {processor.py:829} INFO - Processing file /home/airflow/.local/lib/python3.8/site-packages/airflow/example_dags/example_params_ui_tutorial.py for tasks to queue
[2023-09-13T19:30:16.729+0000] {logging_mixin.py:151} INFO - [2023-09-13T19:30:16.729+0000] {dagbag.py:539} INFO - Filling up the DagBag from /home/airflow/.local/lib/python3.8/site-packages/airflow/example_dags/example_params_ui_tutorial.py
[2023-09-13T19:30:16.759+0000] {processor.py:839} INFO - DAG(s) dict_keys(['example_params_ui_tutorial']) retrieved from /home/airflow/.local/lib/python3.8/site-packages/airflow/example_dags/example_params_ui_tutorial.py
[2023-09-13T19:30:16.805+0000] {logging_mixin.py:151} INFO - [2023-09-13T19:30:16.805+0000] {dag.py:2915} INFO - Sync 1 DAGs
[2023-09-13T19:30:16.817+0000] {logging_mixin.py:151} INFO - [2023-09-13T19:30:16.817+0000] {dag.py:3696} INFO - Setting next_dagrun for example_params_ui_tutorial to None, run_after=None
[2023-09-13T19:30:16.832+0000] {processor.py:179} INFO - Processing /home/airflow/.local/lib/python3.8/site-packages/airflow/example_dags/example_params_ui_tutorial.py took 0.111 seconds
[2023-09-13T19:31:30.899+0000] {processor.py:157} INFO - Started process (PID=52) to work on /home/airflow/.local/lib/python3.8/site-packages/airflow/example_dags/example_params_ui_tutorial.py
[2023-09-13T19:31:30.902+0000] {processor.py:829} INFO - Processing file /home/airflow/.local/lib/python3.8/site-packages/airflow/example_dags/example_params_ui_tutorial.py for tasks to queue
[2023-09-13T19:31:30.907+0000] {logging_mixin.py:151} INFO - [2023-09-13T19:31:30.906+0000] {dagbag.py:539} INFO - Filling up the DagBag from /home/airflow/.local/lib/python3.8/site-packages/airflow/example_dags/example_params_ui_tutorial.py
[2023-09-13T19:31:30.970+0000] {processor.py:839} INFO - DAG(s) dict_keys(['example_params_ui_tutorial']) retrieved from /home/airflow/.local/lib/python3.8/site-packages/airflow/example_dags/example_params_ui_tutorial.py
[2023-09-13T19:31:30.994+0000] {logging_mixin.py:151} INFO - [2023-09-13T19:31:30.993+0000] {dag.py:2915} INFO - Sync 1 DAGs
[2023-09-13T19:31:31.022+0000] {logging_mixin.py:151} INFO - [2023-09-13T19:31:31.022+0000] {dag.py:3696} INFO - Setting next_dagrun for example_params_ui_tutorial to None, run_after=None
[2023-09-13T19:31:31.079+0000] {processor.py:179} INFO - Processing /home/airflow/.local/lib/python3.8/site-packages/airflow/example_dags/example_params_ui_tutorial.py took 0.186 seconds
[2023-09-13T19:32:01.335+0000] {processor.py:157} INFO - Started process (PID=107) to work on /home/airflow/.local/lib/python3.8/site-packages/airflow/example_dags/example_params_ui_tutorial.py
[2023-09-13T19:32:01.338+0000] {processor.py:829} INFO - Processing file /home/airflow/.local/lib/python3.8/site-packages/airflow/example_dags/example_params_ui_tutorial.py for tasks to queue
[2023-09-13T19:32:01.342+0000] {logging_mixin.py:151} INFO - [2023-09-13T19:32:01.342+0000] {dagbag.py:539} INFO - Filling up the DagBag from /home/airflow/.local/lib/python3.8/site-packages/airflow/example_dags/example_params_ui_tutorial.py
[2023-09-13T19:32:01.375+0000] {processor.py:839} INFO - DAG(s) dict_keys(['example_params_ui_tutorial']) retrieved from /home/airflow/.local/lib/python3.8/site-packages/airflow/example_dags/example_params_ui_tutorial.py
[2023-09-13T19:32:01.420+0000] {logging_mixin.py:151} INFO - [2023-09-13T19:32:01.419+0000] {dag.py:2915} INFO - Sync 1 DAGs
[2023-09-13T19:32:01.430+0000] {logging_mixin.py:151} INFO - [2023-09-13T19:32:01.430+0000] {dag.py:3696} INFO - Setting next_dagrun for example_params_ui_tutorial to None, run_after=None
[2023-09-13T19:32:01.444+0000] {processor.py:179} INFO - Processing /home/airflow/.local/lib/python3.8/site-packages/airflow/example_dags/example_params_ui_tutorial.py took 0.115 seconds
[2023-09-13T19:32:31.848+0000] {processor.py:157} INFO - Started process (PID=162) to work on /home/airflow/.local/lib/python3.8/site-packages/airflow/example_dags/example_params_ui_tutorial.py
[2023-09-13T19:32:31.849+0000] {processor.py:829} INFO - Processing file /home/airflow/.local/lib/python3.8/site-packages/airflow/example_dags/example_params_ui_tutorial.py for tasks to queue
[2023-09-13T19:32:31.852+0000] {logging_mixin.py:151} INFO - [2023-09-13T19:32:31.852+0000] {dagbag.py:539} INFO - Filling up the DagBag from /home/airflow/.local/lib/python3.8/site-packages/airflow/example_dags/example_params_ui_tutorial.py
[2023-09-13T19:32:31.880+0000] {processor.py:839} INFO - DAG(s) dict_keys(['example_params_ui_tutorial']) retrieved from /home/airflow/.local/lib/python3.8/site-packages/airflow/example_dags/example_params_ui_tutorial.py
[2023-09-13T19:32:31.920+0000] {logging_mixin.py:151} INFO - [2023-09-13T19:32:31.920+0000] {dag.py:2915} INFO - Sync 1 DAGs
[2023-09-13T19:32:31.930+0000] {logging_mixin.py:151} INFO - [2023-09-13T19:32:31.930+0000] {dag.py:3696} INFO - Setting next_dagrun for example_params_ui_tutorial to None, run_after=None
[2023-09-13T19:32:31.942+0000] {processor.py:179} INFO - Processing /home/airflow/.local/lib/python3.8/site-packages/airflow/example_dags/example_params_ui_tutorial.py took 0.098 seconds
[2023-09-13T19:33:02.745+0000] {processor.py:157} INFO - Started process (PID=217) to work on /home/airflow/.local/lib/python3.8/site-packages/airflow/example_dags/example_params_ui_tutorial.py
[2023-09-13T19:33:02.747+0000] {processor.py:829} INFO - Processing file /home/airflow/.local/lib/python3.8/site-packages/airflow/example_dags/example_params_ui_tutorial.py for tasks to queue
[2023-09-13T19:33:02.749+0000] {logging_mixin.py:151} INFO - [2023-09-13T19:33:02.749+0000] {dagbag.py:539} INFO - Filling up the DagBag from /home/airflow/.local/lib/python3.8/site-packages/airflow/example_dags/example_params_ui_tutorial.py
[2023-09-13T19:33:02.779+0000] {processor.py:839} INFO - DAG(s) dict_keys(['example_params_ui_tutorial']) retrieved from /home/airflow/.local/lib/python3.8/site-packages/airflow/example_dags/example_params_ui_tutorial.py
[2023-09-13T19:33:02.825+0000] {logging_mixin.py:151} INFO - [2023-09-13T19:33:02.825+0000] {dag.py:2915} INFO - Sync 1 DAGs
[2023-09-13T19:33:02.837+0000] {logging_mixin.py:151} INFO - [2023-09-13T19:33:02.836+0000] {dag.py:3696} INFO - Setting next_dagrun for example_params_ui_tutorial to None, run_after=None
[2023-09-13T19:33:02.851+0000] {processor.py:179} INFO - Processing /home/airflow/.local/lib/python3.8/site-packages/airflow/example_dags/example_params_ui_tutorial.py took 0.110 seconds
[2023-09-13T19:33:33.249+0000] {processor.py:157} INFO - Started process (PID=272) to work on /home/airflow/.local/lib/python3.8/site-packages/airflow/example_dags/example_params_ui_tutorial.py
[2023-09-13T19:33:33.255+0000] {processor.py:829} INFO - Processing file /home/airflow/.local/lib/python3.8/site-packages/airflow/example_dags/example_params_ui_tutorial.py for tasks to queue
[2023-09-13T19:33:33.261+0000] {logging_mixin.py:151} INFO - [2023-09-13T19:33:33.260+0000] {dagbag.py:539} INFO - Filling up the DagBag from /home/airflow/.local/lib/python3.8/site-packages/airflow/example_dags/example_params_ui_tutorial.py
[2023-09-13T19:33:33.316+0000] {processor.py:839} INFO - DAG(s) dict_keys(['example_params_ui_tutorial']) retrieved from /home/airflow/.local/lib/python3.8/site-packages/airflow/example_dags/example_params_ui_tutorial.py
[2023-09-13T19:33:33.405+0000] {logging_mixin.py:151} INFO - [2023-09-13T19:33:33.405+0000] {dag.py:2915} INFO - Sync 1 DAGs
[2023-09-13T19:33:33.435+0000] {logging_mixin.py:151} INFO - [2023-09-13T19:33:33.435+0000] {dag.py:3696} INFO - Setting next_dagrun for example_params_ui_tutorial to None, run_after=None
[2023-09-13T19:33:33.472+0000] {processor.py:179} INFO - Processing /home/airflow/.local/lib/python3.8/site-packages/airflow/example_dags/example_params_ui_tutorial.py took 0.231 seconds
[2023-09-13T19:34:03.533+0000] {processor.py:157} INFO - Started process (PID=326) to work on /home/airflow/.local/lib/python3.8/site-packages/airflow/example_dags/example_params_ui_tutorial.py
[2023-09-13T19:34:03.535+0000] {processor.py:829} INFO - Processing file /home/airflow/.local/lib/python3.8/site-packages/airflow/example_dags/example_params_ui_tutorial.py for tasks to queue
[2023-09-13T19:34:03.537+0000] {logging_mixin.py:151} INFO - [2023-09-13T19:34:03.537+0000] {dagbag.py:539} INFO - Filling up the DagBag from /home/airflow/.local/lib/python3.8/site-packages/airflow/example_dags/example_params_ui_tutorial.py
[2023-09-13T19:34:03.567+0000] {processor.py:839} INFO - DAG(s) dict_keys(['example_params_ui_tutorial']) retrieved from /home/airflow/.local/lib/python3.8/site-packages/airflow/example_dags/example_params_ui_tutorial.py
[2023-09-13T19:34:03.614+0000] {logging_mixin.py:151} INFO - [2023-09-13T19:34:03.614+0000] {dag.py:2915} INFO - Sync 1 DAGs
[2023-09-13T19:34:03.625+0000] {logging_mixin.py:151} INFO - [2023-09-13T19:34:03.624+0000] {dag.py:3696} INFO - Setting next_dagrun for example_params_ui_tutorial to None, run_after=None
[2023-09-13T19:34:03.657+0000] {processor.py:179} INFO - Processing /home/airflow/.local/lib/python3.8/site-packages/airflow/example_dags/example_params_ui_tutorial.py took 0.127 seconds
