[2023-09-13T19:15:54.486+0000] {processor.py:157} INFO - Started process (PID=71) to work on /home/airflow/.local/lib/python3.8/site-packages/airflow/example_dags/example_nested_branch_dag.py
[2023-09-13T19:15:54.488+0000] {processor.py:829} INFO - Processing file /home/airflow/.local/lib/python3.8/site-packages/airflow/example_dags/example_nested_branch_dag.py for tasks to queue
[2023-09-13T19:15:54.491+0000] {logging_mixin.py:151} INFO - [2023-09-13T19:15:54.491+0000] {dagbag.py:539} INFO - Filling up the DagBag from /home/airflow/.local/lib/python3.8/site-packages/airflow/example_dags/example_nested_branch_dag.py
[2023-09-13T19:15:54.504+0000] {processor.py:839} INFO - DAG(s) dict_keys(['example_nested_branch_dag']) retrieved from /home/airflow/.local/lib/python3.8/site-packages/airflow/example_dags/example_nested_branch_dag.py
[2023-09-13T19:15:54.599+0000] {logging_mixin.py:151} INFO - [2023-09-13T19:15:54.599+0000] {manager.py:499} INFO - Created Permission View: %s
[2023-09-13T19:15:54.609+0000] {logging_mixin.py:151} INFO - [2023-09-13T19:15:54.609+0000] {manager.py:499} INFO - Created Permission View: %s
[2023-09-13T19:15:54.615+0000] {logging_mixin.py:151} INFO - [2023-09-13T19:15:54.615+0000] {manager.py:499} INFO - Created Permission View: %s
[2023-09-13T19:15:54.616+0000] {logging_mixin.py:151} INFO - [2023-09-13T19:15:54.616+0000] {security.py:708} INFO - Not syncing DAG-level permissions for DAG 'DAG:example_nested_branch_dag' as access control is unset.
[2023-09-13T19:15:54.616+0000] {logging_mixin.py:151} INFO - [2023-09-13T19:15:54.616+0000] {dag.py:2915} INFO - Sync 1 DAGs
[2023-09-13T19:15:54.626+0000] {logging_mixin.py:151} INFO - [2023-09-13T19:15:54.626+0000] {dag.py:2937} INFO - Creating ORM DAG for example_nested_branch_dag
[2023-09-13T19:15:54.636+0000] {logging_mixin.py:151} INFO - [2023-09-13T19:15:54.636+0000] {dag.py:3696} INFO - Setting next_dagrun for example_nested_branch_dag to 2023-09-12T00:00:00+00:00, run_after=2023-09-13T00:00:00+00:00
[2023-09-13T19:15:54.650+0000] {processor.py:179} INFO - Processing /home/airflow/.local/lib/python3.8/site-packages/airflow/example_dags/example_nested_branch_dag.py took 0.168 seconds
[2023-09-13T19:16:25.500+0000] {processor.py:157} INFO - Started process (PID=125) to work on /home/airflow/.local/lib/python3.8/site-packages/airflow/example_dags/example_nested_branch_dag.py
[2023-09-13T19:16:25.501+0000] {processor.py:829} INFO - Processing file /home/airflow/.local/lib/python3.8/site-packages/airflow/example_dags/example_nested_branch_dag.py for tasks to queue
[2023-09-13T19:16:25.504+0000] {logging_mixin.py:151} INFO - [2023-09-13T19:16:25.503+0000] {dagbag.py:539} INFO - Filling up the DagBag from /home/airflow/.local/lib/python3.8/site-packages/airflow/example_dags/example_nested_branch_dag.py
[2023-09-13T19:16:25.512+0000] {processor.py:839} INFO - DAG(s) dict_keys(['example_nested_branch_dag']) retrieved from /home/airflow/.local/lib/python3.8/site-packages/airflow/example_dags/example_nested_branch_dag.py
[2023-09-13T19:16:25.534+0000] {logging_mixin.py:151} INFO - [2023-09-13T19:16:25.533+0000] {dag.py:2915} INFO - Sync 1 DAGs
[2023-09-13T19:16:25.552+0000] {logging_mixin.py:151} INFO - [2023-09-13T19:16:25.552+0000] {dag.py:3696} INFO - Setting next_dagrun for example_nested_branch_dag to 2023-09-12T00:00:00+00:00, run_after=2023-09-13T00:00:00+00:00
[2023-09-13T19:16:25.571+0000] {processor.py:179} INFO - Processing /home/airflow/.local/lib/python3.8/site-packages/airflow/example_dags/example_nested_branch_dag.py took 0.074 seconds
[2023-09-13T19:16:55.887+0000] {processor.py:157} INFO - Started process (PID=178) to work on /home/airflow/.local/lib/python3.8/site-packages/airflow/example_dags/example_nested_branch_dag.py
[2023-09-13T19:16:55.888+0000] {processor.py:829} INFO - Processing file /home/airflow/.local/lib/python3.8/site-packages/airflow/example_dags/example_nested_branch_dag.py for tasks to queue
[2023-09-13T19:16:55.890+0000] {logging_mixin.py:151} INFO - [2023-09-13T19:16:55.890+0000] {dagbag.py:539} INFO - Filling up the DagBag from /home/airflow/.local/lib/python3.8/site-packages/airflow/example_dags/example_nested_branch_dag.py
[2023-09-13T19:16:55.900+0000] {processor.py:839} INFO - DAG(s) dict_keys(['example_nested_branch_dag']) retrieved from /home/airflow/.local/lib/python3.8/site-packages/airflow/example_dags/example_nested_branch_dag.py
[2023-09-13T19:16:55.921+0000] {logging_mixin.py:151} INFO - [2023-09-13T19:16:55.921+0000] {dag.py:2915} INFO - Sync 1 DAGs
[2023-09-13T19:16:55.938+0000] {logging_mixin.py:151} INFO - [2023-09-13T19:16:55.938+0000] {dag.py:3696} INFO - Setting next_dagrun for example_nested_branch_dag to 2023-09-12T00:00:00+00:00, run_after=2023-09-13T00:00:00+00:00
[2023-09-13T19:16:55.950+0000] {processor.py:179} INFO - Processing /home/airflow/.local/lib/python3.8/site-packages/airflow/example_dags/example_nested_branch_dag.py took 0.066 seconds
[2023-09-13T19:17:26.244+0000] {processor.py:157} INFO - Started process (PID=232) to work on /home/airflow/.local/lib/python3.8/site-packages/airflow/example_dags/example_nested_branch_dag.py
[2023-09-13T19:17:26.246+0000] {processor.py:829} INFO - Processing file /home/airflow/.local/lib/python3.8/site-packages/airflow/example_dags/example_nested_branch_dag.py for tasks to queue
[2023-09-13T19:17:26.250+0000] {logging_mixin.py:151} INFO - [2023-09-13T19:17:26.249+0000] {dagbag.py:539} INFO - Filling up the DagBag from /home/airflow/.local/lib/python3.8/site-packages/airflow/example_dags/example_nested_branch_dag.py
[2023-09-13T19:17:26.264+0000] {processor.py:839} INFO - DAG(s) dict_keys(['example_nested_branch_dag']) retrieved from /home/airflow/.local/lib/python3.8/site-packages/airflow/example_dags/example_nested_branch_dag.py
[2023-09-13T19:17:26.286+0000] {logging_mixin.py:151} INFO - [2023-09-13T19:17:26.286+0000] {dag.py:2915} INFO - Sync 1 DAGs
[2023-09-13T19:17:26.308+0000] {logging_mixin.py:151} INFO - [2023-09-13T19:17:26.308+0000] {dag.py:3696} INFO - Setting next_dagrun for example_nested_branch_dag to 2023-09-12T00:00:00+00:00, run_after=2023-09-13T00:00:00+00:00
[2023-09-13T19:17:26.324+0000] {processor.py:179} INFO - Processing /home/airflow/.local/lib/python3.8/site-packages/airflow/example_dags/example_nested_branch_dag.py took 0.090 seconds
[2023-09-13T19:17:56.437+0000] {processor.py:157} INFO - Started process (PID=286) to work on /home/airflow/.local/lib/python3.8/site-packages/airflow/example_dags/example_nested_branch_dag.py
[2023-09-13T19:17:56.438+0000] {processor.py:829} INFO - Processing file /home/airflow/.local/lib/python3.8/site-packages/airflow/example_dags/example_nested_branch_dag.py for tasks to queue
[2023-09-13T19:17:56.441+0000] {logging_mixin.py:151} INFO - [2023-09-13T19:17:56.440+0000] {dagbag.py:539} INFO - Filling up the DagBag from /home/airflow/.local/lib/python3.8/site-packages/airflow/example_dags/example_nested_branch_dag.py
[2023-09-13T19:17:56.449+0000] {processor.py:839} INFO - DAG(s) dict_keys(['example_nested_branch_dag']) retrieved from /home/airflow/.local/lib/python3.8/site-packages/airflow/example_dags/example_nested_branch_dag.py
[2023-09-13T19:17:56.471+0000] {logging_mixin.py:151} INFO - [2023-09-13T19:17:56.470+0000] {dag.py:2915} INFO - Sync 1 DAGs
[2023-09-13T19:17:56.488+0000] {logging_mixin.py:151} INFO - [2023-09-13T19:17:56.487+0000] {dag.py:3696} INFO - Setting next_dagrun for example_nested_branch_dag to 2023-09-12T00:00:00+00:00, run_after=2023-09-13T00:00:00+00:00
[2023-09-13T19:17:56.499+0000] {processor.py:179} INFO - Processing /home/airflow/.local/lib/python3.8/site-packages/airflow/example_dags/example_nested_branch_dag.py took 0.065 seconds
[2023-09-13T19:18:26.722+0000] {processor.py:157} INFO - Started process (PID=340) to work on /home/airflow/.local/lib/python3.8/site-packages/airflow/example_dags/example_nested_branch_dag.py
[2023-09-13T19:18:26.723+0000] {processor.py:829} INFO - Processing file /home/airflow/.local/lib/python3.8/site-packages/airflow/example_dags/example_nested_branch_dag.py for tasks to queue
[2023-09-13T19:18:26.726+0000] {logging_mixin.py:151} INFO - [2023-09-13T19:18:26.726+0000] {dagbag.py:539} INFO - Filling up the DagBag from /home/airflow/.local/lib/python3.8/site-packages/airflow/example_dags/example_nested_branch_dag.py
[2023-09-13T19:18:26.735+0000] {processor.py:839} INFO - DAG(s) dict_keys(['example_nested_branch_dag']) retrieved from /home/airflow/.local/lib/python3.8/site-packages/airflow/example_dags/example_nested_branch_dag.py
[2023-09-13T19:18:26.758+0000] {logging_mixin.py:151} INFO - [2023-09-13T19:18:26.758+0000] {dag.py:2915} INFO - Sync 1 DAGs
[2023-09-13T19:18:26.777+0000] {logging_mixin.py:151} INFO - [2023-09-13T19:18:26.777+0000] {dag.py:3696} INFO - Setting next_dagrun for example_nested_branch_dag to 2023-09-12T00:00:00+00:00, run_after=2023-09-13T00:00:00+00:00
[2023-09-13T19:18:26.789+0000] {processor.py:179} INFO - Processing /home/airflow/.local/lib/python3.8/site-packages/airflow/example_dags/example_nested_branch_dag.py took 0.071 seconds
[2023-09-13T19:18:57.251+0000] {processor.py:157} INFO - Started process (PID=394) to work on /home/airflow/.local/lib/python3.8/site-packages/airflow/example_dags/example_nested_branch_dag.py
[2023-09-13T19:18:57.255+0000] {processor.py:829} INFO - Processing file /home/airflow/.local/lib/python3.8/site-packages/airflow/example_dags/example_nested_branch_dag.py for tasks to queue
[2023-09-13T19:18:57.263+0000] {logging_mixin.py:151} INFO - [2023-09-13T19:18:57.263+0000] {dagbag.py:539} INFO - Filling up the DagBag from /home/airflow/.local/lib/python3.8/site-packages/airflow/example_dags/example_nested_branch_dag.py
[2023-09-13T19:18:57.300+0000] {processor.py:839} INFO - DAG(s) dict_keys(['example_nested_branch_dag']) retrieved from /home/airflow/.local/lib/python3.8/site-packages/airflow/example_dags/example_nested_branch_dag.py
[2023-09-13T19:18:57.329+0000] {logging_mixin.py:151} INFO - [2023-09-13T19:18:57.328+0000] {dag.py:2915} INFO - Sync 1 DAGs
[2023-09-13T19:18:57.347+0000] {logging_mixin.py:151} INFO - [2023-09-13T19:18:57.347+0000] {dag.py:3696} INFO - Setting next_dagrun for example_nested_branch_dag to 2023-09-12T00:00:00+00:00, run_after=2023-09-13T00:00:00+00:00
[2023-09-13T19:18:57.360+0000] {processor.py:179} INFO - Processing /home/airflow/.local/lib/python3.8/site-packages/airflow/example_dags/example_nested_branch_dag.py took 0.114 seconds
[2023-09-13T19:19:27.582+0000] {processor.py:157} INFO - Started process (PID=449) to work on /home/airflow/.local/lib/python3.8/site-packages/airflow/example_dags/example_nested_branch_dag.py
[2023-09-13T19:19:27.583+0000] {processor.py:829} INFO - Processing file /home/airflow/.local/lib/python3.8/site-packages/airflow/example_dags/example_nested_branch_dag.py for tasks to queue
[2023-09-13T19:19:27.586+0000] {logging_mixin.py:151} INFO - [2023-09-13T19:19:27.586+0000] {dagbag.py:539} INFO - Filling up the DagBag from /home/airflow/.local/lib/python3.8/site-packages/airflow/example_dags/example_nested_branch_dag.py
[2023-09-13T19:19:27.597+0000] {processor.py:839} INFO - DAG(s) dict_keys(['example_nested_branch_dag']) retrieved from /home/airflow/.local/lib/python3.8/site-packages/airflow/example_dags/example_nested_branch_dag.py
[2023-09-13T19:19:27.625+0000] {logging_mixin.py:151} INFO - [2023-09-13T19:19:27.625+0000] {dag.py:2915} INFO - Sync 1 DAGs
[2023-09-13T19:19:27.645+0000] {logging_mixin.py:151} INFO - [2023-09-13T19:19:27.645+0000] {dag.py:3696} INFO - Setting next_dagrun for example_nested_branch_dag to 2023-09-12T00:00:00+00:00, run_after=2023-09-13T00:00:00+00:00
[2023-09-13T19:19:27.659+0000] {processor.py:179} INFO - Processing /home/airflow/.local/lib/python3.8/site-packages/airflow/example_dags/example_nested_branch_dag.py took 0.081 seconds
[2023-09-13T19:19:58.605+0000] {processor.py:157} INFO - Started process (PID=503) to work on /home/airflow/.local/lib/python3.8/site-packages/airflow/example_dags/example_nested_branch_dag.py
[2023-09-13T19:19:58.607+0000] {processor.py:829} INFO - Processing file /home/airflow/.local/lib/python3.8/site-packages/airflow/example_dags/example_nested_branch_dag.py for tasks to queue
[2023-09-13T19:19:58.609+0000] {logging_mixin.py:151} INFO - [2023-09-13T19:19:58.609+0000] {dagbag.py:539} INFO - Filling up the DagBag from /home/airflow/.local/lib/python3.8/site-packages/airflow/example_dags/example_nested_branch_dag.py
[2023-09-13T19:19:58.618+0000] {processor.py:839} INFO - DAG(s) dict_keys(['example_nested_branch_dag']) retrieved from /home/airflow/.local/lib/python3.8/site-packages/airflow/example_dags/example_nested_branch_dag.py
[2023-09-13T19:19:58.640+0000] {logging_mixin.py:151} INFO - [2023-09-13T19:19:58.640+0000] {dag.py:2915} INFO - Sync 1 DAGs
[2023-09-13T19:19:58.657+0000] {logging_mixin.py:151} INFO - [2023-09-13T19:19:58.657+0000] {dag.py:3696} INFO - Setting next_dagrun for example_nested_branch_dag to 2023-09-12T00:00:00+00:00, run_after=2023-09-13T00:00:00+00:00
[2023-09-13T19:19:58.669+0000] {processor.py:179} INFO - Processing /home/airflow/.local/lib/python3.8/site-packages/airflow/example_dags/example_nested_branch_dag.py took 0.067 seconds
[2023-09-13T19:20:28.923+0000] {processor.py:157} INFO - Started process (PID=556) to work on /home/airflow/.local/lib/python3.8/site-packages/airflow/example_dags/example_nested_branch_dag.py
[2023-09-13T19:20:28.924+0000] {processor.py:829} INFO - Processing file /home/airflow/.local/lib/python3.8/site-packages/airflow/example_dags/example_nested_branch_dag.py for tasks to queue
[2023-09-13T19:20:28.926+0000] {logging_mixin.py:151} INFO - [2023-09-13T19:20:28.926+0000] {dagbag.py:539} INFO - Filling up the DagBag from /home/airflow/.local/lib/python3.8/site-packages/airflow/example_dags/example_nested_branch_dag.py
[2023-09-13T19:20:28.935+0000] {processor.py:839} INFO - DAG(s) dict_keys(['example_nested_branch_dag']) retrieved from /home/airflow/.local/lib/python3.8/site-packages/airflow/example_dags/example_nested_branch_dag.py
[2023-09-13T19:20:28.957+0000] {logging_mixin.py:151} INFO - [2023-09-13T19:20:28.957+0000] {dag.py:2915} INFO - Sync 1 DAGs
[2023-09-13T19:20:28.975+0000] {logging_mixin.py:151} INFO - [2023-09-13T19:20:28.975+0000] {dag.py:3696} INFO - Setting next_dagrun for example_nested_branch_dag to 2023-09-12T00:00:00+00:00, run_after=2023-09-13T00:00:00+00:00
[2023-09-13T19:20:28.987+0000] {processor.py:179} INFO - Processing /home/airflow/.local/lib/python3.8/site-packages/airflow/example_dags/example_nested_branch_dag.py took 0.068 seconds
[2023-09-13T19:20:59.753+0000] {processor.py:157} INFO - Started process (PID=617) to work on /home/airflow/.local/lib/python3.8/site-packages/airflow/example_dags/example_nested_branch_dag.py
[2023-09-13T19:20:59.754+0000] {processor.py:829} INFO - Processing file /home/airflow/.local/lib/python3.8/site-packages/airflow/example_dags/example_nested_branch_dag.py for tasks to queue
[2023-09-13T19:20:59.757+0000] {logging_mixin.py:151} INFO - [2023-09-13T19:20:59.756+0000] {dagbag.py:539} INFO - Filling up the DagBag from /home/airflow/.local/lib/python3.8/site-packages/airflow/example_dags/example_nested_branch_dag.py
[2023-09-13T19:20:59.767+0000] {processor.py:839} INFO - DAG(s) dict_keys(['example_nested_branch_dag']) retrieved from /home/airflow/.local/lib/python3.8/site-packages/airflow/example_dags/example_nested_branch_dag.py
[2023-09-13T19:20:59.796+0000] {logging_mixin.py:151} INFO - [2023-09-13T19:20:59.796+0000] {dag.py:2915} INFO - Sync 1 DAGs
[2023-09-13T19:20:59.819+0000] {logging_mixin.py:151} INFO - [2023-09-13T19:20:59.819+0000] {dag.py:3696} INFO - Setting next_dagrun for example_nested_branch_dag to 2023-09-12T00:00:00+00:00, run_after=2023-09-13T00:00:00+00:00
[2023-09-13T19:20:59.833+0000] {processor.py:179} INFO - Processing /home/airflow/.local/lib/python3.8/site-packages/airflow/example_dags/example_nested_branch_dag.py took 0.084 seconds
[2023-09-13T19:21:30.464+0000] {processor.py:157} INFO - Started process (PID=671) to work on /home/airflow/.local/lib/python3.8/site-packages/airflow/example_dags/example_nested_branch_dag.py
[2023-09-13T19:21:30.465+0000] {processor.py:829} INFO - Processing file /home/airflow/.local/lib/python3.8/site-packages/airflow/example_dags/example_nested_branch_dag.py for tasks to queue
[2023-09-13T19:21:30.468+0000] {logging_mixin.py:151} INFO - [2023-09-13T19:21:30.467+0000] {dagbag.py:539} INFO - Filling up the DagBag from /home/airflow/.local/lib/python3.8/site-packages/airflow/example_dags/example_nested_branch_dag.py
[2023-09-13T19:21:30.477+0000] {processor.py:839} INFO - DAG(s) dict_keys(['example_nested_branch_dag']) retrieved from /home/airflow/.local/lib/python3.8/site-packages/airflow/example_dags/example_nested_branch_dag.py
[2023-09-13T19:21:30.498+0000] {logging_mixin.py:151} INFO - [2023-09-13T19:21:30.498+0000] {dag.py:2915} INFO - Sync 1 DAGs
[2023-09-13T19:21:30.516+0000] {logging_mixin.py:151} INFO - [2023-09-13T19:21:30.516+0000] {dag.py:3696} INFO - Setting next_dagrun for example_nested_branch_dag to 2023-09-12T00:00:00+00:00, run_after=2023-09-13T00:00:00+00:00
[2023-09-13T19:21:30.528+0000] {processor.py:179} INFO - Processing /home/airflow/.local/lib/python3.8/site-packages/airflow/example_dags/example_nested_branch_dag.py took 0.067 seconds
[2023-09-13T19:22:01.134+0000] {processor.py:157} INFO - Started process (PID=725) to work on /home/airflow/.local/lib/python3.8/site-packages/airflow/example_dags/example_nested_branch_dag.py
[2023-09-13T19:22:01.135+0000] {processor.py:829} INFO - Processing file /home/airflow/.local/lib/python3.8/site-packages/airflow/example_dags/example_nested_branch_dag.py for tasks to queue
[2023-09-13T19:22:01.137+0000] {logging_mixin.py:151} INFO - [2023-09-13T19:22:01.137+0000] {dagbag.py:539} INFO - Filling up the DagBag from /home/airflow/.local/lib/python3.8/site-packages/airflow/example_dags/example_nested_branch_dag.py
[2023-09-13T19:22:01.146+0000] {processor.py:839} INFO - DAG(s) dict_keys(['example_nested_branch_dag']) retrieved from /home/airflow/.local/lib/python3.8/site-packages/airflow/example_dags/example_nested_branch_dag.py
[2023-09-13T19:22:01.168+0000] {logging_mixin.py:151} INFO - [2023-09-13T19:22:01.168+0000] {dag.py:2915} INFO - Sync 1 DAGs
[2023-09-13T19:22:01.186+0000] {logging_mixin.py:151} INFO - [2023-09-13T19:22:01.185+0000] {dag.py:3696} INFO - Setting next_dagrun for example_nested_branch_dag to 2023-09-12T00:00:00+00:00, run_after=2023-09-13T00:00:00+00:00
[2023-09-13T19:22:01.199+0000] {processor.py:179} INFO - Processing /home/airflow/.local/lib/python3.8/site-packages/airflow/example_dags/example_nested_branch_dag.py took 0.068 seconds
[2023-09-13T19:22:31.953+0000] {processor.py:157} INFO - Started process (PID=779) to work on /home/airflow/.local/lib/python3.8/site-packages/airflow/example_dags/example_nested_branch_dag.py
[2023-09-13T19:22:31.954+0000] {processor.py:829} INFO - Processing file /home/airflow/.local/lib/python3.8/site-packages/airflow/example_dags/example_nested_branch_dag.py for tasks to queue
[2023-09-13T19:22:31.957+0000] {logging_mixin.py:151} INFO - [2023-09-13T19:22:31.956+0000] {dagbag.py:539} INFO - Filling up the DagBag from /home/airflow/.local/lib/python3.8/site-packages/airflow/example_dags/example_nested_branch_dag.py
[2023-09-13T19:22:31.965+0000] {processor.py:839} INFO - DAG(s) dict_keys(['example_nested_branch_dag']) retrieved from /home/airflow/.local/lib/python3.8/site-packages/airflow/example_dags/example_nested_branch_dag.py
[2023-09-13T19:22:31.987+0000] {logging_mixin.py:151} INFO - [2023-09-13T19:22:31.987+0000] {dag.py:2915} INFO - Sync 1 DAGs
[2023-09-13T19:22:32.005+0000] {logging_mixin.py:151} INFO - [2023-09-13T19:22:32.005+0000] {dag.py:3696} INFO - Setting next_dagrun for example_nested_branch_dag to 2023-09-12T00:00:00+00:00, run_after=2023-09-13T00:00:00+00:00
[2023-09-13T19:22:32.017+0000] {processor.py:179} INFO - Processing /home/airflow/.local/lib/python3.8/site-packages/airflow/example_dags/example_nested_branch_dag.py took 0.067 seconds
[2023-09-13T19:23:02.344+0000] {processor.py:157} INFO - Started process (PID=833) to work on /home/airflow/.local/lib/python3.8/site-packages/airflow/example_dags/example_nested_branch_dag.py
[2023-09-13T19:23:02.345+0000] {processor.py:829} INFO - Processing file /home/airflow/.local/lib/python3.8/site-packages/airflow/example_dags/example_nested_branch_dag.py for tasks to queue
[2023-09-13T19:23:02.348+0000] {logging_mixin.py:151} INFO - [2023-09-13T19:23:02.348+0000] {dagbag.py:539} INFO - Filling up the DagBag from /home/airflow/.local/lib/python3.8/site-packages/airflow/example_dags/example_nested_branch_dag.py
[2023-09-13T19:23:02.357+0000] {processor.py:839} INFO - DAG(s) dict_keys(['example_nested_branch_dag']) retrieved from /home/airflow/.local/lib/python3.8/site-packages/airflow/example_dags/example_nested_branch_dag.py
[2023-09-13T19:23:02.378+0000] {logging_mixin.py:151} INFO - [2023-09-13T19:23:02.378+0000] {dag.py:2915} INFO - Sync 1 DAGs
[2023-09-13T19:23:02.396+0000] {logging_mixin.py:151} INFO - [2023-09-13T19:23:02.395+0000] {dag.py:3696} INFO - Setting next_dagrun for example_nested_branch_dag to 2023-09-12T00:00:00+00:00, run_after=2023-09-13T00:00:00+00:00
[2023-09-13T19:23:02.408+0000] {processor.py:179} INFO - Processing /home/airflow/.local/lib/python3.8/site-packages/airflow/example_dags/example_nested_branch_dag.py took 0.067 seconds
[2023-09-13T19:23:32.600+0000] {processor.py:157} INFO - Started process (PID=887) to work on /home/airflow/.local/lib/python3.8/site-packages/airflow/example_dags/example_nested_branch_dag.py
[2023-09-13T19:23:32.601+0000] {processor.py:829} INFO - Processing file /home/airflow/.local/lib/python3.8/site-packages/airflow/example_dags/example_nested_branch_dag.py for tasks to queue
[2023-09-13T19:23:32.604+0000] {logging_mixin.py:151} INFO - [2023-09-13T19:23:32.603+0000] {dagbag.py:539} INFO - Filling up the DagBag from /home/airflow/.local/lib/python3.8/site-packages/airflow/example_dags/example_nested_branch_dag.py
[2023-09-13T19:23:32.613+0000] {processor.py:839} INFO - DAG(s) dict_keys(['example_nested_branch_dag']) retrieved from /home/airflow/.local/lib/python3.8/site-packages/airflow/example_dags/example_nested_branch_dag.py
[2023-09-13T19:23:32.634+0000] {logging_mixin.py:151} INFO - [2023-09-13T19:23:32.634+0000] {dag.py:2915} INFO - Sync 1 DAGs
[2023-09-13T19:23:32.651+0000] {logging_mixin.py:151} INFO - [2023-09-13T19:23:32.651+0000] {dag.py:3696} INFO - Setting next_dagrun for example_nested_branch_dag to 2023-09-12T00:00:00+00:00, run_after=2023-09-13T00:00:00+00:00
[2023-09-13T19:23:32.663+0000] {processor.py:179} INFO - Processing /home/airflow/.local/lib/python3.8/site-packages/airflow/example_dags/example_nested_branch_dag.py took 0.067 seconds
[2023-09-13T19:24:02.796+0000] {processor.py:157} INFO - Started process (PID=941) to work on /home/airflow/.local/lib/python3.8/site-packages/airflow/example_dags/example_nested_branch_dag.py
[2023-09-13T19:24:02.798+0000] {processor.py:829} INFO - Processing file /home/airflow/.local/lib/python3.8/site-packages/airflow/example_dags/example_nested_branch_dag.py for tasks to queue
[2023-09-13T19:24:02.800+0000] {logging_mixin.py:151} INFO - [2023-09-13T19:24:02.800+0000] {dagbag.py:539} INFO - Filling up the DagBag from /home/airflow/.local/lib/python3.8/site-packages/airflow/example_dags/example_nested_branch_dag.py
[2023-09-13T19:24:02.809+0000] {processor.py:839} INFO - DAG(s) dict_keys(['example_nested_branch_dag']) retrieved from /home/airflow/.local/lib/python3.8/site-packages/airflow/example_dags/example_nested_branch_dag.py
[2023-09-13T19:24:02.831+0000] {logging_mixin.py:151} INFO - [2023-09-13T19:24:02.831+0000] {dag.py:2915} INFO - Sync 1 DAGs
[2023-09-13T19:24:02.849+0000] {logging_mixin.py:151} INFO - [2023-09-13T19:24:02.849+0000] {dag.py:3696} INFO - Setting next_dagrun for example_nested_branch_dag to 2023-09-12T00:00:00+00:00, run_after=2023-09-13T00:00:00+00:00
[2023-09-13T19:24:02.861+0000] {processor.py:179} INFO - Processing /home/airflow/.local/lib/python3.8/site-packages/airflow/example_dags/example_nested_branch_dag.py took 0.068 seconds
[2023-09-13T19:24:33.128+0000] {processor.py:157} INFO - Started process (PID=996) to work on /home/airflow/.local/lib/python3.8/site-packages/airflow/example_dags/example_nested_branch_dag.py
[2023-09-13T19:24:33.129+0000] {processor.py:829} INFO - Processing file /home/airflow/.local/lib/python3.8/site-packages/airflow/example_dags/example_nested_branch_dag.py for tasks to queue
[2023-09-13T19:24:33.132+0000] {logging_mixin.py:151} INFO - [2023-09-13T19:24:33.132+0000] {dagbag.py:539} INFO - Filling up the DagBag from /home/airflow/.local/lib/python3.8/site-packages/airflow/example_dags/example_nested_branch_dag.py
[2023-09-13T19:24:33.141+0000] {processor.py:839} INFO - DAG(s) dict_keys(['example_nested_branch_dag']) retrieved from /home/airflow/.local/lib/python3.8/site-packages/airflow/example_dags/example_nested_branch_dag.py
[2023-09-13T19:24:33.163+0000] {logging_mixin.py:151} INFO - [2023-09-13T19:24:33.163+0000] {dag.py:2915} INFO - Sync 1 DAGs
[2023-09-13T19:24:33.182+0000] {logging_mixin.py:151} INFO - [2023-09-13T19:24:33.182+0000] {dag.py:3696} INFO - Setting next_dagrun for example_nested_branch_dag to 2023-09-12T00:00:00+00:00, run_after=2023-09-13T00:00:00+00:00
[2023-09-13T19:24:33.196+0000] {processor.py:179} INFO - Processing /home/airflow/.local/lib/python3.8/site-packages/airflow/example_dags/example_nested_branch_dag.py took 0.071 seconds
[2023-09-13T19:25:03.270+0000] {processor.py:157} INFO - Started process (PID=1049) to work on /home/airflow/.local/lib/python3.8/site-packages/airflow/example_dags/example_nested_branch_dag.py
[2023-09-13T19:25:03.272+0000] {processor.py:829} INFO - Processing file /home/airflow/.local/lib/python3.8/site-packages/airflow/example_dags/example_nested_branch_dag.py for tasks to queue
[2023-09-13T19:25:03.274+0000] {logging_mixin.py:151} INFO - [2023-09-13T19:25:03.274+0000] {dagbag.py:539} INFO - Filling up the DagBag from /home/airflow/.local/lib/python3.8/site-packages/airflow/example_dags/example_nested_branch_dag.py
[2023-09-13T19:25:03.283+0000] {processor.py:839} INFO - DAG(s) dict_keys(['example_nested_branch_dag']) retrieved from /home/airflow/.local/lib/python3.8/site-packages/airflow/example_dags/example_nested_branch_dag.py
[2023-09-13T19:25:03.304+0000] {logging_mixin.py:151} INFO - [2023-09-13T19:25:03.304+0000] {dag.py:2915} INFO - Sync 1 DAGs
[2023-09-13T19:25:03.322+0000] {logging_mixin.py:151} INFO - [2023-09-13T19:25:03.321+0000] {dag.py:3696} INFO - Setting next_dagrun for example_nested_branch_dag to 2023-09-12T00:00:00+00:00, run_after=2023-09-13T00:00:00+00:00
[2023-09-13T19:25:03.335+0000] {processor.py:179} INFO - Processing /home/airflow/.local/lib/python3.8/site-packages/airflow/example_dags/example_nested_branch_dag.py took 0.068 seconds
[2023-09-13T19:25:33.602+0000] {processor.py:157} INFO - Started process (PID=1103) to work on /home/airflow/.local/lib/python3.8/site-packages/airflow/example_dags/example_nested_branch_dag.py
[2023-09-13T19:25:33.604+0000] {processor.py:829} INFO - Processing file /home/airflow/.local/lib/python3.8/site-packages/airflow/example_dags/example_nested_branch_dag.py for tasks to queue
[2023-09-13T19:25:33.606+0000] {logging_mixin.py:151} INFO - [2023-09-13T19:25:33.606+0000] {dagbag.py:539} INFO - Filling up the DagBag from /home/airflow/.local/lib/python3.8/site-packages/airflow/example_dags/example_nested_branch_dag.py
[2023-09-13T19:25:33.615+0000] {processor.py:839} INFO - DAG(s) dict_keys(['example_nested_branch_dag']) retrieved from /home/airflow/.local/lib/python3.8/site-packages/airflow/example_dags/example_nested_branch_dag.py
[2023-09-13T19:25:33.637+0000] {logging_mixin.py:151} INFO - [2023-09-13T19:25:33.636+0000] {dag.py:2915} INFO - Sync 1 DAGs
[2023-09-13T19:25:33.654+0000] {logging_mixin.py:151} INFO - [2023-09-13T19:25:33.654+0000] {dag.py:3696} INFO - Setting next_dagrun for example_nested_branch_dag to 2023-09-12T00:00:00+00:00, run_after=2023-09-13T00:00:00+00:00
[2023-09-13T19:25:33.666+0000] {processor.py:179} INFO - Processing /home/airflow/.local/lib/python3.8/site-packages/airflow/example_dags/example_nested_branch_dag.py took 0.068 seconds
[2023-09-13T19:26:04.615+0000] {processor.py:157} INFO - Started process (PID=1159) to work on /home/airflow/.local/lib/python3.8/site-packages/airflow/example_dags/example_nested_branch_dag.py
[2023-09-13T19:26:04.617+0000] {processor.py:829} INFO - Processing file /home/airflow/.local/lib/python3.8/site-packages/airflow/example_dags/example_nested_branch_dag.py for tasks to queue
[2023-09-13T19:26:04.619+0000] {logging_mixin.py:151} INFO - [2023-09-13T19:26:04.619+0000] {dagbag.py:539} INFO - Filling up the DagBag from /home/airflow/.local/lib/python3.8/site-packages/airflow/example_dags/example_nested_branch_dag.py
[2023-09-13T19:26:04.628+0000] {processor.py:839} INFO - DAG(s) dict_keys(['example_nested_branch_dag']) retrieved from /home/airflow/.local/lib/python3.8/site-packages/airflow/example_dags/example_nested_branch_dag.py
[2023-09-13T19:26:04.649+0000] {logging_mixin.py:151} INFO - [2023-09-13T19:26:04.649+0000] {dag.py:2915} INFO - Sync 1 DAGs
[2023-09-13T19:26:04.667+0000] {logging_mixin.py:151} INFO - [2023-09-13T19:26:04.667+0000] {dag.py:3696} INFO - Setting next_dagrun for example_nested_branch_dag to 2023-09-12T00:00:00+00:00, run_after=2023-09-13T00:00:00+00:00
[2023-09-13T19:26:04.681+0000] {processor.py:179} INFO - Processing /home/airflow/.local/lib/python3.8/site-packages/airflow/example_dags/example_nested_branch_dag.py took 0.070 seconds
[2023-09-13T19:26:35.059+0000] {processor.py:157} INFO - Started process (PID=1216) to work on /home/airflow/.local/lib/python3.8/site-packages/airflow/example_dags/example_nested_branch_dag.py
[2023-09-13T19:26:35.061+0000] {processor.py:829} INFO - Processing file /home/airflow/.local/lib/python3.8/site-packages/airflow/example_dags/example_nested_branch_dag.py for tasks to queue
[2023-09-13T19:26:35.063+0000] {logging_mixin.py:151} INFO - [2023-09-13T19:26:35.063+0000] {dagbag.py:539} INFO - Filling up the DagBag from /home/airflow/.local/lib/python3.8/site-packages/airflow/example_dags/example_nested_branch_dag.py
[2023-09-13T19:26:35.073+0000] {processor.py:839} INFO - DAG(s) dict_keys(['example_nested_branch_dag']) retrieved from /home/airflow/.local/lib/python3.8/site-packages/airflow/example_dags/example_nested_branch_dag.py
[2023-09-13T19:26:35.096+0000] {logging_mixin.py:151} INFO - [2023-09-13T19:26:35.096+0000] {dag.py:2915} INFO - Sync 1 DAGs
[2023-09-13T19:26:35.115+0000] {logging_mixin.py:151} INFO - [2023-09-13T19:26:35.114+0000] {dag.py:3696} INFO - Setting next_dagrun for example_nested_branch_dag to 2023-09-12T00:00:00+00:00, run_after=2023-09-13T00:00:00+00:00
[2023-09-13T19:26:35.131+0000] {processor.py:179} INFO - Processing /home/airflow/.local/lib/python3.8/site-packages/airflow/example_dags/example_nested_branch_dag.py took 0.075 seconds
[2023-09-13T19:27:05.462+0000] {processor.py:157} INFO - Started process (PID=1271) to work on /home/airflow/.local/lib/python3.8/site-packages/airflow/example_dags/example_nested_branch_dag.py
[2023-09-13T19:27:05.464+0000] {processor.py:829} INFO - Processing file /home/airflow/.local/lib/python3.8/site-packages/airflow/example_dags/example_nested_branch_dag.py for tasks to queue
[2023-09-13T19:27:05.466+0000] {logging_mixin.py:151} INFO - [2023-09-13T19:27:05.466+0000] {dagbag.py:539} INFO - Filling up the DagBag from /home/airflow/.local/lib/python3.8/site-packages/airflow/example_dags/example_nested_branch_dag.py
[2023-09-13T19:27:05.475+0000] {processor.py:839} INFO - DAG(s) dict_keys(['example_nested_branch_dag']) retrieved from /home/airflow/.local/lib/python3.8/site-packages/airflow/example_dags/example_nested_branch_dag.py
[2023-09-13T19:27:05.498+0000] {logging_mixin.py:151} INFO - [2023-09-13T19:27:05.498+0000] {dag.py:2915} INFO - Sync 1 DAGs
[2023-09-13T19:27:05.516+0000] {logging_mixin.py:151} INFO - [2023-09-13T19:27:05.516+0000] {dag.py:3696} INFO - Setting next_dagrun for example_nested_branch_dag to 2023-09-12T00:00:00+00:00, run_after=2023-09-13T00:00:00+00:00
[2023-09-13T19:27:05.528+0000] {processor.py:179} INFO - Processing /home/airflow/.local/lib/python3.8/site-packages/airflow/example_dags/example_nested_branch_dag.py took 0.069 seconds
[2023-09-13T19:28:18.485+0000] {processor.py:157} INFO - Started process (PID=71) to work on /home/airflow/.local/lib/python3.8/site-packages/airflow/example_dags/example_nested_branch_dag.py
[2023-09-13T19:28:18.491+0000] {processor.py:829} INFO - Processing file /home/airflow/.local/lib/python3.8/site-packages/airflow/example_dags/example_nested_branch_dag.py for tasks to queue
[2023-09-13T19:28:18.498+0000] {logging_mixin.py:151} INFO - [2023-09-13T19:28:18.498+0000] {dagbag.py:539} INFO - Filling up the DagBag from /home/airflow/.local/lib/python3.8/site-packages/airflow/example_dags/example_nested_branch_dag.py
[2023-09-13T19:28:18.527+0000] {processor.py:839} INFO - DAG(s) dict_keys(['example_nested_branch_dag']) retrieved from /home/airflow/.local/lib/python3.8/site-packages/airflow/example_dags/example_nested_branch_dag.py
[2023-09-13T19:28:18.563+0000] {logging_mixin.py:151} INFO - [2023-09-13T19:28:18.562+0000] {dag.py:2915} INFO - Sync 1 DAGs
[2023-09-13T19:28:18.625+0000] {logging_mixin.py:151} INFO - [2023-09-13T19:28:18.624+0000] {dag.py:3696} INFO - Setting next_dagrun for example_nested_branch_dag to 2023-09-12T00:00:00+00:00, run_after=2023-09-13T00:00:00+00:00
[2023-09-13T19:28:18.693+0000] {processor.py:179} INFO - Processing /home/airflow/.local/lib/python3.8/site-packages/airflow/example_dags/example_nested_branch_dag.py took 0.232 seconds
[2023-09-13T19:28:48.820+0000] {processor.py:157} INFO - Started process (PID=127) to work on /home/airflow/.local/lib/python3.8/site-packages/airflow/example_dags/example_nested_branch_dag.py
[2023-09-13T19:28:48.823+0000] {processor.py:829} INFO - Processing file /home/airflow/.local/lib/python3.8/site-packages/airflow/example_dags/example_nested_branch_dag.py for tasks to queue
[2023-09-13T19:28:48.829+0000] {logging_mixin.py:151} INFO - [2023-09-13T19:28:48.828+0000] {dagbag.py:539} INFO - Filling up the DagBag from /home/airflow/.local/lib/python3.8/site-packages/airflow/example_dags/example_nested_branch_dag.py
[2023-09-13T19:28:48.843+0000] {processor.py:839} INFO - DAG(s) dict_keys(['example_nested_branch_dag']) retrieved from /home/airflow/.local/lib/python3.8/site-packages/airflow/example_dags/example_nested_branch_dag.py
[2023-09-13T19:28:48.873+0000] {logging_mixin.py:151} INFO - [2023-09-13T19:28:48.872+0000] {dag.py:2915} INFO - Sync 1 DAGs
[2023-09-13T19:28:48.893+0000] {logging_mixin.py:151} INFO - [2023-09-13T19:28:48.893+0000] {dag.py:3696} INFO - Setting next_dagrun for example_nested_branch_dag to 2023-09-12T00:00:00+00:00, run_after=2023-09-13T00:00:00+00:00
[2023-09-13T19:28:48.909+0000] {processor.py:179} INFO - Processing /home/airflow/.local/lib/python3.8/site-packages/airflow/example_dags/example_nested_branch_dag.py took 0.100 seconds
[2023-09-13T19:29:19.710+0000] {processor.py:157} INFO - Started process (PID=182) to work on /home/airflow/.local/lib/python3.8/site-packages/airflow/example_dags/example_nested_branch_dag.py
[2023-09-13T19:29:19.712+0000] {processor.py:829} INFO - Processing file /home/airflow/.local/lib/python3.8/site-packages/airflow/example_dags/example_nested_branch_dag.py for tasks to queue
[2023-09-13T19:29:19.715+0000] {logging_mixin.py:151} INFO - [2023-09-13T19:29:19.715+0000] {dagbag.py:539} INFO - Filling up the DagBag from /home/airflow/.local/lib/python3.8/site-packages/airflow/example_dags/example_nested_branch_dag.py
[2023-09-13T19:29:19.726+0000] {processor.py:839} INFO - DAG(s) dict_keys(['example_nested_branch_dag']) retrieved from /home/airflow/.local/lib/python3.8/site-packages/airflow/example_dags/example_nested_branch_dag.py
[2023-09-13T19:29:19.747+0000] {logging_mixin.py:151} INFO - [2023-09-13T19:29:19.747+0000] {dag.py:2915} INFO - Sync 1 DAGs
[2023-09-13T19:29:19.764+0000] {logging_mixin.py:151} INFO - [2023-09-13T19:29:19.764+0000] {dag.py:3696} INFO - Setting next_dagrun for example_nested_branch_dag to 2023-09-12T00:00:00+00:00, run_after=2023-09-13T00:00:00+00:00
[2023-09-13T19:29:19.776+0000] {processor.py:179} INFO - Processing /home/airflow/.local/lib/python3.8/site-packages/airflow/example_dags/example_nested_branch_dag.py took 0.071 seconds
[2023-09-13T19:29:50.024+0000] {processor.py:157} INFO - Started process (PID=236) to work on /home/airflow/.local/lib/python3.8/site-packages/airflow/example_dags/example_nested_branch_dag.py
[2023-09-13T19:29:50.026+0000] {processor.py:829} INFO - Processing file /home/airflow/.local/lib/python3.8/site-packages/airflow/example_dags/example_nested_branch_dag.py for tasks to queue
[2023-09-13T19:29:50.029+0000] {logging_mixin.py:151} INFO - [2023-09-13T19:29:50.029+0000] {dagbag.py:539} INFO - Filling up the DagBag from /home/airflow/.local/lib/python3.8/site-packages/airflow/example_dags/example_nested_branch_dag.py
[2023-09-13T19:29:50.038+0000] {processor.py:839} INFO - DAG(s) dict_keys(['example_nested_branch_dag']) retrieved from /home/airflow/.local/lib/python3.8/site-packages/airflow/example_dags/example_nested_branch_dag.py
[2023-09-13T19:29:50.059+0000] {logging_mixin.py:151} INFO - [2023-09-13T19:29:50.059+0000] {dag.py:2915} INFO - Sync 1 DAGs
[2023-09-13T19:29:50.078+0000] {logging_mixin.py:151} INFO - [2023-09-13T19:29:50.077+0000] {dag.py:3696} INFO - Setting next_dagrun for example_nested_branch_dag to 2023-09-12T00:00:00+00:00, run_after=2023-09-13T00:00:00+00:00
[2023-09-13T19:29:50.089+0000] {processor.py:179} INFO - Processing /home/airflow/.local/lib/python3.8/site-packages/airflow/example_dags/example_nested_branch_dag.py took 0.070 seconds
[2023-09-13T19:30:20.410+0000] {processor.py:157} INFO - Started process (PID=290) to work on /home/airflow/.local/lib/python3.8/site-packages/airflow/example_dags/example_nested_branch_dag.py
[2023-09-13T19:30:20.413+0000] {processor.py:829} INFO - Processing file /home/airflow/.local/lib/python3.8/site-packages/airflow/example_dags/example_nested_branch_dag.py for tasks to queue
[2023-09-13T19:30:20.417+0000] {logging_mixin.py:151} INFO - [2023-09-13T19:30:20.416+0000] {dagbag.py:539} INFO - Filling up the DagBag from /home/airflow/.local/lib/python3.8/site-packages/airflow/example_dags/example_nested_branch_dag.py
[2023-09-13T19:30:20.428+0000] {processor.py:839} INFO - DAG(s) dict_keys(['example_nested_branch_dag']) retrieved from /home/airflow/.local/lib/python3.8/site-packages/airflow/example_dags/example_nested_branch_dag.py
[2023-09-13T19:30:20.460+0000] {logging_mixin.py:151} INFO - [2023-09-13T19:30:20.460+0000] {dag.py:2915} INFO - Sync 1 DAGs
[2023-09-13T19:30:20.486+0000] {logging_mixin.py:151} INFO - [2023-09-13T19:30:20.486+0000] {dag.py:3696} INFO - Setting next_dagrun for example_nested_branch_dag to 2023-09-12T00:00:00+00:00, run_after=2023-09-13T00:00:00+00:00
[2023-09-13T19:30:20.508+0000] {processor.py:179} INFO - Processing /home/airflow/.local/lib/python3.8/site-packages/airflow/example_dags/example_nested_branch_dag.py took 0.102 seconds
[2023-09-13T19:31:33.807+0000] {processor.py:157} INFO - Started process (PID=72) to work on /home/airflow/.local/lib/python3.8/site-packages/airflow/example_dags/example_nested_branch_dag.py
[2023-09-13T19:31:33.822+0000] {processor.py:829} INFO - Processing file /home/airflow/.local/lib/python3.8/site-packages/airflow/example_dags/example_nested_branch_dag.py for tasks to queue
[2023-09-13T19:31:33.831+0000] {logging_mixin.py:151} INFO - [2023-09-13T19:31:33.830+0000] {dagbag.py:539} INFO - Filling up the DagBag from /home/airflow/.local/lib/python3.8/site-packages/airflow/example_dags/example_nested_branch_dag.py
[2023-09-13T19:31:33.871+0000] {processor.py:839} INFO - DAG(s) dict_keys(['example_nested_branch_dag']) retrieved from /home/airflow/.local/lib/python3.8/site-packages/airflow/example_dags/example_nested_branch_dag.py
[2023-09-13T19:31:33.907+0000] {logging_mixin.py:151} INFO - [2023-09-13T19:31:33.907+0000] {dag.py:2915} INFO - Sync 1 DAGs
[2023-09-13T19:31:33.966+0000] {logging_mixin.py:151} INFO - [2023-09-13T19:31:33.966+0000] {dag.py:3696} INFO - Setting next_dagrun for example_nested_branch_dag to 2023-09-12T00:00:00+00:00, run_after=2023-09-13T00:00:00+00:00
[2023-09-13T19:31:34.040+0000] {processor.py:179} INFO - Processing /home/airflow/.local/lib/python3.8/site-packages/airflow/example_dags/example_nested_branch_dag.py took 0.252 seconds
[2023-09-13T19:32:04.873+0000] {processor.py:157} INFO - Started process (PID=127) to work on /home/airflow/.local/lib/python3.8/site-packages/airflow/example_dags/example_nested_branch_dag.py
[2023-09-13T19:32:04.875+0000] {processor.py:829} INFO - Processing file /home/airflow/.local/lib/python3.8/site-packages/airflow/example_dags/example_nested_branch_dag.py for tasks to queue
[2023-09-13T19:32:04.878+0000] {logging_mixin.py:151} INFO - [2023-09-13T19:32:04.877+0000] {dagbag.py:539} INFO - Filling up the DagBag from /home/airflow/.local/lib/python3.8/site-packages/airflow/example_dags/example_nested_branch_dag.py
[2023-09-13T19:32:04.887+0000] {processor.py:839} INFO - DAG(s) dict_keys(['example_nested_branch_dag']) retrieved from /home/airflow/.local/lib/python3.8/site-packages/airflow/example_dags/example_nested_branch_dag.py
[2023-09-13T19:32:04.910+0000] {logging_mixin.py:151} INFO - [2023-09-13T19:32:04.910+0000] {dag.py:2915} INFO - Sync 1 DAGs
[2023-09-13T19:32:04.927+0000] {logging_mixin.py:151} INFO - [2023-09-13T19:32:04.927+0000] {dag.py:3696} INFO - Setting next_dagrun for example_nested_branch_dag to 2023-09-12T00:00:00+00:00, run_after=2023-09-13T00:00:00+00:00
[2023-09-13T19:32:04.939+0000] {processor.py:179} INFO - Processing /home/airflow/.local/lib/python3.8/site-packages/airflow/example_dags/example_nested_branch_dag.py took 0.070 seconds
[2023-09-13T19:32:34.978+0000] {processor.py:157} INFO - Started process (PID=182) to work on /home/airflow/.local/lib/python3.8/site-packages/airflow/example_dags/example_nested_branch_dag.py
[2023-09-13T19:32:34.980+0000] {processor.py:829} INFO - Processing file /home/airflow/.local/lib/python3.8/site-packages/airflow/example_dags/example_nested_branch_dag.py for tasks to queue
[2023-09-13T19:32:34.982+0000] {logging_mixin.py:151} INFO - [2023-09-13T19:32:34.982+0000] {dagbag.py:539} INFO - Filling up the DagBag from /home/airflow/.local/lib/python3.8/site-packages/airflow/example_dags/example_nested_branch_dag.py
[2023-09-13T19:32:34.991+0000] {processor.py:839} INFO - DAG(s) dict_keys(['example_nested_branch_dag']) retrieved from /home/airflow/.local/lib/python3.8/site-packages/airflow/example_dags/example_nested_branch_dag.py
[2023-09-13T19:32:35.015+0000] {logging_mixin.py:151} INFO - [2023-09-13T19:32:35.015+0000] {dag.py:2915} INFO - Sync 1 DAGs
[2023-09-13T19:32:35.033+0000] {logging_mixin.py:151} INFO - [2023-09-13T19:32:35.033+0000] {dag.py:3696} INFO - Setting next_dagrun for example_nested_branch_dag to 2023-09-12T00:00:00+00:00, run_after=2023-09-13T00:00:00+00:00
[2023-09-13T19:32:35.046+0000] {processor.py:179} INFO - Processing /home/airflow/.local/lib/python3.8/site-packages/airflow/example_dags/example_nested_branch_dag.py took 0.071 seconds
[2023-09-13T19:33:05.922+0000] {processor.py:157} INFO - Started process (PID=237) to work on /home/airflow/.local/lib/python3.8/site-packages/airflow/example_dags/example_nested_branch_dag.py
[2023-09-13T19:33:05.923+0000] {processor.py:829} INFO - Processing file /home/airflow/.local/lib/python3.8/site-packages/airflow/example_dags/example_nested_branch_dag.py for tasks to queue
[2023-09-13T19:33:05.925+0000] {logging_mixin.py:151} INFO - [2023-09-13T19:33:05.925+0000] {dagbag.py:539} INFO - Filling up the DagBag from /home/airflow/.local/lib/python3.8/site-packages/airflow/example_dags/example_nested_branch_dag.py
[2023-09-13T19:33:05.934+0000] {processor.py:839} INFO - DAG(s) dict_keys(['example_nested_branch_dag']) retrieved from /home/airflow/.local/lib/python3.8/site-packages/airflow/example_dags/example_nested_branch_dag.py
[2023-09-13T19:33:05.956+0000] {logging_mixin.py:151} INFO - [2023-09-13T19:33:05.956+0000] {dag.py:2915} INFO - Sync 1 DAGs
[2023-09-13T19:33:05.974+0000] {logging_mixin.py:151} INFO - [2023-09-13T19:33:05.973+0000] {dag.py:3696} INFO - Setting next_dagrun for example_nested_branch_dag to 2023-09-12T00:00:00+00:00, run_after=2023-09-13T00:00:00+00:00
[2023-09-13T19:33:05.985+0000] {processor.py:179} INFO - Processing /home/airflow/.local/lib/python3.8/site-packages/airflow/example_dags/example_nested_branch_dag.py took 0.067 seconds
[2023-09-13T19:33:37.023+0000] {processor.py:157} INFO - Started process (PID=292) to work on /home/airflow/.local/lib/python3.8/site-packages/airflow/example_dags/example_nested_branch_dag.py
[2023-09-13T19:33:37.025+0000] {processor.py:829} INFO - Processing file /home/airflow/.local/lib/python3.8/site-packages/airflow/example_dags/example_nested_branch_dag.py for tasks to queue
[2023-09-13T19:33:37.027+0000] {logging_mixin.py:151} INFO - [2023-09-13T19:33:37.027+0000] {dagbag.py:539} INFO - Filling up the DagBag from /home/airflow/.local/lib/python3.8/site-packages/airflow/example_dags/example_nested_branch_dag.py
[2023-09-13T19:33:37.037+0000] {processor.py:839} INFO - DAG(s) dict_keys(['example_nested_branch_dag']) retrieved from /home/airflow/.local/lib/python3.8/site-packages/airflow/example_dags/example_nested_branch_dag.py
[2023-09-13T19:33:37.059+0000] {logging_mixin.py:151} INFO - [2023-09-13T19:33:37.058+0000] {dag.py:2915} INFO - Sync 1 DAGs
[2023-09-13T19:33:37.077+0000] {logging_mixin.py:151} INFO - [2023-09-13T19:33:37.077+0000] {dag.py:3696} INFO - Setting next_dagrun for example_nested_branch_dag to 2023-09-12T00:00:00+00:00, run_after=2023-09-13T00:00:00+00:00
[2023-09-13T19:33:37.090+0000] {processor.py:179} INFO - Processing /home/airflow/.local/lib/python3.8/site-packages/airflow/example_dags/example_nested_branch_dag.py took 0.071 seconds
[2023-09-13T19:34:07.685+0000] {processor.py:157} INFO - Started process (PID=347) to work on /home/airflow/.local/lib/python3.8/site-packages/airflow/example_dags/example_nested_branch_dag.py
[2023-09-13T19:34:07.686+0000] {processor.py:829} INFO - Processing file /home/airflow/.local/lib/python3.8/site-packages/airflow/example_dags/example_nested_branch_dag.py for tasks to queue
[2023-09-13T19:34:07.689+0000] {logging_mixin.py:151} INFO - [2023-09-13T19:34:07.688+0000] {dagbag.py:539} INFO - Filling up the DagBag from /home/airflow/.local/lib/python3.8/site-packages/airflow/example_dags/example_nested_branch_dag.py
[2023-09-13T19:34:07.697+0000] {processor.py:839} INFO - DAG(s) dict_keys(['example_nested_branch_dag']) retrieved from /home/airflow/.local/lib/python3.8/site-packages/airflow/example_dags/example_nested_branch_dag.py
[2023-09-13T19:34:07.719+0000] {logging_mixin.py:151} INFO - [2023-09-13T19:34:07.719+0000] {dag.py:2915} INFO - Sync 1 DAGs
[2023-09-13T19:34:07.736+0000] {logging_mixin.py:151} INFO - [2023-09-13T19:34:07.736+0000] {dag.py:3696} INFO - Setting next_dagrun for example_nested_branch_dag to 2023-09-12T00:00:00+00:00, run_after=2023-09-13T00:00:00+00:00
[2023-09-13T19:34:07.748+0000] {processor.py:179} INFO - Processing /home/airflow/.local/lib/python3.8/site-packages/airflow/example_dags/example_nested_branch_dag.py took 0.067 seconds
