[2023-09-13T19:15:50.855+0000] {processor.py:157} INFO - Started process (PID=49) to work on /home/airflow/.local/lib/python3.8/site-packages/airflow/example_dags/example_complex.py
[2023-09-13T19:15:50.857+0000] {processor.py:829} INFO - Processing file /home/airflow/.local/lib/python3.8/site-packages/airflow/example_dags/example_complex.py for tasks to queue
[2023-09-13T19:15:50.860+0000] {logging_mixin.py:151} INFO - [2023-09-13T19:15:50.860+0000] {dagbag.py:539} INFO - Filling up the DagBag from /home/airflow/.local/lib/python3.8/site-packages/airflow/example_dags/example_complex.py
[2023-09-13T19:15:50.874+0000] {processor.py:839} INFO - DAG(s) dict_keys(['example_complex']) retrieved from /home/airflow/.local/lib/python3.8/site-packages/airflow/example_dags/example_complex.py
[2023-09-13T19:15:51.013+0000] {logging_mixin.py:151} INFO - [2023-09-13T19:15:51.013+0000] {manager.py:499} INFO - Created Permission View: %s
[2023-09-13T19:15:51.021+0000] {logging_mixin.py:151} INFO - [2023-09-13T19:15:51.021+0000] {manager.py:499} INFO - Created Permission View: %s
[2023-09-13T19:15:51.026+0000] {logging_mixin.py:151} INFO - [2023-09-13T19:15:51.026+0000] {manager.py:499} INFO - Created Permission View: %s
[2023-09-13T19:15:51.027+0000] {logging_mixin.py:151} INFO - [2023-09-13T19:15:51.027+0000] {security.py:708} INFO - Not syncing DAG-level permissions for DAG 'DAG:example_complex' as access control is unset.
[2023-09-13T19:15:51.027+0000] {logging_mixin.py:151} INFO - [2023-09-13T19:15:51.027+0000] {dag.py:2915} INFO - Sync 1 DAGs
[2023-09-13T19:15:51.048+0000] {logging_mixin.py:151} INFO - [2023-09-13T19:15:51.047+0000] {dag.py:2937} INFO - Creating ORM DAG for example_complex
[2023-09-13T19:15:51.050+0000] {logging_mixin.py:151} INFO - [2023-09-13T19:15:51.050+0000] {dag.py:3696} INFO - Setting next_dagrun for example_complex to None, run_after=None
[2023-09-13T19:15:51.073+0000] {processor.py:179} INFO - Processing /home/airflow/.local/lib/python3.8/site-packages/airflow/example_dags/example_complex.py took 0.222 seconds
[2023-09-13T19:16:21.168+0000] {processor.py:157} INFO - Started process (PID=103) to work on /home/airflow/.local/lib/python3.8/site-packages/airflow/example_dags/example_complex.py
[2023-09-13T19:16:21.170+0000] {processor.py:829} INFO - Processing file /home/airflow/.local/lib/python3.8/site-packages/airflow/example_dags/example_complex.py for tasks to queue
[2023-09-13T19:16:21.173+0000] {logging_mixin.py:151} INFO - [2023-09-13T19:16:21.172+0000] {dagbag.py:539} INFO - Filling up the DagBag from /home/airflow/.local/lib/python3.8/site-packages/airflow/example_dags/example_complex.py
[2023-09-13T19:16:21.184+0000] {processor.py:839} INFO - DAG(s) dict_keys(['example_complex']) retrieved from /home/airflow/.local/lib/python3.8/site-packages/airflow/example_dags/example_complex.py
[2023-09-13T19:16:21.219+0000] {logging_mixin.py:151} INFO - [2023-09-13T19:16:21.219+0000] {dag.py:2915} INFO - Sync 1 DAGs
[2023-09-13T19:16:21.232+0000] {logging_mixin.py:151} INFO - [2023-09-13T19:16:21.232+0000] {dag.py:3696} INFO - Setting next_dagrun for example_complex to None, run_after=None
[2023-09-13T19:16:21.246+0000] {processor.py:179} INFO - Processing /home/airflow/.local/lib/python3.8/site-packages/airflow/example_dags/example_complex.py took 0.081 seconds
[2023-09-13T19:16:51.504+0000] {processor.py:157} INFO - Started process (PID=156) to work on /home/airflow/.local/lib/python3.8/site-packages/airflow/example_dags/example_complex.py
[2023-09-13T19:16:51.505+0000] {processor.py:829} INFO - Processing file /home/airflow/.local/lib/python3.8/site-packages/airflow/example_dags/example_complex.py for tasks to queue
[2023-09-13T19:16:51.508+0000] {logging_mixin.py:151} INFO - [2023-09-13T19:16:51.508+0000] {dagbag.py:539} INFO - Filling up the DagBag from /home/airflow/.local/lib/python3.8/site-packages/airflow/example_dags/example_complex.py
[2023-09-13T19:16:51.519+0000] {processor.py:839} INFO - DAG(s) dict_keys(['example_complex']) retrieved from /home/airflow/.local/lib/python3.8/site-packages/airflow/example_dags/example_complex.py
[2023-09-13T19:16:51.552+0000] {logging_mixin.py:151} INFO - [2023-09-13T19:16:51.552+0000] {dag.py:2915} INFO - Sync 1 DAGs
[2023-09-13T19:16:51.563+0000] {logging_mixin.py:151} INFO - [2023-09-13T19:16:51.563+0000] {dag.py:3696} INFO - Setting next_dagrun for example_complex to None, run_after=None
[2023-09-13T19:16:51.575+0000] {processor.py:179} INFO - Processing /home/airflow/.local/lib/python3.8/site-packages/airflow/example_dags/example_complex.py took 0.074 seconds
[2023-09-13T19:17:21.912+0000] {processor.py:157} INFO - Started process (PID=210) to work on /home/airflow/.local/lib/python3.8/site-packages/airflow/example_dags/example_complex.py
[2023-09-13T19:17:21.914+0000] {processor.py:829} INFO - Processing file /home/airflow/.local/lib/python3.8/site-packages/airflow/example_dags/example_complex.py for tasks to queue
[2023-09-13T19:17:21.917+0000] {logging_mixin.py:151} INFO - [2023-09-13T19:17:21.916+0000] {dagbag.py:539} INFO - Filling up the DagBag from /home/airflow/.local/lib/python3.8/site-packages/airflow/example_dags/example_complex.py
[2023-09-13T19:17:21.927+0000] {processor.py:839} INFO - DAG(s) dict_keys(['example_complex']) retrieved from /home/airflow/.local/lib/python3.8/site-packages/airflow/example_dags/example_complex.py
[2023-09-13T19:17:21.957+0000] {logging_mixin.py:151} INFO - [2023-09-13T19:17:21.957+0000] {dag.py:2915} INFO - Sync 1 DAGs
[2023-09-13T19:17:21.968+0000] {logging_mixin.py:151} INFO - [2023-09-13T19:17:21.968+0000] {dag.py:3696} INFO - Setting next_dagrun for example_complex to None, run_after=None
[2023-09-13T19:17:21.984+0000] {processor.py:179} INFO - Processing /home/airflow/.local/lib/python3.8/site-packages/airflow/example_dags/example_complex.py took 0.077 seconds
[2023-09-13T19:17:52.082+0000] {processor.py:157} INFO - Started process (PID=264) to work on /home/airflow/.local/lib/python3.8/site-packages/airflow/example_dags/example_complex.py
[2023-09-13T19:17:52.084+0000] {processor.py:829} INFO - Processing file /home/airflow/.local/lib/python3.8/site-packages/airflow/example_dags/example_complex.py for tasks to queue
[2023-09-13T19:17:52.088+0000] {logging_mixin.py:151} INFO - [2023-09-13T19:17:52.087+0000] {dagbag.py:539} INFO - Filling up the DagBag from /home/airflow/.local/lib/python3.8/site-packages/airflow/example_dags/example_complex.py
[2023-09-13T19:17:52.105+0000] {processor.py:839} INFO - DAG(s) dict_keys(['example_complex']) retrieved from /home/airflow/.local/lib/python3.8/site-packages/airflow/example_dags/example_complex.py
[2023-09-13T19:17:52.152+0000] {logging_mixin.py:151} INFO - [2023-09-13T19:17:52.151+0000] {dag.py:2915} INFO - Sync 1 DAGs
[2023-09-13T19:17:52.170+0000] {logging_mixin.py:151} INFO - [2023-09-13T19:17:52.170+0000] {dag.py:3696} INFO - Setting next_dagrun for example_complex to None, run_after=None
[2023-09-13T19:17:52.193+0000] {processor.py:179} INFO - Processing /home/airflow/.local/lib/python3.8/site-packages/airflow/example_dags/example_complex.py took 0.116 seconds
[2023-09-13T19:18:23.164+0000] {processor.py:157} INFO - Started process (PID=318) to work on /home/airflow/.local/lib/python3.8/site-packages/airflow/example_dags/example_complex.py
[2023-09-13T19:18:23.166+0000] {processor.py:829} INFO - Processing file /home/airflow/.local/lib/python3.8/site-packages/airflow/example_dags/example_complex.py for tasks to queue
[2023-09-13T19:18:23.169+0000] {logging_mixin.py:151} INFO - [2023-09-13T19:18:23.169+0000] {dagbag.py:539} INFO - Filling up the DagBag from /home/airflow/.local/lib/python3.8/site-packages/airflow/example_dags/example_complex.py
[2023-09-13T19:18:23.179+0000] {processor.py:839} INFO - DAG(s) dict_keys(['example_complex']) retrieved from /home/airflow/.local/lib/python3.8/site-packages/airflow/example_dags/example_complex.py
[2023-09-13T19:18:23.211+0000] {logging_mixin.py:151} INFO - [2023-09-13T19:18:23.211+0000] {dag.py:2915} INFO - Sync 1 DAGs
[2023-09-13T19:18:23.224+0000] {logging_mixin.py:151} INFO - [2023-09-13T19:18:23.224+0000] {dag.py:3696} INFO - Setting next_dagrun for example_complex to None, run_after=None
[2023-09-13T19:18:23.239+0000] {processor.py:179} INFO - Processing /home/airflow/.local/lib/python3.8/site-packages/airflow/example_dags/example_complex.py took 0.081 seconds
[2023-09-13T19:18:53.454+0000] {processor.py:157} INFO - Started process (PID=371) to work on /home/airflow/.local/lib/python3.8/site-packages/airflow/example_dags/example_complex.py
[2023-09-13T19:18:53.456+0000] {processor.py:829} INFO - Processing file /home/airflow/.local/lib/python3.8/site-packages/airflow/example_dags/example_complex.py for tasks to queue
[2023-09-13T19:18:53.460+0000] {logging_mixin.py:151} INFO - [2023-09-13T19:18:53.459+0000] {dagbag.py:539} INFO - Filling up the DagBag from /home/airflow/.local/lib/python3.8/site-packages/airflow/example_dags/example_complex.py
[2023-09-13T19:18:53.470+0000] {processor.py:839} INFO - DAG(s) dict_keys(['example_complex']) retrieved from /home/airflow/.local/lib/python3.8/site-packages/airflow/example_dags/example_complex.py
[2023-09-13T19:18:53.501+0000] {logging_mixin.py:151} INFO - [2023-09-13T19:18:53.501+0000] {dag.py:2915} INFO - Sync 1 DAGs
[2023-09-13T19:18:53.511+0000] {logging_mixin.py:151} INFO - [2023-09-13T19:18:53.511+0000] {dag.py:3696} INFO - Setting next_dagrun for example_complex to None, run_after=None
[2023-09-13T19:18:53.525+0000] {processor.py:179} INFO - Processing /home/airflow/.local/lib/python3.8/site-packages/airflow/example_dags/example_complex.py took 0.077 seconds
[2023-09-13T19:19:23.876+0000] {processor.py:157} INFO - Started process (PID=427) to work on /home/airflow/.local/lib/python3.8/site-packages/airflow/example_dags/example_complex.py
[2023-09-13T19:19:23.879+0000] {processor.py:829} INFO - Processing file /home/airflow/.local/lib/python3.8/site-packages/airflow/example_dags/example_complex.py for tasks to queue
[2023-09-13T19:19:23.882+0000] {logging_mixin.py:151} INFO - [2023-09-13T19:19:23.882+0000] {dagbag.py:539} INFO - Filling up the DagBag from /home/airflow/.local/lib/python3.8/site-packages/airflow/example_dags/example_complex.py
[2023-09-13T19:19:23.894+0000] {processor.py:839} INFO - DAG(s) dict_keys(['example_complex']) retrieved from /home/airflow/.local/lib/python3.8/site-packages/airflow/example_dags/example_complex.py
[2023-09-13T19:19:23.935+0000] {logging_mixin.py:151} INFO - [2023-09-13T19:19:23.935+0000] {dag.py:2915} INFO - Sync 1 DAGs
[2023-09-13T19:19:23.948+0000] {logging_mixin.py:151} INFO - [2023-09-13T19:19:23.948+0000] {dag.py:3696} INFO - Setting next_dagrun for example_complex to None, run_after=None
[2023-09-13T19:19:23.967+0000] {processor.py:179} INFO - Processing /home/airflow/.local/lib/python3.8/site-packages/airflow/example_dags/example_complex.py took 0.095 seconds
[2023-09-13T19:19:54.085+0000] {processor.py:157} INFO - Started process (PID=480) to work on /home/airflow/.local/lib/python3.8/site-packages/airflow/example_dags/example_complex.py
[2023-09-13T19:19:54.087+0000] {processor.py:829} INFO - Processing file /home/airflow/.local/lib/python3.8/site-packages/airflow/example_dags/example_complex.py for tasks to queue
[2023-09-13T19:19:54.089+0000] {logging_mixin.py:151} INFO - [2023-09-13T19:19:54.089+0000] {dagbag.py:539} INFO - Filling up the DagBag from /home/airflow/.local/lib/python3.8/site-packages/airflow/example_dags/example_complex.py
[2023-09-13T19:19:54.099+0000] {processor.py:839} INFO - DAG(s) dict_keys(['example_complex']) retrieved from /home/airflow/.local/lib/python3.8/site-packages/airflow/example_dags/example_complex.py
[2023-09-13T19:19:54.130+0000] {logging_mixin.py:151} INFO - [2023-09-13T19:19:54.130+0000] {dag.py:2915} INFO - Sync 1 DAGs
[2023-09-13T19:19:54.140+0000] {logging_mixin.py:151} INFO - [2023-09-13T19:19:54.140+0000] {dag.py:3696} INFO - Setting next_dagrun for example_complex to None, run_after=None
[2023-09-13T19:19:54.152+0000] {processor.py:179} INFO - Processing /home/airflow/.local/lib/python3.8/site-packages/airflow/example_dags/example_complex.py took 0.070 seconds
[2023-09-13T19:20:24.381+0000] {processor.py:157} INFO - Started process (PID=533) to work on /home/airflow/.local/lib/python3.8/site-packages/airflow/example_dags/example_complex.py
[2023-09-13T19:20:24.383+0000] {processor.py:829} INFO - Processing file /home/airflow/.local/lib/python3.8/site-packages/airflow/example_dags/example_complex.py for tasks to queue
[2023-09-13T19:20:24.386+0000] {logging_mixin.py:151} INFO - [2023-09-13T19:20:24.385+0000] {dagbag.py:539} INFO - Filling up the DagBag from /home/airflow/.local/lib/python3.8/site-packages/airflow/example_dags/example_complex.py
[2023-09-13T19:20:24.395+0000] {processor.py:839} INFO - DAG(s) dict_keys(['example_complex']) retrieved from /home/airflow/.local/lib/python3.8/site-packages/airflow/example_dags/example_complex.py
[2023-09-13T19:20:24.423+0000] {logging_mixin.py:151} INFO - [2023-09-13T19:20:24.423+0000] {dag.py:2915} INFO - Sync 1 DAGs
[2023-09-13T19:20:24.433+0000] {logging_mixin.py:151} INFO - [2023-09-13T19:20:24.432+0000] {dag.py:3696} INFO - Setting next_dagrun for example_complex to None, run_after=None
[2023-09-13T19:20:24.445+0000] {processor.py:179} INFO - Processing /home/airflow/.local/lib/python3.8/site-packages/airflow/example_dags/example_complex.py took 0.068 seconds
[2023-09-13T19:20:54.946+0000] {processor.py:157} INFO - Started process (PID=587) to work on /home/airflow/.local/lib/python3.8/site-packages/airflow/example_dags/example_complex.py
[2023-09-13T19:20:54.948+0000] {processor.py:829} INFO - Processing file /home/airflow/.local/lib/python3.8/site-packages/airflow/example_dags/example_complex.py for tasks to queue
[2023-09-13T19:20:54.952+0000] {logging_mixin.py:151} INFO - [2023-09-13T19:20:54.951+0000] {dagbag.py:539} INFO - Filling up the DagBag from /home/airflow/.local/lib/python3.8/site-packages/airflow/example_dags/example_complex.py
[2023-09-13T19:20:54.964+0000] {processor.py:839} INFO - DAG(s) dict_keys(['example_complex']) retrieved from /home/airflow/.local/lib/python3.8/site-packages/airflow/example_dags/example_complex.py
[2023-09-13T19:20:54.995+0000] {logging_mixin.py:151} INFO - [2023-09-13T19:20:54.995+0000] {dag.py:2915} INFO - Sync 1 DAGs
[2023-09-13T19:20:55.006+0000] {logging_mixin.py:151} INFO - [2023-09-13T19:20:55.006+0000] {dag.py:3696} INFO - Setting next_dagrun for example_complex to None, run_after=None
[2023-09-13T19:20:55.021+0000] {processor.py:179} INFO - Processing /home/airflow/.local/lib/python3.8/site-packages/airflow/example_dags/example_complex.py took 0.081 seconds
[2023-09-13T19:21:25.115+0000] {processor.py:157} INFO - Started process (PID=641) to work on /home/airflow/.local/lib/python3.8/site-packages/airflow/example_dags/example_complex.py
[2023-09-13T19:21:25.117+0000] {processor.py:829} INFO - Processing file /home/airflow/.local/lib/python3.8/site-packages/airflow/example_dags/example_complex.py for tasks to queue
[2023-09-13T19:21:25.119+0000] {logging_mixin.py:151} INFO - [2023-09-13T19:21:25.119+0000] {dagbag.py:539} INFO - Filling up the DagBag from /home/airflow/.local/lib/python3.8/site-packages/airflow/example_dags/example_complex.py
[2023-09-13T19:21:25.129+0000] {processor.py:839} INFO - DAG(s) dict_keys(['example_complex']) retrieved from /home/airflow/.local/lib/python3.8/site-packages/airflow/example_dags/example_complex.py
[2023-09-13T19:21:25.157+0000] {logging_mixin.py:151} INFO - [2023-09-13T19:21:25.157+0000] {dag.py:2915} INFO - Sync 1 DAGs
[2023-09-13T19:21:25.167+0000] {logging_mixin.py:151} INFO - [2023-09-13T19:21:25.167+0000] {dag.py:3696} INFO - Setting next_dagrun for example_complex to None, run_after=None
[2023-09-13T19:21:25.181+0000] {processor.py:179} INFO - Processing /home/airflow/.local/lib/python3.8/site-packages/airflow/example_dags/example_complex.py took 0.070 seconds
[2023-09-13T19:21:55.729+0000] {processor.py:157} INFO - Started process (PID=695) to work on /home/airflow/.local/lib/python3.8/site-packages/airflow/example_dags/example_complex.py
[2023-09-13T19:21:55.730+0000] {processor.py:829} INFO - Processing file /home/airflow/.local/lib/python3.8/site-packages/airflow/example_dags/example_complex.py for tasks to queue
[2023-09-13T19:21:55.734+0000] {logging_mixin.py:151} INFO - [2023-09-13T19:21:55.733+0000] {dagbag.py:539} INFO - Filling up the DagBag from /home/airflow/.local/lib/python3.8/site-packages/airflow/example_dags/example_complex.py
[2023-09-13T19:21:55.745+0000] {processor.py:839} INFO - DAG(s) dict_keys(['example_complex']) retrieved from /home/airflow/.local/lib/python3.8/site-packages/airflow/example_dags/example_complex.py
[2023-09-13T19:21:55.774+0000] {logging_mixin.py:151} INFO - [2023-09-13T19:21:55.774+0000] {dag.py:2915} INFO - Sync 1 DAGs
[2023-09-13T19:21:55.784+0000] {logging_mixin.py:151} INFO - [2023-09-13T19:21:55.783+0000] {dag.py:3696} INFO - Setting next_dagrun for example_complex to None, run_after=None
[2023-09-13T19:21:55.797+0000] {processor.py:179} INFO - Processing /home/airflow/.local/lib/python3.8/site-packages/airflow/example_dags/example_complex.py took 0.074 seconds
[2023-09-13T19:22:26.562+0000] {processor.py:157} INFO - Started process (PID=749) to work on /home/airflow/.local/lib/python3.8/site-packages/airflow/example_dags/example_complex.py
[2023-09-13T19:22:26.565+0000] {processor.py:829} INFO - Processing file /home/airflow/.local/lib/python3.8/site-packages/airflow/example_dags/example_complex.py for tasks to queue
[2023-09-13T19:22:26.568+0000] {logging_mixin.py:151} INFO - [2023-09-13T19:22:26.567+0000] {dagbag.py:539} INFO - Filling up the DagBag from /home/airflow/.local/lib/python3.8/site-packages/airflow/example_dags/example_complex.py
[2023-09-13T19:22:26.578+0000] {processor.py:839} INFO - DAG(s) dict_keys(['example_complex']) retrieved from /home/airflow/.local/lib/python3.8/site-packages/airflow/example_dags/example_complex.py
[2023-09-13T19:22:26.608+0000] {logging_mixin.py:151} INFO - [2023-09-13T19:22:26.608+0000] {dag.py:2915} INFO - Sync 1 DAGs
[2023-09-13T19:22:26.617+0000] {logging_mixin.py:151} INFO - [2023-09-13T19:22:26.617+0000] {dag.py:3696} INFO - Setting next_dagrun for example_complex to None, run_after=None
[2023-09-13T19:22:26.630+0000] {processor.py:179} INFO - Processing /home/airflow/.local/lib/python3.8/site-packages/airflow/example_dags/example_complex.py took 0.073 seconds
[2023-09-13T19:22:56.874+0000] {processor.py:157} INFO - Started process (PID=803) to work on /home/airflow/.local/lib/python3.8/site-packages/airflow/example_dags/example_complex.py
[2023-09-13T19:22:56.876+0000] {processor.py:829} INFO - Processing file /home/airflow/.local/lib/python3.8/site-packages/airflow/example_dags/example_complex.py for tasks to queue
[2023-09-13T19:22:56.880+0000] {logging_mixin.py:151} INFO - [2023-09-13T19:22:56.879+0000] {dagbag.py:539} INFO - Filling up the DagBag from /home/airflow/.local/lib/python3.8/site-packages/airflow/example_dags/example_complex.py
[2023-09-13T19:22:56.890+0000] {processor.py:839} INFO - DAG(s) dict_keys(['example_complex']) retrieved from /home/airflow/.local/lib/python3.8/site-packages/airflow/example_dags/example_complex.py
[2023-09-13T19:22:56.927+0000] {logging_mixin.py:151} INFO - [2023-09-13T19:22:56.927+0000] {dag.py:2915} INFO - Sync 1 DAGs
[2023-09-13T19:22:56.941+0000] {logging_mixin.py:151} INFO - [2023-09-13T19:22:56.940+0000] {dag.py:3696} INFO - Setting next_dagrun for example_complex to None, run_after=None
[2023-09-13T19:22:56.954+0000] {processor.py:179} INFO - Processing /home/airflow/.local/lib/python3.8/site-packages/airflow/example_dags/example_complex.py took 0.086 seconds
[2023-09-13T19:23:27.150+0000] {processor.py:157} INFO - Started process (PID=857) to work on /home/airflow/.local/lib/python3.8/site-packages/airflow/example_dags/example_complex.py
[2023-09-13T19:23:27.153+0000] {processor.py:829} INFO - Processing file /home/airflow/.local/lib/python3.8/site-packages/airflow/example_dags/example_complex.py for tasks to queue
[2023-09-13T19:23:27.157+0000] {logging_mixin.py:151} INFO - [2023-09-13T19:23:27.156+0000] {dagbag.py:539} INFO - Filling up the DagBag from /home/airflow/.local/lib/python3.8/site-packages/airflow/example_dags/example_complex.py
[2023-09-13T19:23:27.169+0000] {processor.py:839} INFO - DAG(s) dict_keys(['example_complex']) retrieved from /home/airflow/.local/lib/python3.8/site-packages/airflow/example_dags/example_complex.py
[2023-09-13T19:23:27.200+0000] {logging_mixin.py:151} INFO - [2023-09-13T19:23:27.200+0000] {dag.py:2915} INFO - Sync 1 DAGs
[2023-09-13T19:23:27.212+0000] {logging_mixin.py:151} INFO - [2023-09-13T19:23:27.212+0000] {dag.py:3696} INFO - Setting next_dagrun for example_complex to None, run_after=None
[2023-09-13T19:23:27.226+0000] {processor.py:179} INFO - Processing /home/airflow/.local/lib/python3.8/site-packages/airflow/example_dags/example_complex.py took 0.082 seconds
[2023-09-13T19:23:57.494+0000] {processor.py:157} INFO - Started process (PID=911) to work on /home/airflow/.local/lib/python3.8/site-packages/airflow/example_dags/example_complex.py
[2023-09-13T19:23:57.496+0000] {processor.py:829} INFO - Processing file /home/airflow/.local/lib/python3.8/site-packages/airflow/example_dags/example_complex.py for tasks to queue
[2023-09-13T19:23:57.499+0000] {logging_mixin.py:151} INFO - [2023-09-13T19:23:57.499+0000] {dagbag.py:539} INFO - Filling up the DagBag from /home/airflow/.local/lib/python3.8/site-packages/airflow/example_dags/example_complex.py
[2023-09-13T19:23:57.510+0000] {processor.py:839} INFO - DAG(s) dict_keys(['example_complex']) retrieved from /home/airflow/.local/lib/python3.8/site-packages/airflow/example_dags/example_complex.py
[2023-09-13T19:23:57.540+0000] {logging_mixin.py:151} INFO - [2023-09-13T19:23:57.539+0000] {dag.py:2915} INFO - Sync 1 DAGs
[2023-09-13T19:23:57.554+0000] {logging_mixin.py:151} INFO - [2023-09-13T19:23:57.554+0000] {dag.py:3696} INFO - Setting next_dagrun for example_complex to None, run_after=None
[2023-09-13T19:23:57.572+0000] {processor.py:179} INFO - Processing /home/airflow/.local/lib/python3.8/site-packages/airflow/example_dags/example_complex.py took 0.083 seconds
[2023-09-13T19:24:28.594+0000] {processor.py:157} INFO - Started process (PID=965) to work on /home/airflow/.local/lib/python3.8/site-packages/airflow/example_dags/example_complex.py
[2023-09-13T19:24:28.596+0000] {processor.py:829} INFO - Processing file /home/airflow/.local/lib/python3.8/site-packages/airflow/example_dags/example_complex.py for tasks to queue
[2023-09-13T19:24:28.599+0000] {logging_mixin.py:151} INFO - [2023-09-13T19:24:28.598+0000] {dagbag.py:539} INFO - Filling up the DagBag from /home/airflow/.local/lib/python3.8/site-packages/airflow/example_dags/example_complex.py
[2023-09-13T19:24:28.609+0000] {processor.py:839} INFO - DAG(s) dict_keys(['example_complex']) retrieved from /home/airflow/.local/lib/python3.8/site-packages/airflow/example_dags/example_complex.py
[2023-09-13T19:24:28.639+0000] {logging_mixin.py:151} INFO - [2023-09-13T19:24:28.639+0000] {dag.py:2915} INFO - Sync 1 DAGs
[2023-09-13T19:24:28.651+0000] {logging_mixin.py:151} INFO - [2023-09-13T19:24:28.651+0000] {dag.py:3696} INFO - Setting next_dagrun for example_complex to None, run_after=None
[2023-09-13T19:24:28.666+0000] {processor.py:179} INFO - Processing /home/airflow/.local/lib/python3.8/site-packages/airflow/example_dags/example_complex.py took 0.077 seconds
[2023-09-13T19:24:58.886+0000] {processor.py:157} INFO - Started process (PID=1020) to work on /home/airflow/.local/lib/python3.8/site-packages/airflow/example_dags/example_complex.py
[2023-09-13T19:24:58.889+0000] {processor.py:829} INFO - Processing file /home/airflow/.local/lib/python3.8/site-packages/airflow/example_dags/example_complex.py for tasks to queue
[2023-09-13T19:24:58.892+0000] {logging_mixin.py:151} INFO - [2023-09-13T19:24:58.892+0000] {dagbag.py:539} INFO - Filling up the DagBag from /home/airflow/.local/lib/python3.8/site-packages/airflow/example_dags/example_complex.py
[2023-09-13T19:24:58.903+0000] {processor.py:839} INFO - DAG(s) dict_keys(['example_complex']) retrieved from /home/airflow/.local/lib/python3.8/site-packages/airflow/example_dags/example_complex.py
[2023-09-13T19:24:58.946+0000] {logging_mixin.py:151} INFO - [2023-09-13T19:24:58.946+0000] {dag.py:2915} INFO - Sync 1 DAGs
[2023-09-13T19:24:58.965+0000] {logging_mixin.py:151} INFO - [2023-09-13T19:24:58.965+0000] {dag.py:3696} INFO - Setting next_dagrun for example_complex to None, run_after=None
[2023-09-13T19:24:58.984+0000] {processor.py:179} INFO - Processing /home/airflow/.local/lib/python3.8/site-packages/airflow/example_dags/example_complex.py took 0.102 seconds
[2023-09-13T19:25:29.123+0000] {processor.py:157} INFO - Started process (PID=1073) to work on /home/airflow/.local/lib/python3.8/site-packages/airflow/example_dags/example_complex.py
[2023-09-13T19:25:29.125+0000] {processor.py:829} INFO - Processing file /home/airflow/.local/lib/python3.8/site-packages/airflow/example_dags/example_complex.py for tasks to queue
[2023-09-13T19:25:29.127+0000] {logging_mixin.py:151} INFO - [2023-09-13T19:25:29.127+0000] {dagbag.py:539} INFO - Filling up the DagBag from /home/airflow/.local/lib/python3.8/site-packages/airflow/example_dags/example_complex.py
[2023-09-13T19:25:29.137+0000] {processor.py:839} INFO - DAG(s) dict_keys(['example_complex']) retrieved from /home/airflow/.local/lib/python3.8/site-packages/airflow/example_dags/example_complex.py
[2023-09-13T19:25:29.165+0000] {logging_mixin.py:151} INFO - [2023-09-13T19:25:29.165+0000] {dag.py:2915} INFO - Sync 1 DAGs
[2023-09-13T19:25:29.175+0000] {logging_mixin.py:151} INFO - [2023-09-13T19:25:29.175+0000] {dag.py:3696} INFO - Setting next_dagrun for example_complex to None, run_after=None
[2023-09-13T19:25:29.188+0000] {processor.py:179} INFO - Processing /home/airflow/.local/lib/python3.8/site-packages/airflow/example_dags/example_complex.py took 0.069 seconds
[2023-09-13T19:26:00.054+0000] {processor.py:157} INFO - Started process (PID=1128) to work on /home/airflow/.local/lib/python3.8/site-packages/airflow/example_dags/example_complex.py
[2023-09-13T19:26:00.056+0000] {processor.py:829} INFO - Processing file /home/airflow/.local/lib/python3.8/site-packages/airflow/example_dags/example_complex.py for tasks to queue
[2023-09-13T19:26:00.059+0000] {logging_mixin.py:151} INFO - [2023-09-13T19:26:00.059+0000] {dagbag.py:539} INFO - Filling up the DagBag from /home/airflow/.local/lib/python3.8/site-packages/airflow/example_dags/example_complex.py
[2023-09-13T19:26:00.070+0000] {processor.py:839} INFO - DAG(s) dict_keys(['example_complex']) retrieved from /home/airflow/.local/lib/python3.8/site-packages/airflow/example_dags/example_complex.py
[2023-09-13T19:26:00.098+0000] {logging_mixin.py:151} INFO - [2023-09-13T19:26:00.098+0000] {dag.py:2915} INFO - Sync 1 DAGs
[2023-09-13T19:26:00.107+0000] {logging_mixin.py:151} INFO - [2023-09-13T19:26:00.107+0000] {dag.py:3696} INFO - Setting next_dagrun for example_complex to None, run_after=None
[2023-09-13T19:26:00.120+0000] {processor.py:179} INFO - Processing /home/airflow/.local/lib/python3.8/site-packages/airflow/example_dags/example_complex.py took 0.072 seconds
[2023-09-13T19:26:30.328+0000] {processor.py:157} INFO - Started process (PID=1184) to work on /home/airflow/.local/lib/python3.8/site-packages/airflow/example_dags/example_complex.py
[2023-09-13T19:26:30.331+0000] {processor.py:829} INFO - Processing file /home/airflow/.local/lib/python3.8/site-packages/airflow/example_dags/example_complex.py for tasks to queue
[2023-09-13T19:26:30.334+0000] {logging_mixin.py:151} INFO - [2023-09-13T19:26:30.333+0000] {dagbag.py:539} INFO - Filling up the DagBag from /home/airflow/.local/lib/python3.8/site-packages/airflow/example_dags/example_complex.py
[2023-09-13T19:26:30.344+0000] {processor.py:839} INFO - DAG(s) dict_keys(['example_complex']) retrieved from /home/airflow/.local/lib/python3.8/site-packages/airflow/example_dags/example_complex.py
[2023-09-13T19:26:30.381+0000] {logging_mixin.py:151} INFO - [2023-09-13T19:26:30.381+0000] {dag.py:2915} INFO - Sync 1 DAGs
[2023-09-13T19:26:30.398+0000] {logging_mixin.py:151} INFO - [2023-09-13T19:26:30.398+0000] {dag.py:3696} INFO - Setting next_dagrun for example_complex to None, run_after=None
[2023-09-13T19:26:30.418+0000] {processor.py:179} INFO - Processing /home/airflow/.local/lib/python3.8/site-packages/airflow/example_dags/example_complex.py took 0.094 seconds
[2023-09-13T19:27:00.938+0000] {processor.py:157} INFO - Started process (PID=1247) to work on /home/airflow/.local/lib/python3.8/site-packages/airflow/example_dags/example_complex.py
[2023-09-13T19:27:00.941+0000] {processor.py:829} INFO - Processing file /home/airflow/.local/lib/python3.8/site-packages/airflow/example_dags/example_complex.py for tasks to queue
[2023-09-13T19:27:00.944+0000] {logging_mixin.py:151} INFO - [2023-09-13T19:27:00.943+0000] {dagbag.py:539} INFO - Filling up the DagBag from /home/airflow/.local/lib/python3.8/site-packages/airflow/example_dags/example_complex.py
[2023-09-13T19:27:00.954+0000] {processor.py:839} INFO - DAG(s) dict_keys(['example_complex']) retrieved from /home/airflow/.local/lib/python3.8/site-packages/airflow/example_dags/example_complex.py
[2023-09-13T19:27:00.982+0000] {logging_mixin.py:151} INFO - [2023-09-13T19:27:00.982+0000] {dag.py:2915} INFO - Sync 1 DAGs
[2023-09-13T19:27:00.992+0000] {logging_mixin.py:151} INFO - [2023-09-13T19:27:00.991+0000] {dag.py:3696} INFO - Setting next_dagrun for example_complex to None, run_after=None
[2023-09-13T19:27:01.005+0000] {processor.py:179} INFO - Processing /home/airflow/.local/lib/python3.8/site-packages/airflow/example_dags/example_complex.py took 0.072 seconds
[2023-09-13T19:28:15.020+0000] {processor.py:157} INFO - Started process (PID=49) to work on /home/airflow/.local/lib/python3.8/site-packages/airflow/example_dags/example_complex.py
[2023-09-13T19:28:15.024+0000] {processor.py:829} INFO - Processing file /home/airflow/.local/lib/python3.8/site-packages/airflow/example_dags/example_complex.py for tasks to queue
[2023-09-13T19:28:15.031+0000] {logging_mixin.py:151} INFO - [2023-09-13T19:28:15.030+0000] {dagbag.py:539} INFO - Filling up the DagBag from /home/airflow/.local/lib/python3.8/site-packages/airflow/example_dags/example_complex.py
[2023-09-13T19:28:15.063+0000] {processor.py:839} INFO - DAG(s) dict_keys(['example_complex']) retrieved from /home/airflow/.local/lib/python3.8/site-packages/airflow/example_dags/example_complex.py
[2023-09-13T19:28:15.097+0000] {logging_mixin.py:151} INFO - [2023-09-13T19:28:15.097+0000] {dag.py:2915} INFO - Sync 1 DAGs
[2023-09-13T19:28:15.116+0000] {logging_mixin.py:151} INFO - [2023-09-13T19:28:15.116+0000] {dag.py:3696} INFO - Setting next_dagrun for example_complex to None, run_after=None
[2023-09-13T19:28:15.150+0000] {processor.py:179} INFO - Processing /home/airflow/.local/lib/python3.8/site-packages/airflow/example_dags/example_complex.py took 0.149 seconds
[2023-09-13T19:28:45.574+0000] {processor.py:157} INFO - Started process (PID=104) to work on /home/airflow/.local/lib/python3.8/site-packages/airflow/example_dags/example_complex.py
[2023-09-13T19:28:45.575+0000] {processor.py:829} INFO - Processing file /home/airflow/.local/lib/python3.8/site-packages/airflow/example_dags/example_complex.py for tasks to queue
[2023-09-13T19:28:45.578+0000] {logging_mixin.py:151} INFO - [2023-09-13T19:28:45.577+0000] {dagbag.py:539} INFO - Filling up the DagBag from /home/airflow/.local/lib/python3.8/site-packages/airflow/example_dags/example_complex.py
[2023-09-13T19:28:45.587+0000] {processor.py:839} INFO - DAG(s) dict_keys(['example_complex']) retrieved from /home/airflow/.local/lib/python3.8/site-packages/airflow/example_dags/example_complex.py
[2023-09-13T19:28:45.614+0000] {logging_mixin.py:151} INFO - [2023-09-13T19:28:45.614+0000] {dag.py:2915} INFO - Sync 1 DAGs
[2023-09-13T19:28:45.623+0000] {logging_mixin.py:151} INFO - [2023-09-13T19:28:45.623+0000] {dag.py:3696} INFO - Setting next_dagrun for example_complex to None, run_after=None
[2023-09-13T19:28:45.636+0000] {processor.py:179} INFO - Processing /home/airflow/.local/lib/python3.8/site-packages/airflow/example_dags/example_complex.py took 0.065 seconds
[2023-09-13T19:29:15.978+0000] {processor.py:157} INFO - Started process (PID=159) to work on /home/airflow/.local/lib/python3.8/site-packages/airflow/example_dags/example_complex.py
[2023-09-13T19:29:15.980+0000] {processor.py:829} INFO - Processing file /home/airflow/.local/lib/python3.8/site-packages/airflow/example_dags/example_complex.py for tasks to queue
[2023-09-13T19:29:15.983+0000] {logging_mixin.py:151} INFO - [2023-09-13T19:29:15.983+0000] {dagbag.py:539} INFO - Filling up the DagBag from /home/airflow/.local/lib/python3.8/site-packages/airflow/example_dags/example_complex.py
[2023-09-13T19:29:15.995+0000] {processor.py:839} INFO - DAG(s) dict_keys(['example_complex']) retrieved from /home/airflow/.local/lib/python3.8/site-packages/airflow/example_dags/example_complex.py
[2023-09-13T19:29:16.024+0000] {logging_mixin.py:151} INFO - [2023-09-13T19:29:16.024+0000] {dag.py:2915} INFO - Sync 1 DAGs
[2023-09-13T19:29:16.035+0000] {logging_mixin.py:151} INFO - [2023-09-13T19:29:16.035+0000] {dag.py:3696} INFO - Setting next_dagrun for example_complex to None, run_after=None
[2023-09-13T19:29:16.048+0000] {processor.py:179} INFO - Processing /home/airflow/.local/lib/python3.8/site-packages/airflow/example_dags/example_complex.py took 0.074 seconds
[2023-09-13T19:29:46.377+0000] {processor.py:157} INFO - Started process (PID=213) to work on /home/airflow/.local/lib/python3.8/site-packages/airflow/example_dags/example_complex.py
[2023-09-13T19:29:46.378+0000] {processor.py:829} INFO - Processing file /home/airflow/.local/lib/python3.8/site-packages/airflow/example_dags/example_complex.py for tasks to queue
[2023-09-13T19:29:46.380+0000] {logging_mixin.py:151} INFO - [2023-09-13T19:29:46.380+0000] {dagbag.py:539} INFO - Filling up the DagBag from /home/airflow/.local/lib/python3.8/site-packages/airflow/example_dags/example_complex.py
[2023-09-13T19:29:46.391+0000] {processor.py:839} INFO - DAG(s) dict_keys(['example_complex']) retrieved from /home/airflow/.local/lib/python3.8/site-packages/airflow/example_dags/example_complex.py
[2023-09-13T19:29:46.417+0000] {logging_mixin.py:151} INFO - [2023-09-13T19:29:46.417+0000] {dag.py:2915} INFO - Sync 1 DAGs
[2023-09-13T19:29:46.427+0000] {logging_mixin.py:151} INFO - [2023-09-13T19:29:46.427+0000] {dag.py:3696} INFO - Setting next_dagrun for example_complex to None, run_after=None
[2023-09-13T19:29:46.444+0000] {processor.py:179} INFO - Processing /home/airflow/.local/lib/python3.8/site-packages/airflow/example_dags/example_complex.py took 0.071 seconds
[2023-09-13T19:30:16.531+0000] {processor.py:157} INFO - Started process (PID=267) to work on /home/airflow/.local/lib/python3.8/site-packages/airflow/example_dags/example_complex.py
[2023-09-13T19:30:16.533+0000] {processor.py:829} INFO - Processing file /home/airflow/.local/lib/python3.8/site-packages/airflow/example_dags/example_complex.py for tasks to queue
[2023-09-13T19:30:16.536+0000] {logging_mixin.py:151} INFO - [2023-09-13T19:30:16.536+0000] {dagbag.py:539} INFO - Filling up the DagBag from /home/airflow/.local/lib/python3.8/site-packages/airflow/example_dags/example_complex.py
[2023-09-13T19:30:16.547+0000] {processor.py:839} INFO - DAG(s) dict_keys(['example_complex']) retrieved from /home/airflow/.local/lib/python3.8/site-packages/airflow/example_dags/example_complex.py
[2023-09-13T19:30:16.578+0000] {logging_mixin.py:151} INFO - [2023-09-13T19:30:16.578+0000] {dag.py:2915} INFO - Sync 1 DAGs
[2023-09-13T19:30:16.589+0000] {logging_mixin.py:151} INFO - [2023-09-13T19:30:16.589+0000] {dag.py:3696} INFO - Setting next_dagrun for example_complex to None, run_after=None
[2023-09-13T19:30:16.604+0000] {processor.py:179} INFO - Processing /home/airflow/.local/lib/python3.8/site-packages/airflow/example_dags/example_complex.py took 0.076 seconds
[2023-09-13T19:31:30.606+0000] {processor.py:157} INFO - Started process (PID=50) to work on /home/airflow/.local/lib/python3.8/site-packages/airflow/example_dags/example_complex.py
[2023-09-13T19:31:30.608+0000] {processor.py:829} INFO - Processing file /home/airflow/.local/lib/python3.8/site-packages/airflow/example_dags/example_complex.py for tasks to queue
[2023-09-13T19:31:30.612+0000] {logging_mixin.py:151} INFO - [2023-09-13T19:31:30.611+0000] {dagbag.py:539} INFO - Filling up the DagBag from /home/airflow/.local/lib/python3.8/site-packages/airflow/example_dags/example_complex.py
[2023-09-13T19:31:30.629+0000] {processor.py:839} INFO - DAG(s) dict_keys(['example_complex']) retrieved from /home/airflow/.local/lib/python3.8/site-packages/airflow/example_dags/example_complex.py
[2023-09-13T19:31:30.663+0000] {logging_mixin.py:151} INFO - [2023-09-13T19:31:30.663+0000] {dag.py:2915} INFO - Sync 1 DAGs
[2023-09-13T19:31:30.698+0000] {logging_mixin.py:151} INFO - [2023-09-13T19:31:30.697+0000] {dag.py:3696} INFO - Setting next_dagrun for example_complex to None, run_after=None
[2023-09-13T19:31:30.733+0000] {processor.py:179} INFO - Processing /home/airflow/.local/lib/python3.8/site-packages/airflow/example_dags/example_complex.py took 0.131 seconds
[2023-09-13T19:32:01.052+0000] {processor.py:157} INFO - Started process (PID=105) to work on /home/airflow/.local/lib/python3.8/site-packages/airflow/example_dags/example_complex.py
[2023-09-13T19:32:01.054+0000] {processor.py:829} INFO - Processing file /home/airflow/.local/lib/python3.8/site-packages/airflow/example_dags/example_complex.py for tasks to queue
[2023-09-13T19:32:01.056+0000] {logging_mixin.py:151} INFO - [2023-09-13T19:32:01.056+0000] {dagbag.py:539} INFO - Filling up the DagBag from /home/airflow/.local/lib/python3.8/site-packages/airflow/example_dags/example_complex.py
[2023-09-13T19:32:01.068+0000] {processor.py:839} INFO - DAG(s) dict_keys(['example_complex']) retrieved from /home/airflow/.local/lib/python3.8/site-packages/airflow/example_dags/example_complex.py
[2023-09-13T19:32:01.108+0000] {logging_mixin.py:151} INFO - [2023-09-13T19:32:01.108+0000] {dag.py:2915} INFO - Sync 1 DAGs
[2023-09-13T19:32:01.132+0000] {logging_mixin.py:151} INFO - [2023-09-13T19:32:01.131+0000] {dag.py:3696} INFO - Setting next_dagrun for example_complex to None, run_after=None
[2023-09-13T19:32:01.156+0000] {processor.py:179} INFO - Processing /home/airflow/.local/lib/python3.8/site-packages/airflow/example_dags/example_complex.py took 0.108 seconds
[2023-09-13T19:32:31.448+0000] {processor.py:157} INFO - Started process (PID=159) to work on /home/airflow/.local/lib/python3.8/site-packages/airflow/example_dags/example_complex.py
[2023-09-13T19:32:31.449+0000] {processor.py:829} INFO - Processing file /home/airflow/.local/lib/python3.8/site-packages/airflow/example_dags/example_complex.py for tasks to queue
[2023-09-13T19:32:31.452+0000] {logging_mixin.py:151} INFO - [2023-09-13T19:32:31.451+0000] {dagbag.py:539} INFO - Filling up the DagBag from /home/airflow/.local/lib/python3.8/site-packages/airflow/example_dags/example_complex.py
[2023-09-13T19:32:31.461+0000] {processor.py:839} INFO - DAG(s) dict_keys(['example_complex']) retrieved from /home/airflow/.local/lib/python3.8/site-packages/airflow/example_dags/example_complex.py
[2023-09-13T19:32:31.491+0000] {logging_mixin.py:151} INFO - [2023-09-13T19:32:31.491+0000] {dag.py:2915} INFO - Sync 1 DAGs
[2023-09-13T19:32:31.503+0000] {logging_mixin.py:151} INFO - [2023-09-13T19:32:31.503+0000] {dag.py:3696} INFO - Setting next_dagrun for example_complex to None, run_after=None
[2023-09-13T19:32:31.516+0000] {processor.py:179} INFO - Processing /home/airflow/.local/lib/python3.8/site-packages/airflow/example_dags/example_complex.py took 0.072 seconds
[2023-09-13T19:33:01.599+0000] {processor.py:157} INFO - Started process (PID=214) to work on /home/airflow/.local/lib/python3.8/site-packages/airflow/example_dags/example_complex.py
[2023-09-13T19:33:01.600+0000] {processor.py:829} INFO - Processing file /home/airflow/.local/lib/python3.8/site-packages/airflow/example_dags/example_complex.py for tasks to queue
[2023-09-13T19:33:01.603+0000] {logging_mixin.py:151} INFO - [2023-09-13T19:33:01.602+0000] {dagbag.py:539} INFO - Filling up the DagBag from /home/airflow/.local/lib/python3.8/site-packages/airflow/example_dags/example_complex.py
[2023-09-13T19:33:01.612+0000] {processor.py:839} INFO - DAG(s) dict_keys(['example_complex']) retrieved from /home/airflow/.local/lib/python3.8/site-packages/airflow/example_dags/example_complex.py
[2023-09-13T19:33:01.639+0000] {logging_mixin.py:151} INFO - [2023-09-13T19:33:01.639+0000] {dag.py:2915} INFO - Sync 1 DAGs
[2023-09-13T19:33:01.649+0000] {logging_mixin.py:151} INFO - [2023-09-13T19:33:01.648+0000] {dag.py:3696} INFO - Setting next_dagrun for example_complex to None, run_after=None
[2023-09-13T19:33:01.662+0000] {processor.py:179} INFO - Processing /home/airflow/.local/lib/python3.8/site-packages/airflow/example_dags/example_complex.py took 0.067 seconds
[2023-09-13T19:33:31.818+0000] {processor.py:157} INFO - Started process (PID=269) to work on /home/airflow/.local/lib/python3.8/site-packages/airflow/example_dags/example_complex.py
[2023-09-13T19:33:31.820+0000] {processor.py:829} INFO - Processing file /home/airflow/.local/lib/python3.8/site-packages/airflow/example_dags/example_complex.py for tasks to queue
[2023-09-13T19:33:31.823+0000] {logging_mixin.py:151} INFO - [2023-09-13T19:33:31.823+0000] {dagbag.py:539} INFO - Filling up the DagBag from /home/airflow/.local/lib/python3.8/site-packages/airflow/example_dags/example_complex.py
[2023-09-13T19:33:31.842+0000] {processor.py:839} INFO - DAG(s) dict_keys(['example_complex']) retrieved from /home/airflow/.local/lib/python3.8/site-packages/airflow/example_dags/example_complex.py
[2023-09-13T19:33:31.895+0000] {logging_mixin.py:151} INFO - [2023-09-13T19:33:31.894+0000] {dag.py:2915} INFO - Sync 1 DAGs
[2023-09-13T19:33:31.922+0000] {logging_mixin.py:151} INFO - [2023-09-13T19:33:31.922+0000] {dag.py:3696} INFO - Setting next_dagrun for example_complex to None, run_after=None
[2023-09-13T19:33:32.012+0000] {processor.py:179} INFO - Processing /home/airflow/.local/lib/python3.8/site-packages/airflow/example_dags/example_complex.py took 0.200 seconds
[2023-09-13T19:34:02.501+0000] {processor.py:157} INFO - Started process (PID=324) to work on /home/airflow/.local/lib/python3.8/site-packages/airflow/example_dags/example_complex.py
[2023-09-13T19:34:02.502+0000] {processor.py:829} INFO - Processing file /home/airflow/.local/lib/python3.8/site-packages/airflow/example_dags/example_complex.py for tasks to queue
[2023-09-13T19:34:02.504+0000] {logging_mixin.py:151} INFO - [2023-09-13T19:34:02.504+0000] {dagbag.py:539} INFO - Filling up the DagBag from /home/airflow/.local/lib/python3.8/site-packages/airflow/example_dags/example_complex.py
[2023-09-13T19:34:02.514+0000] {processor.py:839} INFO - DAG(s) dict_keys(['example_complex']) retrieved from /home/airflow/.local/lib/python3.8/site-packages/airflow/example_dags/example_complex.py
[2023-09-13T19:34:02.541+0000] {logging_mixin.py:151} INFO - [2023-09-13T19:34:02.541+0000] {dag.py:2915} INFO - Sync 1 DAGs
[2023-09-13T19:34:02.550+0000] {logging_mixin.py:151} INFO - [2023-09-13T19:34:02.550+0000] {dag.py:3696} INFO - Setting next_dagrun for example_complex to None, run_after=None
[2023-09-13T19:34:02.562+0000] {processor.py:179} INFO - Processing /home/airflow/.local/lib/python3.8/site-packages/airflow/example_dags/example_complex.py took 0.065 seconds
