[2023-09-13T19:15:51.443+0000] {processor.py:157} INFO - Started process (PID=52) to work on /home/airflow/.local/lib/python3.8/site-packages/airflow/example_dags/example_short_circuit_operator.py
[2023-09-13T19:15:51.445+0000] {processor.py:829} INFO - Processing file /home/airflow/.local/lib/python3.8/site-packages/airflow/example_dags/example_short_circuit_operator.py for tasks to queue
[2023-09-13T19:15:51.449+0000] {logging_mixin.py:151} INFO - [2023-09-13T19:15:51.448+0000] {dagbag.py:539} INFO - Filling up the DagBag from /home/airflow/.local/lib/python3.8/site-packages/airflow/example_dags/example_short_circuit_operator.py
[2023-09-13T19:15:51.461+0000] {processor.py:839} INFO - DAG(s) dict_keys(['example_short_circuit_operator']) retrieved from /home/airflow/.local/lib/python3.8/site-packages/airflow/example_dags/example_short_circuit_operator.py
[2023-09-13T19:15:51.623+0000] {logging_mixin.py:151} INFO - [2023-09-13T19:15:51.623+0000] {manager.py:499} INFO - Created Permission View: %s
[2023-09-13T19:15:51.633+0000] {logging_mixin.py:151} INFO - [2023-09-13T19:15:51.633+0000] {manager.py:499} INFO - Created Permission View: %s
[2023-09-13T19:15:51.638+0000] {logging_mixin.py:151} INFO - [2023-09-13T19:15:51.638+0000] {manager.py:499} INFO - Created Permission View: %s
[2023-09-13T19:15:51.639+0000] {logging_mixin.py:151} INFO - [2023-09-13T19:15:51.639+0000] {security.py:708} INFO - Not syncing DAG-level permissions for DAG 'DAG:example_short_circuit_operator' as access control is unset.
[2023-09-13T19:15:51.640+0000] {logging_mixin.py:151} INFO - [2023-09-13T19:15:51.640+0000] {dag.py:2915} INFO - Sync 1 DAGs
[2023-09-13T19:15:51.651+0000] {logging_mixin.py:151} INFO - [2023-09-13T19:15:51.651+0000] {dag.py:2937} INFO - Creating ORM DAG for example_short_circuit_operator
[2023-09-13T19:15:51.662+0000] {logging_mixin.py:151} INFO - [2023-09-13T19:15:51.662+0000] {dag.py:3696} INFO - Setting next_dagrun for example_short_circuit_operator to 2023-09-12T19:15:51.661676+00:00, run_after=2023-09-13T19:15:51.661676+00:00
[2023-09-13T19:15:51.678+0000] {processor.py:179} INFO - Processing /home/airflow/.local/lib/python3.8/site-packages/airflow/example_dags/example_short_circuit_operator.py took 0.239 seconds
[2023-09-13T19:16:22.377+0000] {processor.py:157} INFO - Started process (PID=106) to work on /home/airflow/.local/lib/python3.8/site-packages/airflow/example_dags/example_short_circuit_operator.py
[2023-09-13T19:16:22.378+0000] {processor.py:829} INFO - Processing file /home/airflow/.local/lib/python3.8/site-packages/airflow/example_dags/example_short_circuit_operator.py for tasks to queue
[2023-09-13T19:16:22.381+0000] {logging_mixin.py:151} INFO - [2023-09-13T19:16:22.381+0000] {dagbag.py:539} INFO - Filling up the DagBag from /home/airflow/.local/lib/python3.8/site-packages/airflow/example_dags/example_short_circuit_operator.py
[2023-09-13T19:16:22.389+0000] {processor.py:839} INFO - DAG(s) dict_keys(['example_short_circuit_operator']) retrieved from /home/airflow/.local/lib/python3.8/site-packages/airflow/example_dags/example_short_circuit_operator.py
[2023-09-13T19:16:22.415+0000] {logging_mixin.py:151} INFO - [2023-09-13T19:16:22.414+0000] {dag.py:2915} INFO - Sync 1 DAGs
[2023-09-13T19:16:22.434+0000] {logging_mixin.py:151} INFO - [2023-09-13T19:16:22.434+0000] {dag.py:3696} INFO - Setting next_dagrun for example_short_circuit_operator to 2023-09-12T19:16:22.434142+00:00, run_after=2023-09-13T19:16:22.434142+00:00
[2023-09-13T19:16:22.449+0000] {processor.py:179} INFO - Processing /home/airflow/.local/lib/python3.8/site-packages/airflow/example_dags/example_short_circuit_operator.py took 0.076 seconds
[2023-09-13T19:16:52.631+0000] {processor.py:157} INFO - Started process (PID=159) to work on /home/airflow/.local/lib/python3.8/site-packages/airflow/example_dags/example_short_circuit_operator.py
[2023-09-13T19:16:52.633+0000] {processor.py:829} INFO - Processing file /home/airflow/.local/lib/python3.8/site-packages/airflow/example_dags/example_short_circuit_operator.py for tasks to queue
[2023-09-13T19:16:52.635+0000] {logging_mixin.py:151} INFO - [2023-09-13T19:16:52.635+0000] {dagbag.py:539} INFO - Filling up the DagBag from /home/airflow/.local/lib/python3.8/site-packages/airflow/example_dags/example_short_circuit_operator.py
[2023-09-13T19:16:52.643+0000] {processor.py:839} INFO - DAG(s) dict_keys(['example_short_circuit_operator']) retrieved from /home/airflow/.local/lib/python3.8/site-packages/airflow/example_dags/example_short_circuit_operator.py
[2023-09-13T19:16:52.668+0000] {logging_mixin.py:151} INFO - [2023-09-13T19:16:52.668+0000] {dag.py:2915} INFO - Sync 1 DAGs
[2023-09-13T19:16:52.686+0000] {logging_mixin.py:151} INFO - [2023-09-13T19:16:52.686+0000] {dag.py:3696} INFO - Setting next_dagrun for example_short_circuit_operator to 2023-09-12T19:16:52.686114+00:00, run_after=2023-09-13T19:16:52.686114+00:00
[2023-09-13T19:16:52.698+0000] {processor.py:179} INFO - Processing /home/airflow/.local/lib/python3.8/site-packages/airflow/example_dags/example_short_circuit_operator.py took 0.071 seconds
[2023-09-13T19:17:23.087+0000] {processor.py:157} INFO - Started process (PID=213) to work on /home/airflow/.local/lib/python3.8/site-packages/airflow/example_dags/example_short_circuit_operator.py
[2023-09-13T19:17:23.089+0000] {processor.py:829} INFO - Processing file /home/airflow/.local/lib/python3.8/site-packages/airflow/example_dags/example_short_circuit_operator.py for tasks to queue
[2023-09-13T19:17:23.094+0000] {logging_mixin.py:151} INFO - [2023-09-13T19:17:23.094+0000] {dagbag.py:539} INFO - Filling up the DagBag from /home/airflow/.local/lib/python3.8/site-packages/airflow/example_dags/example_short_circuit_operator.py
[2023-09-13T19:17:23.104+0000] {processor.py:839} INFO - DAG(s) dict_keys(['example_short_circuit_operator']) retrieved from /home/airflow/.local/lib/python3.8/site-packages/airflow/example_dags/example_short_circuit_operator.py
[2023-09-13T19:17:23.136+0000] {logging_mixin.py:151} INFO - [2023-09-13T19:17:23.136+0000] {dag.py:2915} INFO - Sync 1 DAGs
[2023-09-13T19:17:23.155+0000] {logging_mixin.py:151} INFO - [2023-09-13T19:17:23.155+0000] {dag.py:3696} INFO - Setting next_dagrun for example_short_circuit_operator to 2023-09-12T19:17:23.155380+00:00, run_after=2023-09-13T19:17:23.155380+00:00
[2023-09-13T19:17:23.169+0000] {processor.py:179} INFO - Processing /home/airflow/.local/lib/python3.8/site-packages/airflow/example_dags/example_short_circuit_operator.py took 0.085 seconds
[2023-09-13T19:17:53.363+0000] {processor.py:157} INFO - Started process (PID=267) to work on /home/airflow/.local/lib/python3.8/site-packages/airflow/example_dags/example_short_circuit_operator.py
[2023-09-13T19:17:53.364+0000] {processor.py:829} INFO - Processing file /home/airflow/.local/lib/python3.8/site-packages/airflow/example_dags/example_short_circuit_operator.py for tasks to queue
[2023-09-13T19:17:53.367+0000] {logging_mixin.py:151} INFO - [2023-09-13T19:17:53.366+0000] {dagbag.py:539} INFO - Filling up the DagBag from /home/airflow/.local/lib/python3.8/site-packages/airflow/example_dags/example_short_circuit_operator.py
[2023-09-13T19:17:53.374+0000] {processor.py:839} INFO - DAG(s) dict_keys(['example_short_circuit_operator']) retrieved from /home/airflow/.local/lib/python3.8/site-packages/airflow/example_dags/example_short_circuit_operator.py
[2023-09-13T19:17:53.397+0000] {logging_mixin.py:151} INFO - [2023-09-13T19:17:53.397+0000] {dag.py:2915} INFO - Sync 1 DAGs
[2023-09-13T19:17:53.414+0000] {logging_mixin.py:151} INFO - [2023-09-13T19:17:53.414+0000] {dag.py:3696} INFO - Setting next_dagrun for example_short_circuit_operator to 2023-09-12T19:17:53.413919+00:00, run_after=2023-09-13T19:17:53.413919+00:00
[2023-09-13T19:17:53.426+0000] {processor.py:179} INFO - Processing /home/airflow/.local/lib/python3.8/site-packages/airflow/example_dags/example_short_circuit_operator.py took 0.067 seconds
[2023-09-13T19:18:23.565+0000] {processor.py:157} INFO - Started process (PID=321) to work on /home/airflow/.local/lib/python3.8/site-packages/airflow/example_dags/example_short_circuit_operator.py
[2023-09-13T19:18:23.566+0000] {processor.py:829} INFO - Processing file /home/airflow/.local/lib/python3.8/site-packages/airflow/example_dags/example_short_circuit_operator.py for tasks to queue
[2023-09-13T19:18:23.569+0000] {logging_mixin.py:151} INFO - [2023-09-13T19:18:23.569+0000] {dagbag.py:539} INFO - Filling up the DagBag from /home/airflow/.local/lib/python3.8/site-packages/airflow/example_dags/example_short_circuit_operator.py
[2023-09-13T19:18:23.576+0000] {processor.py:839} INFO - DAG(s) dict_keys(['example_short_circuit_operator']) retrieved from /home/airflow/.local/lib/python3.8/site-packages/airflow/example_dags/example_short_circuit_operator.py
[2023-09-13T19:18:23.600+0000] {logging_mixin.py:151} INFO - [2023-09-13T19:18:23.600+0000] {dag.py:2915} INFO - Sync 1 DAGs
[2023-09-13T19:18:23.618+0000] {logging_mixin.py:151} INFO - [2023-09-13T19:18:23.618+0000] {dag.py:3696} INFO - Setting next_dagrun for example_short_circuit_operator to 2023-09-12T19:18:23.617929+00:00, run_after=2023-09-13T19:18:23.617929+00:00
[2023-09-13T19:18:23.633+0000] {processor.py:179} INFO - Processing /home/airflow/.local/lib/python3.8/site-packages/airflow/example_dags/example_short_circuit_operator.py took 0.072 seconds
[2023-09-13T19:18:53.884+0000] {processor.py:157} INFO - Started process (PID=375) to work on /home/airflow/.local/lib/python3.8/site-packages/airflow/example_dags/example_short_circuit_operator.py
[2023-09-13T19:18:53.885+0000] {processor.py:829} INFO - Processing file /home/airflow/.local/lib/python3.8/site-packages/airflow/example_dags/example_short_circuit_operator.py for tasks to queue
[2023-09-13T19:18:53.888+0000] {logging_mixin.py:151} INFO - [2023-09-13T19:18:53.887+0000] {dagbag.py:539} INFO - Filling up the DagBag from /home/airflow/.local/lib/python3.8/site-packages/airflow/example_dags/example_short_circuit_operator.py
[2023-09-13T19:18:53.895+0000] {processor.py:839} INFO - DAG(s) dict_keys(['example_short_circuit_operator']) retrieved from /home/airflow/.local/lib/python3.8/site-packages/airflow/example_dags/example_short_circuit_operator.py
[2023-09-13T19:18:53.927+0000] {logging_mixin.py:151} INFO - [2023-09-13T19:18:53.927+0000] {dag.py:2915} INFO - Sync 1 DAGs
[2023-09-13T19:18:53.955+0000] {logging_mixin.py:151} INFO - [2023-09-13T19:18:53.955+0000] {dag.py:3696} INFO - Setting next_dagrun for example_short_circuit_operator to 2023-09-12T19:18:53.955110+00:00, run_after=2023-09-13T19:18:53.955110+00:00
[2023-09-13T19:18:53.970+0000] {processor.py:179} INFO - Processing /home/airflow/.local/lib/python3.8/site-packages/airflow/example_dags/example_short_circuit_operator.py took 0.090 seconds
[2023-09-13T19:19:24.223+0000] {processor.py:157} INFO - Started process (PID=430) to work on /home/airflow/.local/lib/python3.8/site-packages/airflow/example_dags/example_short_circuit_operator.py
[2023-09-13T19:19:24.225+0000] {processor.py:829} INFO - Processing file /home/airflow/.local/lib/python3.8/site-packages/airflow/example_dags/example_short_circuit_operator.py for tasks to queue
[2023-09-13T19:19:24.227+0000] {logging_mixin.py:151} INFO - [2023-09-13T19:19:24.227+0000] {dagbag.py:539} INFO - Filling up the DagBag from /home/airflow/.local/lib/python3.8/site-packages/airflow/example_dags/example_short_circuit_operator.py
[2023-09-13T19:19:24.238+0000] {processor.py:839} INFO - DAG(s) dict_keys(['example_short_circuit_operator']) retrieved from /home/airflow/.local/lib/python3.8/site-packages/airflow/example_dags/example_short_circuit_operator.py
[2023-09-13T19:19:24.271+0000] {logging_mixin.py:151} INFO - [2023-09-13T19:19:24.270+0000] {dag.py:2915} INFO - Sync 1 DAGs
[2023-09-13T19:19:24.290+0000] {logging_mixin.py:151} INFO - [2023-09-13T19:19:24.290+0000] {dag.py:3696} INFO - Setting next_dagrun for example_short_circuit_operator to 2023-09-12T19:19:24.289955+00:00, run_after=2023-09-13T19:19:24.289955+00:00
[2023-09-13T19:19:24.305+0000] {processor.py:179} INFO - Processing /home/airflow/.local/lib/python3.8/site-packages/airflow/example_dags/example_short_circuit_operator.py took 0.085 seconds
[2023-09-13T19:19:54.403+0000] {processor.py:157} INFO - Started process (PID=484) to work on /home/airflow/.local/lib/python3.8/site-packages/airflow/example_dags/example_short_circuit_operator.py
[2023-09-13T19:19:54.405+0000] {processor.py:829} INFO - Processing file /home/airflow/.local/lib/python3.8/site-packages/airflow/example_dags/example_short_circuit_operator.py for tasks to queue
[2023-09-13T19:19:54.408+0000] {logging_mixin.py:151} INFO - [2023-09-13T19:19:54.407+0000] {dagbag.py:539} INFO - Filling up the DagBag from /home/airflow/.local/lib/python3.8/site-packages/airflow/example_dags/example_short_circuit_operator.py
[2023-09-13T19:19:54.415+0000] {processor.py:839} INFO - DAG(s) dict_keys(['example_short_circuit_operator']) retrieved from /home/airflow/.local/lib/python3.8/site-packages/airflow/example_dags/example_short_circuit_operator.py
[2023-09-13T19:19:54.440+0000] {logging_mixin.py:151} INFO - [2023-09-13T19:19:54.440+0000] {dag.py:2915} INFO - Sync 1 DAGs
[2023-09-13T19:19:54.461+0000] {logging_mixin.py:151} INFO - [2023-09-13T19:19:54.460+0000] {dag.py:3696} INFO - Setting next_dagrun for example_short_circuit_operator to 2023-09-12T19:19:54.460521+00:00, run_after=2023-09-13T19:19:54.460521+00:00
[2023-09-13T19:19:54.475+0000] {processor.py:179} INFO - Processing /home/airflow/.local/lib/python3.8/site-packages/airflow/example_dags/example_short_circuit_operator.py took 0.075 seconds
[2023-09-13T19:20:24.607+0000] {processor.py:157} INFO - Started process (PID=537) to work on /home/airflow/.local/lib/python3.8/site-packages/airflow/example_dags/example_short_circuit_operator.py
[2023-09-13T19:20:24.610+0000] {processor.py:829} INFO - Processing file /home/airflow/.local/lib/python3.8/site-packages/airflow/example_dags/example_short_circuit_operator.py for tasks to queue
[2023-09-13T19:20:24.614+0000] {logging_mixin.py:151} INFO - [2023-09-13T19:20:24.613+0000] {dagbag.py:539} INFO - Filling up the DagBag from /home/airflow/.local/lib/python3.8/site-packages/airflow/example_dags/example_short_circuit_operator.py
[2023-09-13T19:20:24.636+0000] {processor.py:839} INFO - DAG(s) dict_keys(['example_short_circuit_operator']) retrieved from /home/airflow/.local/lib/python3.8/site-packages/airflow/example_dags/example_short_circuit_operator.py
[2023-09-13T19:20:24.674+0000] {logging_mixin.py:151} INFO - [2023-09-13T19:20:24.674+0000] {dag.py:2915} INFO - Sync 1 DAGs
[2023-09-13T19:20:24.704+0000] {logging_mixin.py:151} INFO - [2023-09-13T19:20:24.704+0000] {dag.py:3696} INFO - Setting next_dagrun for example_short_circuit_operator to 2023-09-12T19:20:24.704151+00:00, run_after=2023-09-13T19:20:24.704151+00:00
[2023-09-13T19:20:24.728+0000] {processor.py:179} INFO - Processing /home/airflow/.local/lib/python3.8/site-packages/airflow/example_dags/example_short_circuit_operator.py took 0.123 seconds
[2023-09-13T19:20:55.264+0000] {processor.py:157} INFO - Started process (PID=590) to work on /home/airflow/.local/lib/python3.8/site-packages/airflow/example_dags/example_short_circuit_operator.py
[2023-09-13T19:20:55.265+0000] {processor.py:829} INFO - Processing file /home/airflow/.local/lib/python3.8/site-packages/airflow/example_dags/example_short_circuit_operator.py for tasks to queue
[2023-09-13T19:20:55.269+0000] {logging_mixin.py:151} INFO - [2023-09-13T19:20:55.268+0000] {dagbag.py:539} INFO - Filling up the DagBag from /home/airflow/.local/lib/python3.8/site-packages/airflow/example_dags/example_short_circuit_operator.py
[2023-09-13T19:20:55.279+0000] {processor.py:839} INFO - DAG(s) dict_keys(['example_short_circuit_operator']) retrieved from /home/airflow/.local/lib/python3.8/site-packages/airflow/example_dags/example_short_circuit_operator.py
[2023-09-13T19:20:55.331+0000] {logging_mixin.py:151} INFO - [2023-09-13T19:20:55.331+0000] {dag.py:2915} INFO - Sync 1 DAGs
[2023-09-13T19:20:55.354+0000] {logging_mixin.py:151} INFO - [2023-09-13T19:20:55.353+0000] {dag.py:3696} INFO - Setting next_dagrun for example_short_circuit_operator to 2023-09-12T19:20:55.353545+00:00, run_after=2023-09-13T19:20:55.353545+00:00
[2023-09-13T19:20:55.370+0000] {processor.py:179} INFO - Processing /home/airflow/.local/lib/python3.8/site-packages/airflow/example_dags/example_short_circuit_operator.py took 0.111 seconds
[2023-09-13T19:21:26.349+0000] {processor.py:157} INFO - Started process (PID=645) to work on /home/airflow/.local/lib/python3.8/site-packages/airflow/example_dags/example_short_circuit_operator.py
[2023-09-13T19:21:26.350+0000] {processor.py:829} INFO - Processing file /home/airflow/.local/lib/python3.8/site-packages/airflow/example_dags/example_short_circuit_operator.py for tasks to queue
[2023-09-13T19:21:26.353+0000] {logging_mixin.py:151} INFO - [2023-09-13T19:21:26.353+0000] {dagbag.py:539} INFO - Filling up the DagBag from /home/airflow/.local/lib/python3.8/site-packages/airflow/example_dags/example_short_circuit_operator.py
[2023-09-13T19:21:26.361+0000] {processor.py:839} INFO - DAG(s) dict_keys(['example_short_circuit_operator']) retrieved from /home/airflow/.local/lib/python3.8/site-packages/airflow/example_dags/example_short_circuit_operator.py
[2023-09-13T19:21:26.387+0000] {logging_mixin.py:151} INFO - [2023-09-13T19:21:26.387+0000] {dag.py:2915} INFO - Sync 1 DAGs
[2023-09-13T19:21:26.409+0000] {logging_mixin.py:151} INFO - [2023-09-13T19:21:26.408+0000] {dag.py:3696} INFO - Setting next_dagrun for example_short_circuit_operator to 2023-09-12T19:21:26.408303+00:00, run_after=2023-09-13T19:21:26.408303+00:00
[2023-09-13T19:21:26.424+0000] {processor.py:179} INFO - Processing /home/airflow/.local/lib/python3.8/site-packages/airflow/example_dags/example_short_circuit_operator.py took 0.079 seconds
[2023-09-13T19:21:56.996+0000] {processor.py:157} INFO - Started process (PID=699) to work on /home/airflow/.local/lib/python3.8/site-packages/airflow/example_dags/example_short_circuit_operator.py
[2023-09-13T19:21:56.997+0000] {processor.py:829} INFO - Processing file /home/airflow/.local/lib/python3.8/site-packages/airflow/example_dags/example_short_circuit_operator.py for tasks to queue
[2023-09-13T19:21:57.000+0000] {logging_mixin.py:151} INFO - [2023-09-13T19:21:56.999+0000] {dagbag.py:539} INFO - Filling up the DagBag from /home/airflow/.local/lib/python3.8/site-packages/airflow/example_dags/example_short_circuit_operator.py
[2023-09-13T19:21:57.009+0000] {processor.py:839} INFO - DAG(s) dict_keys(['example_short_circuit_operator']) retrieved from /home/airflow/.local/lib/python3.8/site-packages/airflow/example_dags/example_short_circuit_operator.py
[2023-09-13T19:21:57.033+0000] {logging_mixin.py:151} INFO - [2023-09-13T19:21:57.033+0000] {dag.py:2915} INFO - Sync 1 DAGs
[2023-09-13T19:21:57.050+0000] {logging_mixin.py:151} INFO - [2023-09-13T19:21:57.050+0000] {dag.py:3696} INFO - Setting next_dagrun for example_short_circuit_operator to 2023-09-12T19:21:57.050147+00:00, run_after=2023-09-13T19:21:57.050147+00:00
[2023-09-13T19:21:57.064+0000] {processor.py:179} INFO - Processing /home/airflow/.local/lib/python3.8/site-packages/airflow/example_dags/example_short_circuit_operator.py took 0.072 seconds
[2023-09-13T19:22:27.825+0000] {processor.py:157} INFO - Started process (PID=753) to work on /home/airflow/.local/lib/python3.8/site-packages/airflow/example_dags/example_short_circuit_operator.py
[2023-09-13T19:22:27.826+0000] {processor.py:829} INFO - Processing file /home/airflow/.local/lib/python3.8/site-packages/airflow/example_dags/example_short_circuit_operator.py for tasks to queue
[2023-09-13T19:22:27.828+0000] {logging_mixin.py:151} INFO - [2023-09-13T19:22:27.828+0000] {dagbag.py:539} INFO - Filling up the DagBag from /home/airflow/.local/lib/python3.8/site-packages/airflow/example_dags/example_short_circuit_operator.py
[2023-09-13T19:22:27.836+0000] {processor.py:839} INFO - DAG(s) dict_keys(['example_short_circuit_operator']) retrieved from /home/airflow/.local/lib/python3.8/site-packages/airflow/example_dags/example_short_circuit_operator.py
[2023-09-13T19:22:27.860+0000] {logging_mixin.py:151} INFO - [2023-09-13T19:22:27.860+0000] {dag.py:2915} INFO - Sync 1 DAGs
[2023-09-13T19:22:27.878+0000] {logging_mixin.py:151} INFO - [2023-09-13T19:22:27.878+0000] {dag.py:3696} INFO - Setting next_dagrun for example_short_circuit_operator to 2023-09-12T19:22:27.878096+00:00, run_after=2023-09-13T19:22:27.878096+00:00
[2023-09-13T19:22:27.892+0000] {processor.py:179} INFO - Processing /home/airflow/.local/lib/python3.8/site-packages/airflow/example_dags/example_short_circuit_operator.py took 0.071 seconds
[2023-09-13T19:22:58.023+0000] {processor.py:157} INFO - Started process (PID=806) to work on /home/airflow/.local/lib/python3.8/site-packages/airflow/example_dags/example_short_circuit_operator.py
[2023-09-13T19:22:58.026+0000] {processor.py:829} INFO - Processing file /home/airflow/.local/lib/python3.8/site-packages/airflow/example_dags/example_short_circuit_operator.py for tasks to queue
[2023-09-13T19:22:58.028+0000] {logging_mixin.py:151} INFO - [2023-09-13T19:22:58.028+0000] {dagbag.py:539} INFO - Filling up the DagBag from /home/airflow/.local/lib/python3.8/site-packages/airflow/example_dags/example_short_circuit_operator.py
[2023-09-13T19:22:58.035+0000] {processor.py:839} INFO - DAG(s) dict_keys(['example_short_circuit_operator']) retrieved from /home/airflow/.local/lib/python3.8/site-packages/airflow/example_dags/example_short_circuit_operator.py
[2023-09-13T19:22:58.059+0000] {logging_mixin.py:151} INFO - [2023-09-13T19:22:58.058+0000] {dag.py:2915} INFO - Sync 1 DAGs
[2023-09-13T19:22:58.076+0000] {logging_mixin.py:151} INFO - [2023-09-13T19:22:58.075+0000] {dag.py:3696} INFO - Setting next_dagrun for example_short_circuit_operator to 2023-09-12T19:22:58.075681+00:00, run_after=2023-09-13T19:22:58.075681+00:00
[2023-09-13T19:22:58.089+0000] {processor.py:179} INFO - Processing /home/airflow/.local/lib/python3.8/site-packages/airflow/example_dags/example_short_circuit_operator.py took 0.069 seconds
[2023-09-13T19:23:28.294+0000] {processor.py:157} INFO - Started process (PID=860) to work on /home/airflow/.local/lib/python3.8/site-packages/airflow/example_dags/example_short_circuit_operator.py
[2023-09-13T19:23:28.296+0000] {processor.py:829} INFO - Processing file /home/airflow/.local/lib/python3.8/site-packages/airflow/example_dags/example_short_circuit_operator.py for tasks to queue
[2023-09-13T19:23:28.299+0000] {logging_mixin.py:151} INFO - [2023-09-13T19:23:28.298+0000] {dagbag.py:539} INFO - Filling up the DagBag from /home/airflow/.local/lib/python3.8/site-packages/airflow/example_dags/example_short_circuit_operator.py
[2023-09-13T19:23:28.306+0000] {processor.py:839} INFO - DAG(s) dict_keys(['example_short_circuit_operator']) retrieved from /home/airflow/.local/lib/python3.8/site-packages/airflow/example_dags/example_short_circuit_operator.py
[2023-09-13T19:23:28.330+0000] {logging_mixin.py:151} INFO - [2023-09-13T19:23:28.330+0000] {dag.py:2915} INFO - Sync 1 DAGs
[2023-09-13T19:23:28.348+0000] {logging_mixin.py:151} INFO - [2023-09-13T19:23:28.348+0000] {dag.py:3696} INFO - Setting next_dagrun for example_short_circuit_operator to 2023-09-12T19:23:28.348179+00:00, run_after=2023-09-13T19:23:28.348179+00:00
[2023-09-13T19:23:28.361+0000] {processor.py:179} INFO - Processing /home/airflow/.local/lib/python3.8/site-packages/airflow/example_dags/example_short_circuit_operator.py took 0.070 seconds
[2023-09-13T19:23:58.614+0000] {processor.py:157} INFO - Started process (PID=914) to work on /home/airflow/.local/lib/python3.8/site-packages/airflow/example_dags/example_short_circuit_operator.py
[2023-09-13T19:23:58.615+0000] {processor.py:829} INFO - Processing file /home/airflow/.local/lib/python3.8/site-packages/airflow/example_dags/example_short_circuit_operator.py for tasks to queue
[2023-09-13T19:23:58.618+0000] {logging_mixin.py:151} INFO - [2023-09-13T19:23:58.618+0000] {dagbag.py:539} INFO - Filling up the DagBag from /home/airflow/.local/lib/python3.8/site-packages/airflow/example_dags/example_short_circuit_operator.py
[2023-09-13T19:23:58.625+0000] {processor.py:839} INFO - DAG(s) dict_keys(['example_short_circuit_operator']) retrieved from /home/airflow/.local/lib/python3.8/site-packages/airflow/example_dags/example_short_circuit_operator.py
[2023-09-13T19:23:58.650+0000] {logging_mixin.py:151} INFO - [2023-09-13T19:23:58.650+0000] {dag.py:2915} INFO - Sync 1 DAGs
[2023-09-13T19:23:58.668+0000] {logging_mixin.py:151} INFO - [2023-09-13T19:23:58.668+0000] {dag.py:3696} INFO - Setting next_dagrun for example_short_circuit_operator to 2023-09-12T19:23:58.668174+00:00, run_after=2023-09-13T19:23:58.668174+00:00
[2023-09-13T19:23:58.682+0000] {processor.py:179} INFO - Processing /home/airflow/.local/lib/python3.8/site-packages/airflow/example_dags/example_short_circuit_operator.py took 0.071 seconds
[2023-09-13T19:24:28.710+0000] {processor.py:157} INFO - Started process (PID=967) to work on /home/airflow/.local/lib/python3.8/site-packages/airflow/example_dags/example_short_circuit_operator.py
[2023-09-13T19:24:28.712+0000] {processor.py:829} INFO - Processing file /home/airflow/.local/lib/python3.8/site-packages/airflow/example_dags/example_short_circuit_operator.py for tasks to queue
[2023-09-13T19:24:28.714+0000] {logging_mixin.py:151} INFO - [2023-09-13T19:24:28.714+0000] {dagbag.py:539} INFO - Filling up the DagBag from /home/airflow/.local/lib/python3.8/site-packages/airflow/example_dags/example_short_circuit_operator.py
[2023-09-13T19:24:28.721+0000] {processor.py:839} INFO - DAG(s) dict_keys(['example_short_circuit_operator']) retrieved from /home/airflow/.local/lib/python3.8/site-packages/airflow/example_dags/example_short_circuit_operator.py
[2023-09-13T19:24:28.743+0000] {logging_mixin.py:151} INFO - [2023-09-13T19:24:28.743+0000] {dag.py:2915} INFO - Sync 1 DAGs
[2023-09-13T19:24:28.759+0000] {logging_mixin.py:151} INFO - [2023-09-13T19:24:28.759+0000] {dag.py:3696} INFO - Setting next_dagrun for example_short_circuit_operator to 2023-09-12T19:24:28.759337+00:00, run_after=2023-09-13T19:24:28.759337+00:00
[2023-09-13T19:24:28.771+0000] {processor.py:179} INFO - Processing /home/airflow/.local/lib/python3.8/site-packages/airflow/example_dags/example_short_circuit_operator.py took 0.065 seconds
[2023-09-13T19:24:59.030+0000] {processor.py:157} INFO - Started process (PID=1022) to work on /home/airflow/.local/lib/python3.8/site-packages/airflow/example_dags/example_short_circuit_operator.py
[2023-09-13T19:24:59.032+0000] {processor.py:829} INFO - Processing file /home/airflow/.local/lib/python3.8/site-packages/airflow/example_dags/example_short_circuit_operator.py for tasks to queue
[2023-09-13T19:24:59.035+0000] {logging_mixin.py:151} INFO - [2023-09-13T19:24:59.034+0000] {dagbag.py:539} INFO - Filling up the DagBag from /home/airflow/.local/lib/python3.8/site-packages/airflow/example_dags/example_short_circuit_operator.py
[2023-09-13T19:24:59.043+0000] {processor.py:839} INFO - DAG(s) dict_keys(['example_short_circuit_operator']) retrieved from /home/airflow/.local/lib/python3.8/site-packages/airflow/example_dags/example_short_circuit_operator.py
[2023-09-13T19:24:59.093+0000] {logging_mixin.py:151} INFO - [2023-09-13T19:24:59.093+0000] {dag.py:2915} INFO - Sync 1 DAGs
[2023-09-13T19:24:59.128+0000] {logging_mixin.py:151} INFO - [2023-09-13T19:24:59.128+0000] {dag.py:3696} INFO - Setting next_dagrun for example_short_circuit_operator to 2023-09-12T19:24:59.128114+00:00, run_after=2023-09-13T19:24:59.128114+00:00
[2023-09-13T19:24:59.159+0000] {processor.py:179} INFO - Processing /home/airflow/.local/lib/python3.8/site-packages/airflow/example_dags/example_short_circuit_operator.py took 0.134 seconds
[2023-09-13T19:25:29.212+0000] {processor.py:157} INFO - Started process (PID=1075) to work on /home/airflow/.local/lib/python3.8/site-packages/airflow/example_dags/example_short_circuit_operator.py
[2023-09-13T19:25:29.213+0000] {processor.py:829} INFO - Processing file /home/airflow/.local/lib/python3.8/site-packages/airflow/example_dags/example_short_circuit_operator.py for tasks to queue
[2023-09-13T19:25:29.215+0000] {logging_mixin.py:151} INFO - [2023-09-13T19:25:29.215+0000] {dagbag.py:539} INFO - Filling up the DagBag from /home/airflow/.local/lib/python3.8/site-packages/airflow/example_dags/example_short_circuit_operator.py
[2023-09-13T19:25:29.223+0000] {processor.py:839} INFO - DAG(s) dict_keys(['example_short_circuit_operator']) retrieved from /home/airflow/.local/lib/python3.8/site-packages/airflow/example_dags/example_short_circuit_operator.py
[2023-09-13T19:25:29.246+0000] {logging_mixin.py:151} INFO - [2023-09-13T19:25:29.246+0000] {dag.py:2915} INFO - Sync 1 DAGs
[2023-09-13T19:25:29.263+0000] {logging_mixin.py:151} INFO - [2023-09-13T19:25:29.263+0000] {dag.py:3696} INFO - Setting next_dagrun for example_short_circuit_operator to 2023-09-12T19:25:29.263492+00:00, run_after=2023-09-13T19:25:29.263492+00:00
[2023-09-13T19:25:29.275+0000] {processor.py:179} INFO - Processing /home/airflow/.local/lib/python3.8/site-packages/airflow/example_dags/example_short_circuit_operator.py took 0.067 seconds
[2023-09-13T19:26:00.157+0000] {processor.py:157} INFO - Started process (PID=1131) to work on /home/airflow/.local/lib/python3.8/site-packages/airflow/example_dags/example_short_circuit_operator.py
[2023-09-13T19:26:00.159+0000] {processor.py:829} INFO - Processing file /home/airflow/.local/lib/python3.8/site-packages/airflow/example_dags/example_short_circuit_operator.py for tasks to queue
[2023-09-13T19:26:00.161+0000] {logging_mixin.py:151} INFO - [2023-09-13T19:26:00.161+0000] {dagbag.py:539} INFO - Filling up the DagBag from /home/airflow/.local/lib/python3.8/site-packages/airflow/example_dags/example_short_circuit_operator.py
[2023-09-13T19:26:00.168+0000] {processor.py:839} INFO - DAG(s) dict_keys(['example_short_circuit_operator']) retrieved from /home/airflow/.local/lib/python3.8/site-packages/airflow/example_dags/example_short_circuit_operator.py
[2023-09-13T19:26:00.191+0000] {logging_mixin.py:151} INFO - [2023-09-13T19:26:00.191+0000] {dag.py:2915} INFO - Sync 1 DAGs
[2023-09-13T19:26:00.208+0000] {logging_mixin.py:151} INFO - [2023-09-13T19:26:00.208+0000] {dag.py:3696} INFO - Setting next_dagrun for example_short_circuit_operator to 2023-09-12T19:26:00.207747+00:00, run_after=2023-09-13T19:26:00.207747+00:00
[2023-09-13T19:26:00.221+0000] {processor.py:179} INFO - Processing /home/airflow/.local/lib/python3.8/site-packages/airflow/example_dags/example_short_circuit_operator.py took 0.067 seconds
[2023-09-13T19:26:30.582+0000] {processor.py:157} INFO - Started process (PID=1194) to work on /home/airflow/.local/lib/python3.8/site-packages/airflow/example_dags/example_short_circuit_operator.py
[2023-09-13T19:26:30.583+0000] {processor.py:829} INFO - Processing file /home/airflow/.local/lib/python3.8/site-packages/airflow/example_dags/example_short_circuit_operator.py for tasks to queue
[2023-09-13T19:26:30.586+0000] {logging_mixin.py:151} INFO - [2023-09-13T19:26:30.585+0000] {dagbag.py:539} INFO - Filling up the DagBag from /home/airflow/.local/lib/python3.8/site-packages/airflow/example_dags/example_short_circuit_operator.py
[2023-09-13T19:26:30.593+0000] {processor.py:839} INFO - DAG(s) dict_keys(['example_short_circuit_operator']) retrieved from /home/airflow/.local/lib/python3.8/site-packages/airflow/example_dags/example_short_circuit_operator.py
[2023-09-13T19:26:30.615+0000] {logging_mixin.py:151} INFO - [2023-09-13T19:26:30.615+0000] {dag.py:2915} INFO - Sync 1 DAGs
[2023-09-13T19:26:30.631+0000] {logging_mixin.py:151} INFO - [2023-09-13T19:26:30.631+0000] {dag.py:3696} INFO - Setting next_dagrun for example_short_circuit_operator to 2023-09-12T19:26:30.631154+00:00, run_after=2023-09-13T19:26:30.631154+00:00
[2023-09-13T19:26:30.643+0000] {processor.py:179} INFO - Processing /home/airflow/.local/lib/python3.8/site-packages/airflow/example_dags/example_short_circuit_operator.py took 0.065 seconds
[2023-09-13T19:27:01.041+0000] {processor.py:157} INFO - Started process (PID=1250) to work on /home/airflow/.local/lib/python3.8/site-packages/airflow/example_dags/example_short_circuit_operator.py
[2023-09-13T19:27:01.042+0000] {processor.py:829} INFO - Processing file /home/airflow/.local/lib/python3.8/site-packages/airflow/example_dags/example_short_circuit_operator.py for tasks to queue
[2023-09-13T19:27:01.044+0000] {logging_mixin.py:151} INFO - [2023-09-13T19:27:01.044+0000] {dagbag.py:539} INFO - Filling up the DagBag from /home/airflow/.local/lib/python3.8/site-packages/airflow/example_dags/example_short_circuit_operator.py
[2023-09-13T19:27:01.052+0000] {processor.py:839} INFO - DAG(s) dict_keys(['example_short_circuit_operator']) retrieved from /home/airflow/.local/lib/python3.8/site-packages/airflow/example_dags/example_short_circuit_operator.py
[2023-09-13T19:27:01.075+0000] {logging_mixin.py:151} INFO - [2023-09-13T19:27:01.075+0000] {dag.py:2915} INFO - Sync 1 DAGs
[2023-09-13T19:27:01.091+0000] {logging_mixin.py:151} INFO - [2023-09-13T19:27:01.091+0000] {dag.py:3696} INFO - Setting next_dagrun for example_short_circuit_operator to 2023-09-12T19:27:01.091428+00:00, run_after=2023-09-13T19:27:01.091428+00:00
[2023-09-13T19:27:01.104+0000] {processor.py:179} INFO - Processing /home/airflow/.local/lib/python3.8/site-packages/airflow/example_dags/example_short_circuit_operator.py took 0.067 seconds
[2023-09-13T19:28:15.737+0000] {processor.py:157} INFO - Started process (PID=52) to work on /home/airflow/.local/lib/python3.8/site-packages/airflow/example_dags/example_short_circuit_operator.py
[2023-09-13T19:28:15.739+0000] {processor.py:829} INFO - Processing file /home/airflow/.local/lib/python3.8/site-packages/airflow/example_dags/example_short_circuit_operator.py for tasks to queue
[2023-09-13T19:28:15.743+0000] {logging_mixin.py:151} INFO - [2023-09-13T19:28:15.742+0000] {dagbag.py:539} INFO - Filling up the DagBag from /home/airflow/.local/lib/python3.8/site-packages/airflow/example_dags/example_short_circuit_operator.py
[2023-09-13T19:28:15.756+0000] {processor.py:839} INFO - DAG(s) dict_keys(['example_short_circuit_operator']) retrieved from /home/airflow/.local/lib/python3.8/site-packages/airflow/example_dags/example_short_circuit_operator.py
[2023-09-13T19:28:15.789+0000] {logging_mixin.py:151} INFO - [2023-09-13T19:28:15.789+0000] {dag.py:2915} INFO - Sync 1 DAGs
[2023-09-13T19:28:15.826+0000] {logging_mixin.py:151} INFO - [2023-09-13T19:28:15.826+0000] {dag.py:3696} INFO - Setting next_dagrun for example_short_circuit_operator to 2023-09-12T19:28:15.825278+00:00, run_after=2023-09-13T19:28:15.825278+00:00
[2023-09-13T19:28:15.849+0000] {processor.py:179} INFO - Processing /home/airflow/.local/lib/python3.8/site-packages/airflow/example_dags/example_short_circuit_operator.py took 0.118 seconds
[2023-09-13T19:28:45.901+0000] {processor.py:157} INFO - Started process (PID=108) to work on /home/airflow/.local/lib/python3.8/site-packages/airflow/example_dags/example_short_circuit_operator.py
[2023-09-13T19:28:45.902+0000] {processor.py:829} INFO - Processing file /home/airflow/.local/lib/python3.8/site-packages/airflow/example_dags/example_short_circuit_operator.py for tasks to queue
[2023-09-13T19:28:45.905+0000] {logging_mixin.py:151} INFO - [2023-09-13T19:28:45.904+0000] {dagbag.py:539} INFO - Filling up the DagBag from /home/airflow/.local/lib/python3.8/site-packages/airflow/example_dags/example_short_circuit_operator.py
[2023-09-13T19:28:45.912+0000] {processor.py:839} INFO - DAG(s) dict_keys(['example_short_circuit_operator']) retrieved from /home/airflow/.local/lib/python3.8/site-packages/airflow/example_dags/example_short_circuit_operator.py
[2023-09-13T19:28:45.940+0000] {logging_mixin.py:151} INFO - [2023-09-13T19:28:45.940+0000] {dag.py:2915} INFO - Sync 1 DAGs
[2023-09-13T19:28:45.971+0000] {logging_mixin.py:151} INFO - [2023-09-13T19:28:45.971+0000] {dag.py:3696} INFO - Setting next_dagrun for example_short_circuit_operator to 2023-09-12T19:28:45.970720+00:00, run_after=2023-09-13T19:28:45.970720+00:00
[2023-09-13T19:28:46.013+0000] {processor.py:179} INFO - Processing /home/airflow/.local/lib/python3.8/site-packages/airflow/example_dags/example_short_circuit_operator.py took 0.117 seconds
[2023-09-13T19:29:16.179+0000] {processor.py:157} INFO - Started process (PID=162) to work on /home/airflow/.local/lib/python3.8/site-packages/airflow/example_dags/example_short_circuit_operator.py
[2023-09-13T19:29:16.181+0000] {processor.py:829} INFO - Processing file /home/airflow/.local/lib/python3.8/site-packages/airflow/example_dags/example_short_circuit_operator.py for tasks to queue
[2023-09-13T19:29:16.184+0000] {logging_mixin.py:151} INFO - [2023-09-13T19:29:16.183+0000] {dagbag.py:539} INFO - Filling up the DagBag from /home/airflow/.local/lib/python3.8/site-packages/airflow/example_dags/example_short_circuit_operator.py
[2023-09-13T19:29:16.191+0000] {processor.py:839} INFO - DAG(s) dict_keys(['example_short_circuit_operator']) retrieved from /home/airflow/.local/lib/python3.8/site-packages/airflow/example_dags/example_short_circuit_operator.py
[2023-09-13T19:29:16.216+0000] {logging_mixin.py:151} INFO - [2023-09-13T19:29:16.216+0000] {dag.py:2915} INFO - Sync 1 DAGs
[2023-09-13T19:29:16.233+0000] {logging_mixin.py:151} INFO - [2023-09-13T19:29:16.233+0000] {dag.py:3696} INFO - Setting next_dagrun for example_short_circuit_operator to 2023-09-12T19:29:16.232884+00:00, run_after=2023-09-13T19:29:16.232884+00:00
[2023-09-13T19:29:16.245+0000] {processor.py:179} INFO - Processing /home/airflow/.local/lib/python3.8/site-packages/airflow/example_dags/example_short_circuit_operator.py took 0.070 seconds
[2023-09-13T19:29:46.560+0000] {processor.py:157} INFO - Started process (PID=216) to work on /home/airflow/.local/lib/python3.8/site-packages/airflow/example_dags/example_short_circuit_operator.py
[2023-09-13T19:29:46.561+0000] {processor.py:829} INFO - Processing file /home/airflow/.local/lib/python3.8/site-packages/airflow/example_dags/example_short_circuit_operator.py for tasks to queue
[2023-09-13T19:29:46.564+0000] {logging_mixin.py:151} INFO - [2023-09-13T19:29:46.563+0000] {dagbag.py:539} INFO - Filling up the DagBag from /home/airflow/.local/lib/python3.8/site-packages/airflow/example_dags/example_short_circuit_operator.py
[2023-09-13T19:29:46.571+0000] {processor.py:839} INFO - DAG(s) dict_keys(['example_short_circuit_operator']) retrieved from /home/airflow/.local/lib/python3.8/site-packages/airflow/example_dags/example_short_circuit_operator.py
[2023-09-13T19:29:46.594+0000] {logging_mixin.py:151} INFO - [2023-09-13T19:29:46.594+0000] {dag.py:2915} INFO - Sync 1 DAGs
[2023-09-13T19:29:46.611+0000] {logging_mixin.py:151} INFO - [2023-09-13T19:29:46.611+0000] {dag.py:3696} INFO - Setting next_dagrun for example_short_circuit_operator to 2023-09-12T19:29:46.610891+00:00, run_after=2023-09-13T19:29:46.610891+00:00
[2023-09-13T19:29:46.624+0000] {processor.py:179} INFO - Processing /home/airflow/.local/lib/python3.8/site-packages/airflow/example_dags/example_short_circuit_operator.py took 0.068 seconds
[2023-09-13T19:30:16.731+0000] {processor.py:157} INFO - Started process (PID=270) to work on /home/airflow/.local/lib/python3.8/site-packages/airflow/example_dags/example_short_circuit_operator.py
[2023-09-13T19:30:16.732+0000] {processor.py:829} INFO - Processing file /home/airflow/.local/lib/python3.8/site-packages/airflow/example_dags/example_short_circuit_operator.py for tasks to queue
[2023-09-13T19:30:16.735+0000] {logging_mixin.py:151} INFO - [2023-09-13T19:30:16.734+0000] {dagbag.py:539} INFO - Filling up the DagBag from /home/airflow/.local/lib/python3.8/site-packages/airflow/example_dags/example_short_circuit_operator.py
[2023-09-13T19:30:16.742+0000] {processor.py:839} INFO - DAG(s) dict_keys(['example_short_circuit_operator']) retrieved from /home/airflow/.local/lib/python3.8/site-packages/airflow/example_dags/example_short_circuit_operator.py
[2023-09-13T19:30:16.767+0000] {logging_mixin.py:151} INFO - [2023-09-13T19:30:16.767+0000] {dag.py:2915} INFO - Sync 1 DAGs
[2023-09-13T19:30:16.784+0000] {logging_mixin.py:151} INFO - [2023-09-13T19:30:16.784+0000] {dag.py:3696} INFO - Setting next_dagrun for example_short_circuit_operator to 2023-09-12T19:30:16.784016+00:00, run_after=2023-09-13T19:30:16.784016+00:00
[2023-09-13T19:30:16.798+0000] {processor.py:179} INFO - Processing /home/airflow/.local/lib/python3.8/site-packages/airflow/example_dags/example_short_circuit_operator.py took 0.071 seconds
[2023-09-13T19:31:30.972+0000] {processor.py:157} INFO - Started process (PID=53) to work on /home/airflow/.local/lib/python3.8/site-packages/airflow/example_dags/example_short_circuit_operator.py
[2023-09-13T19:31:30.974+0000] {processor.py:829} INFO - Processing file /home/airflow/.local/lib/python3.8/site-packages/airflow/example_dags/example_short_circuit_operator.py for tasks to queue
[2023-09-13T19:31:30.980+0000] {logging_mixin.py:151} INFO - [2023-09-13T19:31:30.980+0000] {dagbag.py:539} INFO - Filling up the DagBag from /home/airflow/.local/lib/python3.8/site-packages/airflow/example_dags/example_short_circuit_operator.py
[2023-09-13T19:31:31.007+0000] {processor.py:839} INFO - DAG(s) dict_keys(['example_short_circuit_operator']) retrieved from /home/airflow/.local/lib/python3.8/site-packages/airflow/example_dags/example_short_circuit_operator.py
[2023-09-13T19:31:31.054+0000] {logging_mixin.py:151} INFO - [2023-09-13T19:31:31.054+0000] {dag.py:2915} INFO - Sync 1 DAGs
[2023-09-13T19:31:31.100+0000] {logging_mixin.py:151} INFO - [2023-09-13T19:31:31.100+0000] {dag.py:3696} INFO - Setting next_dagrun for example_short_circuit_operator to 2023-09-12T19:31:31.099767+00:00, run_after=2023-09-13T19:31:31.099767+00:00
[2023-09-13T19:31:31.123+0000] {processor.py:179} INFO - Processing /home/airflow/.local/lib/python3.8/site-packages/airflow/example_dags/example_short_circuit_operator.py took 0.157 seconds
[2023-09-13T19:32:01.365+0000] {processor.py:157} INFO - Started process (PID=108) to work on /home/airflow/.local/lib/python3.8/site-packages/airflow/example_dags/example_short_circuit_operator.py
[2023-09-13T19:32:01.368+0000] {processor.py:829} INFO - Processing file /home/airflow/.local/lib/python3.8/site-packages/airflow/example_dags/example_short_circuit_operator.py for tasks to queue
[2023-09-13T19:32:01.370+0000] {logging_mixin.py:151} INFO - [2023-09-13T19:32:01.370+0000] {dagbag.py:539} INFO - Filling up the DagBag from /home/airflow/.local/lib/python3.8/site-packages/airflow/example_dags/example_short_circuit_operator.py
[2023-09-13T19:32:01.379+0000] {processor.py:839} INFO - DAG(s) dict_keys(['example_short_circuit_operator']) retrieved from /home/airflow/.local/lib/python3.8/site-packages/airflow/example_dags/example_short_circuit_operator.py
[2023-09-13T19:32:01.403+0000] {logging_mixin.py:151} INFO - [2023-09-13T19:32:01.403+0000] {dag.py:2915} INFO - Sync 1 DAGs
[2023-09-13T19:32:01.422+0000] {logging_mixin.py:151} INFO - [2023-09-13T19:32:01.422+0000] {dag.py:3696} INFO - Setting next_dagrun for example_short_circuit_operator to 2023-09-12T19:32:01.421970+00:00, run_after=2023-09-13T19:32:01.421970+00:00
[2023-09-13T19:32:01.435+0000] {processor.py:179} INFO - Processing /home/airflow/.local/lib/python3.8/site-packages/airflow/example_dags/example_short_circuit_operator.py took 0.074 seconds
[2023-09-13T19:32:31.934+0000] {processor.py:157} INFO - Started process (PID=163) to work on /home/airflow/.local/lib/python3.8/site-packages/airflow/example_dags/example_short_circuit_operator.py
[2023-09-13T19:32:31.935+0000] {processor.py:829} INFO - Processing file /home/airflow/.local/lib/python3.8/site-packages/airflow/example_dags/example_short_circuit_operator.py for tasks to queue
[2023-09-13T19:32:31.937+0000] {logging_mixin.py:151} INFO - [2023-09-13T19:32:31.937+0000] {dagbag.py:539} INFO - Filling up the DagBag from /home/airflow/.local/lib/python3.8/site-packages/airflow/example_dags/example_short_circuit_operator.py
[2023-09-13T19:32:31.944+0000] {processor.py:839} INFO - DAG(s) dict_keys(['example_short_circuit_operator']) retrieved from /home/airflow/.local/lib/python3.8/site-packages/airflow/example_dags/example_short_circuit_operator.py
[2023-09-13T19:32:31.966+0000] {logging_mixin.py:151} INFO - [2023-09-13T19:32:31.966+0000] {dag.py:2915} INFO - Sync 1 DAGs
[2023-09-13T19:32:31.982+0000] {logging_mixin.py:151} INFO - [2023-09-13T19:32:31.982+0000] {dag.py:3696} INFO - Setting next_dagrun for example_short_circuit_operator to 2023-09-12T19:32:31.982490+00:00, run_after=2023-09-13T19:32:31.982490+00:00
[2023-09-13T19:32:31.994+0000] {processor.py:179} INFO - Processing /home/airflow/.local/lib/python3.8/site-packages/airflow/example_dags/example_short_circuit_operator.py took 0.064 seconds
[2023-09-13T19:33:02.878+0000] {processor.py:157} INFO - Started process (PID=218) to work on /home/airflow/.local/lib/python3.8/site-packages/airflow/example_dags/example_short_circuit_operator.py
[2023-09-13T19:33:02.880+0000] {processor.py:829} INFO - Processing file /home/airflow/.local/lib/python3.8/site-packages/airflow/example_dags/example_short_circuit_operator.py for tasks to queue
[2023-09-13T19:33:02.882+0000] {logging_mixin.py:151} INFO - [2023-09-13T19:33:02.882+0000] {dagbag.py:539} INFO - Filling up the DagBag from /home/airflow/.local/lib/python3.8/site-packages/airflow/example_dags/example_short_circuit_operator.py
[2023-09-13T19:33:02.889+0000] {processor.py:839} INFO - DAG(s) dict_keys(['example_short_circuit_operator']) retrieved from /home/airflow/.local/lib/python3.8/site-packages/airflow/example_dags/example_short_circuit_operator.py
[2023-09-13T19:33:02.914+0000] {logging_mixin.py:151} INFO - [2023-09-13T19:33:02.914+0000] {dag.py:2915} INFO - Sync 1 DAGs
[2023-09-13T19:33:02.932+0000] {logging_mixin.py:151} INFO - [2023-09-13T19:33:02.932+0000] {dag.py:3696} INFO - Setting next_dagrun for example_short_circuit_operator to 2023-09-12T19:33:02.932523+00:00, run_after=2023-09-13T19:33:02.932523+00:00
[2023-09-13T19:33:02.944+0000] {processor.py:179} INFO - Processing /home/airflow/.local/lib/python3.8/site-packages/airflow/example_dags/example_short_circuit_operator.py took 0.070 seconds
[2023-09-13T19:33:33.531+0000] {processor.py:157} INFO - Started process (PID=273) to work on /home/airflow/.local/lib/python3.8/site-packages/airflow/example_dags/example_short_circuit_operator.py
[2023-09-13T19:33:33.535+0000] {processor.py:829} INFO - Processing file /home/airflow/.local/lib/python3.8/site-packages/airflow/example_dags/example_short_circuit_operator.py for tasks to queue
[2023-09-13T19:33:33.542+0000] {logging_mixin.py:151} INFO - [2023-09-13T19:33:33.541+0000] {dagbag.py:539} INFO - Filling up the DagBag from /home/airflow/.local/lib/python3.8/site-packages/airflow/example_dags/example_short_circuit_operator.py
[2023-09-13T19:33:33.559+0000] {processor.py:839} INFO - DAG(s) dict_keys(['example_short_circuit_operator']) retrieved from /home/airflow/.local/lib/python3.8/site-packages/airflow/example_dags/example_short_circuit_operator.py
[2023-09-13T19:33:33.634+0000] {logging_mixin.py:151} INFO - [2023-09-13T19:33:33.634+0000] {dag.py:2915} INFO - Sync 1 DAGs
[2023-09-13T19:33:33.707+0000] {logging_mixin.py:151} INFO - [2023-09-13T19:33:33.706+0000] {dag.py:3696} INFO - Setting next_dagrun for example_short_circuit_operator to 2023-09-12T19:33:33.706234+00:00, run_after=2023-09-13T19:33:33.706234+00:00
[2023-09-13T19:33:33.799+0000] {processor.py:179} INFO - Processing /home/airflow/.local/lib/python3.8/site-packages/airflow/example_dags/example_short_circuit_operator.py took 0.277 seconds
[2023-09-13T19:34:04.668+0000] {processor.py:157} INFO - Started process (PID=328) to work on /home/airflow/.local/lib/python3.8/site-packages/airflow/example_dags/example_short_circuit_operator.py
[2023-09-13T19:34:04.669+0000] {processor.py:829} INFO - Processing file /home/airflow/.local/lib/python3.8/site-packages/airflow/example_dags/example_short_circuit_operator.py for tasks to queue
[2023-09-13T19:34:04.673+0000] {logging_mixin.py:151} INFO - [2023-09-13T19:34:04.672+0000] {dagbag.py:539} INFO - Filling up the DagBag from /home/airflow/.local/lib/python3.8/site-packages/airflow/example_dags/example_short_circuit_operator.py
[2023-09-13T19:34:04.681+0000] {processor.py:839} INFO - DAG(s) dict_keys(['example_short_circuit_operator']) retrieved from /home/airflow/.local/lib/python3.8/site-packages/airflow/example_dags/example_short_circuit_operator.py
[2023-09-13T19:34:04.706+0000] {logging_mixin.py:151} INFO - [2023-09-13T19:34:04.706+0000] {dag.py:2915} INFO - Sync 1 DAGs
[2023-09-13T19:34:04.725+0000] {logging_mixin.py:151} INFO - [2023-09-13T19:34:04.725+0000] {dag.py:3696} INFO - Setting next_dagrun for example_short_circuit_operator to 2023-09-12T19:34:04.724843+00:00, run_after=2023-09-13T19:34:04.724843+00:00
[2023-09-13T19:34:04.739+0000] {processor.py:179} INFO - Processing /home/airflow/.local/lib/python3.8/site-packages/airflow/example_dags/example_short_circuit_operator.py took 0.077 seconds
