[2023-09-13T19:15:54.508+0000] {processor.py:157} INFO - Started process (PID=72) to work on /home/airflow/.local/lib/python3.8/site-packages/airflow/example_dags/example_datasets.py
[2023-09-13T19:15:54.510+0000] {processor.py:829} INFO - Processing file /home/airflow/.local/lib/python3.8/site-packages/airflow/example_dags/example_datasets.py for tasks to queue
[2023-09-13T19:15:54.513+0000] {logging_mixin.py:151} INFO - [2023-09-13T19:15:54.513+0000] {dagbag.py:539} INFO - Filling up the DagBag from /home/airflow/.local/lib/python3.8/site-packages/airflow/example_dags/example_datasets.py
[2023-09-13T19:15:54.526+0000] {processor.py:839} INFO - DAG(s) dict_keys(['dataset_produces_2', 'dataset_consumes_1_never_scheduled', 'dataset_consumes_1', 'dataset_produces_1', 'dataset_consumes_1_and_2', 'dataset_consumes_unknown_never_scheduled']) retrieved from /home/airflow/.local/lib/python3.8/site-packages/airflow/example_dags/example_datasets.py
[2023-09-13T19:15:54.618+0000] {logging_mixin.py:151} INFO - [2023-09-13T19:15:54.618+0000] {manager.py:499} INFO - Created Permission View: %s
[2023-09-13T19:15:54.634+0000] {logging_mixin.py:151} INFO - [2023-09-13T19:15:54.634+0000] {manager.py:499} INFO - Created Permission View: %s
[2023-09-13T19:15:54.639+0000] {logging_mixin.py:151} INFO - [2023-09-13T19:15:54.639+0000] {manager.py:499} INFO - Created Permission View: %s
[2023-09-13T19:15:54.640+0000] {logging_mixin.py:151} INFO - [2023-09-13T19:15:54.640+0000] {security.py:708} INFO - Not syncing DAG-level permissions for DAG 'DAG:dataset_produces_2' as access control is unset.
[2023-09-13T19:15:54.649+0000] {logging_mixin.py:151} INFO - [2023-09-13T19:15:54.649+0000] {manager.py:499} INFO - Created Permission View: %s
[2023-09-13T19:15:54.655+0000] {logging_mixin.py:151} INFO - [2023-09-13T19:15:54.655+0000] {manager.py:499} INFO - Created Permission View: %s
[2023-09-13T19:15:54.660+0000] {logging_mixin.py:151} INFO - [2023-09-13T19:15:54.660+0000] {manager.py:499} INFO - Created Permission View: %s
[2023-09-13T19:15:54.661+0000] {logging_mixin.py:151} INFO - [2023-09-13T19:15:54.661+0000] {security.py:708} INFO - Not syncing DAG-level permissions for DAG 'DAG:dataset_consumes_1_never_scheduled' as access control is unset.
[2023-09-13T19:15:54.671+0000] {logging_mixin.py:151} INFO - [2023-09-13T19:15:54.670+0000] {manager.py:499} INFO - Created Permission View: %s
[2023-09-13T19:15:54.675+0000] {logging_mixin.py:151} INFO - [2023-09-13T19:15:54.675+0000] {manager.py:499} INFO - Created Permission View: %s
[2023-09-13T19:15:54.681+0000] {logging_mixin.py:151} INFO - [2023-09-13T19:15:54.681+0000] {manager.py:499} INFO - Created Permission View: %s
[2023-09-13T19:15:54.682+0000] {logging_mixin.py:151} INFO - [2023-09-13T19:15:54.682+0000] {security.py:708} INFO - Not syncing DAG-level permissions for DAG 'DAG:dataset_consumes_1' as access control is unset.
[2023-09-13T19:15:54.691+0000] {logging_mixin.py:151} INFO - [2023-09-13T19:15:54.691+0000] {manager.py:499} INFO - Created Permission View: %s
[2023-09-13T19:15:54.697+0000] {logging_mixin.py:151} INFO - [2023-09-13T19:15:54.697+0000] {manager.py:499} INFO - Created Permission View: %s
[2023-09-13T19:15:54.703+0000] {logging_mixin.py:151} INFO - [2023-09-13T19:15:54.703+0000] {manager.py:499} INFO - Created Permission View: %s
[2023-09-13T19:15:54.704+0000] {logging_mixin.py:151} INFO - [2023-09-13T19:15:54.704+0000] {security.py:708} INFO - Not syncing DAG-level permissions for DAG 'DAG:dataset_produces_1' as access control is unset.
[2023-09-13T19:15:54.714+0000] {logging_mixin.py:151} INFO - [2023-09-13T19:15:54.713+0000] {manager.py:499} INFO - Created Permission View: %s
[2023-09-13T19:15:54.720+0000] {logging_mixin.py:151} INFO - [2023-09-13T19:15:54.720+0000] {manager.py:499} INFO - Created Permission View: %s
[2023-09-13T19:15:54.725+0000] {logging_mixin.py:151} INFO - [2023-09-13T19:15:54.725+0000] {manager.py:499} INFO - Created Permission View: %s
[2023-09-13T19:15:54.726+0000] {logging_mixin.py:151} INFO - [2023-09-13T19:15:54.726+0000] {security.py:708} INFO - Not syncing DAG-level permissions for DAG 'DAG:dataset_consumes_1_and_2' as access control is unset.
[2023-09-13T19:15:54.735+0000] {logging_mixin.py:151} INFO - [2023-09-13T19:15:54.735+0000] {manager.py:499} INFO - Created Permission View: %s
[2023-09-13T19:15:54.740+0000] {logging_mixin.py:151} INFO - [2023-09-13T19:15:54.740+0000] {manager.py:499} INFO - Created Permission View: %s
[2023-09-13T19:15:54.746+0000] {logging_mixin.py:151} INFO - [2023-09-13T19:15:54.746+0000] {manager.py:499} INFO - Created Permission View: %s
[2023-09-13T19:15:54.747+0000] {logging_mixin.py:151} INFO - [2023-09-13T19:15:54.747+0000] {security.py:708} INFO - Not syncing DAG-level permissions for DAG 'DAG:dataset_consumes_unknown_never_scheduled' as access control is unset.
[2023-09-13T19:15:54.747+0000] {logging_mixin.py:151} INFO - [2023-09-13T19:15:54.747+0000] {dag.py:2915} INFO - Sync 6 DAGs
[2023-09-13T19:15:54.759+0000] {logging_mixin.py:151} INFO - [2023-09-13T19:15:54.759+0000] {dag.py:2937} INFO - Creating ORM DAG for dataset_produces_1
[2023-09-13T19:15:54.760+0000] {logging_mixin.py:151} INFO - [2023-09-13T19:15:54.760+0000] {dag.py:2937} INFO - Creating ORM DAG for dataset_consumes_unknown_never_scheduled
[2023-09-13T19:15:54.761+0000] {logging_mixin.py:151} INFO - [2023-09-13T19:15:54.761+0000] {dag.py:2937} INFO - Creating ORM DAG for dataset_consumes_1_never_scheduled
[2023-09-13T19:15:54.762+0000] {logging_mixin.py:151} INFO - [2023-09-13T19:15:54.762+0000] {dag.py:2937} INFO - Creating ORM DAG for dataset_consumes_1_and_2
[2023-09-13T19:15:54.763+0000] {logging_mixin.py:151} INFO - [2023-09-13T19:15:54.763+0000] {dag.py:2937} INFO - Creating ORM DAG for dataset_consumes_1
[2023-09-13T19:15:54.764+0000] {logging_mixin.py:151} INFO - [2023-09-13T19:15:54.764+0000] {dag.py:2937} INFO - Creating ORM DAG for dataset_produces_2
[2023-09-13T19:15:54.773+0000] {logging_mixin.py:151} INFO - [2023-09-13T19:15:54.773+0000] {dag.py:3696} INFO - Setting next_dagrun for dataset_consumes_1 to None, run_after=None
[2023-09-13T19:15:54.774+0000] {logging_mixin.py:151} INFO - [2023-09-13T19:15:54.774+0000] {dag.py:3696} INFO - Setting next_dagrun for dataset_consumes_1_and_2 to None, run_after=None
[2023-09-13T19:15:54.775+0000] {logging_mixin.py:151} INFO - [2023-09-13T19:15:54.775+0000] {dag.py:3696} INFO - Setting next_dagrun for dataset_consumes_1_never_scheduled to None, run_after=None
[2023-09-13T19:15:54.776+0000] {logging_mixin.py:151} INFO - [2023-09-13T19:15:54.776+0000] {dag.py:3696} INFO - Setting next_dagrun for dataset_consumes_unknown_never_scheduled to None, run_after=None
[2023-09-13T19:15:54.779+0000] {logging_mixin.py:151} INFO - [2023-09-13T19:15:54.779+0000] {dag.py:3696} INFO - Setting next_dagrun for dataset_produces_1 to 2023-09-12T00:00:00+00:00, run_after=2023-09-13T00:00:00+00:00
[2023-09-13T19:15:54.780+0000] {logging_mixin.py:151} INFO - [2023-09-13T19:15:54.780+0000] {dag.py:3696} INFO - Setting next_dagrun for dataset_produces_2 to None, run_after=None
[2023-09-13T19:15:54.816+0000] {processor.py:179} INFO - Processing /home/airflow/.local/lib/python3.8/site-packages/airflow/example_dags/example_datasets.py took 0.312 seconds
[2023-09-13T19:16:25.596+0000] {processor.py:157} INFO - Started process (PID=126) to work on /home/airflow/.local/lib/python3.8/site-packages/airflow/example_dags/example_datasets.py
[2023-09-13T19:16:25.598+0000] {processor.py:829} INFO - Processing file /home/airflow/.local/lib/python3.8/site-packages/airflow/example_dags/example_datasets.py for tasks to queue
[2023-09-13T19:16:25.600+0000] {logging_mixin.py:151} INFO - [2023-09-13T19:16:25.600+0000] {dagbag.py:539} INFO - Filling up the DagBag from /home/airflow/.local/lib/python3.8/site-packages/airflow/example_dags/example_datasets.py
[2023-09-13T19:16:25.609+0000] {processor.py:839} INFO - DAG(s) dict_keys(['dataset_consumes_1_never_scheduled', 'dataset_produces_1', 'dataset_produces_2', 'dataset_consumes_1_and_2', 'dataset_consumes_unknown_never_scheduled', 'dataset_consumes_1']) retrieved from /home/airflow/.local/lib/python3.8/site-packages/airflow/example_dags/example_datasets.py
[2023-09-13T19:16:25.638+0000] {logging_mixin.py:151} INFO - [2023-09-13T19:16:25.638+0000] {dag.py:2915} INFO - Sync 6 DAGs
[2023-09-13T19:16:25.656+0000] {logging_mixin.py:151} INFO - [2023-09-13T19:16:25.656+0000] {dag.py:3696} INFO - Setting next_dagrun for dataset_consumes_1 to None, run_after=None
[2023-09-13T19:16:25.659+0000] {logging_mixin.py:151} INFO - [2023-09-13T19:16:25.659+0000] {dag.py:3696} INFO - Setting next_dagrun for dataset_consumes_1_and_2 to None, run_after=None
[2023-09-13T19:16:25.660+0000] {logging_mixin.py:151} INFO - [2023-09-13T19:16:25.660+0000] {dag.py:3696} INFO - Setting next_dagrun for dataset_consumes_1_never_scheduled to None, run_after=None
[2023-09-13T19:16:25.662+0000] {logging_mixin.py:151} INFO - [2023-09-13T19:16:25.661+0000] {dag.py:3696} INFO - Setting next_dagrun for dataset_consumes_unknown_never_scheduled to None, run_after=None
[2023-09-13T19:16:25.664+0000] {logging_mixin.py:151} INFO - [2023-09-13T19:16:25.664+0000] {dag.py:3696} INFO - Setting next_dagrun for dataset_produces_1 to 2023-09-12T00:00:00+00:00, run_after=2023-09-13T00:00:00+00:00
[2023-09-13T19:16:25.665+0000] {logging_mixin.py:151} INFO - [2023-09-13T19:16:25.665+0000] {dag.py:3696} INFO - Setting next_dagrun for dataset_produces_2 to None, run_after=None
[2023-09-13T19:16:25.686+0000] {processor.py:179} INFO - Processing /home/airflow/.local/lib/python3.8/site-packages/airflow/example_dags/example_datasets.py took 0.094 seconds
[2023-09-13T19:16:55.974+0000] {processor.py:157} INFO - Started process (PID=179) to work on /home/airflow/.local/lib/python3.8/site-packages/airflow/example_dags/example_datasets.py
[2023-09-13T19:16:55.976+0000] {processor.py:829} INFO - Processing file /home/airflow/.local/lib/python3.8/site-packages/airflow/example_dags/example_datasets.py for tasks to queue
[2023-09-13T19:16:55.978+0000] {logging_mixin.py:151} INFO - [2023-09-13T19:16:55.978+0000] {dagbag.py:539} INFO - Filling up the DagBag from /home/airflow/.local/lib/python3.8/site-packages/airflow/example_dags/example_datasets.py
[2023-09-13T19:16:55.987+0000] {processor.py:839} INFO - DAG(s) dict_keys(['dataset_consumes_1_never_scheduled', 'dataset_produces_1', 'dataset_produces_2', 'dataset_consumes_1', 'dataset_consumes_unknown_never_scheduled', 'dataset_consumes_1_and_2']) retrieved from /home/airflow/.local/lib/python3.8/site-packages/airflow/example_dags/example_datasets.py
[2023-09-13T19:16:56.017+0000] {logging_mixin.py:151} INFO - [2023-09-13T19:16:56.017+0000] {dag.py:2915} INFO - Sync 6 DAGs
[2023-09-13T19:16:56.034+0000] {logging_mixin.py:151} INFO - [2023-09-13T19:16:56.034+0000] {dag.py:3696} INFO - Setting next_dagrun for dataset_consumes_1 to None, run_after=None
[2023-09-13T19:16:56.037+0000] {logging_mixin.py:151} INFO - [2023-09-13T19:16:56.037+0000] {dag.py:3696} INFO - Setting next_dagrun for dataset_consumes_1_and_2 to None, run_after=None
[2023-09-13T19:16:56.038+0000] {logging_mixin.py:151} INFO - [2023-09-13T19:16:56.038+0000] {dag.py:3696} INFO - Setting next_dagrun for dataset_consumes_1_never_scheduled to None, run_after=None
[2023-09-13T19:16:56.039+0000] {logging_mixin.py:151} INFO - [2023-09-13T19:16:56.039+0000] {dag.py:3696} INFO - Setting next_dagrun for dataset_consumes_unknown_never_scheduled to None, run_after=None
[2023-09-13T19:16:56.042+0000] {logging_mixin.py:151} INFO - [2023-09-13T19:16:56.042+0000] {dag.py:3696} INFO - Setting next_dagrun for dataset_produces_1 to 2023-09-12T00:00:00+00:00, run_after=2023-09-13T00:00:00+00:00
[2023-09-13T19:16:56.043+0000] {logging_mixin.py:151} INFO - [2023-09-13T19:16:56.043+0000] {dag.py:3696} INFO - Setting next_dagrun for dataset_produces_2 to None, run_after=None
[2023-09-13T19:16:56.064+0000] {processor.py:179} INFO - Processing /home/airflow/.local/lib/python3.8/site-packages/airflow/example_dags/example_datasets.py took 0.093 seconds
[2023-09-13T19:17:26.260+0000] {processor.py:157} INFO - Started process (PID=233) to work on /home/airflow/.local/lib/python3.8/site-packages/airflow/example_dags/example_datasets.py
[2023-09-13T19:17:26.263+0000] {processor.py:829} INFO - Processing file /home/airflow/.local/lib/python3.8/site-packages/airflow/example_dags/example_datasets.py for tasks to queue
[2023-09-13T19:17:26.265+0000] {logging_mixin.py:151} INFO - [2023-09-13T19:17:26.265+0000] {dagbag.py:539} INFO - Filling up the DagBag from /home/airflow/.local/lib/python3.8/site-packages/airflow/example_dags/example_datasets.py
[2023-09-13T19:17:26.275+0000] {processor.py:839} INFO - DAG(s) dict_keys(['dataset_consumes_1', 'dataset_consumes_unknown_never_scheduled', 'dataset_consumes_1_and_2', 'dataset_produces_1', 'dataset_produces_2', 'dataset_consumes_1_never_scheduled']) retrieved from /home/airflow/.local/lib/python3.8/site-packages/airflow/example_dags/example_datasets.py
[2023-09-13T19:17:26.309+0000] {logging_mixin.py:151} INFO - [2023-09-13T19:17:26.309+0000] {dag.py:2915} INFO - Sync 6 DAGs
[2023-09-13T19:17:26.333+0000] {logging_mixin.py:151} INFO - [2023-09-13T19:17:26.333+0000] {dag.py:3696} INFO - Setting next_dagrun for dataset_consumes_1 to None, run_after=None
[2023-09-13T19:17:26.338+0000] {logging_mixin.py:151} INFO - [2023-09-13T19:17:26.338+0000] {dag.py:3696} INFO - Setting next_dagrun for dataset_consumes_1_and_2 to None, run_after=None
[2023-09-13T19:17:26.340+0000] {logging_mixin.py:151} INFO - [2023-09-13T19:17:26.340+0000] {dag.py:3696} INFO - Setting next_dagrun for dataset_consumes_1_never_scheduled to None, run_after=None
[2023-09-13T19:17:26.342+0000] {logging_mixin.py:151} INFO - [2023-09-13T19:17:26.341+0000] {dag.py:3696} INFO - Setting next_dagrun for dataset_consumes_unknown_never_scheduled to None, run_after=None
[2023-09-13T19:17:26.346+0000] {logging_mixin.py:151} INFO - [2023-09-13T19:17:26.346+0000] {dag.py:3696} INFO - Setting next_dagrun for dataset_produces_1 to 2023-09-12T00:00:00+00:00, run_after=2023-09-13T00:00:00+00:00
[2023-09-13T19:17:26.348+0000] {logging_mixin.py:151} INFO - [2023-09-13T19:17:26.348+0000] {dag.py:3696} INFO - Setting next_dagrun for dataset_produces_2 to None, run_after=None
[2023-09-13T19:17:26.380+0000] {processor.py:179} INFO - Processing /home/airflow/.local/lib/python3.8/site-packages/airflow/example_dags/example_datasets.py took 0.125 seconds
[2023-09-13T19:17:56.524+0000] {processor.py:157} INFO - Started process (PID=287) to work on /home/airflow/.local/lib/python3.8/site-packages/airflow/example_dags/example_datasets.py
[2023-09-13T19:17:56.525+0000] {processor.py:829} INFO - Processing file /home/airflow/.local/lib/python3.8/site-packages/airflow/example_dags/example_datasets.py for tasks to queue
[2023-09-13T19:17:56.527+0000] {logging_mixin.py:151} INFO - [2023-09-13T19:17:56.527+0000] {dagbag.py:539} INFO - Filling up the DagBag from /home/airflow/.local/lib/python3.8/site-packages/airflow/example_dags/example_datasets.py
[2023-09-13T19:17:56.536+0000] {processor.py:839} INFO - DAG(s) dict_keys(['dataset_produces_2', 'dataset_produces_1', 'dataset_consumes_1', 'dataset_consumes_unknown_never_scheduled', 'dataset_consumes_1_never_scheduled', 'dataset_consumes_1_and_2']) retrieved from /home/airflow/.local/lib/python3.8/site-packages/airflow/example_dags/example_datasets.py
[2023-09-13T19:17:56.567+0000] {logging_mixin.py:151} INFO - [2023-09-13T19:17:56.567+0000] {dag.py:2915} INFO - Sync 6 DAGs
[2023-09-13T19:17:56.585+0000] {logging_mixin.py:151} INFO - [2023-09-13T19:17:56.585+0000] {dag.py:3696} INFO - Setting next_dagrun for dataset_consumes_1 to None, run_after=None
[2023-09-13T19:17:56.588+0000] {logging_mixin.py:151} INFO - [2023-09-13T19:17:56.587+0000] {dag.py:3696} INFO - Setting next_dagrun for dataset_consumes_1_and_2 to None, run_after=None
[2023-09-13T19:17:56.589+0000] {logging_mixin.py:151} INFO - [2023-09-13T19:17:56.589+0000] {dag.py:3696} INFO - Setting next_dagrun for dataset_consumes_1_never_scheduled to None, run_after=None
[2023-09-13T19:17:56.590+0000] {logging_mixin.py:151} INFO - [2023-09-13T19:17:56.590+0000] {dag.py:3696} INFO - Setting next_dagrun for dataset_consumes_unknown_never_scheduled to None, run_after=None
[2023-09-13T19:17:56.592+0000] {logging_mixin.py:151} INFO - [2023-09-13T19:17:56.592+0000] {dag.py:3696} INFO - Setting next_dagrun for dataset_produces_1 to 2023-09-12T00:00:00+00:00, run_after=2023-09-13T00:00:00+00:00
[2023-09-13T19:17:56.594+0000] {logging_mixin.py:151} INFO - [2023-09-13T19:17:56.594+0000] {dag.py:3696} INFO - Setting next_dagrun for dataset_produces_2 to None, run_after=None
[2023-09-13T19:17:56.615+0000] {processor.py:179} INFO - Processing /home/airflow/.local/lib/python3.8/site-packages/airflow/example_dags/example_datasets.py took 0.095 seconds
[2023-09-13T19:18:26.875+0000] {processor.py:157} INFO - Started process (PID=342) to work on /home/airflow/.local/lib/python3.8/site-packages/airflow/example_dags/example_datasets.py
[2023-09-13T19:18:26.876+0000] {processor.py:829} INFO - Processing file /home/airflow/.local/lib/python3.8/site-packages/airflow/example_dags/example_datasets.py for tasks to queue
[2023-09-13T19:18:26.879+0000] {logging_mixin.py:151} INFO - [2023-09-13T19:18:26.878+0000] {dagbag.py:539} INFO - Filling up the DagBag from /home/airflow/.local/lib/python3.8/site-packages/airflow/example_dags/example_datasets.py
[2023-09-13T19:18:26.888+0000] {processor.py:839} INFO - DAG(s) dict_keys(['dataset_consumes_unknown_never_scheduled', 'dataset_consumes_1', 'dataset_consumes_1_never_scheduled', 'dataset_produces_2', 'dataset_consumes_1_and_2', 'dataset_produces_1']) retrieved from /home/airflow/.local/lib/python3.8/site-packages/airflow/example_dags/example_datasets.py
[2023-09-13T19:18:26.919+0000] {logging_mixin.py:151} INFO - [2023-09-13T19:18:26.919+0000] {dag.py:2915} INFO - Sync 6 DAGs
[2023-09-13T19:18:26.938+0000] {logging_mixin.py:151} INFO - [2023-09-13T19:18:26.938+0000] {dag.py:3696} INFO - Setting next_dagrun for dataset_consumes_1 to None, run_after=None
[2023-09-13T19:18:26.941+0000] {logging_mixin.py:151} INFO - [2023-09-13T19:18:26.941+0000] {dag.py:3696} INFO - Setting next_dagrun for dataset_consumes_1_and_2 to None, run_after=None
[2023-09-13T19:18:26.942+0000] {logging_mixin.py:151} INFO - [2023-09-13T19:18:26.942+0000] {dag.py:3696} INFO - Setting next_dagrun for dataset_consumes_1_never_scheduled to None, run_after=None
[2023-09-13T19:18:26.943+0000] {logging_mixin.py:151} INFO - [2023-09-13T19:18:26.943+0000] {dag.py:3696} INFO - Setting next_dagrun for dataset_consumes_unknown_never_scheduled to None, run_after=None
[2023-09-13T19:18:26.945+0000] {logging_mixin.py:151} INFO - [2023-09-13T19:18:26.945+0000] {dag.py:3696} INFO - Setting next_dagrun for dataset_produces_1 to 2023-09-12T00:00:00+00:00, run_after=2023-09-13T00:00:00+00:00
[2023-09-13T19:18:26.947+0000] {logging_mixin.py:151} INFO - [2023-09-13T19:18:26.947+0000] {dag.py:3696} INFO - Setting next_dagrun for dataset_produces_2 to None, run_after=None
[2023-09-13T19:18:26.970+0000] {processor.py:179} INFO - Processing /home/airflow/.local/lib/python3.8/site-packages/airflow/example_dags/example_datasets.py took 0.100 seconds
[2023-09-13T19:18:57.387+0000] {processor.py:157} INFO - Started process (PID=395) to work on /home/airflow/.local/lib/python3.8/site-packages/airflow/example_dags/example_datasets.py
[2023-09-13T19:18:57.388+0000] {processor.py:829} INFO - Processing file /home/airflow/.local/lib/python3.8/site-packages/airflow/example_dags/example_datasets.py for tasks to queue
[2023-09-13T19:18:57.391+0000] {logging_mixin.py:151} INFO - [2023-09-13T19:18:57.390+0000] {dagbag.py:539} INFO - Filling up the DagBag from /home/airflow/.local/lib/python3.8/site-packages/airflow/example_dags/example_datasets.py
[2023-09-13T19:18:57.400+0000] {processor.py:839} INFO - DAG(s) dict_keys(['dataset_consumes_1', 'dataset_consumes_1_never_scheduled', 'dataset_produces_2', 'dataset_produces_1', 'dataset_consumes_unknown_never_scheduled', 'dataset_consumes_1_and_2']) retrieved from /home/airflow/.local/lib/python3.8/site-packages/airflow/example_dags/example_datasets.py
[2023-09-13T19:18:57.432+0000] {logging_mixin.py:151} INFO - [2023-09-13T19:18:57.432+0000] {dag.py:2915} INFO - Sync 6 DAGs
[2023-09-13T19:18:57.453+0000] {logging_mixin.py:151} INFO - [2023-09-13T19:18:57.452+0000] {dag.py:3696} INFO - Setting next_dagrun for dataset_consumes_1 to None, run_after=None
[2023-09-13T19:18:57.456+0000] {logging_mixin.py:151} INFO - [2023-09-13T19:18:57.456+0000] {dag.py:3696} INFO - Setting next_dagrun for dataset_consumes_1_and_2 to None, run_after=None
[2023-09-13T19:18:57.457+0000] {logging_mixin.py:151} INFO - [2023-09-13T19:18:57.457+0000] {dag.py:3696} INFO - Setting next_dagrun for dataset_consumes_1_never_scheduled to None, run_after=None
[2023-09-13T19:18:57.459+0000] {logging_mixin.py:151} INFO - [2023-09-13T19:18:57.459+0000] {dag.py:3696} INFO - Setting next_dagrun for dataset_consumes_unknown_never_scheduled to None, run_after=None
[2023-09-13T19:18:57.461+0000] {logging_mixin.py:151} INFO - [2023-09-13T19:18:57.461+0000] {dag.py:3696} INFO - Setting next_dagrun for dataset_produces_1 to 2023-09-12T00:00:00+00:00, run_after=2023-09-13T00:00:00+00:00
[2023-09-13T19:18:57.462+0000] {logging_mixin.py:151} INFO - [2023-09-13T19:18:57.462+0000] {dag.py:3696} INFO - Setting next_dagrun for dataset_produces_2 to None, run_after=None
[2023-09-13T19:18:57.487+0000] {processor.py:179} INFO - Processing /home/airflow/.local/lib/python3.8/site-packages/airflow/example_dags/example_datasets.py took 0.104 seconds
[2023-09-13T19:19:27.738+0000] {processor.py:157} INFO - Started process (PID=451) to work on /home/airflow/.local/lib/python3.8/site-packages/airflow/example_dags/example_datasets.py
[2023-09-13T19:19:27.740+0000] {processor.py:829} INFO - Processing file /home/airflow/.local/lib/python3.8/site-packages/airflow/example_dags/example_datasets.py for tasks to queue
[2023-09-13T19:19:27.743+0000] {logging_mixin.py:151} INFO - [2023-09-13T19:19:27.743+0000] {dagbag.py:539} INFO - Filling up the DagBag from /home/airflow/.local/lib/python3.8/site-packages/airflow/example_dags/example_datasets.py
[2023-09-13T19:19:27.753+0000] {processor.py:839} INFO - DAG(s) dict_keys(['dataset_consumes_unknown_never_scheduled', 'dataset_produces_1', 'dataset_consumes_1', 'dataset_consumes_1_never_scheduled', 'dataset_consumes_1_and_2', 'dataset_produces_2']) retrieved from /home/airflow/.local/lib/python3.8/site-packages/airflow/example_dags/example_datasets.py
[2023-09-13T19:19:27.788+0000] {logging_mixin.py:151} INFO - [2023-09-13T19:19:27.788+0000] {dag.py:2915} INFO - Sync 6 DAGs
[2023-09-13T19:19:27.812+0000] {logging_mixin.py:151} INFO - [2023-09-13T19:19:27.812+0000] {dag.py:3696} INFO - Setting next_dagrun for dataset_consumes_1 to None, run_after=None
[2023-09-13T19:19:27.818+0000] {logging_mixin.py:151} INFO - [2023-09-13T19:19:27.818+0000] {dag.py:3696} INFO - Setting next_dagrun for dataset_consumes_1_and_2 to None, run_after=None
[2023-09-13T19:19:27.820+0000] {logging_mixin.py:151} INFO - [2023-09-13T19:19:27.819+0000] {dag.py:3696} INFO - Setting next_dagrun for dataset_consumes_1_never_scheduled to None, run_after=None
[2023-09-13T19:19:27.821+0000] {logging_mixin.py:151} INFO - [2023-09-13T19:19:27.821+0000] {dag.py:3696} INFO - Setting next_dagrun for dataset_consumes_unknown_never_scheduled to None, run_after=None
[2023-09-13T19:19:27.825+0000] {logging_mixin.py:151} INFO - [2023-09-13T19:19:27.824+0000] {dag.py:3696} INFO - Setting next_dagrun for dataset_produces_1 to 2023-09-12T00:00:00+00:00, run_after=2023-09-13T00:00:00+00:00
[2023-09-13T19:19:27.827+0000] {logging_mixin.py:151} INFO - [2023-09-13T19:19:27.827+0000] {dag.py:3696} INFO - Setting next_dagrun for dataset_produces_2 to None, run_after=None
[2023-09-13T19:19:27.855+0000] {processor.py:179} INFO - Processing /home/airflow/.local/lib/python3.8/site-packages/airflow/example_dags/example_datasets.py took 0.121 seconds
[2023-09-13T19:19:58.693+0000] {processor.py:157} INFO - Started process (PID=504) to work on /home/airflow/.local/lib/python3.8/site-packages/airflow/example_dags/example_datasets.py
[2023-09-13T19:19:58.694+0000] {processor.py:829} INFO - Processing file /home/airflow/.local/lib/python3.8/site-packages/airflow/example_dags/example_datasets.py for tasks to queue
[2023-09-13T19:19:58.697+0000] {logging_mixin.py:151} INFO - [2023-09-13T19:19:58.696+0000] {dagbag.py:539} INFO - Filling up the DagBag from /home/airflow/.local/lib/python3.8/site-packages/airflow/example_dags/example_datasets.py
[2023-09-13T19:19:58.706+0000] {processor.py:839} INFO - DAG(s) dict_keys(['dataset_produces_1', 'dataset_produces_2', 'dataset_consumes_1', 'dataset_consumes_1_and_2', 'dataset_consumes_unknown_never_scheduled', 'dataset_consumes_1_never_scheduled']) retrieved from /home/airflow/.local/lib/python3.8/site-packages/airflow/example_dags/example_datasets.py
[2023-09-13T19:19:58.736+0000] {logging_mixin.py:151} INFO - [2023-09-13T19:19:58.735+0000] {dag.py:2915} INFO - Sync 6 DAGs
[2023-09-13T19:19:58.754+0000] {logging_mixin.py:151} INFO - [2023-09-13T19:19:58.754+0000] {dag.py:3696} INFO - Setting next_dagrun for dataset_consumes_1 to None, run_after=None
[2023-09-13T19:19:58.756+0000] {logging_mixin.py:151} INFO - [2023-09-13T19:19:58.756+0000] {dag.py:3696} INFO - Setting next_dagrun for dataset_consumes_1_and_2 to None, run_after=None
[2023-09-13T19:19:58.758+0000] {logging_mixin.py:151} INFO - [2023-09-13T19:19:58.758+0000] {dag.py:3696} INFO - Setting next_dagrun for dataset_consumes_1_never_scheduled to None, run_after=None
[2023-09-13T19:19:58.759+0000] {logging_mixin.py:151} INFO - [2023-09-13T19:19:58.759+0000] {dag.py:3696} INFO - Setting next_dagrun for dataset_consumes_unknown_never_scheduled to None, run_after=None
[2023-09-13T19:19:58.761+0000] {logging_mixin.py:151} INFO - [2023-09-13T19:19:58.761+0000] {dag.py:3696} INFO - Setting next_dagrun for dataset_produces_1 to 2023-09-12T00:00:00+00:00, run_after=2023-09-13T00:00:00+00:00
[2023-09-13T19:19:58.762+0000] {logging_mixin.py:151} INFO - [2023-09-13T19:19:58.762+0000] {dag.py:3696} INFO - Setting next_dagrun for dataset_produces_2 to None, run_after=None
[2023-09-13T19:19:58.784+0000] {processor.py:179} INFO - Processing /home/airflow/.local/lib/python3.8/site-packages/airflow/example_dags/example_datasets.py took 0.094 seconds
[2023-09-13T19:20:29.057+0000] {processor.py:157} INFO - Started process (PID=559) to work on /home/airflow/.local/lib/python3.8/site-packages/airflow/example_dags/example_datasets.py
[2023-09-13T19:20:29.058+0000] {processor.py:829} INFO - Processing file /home/airflow/.local/lib/python3.8/site-packages/airflow/example_dags/example_datasets.py for tasks to queue
[2023-09-13T19:20:29.060+0000] {logging_mixin.py:151} INFO - [2023-09-13T19:20:29.060+0000] {dagbag.py:539} INFO - Filling up the DagBag from /home/airflow/.local/lib/python3.8/site-packages/airflow/example_dags/example_datasets.py
[2023-09-13T19:20:29.068+0000] {processor.py:839} INFO - DAG(s) dict_keys(['dataset_consumes_unknown_never_scheduled', 'dataset_consumes_1', 'dataset_produces_2', 'dataset_consumes_1_never_scheduled', 'dataset_consumes_1_and_2', 'dataset_produces_1']) retrieved from /home/airflow/.local/lib/python3.8/site-packages/airflow/example_dags/example_datasets.py
[2023-09-13T19:20:29.097+0000] {logging_mixin.py:151} INFO - [2023-09-13T19:20:29.097+0000] {dag.py:2915} INFO - Sync 6 DAGs
[2023-09-13T19:20:29.114+0000] {logging_mixin.py:151} INFO - [2023-09-13T19:20:29.114+0000] {dag.py:3696} INFO - Setting next_dagrun for dataset_consumes_1 to None, run_after=None
[2023-09-13T19:20:29.117+0000] {logging_mixin.py:151} INFO - [2023-09-13T19:20:29.117+0000] {dag.py:3696} INFO - Setting next_dagrun for dataset_consumes_1_and_2 to None, run_after=None
[2023-09-13T19:20:29.118+0000] {logging_mixin.py:151} INFO - [2023-09-13T19:20:29.118+0000] {dag.py:3696} INFO - Setting next_dagrun for dataset_consumes_1_never_scheduled to None, run_after=None
[2023-09-13T19:20:29.119+0000] {logging_mixin.py:151} INFO - [2023-09-13T19:20:29.119+0000] {dag.py:3696} INFO - Setting next_dagrun for dataset_consumes_unknown_never_scheduled to None, run_after=None
[2023-09-13T19:20:29.121+0000] {logging_mixin.py:151} INFO - [2023-09-13T19:20:29.121+0000] {dag.py:3696} INFO - Setting next_dagrun for dataset_produces_1 to 2023-09-12T00:00:00+00:00, run_after=2023-09-13T00:00:00+00:00
[2023-09-13T19:20:29.123+0000] {logging_mixin.py:151} INFO - [2023-09-13T19:20:29.123+0000] {dag.py:3696} INFO - Setting next_dagrun for dataset_produces_2 to None, run_after=None
[2023-09-13T19:20:29.142+0000] {processor.py:179} INFO - Processing /home/airflow/.local/lib/python3.8/site-packages/airflow/example_dags/example_datasets.py took 0.088 seconds
[2023-09-13T19:20:59.862+0000] {processor.py:157} INFO - Started process (PID=618) to work on /home/airflow/.local/lib/python3.8/site-packages/airflow/example_dags/example_datasets.py
[2023-09-13T19:20:59.863+0000] {processor.py:829} INFO - Processing file /home/airflow/.local/lib/python3.8/site-packages/airflow/example_dags/example_datasets.py for tasks to queue
[2023-09-13T19:20:59.866+0000] {logging_mixin.py:151} INFO - [2023-09-13T19:20:59.866+0000] {dagbag.py:539} INFO - Filling up the DagBag from /home/airflow/.local/lib/python3.8/site-packages/airflow/example_dags/example_datasets.py
[2023-09-13T19:20:59.878+0000] {processor.py:839} INFO - DAG(s) dict_keys(['dataset_produces_2', 'dataset_consumes_1_and_2', 'dataset_consumes_1_never_scheduled', 'dataset_consumes_unknown_never_scheduled', 'dataset_consumes_1', 'dataset_produces_1']) retrieved from /home/airflow/.local/lib/python3.8/site-packages/airflow/example_dags/example_datasets.py
[2023-09-13T19:20:59.914+0000] {logging_mixin.py:151} INFO - [2023-09-13T19:20:59.914+0000] {dag.py:2915} INFO - Sync 6 DAGs
[2023-09-13T19:20:59.934+0000] {logging_mixin.py:151} INFO - [2023-09-13T19:20:59.934+0000] {dag.py:3696} INFO - Setting next_dagrun for dataset_consumes_1 to None, run_after=None
[2023-09-13T19:20:59.937+0000] {logging_mixin.py:151} INFO - [2023-09-13T19:20:59.937+0000] {dag.py:3696} INFO - Setting next_dagrun for dataset_consumes_1_and_2 to None, run_after=None
[2023-09-13T19:20:59.939+0000] {logging_mixin.py:151} INFO - [2023-09-13T19:20:59.939+0000] {dag.py:3696} INFO - Setting next_dagrun for dataset_consumes_1_never_scheduled to None, run_after=None
[2023-09-13T19:20:59.941+0000] {logging_mixin.py:151} INFO - [2023-09-13T19:20:59.941+0000] {dag.py:3696} INFO - Setting next_dagrun for dataset_consumes_unknown_never_scheduled to None, run_after=None
[2023-09-13T19:20:59.945+0000] {logging_mixin.py:151} INFO - [2023-09-13T19:20:59.945+0000] {dag.py:3696} INFO - Setting next_dagrun for dataset_produces_1 to 2023-09-12T00:00:00+00:00, run_after=2023-09-13T00:00:00+00:00
[2023-09-13T19:20:59.946+0000] {logging_mixin.py:151} INFO - [2023-09-13T19:20:59.946+0000] {dag.py:3696} INFO - Setting next_dagrun for dataset_produces_2 to None, run_after=None
[2023-09-13T19:20:59.972+0000] {processor.py:179} INFO - Processing /home/airflow/.local/lib/python3.8/site-packages/airflow/example_dags/example_datasets.py took 0.114 seconds
[2023-09-13T19:21:30.552+0000] {processor.py:157} INFO - Started process (PID=672) to work on /home/airflow/.local/lib/python3.8/site-packages/airflow/example_dags/example_datasets.py
[2023-09-13T19:21:30.553+0000] {processor.py:829} INFO - Processing file /home/airflow/.local/lib/python3.8/site-packages/airflow/example_dags/example_datasets.py for tasks to queue
[2023-09-13T19:21:30.556+0000] {logging_mixin.py:151} INFO - [2023-09-13T19:21:30.555+0000] {dagbag.py:539} INFO - Filling up the DagBag from /home/airflow/.local/lib/python3.8/site-packages/airflow/example_dags/example_datasets.py
[2023-09-13T19:21:30.564+0000] {processor.py:839} INFO - DAG(s) dict_keys(['dataset_consumes_unknown_never_scheduled', 'dataset_produces_1', 'dataset_consumes_1', 'dataset_produces_2', 'dataset_consumes_1_never_scheduled', 'dataset_consumes_1_and_2']) retrieved from /home/airflow/.local/lib/python3.8/site-packages/airflow/example_dags/example_datasets.py
[2023-09-13T19:21:30.596+0000] {logging_mixin.py:151} INFO - [2023-09-13T19:21:30.595+0000] {dag.py:2915} INFO - Sync 6 DAGs
[2023-09-13T19:21:30.615+0000] {logging_mixin.py:151} INFO - [2023-09-13T19:21:30.615+0000] {dag.py:3696} INFO - Setting next_dagrun for dataset_consumes_1 to None, run_after=None
[2023-09-13T19:21:30.618+0000] {logging_mixin.py:151} INFO - [2023-09-13T19:21:30.618+0000] {dag.py:3696} INFO - Setting next_dagrun for dataset_consumes_1_and_2 to None, run_after=None
[2023-09-13T19:21:30.620+0000] {logging_mixin.py:151} INFO - [2023-09-13T19:21:30.620+0000] {dag.py:3696} INFO - Setting next_dagrun for dataset_consumes_1_never_scheduled to None, run_after=None
[2023-09-13T19:21:30.621+0000] {logging_mixin.py:151} INFO - [2023-09-13T19:21:30.621+0000] {dag.py:3696} INFO - Setting next_dagrun for dataset_consumes_unknown_never_scheduled to None, run_after=None
[2023-09-13T19:21:30.623+0000] {logging_mixin.py:151} INFO - [2023-09-13T19:21:30.623+0000] {dag.py:3696} INFO - Setting next_dagrun for dataset_produces_1 to 2023-09-12T00:00:00+00:00, run_after=2023-09-13T00:00:00+00:00
[2023-09-13T19:21:30.625+0000] {logging_mixin.py:151} INFO - [2023-09-13T19:21:30.624+0000] {dag.py:3696} INFO - Setting next_dagrun for dataset_produces_2 to None, run_after=None
[2023-09-13T19:21:30.648+0000] {processor.py:179} INFO - Processing /home/airflow/.local/lib/python3.8/site-packages/airflow/example_dags/example_datasets.py took 0.100 seconds
[2023-09-13T19:22:01.223+0000] {processor.py:157} INFO - Started process (PID=726) to work on /home/airflow/.local/lib/python3.8/site-packages/airflow/example_dags/example_datasets.py
[2023-09-13T19:22:01.224+0000] {processor.py:829} INFO - Processing file /home/airflow/.local/lib/python3.8/site-packages/airflow/example_dags/example_datasets.py for tasks to queue
[2023-09-13T19:22:01.227+0000] {logging_mixin.py:151} INFO - [2023-09-13T19:22:01.226+0000] {dagbag.py:539} INFO - Filling up the DagBag from /home/airflow/.local/lib/python3.8/site-packages/airflow/example_dags/example_datasets.py
[2023-09-13T19:22:01.235+0000] {processor.py:839} INFO - DAG(s) dict_keys(['dataset_produces_1', 'dataset_consumes_unknown_never_scheduled', 'dataset_consumes_1_never_scheduled', 'dataset_consumes_1_and_2', 'dataset_consumes_1', 'dataset_produces_2']) retrieved from /home/airflow/.local/lib/python3.8/site-packages/airflow/example_dags/example_datasets.py
[2023-09-13T19:22:01.264+0000] {logging_mixin.py:151} INFO - [2023-09-13T19:22:01.264+0000] {dag.py:2915} INFO - Sync 6 DAGs
[2023-09-13T19:22:01.283+0000] {logging_mixin.py:151} INFO - [2023-09-13T19:22:01.283+0000] {dag.py:3696} INFO - Setting next_dagrun for dataset_consumes_1 to None, run_after=None
[2023-09-13T19:22:01.286+0000] {logging_mixin.py:151} INFO - [2023-09-13T19:22:01.286+0000] {dag.py:3696} INFO - Setting next_dagrun for dataset_consumes_1_and_2 to None, run_after=None
[2023-09-13T19:22:01.287+0000] {logging_mixin.py:151} INFO - [2023-09-13T19:22:01.287+0000] {dag.py:3696} INFO - Setting next_dagrun for dataset_consumes_1_never_scheduled to None, run_after=None
[2023-09-13T19:22:01.288+0000] {logging_mixin.py:151} INFO - [2023-09-13T19:22:01.288+0000] {dag.py:3696} INFO - Setting next_dagrun for dataset_consumes_unknown_never_scheduled to None, run_after=None
[2023-09-13T19:22:01.290+0000] {logging_mixin.py:151} INFO - [2023-09-13T19:22:01.290+0000] {dag.py:3696} INFO - Setting next_dagrun for dataset_produces_1 to 2023-09-12T00:00:00+00:00, run_after=2023-09-13T00:00:00+00:00
[2023-09-13T19:22:01.291+0000] {logging_mixin.py:151} INFO - [2023-09-13T19:22:01.291+0000] {dag.py:3696} INFO - Setting next_dagrun for dataset_produces_2 to None, run_after=None
[2023-09-13T19:22:01.312+0000] {processor.py:179} INFO - Processing /home/airflow/.local/lib/python3.8/site-packages/airflow/example_dags/example_datasets.py took 0.093 seconds
[2023-09-13T19:22:32.041+0000] {processor.py:157} INFO - Started process (PID=780) to work on /home/airflow/.local/lib/python3.8/site-packages/airflow/example_dags/example_datasets.py
[2023-09-13T19:22:32.043+0000] {processor.py:829} INFO - Processing file /home/airflow/.local/lib/python3.8/site-packages/airflow/example_dags/example_datasets.py for tasks to queue
[2023-09-13T19:22:32.045+0000] {logging_mixin.py:151} INFO - [2023-09-13T19:22:32.045+0000] {dagbag.py:539} INFO - Filling up the DagBag from /home/airflow/.local/lib/python3.8/site-packages/airflow/example_dags/example_datasets.py
[2023-09-13T19:22:32.055+0000] {processor.py:839} INFO - DAG(s) dict_keys(['dataset_consumes_1_and_2', 'dataset_produces_2', 'dataset_consumes_1', 'dataset_consumes_1_never_scheduled', 'dataset_consumes_unknown_never_scheduled', 'dataset_produces_1']) retrieved from /home/airflow/.local/lib/python3.8/site-packages/airflow/example_dags/example_datasets.py
[2023-09-13T19:22:32.085+0000] {logging_mixin.py:151} INFO - [2023-09-13T19:22:32.085+0000] {dag.py:2915} INFO - Sync 6 DAGs
[2023-09-13T19:22:32.103+0000] {logging_mixin.py:151} INFO - [2023-09-13T19:22:32.103+0000] {dag.py:3696} INFO - Setting next_dagrun for dataset_consumes_1 to None, run_after=None
[2023-09-13T19:22:32.106+0000] {logging_mixin.py:151} INFO - [2023-09-13T19:22:32.105+0000] {dag.py:3696} INFO - Setting next_dagrun for dataset_consumes_1_and_2 to None, run_after=None
[2023-09-13T19:22:32.107+0000] {logging_mixin.py:151} INFO - [2023-09-13T19:22:32.107+0000] {dag.py:3696} INFO - Setting next_dagrun for dataset_consumes_1_never_scheduled to None, run_after=None
[2023-09-13T19:22:32.108+0000] {logging_mixin.py:151} INFO - [2023-09-13T19:22:32.108+0000] {dag.py:3696} INFO - Setting next_dagrun for dataset_consumes_unknown_never_scheduled to None, run_after=None
[2023-09-13T19:22:32.110+0000] {logging_mixin.py:151} INFO - [2023-09-13T19:22:32.110+0000] {dag.py:3696} INFO - Setting next_dagrun for dataset_produces_1 to 2023-09-12T00:00:00+00:00, run_after=2023-09-13T00:00:00+00:00
[2023-09-13T19:22:32.111+0000] {logging_mixin.py:151} INFO - [2023-09-13T19:22:32.111+0000] {dag.py:3696} INFO - Setting next_dagrun for dataset_produces_2 to None, run_after=None
[2023-09-13T19:22:32.132+0000] {processor.py:179} INFO - Processing /home/airflow/.local/lib/python3.8/site-packages/airflow/example_dags/example_datasets.py took 0.095 seconds
[2023-09-13T19:23:02.433+0000] {processor.py:157} INFO - Started process (PID=834) to work on /home/airflow/.local/lib/python3.8/site-packages/airflow/example_dags/example_datasets.py
[2023-09-13T19:23:02.434+0000] {processor.py:829} INFO - Processing file /home/airflow/.local/lib/python3.8/site-packages/airflow/example_dags/example_datasets.py for tasks to queue
[2023-09-13T19:23:02.437+0000] {logging_mixin.py:151} INFO - [2023-09-13T19:23:02.436+0000] {dagbag.py:539} INFO - Filling up the DagBag from /home/airflow/.local/lib/python3.8/site-packages/airflow/example_dags/example_datasets.py
[2023-09-13T19:23:02.446+0000] {processor.py:839} INFO - DAG(s) dict_keys(['dataset_consumes_unknown_never_scheduled', 'dataset_produces_2', 'dataset_consumes_1', 'dataset_consumes_1_never_scheduled', 'dataset_consumes_1_and_2', 'dataset_produces_1']) retrieved from /home/airflow/.local/lib/python3.8/site-packages/airflow/example_dags/example_datasets.py
[2023-09-13T19:23:02.477+0000] {logging_mixin.py:151} INFO - [2023-09-13T19:23:02.477+0000] {dag.py:2915} INFO - Sync 6 DAGs
[2023-09-13T19:23:02.496+0000] {logging_mixin.py:151} INFO - [2023-09-13T19:23:02.496+0000] {dag.py:3696} INFO - Setting next_dagrun for dataset_consumes_1 to None, run_after=None
[2023-09-13T19:23:02.499+0000] {logging_mixin.py:151} INFO - [2023-09-13T19:23:02.499+0000] {dag.py:3696} INFO - Setting next_dagrun for dataset_consumes_1_and_2 to None, run_after=None
[2023-09-13T19:23:02.500+0000] {logging_mixin.py:151} INFO - [2023-09-13T19:23:02.500+0000] {dag.py:3696} INFO - Setting next_dagrun for dataset_consumes_1_never_scheduled to None, run_after=None
[2023-09-13T19:23:02.501+0000] {logging_mixin.py:151} INFO - [2023-09-13T19:23:02.501+0000] {dag.py:3696} INFO - Setting next_dagrun for dataset_consumes_unknown_never_scheduled to None, run_after=None
[2023-09-13T19:23:02.503+0000] {logging_mixin.py:151} INFO - [2023-09-13T19:23:02.503+0000] {dag.py:3696} INFO - Setting next_dagrun for dataset_produces_1 to 2023-09-12T00:00:00+00:00, run_after=2023-09-13T00:00:00+00:00
[2023-09-13T19:23:02.504+0000] {logging_mixin.py:151} INFO - [2023-09-13T19:23:02.504+0000] {dag.py:3696} INFO - Setting next_dagrun for dataset_produces_2 to None, run_after=None
[2023-09-13T19:23:02.526+0000] {processor.py:179} INFO - Processing /home/airflow/.local/lib/python3.8/site-packages/airflow/example_dags/example_datasets.py took 0.097 seconds
[2023-09-13T19:23:32.732+0000] {processor.py:157} INFO - Started process (PID=889) to work on /home/airflow/.local/lib/python3.8/site-packages/airflow/example_dags/example_datasets.py
[2023-09-13T19:23:32.733+0000] {processor.py:829} INFO - Processing file /home/airflow/.local/lib/python3.8/site-packages/airflow/example_dags/example_datasets.py for tasks to queue
[2023-09-13T19:23:32.736+0000] {logging_mixin.py:151} INFO - [2023-09-13T19:23:32.735+0000] {dagbag.py:539} INFO - Filling up the DagBag from /home/airflow/.local/lib/python3.8/site-packages/airflow/example_dags/example_datasets.py
[2023-09-13T19:23:32.745+0000] {processor.py:839} INFO - DAG(s) dict_keys(['dataset_produces_2', 'dataset_consumes_1', 'dataset_consumes_1_and_2', 'dataset_consumes_1_never_scheduled', 'dataset_consumes_unknown_never_scheduled', 'dataset_produces_1']) retrieved from /home/airflow/.local/lib/python3.8/site-packages/airflow/example_dags/example_datasets.py
[2023-09-13T19:23:32.774+0000] {logging_mixin.py:151} INFO - [2023-09-13T19:23:32.774+0000] {dag.py:2915} INFO - Sync 6 DAGs
[2023-09-13T19:23:32.792+0000] {logging_mixin.py:151} INFO - [2023-09-13T19:23:32.792+0000] {dag.py:3696} INFO - Setting next_dagrun for dataset_consumes_1 to None, run_after=None
[2023-09-13T19:23:32.795+0000] {logging_mixin.py:151} INFO - [2023-09-13T19:23:32.795+0000] {dag.py:3696} INFO - Setting next_dagrun for dataset_consumes_1_and_2 to None, run_after=None
[2023-09-13T19:23:32.796+0000] {logging_mixin.py:151} INFO - [2023-09-13T19:23:32.796+0000] {dag.py:3696} INFO - Setting next_dagrun for dataset_consumes_1_never_scheduled to None, run_after=None
[2023-09-13T19:23:32.797+0000] {logging_mixin.py:151} INFO - [2023-09-13T19:23:32.797+0000] {dag.py:3696} INFO - Setting next_dagrun for dataset_consumes_unknown_never_scheduled to None, run_after=None
[2023-09-13T19:23:32.800+0000] {logging_mixin.py:151} INFO - [2023-09-13T19:23:32.800+0000] {dag.py:3696} INFO - Setting next_dagrun for dataset_produces_1 to 2023-09-12T00:00:00+00:00, run_after=2023-09-13T00:00:00+00:00
[2023-09-13T19:23:32.801+0000] {logging_mixin.py:151} INFO - [2023-09-13T19:23:32.801+0000] {dag.py:3696} INFO - Setting next_dagrun for dataset_produces_2 to None, run_after=None
[2023-09-13T19:23:32.821+0000] {processor.py:179} INFO - Processing /home/airflow/.local/lib/python3.8/site-packages/airflow/example_dags/example_datasets.py took 0.093 seconds
[2023-09-13T19:24:02.931+0000] {processor.py:157} INFO - Started process (PID=943) to work on /home/airflow/.local/lib/python3.8/site-packages/airflow/example_dags/example_datasets.py
[2023-09-13T19:24:02.932+0000] {processor.py:829} INFO - Processing file /home/airflow/.local/lib/python3.8/site-packages/airflow/example_dags/example_datasets.py for tasks to queue
[2023-09-13T19:24:02.935+0000] {logging_mixin.py:151} INFO - [2023-09-13T19:24:02.935+0000] {dagbag.py:539} INFO - Filling up the DagBag from /home/airflow/.local/lib/python3.8/site-packages/airflow/example_dags/example_datasets.py
[2023-09-13T19:24:02.944+0000] {processor.py:839} INFO - DAG(s) dict_keys(['dataset_consumes_1_never_scheduled', 'dataset_produces_1', 'dataset_consumes_1', 'dataset_consumes_1_and_2', 'dataset_produces_2', 'dataset_consumes_unknown_never_scheduled']) retrieved from /home/airflow/.local/lib/python3.8/site-packages/airflow/example_dags/example_datasets.py
[2023-09-13T19:24:02.975+0000] {logging_mixin.py:151} INFO - [2023-09-13T19:24:02.975+0000] {dag.py:2915} INFO - Sync 6 DAGs
[2023-09-13T19:24:02.994+0000] {logging_mixin.py:151} INFO - [2023-09-13T19:24:02.994+0000] {dag.py:3696} INFO - Setting next_dagrun for dataset_consumes_1 to None, run_after=None
[2023-09-13T19:24:02.997+0000] {logging_mixin.py:151} INFO - [2023-09-13T19:24:02.997+0000] {dag.py:3696} INFO - Setting next_dagrun for dataset_consumes_1_and_2 to None, run_after=None
[2023-09-13T19:24:02.999+0000] {logging_mixin.py:151} INFO - [2023-09-13T19:24:02.998+0000] {dag.py:3696} INFO - Setting next_dagrun for dataset_consumes_1_never_scheduled to None, run_after=None
[2023-09-13T19:24:03.000+0000] {logging_mixin.py:151} INFO - [2023-09-13T19:24:03.000+0000] {dag.py:3696} INFO - Setting next_dagrun for dataset_consumes_unknown_never_scheduled to None, run_after=None
[2023-09-13T19:24:03.002+0000] {logging_mixin.py:151} INFO - [2023-09-13T19:24:03.002+0000] {dag.py:3696} INFO - Setting next_dagrun for dataset_produces_1 to 2023-09-12T00:00:00+00:00, run_after=2023-09-13T00:00:00+00:00
[2023-09-13T19:24:03.003+0000] {logging_mixin.py:151} INFO - [2023-09-13T19:24:03.003+0000] {dag.py:3696} INFO - Setting next_dagrun for dataset_produces_2 to None, run_after=None
[2023-09-13T19:24:03.023+0000] {processor.py:179} INFO - Processing /home/airflow/.local/lib/python3.8/site-packages/airflow/example_dags/example_datasets.py took 0.096 seconds
[2023-09-13T19:24:33.268+0000] {processor.py:157} INFO - Started process (PID=999) to work on /home/airflow/.local/lib/python3.8/site-packages/airflow/example_dags/example_datasets.py
[2023-09-13T19:24:33.269+0000] {processor.py:829} INFO - Processing file /home/airflow/.local/lib/python3.8/site-packages/airflow/example_dags/example_datasets.py for tasks to queue
[2023-09-13T19:24:33.272+0000] {logging_mixin.py:151} INFO - [2023-09-13T19:24:33.271+0000] {dagbag.py:539} INFO - Filling up the DagBag from /home/airflow/.local/lib/python3.8/site-packages/airflow/example_dags/example_datasets.py
[2023-09-13T19:24:33.280+0000] {processor.py:839} INFO - DAG(s) dict_keys(['dataset_consumes_1_never_scheduled', 'dataset_consumes_1_and_2', 'dataset_produces_2', 'dataset_consumes_unknown_never_scheduled', 'dataset_consumes_1', 'dataset_produces_1']) retrieved from /home/airflow/.local/lib/python3.8/site-packages/airflow/example_dags/example_datasets.py
[2023-09-13T19:24:33.309+0000] {logging_mixin.py:151} INFO - [2023-09-13T19:24:33.309+0000] {dag.py:2915} INFO - Sync 6 DAGs
[2023-09-13T19:24:33.327+0000] {logging_mixin.py:151} INFO - [2023-09-13T19:24:33.327+0000] {dag.py:3696} INFO - Setting next_dagrun for dataset_consumes_1 to None, run_after=None
[2023-09-13T19:24:33.330+0000] {logging_mixin.py:151} INFO - [2023-09-13T19:24:33.330+0000] {dag.py:3696} INFO - Setting next_dagrun for dataset_consumes_1_and_2 to None, run_after=None
[2023-09-13T19:24:33.331+0000] {logging_mixin.py:151} INFO - [2023-09-13T19:24:33.331+0000] {dag.py:3696} INFO - Setting next_dagrun for dataset_consumes_1_never_scheduled to None, run_after=None
[2023-09-13T19:24:33.332+0000] {logging_mixin.py:151} INFO - [2023-09-13T19:24:33.332+0000] {dag.py:3696} INFO - Setting next_dagrun for dataset_consumes_unknown_never_scheduled to None, run_after=None
[2023-09-13T19:24:33.335+0000] {logging_mixin.py:151} INFO - [2023-09-13T19:24:33.334+0000] {dag.py:3696} INFO - Setting next_dagrun for dataset_produces_1 to 2023-09-12T00:00:00+00:00, run_after=2023-09-13T00:00:00+00:00
[2023-09-13T19:24:33.336+0000] {logging_mixin.py:151} INFO - [2023-09-13T19:24:33.336+0000] {dag.py:3696} INFO - Setting next_dagrun for dataset_produces_2 to None, run_after=None
[2023-09-13T19:24:33.355+0000] {processor.py:179} INFO - Processing /home/airflow/.local/lib/python3.8/site-packages/airflow/example_dags/example_datasets.py took 0.090 seconds
[2023-09-13T19:25:03.404+0000] {processor.py:157} INFO - Started process (PID=1051) to work on /home/airflow/.local/lib/python3.8/site-packages/airflow/example_dags/example_datasets.py
[2023-09-13T19:25:03.405+0000] {processor.py:829} INFO - Processing file /home/airflow/.local/lib/python3.8/site-packages/airflow/example_dags/example_datasets.py for tasks to queue
[2023-09-13T19:25:03.410+0000] {logging_mixin.py:151} INFO - [2023-09-13T19:25:03.409+0000] {dagbag.py:539} INFO - Filling up the DagBag from /home/airflow/.local/lib/python3.8/site-packages/airflow/example_dags/example_datasets.py
[2023-09-13T19:25:03.419+0000] {processor.py:839} INFO - DAG(s) dict_keys(['dataset_produces_1', 'dataset_consumes_unknown_never_scheduled', 'dataset_consumes_1', 'dataset_consumes_1_and_2', 'dataset_consumes_1_never_scheduled', 'dataset_produces_2']) retrieved from /home/airflow/.local/lib/python3.8/site-packages/airflow/example_dags/example_datasets.py
[2023-09-13T19:25:03.449+0000] {logging_mixin.py:151} INFO - [2023-09-13T19:25:03.449+0000] {dag.py:2915} INFO - Sync 6 DAGs
[2023-09-13T19:25:03.468+0000] {logging_mixin.py:151} INFO - [2023-09-13T19:25:03.468+0000] {dag.py:3696} INFO - Setting next_dagrun for dataset_consumes_1 to None, run_after=None
[2023-09-13T19:25:03.471+0000] {logging_mixin.py:151} INFO - [2023-09-13T19:25:03.471+0000] {dag.py:3696} INFO - Setting next_dagrun for dataset_consumes_1_and_2 to None, run_after=None
[2023-09-13T19:25:03.472+0000] {logging_mixin.py:151} INFO - [2023-09-13T19:25:03.472+0000] {dag.py:3696} INFO - Setting next_dagrun for dataset_consumes_1_never_scheduled to None, run_after=None
[2023-09-13T19:25:03.473+0000] {logging_mixin.py:151} INFO - [2023-09-13T19:25:03.473+0000] {dag.py:3696} INFO - Setting next_dagrun for dataset_consumes_unknown_never_scheduled to None, run_after=None
[2023-09-13T19:25:03.476+0000] {logging_mixin.py:151} INFO - [2023-09-13T19:25:03.475+0000] {dag.py:3696} INFO - Setting next_dagrun for dataset_produces_1 to 2023-09-12T00:00:00+00:00, run_after=2023-09-13T00:00:00+00:00
[2023-09-13T19:25:03.477+0000] {logging_mixin.py:151} INFO - [2023-09-13T19:25:03.477+0000] {dag.py:3696} INFO - Setting next_dagrun for dataset_produces_2 to None, run_after=None
[2023-09-13T19:25:03.496+0000] {processor.py:179} INFO - Processing /home/airflow/.local/lib/python3.8/site-packages/airflow/example_dags/example_datasets.py took 0.096 seconds
[2023-09-13T19:25:33.736+0000] {processor.py:157} INFO - Started process (PID=1106) to work on /home/airflow/.local/lib/python3.8/site-packages/airflow/example_dags/example_datasets.py
[2023-09-13T19:25:33.738+0000] {processor.py:829} INFO - Processing file /home/airflow/.local/lib/python3.8/site-packages/airflow/example_dags/example_datasets.py for tasks to queue
[2023-09-13T19:25:33.740+0000] {logging_mixin.py:151} INFO - [2023-09-13T19:25:33.740+0000] {dagbag.py:539} INFO - Filling up the DagBag from /home/airflow/.local/lib/python3.8/site-packages/airflow/example_dags/example_datasets.py
[2023-09-13T19:25:33.748+0000] {processor.py:839} INFO - DAG(s) dict_keys(['dataset_consumes_1_and_2', 'dataset_consumes_1_never_scheduled', 'dataset_produces_1', 'dataset_produces_2', 'dataset_consumes_1', 'dataset_consumes_unknown_never_scheduled']) retrieved from /home/airflow/.local/lib/python3.8/site-packages/airflow/example_dags/example_datasets.py
[2023-09-13T19:25:33.777+0000] {logging_mixin.py:151} INFO - [2023-09-13T19:25:33.777+0000] {dag.py:2915} INFO - Sync 6 DAGs
[2023-09-13T19:25:33.795+0000] {logging_mixin.py:151} INFO - [2023-09-13T19:25:33.795+0000] {dag.py:3696} INFO - Setting next_dagrun for dataset_consumes_1 to None, run_after=None
[2023-09-13T19:25:33.798+0000] {logging_mixin.py:151} INFO - [2023-09-13T19:25:33.798+0000] {dag.py:3696} INFO - Setting next_dagrun for dataset_consumes_1_and_2 to None, run_after=None
[2023-09-13T19:25:33.800+0000] {logging_mixin.py:151} INFO - [2023-09-13T19:25:33.799+0000] {dag.py:3696} INFO - Setting next_dagrun for dataset_consumes_1_never_scheduled to None, run_after=None
[2023-09-13T19:25:33.801+0000] {logging_mixin.py:151} INFO - [2023-09-13T19:25:33.801+0000] {dag.py:3696} INFO - Setting next_dagrun for dataset_consumes_unknown_never_scheduled to None, run_after=None
[2023-09-13T19:25:33.803+0000] {logging_mixin.py:151} INFO - [2023-09-13T19:25:33.803+0000] {dag.py:3696} INFO - Setting next_dagrun for dataset_produces_1 to 2023-09-12T00:00:00+00:00, run_after=2023-09-13T00:00:00+00:00
[2023-09-13T19:25:33.804+0000] {logging_mixin.py:151} INFO - [2023-09-13T19:25:33.804+0000] {dag.py:3696} INFO - Setting next_dagrun for dataset_produces_2 to None, run_after=None
[2023-09-13T19:25:33.823+0000] {processor.py:179} INFO - Processing /home/airflow/.local/lib/python3.8/site-packages/airflow/example_dags/example_datasets.py took 0.090 seconds
[2023-09-13T19:26:04.708+0000] {processor.py:157} INFO - Started process (PID=1160) to work on /home/airflow/.local/lib/python3.8/site-packages/airflow/example_dags/example_datasets.py
[2023-09-13T19:26:04.710+0000] {processor.py:829} INFO - Processing file /home/airflow/.local/lib/python3.8/site-packages/airflow/example_dags/example_datasets.py for tasks to queue
[2023-09-13T19:26:04.712+0000] {logging_mixin.py:151} INFO - [2023-09-13T19:26:04.712+0000] {dagbag.py:539} INFO - Filling up the DagBag from /home/airflow/.local/lib/python3.8/site-packages/airflow/example_dags/example_datasets.py
[2023-09-13T19:26:04.722+0000] {processor.py:839} INFO - DAG(s) dict_keys(['dataset_consumes_1_and_2', 'dataset_produces_1', 'dataset_consumes_unknown_never_scheduled', 'dataset_consumes_1_never_scheduled', 'dataset_produces_2', 'dataset_consumes_1']) retrieved from /home/airflow/.local/lib/python3.8/site-packages/airflow/example_dags/example_datasets.py
[2023-09-13T19:26:04.756+0000] {logging_mixin.py:151} INFO - [2023-09-13T19:26:04.756+0000] {dag.py:2915} INFO - Sync 6 DAGs
[2023-09-13T19:26:04.775+0000] {logging_mixin.py:151} INFO - [2023-09-13T19:26:04.775+0000] {dag.py:3696} INFO - Setting next_dagrun for dataset_consumes_1 to None, run_after=None
[2023-09-13T19:26:04.778+0000] {logging_mixin.py:151} INFO - [2023-09-13T19:26:04.778+0000] {dag.py:3696} INFO - Setting next_dagrun for dataset_consumes_1_and_2 to None, run_after=None
[2023-09-13T19:26:04.780+0000] {logging_mixin.py:151} INFO - [2023-09-13T19:26:04.780+0000] {dag.py:3696} INFO - Setting next_dagrun for dataset_consumes_1_never_scheduled to None, run_after=None
[2023-09-13T19:26:04.781+0000] {logging_mixin.py:151} INFO - [2023-09-13T19:26:04.781+0000] {dag.py:3696} INFO - Setting next_dagrun for dataset_consumes_unknown_never_scheduled to None, run_after=None
[2023-09-13T19:26:04.784+0000] {logging_mixin.py:151} INFO - [2023-09-13T19:26:04.784+0000] {dag.py:3696} INFO - Setting next_dagrun for dataset_produces_1 to 2023-09-12T00:00:00+00:00, run_after=2023-09-13T00:00:00+00:00
[2023-09-13T19:26:04.785+0000] {logging_mixin.py:151} INFO - [2023-09-13T19:26:04.785+0000] {dag.py:3696} INFO - Setting next_dagrun for dataset_produces_2 to None, run_after=None
[2023-09-13T19:26:04.805+0000] {processor.py:179} INFO - Processing /home/airflow/.local/lib/python3.8/site-packages/airflow/example_dags/example_datasets.py took 0.101 seconds
[2023-09-13T19:26:35.161+0000] {processor.py:157} INFO - Started process (PID=1217) to work on /home/airflow/.local/lib/python3.8/site-packages/airflow/example_dags/example_datasets.py
[2023-09-13T19:26:35.162+0000] {processor.py:829} INFO - Processing file /home/airflow/.local/lib/python3.8/site-packages/airflow/example_dags/example_datasets.py for tasks to queue
[2023-09-13T19:26:35.166+0000] {logging_mixin.py:151} INFO - [2023-09-13T19:26:35.165+0000] {dagbag.py:539} INFO - Filling up the DagBag from /home/airflow/.local/lib/python3.8/site-packages/airflow/example_dags/example_datasets.py
[2023-09-13T19:26:35.175+0000] {processor.py:839} INFO - DAG(s) dict_keys(['dataset_produces_2', 'dataset_produces_1', 'dataset_consumes_1', 'dataset_consumes_unknown_never_scheduled', 'dataset_consumes_1_and_2', 'dataset_consumes_1_never_scheduled']) retrieved from /home/airflow/.local/lib/python3.8/site-packages/airflow/example_dags/example_datasets.py
[2023-09-13T19:26:35.211+0000] {logging_mixin.py:151} INFO - [2023-09-13T19:26:35.211+0000] {dag.py:2915} INFO - Sync 6 DAGs
[2023-09-13T19:26:35.233+0000] {logging_mixin.py:151} INFO - [2023-09-13T19:26:35.233+0000] {dag.py:3696} INFO - Setting next_dagrun for dataset_consumes_1 to None, run_after=None
[2023-09-13T19:26:35.237+0000] {logging_mixin.py:151} INFO - [2023-09-13T19:26:35.237+0000] {dag.py:3696} INFO - Setting next_dagrun for dataset_consumes_1_and_2 to None, run_after=None
[2023-09-13T19:26:35.238+0000] {logging_mixin.py:151} INFO - [2023-09-13T19:26:35.238+0000] {dag.py:3696} INFO - Setting next_dagrun for dataset_consumes_1_never_scheduled to None, run_after=None
[2023-09-13T19:26:35.240+0000] {logging_mixin.py:151} INFO - [2023-09-13T19:26:35.240+0000] {dag.py:3696} INFO - Setting next_dagrun for dataset_consumes_unknown_never_scheduled to None, run_after=None
[2023-09-13T19:26:35.242+0000] {logging_mixin.py:151} INFO - [2023-09-13T19:26:35.242+0000] {dag.py:3696} INFO - Setting next_dagrun for dataset_produces_1 to 2023-09-12T00:00:00+00:00, run_after=2023-09-13T00:00:00+00:00
[2023-09-13T19:26:35.244+0000] {logging_mixin.py:151} INFO - [2023-09-13T19:26:35.244+0000] {dag.py:3696} INFO - Setting next_dagrun for dataset_produces_2 to None, run_after=None
[2023-09-13T19:26:35.274+0000] {processor.py:179} INFO - Processing /home/airflow/.local/lib/python3.8/site-packages/airflow/example_dags/example_datasets.py took 0.117 seconds
[2023-09-13T19:27:05.553+0000] {processor.py:157} INFO - Started process (PID=1272) to work on /home/airflow/.local/lib/python3.8/site-packages/airflow/example_dags/example_datasets.py
[2023-09-13T19:27:05.554+0000] {processor.py:829} INFO - Processing file /home/airflow/.local/lib/python3.8/site-packages/airflow/example_dags/example_datasets.py for tasks to queue
[2023-09-13T19:27:05.557+0000] {logging_mixin.py:151} INFO - [2023-09-13T19:27:05.556+0000] {dagbag.py:539} INFO - Filling up the DagBag from /home/airflow/.local/lib/python3.8/site-packages/airflow/example_dags/example_datasets.py
[2023-09-13T19:27:05.566+0000] {processor.py:839} INFO - DAG(s) dict_keys(['dataset_consumes_1_and_2', 'dataset_produces_2', 'dataset_produces_1', 'dataset_consumes_unknown_never_scheduled', 'dataset_consumes_1', 'dataset_consumes_1_never_scheduled']) retrieved from /home/airflow/.local/lib/python3.8/site-packages/airflow/example_dags/example_datasets.py
[2023-09-13T19:27:05.661+0000] {logging_mixin.py:151} INFO - [2023-09-13T19:27:05.661+0000] {security.py:708} INFO - Not syncing DAG-level permissions for DAG 'DAG:dataset_produces_1' as access control is unset.
[2023-09-13T19:27:05.669+0000] {logging_mixin.py:151} INFO - [2023-09-13T19:27:05.669+0000] {dag.py:2915} INFO - Sync 6 DAGs
[2023-09-13T19:27:05.687+0000] {logging_mixin.py:151} INFO - [2023-09-13T19:27:05.687+0000] {dag.py:3696} INFO - Setting next_dagrun for dataset_consumes_1 to None, run_after=None
[2023-09-13T19:27:05.692+0000] {logging_mixin.py:151} INFO - [2023-09-13T19:27:05.692+0000] {dag.py:3696} INFO - Setting next_dagrun for dataset_consumes_1_and_2 to None, run_after=None
[2023-09-13T19:27:05.693+0000] {logging_mixin.py:151} INFO - [2023-09-13T19:27:05.693+0000] {dag.py:3696} INFO - Setting next_dagrun for dataset_consumes_1_never_scheduled to None, run_after=None
[2023-09-13T19:27:05.695+0000] {logging_mixin.py:151} INFO - [2023-09-13T19:27:05.694+0000] {dag.py:3696} INFO - Setting next_dagrun for dataset_consumes_unknown_never_scheduled to None, run_after=None
[2023-09-13T19:27:05.698+0000] {logging_mixin.py:151} INFO - [2023-09-13T19:27:05.698+0000] {dag.py:3696} INFO - Setting next_dagrun for dataset_produces_1 to 2023-09-12T00:00:00+00:00, run_after=2023-09-13T00:00:00+00:00
[2023-09-13T19:27:05.700+0000] {logging_mixin.py:151} INFO - [2023-09-13T19:27:05.700+0000] {dag.py:3696} INFO - Setting next_dagrun for dataset_produces_2 to None, run_after=None
[2023-09-13T19:27:05.734+0000] {processor.py:179} INFO - Processing /home/airflow/.local/lib/python3.8/site-packages/airflow/example_dags/example_datasets.py took 0.184 seconds
[2023-09-13T19:28:18.622+0000] {processor.py:157} INFO - Started process (PID=72) to work on /home/airflow/.local/lib/python3.8/site-packages/airflow/example_dags/example_datasets.py
[2023-09-13T19:28:18.626+0000] {processor.py:829} INFO - Processing file /home/airflow/.local/lib/python3.8/site-packages/airflow/example_dags/example_datasets.py for tasks to queue
[2023-09-13T19:28:18.634+0000] {logging_mixin.py:151} INFO - [2023-09-13T19:28:18.633+0000] {dagbag.py:539} INFO - Filling up the DagBag from /home/airflow/.local/lib/python3.8/site-packages/airflow/example_dags/example_datasets.py
[2023-09-13T19:28:18.671+0000] {processor.py:839} INFO - DAG(s) dict_keys(['dataset_consumes_unknown_never_scheduled', 'dataset_produces_2', 'dataset_produces_1', 'dataset_consumes_1', 'dataset_consumes_1_and_2', 'dataset_consumes_1_never_scheduled']) retrieved from /home/airflow/.local/lib/python3.8/site-packages/airflow/example_dags/example_datasets.py
[2023-09-13T19:28:18.707+0000] {logging_mixin.py:151} INFO - [2023-09-13T19:28:18.707+0000] {dag.py:2915} INFO - Sync 6 DAGs
[2023-09-13T19:28:18.755+0000] {logging_mixin.py:151} INFO - [2023-09-13T19:28:18.754+0000] {dag.py:3696} INFO - Setting next_dagrun for dataset_consumes_1 to None, run_after=None
[2023-09-13T19:28:18.766+0000] {logging_mixin.py:151} INFO - [2023-09-13T19:28:18.766+0000] {dag.py:3696} INFO - Setting next_dagrun for dataset_consumes_1_and_2 to None, run_after=None
[2023-09-13T19:28:18.769+0000] {logging_mixin.py:151} INFO - [2023-09-13T19:28:18.769+0000] {dag.py:3696} INFO - Setting next_dagrun for dataset_consumes_1_never_scheduled to None, run_after=None
[2023-09-13T19:28:18.773+0000] {logging_mixin.py:151} INFO - [2023-09-13T19:28:18.772+0000] {dag.py:3696} INFO - Setting next_dagrun for dataset_consumes_unknown_never_scheduled to None, run_after=None
[2023-09-13T19:28:18.778+0000] {logging_mixin.py:151} INFO - [2023-09-13T19:28:18.778+0000] {dag.py:3696} INFO - Setting next_dagrun for dataset_produces_1 to 2023-09-12T00:00:00+00:00, run_after=2023-09-13T00:00:00+00:00
[2023-09-13T19:28:18.782+0000] {logging_mixin.py:151} INFO - [2023-09-13T19:28:18.782+0000] {dag.py:3696} INFO - Setting next_dagrun for dataset_produces_2 to None, run_after=None
[2023-09-13T19:28:18.857+0000] {processor.py:179} INFO - Processing /home/airflow/.local/lib/python3.8/site-packages/airflow/example_dags/example_datasets.py took 0.243 seconds
[2023-09-13T19:28:48.950+0000] {processor.py:157} INFO - Started process (PID=128) to work on /home/airflow/.local/lib/python3.8/site-packages/airflow/example_dags/example_datasets.py
[2023-09-13T19:28:48.953+0000] {processor.py:829} INFO - Processing file /home/airflow/.local/lib/python3.8/site-packages/airflow/example_dags/example_datasets.py for tasks to queue
[2023-09-13T19:28:48.957+0000] {logging_mixin.py:151} INFO - [2023-09-13T19:28:48.956+0000] {dagbag.py:539} INFO - Filling up the DagBag from /home/airflow/.local/lib/python3.8/site-packages/airflow/example_dags/example_datasets.py
[2023-09-13T19:28:48.970+0000] {processor.py:839} INFO - DAG(s) dict_keys(['dataset_produces_1', 'dataset_produces_2', 'dataset_consumes_1_and_2', 'dataset_consumes_1', 'dataset_consumes_unknown_never_scheduled', 'dataset_consumes_1_never_scheduled']) retrieved from /home/airflow/.local/lib/python3.8/site-packages/airflow/example_dags/example_datasets.py
[2023-09-13T19:28:49.016+0000] {logging_mixin.py:151} INFO - [2023-09-13T19:28:49.016+0000] {dag.py:2915} INFO - Sync 6 DAGs
[2023-09-13T19:28:49.039+0000] {logging_mixin.py:151} INFO - [2023-09-13T19:28:49.038+0000] {dag.py:3696} INFO - Setting next_dagrun for dataset_consumes_1 to None, run_after=None
[2023-09-13T19:28:49.042+0000] {logging_mixin.py:151} INFO - [2023-09-13T19:28:49.042+0000] {dag.py:3696} INFO - Setting next_dagrun for dataset_consumes_1_and_2 to None, run_after=None
[2023-09-13T19:28:49.043+0000] {logging_mixin.py:151} INFO - [2023-09-13T19:28:49.043+0000] {dag.py:3696} INFO - Setting next_dagrun for dataset_consumes_1_never_scheduled to None, run_after=None
[2023-09-13T19:28:49.045+0000] {logging_mixin.py:151} INFO - [2023-09-13T19:28:49.045+0000] {dag.py:3696} INFO - Setting next_dagrun for dataset_consumes_unknown_never_scheduled to None, run_after=None
[2023-09-13T19:28:49.047+0000] {logging_mixin.py:151} INFO - [2023-09-13T19:28:49.047+0000] {dag.py:3696} INFO - Setting next_dagrun for dataset_produces_1 to 2023-09-12T00:00:00+00:00, run_after=2023-09-13T00:00:00+00:00
[2023-09-13T19:28:49.049+0000] {logging_mixin.py:151} INFO - [2023-09-13T19:28:49.049+0000] {dag.py:3696} INFO - Setting next_dagrun for dataset_produces_2 to None, run_after=None
[2023-09-13T19:28:49.079+0000] {processor.py:179} INFO - Processing /home/airflow/.local/lib/python3.8/site-packages/airflow/example_dags/example_datasets.py took 0.135 seconds
[2023-09-13T19:29:19.797+0000] {processor.py:157} INFO - Started process (PID=183) to work on /home/airflow/.local/lib/python3.8/site-packages/airflow/example_dags/example_datasets.py
[2023-09-13T19:29:19.798+0000] {processor.py:829} INFO - Processing file /home/airflow/.local/lib/python3.8/site-packages/airflow/example_dags/example_datasets.py for tasks to queue
[2023-09-13T19:29:19.801+0000] {logging_mixin.py:151} INFO - [2023-09-13T19:29:19.800+0000] {dagbag.py:539} INFO - Filling up the DagBag from /home/airflow/.local/lib/python3.8/site-packages/airflow/example_dags/example_datasets.py
[2023-09-13T19:29:19.809+0000] {processor.py:839} INFO - DAG(s) dict_keys(['dataset_produces_2', 'dataset_consumes_1_never_scheduled', 'dataset_consumes_unknown_never_scheduled', 'dataset_consumes_1', 'dataset_consumes_1_and_2', 'dataset_produces_1']) retrieved from /home/airflow/.local/lib/python3.8/site-packages/airflow/example_dags/example_datasets.py
[2023-09-13T19:29:19.894+0000] {logging_mixin.py:151} INFO - [2023-09-13T19:29:19.894+0000] {security.py:708} INFO - Not syncing DAG-level permissions for DAG 'DAG:dataset_produces_1' as access control is unset.
[2023-09-13T19:29:19.895+0000] {logging_mixin.py:151} INFO - [2023-09-13T19:29:19.894+0000] {dag.py:2915} INFO - Sync 6 DAGs
[2023-09-13T19:29:19.909+0000] {logging_mixin.py:151} INFO - [2023-09-13T19:29:19.909+0000] {dag.py:3696} INFO - Setting next_dagrun for dataset_consumes_1 to None, run_after=None
[2023-09-13T19:29:19.912+0000] {logging_mixin.py:151} INFO - [2023-09-13T19:29:19.912+0000] {dag.py:3696} INFO - Setting next_dagrun for dataset_consumes_1_and_2 to None, run_after=None
[2023-09-13T19:29:19.913+0000] {logging_mixin.py:151} INFO - [2023-09-13T19:29:19.913+0000] {dag.py:3696} INFO - Setting next_dagrun for dataset_consumes_1_never_scheduled to None, run_after=None
[2023-09-13T19:29:19.914+0000] {logging_mixin.py:151} INFO - [2023-09-13T19:29:19.914+0000] {dag.py:3696} INFO - Setting next_dagrun for dataset_consumes_unknown_never_scheduled to None, run_after=None
[2023-09-13T19:29:19.916+0000] {logging_mixin.py:151} INFO - [2023-09-13T19:29:19.916+0000] {dag.py:3696} INFO - Setting next_dagrun for dataset_produces_1 to 2023-09-12T00:00:00+00:00, run_after=2023-09-13T00:00:00+00:00
[2023-09-13T19:29:19.918+0000] {logging_mixin.py:151} INFO - [2023-09-13T19:29:19.918+0000] {dag.py:3696} INFO - Setting next_dagrun for dataset_produces_2 to None, run_after=None
[2023-09-13T19:29:19.943+0000] {processor.py:179} INFO - Processing /home/airflow/.local/lib/python3.8/site-packages/airflow/example_dags/example_datasets.py took 0.150 seconds
[2023-09-13T19:29:50.107+0000] {processor.py:157} INFO - Started process (PID=237) to work on /home/airflow/.local/lib/python3.8/site-packages/airflow/example_dags/example_datasets.py
[2023-09-13T19:29:50.108+0000] {processor.py:829} INFO - Processing file /home/airflow/.local/lib/python3.8/site-packages/airflow/example_dags/example_datasets.py for tasks to queue
[2023-09-13T19:29:50.110+0000] {logging_mixin.py:151} INFO - [2023-09-13T19:29:50.110+0000] {dagbag.py:539} INFO - Filling up the DagBag from /home/airflow/.local/lib/python3.8/site-packages/airflow/example_dags/example_datasets.py
[2023-09-13T19:29:50.119+0000] {processor.py:839} INFO - DAG(s) dict_keys(['dataset_consumes_1_and_2', 'dataset_produces_1', 'dataset_consumes_1_never_scheduled', 'dataset_consumes_1', 'dataset_produces_2', 'dataset_consumes_unknown_never_scheduled']) retrieved from /home/airflow/.local/lib/python3.8/site-packages/airflow/example_dags/example_datasets.py
[2023-09-13T19:29:50.152+0000] {logging_mixin.py:151} INFO - [2023-09-13T19:29:50.152+0000] {dag.py:2915} INFO - Sync 6 DAGs
[2023-09-13T19:29:50.170+0000] {logging_mixin.py:151} INFO - [2023-09-13T19:29:50.169+0000] {dag.py:3696} INFO - Setting next_dagrun for dataset_consumes_1 to None, run_after=None
[2023-09-13T19:29:50.172+0000] {logging_mixin.py:151} INFO - [2023-09-13T19:29:50.172+0000] {dag.py:3696} INFO - Setting next_dagrun for dataset_consumes_1_and_2 to None, run_after=None
[2023-09-13T19:29:50.174+0000] {logging_mixin.py:151} INFO - [2023-09-13T19:29:50.174+0000] {dag.py:3696} INFO - Setting next_dagrun for dataset_consumes_1_never_scheduled to None, run_after=None
[2023-09-13T19:29:50.175+0000] {logging_mixin.py:151} INFO - [2023-09-13T19:29:50.175+0000] {dag.py:3696} INFO - Setting next_dagrun for dataset_consumes_unknown_never_scheduled to None, run_after=None
[2023-09-13T19:29:50.177+0000] {logging_mixin.py:151} INFO - [2023-09-13T19:29:50.177+0000] {dag.py:3696} INFO - Setting next_dagrun for dataset_produces_1 to 2023-09-12T00:00:00+00:00, run_after=2023-09-13T00:00:00+00:00
[2023-09-13T19:29:50.179+0000] {logging_mixin.py:151} INFO - [2023-09-13T19:29:50.179+0000] {dag.py:3696} INFO - Setting next_dagrun for dataset_produces_2 to None, run_after=None
[2023-09-13T19:29:50.202+0000] {processor.py:179} INFO - Processing /home/airflow/.local/lib/python3.8/site-packages/airflow/example_dags/example_datasets.py took 0.099 seconds
[2023-09-13T19:30:20.530+0000] {processor.py:157} INFO - Started process (PID=291) to work on /home/airflow/.local/lib/python3.8/site-packages/airflow/example_dags/example_datasets.py
[2023-09-13T19:30:20.532+0000] {processor.py:829} INFO - Processing file /home/airflow/.local/lib/python3.8/site-packages/airflow/example_dags/example_datasets.py for tasks to queue
[2023-09-13T19:30:20.535+0000] {logging_mixin.py:151} INFO - [2023-09-13T19:30:20.534+0000] {dagbag.py:539} INFO - Filling up the DagBag from /home/airflow/.local/lib/python3.8/site-packages/airflow/example_dags/example_datasets.py
[2023-09-13T19:30:20.544+0000] {processor.py:839} INFO - DAG(s) dict_keys(['dataset_consumes_1_never_scheduled', 'dataset_produces_1', 'dataset_consumes_1_and_2', 'dataset_consumes_unknown_never_scheduled', 'dataset_produces_2', 'dataset_consumes_1']) retrieved from /home/airflow/.local/lib/python3.8/site-packages/airflow/example_dags/example_datasets.py
[2023-09-13T19:30:20.582+0000] {logging_mixin.py:151} INFO - [2023-09-13T19:30:20.581+0000] {dag.py:2915} INFO - Sync 6 DAGs
[2023-09-13T19:30:20.609+0000] {logging_mixin.py:151} INFO - [2023-09-13T19:30:20.609+0000] {dag.py:3696} INFO - Setting next_dagrun for dataset_consumes_1 to None, run_after=None
[2023-09-13T19:30:20.615+0000] {logging_mixin.py:151} INFO - [2023-09-13T19:30:20.615+0000] {dag.py:3696} INFO - Setting next_dagrun for dataset_consumes_1_and_2 to None, run_after=None
[2023-09-13T19:30:20.618+0000] {logging_mixin.py:151} INFO - [2023-09-13T19:30:20.618+0000] {dag.py:3696} INFO - Setting next_dagrun for dataset_consumes_1_never_scheduled to None, run_after=None
[2023-09-13T19:30:20.620+0000] {logging_mixin.py:151} INFO - [2023-09-13T19:30:20.620+0000] {dag.py:3696} INFO - Setting next_dagrun for dataset_consumes_unknown_never_scheduled to None, run_after=None
[2023-09-13T19:30:20.624+0000] {logging_mixin.py:151} INFO - [2023-09-13T19:30:20.623+0000] {dag.py:3696} INFO - Setting next_dagrun for dataset_produces_1 to 2023-09-12T00:00:00+00:00, run_after=2023-09-13T00:00:00+00:00
[2023-09-13T19:30:20.626+0000] {logging_mixin.py:151} INFO - [2023-09-13T19:30:20.626+0000] {dag.py:3696} INFO - Setting next_dagrun for dataset_produces_2 to None, run_after=None
[2023-09-13T19:30:20.653+0000] {processor.py:179} INFO - Processing /home/airflow/.local/lib/python3.8/site-packages/airflow/example_dags/example_datasets.py took 0.127 seconds
[2023-09-13T19:31:34.047+0000] {processor.py:157} INFO - Started process (PID=73) to work on /home/airflow/.local/lib/python3.8/site-packages/airflow/example_dags/example_datasets.py
[2023-09-13T19:31:34.057+0000] {processor.py:829} INFO - Processing file /home/airflow/.local/lib/python3.8/site-packages/airflow/example_dags/example_datasets.py for tasks to queue
[2023-09-13T19:31:34.068+0000] {logging_mixin.py:151} INFO - [2023-09-13T19:31:34.067+0000] {dagbag.py:539} INFO - Filling up the DagBag from /home/airflow/.local/lib/python3.8/site-packages/airflow/example_dags/example_datasets.py
[2023-09-13T19:31:34.105+0000] {processor.py:839} INFO - DAG(s) dict_keys(['dataset_produces_2', 'dataset_consumes_1_and_2', 'dataset_produces_1', 'dataset_consumes_unknown_never_scheduled', 'dataset_consumes_1_never_scheduled', 'dataset_consumes_1']) retrieved from /home/airflow/.local/lib/python3.8/site-packages/airflow/example_dags/example_datasets.py
[2023-09-13T19:31:34.143+0000] {logging_mixin.py:151} INFO - [2023-09-13T19:31:34.143+0000] {dag.py:2915} INFO - Sync 6 DAGs
[2023-09-13T19:31:34.192+0000] {logging_mixin.py:151} INFO - [2023-09-13T19:31:34.192+0000] {dag.py:3696} INFO - Setting next_dagrun for dataset_consumes_1 to None, run_after=None
[2023-09-13T19:31:34.198+0000] {logging_mixin.py:151} INFO - [2023-09-13T19:31:34.198+0000] {dag.py:3696} INFO - Setting next_dagrun for dataset_consumes_1_and_2 to None, run_after=None
[2023-09-13T19:31:34.201+0000] {logging_mixin.py:151} INFO - [2023-09-13T19:31:34.201+0000] {dag.py:3696} INFO - Setting next_dagrun for dataset_consumes_1_never_scheduled to None, run_after=None
[2023-09-13T19:31:34.206+0000] {logging_mixin.py:151} INFO - [2023-09-13T19:31:34.206+0000] {dag.py:3696} INFO - Setting next_dagrun for dataset_consumes_unknown_never_scheduled to None, run_after=None
[2023-09-13T19:31:34.211+0000] {logging_mixin.py:151} INFO - [2023-09-13T19:31:34.211+0000] {dag.py:3696} INFO - Setting next_dagrun for dataset_produces_1 to 2023-09-12T00:00:00+00:00, run_after=2023-09-13T00:00:00+00:00
[2023-09-13T19:31:34.215+0000] {logging_mixin.py:151} INFO - [2023-09-13T19:31:34.215+0000] {dag.py:3696} INFO - Setting next_dagrun for dataset_produces_2 to None, run_after=None
[2023-09-13T19:31:34.286+0000] {processor.py:179} INFO - Processing /home/airflow/.local/lib/python3.8/site-packages/airflow/example_dags/example_datasets.py took 0.259 seconds
[2023-09-13T19:32:04.958+0000] {processor.py:157} INFO - Started process (PID=128) to work on /home/airflow/.local/lib/python3.8/site-packages/airflow/example_dags/example_datasets.py
[2023-09-13T19:32:04.959+0000] {processor.py:829} INFO - Processing file /home/airflow/.local/lib/python3.8/site-packages/airflow/example_dags/example_datasets.py for tasks to queue
[2023-09-13T19:32:04.962+0000] {logging_mixin.py:151} INFO - [2023-09-13T19:32:04.961+0000] {dagbag.py:539} INFO - Filling up the DagBag from /home/airflow/.local/lib/python3.8/site-packages/airflow/example_dags/example_datasets.py
[2023-09-13T19:32:04.970+0000] {processor.py:839} INFO - DAG(s) dict_keys(['dataset_consumes_1_and_2', 'dataset_produces_1', 'dataset_consumes_1', 'dataset_consumes_unknown_never_scheduled', 'dataset_produces_2', 'dataset_consumes_1_never_scheduled']) retrieved from /home/airflow/.local/lib/python3.8/site-packages/airflow/example_dags/example_datasets.py
[2023-09-13T19:32:04.999+0000] {logging_mixin.py:151} INFO - [2023-09-13T19:32:04.998+0000] {dag.py:2915} INFO - Sync 6 DAGs
[2023-09-13T19:32:05.015+0000] {logging_mixin.py:151} INFO - [2023-09-13T19:32:05.015+0000] {dag.py:3696} INFO - Setting next_dagrun for dataset_consumes_1 to None, run_after=None
[2023-09-13T19:32:05.018+0000] {logging_mixin.py:151} INFO - [2023-09-13T19:32:05.018+0000] {dag.py:3696} INFO - Setting next_dagrun for dataset_consumes_1_and_2 to None, run_after=None
[2023-09-13T19:32:05.019+0000] {logging_mixin.py:151} INFO - [2023-09-13T19:32:05.019+0000] {dag.py:3696} INFO - Setting next_dagrun for dataset_consumes_1_never_scheduled to None, run_after=None
[2023-09-13T19:32:05.020+0000] {logging_mixin.py:151} INFO - [2023-09-13T19:32:05.020+0000] {dag.py:3696} INFO - Setting next_dagrun for dataset_consumes_unknown_never_scheduled to None, run_after=None
[2023-09-13T19:32:05.023+0000] {logging_mixin.py:151} INFO - [2023-09-13T19:32:05.023+0000] {dag.py:3696} INFO - Setting next_dagrun for dataset_produces_1 to 2023-09-12T00:00:00+00:00, run_after=2023-09-13T00:00:00+00:00
[2023-09-13T19:32:05.024+0000] {logging_mixin.py:151} INFO - [2023-09-13T19:32:05.024+0000] {dag.py:3696} INFO - Setting next_dagrun for dataset_produces_2 to None, run_after=None
[2023-09-13T19:32:05.047+0000] {processor.py:179} INFO - Processing /home/airflow/.local/lib/python3.8/site-packages/airflow/example_dags/example_datasets.py took 0.092 seconds
[2023-09-13T19:32:36.077+0000] {processor.py:157} INFO - Started process (PID=183) to work on /home/airflow/.local/lib/python3.8/site-packages/airflow/example_dags/example_datasets.py
[2023-09-13T19:32:36.080+0000] {processor.py:829} INFO - Processing file /home/airflow/.local/lib/python3.8/site-packages/airflow/example_dags/example_datasets.py for tasks to queue
[2023-09-13T19:32:36.083+0000] {logging_mixin.py:151} INFO - [2023-09-13T19:32:36.083+0000] {dagbag.py:539} INFO - Filling up the DagBag from /home/airflow/.local/lib/python3.8/site-packages/airflow/example_dags/example_datasets.py
[2023-09-13T19:32:36.094+0000] {processor.py:839} INFO - DAG(s) dict_keys(['dataset_consumes_1_never_scheduled', 'dataset_produces_2', 'dataset_consumes_unknown_never_scheduled', 'dataset_consumes_1', 'dataset_produces_1', 'dataset_consumes_1_and_2']) retrieved from /home/airflow/.local/lib/python3.8/site-packages/airflow/example_dags/example_datasets.py
[2023-09-13T19:32:36.124+0000] {logging_mixin.py:151} INFO - [2023-09-13T19:32:36.124+0000] {dag.py:2915} INFO - Sync 6 DAGs
[2023-09-13T19:32:36.143+0000] {logging_mixin.py:151} INFO - [2023-09-13T19:32:36.143+0000] {dag.py:3696} INFO - Setting next_dagrun for dataset_consumes_1 to None, run_after=None
[2023-09-13T19:32:36.146+0000] {logging_mixin.py:151} INFO - [2023-09-13T19:32:36.146+0000] {dag.py:3696} INFO - Setting next_dagrun for dataset_consumes_1_and_2 to None, run_after=None
[2023-09-13T19:32:36.148+0000] {logging_mixin.py:151} INFO - [2023-09-13T19:32:36.147+0000] {dag.py:3696} INFO - Setting next_dagrun for dataset_consumes_1_never_scheduled to None, run_after=None
[2023-09-13T19:32:36.149+0000] {logging_mixin.py:151} INFO - [2023-09-13T19:32:36.149+0000] {dag.py:3696} INFO - Setting next_dagrun for dataset_consumes_unknown_never_scheduled to None, run_after=None
[2023-09-13T19:32:36.151+0000] {logging_mixin.py:151} INFO - [2023-09-13T19:32:36.151+0000] {dag.py:3696} INFO - Setting next_dagrun for dataset_produces_1 to 2023-09-12T00:00:00+00:00, run_after=2023-09-13T00:00:00+00:00
[2023-09-13T19:32:36.153+0000] {logging_mixin.py:151} INFO - [2023-09-13T19:32:36.153+0000] {dag.py:3696} INFO - Setting next_dagrun for dataset_produces_2 to None, run_after=None
[2023-09-13T19:32:36.178+0000] {processor.py:179} INFO - Processing /home/airflow/.local/lib/python3.8/site-packages/airflow/example_dags/example_datasets.py took 0.106 seconds
[2023-09-13T19:33:06.991+0000] {processor.py:157} INFO - Started process (PID=238) to work on /home/airflow/.local/lib/python3.8/site-packages/airflow/example_dags/example_datasets.py
[2023-09-13T19:33:06.993+0000] {processor.py:829} INFO - Processing file /home/airflow/.local/lib/python3.8/site-packages/airflow/example_dags/example_datasets.py for tasks to queue
[2023-09-13T19:33:06.995+0000] {logging_mixin.py:151} INFO - [2023-09-13T19:33:06.995+0000] {dagbag.py:539} INFO - Filling up the DagBag from /home/airflow/.local/lib/python3.8/site-packages/airflow/example_dags/example_datasets.py
[2023-09-13T19:33:07.006+0000] {processor.py:839} INFO - DAG(s) dict_keys(['dataset_consumes_1_and_2', 'dataset_consumes_unknown_never_scheduled', 'dataset_consumes_1', 'dataset_consumes_1_never_scheduled', 'dataset_produces_2', 'dataset_produces_1']) retrieved from /home/airflow/.local/lib/python3.8/site-packages/airflow/example_dags/example_datasets.py
[2023-09-13T19:33:07.100+0000] {logging_mixin.py:151} INFO - [2023-09-13T19:33:07.100+0000] {security.py:708} INFO - Not syncing DAG-level permissions for DAG 'DAG:dataset_produces_1' as access control is unset.
[2023-09-13T19:33:07.101+0000] {logging_mixin.py:151} INFO - [2023-09-13T19:33:07.100+0000] {dag.py:2915} INFO - Sync 6 DAGs
[2023-09-13T19:33:07.117+0000] {logging_mixin.py:151} INFO - [2023-09-13T19:33:07.117+0000] {dag.py:3696} INFO - Setting next_dagrun for dataset_consumes_1 to None, run_after=None
[2023-09-13T19:33:07.120+0000] {logging_mixin.py:151} INFO - [2023-09-13T19:33:07.120+0000] {dag.py:3696} INFO - Setting next_dagrun for dataset_consumes_1_and_2 to None, run_after=None
[2023-09-13T19:33:07.122+0000] {logging_mixin.py:151} INFO - [2023-09-13T19:33:07.122+0000] {dag.py:3696} INFO - Setting next_dagrun for dataset_consumes_1_never_scheduled to None, run_after=None
[2023-09-13T19:33:07.123+0000] {logging_mixin.py:151} INFO - [2023-09-13T19:33:07.123+0000] {dag.py:3696} INFO - Setting next_dagrun for dataset_consumes_unknown_never_scheduled to None, run_after=None
[2023-09-13T19:33:07.126+0000] {logging_mixin.py:151} INFO - [2023-09-13T19:33:07.126+0000] {dag.py:3696} INFO - Setting next_dagrun for dataset_produces_1 to 2023-09-12T00:00:00+00:00, run_after=2023-09-13T00:00:00+00:00
[2023-09-13T19:33:07.127+0000] {logging_mixin.py:151} INFO - [2023-09-13T19:33:07.127+0000] {dag.py:3696} INFO - Setting next_dagrun for dataset_produces_2 to None, run_after=None
[2023-09-13T19:33:07.148+0000] {processor.py:179} INFO - Processing /home/airflow/.local/lib/python3.8/site-packages/airflow/example_dags/example_datasets.py took 0.161 seconds
[2023-09-13T19:33:37.187+0000] {processor.py:157} INFO - Started process (PID=296) to work on /home/airflow/.local/lib/python3.8/site-packages/airflow/example_dags/example_datasets.py
[2023-09-13T19:33:37.189+0000] {processor.py:829} INFO - Processing file /home/airflow/.local/lib/python3.8/site-packages/airflow/example_dags/example_datasets.py for tasks to queue
[2023-09-13T19:33:37.191+0000] {logging_mixin.py:151} INFO - [2023-09-13T19:33:37.191+0000] {dagbag.py:539} INFO - Filling up the DagBag from /home/airflow/.local/lib/python3.8/site-packages/airflow/example_dags/example_datasets.py
[2023-09-13T19:33:37.199+0000] {processor.py:839} INFO - DAG(s) dict_keys(['dataset_produces_2', 'dataset_consumes_unknown_never_scheduled', 'dataset_consumes_1_and_2', 'dataset_consumes_1', 'dataset_produces_1', 'dataset_consumes_1_never_scheduled']) retrieved from /home/airflow/.local/lib/python3.8/site-packages/airflow/example_dags/example_datasets.py
[2023-09-13T19:33:37.237+0000] {logging_mixin.py:151} INFO - [2023-09-13T19:33:37.237+0000] {dag.py:2915} INFO - Sync 6 DAGs
[2023-09-13T19:33:37.254+0000] {logging_mixin.py:151} INFO - [2023-09-13T19:33:37.254+0000] {dag.py:3696} INFO - Setting next_dagrun for dataset_consumes_1 to None, run_after=None
[2023-09-13T19:33:37.257+0000] {logging_mixin.py:151} INFO - [2023-09-13T19:33:37.257+0000] {dag.py:3696} INFO - Setting next_dagrun for dataset_consumes_1_and_2 to None, run_after=None
[2023-09-13T19:33:37.258+0000] {logging_mixin.py:151} INFO - [2023-09-13T19:33:37.258+0000] {dag.py:3696} INFO - Setting next_dagrun for dataset_consumes_1_never_scheduled to None, run_after=None
[2023-09-13T19:33:37.259+0000] {logging_mixin.py:151} INFO - [2023-09-13T19:33:37.259+0000] {dag.py:3696} INFO - Setting next_dagrun for dataset_consumes_unknown_never_scheduled to None, run_after=None
[2023-09-13T19:33:37.262+0000] {logging_mixin.py:151} INFO - [2023-09-13T19:33:37.262+0000] {dag.py:3696} INFO - Setting next_dagrun for dataset_produces_1 to 2023-09-12T00:00:00+00:00, run_after=2023-09-13T00:00:00+00:00
[2023-09-13T19:33:37.263+0000] {logging_mixin.py:151} INFO - [2023-09-13T19:33:37.263+0000] {dag.py:3696} INFO - Setting next_dagrun for dataset_produces_2 to None, run_after=None
[2023-09-13T19:33:37.303+0000] {processor.py:179} INFO - Processing /home/airflow/.local/lib/python3.8/site-packages/airflow/example_dags/example_datasets.py took 0.119 seconds
[2023-09-13T19:34:07.735+0000] {processor.py:157} INFO - Started process (PID=348) to work on /home/airflow/.local/lib/python3.8/site-packages/airflow/example_dags/example_datasets.py
[2023-09-13T19:34:07.737+0000] {processor.py:829} INFO - Processing file /home/airflow/.local/lib/python3.8/site-packages/airflow/example_dags/example_datasets.py for tasks to queue
[2023-09-13T19:34:07.739+0000] {logging_mixin.py:151} INFO - [2023-09-13T19:34:07.739+0000] {dagbag.py:539} INFO - Filling up the DagBag from /home/airflow/.local/lib/python3.8/site-packages/airflow/example_dags/example_datasets.py
[2023-09-13T19:34:07.748+0000] {processor.py:839} INFO - DAG(s) dict_keys(['dataset_produces_1', 'dataset_consumes_unknown_never_scheduled', 'dataset_consumes_1_never_scheduled', 'dataset_consumes_1_and_2', 'dataset_consumes_1', 'dataset_produces_2']) retrieved from /home/airflow/.local/lib/python3.8/site-packages/airflow/example_dags/example_datasets.py
[2023-09-13T19:34:07.779+0000] {logging_mixin.py:151} INFO - [2023-09-13T19:34:07.779+0000] {dag.py:2915} INFO - Sync 6 DAGs
[2023-09-13T19:34:07.797+0000] {logging_mixin.py:151} INFO - [2023-09-13T19:34:07.797+0000] {dag.py:3696} INFO - Setting next_dagrun for dataset_consumes_1 to None, run_after=None
[2023-09-13T19:34:07.799+0000] {logging_mixin.py:151} INFO - [2023-09-13T19:34:07.799+0000] {dag.py:3696} INFO - Setting next_dagrun for dataset_consumes_1_and_2 to None, run_after=None
[2023-09-13T19:34:07.801+0000] {logging_mixin.py:151} INFO - [2023-09-13T19:34:07.801+0000] {dag.py:3696} INFO - Setting next_dagrun for dataset_consumes_1_never_scheduled to None, run_after=None
[2023-09-13T19:34:07.802+0000] {logging_mixin.py:151} INFO - [2023-09-13T19:34:07.802+0000] {dag.py:3696} INFO - Setting next_dagrun for dataset_consumes_unknown_never_scheduled to None, run_after=None
[2023-09-13T19:34:07.804+0000] {logging_mixin.py:151} INFO - [2023-09-13T19:34:07.804+0000] {dag.py:3696} INFO - Setting next_dagrun for dataset_produces_1 to 2023-09-12T00:00:00+00:00, run_after=2023-09-13T00:00:00+00:00
[2023-09-13T19:34:07.805+0000] {logging_mixin.py:151} INFO - [2023-09-13T19:34:07.805+0000] {dag.py:3696} INFO - Setting next_dagrun for dataset_produces_2 to None, run_after=None
[2023-09-13T19:34:07.826+0000] {processor.py:179} INFO - Processing /home/airflow/.local/lib/python3.8/site-packages/airflow/example_dags/example_datasets.py took 0.094 seconds
