[2023-09-13T19:15:50.520+0000] {processor.py:157} INFO - Started process (PID=47) to work on /home/airflow/.local/lib/python3.8/site-packages/airflow/example_dags/example_xcom.py
[2023-09-13T19:15:50.525+0000] {processor.py:829} INFO - Processing file /home/airflow/.local/lib/python3.8/site-packages/airflow/example_dags/example_xcom.py for tasks to queue
[2023-09-13T19:15:50.532+0000] {logging_mixin.py:151} INFO - [2023-09-13T19:15:50.531+0000] {dagbag.py:539} INFO - Filling up the DagBag from /home/airflow/.local/lib/python3.8/site-packages/airflow/example_dags/example_xcom.py
[2023-09-13T19:15:50.552+0000] {processor.py:839} INFO - DAG(s) dict_keys(['example_xcom']) retrieved from /home/airflow/.local/lib/python3.8/site-packages/airflow/example_dags/example_xcom.py
[2023-09-13T19:15:50.706+0000] {logging_mixin.py:151} INFO - [2023-09-13T19:15:50.706+0000] {manager.py:499} INFO - Created Permission View: %s
[2023-09-13T19:15:50.734+0000] {logging_mixin.py:151} INFO - [2023-09-13T19:15:50.734+0000] {manager.py:499} INFO - Created Permission View: %s
[2023-09-13T19:15:50.749+0000] {logging_mixin.py:151} INFO - [2023-09-13T19:15:50.747+0000] {manager.py:499} INFO - Created Permission View: %s
[2023-09-13T19:15:50.752+0000] {logging_mixin.py:151} INFO - [2023-09-13T19:15:50.751+0000] {security.py:708} INFO - Not syncing DAG-level permissions for DAG 'DAG:example_xcom' as access control is unset.
[2023-09-13T19:15:50.754+0000] {logging_mixin.py:151} INFO - [2023-09-13T19:15:50.754+0000] {dag.py:2915} INFO - Sync 1 DAGs
[2023-09-13T19:15:50.771+0000] {logging_mixin.py:151} INFO - [2023-09-13T19:15:50.771+0000] {dag.py:2937} INFO - Creating ORM DAG for example_xcom
[2023-09-13T19:15:50.783+0000] {logging_mixin.py:151} INFO - [2023-09-13T19:15:50.783+0000] {dag.py:3696} INFO - Setting next_dagrun for example_xcom to 2021-01-01T00:00:00+00:00, run_after=2021-01-01T00:00:00+00:00
[2023-09-13T19:15:50.802+0000] {processor.py:179} INFO - Processing /home/airflow/.local/lib/python3.8/site-packages/airflow/example_dags/example_xcom.py took 0.291 seconds
[2023-09-13T19:16:20.998+0000] {processor.py:157} INFO - Started process (PID=101) to work on /home/airflow/.local/lib/python3.8/site-packages/airflow/example_dags/example_xcom.py
[2023-09-13T19:16:21.000+0000] {processor.py:829} INFO - Processing file /home/airflow/.local/lib/python3.8/site-packages/airflow/example_dags/example_xcom.py for tasks to queue
[2023-09-13T19:16:21.002+0000] {logging_mixin.py:151} INFO - [2023-09-13T19:16:21.002+0000] {dagbag.py:539} INFO - Filling up the DagBag from /home/airflow/.local/lib/python3.8/site-packages/airflow/example_dags/example_xcom.py
[2023-09-13T19:16:21.010+0000] {processor.py:839} INFO - DAG(s) dict_keys(['example_xcom']) retrieved from /home/airflow/.local/lib/python3.8/site-packages/airflow/example_dags/example_xcom.py
[2023-09-13T19:16:21.068+0000] {logging_mixin.py:151} INFO - [2023-09-13T19:16:21.067+0000] {dag.py:2915} INFO - Sync 1 DAGs
[2023-09-13T19:16:21.105+0000] {logging_mixin.py:151} INFO - [2023-09-13T19:16:21.105+0000] {dag.py:3696} INFO - Setting next_dagrun for example_xcom to 2021-01-01T00:00:00+00:00, run_after=2021-01-01T00:00:00+00:00
[2023-09-13T19:16:21.130+0000] {processor.py:179} INFO - Processing /home/airflow/.local/lib/python3.8/site-packages/airflow/example_dags/example_xcom.py took 0.135 seconds
[2023-09-13T19:16:51.410+0000] {processor.py:157} INFO - Started process (PID=154) to work on /home/airflow/.local/lib/python3.8/site-packages/airflow/example_dags/example_xcom.py
[2023-09-13T19:16:51.411+0000] {processor.py:829} INFO - Processing file /home/airflow/.local/lib/python3.8/site-packages/airflow/example_dags/example_xcom.py for tasks to queue
[2023-09-13T19:16:51.414+0000] {logging_mixin.py:151} INFO - [2023-09-13T19:16:51.413+0000] {dagbag.py:539} INFO - Filling up the DagBag from /home/airflow/.local/lib/python3.8/site-packages/airflow/example_dags/example_xcom.py
[2023-09-13T19:16:51.421+0000] {processor.py:839} INFO - DAG(s) dict_keys(['example_xcom']) retrieved from /home/airflow/.local/lib/python3.8/site-packages/airflow/example_dags/example_xcom.py
[2023-09-13T19:16:51.444+0000] {logging_mixin.py:151} INFO - [2023-09-13T19:16:51.443+0000] {dag.py:2915} INFO - Sync 1 DAGs
[2023-09-13T19:16:51.461+0000] {logging_mixin.py:151} INFO - [2023-09-13T19:16:51.461+0000] {dag.py:3696} INFO - Setting next_dagrun for example_xcom to 2021-01-01T00:00:00+00:00, run_after=2021-01-01T00:00:00+00:00
[2023-09-13T19:16:51.474+0000] {processor.py:179} INFO - Processing /home/airflow/.local/lib/python3.8/site-packages/airflow/example_dags/example_xcom.py took 0.069 seconds
[2023-09-13T19:17:21.593+0000] {processor.py:157} INFO - Started process (PID=208) to work on /home/airflow/.local/lib/python3.8/site-packages/airflow/example_dags/example_xcom.py
[2023-09-13T19:17:21.601+0000] {processor.py:829} INFO - Processing file /home/airflow/.local/lib/python3.8/site-packages/airflow/example_dags/example_xcom.py for tasks to queue
[2023-09-13T19:17:21.614+0000] {logging_mixin.py:151} INFO - [2023-09-13T19:17:21.614+0000] {dagbag.py:539} INFO - Filling up the DagBag from /home/airflow/.local/lib/python3.8/site-packages/airflow/example_dags/example_xcom.py
[2023-09-13T19:17:21.634+0000] {processor.py:839} INFO - DAG(s) dict_keys(['example_xcom']) retrieved from /home/airflow/.local/lib/python3.8/site-packages/airflow/example_dags/example_xcom.py
[2023-09-13T19:17:21.679+0000] {logging_mixin.py:151} INFO - [2023-09-13T19:17:21.679+0000] {dag.py:2915} INFO - Sync 1 DAGs
[2023-09-13T19:17:21.708+0000] {logging_mixin.py:151} INFO - [2023-09-13T19:17:21.708+0000] {dag.py:3696} INFO - Setting next_dagrun for example_xcom to 2021-01-01T00:00:00+00:00, run_after=2021-01-01T00:00:00+00:00
[2023-09-13T19:17:21.729+0000] {processor.py:179} INFO - Processing /home/airflow/.local/lib/python3.8/site-packages/airflow/example_dags/example_xcom.py took 0.143 seconds
[2023-09-13T19:17:51.781+0000] {processor.py:157} INFO - Started process (PID=261) to work on /home/airflow/.local/lib/python3.8/site-packages/airflow/example_dags/example_xcom.py
[2023-09-13T19:17:51.783+0000] {processor.py:829} INFO - Processing file /home/airflow/.local/lib/python3.8/site-packages/airflow/example_dags/example_xcom.py for tasks to queue
[2023-09-13T19:17:51.790+0000] {logging_mixin.py:151} INFO - [2023-09-13T19:17:51.789+0000] {dagbag.py:539} INFO - Filling up the DagBag from /home/airflow/.local/lib/python3.8/site-packages/airflow/example_dags/example_xcom.py
[2023-09-13T19:17:51.804+0000] {processor.py:839} INFO - DAG(s) dict_keys(['example_xcom']) retrieved from /home/airflow/.local/lib/python3.8/site-packages/airflow/example_dags/example_xcom.py
[2023-09-13T19:17:51.855+0000] {logging_mixin.py:151} INFO - [2023-09-13T19:17:51.854+0000] {dag.py:2915} INFO - Sync 1 DAGs
[2023-09-13T19:17:51.883+0000] {logging_mixin.py:151} INFO - [2023-09-13T19:17:51.883+0000] {dag.py:3696} INFO - Setting next_dagrun for example_xcom to 2021-01-01T00:00:00+00:00, run_after=2021-01-01T00:00:00+00:00
[2023-09-13T19:17:51.918+0000] {processor.py:179} INFO - Processing /home/airflow/.local/lib/python3.8/site-packages/airflow/example_dags/example_xcom.py took 0.145 seconds
[2023-09-13T19:18:22.035+0000] {processor.py:157} INFO - Started process (PID=315) to work on /home/airflow/.local/lib/python3.8/site-packages/airflow/example_dags/example_xcom.py
[2023-09-13T19:18:22.037+0000] {processor.py:829} INFO - Processing file /home/airflow/.local/lib/python3.8/site-packages/airflow/example_dags/example_xcom.py for tasks to queue
[2023-09-13T19:18:22.039+0000] {logging_mixin.py:151} INFO - [2023-09-13T19:18:22.039+0000] {dagbag.py:539} INFO - Filling up the DagBag from /home/airflow/.local/lib/python3.8/site-packages/airflow/example_dags/example_xcom.py
[2023-09-13T19:18:22.046+0000] {processor.py:839} INFO - DAG(s) dict_keys(['example_xcom']) retrieved from /home/airflow/.local/lib/python3.8/site-packages/airflow/example_dags/example_xcom.py
[2023-09-13T19:18:22.068+0000] {logging_mixin.py:151} INFO - [2023-09-13T19:18:22.068+0000] {dag.py:2915} INFO - Sync 1 DAGs
[2023-09-13T19:18:22.086+0000] {logging_mixin.py:151} INFO - [2023-09-13T19:18:22.086+0000] {dag.py:3696} INFO - Setting next_dagrun for example_xcom to 2021-01-01T00:00:00+00:00, run_after=2021-01-01T00:00:00+00:00
[2023-09-13T19:18:22.101+0000] {processor.py:179} INFO - Processing /home/airflow/.local/lib/python3.8/site-packages/airflow/example_dags/example_xcom.py took 0.070 seconds
[2023-09-13T19:18:52.324+0000] {processor.py:157} INFO - Started process (PID=369) to work on /home/airflow/.local/lib/python3.8/site-packages/airflow/example_dags/example_xcom.py
[2023-09-13T19:18:52.325+0000] {processor.py:829} INFO - Processing file /home/airflow/.local/lib/python3.8/site-packages/airflow/example_dags/example_xcom.py for tasks to queue
[2023-09-13T19:18:52.328+0000] {logging_mixin.py:151} INFO - [2023-09-13T19:18:52.327+0000] {dagbag.py:539} INFO - Filling up the DagBag from /home/airflow/.local/lib/python3.8/site-packages/airflow/example_dags/example_xcom.py
[2023-09-13T19:18:52.334+0000] {processor.py:839} INFO - DAG(s) dict_keys(['example_xcom']) retrieved from /home/airflow/.local/lib/python3.8/site-packages/airflow/example_dags/example_xcom.py
[2023-09-13T19:18:52.355+0000] {logging_mixin.py:151} INFO - [2023-09-13T19:18:52.355+0000] {dag.py:2915} INFO - Sync 1 DAGs
[2023-09-13T19:18:52.371+0000] {logging_mixin.py:151} INFO - [2023-09-13T19:18:52.371+0000] {dag.py:3696} INFO - Setting next_dagrun for example_xcom to 2021-01-01T00:00:00+00:00, run_after=2021-01-01T00:00:00+00:00
[2023-09-13T19:18:52.384+0000] {processor.py:179} INFO - Processing /home/airflow/.local/lib/python3.8/site-packages/airflow/example_dags/example_xcom.py took 0.063 seconds
[2023-09-13T19:19:22.728+0000] {processor.py:157} INFO - Started process (PID=424) to work on /home/airflow/.local/lib/python3.8/site-packages/airflow/example_dags/example_xcom.py
[2023-09-13T19:19:22.730+0000] {processor.py:829} INFO - Processing file /home/airflow/.local/lib/python3.8/site-packages/airflow/example_dags/example_xcom.py for tasks to queue
[2023-09-13T19:19:22.734+0000] {logging_mixin.py:151} INFO - [2023-09-13T19:19:22.733+0000] {dagbag.py:539} INFO - Filling up the DagBag from /home/airflow/.local/lib/python3.8/site-packages/airflow/example_dags/example_xcom.py
[2023-09-13T19:19:22.742+0000] {processor.py:839} INFO - DAG(s) dict_keys(['example_xcom']) retrieved from /home/airflow/.local/lib/python3.8/site-packages/airflow/example_dags/example_xcom.py
[2023-09-13T19:19:22.768+0000] {logging_mixin.py:151} INFO - [2023-09-13T19:19:22.768+0000] {dag.py:2915} INFO - Sync 1 DAGs
[2023-09-13T19:19:22.790+0000] {logging_mixin.py:151} INFO - [2023-09-13T19:19:22.790+0000] {dag.py:3696} INFO - Setting next_dagrun for example_xcom to 2021-01-01T00:00:00+00:00, run_after=2021-01-01T00:00:00+00:00
[2023-09-13T19:19:22.811+0000] {processor.py:179} INFO - Processing /home/airflow/.local/lib/python3.8/site-packages/airflow/example_dags/example_xcom.py took 0.086 seconds
[2023-09-13T19:19:52.971+0000] {processor.py:157} INFO - Started process (PID=478) to work on /home/airflow/.local/lib/python3.8/site-packages/airflow/example_dags/example_xcom.py
[2023-09-13T19:19:52.973+0000] {processor.py:829} INFO - Processing file /home/airflow/.local/lib/python3.8/site-packages/airflow/example_dags/example_xcom.py for tasks to queue
[2023-09-13T19:19:52.976+0000] {logging_mixin.py:151} INFO - [2023-09-13T19:19:52.975+0000] {dagbag.py:539} INFO - Filling up the DagBag from /home/airflow/.local/lib/python3.8/site-packages/airflow/example_dags/example_xcom.py
[2023-09-13T19:19:52.984+0000] {processor.py:839} INFO - DAG(s) dict_keys(['example_xcom']) retrieved from /home/airflow/.local/lib/python3.8/site-packages/airflow/example_dags/example_xcom.py
[2023-09-13T19:19:53.007+0000] {logging_mixin.py:151} INFO - [2023-09-13T19:19:53.007+0000] {dag.py:2915} INFO - Sync 1 DAGs
[2023-09-13T19:19:53.028+0000] {logging_mixin.py:151} INFO - [2023-09-13T19:19:53.028+0000] {dag.py:3696} INFO - Setting next_dagrun for example_xcom to 2021-01-01T00:00:00+00:00, run_after=2021-01-01T00:00:00+00:00
[2023-09-13T19:19:53.042+0000] {processor.py:179} INFO - Processing /home/airflow/.local/lib/python3.8/site-packages/airflow/example_dags/example_xcom.py took 0.075 seconds
[2023-09-13T19:20:23.282+0000] {processor.py:157} INFO - Started process (PID=531) to work on /home/airflow/.local/lib/python3.8/site-packages/airflow/example_dags/example_xcom.py
[2023-09-13T19:20:23.284+0000] {processor.py:829} INFO - Processing file /home/airflow/.local/lib/python3.8/site-packages/airflow/example_dags/example_xcom.py for tasks to queue
[2023-09-13T19:20:23.286+0000] {logging_mixin.py:151} INFO - [2023-09-13T19:20:23.286+0000] {dagbag.py:539} INFO - Filling up the DagBag from /home/airflow/.local/lib/python3.8/site-packages/airflow/example_dags/example_xcom.py
[2023-09-13T19:20:23.294+0000] {processor.py:839} INFO - DAG(s) dict_keys(['example_xcom']) retrieved from /home/airflow/.local/lib/python3.8/site-packages/airflow/example_dags/example_xcom.py
[2023-09-13T19:20:23.315+0000] {logging_mixin.py:151} INFO - [2023-09-13T19:20:23.315+0000] {dag.py:2915} INFO - Sync 1 DAGs
[2023-09-13T19:20:23.332+0000] {logging_mixin.py:151} INFO - [2023-09-13T19:20:23.332+0000] {dag.py:3696} INFO - Setting next_dagrun for example_xcom to 2021-01-01T00:00:00+00:00, run_after=2021-01-01T00:00:00+00:00
[2023-09-13T19:20:23.345+0000] {processor.py:179} INFO - Processing /home/airflow/.local/lib/python3.8/site-packages/airflow/example_dags/example_xcom.py took 0.067 seconds
[2023-09-13T19:20:53.830+0000] {processor.py:157} INFO - Started process (PID=585) to work on /home/airflow/.local/lib/python3.8/site-packages/airflow/example_dags/example_xcom.py
[2023-09-13T19:20:53.832+0000] {processor.py:829} INFO - Processing file /home/airflow/.local/lib/python3.8/site-packages/airflow/example_dags/example_xcom.py for tasks to queue
[2023-09-13T19:20:53.834+0000] {logging_mixin.py:151} INFO - [2023-09-13T19:20:53.834+0000] {dagbag.py:539} INFO - Filling up the DagBag from /home/airflow/.local/lib/python3.8/site-packages/airflow/example_dags/example_xcom.py
[2023-09-13T19:20:53.842+0000] {processor.py:839} INFO - DAG(s) dict_keys(['example_xcom']) retrieved from /home/airflow/.local/lib/python3.8/site-packages/airflow/example_dags/example_xcom.py
[2023-09-13T19:20:53.863+0000] {logging_mixin.py:151} INFO - [2023-09-13T19:20:53.863+0000] {dag.py:2915} INFO - Sync 1 DAGs
[2023-09-13T19:20:53.880+0000] {logging_mixin.py:151} INFO - [2023-09-13T19:20:53.880+0000] {dag.py:3696} INFO - Setting next_dagrun for example_xcom to 2021-01-01T00:00:00+00:00, run_after=2021-01-01T00:00:00+00:00
[2023-09-13T19:20:53.893+0000] {processor.py:179} INFO - Processing /home/airflow/.local/lib/python3.8/site-packages/airflow/example_dags/example_xcom.py took 0.066 seconds
[2023-09-13T19:21:24.090+0000] {processor.py:157} INFO - Started process (PID=639) to work on /home/airflow/.local/lib/python3.8/site-packages/airflow/example_dags/example_xcom.py
[2023-09-13T19:21:24.092+0000] {processor.py:829} INFO - Processing file /home/airflow/.local/lib/python3.8/site-packages/airflow/example_dags/example_xcom.py for tasks to queue
[2023-09-13T19:21:24.094+0000] {logging_mixin.py:151} INFO - [2023-09-13T19:21:24.094+0000] {dagbag.py:539} INFO - Filling up the DagBag from /home/airflow/.local/lib/python3.8/site-packages/airflow/example_dags/example_xcom.py
[2023-09-13T19:21:24.102+0000] {processor.py:839} INFO - DAG(s) dict_keys(['example_xcom']) retrieved from /home/airflow/.local/lib/python3.8/site-packages/airflow/example_dags/example_xcom.py
[2023-09-13T19:21:24.123+0000] {logging_mixin.py:151} INFO - [2023-09-13T19:21:24.123+0000] {dag.py:2915} INFO - Sync 1 DAGs
[2023-09-13T19:21:24.142+0000] {logging_mixin.py:151} INFO - [2023-09-13T19:21:24.141+0000] {dag.py:3696} INFO - Setting next_dagrun for example_xcom to 2021-01-01T00:00:00+00:00, run_after=2021-01-01T00:00:00+00:00
[2023-09-13T19:21:24.155+0000] {processor.py:179} INFO - Processing /home/airflow/.local/lib/python3.8/site-packages/airflow/example_dags/example_xcom.py took 0.069 seconds
[2023-09-13T19:21:54.691+0000] {processor.py:157} INFO - Started process (PID=693) to work on /home/airflow/.local/lib/python3.8/site-packages/airflow/example_dags/example_xcom.py
[2023-09-13T19:21:54.693+0000] {processor.py:829} INFO - Processing file /home/airflow/.local/lib/python3.8/site-packages/airflow/example_dags/example_xcom.py for tasks to queue
[2023-09-13T19:21:54.696+0000] {logging_mixin.py:151} INFO - [2023-09-13T19:21:54.695+0000] {dagbag.py:539} INFO - Filling up the DagBag from /home/airflow/.local/lib/python3.8/site-packages/airflow/example_dags/example_xcom.py
[2023-09-13T19:21:54.703+0000] {processor.py:839} INFO - DAG(s) dict_keys(['example_xcom']) retrieved from /home/airflow/.local/lib/python3.8/site-packages/airflow/example_dags/example_xcom.py
[2023-09-13T19:21:54.726+0000] {logging_mixin.py:151} INFO - [2023-09-13T19:21:54.726+0000] {dag.py:2915} INFO - Sync 1 DAGs
[2023-09-13T19:21:54.744+0000] {logging_mixin.py:151} INFO - [2023-09-13T19:21:54.744+0000] {dag.py:3696} INFO - Setting next_dagrun for example_xcom to 2021-01-01T00:00:00+00:00, run_after=2021-01-01T00:00:00+00:00
[2023-09-13T19:21:54.756+0000] {processor.py:179} INFO - Processing /home/airflow/.local/lib/python3.8/site-packages/airflow/example_dags/example_xcom.py took 0.069 seconds
[2023-09-13T19:22:25.442+0000] {processor.py:157} INFO - Started process (PID=747) to work on /home/airflow/.local/lib/python3.8/site-packages/airflow/example_dags/example_xcom.py
[2023-09-13T19:22:25.443+0000] {processor.py:829} INFO - Processing file /home/airflow/.local/lib/python3.8/site-packages/airflow/example_dags/example_xcom.py for tasks to queue
[2023-09-13T19:22:25.446+0000] {logging_mixin.py:151} INFO - [2023-09-13T19:22:25.445+0000] {dagbag.py:539} INFO - Filling up the DagBag from /home/airflow/.local/lib/python3.8/site-packages/airflow/example_dags/example_xcom.py
[2023-09-13T19:22:25.453+0000] {processor.py:839} INFO - DAG(s) dict_keys(['example_xcom']) retrieved from /home/airflow/.local/lib/python3.8/site-packages/airflow/example_dags/example_xcom.py
[2023-09-13T19:22:25.474+0000] {logging_mixin.py:151} INFO - [2023-09-13T19:22:25.474+0000] {dag.py:2915} INFO - Sync 1 DAGs
[2023-09-13T19:22:25.492+0000] {logging_mixin.py:151} INFO - [2023-09-13T19:22:25.492+0000] {dag.py:3696} INFO - Setting next_dagrun for example_xcom to 2021-01-01T00:00:00+00:00, run_after=2021-01-01T00:00:00+00:00
[2023-09-13T19:22:25.504+0000] {processor.py:179} INFO - Processing /home/airflow/.local/lib/python3.8/site-packages/airflow/example_dags/example_xcom.py took 0.066 seconds
[2023-09-13T19:22:55.831+0000] {processor.py:157} INFO - Started process (PID=801) to work on /home/airflow/.local/lib/python3.8/site-packages/airflow/example_dags/example_xcom.py
[2023-09-13T19:22:55.832+0000] {processor.py:829} INFO - Processing file /home/airflow/.local/lib/python3.8/site-packages/airflow/example_dags/example_xcom.py for tasks to queue
[2023-09-13T19:22:55.835+0000] {logging_mixin.py:151} INFO - [2023-09-13T19:22:55.834+0000] {dagbag.py:539} INFO - Filling up the DagBag from /home/airflow/.local/lib/python3.8/site-packages/airflow/example_dags/example_xcom.py
[2023-09-13T19:22:55.843+0000] {processor.py:839} INFO - DAG(s) dict_keys(['example_xcom']) retrieved from /home/airflow/.local/lib/python3.8/site-packages/airflow/example_dags/example_xcom.py
[2023-09-13T19:22:55.869+0000] {logging_mixin.py:151} INFO - [2023-09-13T19:22:55.869+0000] {dag.py:2915} INFO - Sync 1 DAGs
[2023-09-13T19:22:55.889+0000] {logging_mixin.py:151} INFO - [2023-09-13T19:22:55.889+0000] {dag.py:3696} INFO - Setting next_dagrun for example_xcom to 2021-01-01T00:00:00+00:00, run_after=2021-01-01T00:00:00+00:00
[2023-09-13T19:22:55.902+0000] {processor.py:179} INFO - Processing /home/airflow/.local/lib/python3.8/site-packages/airflow/example_dags/example_xcom.py took 0.077 seconds
[2023-09-13T19:23:26.115+0000] {processor.py:157} INFO - Started process (PID=855) to work on /home/airflow/.local/lib/python3.8/site-packages/airflow/example_dags/example_xcom.py
[2023-09-13T19:23:26.119+0000] {processor.py:829} INFO - Processing file /home/airflow/.local/lib/python3.8/site-packages/airflow/example_dags/example_xcom.py for tasks to queue
[2023-09-13T19:23:26.122+0000] {logging_mixin.py:151} INFO - [2023-09-13T19:23:26.121+0000] {dagbag.py:539} INFO - Filling up the DagBag from /home/airflow/.local/lib/python3.8/site-packages/airflow/example_dags/example_xcom.py
[2023-09-13T19:23:26.130+0000] {processor.py:839} INFO - DAG(s) dict_keys(['example_xcom']) retrieved from /home/airflow/.local/lib/python3.8/site-packages/airflow/example_dags/example_xcom.py
[2023-09-13T19:23:26.152+0000] {logging_mixin.py:151} INFO - [2023-09-13T19:23:26.152+0000] {dag.py:2915} INFO - Sync 1 DAGs
[2023-09-13T19:23:26.169+0000] {logging_mixin.py:151} INFO - [2023-09-13T19:23:26.169+0000] {dag.py:3696} INFO - Setting next_dagrun for example_xcom to 2021-01-01T00:00:00+00:00, run_after=2021-01-01T00:00:00+00:00
[2023-09-13T19:23:26.181+0000] {processor.py:179} INFO - Processing /home/airflow/.local/lib/python3.8/site-packages/airflow/example_dags/example_xcom.py took 0.070 seconds
[2023-09-13T19:23:56.329+0000] {processor.py:157} INFO - Started process (PID=909) to work on /home/airflow/.local/lib/python3.8/site-packages/airflow/example_dags/example_xcom.py
[2023-09-13T19:23:56.331+0000] {processor.py:829} INFO - Processing file /home/airflow/.local/lib/python3.8/site-packages/airflow/example_dags/example_xcom.py for tasks to queue
[2023-09-13T19:23:56.334+0000] {logging_mixin.py:151} INFO - [2023-09-13T19:23:56.334+0000] {dagbag.py:539} INFO - Filling up the DagBag from /home/airflow/.local/lib/python3.8/site-packages/airflow/example_dags/example_xcom.py
[2023-09-13T19:23:56.345+0000] {processor.py:839} INFO - DAG(s) dict_keys(['example_xcom']) retrieved from /home/airflow/.local/lib/python3.8/site-packages/airflow/example_dags/example_xcom.py
[2023-09-13T19:23:56.374+0000] {logging_mixin.py:151} INFO - [2023-09-13T19:23:56.374+0000] {dag.py:2915} INFO - Sync 1 DAGs
[2023-09-13T19:23:56.401+0000] {logging_mixin.py:151} INFO - [2023-09-13T19:23:56.401+0000] {dag.py:3696} INFO - Setting next_dagrun for example_xcom to 2021-01-01T00:00:00+00:00, run_after=2021-01-01T00:00:00+00:00
[2023-09-13T19:23:56.422+0000] {processor.py:179} INFO - Processing /home/airflow/.local/lib/python3.8/site-packages/airflow/example_dags/example_xcom.py took 0.098 seconds
[2023-09-13T19:24:27.477+0000] {processor.py:157} INFO - Started process (PID=963) to work on /home/airflow/.local/lib/python3.8/site-packages/airflow/example_dags/example_xcom.py
[2023-09-13T19:24:27.478+0000] {processor.py:829} INFO - Processing file /home/airflow/.local/lib/python3.8/site-packages/airflow/example_dags/example_xcom.py for tasks to queue
[2023-09-13T19:24:27.481+0000] {logging_mixin.py:151} INFO - [2023-09-13T19:24:27.481+0000] {dagbag.py:539} INFO - Filling up the DagBag from /home/airflow/.local/lib/python3.8/site-packages/airflow/example_dags/example_xcom.py
[2023-09-13T19:24:27.490+0000] {processor.py:839} INFO - DAG(s) dict_keys(['example_xcom']) retrieved from /home/airflow/.local/lib/python3.8/site-packages/airflow/example_dags/example_xcom.py
[2023-09-13T19:24:27.516+0000] {logging_mixin.py:151} INFO - [2023-09-13T19:24:27.515+0000] {dag.py:2915} INFO - Sync 1 DAGs
[2023-09-13T19:24:27.542+0000] {logging_mixin.py:151} INFO - [2023-09-13T19:24:27.542+0000] {dag.py:3696} INFO - Setting next_dagrun for example_xcom to 2021-01-01T00:00:00+00:00, run_after=2021-01-01T00:00:00+00:00
[2023-09-13T19:24:27.559+0000] {processor.py:179} INFO - Processing /home/airflow/.local/lib/python3.8/site-packages/airflow/example_dags/example_xcom.py took 0.086 seconds
[2023-09-13T19:24:57.786+0000] {processor.py:157} INFO - Started process (PID=1018) to work on /home/airflow/.local/lib/python3.8/site-packages/airflow/example_dags/example_xcom.py
[2023-09-13T19:24:57.788+0000] {processor.py:829} INFO - Processing file /home/airflow/.local/lib/python3.8/site-packages/airflow/example_dags/example_xcom.py for tasks to queue
[2023-09-13T19:24:57.790+0000] {logging_mixin.py:151} INFO - [2023-09-13T19:24:57.790+0000] {dagbag.py:539} INFO - Filling up the DagBag from /home/airflow/.local/lib/python3.8/site-packages/airflow/example_dags/example_xcom.py
[2023-09-13T19:24:57.798+0000] {processor.py:839} INFO - DAG(s) dict_keys(['example_xcom']) retrieved from /home/airflow/.local/lib/python3.8/site-packages/airflow/example_dags/example_xcom.py
[2023-09-13T19:24:57.820+0000] {logging_mixin.py:151} INFO - [2023-09-13T19:24:57.820+0000] {dag.py:2915} INFO - Sync 1 DAGs
[2023-09-13T19:24:57.837+0000] {logging_mixin.py:151} INFO - [2023-09-13T19:24:57.837+0000] {dag.py:3696} INFO - Setting next_dagrun for example_xcom to 2021-01-01T00:00:00+00:00, run_after=2021-01-01T00:00:00+00:00
[2023-09-13T19:24:57.849+0000] {processor.py:179} INFO - Processing /home/airflow/.local/lib/python3.8/site-packages/airflow/example_dags/example_xcom.py took 0.067 seconds
[2023-09-13T19:25:28.009+0000] {processor.py:157} INFO - Started process (PID=1071) to work on /home/airflow/.local/lib/python3.8/site-packages/airflow/example_dags/example_xcom.py
[2023-09-13T19:25:28.011+0000] {processor.py:829} INFO - Processing file /home/airflow/.local/lib/python3.8/site-packages/airflow/example_dags/example_xcom.py for tasks to queue
[2023-09-13T19:25:28.014+0000] {logging_mixin.py:151} INFO - [2023-09-13T19:25:28.013+0000] {dagbag.py:539} INFO - Filling up the DagBag from /home/airflow/.local/lib/python3.8/site-packages/airflow/example_dags/example_xcom.py
[2023-09-13T19:25:28.021+0000] {processor.py:839} INFO - DAG(s) dict_keys(['example_xcom']) retrieved from /home/airflow/.local/lib/python3.8/site-packages/airflow/example_dags/example_xcom.py
[2023-09-13T19:25:28.043+0000] {logging_mixin.py:151} INFO - [2023-09-13T19:25:28.043+0000] {dag.py:2915} INFO - Sync 1 DAGs
[2023-09-13T19:25:28.062+0000] {logging_mixin.py:151} INFO - [2023-09-13T19:25:28.062+0000] {dag.py:3696} INFO - Setting next_dagrun for example_xcom to 2021-01-01T00:00:00+00:00, run_after=2021-01-01T00:00:00+00:00
[2023-09-13T19:25:28.075+0000] {processor.py:179} INFO - Processing /home/airflow/.local/lib/python3.8/site-packages/airflow/example_dags/example_xcom.py took 0.070 seconds
[2023-09-13T19:25:58.936+0000] {processor.py:157} INFO - Started process (PID=1126) to work on /home/airflow/.local/lib/python3.8/site-packages/airflow/example_dags/example_xcom.py
[2023-09-13T19:25:58.937+0000] {processor.py:829} INFO - Processing file /home/airflow/.local/lib/python3.8/site-packages/airflow/example_dags/example_xcom.py for tasks to queue
[2023-09-13T19:25:58.940+0000] {logging_mixin.py:151} INFO - [2023-09-13T19:25:58.939+0000] {dagbag.py:539} INFO - Filling up the DagBag from /home/airflow/.local/lib/python3.8/site-packages/airflow/example_dags/example_xcom.py
[2023-09-13T19:25:58.947+0000] {processor.py:839} INFO - DAG(s) dict_keys(['example_xcom']) retrieved from /home/airflow/.local/lib/python3.8/site-packages/airflow/example_dags/example_xcom.py
[2023-09-13T19:25:58.968+0000] {logging_mixin.py:151} INFO - [2023-09-13T19:25:58.968+0000] {dag.py:2915} INFO - Sync 1 DAGs
[2023-09-13T19:25:58.984+0000] {logging_mixin.py:151} INFO - [2023-09-13T19:25:58.983+0000] {dag.py:3696} INFO - Setting next_dagrun for example_xcom to 2021-01-01T00:00:00+00:00, run_after=2021-01-01T00:00:00+00:00
[2023-09-13T19:25:58.996+0000] {processor.py:179} INFO - Processing /home/airflow/.local/lib/python3.8/site-packages/airflow/example_dags/example_xcom.py took 0.064 seconds
[2023-09-13T19:26:29.201+0000] {processor.py:157} INFO - Started process (PID=1182) to work on /home/airflow/.local/lib/python3.8/site-packages/airflow/example_dags/example_xcom.py
[2023-09-13T19:26:29.203+0000] {processor.py:829} INFO - Processing file /home/airflow/.local/lib/python3.8/site-packages/airflow/example_dags/example_xcom.py for tasks to queue
[2023-09-13T19:26:29.205+0000] {logging_mixin.py:151} INFO - [2023-09-13T19:26:29.205+0000] {dagbag.py:539} INFO - Filling up the DagBag from /home/airflow/.local/lib/python3.8/site-packages/airflow/example_dags/example_xcom.py
[2023-09-13T19:26:29.212+0000] {processor.py:839} INFO - DAG(s) dict_keys(['example_xcom']) retrieved from /home/airflow/.local/lib/python3.8/site-packages/airflow/example_dags/example_xcom.py
[2023-09-13T19:26:29.235+0000] {logging_mixin.py:151} INFO - [2023-09-13T19:26:29.234+0000] {dag.py:2915} INFO - Sync 1 DAGs
[2023-09-13T19:26:29.251+0000] {logging_mixin.py:151} INFO - [2023-09-13T19:26:29.251+0000] {dag.py:3696} INFO - Setting next_dagrun for example_xcom to 2021-01-01T00:00:00+00:00, run_after=2021-01-01T00:00:00+00:00
[2023-09-13T19:26:29.264+0000] {processor.py:179} INFO - Processing /home/airflow/.local/lib/python3.8/site-packages/airflow/example_dags/example_xcom.py took 0.066 seconds
[2023-09-13T19:26:59.812+0000] {processor.py:157} INFO - Started process (PID=1238) to work on /home/airflow/.local/lib/python3.8/site-packages/airflow/example_dags/example_xcom.py
[2023-09-13T19:26:59.814+0000] {processor.py:829} INFO - Processing file /home/airflow/.local/lib/python3.8/site-packages/airflow/example_dags/example_xcom.py for tasks to queue
[2023-09-13T19:26:59.816+0000] {logging_mixin.py:151} INFO - [2023-09-13T19:26:59.816+0000] {dagbag.py:539} INFO - Filling up the DagBag from /home/airflow/.local/lib/python3.8/site-packages/airflow/example_dags/example_xcom.py
[2023-09-13T19:26:59.823+0000] {processor.py:839} INFO - DAG(s) dict_keys(['example_xcom']) retrieved from /home/airflow/.local/lib/python3.8/site-packages/airflow/example_dags/example_xcom.py
[2023-09-13T19:26:59.845+0000] {logging_mixin.py:151} INFO - [2023-09-13T19:26:59.844+0000] {dag.py:2915} INFO - Sync 1 DAGs
[2023-09-13T19:26:59.861+0000] {logging_mixin.py:151} INFO - [2023-09-13T19:26:59.861+0000] {dag.py:3696} INFO - Setting next_dagrun for example_xcom to 2021-01-01T00:00:00+00:00, run_after=2021-01-01T00:00:00+00:00
[2023-09-13T19:26:59.873+0000] {processor.py:179} INFO - Processing /home/airflow/.local/lib/python3.8/site-packages/airflow/example_dags/example_xcom.py took 0.065 seconds
[2023-09-13T19:28:14.583+0000] {processor.py:157} INFO - Started process (PID=47) to work on /home/airflow/.local/lib/python3.8/site-packages/airflow/example_dags/example_xcom.py
[2023-09-13T19:28:14.586+0000] {processor.py:829} INFO - Processing file /home/airflow/.local/lib/python3.8/site-packages/airflow/example_dags/example_xcom.py for tasks to queue
[2023-09-13T19:28:14.594+0000] {logging_mixin.py:151} INFO - [2023-09-13T19:28:14.593+0000] {dagbag.py:539} INFO - Filling up the DagBag from /home/airflow/.local/lib/python3.8/site-packages/airflow/example_dags/example_xcom.py
[2023-09-13T19:28:14.612+0000] {processor.py:839} INFO - DAG(s) dict_keys(['example_xcom']) retrieved from /home/airflow/.local/lib/python3.8/site-packages/airflow/example_dags/example_xcom.py
[2023-09-13T19:28:14.643+0000] {logging_mixin.py:151} INFO - [2023-09-13T19:28:14.642+0000] {dag.py:2915} INFO - Sync 1 DAGs
[2023-09-13T19:28:14.673+0000] {logging_mixin.py:151} INFO - [2023-09-13T19:28:14.673+0000] {dag.py:3696} INFO - Setting next_dagrun for example_xcom to 2021-01-01T00:00:00+00:00, run_after=2021-01-01T00:00:00+00:00
[2023-09-13T19:28:14.693+0000] {processor.py:179} INFO - Processing /home/airflow/.local/lib/python3.8/site-packages/airflow/example_dags/example_xcom.py took 0.117 seconds
[2023-09-13T19:28:45.471+0000] {processor.py:157} INFO - Started process (PID=102) to work on /home/airflow/.local/lib/python3.8/site-packages/airflow/example_dags/example_xcom.py
[2023-09-13T19:28:45.472+0000] {processor.py:829} INFO - Processing file /home/airflow/.local/lib/python3.8/site-packages/airflow/example_dags/example_xcom.py for tasks to queue
[2023-09-13T19:28:45.475+0000] {logging_mixin.py:151} INFO - [2023-09-13T19:28:45.474+0000] {dagbag.py:539} INFO - Filling up the DagBag from /home/airflow/.local/lib/python3.8/site-packages/airflow/example_dags/example_xcom.py
[2023-09-13T19:28:45.482+0000] {processor.py:839} INFO - DAG(s) dict_keys(['example_xcom']) retrieved from /home/airflow/.local/lib/python3.8/site-packages/airflow/example_dags/example_xcom.py
[2023-09-13T19:28:45.515+0000] {logging_mixin.py:151} INFO - [2023-09-13T19:28:45.515+0000] {dag.py:2915} INFO - Sync 1 DAGs
[2023-09-13T19:28:45.532+0000] {logging_mixin.py:151} INFO - [2023-09-13T19:28:45.531+0000] {dag.py:3696} INFO - Setting next_dagrun for example_xcom to 2021-01-01T00:00:00+00:00, run_after=2021-01-01T00:00:00+00:00
[2023-09-13T19:28:45.545+0000] {processor.py:179} INFO - Processing /home/airflow/.local/lib/python3.8/site-packages/airflow/example_dags/example_xcom.py took 0.077 seconds
[2023-09-13T19:29:15.878+0000] {processor.py:157} INFO - Started process (PID=157) to work on /home/airflow/.local/lib/python3.8/site-packages/airflow/example_dags/example_xcom.py
[2023-09-13T19:29:15.880+0000] {processor.py:829} INFO - Processing file /home/airflow/.local/lib/python3.8/site-packages/airflow/example_dags/example_xcom.py for tasks to queue
[2023-09-13T19:29:15.882+0000] {logging_mixin.py:151} INFO - [2023-09-13T19:29:15.882+0000] {dagbag.py:539} INFO - Filling up the DagBag from /home/airflow/.local/lib/python3.8/site-packages/airflow/example_dags/example_xcom.py
[2023-09-13T19:29:15.890+0000] {processor.py:839} INFO - DAG(s) dict_keys(['example_xcom']) retrieved from /home/airflow/.local/lib/python3.8/site-packages/airflow/example_dags/example_xcom.py
[2023-09-13T19:29:15.911+0000] {logging_mixin.py:151} INFO - [2023-09-13T19:29:15.911+0000] {dag.py:2915} INFO - Sync 1 DAGs
[2023-09-13T19:29:15.928+0000] {logging_mixin.py:151} INFO - [2023-09-13T19:29:15.928+0000] {dag.py:3696} INFO - Setting next_dagrun for example_xcom to 2021-01-01T00:00:00+00:00, run_after=2021-01-01T00:00:00+00:00
[2023-09-13T19:29:15.940+0000] {processor.py:179} INFO - Processing /home/airflow/.local/lib/python3.8/site-packages/airflow/example_dags/example_xcom.py took 0.065 seconds
[2023-09-13T19:29:46.285+0000] {processor.py:157} INFO - Started process (PID=211) to work on /home/airflow/.local/lib/python3.8/site-packages/airflow/example_dags/example_xcom.py
[2023-09-13T19:29:46.286+0000] {processor.py:829} INFO - Processing file /home/airflow/.local/lib/python3.8/site-packages/airflow/example_dags/example_xcom.py for tasks to queue
[2023-09-13T19:29:46.289+0000] {logging_mixin.py:151} INFO - [2023-09-13T19:29:46.288+0000] {dagbag.py:539} INFO - Filling up the DagBag from /home/airflow/.local/lib/python3.8/site-packages/airflow/example_dags/example_xcom.py
[2023-09-13T19:29:46.296+0000] {processor.py:839} INFO - DAG(s) dict_keys(['example_xcom']) retrieved from /home/airflow/.local/lib/python3.8/site-packages/airflow/example_dags/example_xcom.py
[2023-09-13T19:29:46.317+0000] {logging_mixin.py:151} INFO - [2023-09-13T19:29:46.317+0000] {dag.py:2915} INFO - Sync 1 DAGs
[2023-09-13T19:29:46.333+0000] {logging_mixin.py:151} INFO - [2023-09-13T19:29:46.333+0000] {dag.py:3696} INFO - Setting next_dagrun for example_xcom to 2021-01-01T00:00:00+00:00, run_after=2021-01-01T00:00:00+00:00
[2023-09-13T19:29:46.346+0000] {processor.py:179} INFO - Processing /home/airflow/.local/lib/python3.8/site-packages/airflow/example_dags/example_xcom.py took 0.065 seconds
[2023-09-13T19:30:16.415+0000] {processor.py:157} INFO - Started process (PID=265) to work on /home/airflow/.local/lib/python3.8/site-packages/airflow/example_dags/example_xcom.py
[2023-09-13T19:30:16.418+0000] {processor.py:829} INFO - Processing file /home/airflow/.local/lib/python3.8/site-packages/airflow/example_dags/example_xcom.py for tasks to queue
[2023-09-13T19:30:16.421+0000] {logging_mixin.py:151} INFO - [2023-09-13T19:30:16.421+0000] {dagbag.py:539} INFO - Filling up the DagBag from /home/airflow/.local/lib/python3.8/site-packages/airflow/example_dags/example_xcom.py
[2023-09-13T19:30:16.429+0000] {processor.py:839} INFO - DAG(s) dict_keys(['example_xcom']) retrieved from /home/airflow/.local/lib/python3.8/site-packages/airflow/example_dags/example_xcom.py
[2023-09-13T19:30:16.454+0000] {logging_mixin.py:151} INFO - [2023-09-13T19:30:16.454+0000] {dag.py:2915} INFO - Sync 1 DAGs
[2023-09-13T19:30:16.472+0000] {logging_mixin.py:151} INFO - [2023-09-13T19:30:16.472+0000] {dag.py:3696} INFO - Setting next_dagrun for example_xcom to 2021-01-01T00:00:00+00:00, run_after=2021-01-01T00:00:00+00:00
[2023-09-13T19:30:16.488+0000] {processor.py:179} INFO - Processing /home/airflow/.local/lib/python3.8/site-packages/airflow/example_dags/example_xcom.py took 0.077 seconds
[2023-09-13T19:31:30.101+0000] {processor.py:157} INFO - Started process (PID=48) to work on /home/airflow/.local/lib/python3.8/site-packages/airflow/example_dags/example_xcom.py
[2023-09-13T19:31:30.112+0000] {processor.py:829} INFO - Processing file /home/airflow/.local/lib/python3.8/site-packages/airflow/example_dags/example_xcom.py for tasks to queue
[2023-09-13T19:31:30.126+0000] {logging_mixin.py:151} INFO - [2023-09-13T19:31:30.125+0000] {dagbag.py:539} INFO - Filling up the DagBag from /home/airflow/.local/lib/python3.8/site-packages/airflow/example_dags/example_xcom.py
[2023-09-13T19:31:30.148+0000] {processor.py:839} INFO - DAG(s) dict_keys(['example_xcom']) retrieved from /home/airflow/.local/lib/python3.8/site-packages/airflow/example_dags/example_xcom.py
[2023-09-13T19:31:30.192+0000] {logging_mixin.py:151} INFO - [2023-09-13T19:31:30.192+0000] {dag.py:2915} INFO - Sync 1 DAGs
[2023-09-13T19:31:30.238+0000] {logging_mixin.py:151} INFO - [2023-09-13T19:31:30.237+0000] {dag.py:3696} INFO - Setting next_dagrun for example_xcom to 2021-01-01T00:00:00+00:00, run_after=2021-01-01T00:00:00+00:00
[2023-09-13T19:31:30.268+0000] {processor.py:179} INFO - Processing /home/airflow/.local/lib/python3.8/site-packages/airflow/example_dags/example_xcom.py took 0.173 seconds
[2023-09-13T19:32:00.836+0000] {processor.py:157} INFO - Started process (PID=102) to work on /home/airflow/.local/lib/python3.8/site-packages/airflow/example_dags/example_xcom.py
[2023-09-13T19:32:00.838+0000] {processor.py:829} INFO - Processing file /home/airflow/.local/lib/python3.8/site-packages/airflow/example_dags/example_xcom.py for tasks to queue
[2023-09-13T19:32:00.840+0000] {logging_mixin.py:151} INFO - [2023-09-13T19:32:00.840+0000] {dagbag.py:539} INFO - Filling up the DagBag from /home/airflow/.local/lib/python3.8/site-packages/airflow/example_dags/example_xcom.py
[2023-09-13T19:32:00.848+0000] {processor.py:839} INFO - DAG(s) dict_keys(['example_xcom']) retrieved from /home/airflow/.local/lib/python3.8/site-packages/airflow/example_dags/example_xcom.py
[2023-09-13T19:32:00.873+0000] {logging_mixin.py:151} INFO - [2023-09-13T19:32:00.873+0000] {dag.py:2915} INFO - Sync 1 DAGs
[2023-09-13T19:32:00.891+0000] {logging_mixin.py:151} INFO - [2023-09-13T19:32:00.891+0000] {dag.py:3696} INFO - Setting next_dagrun for example_xcom to 2021-01-01T00:00:00+00:00, run_after=2021-01-01T00:00:00+00:00
[2023-09-13T19:32:00.905+0000] {processor.py:179} INFO - Processing /home/airflow/.local/lib/python3.8/site-packages/airflow/example_dags/example_xcom.py took 0.073 seconds
[2023-09-13T19:32:31.350+0000] {processor.py:157} INFO - Started process (PID=157) to work on /home/airflow/.local/lib/python3.8/site-packages/airflow/example_dags/example_xcom.py
[2023-09-13T19:32:31.352+0000] {processor.py:829} INFO - Processing file /home/airflow/.local/lib/python3.8/site-packages/airflow/example_dags/example_xcom.py for tasks to queue
[2023-09-13T19:32:31.354+0000] {logging_mixin.py:151} INFO - [2023-09-13T19:32:31.354+0000] {dagbag.py:539} INFO - Filling up the DagBag from /home/airflow/.local/lib/python3.8/site-packages/airflow/example_dags/example_xcom.py
[2023-09-13T19:32:31.362+0000] {processor.py:839} INFO - DAG(s) dict_keys(['example_xcom']) retrieved from /home/airflow/.local/lib/python3.8/site-packages/airflow/example_dags/example_xcom.py
[2023-09-13T19:32:31.385+0000] {logging_mixin.py:151} INFO - [2023-09-13T19:32:31.385+0000] {dag.py:2915} INFO - Sync 1 DAGs
[2023-09-13T19:32:31.402+0000] {logging_mixin.py:151} INFO - [2023-09-13T19:32:31.402+0000] {dag.py:3696} INFO - Setting next_dagrun for example_xcom to 2021-01-01T00:00:00+00:00, run_after=2021-01-01T00:00:00+00:00
[2023-09-13T19:32:31.416+0000] {processor.py:179} INFO - Processing /home/airflow/.local/lib/python3.8/site-packages/airflow/example_dags/example_xcom.py took 0.069 seconds
[2023-09-13T19:33:01.505+0000] {processor.py:157} INFO - Started process (PID=212) to work on /home/airflow/.local/lib/python3.8/site-packages/airflow/example_dags/example_xcom.py
[2023-09-13T19:33:01.507+0000] {processor.py:829} INFO - Processing file /home/airflow/.local/lib/python3.8/site-packages/airflow/example_dags/example_xcom.py for tasks to queue
[2023-09-13T19:33:01.509+0000] {logging_mixin.py:151} INFO - [2023-09-13T19:33:01.509+0000] {dagbag.py:539} INFO - Filling up the DagBag from /home/airflow/.local/lib/python3.8/site-packages/airflow/example_dags/example_xcom.py
[2023-09-13T19:33:01.516+0000] {processor.py:839} INFO - DAG(s) dict_keys(['example_xcom']) retrieved from /home/airflow/.local/lib/python3.8/site-packages/airflow/example_dags/example_xcom.py
[2023-09-13T19:33:01.538+0000] {logging_mixin.py:151} INFO - [2023-09-13T19:33:01.538+0000] {dag.py:2915} INFO - Sync 1 DAGs
[2023-09-13T19:33:01.555+0000] {logging_mixin.py:151} INFO - [2023-09-13T19:33:01.555+0000] {dag.py:3696} INFO - Setting next_dagrun for example_xcom to 2021-01-01T00:00:00+00:00, run_after=2021-01-01T00:00:00+00:00
[2023-09-13T19:33:01.569+0000] {processor.py:179} INFO - Processing /home/airflow/.local/lib/python3.8/site-packages/airflow/example_dags/example_xcom.py took 0.067 seconds
[2023-09-13T19:33:31.692+0000] {processor.py:157} INFO - Started process (PID=267) to work on /home/airflow/.local/lib/python3.8/site-packages/airflow/example_dags/example_xcom.py
[2023-09-13T19:33:31.693+0000] {processor.py:829} INFO - Processing file /home/airflow/.local/lib/python3.8/site-packages/airflow/example_dags/example_xcom.py for tasks to queue
[2023-09-13T19:33:31.696+0000] {logging_mixin.py:151} INFO - [2023-09-13T19:33:31.696+0000] {dagbag.py:539} INFO - Filling up the DagBag from /home/airflow/.local/lib/python3.8/site-packages/airflow/example_dags/example_xcom.py
[2023-09-13T19:33:31.706+0000] {processor.py:839} INFO - DAG(s) dict_keys(['example_xcom']) retrieved from /home/airflow/.local/lib/python3.8/site-packages/airflow/example_dags/example_xcom.py
[2023-09-13T19:33:31.733+0000] {logging_mixin.py:151} INFO - [2023-09-13T19:33:31.733+0000] {dag.py:2915} INFO - Sync 1 DAGs
[2023-09-13T19:33:31.751+0000] {logging_mixin.py:151} INFO - [2023-09-13T19:33:31.751+0000] {dag.py:3696} INFO - Setting next_dagrun for example_xcom to 2021-01-01T00:00:00+00:00, run_after=2021-01-01T00:00:00+00:00
[2023-09-13T19:33:31.763+0000] {processor.py:179} INFO - Processing /home/airflow/.local/lib/python3.8/site-packages/airflow/example_dags/example_xcom.py took 0.075 seconds
[2023-09-13T19:34:02.410+0000] {processor.py:157} INFO - Started process (PID=322) to work on /home/airflow/.local/lib/python3.8/site-packages/airflow/example_dags/example_xcom.py
[2023-09-13T19:34:02.411+0000] {processor.py:829} INFO - Processing file /home/airflow/.local/lib/python3.8/site-packages/airflow/example_dags/example_xcom.py for tasks to queue
[2023-09-13T19:34:02.414+0000] {logging_mixin.py:151} INFO - [2023-09-13T19:34:02.413+0000] {dagbag.py:539} INFO - Filling up the DagBag from /home/airflow/.local/lib/python3.8/site-packages/airflow/example_dags/example_xcom.py
[2023-09-13T19:34:02.421+0000] {processor.py:839} INFO - DAG(s) dict_keys(['example_xcom']) retrieved from /home/airflow/.local/lib/python3.8/site-packages/airflow/example_dags/example_xcom.py
[2023-09-13T19:34:02.442+0000] {logging_mixin.py:151} INFO - [2023-09-13T19:34:02.442+0000] {dag.py:2915} INFO - Sync 1 DAGs
[2023-09-13T19:34:02.458+0000] {logging_mixin.py:151} INFO - [2023-09-13T19:34:02.458+0000] {dag.py:3696} INFO - Setting next_dagrun for example_xcom to 2021-01-01T00:00:00+00:00, run_after=2021-01-01T00:00:00+00:00
[2023-09-13T19:34:02.471+0000] {processor.py:179} INFO - Processing /home/airflow/.local/lib/python3.8/site-packages/airflow/example_dags/example_xcom.py took 0.064 seconds
