[2023-09-13T19:15:53.736+0000] {processor.py:157} INFO - Started process (PID=64) to work on /home/airflow/.local/lib/python3.8/site-packages/airflow/example_dags/example_skip_dag.py
[2023-09-13T19:15:53.737+0000] {processor.py:829} INFO - Processing file /home/airflow/.local/lib/python3.8/site-packages/airflow/example_dags/example_skip_dag.py for tasks to queue
[2023-09-13T19:15:53.740+0000] {logging_mixin.py:151} INFO - [2023-09-13T19:15:53.740+0000] {dagbag.py:539} INFO - Filling up the DagBag from /home/airflow/.local/lib/python3.8/site-packages/airflow/example_dags/example_skip_dag.py
[2023-09-13T19:15:53.747+0000] {processor.py:839} INFO - DAG(s) dict_keys(['example_skip_dag']) retrieved from /home/airflow/.local/lib/python3.8/site-packages/airflow/example_dags/example_skip_dag.py
[2023-09-13T19:15:53.823+0000] {logging_mixin.py:151} INFO - [2023-09-13T19:15:53.823+0000] {manager.py:499} INFO - Created Permission View: %s
[2023-09-13T19:15:53.829+0000] {logging_mixin.py:151} INFO - [2023-09-13T19:15:53.829+0000] {manager.py:499} INFO - Created Permission View: %s
[2023-09-13T19:15:53.834+0000] {logging_mixin.py:151} INFO - [2023-09-13T19:15:53.833+0000] {manager.py:499} INFO - Created Permission View: %s
[2023-09-13T19:15:53.834+0000] {logging_mixin.py:151} INFO - [2023-09-13T19:15:53.834+0000] {security.py:708} INFO - Not syncing DAG-level permissions for DAG 'DAG:example_skip_dag' as access control is unset.
[2023-09-13T19:15:53.835+0000] {logging_mixin.py:151} INFO - [2023-09-13T19:15:53.835+0000] {dag.py:2915} INFO - Sync 1 DAGs
[2023-09-13T19:15:53.842+0000] {logging_mixin.py:151} INFO - [2023-09-13T19:15:53.842+0000] {dag.py:2937} INFO - Creating ORM DAG for example_skip_dag
[2023-09-13T19:15:53.850+0000] {logging_mixin.py:151} INFO - [2023-09-13T19:15:53.850+0000] {dag.py:3696} INFO - Setting next_dagrun for example_skip_dag to 2023-09-12T19:15:53.850283+00:00, run_after=2023-09-13T19:15:53.850283+00:00
[2023-09-13T19:15:53.869+0000] {processor.py:179} INFO - Processing /home/airflow/.local/lib/python3.8/site-packages/airflow/example_dags/example_skip_dag.py took 0.136 seconds
[2023-09-13T19:16:24.133+0000] {processor.py:157} INFO - Started process (PID=118) to work on /home/airflow/.local/lib/python3.8/site-packages/airflow/example_dags/example_skip_dag.py
[2023-09-13T19:16:24.134+0000] {processor.py:829} INFO - Processing file /home/airflow/.local/lib/python3.8/site-packages/airflow/example_dags/example_skip_dag.py for tasks to queue
[2023-09-13T19:16:24.137+0000] {logging_mixin.py:151} INFO - [2023-09-13T19:16:24.136+0000] {dagbag.py:539} INFO - Filling up the DagBag from /home/airflow/.local/lib/python3.8/site-packages/airflow/example_dags/example_skip_dag.py
[2023-09-13T19:16:24.143+0000] {processor.py:839} INFO - DAG(s) dict_keys(['example_skip_dag']) retrieved from /home/airflow/.local/lib/python3.8/site-packages/airflow/example_dags/example_skip_dag.py
[2023-09-13T19:16:24.164+0000] {logging_mixin.py:151} INFO - [2023-09-13T19:16:24.164+0000] {dag.py:2915} INFO - Sync 1 DAGs
[2023-09-13T19:16:24.181+0000] {logging_mixin.py:151} INFO - [2023-09-13T19:16:24.181+0000] {dag.py:3696} INFO - Setting next_dagrun for example_skip_dag to 2023-09-12T19:16:24.180729+00:00, run_after=2023-09-13T19:16:24.180729+00:00
[2023-09-13T19:16:24.193+0000] {processor.py:179} INFO - Processing /home/airflow/.local/lib/python3.8/site-packages/airflow/example_dags/example_skip_dag.py took 0.064 seconds
[2023-09-13T19:16:54.527+0000] {processor.py:157} INFO - Started process (PID=171) to work on /home/airflow/.local/lib/python3.8/site-packages/airflow/example_dags/example_skip_dag.py
[2023-09-13T19:16:54.528+0000] {processor.py:829} INFO - Processing file /home/airflow/.local/lib/python3.8/site-packages/airflow/example_dags/example_skip_dag.py for tasks to queue
[2023-09-13T19:16:54.530+0000] {logging_mixin.py:151} INFO - [2023-09-13T19:16:54.530+0000] {dagbag.py:539} INFO - Filling up the DagBag from /home/airflow/.local/lib/python3.8/site-packages/airflow/example_dags/example_skip_dag.py
[2023-09-13T19:16:54.537+0000] {processor.py:839} INFO - DAG(s) dict_keys(['example_skip_dag']) retrieved from /home/airflow/.local/lib/python3.8/site-packages/airflow/example_dags/example_skip_dag.py
[2023-09-13T19:16:54.557+0000] {logging_mixin.py:151} INFO - [2023-09-13T19:16:54.557+0000] {dag.py:2915} INFO - Sync 1 DAGs
[2023-09-13T19:16:54.574+0000] {logging_mixin.py:151} INFO - [2023-09-13T19:16:54.574+0000] {dag.py:3696} INFO - Setting next_dagrun for example_skip_dag to 2023-09-12T19:16:54.573752+00:00, run_after=2023-09-13T19:16:54.573752+00:00
[2023-09-13T19:16:54.586+0000] {processor.py:179} INFO - Processing /home/airflow/.local/lib/python3.8/site-packages/airflow/example_dags/example_skip_dag.py took 0.063 seconds
[2023-09-13T19:17:24.804+0000] {processor.py:157} INFO - Started process (PID=225) to work on /home/airflow/.local/lib/python3.8/site-packages/airflow/example_dags/example_skip_dag.py
[2023-09-13T19:17:24.805+0000] {processor.py:829} INFO - Processing file /home/airflow/.local/lib/python3.8/site-packages/airflow/example_dags/example_skip_dag.py for tasks to queue
[2023-09-13T19:17:24.808+0000] {logging_mixin.py:151} INFO - [2023-09-13T19:17:24.807+0000] {dagbag.py:539} INFO - Filling up the DagBag from /home/airflow/.local/lib/python3.8/site-packages/airflow/example_dags/example_skip_dag.py
[2023-09-13T19:17:24.814+0000] {processor.py:839} INFO - DAG(s) dict_keys(['example_skip_dag']) retrieved from /home/airflow/.local/lib/python3.8/site-packages/airflow/example_dags/example_skip_dag.py
[2023-09-13T19:17:24.835+0000] {logging_mixin.py:151} INFO - [2023-09-13T19:17:24.835+0000] {dag.py:2915} INFO - Sync 1 DAGs
[2023-09-13T19:17:24.853+0000] {logging_mixin.py:151} INFO - [2023-09-13T19:17:24.853+0000] {dag.py:3696} INFO - Setting next_dagrun for example_skip_dag to 2023-09-12T19:17:24.853210+00:00, run_after=2023-09-13T19:17:24.853210+00:00
[2023-09-13T19:17:24.865+0000] {processor.py:179} INFO - Processing /home/airflow/.local/lib/python3.8/site-packages/airflow/example_dags/example_skip_dag.py took 0.065 seconds
[2023-09-13T19:17:55.068+0000] {processor.py:157} INFO - Started process (PID=279) to work on /home/airflow/.local/lib/python3.8/site-packages/airflow/example_dags/example_skip_dag.py
[2023-09-13T19:17:55.069+0000] {processor.py:829} INFO - Processing file /home/airflow/.local/lib/python3.8/site-packages/airflow/example_dags/example_skip_dag.py for tasks to queue
[2023-09-13T19:17:55.072+0000] {logging_mixin.py:151} INFO - [2023-09-13T19:17:55.071+0000] {dagbag.py:539} INFO - Filling up the DagBag from /home/airflow/.local/lib/python3.8/site-packages/airflow/example_dags/example_skip_dag.py
[2023-09-13T19:17:55.078+0000] {processor.py:839} INFO - DAG(s) dict_keys(['example_skip_dag']) retrieved from /home/airflow/.local/lib/python3.8/site-packages/airflow/example_dags/example_skip_dag.py
[2023-09-13T19:17:55.099+0000] {logging_mixin.py:151} INFO - [2023-09-13T19:17:55.099+0000] {dag.py:2915} INFO - Sync 1 DAGs
[2023-09-13T19:17:55.125+0000] {logging_mixin.py:151} INFO - [2023-09-13T19:17:55.125+0000] {dag.py:3696} INFO - Setting next_dagrun for example_skip_dag to 2023-09-12T19:17:55.124610+00:00, run_after=2023-09-13T19:17:55.124610+00:00
[2023-09-13T19:17:55.155+0000] {processor.py:179} INFO - Processing /home/airflow/.local/lib/python3.8/site-packages/airflow/example_dags/example_skip_dag.py took 0.091 seconds
[2023-09-13T19:18:25.295+0000] {processor.py:157} INFO - Started process (PID=333) to work on /home/airflow/.local/lib/python3.8/site-packages/airflow/example_dags/example_skip_dag.py
[2023-09-13T19:18:25.296+0000] {processor.py:829} INFO - Processing file /home/airflow/.local/lib/python3.8/site-packages/airflow/example_dags/example_skip_dag.py for tasks to queue
[2023-09-13T19:18:25.298+0000] {logging_mixin.py:151} INFO - [2023-09-13T19:18:25.298+0000] {dagbag.py:539} INFO - Filling up the DagBag from /home/airflow/.local/lib/python3.8/site-packages/airflow/example_dags/example_skip_dag.py
[2023-09-13T19:18:25.305+0000] {processor.py:839} INFO - DAG(s) dict_keys(['example_skip_dag']) retrieved from /home/airflow/.local/lib/python3.8/site-packages/airflow/example_dags/example_skip_dag.py
[2023-09-13T19:18:25.329+0000] {logging_mixin.py:151} INFO - [2023-09-13T19:18:25.329+0000] {dag.py:2915} INFO - Sync 1 DAGs
[2023-09-13T19:18:25.347+0000] {logging_mixin.py:151} INFO - [2023-09-13T19:18:25.346+0000] {dag.py:3696} INFO - Setting next_dagrun for example_skip_dag to 2023-09-12T19:18:25.346644+00:00, run_after=2023-09-13T19:18:25.346644+00:00
[2023-09-13T19:18:25.361+0000] {processor.py:179} INFO - Processing /home/airflow/.local/lib/python3.8/site-packages/airflow/example_dags/example_skip_dag.py took 0.070 seconds
[2023-09-13T19:18:55.838+0000] {processor.py:157} INFO - Started process (PID=387) to work on /home/airflow/.local/lib/python3.8/site-packages/airflow/example_dags/example_skip_dag.py
[2023-09-13T19:18:55.840+0000] {processor.py:829} INFO - Processing file /home/airflow/.local/lib/python3.8/site-packages/airflow/example_dags/example_skip_dag.py for tasks to queue
[2023-09-13T19:18:55.842+0000] {logging_mixin.py:151} INFO - [2023-09-13T19:18:55.842+0000] {dagbag.py:539} INFO - Filling up the DagBag from /home/airflow/.local/lib/python3.8/site-packages/airflow/example_dags/example_skip_dag.py
[2023-09-13T19:18:55.848+0000] {processor.py:839} INFO - DAG(s) dict_keys(['example_skip_dag']) retrieved from /home/airflow/.local/lib/python3.8/site-packages/airflow/example_dags/example_skip_dag.py
[2023-09-13T19:18:55.869+0000] {logging_mixin.py:151} INFO - [2023-09-13T19:18:55.869+0000] {dag.py:2915} INFO - Sync 1 DAGs
[2023-09-13T19:18:55.886+0000] {logging_mixin.py:151} INFO - [2023-09-13T19:18:55.885+0000] {dag.py:3696} INFO - Setting next_dagrun for example_skip_dag to 2023-09-12T19:18:55.885693+00:00, run_after=2023-09-13T19:18:55.885693+00:00
[2023-09-13T19:18:55.898+0000] {processor.py:179} INFO - Processing /home/airflow/.local/lib/python3.8/site-packages/airflow/example_dags/example_skip_dag.py took 0.063 seconds
[2023-09-13T19:19:26.181+0000] {processor.py:157} INFO - Started process (PID=442) to work on /home/airflow/.local/lib/python3.8/site-packages/airflow/example_dags/example_skip_dag.py
[2023-09-13T19:19:26.183+0000] {processor.py:829} INFO - Processing file /home/airflow/.local/lib/python3.8/site-packages/airflow/example_dags/example_skip_dag.py for tasks to queue
[2023-09-13T19:19:26.185+0000] {logging_mixin.py:151} INFO - [2023-09-13T19:19:26.185+0000] {dagbag.py:539} INFO - Filling up the DagBag from /home/airflow/.local/lib/python3.8/site-packages/airflow/example_dags/example_skip_dag.py
[2023-09-13T19:19:26.192+0000] {processor.py:839} INFO - DAG(s) dict_keys(['example_skip_dag']) retrieved from /home/airflow/.local/lib/python3.8/site-packages/airflow/example_dags/example_skip_dag.py
[2023-09-13T19:19:26.214+0000] {logging_mixin.py:151} INFO - [2023-09-13T19:19:26.214+0000] {dag.py:2915} INFO - Sync 1 DAGs
[2023-09-13T19:19:26.232+0000] {logging_mixin.py:151} INFO - [2023-09-13T19:19:26.232+0000] {dag.py:3696} INFO - Setting next_dagrun for example_skip_dag to 2023-09-12T19:19:26.231874+00:00, run_after=2023-09-13T19:19:26.231874+00:00
[2023-09-13T19:19:26.245+0000] {processor.py:179} INFO - Processing /home/airflow/.local/lib/python3.8/site-packages/airflow/example_dags/example_skip_dag.py took 0.067 seconds
[2023-09-13T19:19:57.190+0000] {processor.py:157} INFO - Started process (PID=496) to work on /home/airflow/.local/lib/python3.8/site-packages/airflow/example_dags/example_skip_dag.py
[2023-09-13T19:19:57.192+0000] {processor.py:829} INFO - Processing file /home/airflow/.local/lib/python3.8/site-packages/airflow/example_dags/example_skip_dag.py for tasks to queue
[2023-09-13T19:19:57.194+0000] {logging_mixin.py:151} INFO - [2023-09-13T19:19:57.194+0000] {dagbag.py:539} INFO - Filling up the DagBag from /home/airflow/.local/lib/python3.8/site-packages/airflow/example_dags/example_skip_dag.py
[2023-09-13T19:19:57.201+0000] {processor.py:839} INFO - DAG(s) dict_keys(['example_skip_dag']) retrieved from /home/airflow/.local/lib/python3.8/site-packages/airflow/example_dags/example_skip_dag.py
[2023-09-13T19:19:57.228+0000] {logging_mixin.py:151} INFO - [2023-09-13T19:19:57.228+0000] {dag.py:2915} INFO - Sync 1 DAGs
[2023-09-13T19:19:57.247+0000] {logging_mixin.py:151} INFO - [2023-09-13T19:19:57.247+0000] {dag.py:3696} INFO - Setting next_dagrun for example_skip_dag to 2023-09-12T19:19:57.247550+00:00, run_after=2023-09-13T19:19:57.247550+00:00
[2023-09-13T19:19:57.261+0000] {processor.py:179} INFO - Processing /home/airflow/.local/lib/python3.8/site-packages/airflow/example_dags/example_skip_dag.py took 0.075 seconds
[2023-09-13T19:20:27.540+0000] {processor.py:157} INFO - Started process (PID=549) to work on /home/airflow/.local/lib/python3.8/site-packages/airflow/example_dags/example_skip_dag.py
[2023-09-13T19:20:27.542+0000] {processor.py:829} INFO - Processing file /home/airflow/.local/lib/python3.8/site-packages/airflow/example_dags/example_skip_dag.py for tasks to queue
[2023-09-13T19:20:27.544+0000] {logging_mixin.py:151} INFO - [2023-09-13T19:20:27.544+0000] {dagbag.py:539} INFO - Filling up the DagBag from /home/airflow/.local/lib/python3.8/site-packages/airflow/example_dags/example_skip_dag.py
[2023-09-13T19:20:27.550+0000] {processor.py:839} INFO - DAG(s) dict_keys(['example_skip_dag']) retrieved from /home/airflow/.local/lib/python3.8/site-packages/airflow/example_dags/example_skip_dag.py
[2023-09-13T19:20:27.572+0000] {logging_mixin.py:151} INFO - [2023-09-13T19:20:27.572+0000] {dag.py:2915} INFO - Sync 1 DAGs
[2023-09-13T19:20:27.589+0000] {logging_mixin.py:151} INFO - [2023-09-13T19:20:27.589+0000] {dag.py:3696} INFO - Setting next_dagrun for example_skip_dag to 2023-09-12T19:20:27.588691+00:00, run_after=2023-09-13T19:20:27.588691+00:00
[2023-09-13T19:20:27.602+0000] {processor.py:179} INFO - Processing /home/airflow/.local/lib/python3.8/site-packages/airflow/example_dags/example_skip_dag.py took 0.065 seconds
[2023-09-13T19:20:58.352+0000] {processor.py:157} INFO - Started process (PID=603) to work on /home/airflow/.local/lib/python3.8/site-packages/airflow/example_dags/example_skip_dag.py
[2023-09-13T19:20:58.353+0000] {processor.py:829} INFO - Processing file /home/airflow/.local/lib/python3.8/site-packages/airflow/example_dags/example_skip_dag.py for tasks to queue
[2023-09-13T19:20:58.355+0000] {logging_mixin.py:151} INFO - [2023-09-13T19:20:58.355+0000] {dagbag.py:539} INFO - Filling up the DagBag from /home/airflow/.local/lib/python3.8/site-packages/airflow/example_dags/example_skip_dag.py
[2023-09-13T19:20:58.362+0000] {processor.py:839} INFO - DAG(s) dict_keys(['example_skip_dag']) retrieved from /home/airflow/.local/lib/python3.8/site-packages/airflow/example_dags/example_skip_dag.py
[2023-09-13T19:20:58.384+0000] {logging_mixin.py:151} INFO - [2023-09-13T19:20:58.384+0000] {dag.py:2915} INFO - Sync 1 DAGs
[2023-09-13T19:20:58.401+0000] {logging_mixin.py:151} INFO - [2023-09-13T19:20:58.401+0000] {dag.py:3696} INFO - Setting next_dagrun for example_skip_dag to 2023-09-12T19:20:58.401092+00:00, run_after=2023-09-13T19:20:58.401092+00:00
[2023-09-13T19:20:58.414+0000] {processor.py:179} INFO - Processing /home/airflow/.local/lib/python3.8/site-packages/airflow/example_dags/example_skip_dag.py took 0.066 seconds
[2023-09-13T19:21:29.078+0000] {processor.py:157} INFO - Started process (PID=657) to work on /home/airflow/.local/lib/python3.8/site-packages/airflow/example_dags/example_skip_dag.py
[2023-09-13T19:21:29.080+0000] {processor.py:829} INFO - Processing file /home/airflow/.local/lib/python3.8/site-packages/airflow/example_dags/example_skip_dag.py for tasks to queue
[2023-09-13T19:21:29.082+0000] {logging_mixin.py:151} INFO - [2023-09-13T19:21:29.082+0000] {dagbag.py:539} INFO - Filling up the DagBag from /home/airflow/.local/lib/python3.8/site-packages/airflow/example_dags/example_skip_dag.py
[2023-09-13T19:21:29.089+0000] {processor.py:839} INFO - DAG(s) dict_keys(['example_skip_dag']) retrieved from /home/airflow/.local/lib/python3.8/site-packages/airflow/example_dags/example_skip_dag.py
[2023-09-13T19:21:29.111+0000] {logging_mixin.py:151} INFO - [2023-09-13T19:21:29.111+0000] {dag.py:2915} INFO - Sync 1 DAGs
[2023-09-13T19:21:29.128+0000] {logging_mixin.py:151} INFO - [2023-09-13T19:21:29.128+0000] {dag.py:3696} INFO - Setting next_dagrun for example_skip_dag to 2023-09-12T19:21:29.128507+00:00, run_after=2023-09-13T19:21:29.128507+00:00
[2023-09-13T19:21:29.143+0000] {processor.py:179} INFO - Processing /home/airflow/.local/lib/python3.8/site-packages/airflow/example_dags/example_skip_dag.py took 0.068 seconds
[2023-09-13T19:21:59.740+0000] {processor.py:157} INFO - Started process (PID=718) to work on /home/airflow/.local/lib/python3.8/site-packages/airflow/example_dags/example_skip_dag.py
[2023-09-13T19:21:59.742+0000] {processor.py:829} INFO - Processing file /home/airflow/.local/lib/python3.8/site-packages/airflow/example_dags/example_skip_dag.py for tasks to queue
[2023-09-13T19:21:59.744+0000] {logging_mixin.py:151} INFO - [2023-09-13T19:21:59.744+0000] {dagbag.py:539} INFO - Filling up the DagBag from /home/airflow/.local/lib/python3.8/site-packages/airflow/example_dags/example_skip_dag.py
[2023-09-13T19:21:59.750+0000] {processor.py:839} INFO - DAG(s) dict_keys(['example_skip_dag']) retrieved from /home/airflow/.local/lib/python3.8/site-packages/airflow/example_dags/example_skip_dag.py
[2023-09-13T19:21:59.771+0000] {logging_mixin.py:151} INFO - [2023-09-13T19:21:59.771+0000] {dag.py:2915} INFO - Sync 1 DAGs
[2023-09-13T19:21:59.788+0000] {logging_mixin.py:151} INFO - [2023-09-13T19:21:59.788+0000] {dag.py:3696} INFO - Setting next_dagrun for example_skip_dag to 2023-09-12T19:21:59.787814+00:00, run_after=2023-09-13T19:21:59.787814+00:00
[2023-09-13T19:21:59.801+0000] {processor.py:179} INFO - Processing /home/airflow/.local/lib/python3.8/site-packages/airflow/example_dags/example_skip_dag.py took 0.064 seconds
[2023-09-13T19:22:30.556+0000] {processor.py:157} INFO - Started process (PID=772) to work on /home/airflow/.local/lib/python3.8/site-packages/airflow/example_dags/example_skip_dag.py
[2023-09-13T19:22:30.558+0000] {processor.py:829} INFO - Processing file /home/airflow/.local/lib/python3.8/site-packages/airflow/example_dags/example_skip_dag.py for tasks to queue
[2023-09-13T19:22:30.561+0000] {logging_mixin.py:151} INFO - [2023-09-13T19:22:30.560+0000] {dagbag.py:539} INFO - Filling up the DagBag from /home/airflow/.local/lib/python3.8/site-packages/airflow/example_dags/example_skip_dag.py
[2023-09-13T19:22:30.567+0000] {processor.py:839} INFO - DAG(s) dict_keys(['example_skip_dag']) retrieved from /home/airflow/.local/lib/python3.8/site-packages/airflow/example_dags/example_skip_dag.py
[2023-09-13T19:22:30.590+0000] {logging_mixin.py:151} INFO - [2023-09-13T19:22:30.590+0000] {dag.py:2915} INFO - Sync 1 DAGs
[2023-09-13T19:22:30.608+0000] {logging_mixin.py:151} INFO - [2023-09-13T19:22:30.608+0000] {dag.py:3696} INFO - Setting next_dagrun for example_skip_dag to 2023-09-12T19:22:30.607886+00:00, run_after=2023-09-13T19:22:30.607886+00:00
[2023-09-13T19:22:30.621+0000] {processor.py:179} INFO - Processing /home/airflow/.local/lib/python3.8/site-packages/airflow/example_dags/example_skip_dag.py took 0.069 seconds
[2023-09-13T19:23:00.956+0000] {processor.py:157} INFO - Started process (PID=826) to work on /home/airflow/.local/lib/python3.8/site-packages/airflow/example_dags/example_skip_dag.py
[2023-09-13T19:23:00.958+0000] {processor.py:829} INFO - Processing file /home/airflow/.local/lib/python3.8/site-packages/airflow/example_dags/example_skip_dag.py for tasks to queue
[2023-09-13T19:23:00.960+0000] {logging_mixin.py:151} INFO - [2023-09-13T19:23:00.960+0000] {dagbag.py:539} INFO - Filling up the DagBag from /home/airflow/.local/lib/python3.8/site-packages/airflow/example_dags/example_skip_dag.py
[2023-09-13T19:23:00.967+0000] {processor.py:839} INFO - DAG(s) dict_keys(['example_skip_dag']) retrieved from /home/airflow/.local/lib/python3.8/site-packages/airflow/example_dags/example_skip_dag.py
[2023-09-13T19:23:00.989+0000] {logging_mixin.py:151} INFO - [2023-09-13T19:23:00.989+0000] {dag.py:2915} INFO - Sync 1 DAGs
[2023-09-13T19:23:01.006+0000] {logging_mixin.py:151} INFO - [2023-09-13T19:23:01.006+0000] {dag.py:3696} INFO - Setting next_dagrun for example_skip_dag to 2023-09-12T19:23:01.006359+00:00, run_after=2023-09-13T19:23:01.006359+00:00
[2023-09-13T19:23:01.019+0000] {processor.py:179} INFO - Processing /home/airflow/.local/lib/python3.8/site-packages/airflow/example_dags/example_skip_dag.py took 0.066 seconds
[2023-09-13T19:23:31.102+0000] {processor.py:157} INFO - Started process (PID=879) to work on /home/airflow/.local/lib/python3.8/site-packages/airflow/example_dags/example_skip_dag.py
[2023-09-13T19:23:31.103+0000] {processor.py:829} INFO - Processing file /home/airflow/.local/lib/python3.8/site-packages/airflow/example_dags/example_skip_dag.py for tasks to queue
[2023-09-13T19:23:31.106+0000] {logging_mixin.py:151} INFO - [2023-09-13T19:23:31.106+0000] {dagbag.py:539} INFO - Filling up the DagBag from /home/airflow/.local/lib/python3.8/site-packages/airflow/example_dags/example_skip_dag.py
[2023-09-13T19:23:31.112+0000] {processor.py:839} INFO - DAG(s) dict_keys(['example_skip_dag']) retrieved from /home/airflow/.local/lib/python3.8/site-packages/airflow/example_dags/example_skip_dag.py
[2023-09-13T19:23:31.133+0000] {logging_mixin.py:151} INFO - [2023-09-13T19:23:31.133+0000] {dag.py:2915} INFO - Sync 1 DAGs
[2023-09-13T19:23:31.149+0000] {logging_mixin.py:151} INFO - [2023-09-13T19:23:31.149+0000] {dag.py:3696} INFO - Setting next_dagrun for example_skip_dag to 2023-09-12T19:23:31.149599+00:00, run_after=2023-09-13T19:23:31.149599+00:00
[2023-09-13T19:23:31.162+0000] {processor.py:179} INFO - Processing /home/airflow/.local/lib/python3.8/site-packages/airflow/example_dags/example_skip_dag.py took 0.063 seconds
[2023-09-13T19:24:01.314+0000] {processor.py:157} INFO - Started process (PID=933) to work on /home/airflow/.local/lib/python3.8/site-packages/airflow/example_dags/example_skip_dag.py
[2023-09-13T19:24:01.316+0000] {processor.py:829} INFO - Processing file /home/airflow/.local/lib/python3.8/site-packages/airflow/example_dags/example_skip_dag.py for tasks to queue
[2023-09-13T19:24:01.318+0000] {logging_mixin.py:151} INFO - [2023-09-13T19:24:01.318+0000] {dagbag.py:539} INFO - Filling up the DagBag from /home/airflow/.local/lib/python3.8/site-packages/airflow/example_dags/example_skip_dag.py
[2023-09-13T19:24:01.324+0000] {processor.py:839} INFO - DAG(s) dict_keys(['example_skip_dag']) retrieved from /home/airflow/.local/lib/python3.8/site-packages/airflow/example_dags/example_skip_dag.py
[2023-09-13T19:24:01.346+0000] {logging_mixin.py:151} INFO - [2023-09-13T19:24:01.345+0000] {dag.py:2915} INFO - Sync 1 DAGs
[2023-09-13T19:24:01.362+0000] {logging_mixin.py:151} INFO - [2023-09-13T19:24:01.362+0000] {dag.py:3696} INFO - Setting next_dagrun for example_skip_dag to 2023-09-12T19:24:01.361823+00:00, run_after=2023-09-13T19:24:01.361823+00:00
[2023-09-13T19:24:01.374+0000] {processor.py:179} INFO - Processing /home/airflow/.local/lib/python3.8/site-packages/airflow/example_dags/example_skip_dag.py took 0.063 seconds
[2023-09-13T19:24:31.651+0000] {processor.py:157} INFO - Started process (PID=988) to work on /home/airflow/.local/lib/python3.8/site-packages/airflow/example_dags/example_skip_dag.py
[2023-09-13T19:24:31.652+0000] {processor.py:829} INFO - Processing file /home/airflow/.local/lib/python3.8/site-packages/airflow/example_dags/example_skip_dag.py for tasks to queue
[2023-09-13T19:24:31.655+0000] {logging_mixin.py:151} INFO - [2023-09-13T19:24:31.655+0000] {dagbag.py:539} INFO - Filling up the DagBag from /home/airflow/.local/lib/python3.8/site-packages/airflow/example_dags/example_skip_dag.py
[2023-09-13T19:24:31.661+0000] {processor.py:839} INFO - DAG(s) dict_keys(['example_skip_dag']) retrieved from /home/airflow/.local/lib/python3.8/site-packages/airflow/example_dags/example_skip_dag.py
[2023-09-13T19:24:31.682+0000] {logging_mixin.py:151} INFO - [2023-09-13T19:24:31.682+0000] {dag.py:2915} INFO - Sync 1 DAGs
[2023-09-13T19:24:31.699+0000] {logging_mixin.py:151} INFO - [2023-09-13T19:24:31.699+0000] {dag.py:3696} INFO - Setting next_dagrun for example_skip_dag to 2023-09-12T19:24:31.699407+00:00, run_after=2023-09-13T19:24:31.699407+00:00
[2023-09-13T19:24:31.712+0000] {processor.py:179} INFO - Processing /home/airflow/.local/lib/python3.8/site-packages/airflow/example_dags/example_skip_dag.py took 0.064 seconds
[2023-09-13T19:25:01.876+0000] {processor.py:157} INFO - Started process (PID=1041) to work on /home/airflow/.local/lib/python3.8/site-packages/airflow/example_dags/example_skip_dag.py
[2023-09-13T19:25:01.877+0000] {processor.py:829} INFO - Processing file /home/airflow/.local/lib/python3.8/site-packages/airflow/example_dags/example_skip_dag.py for tasks to queue
[2023-09-13T19:25:01.880+0000] {logging_mixin.py:151} INFO - [2023-09-13T19:25:01.880+0000] {dagbag.py:539} INFO - Filling up the DagBag from /home/airflow/.local/lib/python3.8/site-packages/airflow/example_dags/example_skip_dag.py
[2023-09-13T19:25:01.887+0000] {processor.py:839} INFO - DAG(s) dict_keys(['example_skip_dag']) retrieved from /home/airflow/.local/lib/python3.8/site-packages/airflow/example_dags/example_skip_dag.py
[2023-09-13T19:25:01.908+0000] {logging_mixin.py:151} INFO - [2023-09-13T19:25:01.908+0000] {dag.py:2915} INFO - Sync 1 DAGs
[2023-09-13T19:25:01.924+0000] {logging_mixin.py:151} INFO - [2023-09-13T19:25:01.924+0000] {dag.py:3696} INFO - Setting next_dagrun for example_skip_dag to 2023-09-12T19:25:01.924486+00:00, run_after=2023-09-13T19:25:01.924486+00:00
[2023-09-13T19:25:01.936+0000] {processor.py:179} INFO - Processing /home/airflow/.local/lib/python3.8/site-packages/airflow/example_dags/example_skip_dag.py took 0.063 seconds
[2023-09-13T19:25:32.203+0000] {processor.py:157} INFO - Started process (PID=1095) to work on /home/airflow/.local/lib/python3.8/site-packages/airflow/example_dags/example_skip_dag.py
[2023-09-13T19:25:32.204+0000] {processor.py:829} INFO - Processing file /home/airflow/.local/lib/python3.8/site-packages/airflow/example_dags/example_skip_dag.py for tasks to queue
[2023-09-13T19:25:32.208+0000] {logging_mixin.py:151} INFO - [2023-09-13T19:25:32.207+0000] {dagbag.py:539} INFO - Filling up the DagBag from /home/airflow/.local/lib/python3.8/site-packages/airflow/example_dags/example_skip_dag.py
[2023-09-13T19:25:32.215+0000] {processor.py:839} INFO - DAG(s) dict_keys(['example_skip_dag']) retrieved from /home/airflow/.local/lib/python3.8/site-packages/airflow/example_dags/example_skip_dag.py
[2023-09-13T19:25:32.239+0000] {logging_mixin.py:151} INFO - [2023-09-13T19:25:32.239+0000] {dag.py:2915} INFO - Sync 1 DAGs
[2023-09-13T19:25:32.260+0000] {logging_mixin.py:151} INFO - [2023-09-13T19:25:32.260+0000] {dag.py:3696} INFO - Setting next_dagrun for example_skip_dag to 2023-09-12T19:25:32.260034+00:00, run_after=2023-09-13T19:25:32.260034+00:00
[2023-09-13T19:25:32.273+0000] {processor.py:179} INFO - Processing /home/airflow/.local/lib/python3.8/site-packages/airflow/example_dags/example_skip_dag.py took 0.073 seconds
[2023-09-13T19:26:03.138+0000] {processor.py:157} INFO - Started process (PID=1152) to work on /home/airflow/.local/lib/python3.8/site-packages/airflow/example_dags/example_skip_dag.py
[2023-09-13T19:26:03.140+0000] {processor.py:829} INFO - Processing file /home/airflow/.local/lib/python3.8/site-packages/airflow/example_dags/example_skip_dag.py for tasks to queue
[2023-09-13T19:26:03.145+0000] {logging_mixin.py:151} INFO - [2023-09-13T19:26:03.144+0000] {dagbag.py:539} INFO - Filling up the DagBag from /home/airflow/.local/lib/python3.8/site-packages/airflow/example_dags/example_skip_dag.py
[2023-09-13T19:26:03.153+0000] {processor.py:839} INFO - DAG(s) dict_keys(['example_skip_dag']) retrieved from /home/airflow/.local/lib/python3.8/site-packages/airflow/example_dags/example_skip_dag.py
[2023-09-13T19:26:03.186+0000] {logging_mixin.py:151} INFO - [2023-09-13T19:26:03.185+0000] {dag.py:2915} INFO - Sync 1 DAGs
[2023-09-13T19:26:03.215+0000] {logging_mixin.py:151} INFO - [2023-09-13T19:26:03.214+0000] {dag.py:3696} INFO - Setting next_dagrun for example_skip_dag to 2023-09-12T19:26:03.214284+00:00, run_after=2023-09-13T19:26:03.214284+00:00
[2023-09-13T19:26:03.232+0000] {processor.py:179} INFO - Processing /home/airflow/.local/lib/python3.8/site-packages/airflow/example_dags/example_skip_dag.py took 0.099 seconds
[2023-09-13T19:26:33.682+0000] {processor.py:157} INFO - Started process (PID=1209) to work on /home/airflow/.local/lib/python3.8/site-packages/airflow/example_dags/example_skip_dag.py
[2023-09-13T19:26:33.684+0000] {processor.py:829} INFO - Processing file /home/airflow/.local/lib/python3.8/site-packages/airflow/example_dags/example_skip_dag.py for tasks to queue
[2023-09-13T19:26:33.686+0000] {logging_mixin.py:151} INFO - [2023-09-13T19:26:33.686+0000] {dagbag.py:539} INFO - Filling up the DagBag from /home/airflow/.local/lib/python3.8/site-packages/airflow/example_dags/example_skip_dag.py
[2023-09-13T19:26:33.693+0000] {processor.py:839} INFO - DAG(s) dict_keys(['example_skip_dag']) retrieved from /home/airflow/.local/lib/python3.8/site-packages/airflow/example_dags/example_skip_dag.py
[2023-09-13T19:26:33.718+0000] {logging_mixin.py:151} INFO - [2023-09-13T19:26:33.718+0000] {dag.py:2915} INFO - Sync 1 DAGs
[2023-09-13T19:26:33.736+0000] {logging_mixin.py:151} INFO - [2023-09-13T19:26:33.735+0000] {dag.py:3696} INFO - Setting next_dagrun for example_skip_dag to 2023-09-12T19:26:33.735693+00:00, run_after=2023-09-13T19:26:33.735693+00:00
[2023-09-13T19:26:33.750+0000] {processor.py:179} INFO - Processing /home/airflow/.local/lib/python3.8/site-packages/airflow/example_dags/example_skip_dag.py took 0.072 seconds
[2023-09-13T19:27:04.115+0000] {processor.py:157} INFO - Started process (PID=1264) to work on /home/airflow/.local/lib/python3.8/site-packages/airflow/example_dags/example_skip_dag.py
[2023-09-13T19:27:04.117+0000] {processor.py:829} INFO - Processing file /home/airflow/.local/lib/python3.8/site-packages/airflow/example_dags/example_skip_dag.py for tasks to queue
[2023-09-13T19:27:04.119+0000] {logging_mixin.py:151} INFO - [2023-09-13T19:27:04.119+0000] {dagbag.py:539} INFO - Filling up the DagBag from /home/airflow/.local/lib/python3.8/site-packages/airflow/example_dags/example_skip_dag.py
[2023-09-13T19:27:04.126+0000] {processor.py:839} INFO - DAG(s) dict_keys(['example_skip_dag']) retrieved from /home/airflow/.local/lib/python3.8/site-packages/airflow/example_dags/example_skip_dag.py
[2023-09-13T19:27:04.148+0000] {logging_mixin.py:151} INFO - [2023-09-13T19:27:04.148+0000] {dag.py:2915} INFO - Sync 1 DAGs
[2023-09-13T19:27:04.166+0000] {logging_mixin.py:151} INFO - [2023-09-13T19:27:04.166+0000] {dag.py:3696} INFO - Setting next_dagrun for example_skip_dag to 2023-09-12T19:27:04.165725+00:00, run_after=2023-09-13T19:27:04.165725+00:00
[2023-09-13T19:27:04.186+0000] {processor.py:179} INFO - Processing /home/airflow/.local/lib/python3.8/site-packages/airflow/example_dags/example_skip_dag.py took 0.075 seconds
[2023-09-13T19:28:17.548+0000] {processor.py:157} INFO - Started process (PID=64) to work on /home/airflow/.local/lib/python3.8/site-packages/airflow/example_dags/example_skip_dag.py
[2023-09-13T19:28:17.551+0000] {processor.py:829} INFO - Processing file /home/airflow/.local/lib/python3.8/site-packages/airflow/example_dags/example_skip_dag.py for tasks to queue
[2023-09-13T19:28:17.557+0000] {logging_mixin.py:151} INFO - [2023-09-13T19:28:17.556+0000] {dagbag.py:539} INFO - Filling up the DagBag from /home/airflow/.local/lib/python3.8/site-packages/airflow/example_dags/example_skip_dag.py
[2023-09-13T19:28:17.569+0000] {processor.py:839} INFO - DAG(s) dict_keys(['example_skip_dag']) retrieved from /home/airflow/.local/lib/python3.8/site-packages/airflow/example_dags/example_skip_dag.py
[2023-09-13T19:28:17.597+0000] {logging_mixin.py:151} INFO - [2023-09-13T19:28:17.596+0000] {dag.py:2915} INFO - Sync 1 DAGs
[2023-09-13T19:28:17.673+0000] {logging_mixin.py:151} INFO - [2023-09-13T19:28:17.673+0000] {dag.py:3696} INFO - Setting next_dagrun for example_skip_dag to 2023-09-12T19:28:17.673045+00:00, run_after=2023-09-13T19:28:17.673045+00:00
[2023-09-13T19:28:17.716+0000] {processor.py:179} INFO - Processing /home/airflow/.local/lib/python3.8/site-packages/airflow/example_dags/example_skip_dag.py took 0.174 seconds
[2023-09-13T19:28:47.954+0000] {processor.py:157} INFO - Started process (PID=120) to work on /home/airflow/.local/lib/python3.8/site-packages/airflow/example_dags/example_skip_dag.py
[2023-09-13T19:28:47.955+0000] {processor.py:829} INFO - Processing file /home/airflow/.local/lib/python3.8/site-packages/airflow/example_dags/example_skip_dag.py for tasks to queue
[2023-09-13T19:28:47.958+0000] {logging_mixin.py:151} INFO - [2023-09-13T19:28:47.957+0000] {dagbag.py:539} INFO - Filling up the DagBag from /home/airflow/.local/lib/python3.8/site-packages/airflow/example_dags/example_skip_dag.py
[2023-09-13T19:28:47.965+0000] {processor.py:839} INFO - DAG(s) dict_keys(['example_skip_dag']) retrieved from /home/airflow/.local/lib/python3.8/site-packages/airflow/example_dags/example_skip_dag.py
[2023-09-13T19:28:47.987+0000] {logging_mixin.py:151} INFO - [2023-09-13T19:28:47.987+0000] {dag.py:2915} INFO - Sync 1 DAGs
[2023-09-13T19:28:48.004+0000] {logging_mixin.py:151} INFO - [2023-09-13T19:28:48.004+0000] {dag.py:3696} INFO - Setting next_dagrun for example_skip_dag to 2023-09-12T19:28:48.004375+00:00, run_after=2023-09-13T19:28:48.004375+00:00
[2023-09-13T19:28:48.022+0000] {processor.py:179} INFO - Processing /home/airflow/.local/lib/python3.8/site-packages/airflow/example_dags/example_skip_dag.py took 0.072 seconds
[2023-09-13T19:29:18.262+0000] {processor.py:157} INFO - Started process (PID=175) to work on /home/airflow/.local/lib/python3.8/site-packages/airflow/example_dags/example_skip_dag.py
[2023-09-13T19:29:18.263+0000] {processor.py:829} INFO - Processing file /home/airflow/.local/lib/python3.8/site-packages/airflow/example_dags/example_skip_dag.py for tasks to queue
[2023-09-13T19:29:18.266+0000] {logging_mixin.py:151} INFO - [2023-09-13T19:29:18.265+0000] {dagbag.py:539} INFO - Filling up the DagBag from /home/airflow/.local/lib/python3.8/site-packages/airflow/example_dags/example_skip_dag.py
[2023-09-13T19:29:18.272+0000] {processor.py:839} INFO - DAG(s) dict_keys(['example_skip_dag']) retrieved from /home/airflow/.local/lib/python3.8/site-packages/airflow/example_dags/example_skip_dag.py
[2023-09-13T19:29:18.293+0000] {logging_mixin.py:151} INFO - [2023-09-13T19:29:18.292+0000] {dag.py:2915} INFO - Sync 1 DAGs
[2023-09-13T19:29:18.309+0000] {logging_mixin.py:151} INFO - [2023-09-13T19:29:18.309+0000] {dag.py:3696} INFO - Setting next_dagrun for example_skip_dag to 2023-09-12T19:29:18.308765+00:00, run_after=2023-09-13T19:29:18.308765+00:00
[2023-09-13T19:29:18.321+0000] {processor.py:179} INFO - Processing /home/airflow/.local/lib/python3.8/site-packages/airflow/example_dags/example_skip_dag.py took 0.062 seconds
[2023-09-13T19:29:48.624+0000] {processor.py:157} INFO - Started process (PID=229) to work on /home/airflow/.local/lib/python3.8/site-packages/airflow/example_dags/example_skip_dag.py
[2023-09-13T19:29:48.625+0000] {processor.py:829} INFO - Processing file /home/airflow/.local/lib/python3.8/site-packages/airflow/example_dags/example_skip_dag.py for tasks to queue
[2023-09-13T19:29:48.627+0000] {logging_mixin.py:151} INFO - [2023-09-13T19:29:48.627+0000] {dagbag.py:539} INFO - Filling up the DagBag from /home/airflow/.local/lib/python3.8/site-packages/airflow/example_dags/example_skip_dag.py
[2023-09-13T19:29:48.634+0000] {processor.py:839} INFO - DAG(s) dict_keys(['example_skip_dag']) retrieved from /home/airflow/.local/lib/python3.8/site-packages/airflow/example_dags/example_skip_dag.py
[2023-09-13T19:29:48.659+0000] {logging_mixin.py:151} INFO - [2023-09-13T19:29:48.659+0000] {dag.py:2915} INFO - Sync 1 DAGs
[2023-09-13T19:29:48.676+0000] {logging_mixin.py:151} INFO - [2023-09-13T19:29:48.676+0000] {dag.py:3696} INFO - Setting next_dagrun for example_skip_dag to 2023-09-12T19:29:48.676230+00:00, run_after=2023-09-13T19:29:48.676230+00:00
[2023-09-13T19:29:48.689+0000] {processor.py:179} INFO - Processing /home/airflow/.local/lib/python3.8/site-packages/airflow/example_dags/example_skip_dag.py took 0.069 seconds
[2023-09-13T19:30:18.925+0000] {processor.py:157} INFO - Started process (PID=283) to work on /home/airflow/.local/lib/python3.8/site-packages/airflow/example_dags/example_skip_dag.py
[2023-09-13T19:30:18.928+0000] {processor.py:829} INFO - Processing file /home/airflow/.local/lib/python3.8/site-packages/airflow/example_dags/example_skip_dag.py for tasks to queue
[2023-09-13T19:30:18.931+0000] {logging_mixin.py:151} INFO - [2023-09-13T19:30:18.930+0000] {dagbag.py:539} INFO - Filling up the DagBag from /home/airflow/.local/lib/python3.8/site-packages/airflow/example_dags/example_skip_dag.py
[2023-09-13T19:30:18.938+0000] {processor.py:839} INFO - DAG(s) dict_keys(['example_skip_dag']) retrieved from /home/airflow/.local/lib/python3.8/site-packages/airflow/example_dags/example_skip_dag.py
[2023-09-13T19:30:18.968+0000] {logging_mixin.py:151} INFO - [2023-09-13T19:30:18.968+0000] {dag.py:2915} INFO - Sync 1 DAGs
[2023-09-13T19:30:18.990+0000] {logging_mixin.py:151} INFO - [2023-09-13T19:30:18.990+0000] {dag.py:3696} INFO - Setting next_dagrun for example_skip_dag to 2023-09-12T19:30:18.989876+00:00, run_after=2023-09-13T19:30:18.989876+00:00
[2023-09-13T19:30:19.011+0000] {processor.py:179} INFO - Processing /home/airflow/.local/lib/python3.8/site-packages/airflow/example_dags/example_skip_dag.py took 0.089 seconds
[2023-09-13T19:31:33.020+0000] {processor.py:157} INFO - Started process (PID=65) to work on /home/airflow/.local/lib/python3.8/site-packages/airflow/example_dags/example_skip_dag.py
[2023-09-13T19:31:33.024+0000] {processor.py:829} INFO - Processing file /home/airflow/.local/lib/python3.8/site-packages/airflow/example_dags/example_skip_dag.py for tasks to queue
[2023-09-13T19:31:33.031+0000] {logging_mixin.py:151} INFO - [2023-09-13T19:31:33.030+0000] {dagbag.py:539} INFO - Filling up the DagBag from /home/airflow/.local/lib/python3.8/site-packages/airflow/example_dags/example_skip_dag.py
[2023-09-13T19:31:33.045+0000] {processor.py:839} INFO - DAG(s) dict_keys(['example_skip_dag']) retrieved from /home/airflow/.local/lib/python3.8/site-packages/airflow/example_dags/example_skip_dag.py
[2023-09-13T19:31:33.079+0000] {logging_mixin.py:151} INFO - [2023-09-13T19:31:33.078+0000] {dag.py:2915} INFO - Sync 1 DAGs
[2023-09-13T19:31:33.125+0000] {logging_mixin.py:151} INFO - [2023-09-13T19:31:33.124+0000] {dag.py:3696} INFO - Setting next_dagrun for example_skip_dag to 2023-09-12T19:31:33.124169+00:00, run_after=2023-09-13T19:31:33.124169+00:00
[2023-09-13T19:31:33.160+0000] {processor.py:179} INFO - Processing /home/airflow/.local/lib/python3.8/site-packages/airflow/example_dags/example_skip_dag.py took 0.152 seconds
[2023-09-13T19:32:03.524+0000] {processor.py:157} INFO - Started process (PID=120) to work on /home/airflow/.local/lib/python3.8/site-packages/airflow/example_dags/example_skip_dag.py
[2023-09-13T19:32:03.526+0000] {processor.py:829} INFO - Processing file /home/airflow/.local/lib/python3.8/site-packages/airflow/example_dags/example_skip_dag.py for tasks to queue
[2023-09-13T19:32:03.530+0000] {logging_mixin.py:151} INFO - [2023-09-13T19:32:03.530+0000] {dagbag.py:539} INFO - Filling up the DagBag from /home/airflow/.local/lib/python3.8/site-packages/airflow/example_dags/example_skip_dag.py
[2023-09-13T19:32:03.537+0000] {processor.py:839} INFO - DAG(s) dict_keys(['example_skip_dag']) retrieved from /home/airflow/.local/lib/python3.8/site-packages/airflow/example_dags/example_skip_dag.py
[2023-09-13T19:32:03.564+0000] {logging_mixin.py:151} INFO - [2023-09-13T19:32:03.563+0000] {dag.py:2915} INFO - Sync 1 DAGs
[2023-09-13T19:32:03.583+0000] {logging_mixin.py:151} INFO - [2023-09-13T19:32:03.583+0000] {dag.py:3696} INFO - Setting next_dagrun for example_skip_dag to 2023-09-12T19:32:03.583411+00:00, run_after=2023-09-13T19:32:03.583411+00:00
[2023-09-13T19:32:03.598+0000] {processor.py:179} INFO - Processing /home/airflow/.local/lib/python3.8/site-packages/airflow/example_dags/example_skip_dag.py took 0.078 seconds
[2023-09-13T19:32:34.657+0000] {processor.py:157} INFO - Started process (PID=175) to work on /home/airflow/.local/lib/python3.8/site-packages/airflow/example_dags/example_skip_dag.py
[2023-09-13T19:32:34.659+0000] {processor.py:829} INFO - Processing file /home/airflow/.local/lib/python3.8/site-packages/airflow/example_dags/example_skip_dag.py for tasks to queue
[2023-09-13T19:32:34.662+0000] {logging_mixin.py:151} INFO - [2023-09-13T19:32:34.661+0000] {dagbag.py:539} INFO - Filling up the DagBag from /home/airflow/.local/lib/python3.8/site-packages/airflow/example_dags/example_skip_dag.py
[2023-09-13T19:32:34.668+0000] {processor.py:839} INFO - DAG(s) dict_keys(['example_skip_dag']) retrieved from /home/airflow/.local/lib/python3.8/site-packages/airflow/example_dags/example_skip_dag.py
[2023-09-13T19:32:34.691+0000] {logging_mixin.py:151} INFO - [2023-09-13T19:32:34.691+0000] {dag.py:2915} INFO - Sync 1 DAGs
[2023-09-13T19:32:34.709+0000] {logging_mixin.py:151} INFO - [2023-09-13T19:32:34.709+0000] {dag.py:3696} INFO - Setting next_dagrun for example_skip_dag to 2023-09-12T19:32:34.709050+00:00, run_after=2023-09-13T19:32:34.709050+00:00
[2023-09-13T19:32:34.722+0000] {processor.py:179} INFO - Processing /home/airflow/.local/lib/python3.8/site-packages/airflow/example_dags/example_skip_dag.py took 0.069 seconds
[2023-09-13T19:33:05.610+0000] {processor.py:157} INFO - Started process (PID=230) to work on /home/airflow/.local/lib/python3.8/site-packages/airflow/example_dags/example_skip_dag.py
[2023-09-13T19:33:05.612+0000] {processor.py:829} INFO - Processing file /home/airflow/.local/lib/python3.8/site-packages/airflow/example_dags/example_skip_dag.py for tasks to queue
[2023-09-13T19:33:05.614+0000] {logging_mixin.py:151} INFO - [2023-09-13T19:33:05.614+0000] {dagbag.py:539} INFO - Filling up the DagBag from /home/airflow/.local/lib/python3.8/site-packages/airflow/example_dags/example_skip_dag.py
[2023-09-13T19:33:05.622+0000] {processor.py:839} INFO - DAG(s) dict_keys(['example_skip_dag']) retrieved from /home/airflow/.local/lib/python3.8/site-packages/airflow/example_dags/example_skip_dag.py
[2023-09-13T19:33:05.645+0000] {logging_mixin.py:151} INFO - [2023-09-13T19:33:05.645+0000] {dag.py:2915} INFO - Sync 1 DAGs
[2023-09-13T19:33:05.664+0000] {logging_mixin.py:151} INFO - [2023-09-13T19:33:05.664+0000] {dag.py:3696} INFO - Setting next_dagrun for example_skip_dag to 2023-09-12T19:33:05.664135+00:00, run_after=2023-09-13T19:33:05.664135+00:00
[2023-09-13T19:33:05.678+0000] {processor.py:179} INFO - Processing /home/airflow/.local/lib/python3.8/site-packages/airflow/example_dags/example_skip_dag.py took 0.071 seconds
[2023-09-13T19:33:36.703+0000] {processor.py:157} INFO - Started process (PID=285) to work on /home/airflow/.local/lib/python3.8/site-packages/airflow/example_dags/example_skip_dag.py
[2023-09-13T19:33:36.704+0000] {processor.py:829} INFO - Processing file /home/airflow/.local/lib/python3.8/site-packages/airflow/example_dags/example_skip_dag.py for tasks to queue
[2023-09-13T19:33:36.708+0000] {logging_mixin.py:151} INFO - [2023-09-13T19:33:36.707+0000] {dagbag.py:539} INFO - Filling up the DagBag from /home/airflow/.local/lib/python3.8/site-packages/airflow/example_dags/example_skip_dag.py
[2023-09-13T19:33:36.715+0000] {processor.py:839} INFO - DAG(s) dict_keys(['example_skip_dag']) retrieved from /home/airflow/.local/lib/python3.8/site-packages/airflow/example_dags/example_skip_dag.py
[2023-09-13T19:33:36.740+0000] {logging_mixin.py:151} INFO - [2023-09-13T19:33:36.740+0000] {dag.py:2915} INFO - Sync 1 DAGs
[2023-09-13T19:33:36.760+0000] {logging_mixin.py:151} INFO - [2023-09-13T19:33:36.760+0000] {dag.py:3696} INFO - Setting next_dagrun for example_skip_dag to 2023-09-12T19:33:36.760490+00:00, run_after=2023-09-13T19:33:36.760490+00:00
[2023-09-13T19:33:36.775+0000] {processor.py:179} INFO - Processing /home/airflow/.local/lib/python3.8/site-packages/airflow/example_dags/example_skip_dag.py took 0.078 seconds
[2023-09-13T19:34:07.390+0000] {processor.py:157} INFO - Started process (PID=340) to work on /home/airflow/.local/lib/python3.8/site-packages/airflow/example_dags/example_skip_dag.py
[2023-09-13T19:34:07.391+0000] {processor.py:829} INFO - Processing file /home/airflow/.local/lib/python3.8/site-packages/airflow/example_dags/example_skip_dag.py for tasks to queue
[2023-09-13T19:34:07.394+0000] {logging_mixin.py:151} INFO - [2023-09-13T19:34:07.393+0000] {dagbag.py:539} INFO - Filling up the DagBag from /home/airflow/.local/lib/python3.8/site-packages/airflow/example_dags/example_skip_dag.py
[2023-09-13T19:34:07.402+0000] {processor.py:839} INFO - DAG(s) dict_keys(['example_skip_dag']) retrieved from /home/airflow/.local/lib/python3.8/site-packages/airflow/example_dags/example_skip_dag.py
[2023-09-13T19:34:07.423+0000] {logging_mixin.py:151} INFO - [2023-09-13T19:34:07.423+0000] {dag.py:2915} INFO - Sync 1 DAGs
[2023-09-13T19:34:07.439+0000] {logging_mixin.py:151} INFO - [2023-09-13T19:34:07.439+0000] {dag.py:3696} INFO - Setting next_dagrun for example_skip_dag to 2023-09-12T19:34:07.439598+00:00, run_after=2023-09-13T19:34:07.439598+00:00
[2023-09-13T19:34:07.452+0000] {processor.py:179} INFO - Processing /home/airflow/.local/lib/python3.8/site-packages/airflow/example_dags/example_skip_dag.py took 0.066 seconds
