[2023-09-13T19:15:49.605+0000] {processor.py:157} INFO - Started process (PID=44) to work on /home/airflow/.local/lib/python3.8/site-packages/airflow/example_dags/example_xcomargs.py
[2023-09-13T19:15:49.607+0000] {processor.py:829} INFO - Processing file /home/airflow/.local/lib/python3.8/site-packages/airflow/example_dags/example_xcomargs.py for tasks to queue
[2023-09-13T19:15:49.615+0000] {logging_mixin.py:151} INFO - [2023-09-13T19:15:49.615+0000] {dagbag.py:539} INFO - Filling up the DagBag from /home/airflow/.local/lib/python3.8/site-packages/airflow/example_dags/example_xcomargs.py
[2023-09-13T19:15:49.637+0000] {processor.py:839} INFO - DAG(s) dict_keys(['example_xcom_args_with_operators', 'example_xcom_args']) retrieved from /home/airflow/.local/lib/python3.8/site-packages/airflow/example_dags/example_xcomargs.py
[2023-09-13T19:15:49.799+0000] {logging_mixin.py:151} INFO - [2023-09-13T19:15:49.798+0000] {manager.py:499} INFO - Created Permission View: %s
[2023-09-13T19:15:49.810+0000] {logging_mixin.py:151} INFO - [2023-09-13T19:15:49.810+0000] {manager.py:499} INFO - Created Permission View: %s
[2023-09-13T19:15:49.817+0000] {logging_mixin.py:151} INFO - [2023-09-13T19:15:49.817+0000] {manager.py:499} INFO - Created Permission View: %s
[2023-09-13T19:15:49.818+0000] {logging_mixin.py:151} INFO - [2023-09-13T19:15:49.818+0000] {security.py:708} INFO - Not syncing DAG-level permissions for DAG 'DAG:example_xcom_args_with_operators' as access control is unset.
[2023-09-13T19:15:49.830+0000] {logging_mixin.py:151} INFO - [2023-09-13T19:15:49.830+0000] {manager.py:499} INFO - Created Permission View: %s
[2023-09-13T19:15:49.837+0000] {logging_mixin.py:151} INFO - [2023-09-13T19:15:49.836+0000] {manager.py:499} INFO - Created Permission View: %s
[2023-09-13T19:15:49.844+0000] {logging_mixin.py:151} INFO - [2023-09-13T19:15:49.844+0000] {manager.py:499} INFO - Created Permission View: %s
[2023-09-13T19:15:49.845+0000] {logging_mixin.py:151} INFO - [2023-09-13T19:15:49.845+0000] {security.py:708} INFO - Not syncing DAG-level permissions for DAG 'DAG:example_xcom_args' as access control is unset.
[2023-09-13T19:15:49.846+0000] {logging_mixin.py:151} INFO - [2023-09-13T19:15:49.846+0000] {dag.py:2915} INFO - Sync 2 DAGs
[2023-09-13T19:15:49.864+0000] {logging_mixin.py:151} INFO - [2023-09-13T19:15:49.864+0000] {dag.py:2937} INFO - Creating ORM DAG for example_xcom_args_with_operators
[2023-09-13T19:15:49.866+0000] {logging_mixin.py:151} INFO - [2023-09-13T19:15:49.866+0000] {dag.py:2937} INFO - Creating ORM DAG for example_xcom_args
[2023-09-13T19:15:49.868+0000] {logging_mixin.py:151} INFO - [2023-09-13T19:15:49.868+0000] {dag.py:3696} INFO - Setting next_dagrun for example_xcom_args to None, run_after=None
[2023-09-13T19:15:49.870+0000] {logging_mixin.py:151} INFO - [2023-09-13T19:15:49.870+0000] {dag.py:3696} INFO - Setting next_dagrun for example_xcom_args_with_operators to None, run_after=None
[2023-09-13T19:15:49.890+0000] {processor.py:179} INFO - Processing /home/airflow/.local/lib/python3.8/site-packages/airflow/example_dags/example_xcomargs.py took 0.296 seconds
[2023-09-13T19:16:20.730+0000] {processor.py:157} INFO - Started process (PID=98) to work on /home/airflow/.local/lib/python3.8/site-packages/airflow/example_dags/example_xcomargs.py
[2023-09-13T19:16:20.732+0000] {processor.py:829} INFO - Processing file /home/airflow/.local/lib/python3.8/site-packages/airflow/example_dags/example_xcomargs.py for tasks to queue
[2023-09-13T19:16:20.734+0000] {logging_mixin.py:151} INFO - [2023-09-13T19:16:20.734+0000] {dagbag.py:539} INFO - Filling up the DagBag from /home/airflow/.local/lib/python3.8/site-packages/airflow/example_dags/example_xcomargs.py
[2023-09-13T19:16:20.742+0000] {processor.py:839} INFO - DAG(s) dict_keys(['example_xcom_args', 'example_xcom_args_with_operators']) retrieved from /home/airflow/.local/lib/python3.8/site-packages/airflow/example_dags/example_xcomargs.py
[2023-09-13T19:16:20.766+0000] {logging_mixin.py:151} INFO - [2023-09-13T19:16:20.766+0000] {dag.py:2915} INFO - Sync 2 DAGs
[2023-09-13T19:16:20.777+0000] {logging_mixin.py:151} INFO - [2023-09-13T19:16:20.777+0000] {dag.py:3696} INFO - Setting next_dagrun for example_xcom_args to None, run_after=None
[2023-09-13T19:16:20.780+0000] {logging_mixin.py:151} INFO - [2023-09-13T19:16:20.780+0000] {dag.py:3696} INFO - Setting next_dagrun for example_xcom_args_with_operators to None, run_after=None
[2023-09-13T19:16:20.792+0000] {processor.py:179} INFO - Processing /home/airflow/.local/lib/python3.8/site-packages/airflow/example_dags/example_xcomargs.py took 0.065 seconds
[2023-09-13T19:16:50.956+0000] {processor.py:157} INFO - Started process (PID=150) to work on /home/airflow/.local/lib/python3.8/site-packages/airflow/example_dags/example_xcomargs.py
[2023-09-13T19:16:50.959+0000] {processor.py:829} INFO - Processing file /home/airflow/.local/lib/python3.8/site-packages/airflow/example_dags/example_xcomargs.py for tasks to queue
[2023-09-13T19:16:50.962+0000] {logging_mixin.py:151} INFO - [2023-09-13T19:16:50.962+0000] {dagbag.py:539} INFO - Filling up the DagBag from /home/airflow/.local/lib/python3.8/site-packages/airflow/example_dags/example_xcomargs.py
[2023-09-13T19:16:50.971+0000] {processor.py:839} INFO - DAG(s) dict_keys(['example_xcom_args', 'example_xcom_args_with_operators']) retrieved from /home/airflow/.local/lib/python3.8/site-packages/airflow/example_dags/example_xcomargs.py
[2023-09-13T19:16:50.995+0000] {logging_mixin.py:151} INFO - [2023-09-13T19:16:50.995+0000] {dag.py:2915} INFO - Sync 2 DAGs
[2023-09-13T19:16:51.006+0000] {logging_mixin.py:151} INFO - [2023-09-13T19:16:51.006+0000] {dag.py:3696} INFO - Setting next_dagrun for example_xcom_args to None, run_after=None
[2023-09-13T19:16:51.009+0000] {logging_mixin.py:151} INFO - [2023-09-13T19:16:51.009+0000] {dag.py:3696} INFO - Setting next_dagrun for example_xcom_args_with_operators to None, run_after=None
[2023-09-13T19:16:51.021+0000] {processor.py:179} INFO - Processing /home/airflow/.local/lib/python3.8/site-packages/airflow/example_dags/example_xcomargs.py took 0.072 seconds
[2023-09-13T19:17:21.351+0000] {processor.py:157} INFO - Started process (PID=204) to work on /home/airflow/.local/lib/python3.8/site-packages/airflow/example_dags/example_xcomargs.py
[2023-09-13T19:17:21.353+0000] {processor.py:829} INFO - Processing file /home/airflow/.local/lib/python3.8/site-packages/airflow/example_dags/example_xcomargs.py for tasks to queue
[2023-09-13T19:17:21.355+0000] {logging_mixin.py:151} INFO - [2023-09-13T19:17:21.355+0000] {dagbag.py:539} INFO - Filling up the DagBag from /home/airflow/.local/lib/python3.8/site-packages/airflow/example_dags/example_xcomargs.py
[2023-09-13T19:17:21.365+0000] {processor.py:839} INFO - DAG(s) dict_keys(['example_xcom_args', 'example_xcom_args_with_operators']) retrieved from /home/airflow/.local/lib/python3.8/site-packages/airflow/example_dags/example_xcomargs.py
[2023-09-13T19:17:21.395+0000] {logging_mixin.py:151} INFO - [2023-09-13T19:17:21.395+0000] {dag.py:2915} INFO - Sync 2 DAGs
[2023-09-13T19:17:21.406+0000] {logging_mixin.py:151} INFO - [2023-09-13T19:17:21.406+0000] {dag.py:3696} INFO - Setting next_dagrun for example_xcom_args to None, run_after=None
[2023-09-13T19:17:21.413+0000] {logging_mixin.py:151} INFO - [2023-09-13T19:17:21.412+0000] {dag.py:3696} INFO - Setting next_dagrun for example_xcom_args_with_operators to None, run_after=None
[2023-09-13T19:17:21.430+0000] {processor.py:179} INFO - Processing /home/airflow/.local/lib/python3.8/site-packages/airflow/example_dags/example_xcomargs.py took 0.084 seconds
[2023-09-13T19:17:51.608+0000] {processor.py:157} INFO - Started process (PID=258) to work on /home/airflow/.local/lib/python3.8/site-packages/airflow/example_dags/example_xcomargs.py
[2023-09-13T19:17:51.611+0000] {processor.py:829} INFO - Processing file /home/airflow/.local/lib/python3.8/site-packages/airflow/example_dags/example_xcomargs.py for tasks to queue
[2023-09-13T19:17:51.614+0000] {logging_mixin.py:151} INFO - [2023-09-13T19:17:51.614+0000] {dagbag.py:539} INFO - Filling up the DagBag from /home/airflow/.local/lib/python3.8/site-packages/airflow/example_dags/example_xcomargs.py
[2023-09-13T19:17:51.625+0000] {processor.py:839} INFO - DAG(s) dict_keys(['example_xcom_args_with_operators', 'example_xcom_args']) retrieved from /home/airflow/.local/lib/python3.8/site-packages/airflow/example_dags/example_xcomargs.py
[2023-09-13T19:17:51.662+0000] {logging_mixin.py:151} INFO - [2023-09-13T19:17:51.662+0000] {dag.py:2915} INFO - Sync 2 DAGs
[2023-09-13T19:17:51.701+0000] {logging_mixin.py:151} INFO - [2023-09-13T19:17:51.701+0000] {dag.py:3696} INFO - Setting next_dagrun for example_xcom_args to None, run_after=None
[2023-09-13T19:17:51.706+0000] {logging_mixin.py:151} INFO - [2023-09-13T19:17:51.705+0000] {dag.py:3696} INFO - Setting next_dagrun for example_xcom_args_with_operators to None, run_after=None
[2023-09-13T19:17:51.723+0000] {processor.py:179} INFO - Processing /home/airflow/.local/lib/python3.8/site-packages/airflow/example_dags/example_xcomargs.py took 0.122 seconds
[2023-09-13T19:18:21.936+0000] {processor.py:157} INFO - Started process (PID=312) to work on /home/airflow/.local/lib/python3.8/site-packages/airflow/example_dags/example_xcomargs.py
[2023-09-13T19:18:21.938+0000] {processor.py:829} INFO - Processing file /home/airflow/.local/lib/python3.8/site-packages/airflow/example_dags/example_xcomargs.py for tasks to queue
[2023-09-13T19:18:21.941+0000] {logging_mixin.py:151} INFO - [2023-09-13T19:18:21.941+0000] {dagbag.py:539} INFO - Filling up the DagBag from /home/airflow/.local/lib/python3.8/site-packages/airflow/example_dags/example_xcomargs.py
[2023-09-13T19:18:21.950+0000] {processor.py:839} INFO - DAG(s) dict_keys(['example_xcom_args_with_operators', 'example_xcom_args']) retrieved from /home/airflow/.local/lib/python3.8/site-packages/airflow/example_dags/example_xcomargs.py
[2023-09-13T19:18:21.974+0000] {logging_mixin.py:151} INFO - [2023-09-13T19:18:21.974+0000] {dag.py:2915} INFO - Sync 2 DAGs
[2023-09-13T19:18:21.984+0000] {logging_mixin.py:151} INFO - [2023-09-13T19:18:21.984+0000] {dag.py:3696} INFO - Setting next_dagrun for example_xcom_args to None, run_after=None
[2023-09-13T19:18:21.987+0000] {logging_mixin.py:151} INFO - [2023-09-13T19:18:21.987+0000] {dag.py:3696} INFO - Setting next_dagrun for example_xcom_args_with_operators to None, run_after=None
[2023-09-13T19:18:21.999+0000] {processor.py:179} INFO - Processing /home/airflow/.local/lib/python3.8/site-packages/airflow/example_dags/example_xcomargs.py took 0.067 seconds
[2023-09-13T19:18:52.147+0000] {processor.py:157} INFO - Started process (PID=366) to work on /home/airflow/.local/lib/python3.8/site-packages/airflow/example_dags/example_xcomargs.py
[2023-09-13T19:18:52.149+0000] {processor.py:829} INFO - Processing file /home/airflow/.local/lib/python3.8/site-packages/airflow/example_dags/example_xcomargs.py for tasks to queue
[2023-09-13T19:18:52.153+0000] {logging_mixin.py:151} INFO - [2023-09-13T19:18:52.153+0000] {dagbag.py:539} INFO - Filling up the DagBag from /home/airflow/.local/lib/python3.8/site-packages/airflow/example_dags/example_xcomargs.py
[2023-09-13T19:18:52.162+0000] {processor.py:839} INFO - DAG(s) dict_keys(['example_xcom_args', 'example_xcom_args_with_operators']) retrieved from /home/airflow/.local/lib/python3.8/site-packages/airflow/example_dags/example_xcomargs.py
[2023-09-13T19:18:52.189+0000] {logging_mixin.py:151} INFO - [2023-09-13T19:18:52.189+0000] {dag.py:2915} INFO - Sync 2 DAGs
[2023-09-13T19:18:52.200+0000] {logging_mixin.py:151} INFO - [2023-09-13T19:18:52.200+0000] {dag.py:3696} INFO - Setting next_dagrun for example_xcom_args to None, run_after=None
[2023-09-13T19:18:52.203+0000] {logging_mixin.py:151} INFO - [2023-09-13T19:18:52.203+0000] {dag.py:3696} INFO - Setting next_dagrun for example_xcom_args_with_operators to None, run_after=None
[2023-09-13T19:18:52.218+0000] {processor.py:179} INFO - Processing /home/airflow/.local/lib/python3.8/site-packages/airflow/example_dags/example_xcomargs.py took 0.077 seconds
[2023-09-13T19:19:22.483+0000] {processor.py:157} INFO - Started process (PID=421) to work on /home/airflow/.local/lib/python3.8/site-packages/airflow/example_dags/example_xcomargs.py
[2023-09-13T19:19:22.488+0000] {processor.py:829} INFO - Processing file /home/airflow/.local/lib/python3.8/site-packages/airflow/example_dags/example_xcomargs.py for tasks to queue
[2023-09-13T19:19:22.491+0000] {logging_mixin.py:151} INFO - [2023-09-13T19:19:22.491+0000] {dagbag.py:539} INFO - Filling up the DagBag from /home/airflow/.local/lib/python3.8/site-packages/airflow/example_dags/example_xcomargs.py
[2023-09-13T19:19:22.502+0000] {processor.py:839} INFO - DAG(s) dict_keys(['example_xcom_args_with_operators', 'example_xcom_args']) retrieved from /home/airflow/.local/lib/python3.8/site-packages/airflow/example_dags/example_xcomargs.py
[2023-09-13T19:19:22.535+0000] {logging_mixin.py:151} INFO - [2023-09-13T19:19:22.535+0000] {dag.py:2915} INFO - Sync 2 DAGs
[2023-09-13T19:19:22.550+0000] {logging_mixin.py:151} INFO - [2023-09-13T19:19:22.549+0000] {dag.py:3696} INFO - Setting next_dagrun for example_xcom_args to None, run_after=None
[2023-09-13T19:19:22.554+0000] {logging_mixin.py:151} INFO - [2023-09-13T19:19:22.553+0000] {dag.py:3696} INFO - Setting next_dagrun for example_xcom_args_with_operators to None, run_after=None
[2023-09-13T19:19:22.576+0000] {processor.py:179} INFO - Processing /home/airflow/.local/lib/python3.8/site-packages/airflow/example_dags/example_xcomargs.py took 0.100 seconds
[2023-09-13T19:19:52.781+0000] {processor.py:157} INFO - Started process (PID=475) to work on /home/airflow/.local/lib/python3.8/site-packages/airflow/example_dags/example_xcomargs.py
[2023-09-13T19:19:52.784+0000] {processor.py:829} INFO - Processing file /home/airflow/.local/lib/python3.8/site-packages/airflow/example_dags/example_xcomargs.py for tasks to queue
[2023-09-13T19:19:52.787+0000] {logging_mixin.py:151} INFO - [2023-09-13T19:19:52.786+0000] {dagbag.py:539} INFO - Filling up the DagBag from /home/airflow/.local/lib/python3.8/site-packages/airflow/example_dags/example_xcomargs.py
[2023-09-13T19:19:52.795+0000] {processor.py:839} INFO - DAG(s) dict_keys(['example_xcom_args', 'example_xcom_args_with_operators']) retrieved from /home/airflow/.local/lib/python3.8/site-packages/airflow/example_dags/example_xcomargs.py
[2023-09-13T19:19:52.820+0000] {logging_mixin.py:151} INFO - [2023-09-13T19:19:52.820+0000] {dag.py:2915} INFO - Sync 2 DAGs
[2023-09-13T19:19:52.830+0000] {logging_mixin.py:151} INFO - [2023-09-13T19:19:52.830+0000] {dag.py:3696} INFO - Setting next_dagrun for example_xcom_args to None, run_after=None
[2023-09-13T19:19:52.833+0000] {logging_mixin.py:151} INFO - [2023-09-13T19:19:52.833+0000] {dag.py:3696} INFO - Setting next_dagrun for example_xcom_args_with_operators to None, run_after=None
[2023-09-13T19:19:52.846+0000] {processor.py:179} INFO - Processing /home/airflow/.local/lib/python3.8/site-packages/airflow/example_dags/example_xcomargs.py took 0.070 seconds
[2023-09-13T19:20:23.089+0000] {processor.py:157} INFO - Started process (PID=528) to work on /home/airflow/.local/lib/python3.8/site-packages/airflow/example_dags/example_xcomargs.py
[2023-09-13T19:20:23.091+0000] {processor.py:829} INFO - Processing file /home/airflow/.local/lib/python3.8/site-packages/airflow/example_dags/example_xcomargs.py for tasks to queue
[2023-09-13T19:20:23.095+0000] {logging_mixin.py:151} INFO - [2023-09-13T19:20:23.094+0000] {dagbag.py:539} INFO - Filling up the DagBag from /home/airflow/.local/lib/python3.8/site-packages/airflow/example_dags/example_xcomargs.py
[2023-09-13T19:20:23.104+0000] {processor.py:839} INFO - DAG(s) dict_keys(['example_xcom_args', 'example_xcom_args_with_operators']) retrieved from /home/airflow/.local/lib/python3.8/site-packages/airflow/example_dags/example_xcomargs.py
[2023-09-13T19:20:23.129+0000] {logging_mixin.py:151} INFO - [2023-09-13T19:20:23.129+0000] {dag.py:2915} INFO - Sync 2 DAGs
[2023-09-13T19:20:23.140+0000] {logging_mixin.py:151} INFO - [2023-09-13T19:20:23.140+0000] {dag.py:3696} INFO - Setting next_dagrun for example_xcom_args to None, run_after=None
[2023-09-13T19:20:23.143+0000] {logging_mixin.py:151} INFO - [2023-09-13T19:20:23.143+0000] {dag.py:3696} INFO - Setting next_dagrun for example_xcom_args_with_operators to None, run_after=None
[2023-09-13T19:20:23.156+0000] {processor.py:179} INFO - Processing /home/airflow/.local/lib/python3.8/site-packages/airflow/example_dags/example_xcomargs.py took 0.072 seconds
[2023-09-13T19:20:53.655+0000] {processor.py:157} INFO - Started process (PID=582) to work on /home/airflow/.local/lib/python3.8/site-packages/airflow/example_dags/example_xcomargs.py
[2023-09-13T19:20:53.657+0000] {processor.py:829} INFO - Processing file /home/airflow/.local/lib/python3.8/site-packages/airflow/example_dags/example_xcomargs.py for tasks to queue
[2023-09-13T19:20:53.660+0000] {logging_mixin.py:151} INFO - [2023-09-13T19:20:53.660+0000] {dagbag.py:539} INFO - Filling up the DagBag from /home/airflow/.local/lib/python3.8/site-packages/airflow/example_dags/example_xcomargs.py
[2023-09-13T19:20:53.672+0000] {processor.py:839} INFO - DAG(s) dict_keys(['example_xcom_args', 'example_xcom_args_with_operators']) retrieved from /home/airflow/.local/lib/python3.8/site-packages/airflow/example_dags/example_xcomargs.py
[2023-09-13T19:20:53.697+0000] {logging_mixin.py:151} INFO - [2023-09-13T19:20:53.697+0000] {dag.py:2915} INFO - Sync 2 DAGs
[2023-09-13T19:20:53.708+0000] {logging_mixin.py:151} INFO - [2023-09-13T19:20:53.708+0000] {dag.py:3696} INFO - Setting next_dagrun for example_xcom_args to None, run_after=None
[2023-09-13T19:20:53.711+0000] {logging_mixin.py:151} INFO - [2023-09-13T19:20:53.710+0000] {dag.py:3696} INFO - Setting next_dagrun for example_xcom_args_with_operators to None, run_after=None
[2023-09-13T19:20:53.723+0000] {processor.py:179} INFO - Processing /home/airflow/.local/lib/python3.8/site-packages/airflow/example_dags/example_xcomargs.py took 0.074 seconds
[2023-09-13T19:21:23.921+0000] {processor.py:157} INFO - Started process (PID=636) to work on /home/airflow/.local/lib/python3.8/site-packages/airflow/example_dags/example_xcomargs.py
[2023-09-13T19:21:23.923+0000] {processor.py:829} INFO - Processing file /home/airflow/.local/lib/python3.8/site-packages/airflow/example_dags/example_xcomargs.py for tasks to queue
[2023-09-13T19:21:23.926+0000] {logging_mixin.py:151} INFO - [2023-09-13T19:21:23.925+0000] {dagbag.py:539} INFO - Filling up the DagBag from /home/airflow/.local/lib/python3.8/site-packages/airflow/example_dags/example_xcomargs.py
[2023-09-13T19:21:23.936+0000] {processor.py:839} INFO - DAG(s) dict_keys(['example_xcom_args', 'example_xcom_args_with_operators']) retrieved from /home/airflow/.local/lib/python3.8/site-packages/airflow/example_dags/example_xcomargs.py
[2023-09-13T19:21:23.959+0000] {logging_mixin.py:151} INFO - [2023-09-13T19:21:23.959+0000] {dag.py:2915} INFO - Sync 2 DAGs
[2023-09-13T19:21:23.969+0000] {logging_mixin.py:151} INFO - [2023-09-13T19:21:23.969+0000] {dag.py:3696} INFO - Setting next_dagrun for example_xcom_args to None, run_after=None
[2023-09-13T19:21:23.972+0000] {logging_mixin.py:151} INFO - [2023-09-13T19:21:23.972+0000] {dag.py:3696} INFO - Setting next_dagrun for example_xcom_args_with_operators to None, run_after=None
[2023-09-13T19:21:23.983+0000] {processor.py:179} INFO - Processing /home/airflow/.local/lib/python3.8/site-packages/airflow/example_dags/example_xcomargs.py took 0.068 seconds
[2023-09-13T19:21:54.521+0000] {processor.py:157} INFO - Started process (PID=690) to work on /home/airflow/.local/lib/python3.8/site-packages/airflow/example_dags/example_xcomargs.py
[2023-09-13T19:21:54.523+0000] {processor.py:829} INFO - Processing file /home/airflow/.local/lib/python3.8/site-packages/airflow/example_dags/example_xcomargs.py for tasks to queue
[2023-09-13T19:21:54.527+0000] {logging_mixin.py:151} INFO - [2023-09-13T19:21:54.526+0000] {dagbag.py:539} INFO - Filling up the DagBag from /home/airflow/.local/lib/python3.8/site-packages/airflow/example_dags/example_xcomargs.py
[2023-09-13T19:21:54.537+0000] {processor.py:839} INFO - DAG(s) dict_keys(['example_xcom_args', 'example_xcom_args_with_operators']) retrieved from /home/airflow/.local/lib/python3.8/site-packages/airflow/example_dags/example_xcomargs.py
[2023-09-13T19:21:54.561+0000] {logging_mixin.py:151} INFO - [2023-09-13T19:21:54.561+0000] {dag.py:2915} INFO - Sync 2 DAGs
[2023-09-13T19:21:54.571+0000] {logging_mixin.py:151} INFO - [2023-09-13T19:21:54.571+0000] {dag.py:3696} INFO - Setting next_dagrun for example_xcom_args to None, run_after=None
[2023-09-13T19:21:54.574+0000] {logging_mixin.py:151} INFO - [2023-09-13T19:21:54.574+0000] {dag.py:3696} INFO - Setting next_dagrun for example_xcom_args_with_operators to None, run_after=None
[2023-09-13T19:21:54.586+0000] {processor.py:179} INFO - Processing /home/airflow/.local/lib/python3.8/site-packages/airflow/example_dags/example_xcomargs.py took 0.072 seconds
[2023-09-13T19:22:25.277+0000] {processor.py:157} INFO - Started process (PID=744) to work on /home/airflow/.local/lib/python3.8/site-packages/airflow/example_dags/example_xcomargs.py
[2023-09-13T19:22:25.278+0000] {processor.py:829} INFO - Processing file /home/airflow/.local/lib/python3.8/site-packages/airflow/example_dags/example_xcomargs.py for tasks to queue
[2023-09-13T19:22:25.281+0000] {logging_mixin.py:151} INFO - [2023-09-13T19:22:25.281+0000] {dagbag.py:539} INFO - Filling up the DagBag from /home/airflow/.local/lib/python3.8/site-packages/airflow/example_dags/example_xcomargs.py
[2023-09-13T19:22:25.289+0000] {processor.py:839} INFO - DAG(s) dict_keys(['example_xcom_args', 'example_xcom_args_with_operators']) retrieved from /home/airflow/.local/lib/python3.8/site-packages/airflow/example_dags/example_xcomargs.py
[2023-09-13T19:22:25.313+0000] {logging_mixin.py:151} INFO - [2023-09-13T19:22:25.313+0000] {dag.py:2915} INFO - Sync 2 DAGs
[2023-09-13T19:22:25.323+0000] {logging_mixin.py:151} INFO - [2023-09-13T19:22:25.323+0000] {dag.py:3696} INFO - Setting next_dagrun for example_xcom_args to None, run_after=None
[2023-09-13T19:22:25.325+0000] {logging_mixin.py:151} INFO - [2023-09-13T19:22:25.325+0000] {dag.py:3696} INFO - Setting next_dagrun for example_xcom_args_with_operators to None, run_after=None
[2023-09-13T19:22:25.337+0000] {processor.py:179} INFO - Processing /home/airflow/.local/lib/python3.8/site-packages/airflow/example_dags/example_xcomargs.py took 0.063 seconds
[2023-09-13T19:22:55.603+0000] {processor.py:157} INFO - Started process (PID=798) to work on /home/airflow/.local/lib/python3.8/site-packages/airflow/example_dags/example_xcomargs.py
[2023-09-13T19:22:55.605+0000] {processor.py:829} INFO - Processing file /home/airflow/.local/lib/python3.8/site-packages/airflow/example_dags/example_xcomargs.py for tasks to queue
[2023-09-13T19:22:55.608+0000] {logging_mixin.py:151} INFO - [2023-09-13T19:22:55.607+0000] {dagbag.py:539} INFO - Filling up the DagBag from /home/airflow/.local/lib/python3.8/site-packages/airflow/example_dags/example_xcomargs.py
[2023-09-13T19:22:55.616+0000] {processor.py:839} INFO - DAG(s) dict_keys(['example_xcom_args', 'example_xcom_args_with_operators']) retrieved from /home/airflow/.local/lib/python3.8/site-packages/airflow/example_dags/example_xcomargs.py
[2023-09-13T19:22:55.639+0000] {logging_mixin.py:151} INFO - [2023-09-13T19:22:55.639+0000] {dag.py:2915} INFO - Sync 2 DAGs
[2023-09-13T19:22:55.650+0000] {logging_mixin.py:151} INFO - [2023-09-13T19:22:55.650+0000] {dag.py:3696} INFO - Setting next_dagrun for example_xcom_args to None, run_after=None
[2023-09-13T19:22:55.652+0000] {logging_mixin.py:151} INFO - [2023-09-13T19:22:55.652+0000] {dag.py:3696} INFO - Setting next_dagrun for example_xcom_args_with_operators to None, run_after=None
[2023-09-13T19:22:55.664+0000] {processor.py:179} INFO - Processing /home/airflow/.local/lib/python3.8/site-packages/airflow/example_dags/example_xcomargs.py took 0.066 seconds
[2023-09-13T19:23:25.941+0000] {processor.py:157} INFO - Started process (PID=852) to work on /home/airflow/.local/lib/python3.8/site-packages/airflow/example_dags/example_xcomargs.py
[2023-09-13T19:23:25.944+0000] {processor.py:829} INFO - Processing file /home/airflow/.local/lib/python3.8/site-packages/airflow/example_dags/example_xcomargs.py for tasks to queue
[2023-09-13T19:23:25.948+0000] {logging_mixin.py:151} INFO - [2023-09-13T19:23:25.948+0000] {dagbag.py:539} INFO - Filling up the DagBag from /home/airflow/.local/lib/python3.8/site-packages/airflow/example_dags/example_xcomargs.py
[2023-09-13T19:23:25.958+0000] {processor.py:839} INFO - DAG(s) dict_keys(['example_xcom_args_with_operators', 'example_xcom_args']) retrieved from /home/airflow/.local/lib/python3.8/site-packages/airflow/example_dags/example_xcomargs.py
[2023-09-13T19:23:25.983+0000] {logging_mixin.py:151} INFO - [2023-09-13T19:23:25.982+0000] {dag.py:2915} INFO - Sync 2 DAGs
[2023-09-13T19:23:25.993+0000] {logging_mixin.py:151} INFO - [2023-09-13T19:23:25.993+0000] {dag.py:3696} INFO - Setting next_dagrun for example_xcom_args to None, run_after=None
[2023-09-13T19:23:25.996+0000] {logging_mixin.py:151} INFO - [2023-09-13T19:23:25.996+0000] {dag.py:3696} INFO - Setting next_dagrun for example_xcom_args_with_operators to None, run_after=None
[2023-09-13T19:23:26.008+0000] {processor.py:179} INFO - Processing /home/airflow/.local/lib/python3.8/site-packages/airflow/example_dags/example_xcomargs.py took 0.073 seconds
[2023-09-13T19:23:56.113+0000] {processor.py:157} INFO - Started process (PID=906) to work on /home/airflow/.local/lib/python3.8/site-packages/airflow/example_dags/example_xcomargs.py
[2023-09-13T19:23:56.115+0000] {processor.py:829} INFO - Processing file /home/airflow/.local/lib/python3.8/site-packages/airflow/example_dags/example_xcomargs.py for tasks to queue
[2023-09-13T19:23:56.120+0000] {logging_mixin.py:151} INFO - [2023-09-13T19:23:56.119+0000] {dagbag.py:539} INFO - Filling up the DagBag from /home/airflow/.local/lib/python3.8/site-packages/airflow/example_dags/example_xcomargs.py
[2023-09-13T19:23:56.138+0000] {processor.py:839} INFO - DAG(s) dict_keys(['example_xcom_args', 'example_xcom_args_with_operators']) retrieved from /home/airflow/.local/lib/python3.8/site-packages/airflow/example_dags/example_xcomargs.py
[2023-09-13T19:23:56.191+0000] {logging_mixin.py:151} INFO - [2023-09-13T19:23:56.190+0000] {dag.py:2915} INFO - Sync 2 DAGs
[2023-09-13T19:23:56.222+0000] {logging_mixin.py:151} INFO - [2023-09-13T19:23:56.221+0000] {dag.py:3696} INFO - Setting next_dagrun for example_xcom_args to None, run_after=None
[2023-09-13T19:23:56.232+0000] {logging_mixin.py:151} INFO - [2023-09-13T19:23:56.231+0000] {dag.py:3696} INFO - Setting next_dagrun for example_xcom_args_with_operators to None, run_after=None
[2023-09-13T19:23:56.254+0000] {processor.py:179} INFO - Processing /home/airflow/.local/lib/python3.8/site-packages/airflow/example_dags/example_xcomargs.py took 0.145 seconds
[2023-09-13T19:24:27.253+0000] {processor.py:157} INFO - Started process (PID=960) to work on /home/airflow/.local/lib/python3.8/site-packages/airflow/example_dags/example_xcomargs.py
[2023-09-13T19:24:27.256+0000] {processor.py:829} INFO - Processing file /home/airflow/.local/lib/python3.8/site-packages/airflow/example_dags/example_xcomargs.py for tasks to queue
[2023-09-13T19:24:27.261+0000] {logging_mixin.py:151} INFO - [2023-09-13T19:24:27.260+0000] {dagbag.py:539} INFO - Filling up the DagBag from /home/airflow/.local/lib/python3.8/site-packages/airflow/example_dags/example_xcomargs.py
[2023-09-13T19:24:27.274+0000] {processor.py:839} INFO - DAG(s) dict_keys(['example_xcom_args_with_operators', 'example_xcom_args']) retrieved from /home/airflow/.local/lib/python3.8/site-packages/airflow/example_dags/example_xcomargs.py
[2023-09-13T19:24:27.313+0000] {logging_mixin.py:151} INFO - [2023-09-13T19:24:27.312+0000] {dag.py:2915} INFO - Sync 2 DAGs
[2023-09-13T19:24:27.328+0000] {logging_mixin.py:151} INFO - [2023-09-13T19:24:27.328+0000] {dag.py:3696} INFO - Setting next_dagrun for example_xcom_args to None, run_after=None
[2023-09-13T19:24:27.332+0000] {logging_mixin.py:151} INFO - [2023-09-13T19:24:27.332+0000] {dag.py:3696} INFO - Setting next_dagrun for example_xcom_args_with_operators to None, run_after=None
[2023-09-13T19:24:27.346+0000] {processor.py:179} INFO - Processing /home/airflow/.local/lib/python3.8/site-packages/airflow/example_dags/example_xcomargs.py took 0.099 seconds
[2023-09-13T19:24:57.619+0000] {processor.py:157} INFO - Started process (PID=1015) to work on /home/airflow/.local/lib/python3.8/site-packages/airflow/example_dags/example_xcomargs.py
[2023-09-13T19:24:57.622+0000] {processor.py:829} INFO - Processing file /home/airflow/.local/lib/python3.8/site-packages/airflow/example_dags/example_xcomargs.py for tasks to queue
[2023-09-13T19:24:57.625+0000] {logging_mixin.py:151} INFO - [2023-09-13T19:24:57.624+0000] {dagbag.py:539} INFO - Filling up the DagBag from /home/airflow/.local/lib/python3.8/site-packages/airflow/example_dags/example_xcomargs.py
[2023-09-13T19:24:57.633+0000] {processor.py:839} INFO - DAG(s) dict_keys(['example_xcom_args', 'example_xcom_args_with_operators']) retrieved from /home/airflow/.local/lib/python3.8/site-packages/airflow/example_dags/example_xcomargs.py
[2023-09-13T19:24:57.656+0000] {logging_mixin.py:151} INFO - [2023-09-13T19:24:57.656+0000] {dag.py:2915} INFO - Sync 2 DAGs
[2023-09-13T19:24:57.666+0000] {logging_mixin.py:151} INFO - [2023-09-13T19:24:57.666+0000] {dag.py:3696} INFO - Setting next_dagrun for example_xcom_args to None, run_after=None
[2023-09-13T19:24:57.669+0000] {logging_mixin.py:151} INFO - [2023-09-13T19:24:57.669+0000] {dag.py:3696} INFO - Setting next_dagrun for example_xcom_args_with_operators to None, run_after=None
[2023-09-13T19:24:57.681+0000] {processor.py:179} INFO - Processing /home/airflow/.local/lib/python3.8/site-packages/airflow/example_dags/example_xcomargs.py took 0.067 seconds
[2023-09-13T19:25:27.819+0000] {processor.py:157} INFO - Started process (PID=1068) to work on /home/airflow/.local/lib/python3.8/site-packages/airflow/example_dags/example_xcomargs.py
[2023-09-13T19:25:27.822+0000] {processor.py:829} INFO - Processing file /home/airflow/.local/lib/python3.8/site-packages/airflow/example_dags/example_xcomargs.py for tasks to queue
[2023-09-13T19:25:27.826+0000] {logging_mixin.py:151} INFO - [2023-09-13T19:25:27.826+0000] {dagbag.py:539} INFO - Filling up the DagBag from /home/airflow/.local/lib/python3.8/site-packages/airflow/example_dags/example_xcomargs.py
[2023-09-13T19:25:27.836+0000] {processor.py:839} INFO - DAG(s) dict_keys(['example_xcom_args', 'example_xcom_args_with_operators']) retrieved from /home/airflow/.local/lib/python3.8/site-packages/airflow/example_dags/example_xcomargs.py
[2023-09-13T19:25:27.864+0000] {logging_mixin.py:151} INFO - [2023-09-13T19:25:27.863+0000] {dag.py:2915} INFO - Sync 2 DAGs
[2023-09-13T19:25:27.875+0000] {logging_mixin.py:151} INFO - [2023-09-13T19:25:27.875+0000] {dag.py:3696} INFO - Setting next_dagrun for example_xcom_args to None, run_after=None
[2023-09-13T19:25:27.878+0000] {logging_mixin.py:151} INFO - [2023-09-13T19:25:27.878+0000] {dag.py:3696} INFO - Setting next_dagrun for example_xcom_args_with_operators to None, run_after=None
[2023-09-13T19:25:27.893+0000] {processor.py:179} INFO - Processing /home/airflow/.local/lib/python3.8/site-packages/airflow/example_dags/example_xcomargs.py took 0.080 seconds
[2023-09-13T19:25:58.825+0000] {processor.py:157} INFO - Started process (PID=1123) to work on /home/airflow/.local/lib/python3.8/site-packages/airflow/example_dags/example_xcomargs.py
[2023-09-13T19:25:58.828+0000] {processor.py:829} INFO - Processing file /home/airflow/.local/lib/python3.8/site-packages/airflow/example_dags/example_xcomargs.py for tasks to queue
[2023-09-13T19:25:58.831+0000] {logging_mixin.py:151} INFO - [2023-09-13T19:25:58.831+0000] {dagbag.py:539} INFO - Filling up the DagBag from /home/airflow/.local/lib/python3.8/site-packages/airflow/example_dags/example_xcomargs.py
[2023-09-13T19:25:58.840+0000] {processor.py:839} INFO - DAG(s) dict_keys(['example_xcom_args', 'example_xcom_args_with_operators']) retrieved from /home/airflow/.local/lib/python3.8/site-packages/airflow/example_dags/example_xcomargs.py
[2023-09-13T19:25:58.871+0000] {logging_mixin.py:151} INFO - [2023-09-13T19:25:58.870+0000] {dag.py:2915} INFO - Sync 2 DAGs
[2023-09-13T19:25:58.884+0000] {logging_mixin.py:151} INFO - [2023-09-13T19:25:58.884+0000] {dag.py:3696} INFO - Setting next_dagrun for example_xcom_args to None, run_after=None
[2023-09-13T19:25:58.887+0000] {logging_mixin.py:151} INFO - [2023-09-13T19:25:58.887+0000] {dag.py:3696} INFO - Setting next_dagrun for example_xcom_args_with_operators to None, run_after=None
[2023-09-13T19:25:58.899+0000] {processor.py:179} INFO - Processing /home/airflow/.local/lib/python3.8/site-packages/airflow/example_dags/example_xcomargs.py took 0.079 seconds
[2023-09-13T19:26:29.085+0000] {processor.py:157} INFO - Started process (PID=1179) to work on /home/airflow/.local/lib/python3.8/site-packages/airflow/example_dags/example_xcomargs.py
[2023-09-13T19:26:29.087+0000] {processor.py:829} INFO - Processing file /home/airflow/.local/lib/python3.8/site-packages/airflow/example_dags/example_xcomargs.py for tasks to queue
[2023-09-13T19:26:29.090+0000] {logging_mixin.py:151} INFO - [2023-09-13T19:26:29.090+0000] {dagbag.py:539} INFO - Filling up the DagBag from /home/airflow/.local/lib/python3.8/site-packages/airflow/example_dags/example_xcomargs.py
[2023-09-13T19:26:29.100+0000] {processor.py:839} INFO - DAG(s) dict_keys(['example_xcom_args', 'example_xcom_args_with_operators']) retrieved from /home/airflow/.local/lib/python3.8/site-packages/airflow/example_dags/example_xcomargs.py
[2023-09-13T19:26:29.126+0000] {logging_mixin.py:151} INFO - [2023-09-13T19:26:29.126+0000] {dag.py:2915} INFO - Sync 2 DAGs
[2023-09-13T19:26:29.137+0000] {logging_mixin.py:151} INFO - [2023-09-13T19:26:29.137+0000] {dag.py:3696} INFO - Setting next_dagrun for example_xcom_args to None, run_after=None
[2023-09-13T19:26:29.142+0000] {logging_mixin.py:151} INFO - [2023-09-13T19:26:29.142+0000] {dag.py:3696} INFO - Setting next_dagrun for example_xcom_args_with_operators to None, run_after=None
[2023-09-13T19:26:29.155+0000] {processor.py:179} INFO - Processing /home/airflow/.local/lib/python3.8/site-packages/airflow/example_dags/example_xcomargs.py took 0.075 seconds
[2023-09-13T19:26:59.648+0000] {processor.py:157} INFO - Started process (PID=1235) to work on /home/airflow/.local/lib/python3.8/site-packages/airflow/example_dags/example_xcomargs.py
[2023-09-13T19:26:59.650+0000] {processor.py:829} INFO - Processing file /home/airflow/.local/lib/python3.8/site-packages/airflow/example_dags/example_xcomargs.py for tasks to queue
[2023-09-13T19:26:59.652+0000] {logging_mixin.py:151} INFO - [2023-09-13T19:26:59.652+0000] {dagbag.py:539} INFO - Filling up the DagBag from /home/airflow/.local/lib/python3.8/site-packages/airflow/example_dags/example_xcomargs.py
[2023-09-13T19:26:59.660+0000] {processor.py:839} INFO - DAG(s) dict_keys(['example_xcom_args', 'example_xcom_args_with_operators']) retrieved from /home/airflow/.local/lib/python3.8/site-packages/airflow/example_dags/example_xcomargs.py
[2023-09-13T19:26:59.684+0000] {logging_mixin.py:151} INFO - [2023-09-13T19:26:59.684+0000] {dag.py:2915} INFO - Sync 2 DAGs
[2023-09-13T19:26:59.694+0000] {logging_mixin.py:151} INFO - [2023-09-13T19:26:59.694+0000] {dag.py:3696} INFO - Setting next_dagrun for example_xcom_args to None, run_after=None
[2023-09-13T19:26:59.697+0000] {logging_mixin.py:151} INFO - [2023-09-13T19:26:59.696+0000] {dag.py:3696} INFO - Setting next_dagrun for example_xcom_args_with_operators to None, run_after=None
[2023-09-13T19:26:59.708+0000] {processor.py:179} INFO - Processing /home/airflow/.local/lib/python3.8/site-packages/airflow/example_dags/example_xcomargs.py took 0.064 seconds
[2023-09-13T19:28:14.079+0000] {processor.py:157} INFO - Started process (PID=44) to work on /home/airflow/.local/lib/python3.8/site-packages/airflow/example_dags/example_xcomargs.py
[2023-09-13T19:28:14.082+0000] {processor.py:829} INFO - Processing file /home/airflow/.local/lib/python3.8/site-packages/airflow/example_dags/example_xcomargs.py for tasks to queue
[2023-09-13T19:28:14.088+0000] {logging_mixin.py:151} INFO - [2023-09-13T19:28:14.087+0000] {dagbag.py:539} INFO - Filling up the DagBag from /home/airflow/.local/lib/python3.8/site-packages/airflow/example_dags/example_xcomargs.py
[2023-09-13T19:28:14.103+0000] {processor.py:839} INFO - DAG(s) dict_keys(['example_xcom_args', 'example_xcom_args_with_operators']) retrieved from /home/airflow/.local/lib/python3.8/site-packages/airflow/example_dags/example_xcomargs.py
[2023-09-13T19:28:14.130+0000] {logging_mixin.py:151} INFO - [2023-09-13T19:28:14.129+0000] {dag.py:2915} INFO - Sync 2 DAGs
[2023-09-13T19:28:14.151+0000] {logging_mixin.py:151} INFO - [2023-09-13T19:28:14.151+0000] {dag.py:3696} INFO - Setting next_dagrun for example_xcom_args to None, run_after=None
[2023-09-13T19:28:14.159+0000] {logging_mixin.py:151} INFO - [2023-09-13T19:28:14.158+0000] {dag.py:3696} INFO - Setting next_dagrun for example_xcom_args_with_operators to None, run_after=None
[2023-09-13T19:28:14.184+0000] {processor.py:179} INFO - Processing /home/airflow/.local/lib/python3.8/site-packages/airflow/example_dags/example_xcomargs.py took 0.113 seconds
[2023-09-13T19:28:44.276+0000] {processor.py:157} INFO - Started process (PID=99) to work on /home/airflow/.local/lib/python3.8/site-packages/airflow/example_dags/example_xcomargs.py
[2023-09-13T19:28:44.278+0000] {processor.py:829} INFO - Processing file /home/airflow/.local/lib/python3.8/site-packages/airflow/example_dags/example_xcomargs.py for tasks to queue
[2023-09-13T19:28:44.280+0000] {logging_mixin.py:151} INFO - [2023-09-13T19:28:44.280+0000] {dagbag.py:539} INFO - Filling up the DagBag from /home/airflow/.local/lib/python3.8/site-packages/airflow/example_dags/example_xcomargs.py
[2023-09-13T19:28:44.288+0000] {processor.py:839} INFO - DAG(s) dict_keys(['example_xcom_args', 'example_xcom_args_with_operators']) retrieved from /home/airflow/.local/lib/python3.8/site-packages/airflow/example_dags/example_xcomargs.py
[2023-09-13T19:28:44.316+0000] {logging_mixin.py:151} INFO - [2023-09-13T19:28:44.316+0000] {dag.py:2915} INFO - Sync 2 DAGs
[2023-09-13T19:28:44.326+0000] {logging_mixin.py:151} INFO - [2023-09-13T19:28:44.326+0000] {dag.py:3696} INFO - Setting next_dagrun for example_xcom_args to None, run_after=None
[2023-09-13T19:28:44.329+0000] {logging_mixin.py:151} INFO - [2023-09-13T19:28:44.329+0000] {dag.py:3696} INFO - Setting next_dagrun for example_xcom_args_with_operators to None, run_after=None
[2023-09-13T19:28:44.341+0000] {processor.py:179} INFO - Processing /home/airflow/.local/lib/python3.8/site-packages/airflow/example_dags/example_xcomargs.py took 0.068 seconds
[2023-09-13T19:29:14.667+0000] {processor.py:157} INFO - Started process (PID=154) to work on /home/airflow/.local/lib/python3.8/site-packages/airflow/example_dags/example_xcomargs.py
[2023-09-13T19:29:14.668+0000] {processor.py:829} INFO - Processing file /home/airflow/.local/lib/python3.8/site-packages/airflow/example_dags/example_xcomargs.py for tasks to queue
[2023-09-13T19:29:14.671+0000] {logging_mixin.py:151} INFO - [2023-09-13T19:29:14.670+0000] {dagbag.py:539} INFO - Filling up the DagBag from /home/airflow/.local/lib/python3.8/site-packages/airflow/example_dags/example_xcomargs.py
[2023-09-13T19:29:14.680+0000] {processor.py:839} INFO - DAG(s) dict_keys(['example_xcom_args', 'example_xcom_args_with_operators']) retrieved from /home/airflow/.local/lib/python3.8/site-packages/airflow/example_dags/example_xcomargs.py
[2023-09-13T19:29:14.706+0000] {logging_mixin.py:151} INFO - [2023-09-13T19:29:14.705+0000] {dag.py:2915} INFO - Sync 2 DAGs
[2023-09-13T19:29:14.717+0000] {logging_mixin.py:151} INFO - [2023-09-13T19:29:14.717+0000] {dag.py:3696} INFO - Setting next_dagrun for example_xcom_args to None, run_after=None
[2023-09-13T19:29:14.720+0000] {logging_mixin.py:151} INFO - [2023-09-13T19:29:14.720+0000] {dag.py:3696} INFO - Setting next_dagrun for example_xcom_args_with_operators to None, run_after=None
[2023-09-13T19:29:14.731+0000] {processor.py:179} INFO - Processing /home/airflow/.local/lib/python3.8/site-packages/airflow/example_dags/example_xcomargs.py took 0.069 seconds
[2023-09-13T19:29:45.071+0000] {processor.py:157} INFO - Started process (PID=208) to work on /home/airflow/.local/lib/python3.8/site-packages/airflow/example_dags/example_xcomargs.py
[2023-09-13T19:29:45.073+0000] {processor.py:829} INFO - Processing file /home/airflow/.local/lib/python3.8/site-packages/airflow/example_dags/example_xcomargs.py for tasks to queue
[2023-09-13T19:29:45.075+0000] {logging_mixin.py:151} INFO - [2023-09-13T19:29:45.075+0000] {dagbag.py:539} INFO - Filling up the DagBag from /home/airflow/.local/lib/python3.8/site-packages/airflow/example_dags/example_xcomargs.py
[2023-09-13T19:29:45.083+0000] {processor.py:839} INFO - DAG(s) dict_keys(['example_xcom_args_with_operators', 'example_xcom_args']) retrieved from /home/airflow/.local/lib/python3.8/site-packages/airflow/example_dags/example_xcomargs.py
[2023-09-13T19:29:45.107+0000] {logging_mixin.py:151} INFO - [2023-09-13T19:29:45.107+0000] {dag.py:2915} INFO - Sync 2 DAGs
[2023-09-13T19:29:45.118+0000] {logging_mixin.py:151} INFO - [2023-09-13T19:29:45.117+0000] {dag.py:3696} INFO - Setting next_dagrun for example_xcom_args to None, run_after=None
[2023-09-13T19:29:45.120+0000] {logging_mixin.py:151} INFO - [2023-09-13T19:29:45.120+0000] {dag.py:3696} INFO - Setting next_dagrun for example_xcom_args_with_operators to None, run_after=None
[2023-09-13T19:29:45.132+0000] {processor.py:179} INFO - Processing /home/airflow/.local/lib/python3.8/site-packages/airflow/example_dags/example_xcomargs.py took 0.065 seconds
[2023-09-13T19:30:15.244+0000] {processor.py:157} INFO - Started process (PID=262) to work on /home/airflow/.local/lib/python3.8/site-packages/airflow/example_dags/example_xcomargs.py
[2023-09-13T19:30:15.246+0000] {processor.py:829} INFO - Processing file /home/airflow/.local/lib/python3.8/site-packages/airflow/example_dags/example_xcomargs.py for tasks to queue
[2023-09-13T19:30:15.249+0000] {logging_mixin.py:151} INFO - [2023-09-13T19:30:15.248+0000] {dagbag.py:539} INFO - Filling up the DagBag from /home/airflow/.local/lib/python3.8/site-packages/airflow/example_dags/example_xcomargs.py
[2023-09-13T19:30:15.257+0000] {processor.py:839} INFO - DAG(s) dict_keys(['example_xcom_args', 'example_xcom_args_with_operators']) retrieved from /home/airflow/.local/lib/python3.8/site-packages/airflow/example_dags/example_xcomargs.py
[2023-09-13T19:30:15.286+0000] {logging_mixin.py:151} INFO - [2023-09-13T19:30:15.285+0000] {dag.py:2915} INFO - Sync 2 DAGs
[2023-09-13T19:30:15.297+0000] {logging_mixin.py:151} INFO - [2023-09-13T19:30:15.297+0000] {dag.py:3696} INFO - Setting next_dagrun for example_xcom_args to None, run_after=None
[2023-09-13T19:30:15.300+0000] {logging_mixin.py:151} INFO - [2023-09-13T19:30:15.300+0000] {dag.py:3696} INFO - Setting next_dagrun for example_xcom_args_with_operators to None, run_after=None
[2023-09-13T19:30:15.311+0000] {processor.py:179} INFO - Processing /home/airflow/.local/lib/python3.8/site-packages/airflow/example_dags/example_xcomargs.py took 0.070 seconds
[2023-09-13T19:31:29.296+0000] {processor.py:157} INFO - Started process (PID=45) to work on /home/airflow/.local/lib/python3.8/site-packages/airflow/example_dags/example_xcomargs.py
[2023-09-13T19:31:29.301+0000] {processor.py:829} INFO - Processing file /home/airflow/.local/lib/python3.8/site-packages/airflow/example_dags/example_xcomargs.py for tasks to queue
[2023-09-13T19:31:29.308+0000] {logging_mixin.py:151} INFO - [2023-09-13T19:31:29.308+0000] {dagbag.py:539} INFO - Filling up the DagBag from /home/airflow/.local/lib/python3.8/site-packages/airflow/example_dags/example_xcomargs.py
[2023-09-13T19:31:29.329+0000] {processor.py:839} INFO - DAG(s) dict_keys(['example_xcom_args_with_operators', 'example_xcom_args']) retrieved from /home/airflow/.local/lib/python3.8/site-packages/airflow/example_dags/example_xcomargs.py
[2023-09-13T19:31:29.358+0000] {logging_mixin.py:151} INFO - [2023-09-13T19:31:29.358+0000] {dag.py:2915} INFO - Sync 2 DAGs
[2023-09-13T19:31:29.394+0000] {logging_mixin.py:151} INFO - [2023-09-13T19:31:29.394+0000] {dag.py:3696} INFO - Setting next_dagrun for example_xcom_args to None, run_after=None
[2023-09-13T19:31:29.405+0000] {logging_mixin.py:151} INFO - [2023-09-13T19:31:29.405+0000] {dag.py:3696} INFO - Setting next_dagrun for example_xcom_args_with_operators to None, run_after=None
[2023-09-13T19:31:29.458+0000] {processor.py:179} INFO - Processing /home/airflow/.local/lib/python3.8/site-packages/airflow/example_dags/example_xcomargs.py took 0.169 seconds
[2023-09-13T19:31:59.529+0000] {processor.py:157} INFO - Started process (PID=99) to work on /home/airflow/.local/lib/python3.8/site-packages/airflow/example_dags/example_xcomargs.py
[2023-09-13T19:31:59.532+0000] {processor.py:829} INFO - Processing file /home/airflow/.local/lib/python3.8/site-packages/airflow/example_dags/example_xcomargs.py for tasks to queue
[2023-09-13T19:31:59.537+0000] {logging_mixin.py:151} INFO - [2023-09-13T19:31:59.536+0000] {dagbag.py:539} INFO - Filling up the DagBag from /home/airflow/.local/lib/python3.8/site-packages/airflow/example_dags/example_xcomargs.py
[2023-09-13T19:31:59.551+0000] {processor.py:839} INFO - DAG(s) dict_keys(['example_xcom_args_with_operators', 'example_xcom_args']) retrieved from /home/airflow/.local/lib/python3.8/site-packages/airflow/example_dags/example_xcomargs.py
[2023-09-13T19:31:59.579+0000] {logging_mixin.py:151} INFO - [2023-09-13T19:31:59.579+0000] {dag.py:2915} INFO - Sync 2 DAGs
[2023-09-13T19:31:59.591+0000] {logging_mixin.py:151} INFO - [2023-09-13T19:31:59.591+0000] {dag.py:3696} INFO - Setting next_dagrun for example_xcom_args to None, run_after=None
[2023-09-13T19:31:59.596+0000] {logging_mixin.py:151} INFO - [2023-09-13T19:31:59.596+0000] {dag.py:3696} INFO - Setting next_dagrun for example_xcom_args_with_operators to None, run_after=None
[2023-09-13T19:31:59.614+0000] {processor.py:179} INFO - Processing /home/airflow/.local/lib/python3.8/site-packages/airflow/example_dags/example_xcomargs.py took 0.090 seconds
[2023-09-13T19:32:30.230+0000] {processor.py:157} INFO - Started process (PID=154) to work on /home/airflow/.local/lib/python3.8/site-packages/airflow/example_dags/example_xcomargs.py
[2023-09-13T19:32:30.231+0000] {processor.py:829} INFO - Processing file /home/airflow/.local/lib/python3.8/site-packages/airflow/example_dags/example_xcomargs.py for tasks to queue
[2023-09-13T19:32:30.233+0000] {logging_mixin.py:151} INFO - [2023-09-13T19:32:30.233+0000] {dagbag.py:539} INFO - Filling up the DagBag from /home/airflow/.local/lib/python3.8/site-packages/airflow/example_dags/example_xcomargs.py
[2023-09-13T19:32:30.241+0000] {processor.py:839} INFO - DAG(s) dict_keys(['example_xcom_args', 'example_xcom_args_with_operators']) retrieved from /home/airflow/.local/lib/python3.8/site-packages/airflow/example_dags/example_xcomargs.py
[2023-09-13T19:32:30.268+0000] {logging_mixin.py:151} INFO - [2023-09-13T19:32:30.267+0000] {dag.py:2915} INFO - Sync 2 DAGs
[2023-09-13T19:32:30.279+0000] {logging_mixin.py:151} INFO - [2023-09-13T19:32:30.279+0000] {dag.py:3696} INFO - Setting next_dagrun for example_xcom_args to None, run_after=None
[2023-09-13T19:32:30.282+0000] {logging_mixin.py:151} INFO - [2023-09-13T19:32:30.282+0000] {dag.py:3696} INFO - Setting next_dagrun for example_xcom_args_with_operators to None, run_after=None
[2023-09-13T19:32:30.293+0000] {processor.py:179} INFO - Processing /home/airflow/.local/lib/python3.8/site-packages/airflow/example_dags/example_xcomargs.py took 0.067 seconds
[2023-09-13T19:33:00.389+0000] {processor.py:157} INFO - Started process (PID=209) to work on /home/airflow/.local/lib/python3.8/site-packages/airflow/example_dags/example_xcomargs.py
[2023-09-13T19:33:00.391+0000] {processor.py:829} INFO - Processing file /home/airflow/.local/lib/python3.8/site-packages/airflow/example_dags/example_xcomargs.py for tasks to queue
[2023-09-13T19:33:00.393+0000] {logging_mixin.py:151} INFO - [2023-09-13T19:33:00.393+0000] {dagbag.py:539} INFO - Filling up the DagBag from /home/airflow/.local/lib/python3.8/site-packages/airflow/example_dags/example_xcomargs.py
[2023-09-13T19:33:00.401+0000] {processor.py:839} INFO - DAG(s) dict_keys(['example_xcom_args', 'example_xcom_args_with_operators']) retrieved from /home/airflow/.local/lib/python3.8/site-packages/airflow/example_dags/example_xcomargs.py
[2023-09-13T19:33:00.426+0000] {logging_mixin.py:151} INFO - [2023-09-13T19:33:00.426+0000] {dag.py:2915} INFO - Sync 2 DAGs
[2023-09-13T19:33:00.437+0000] {logging_mixin.py:151} INFO - [2023-09-13T19:33:00.436+0000] {dag.py:3696} INFO - Setting next_dagrun for example_xcom_args to None, run_after=None
[2023-09-13T19:33:00.439+0000] {logging_mixin.py:151} INFO - [2023-09-13T19:33:00.439+0000] {dag.py:3696} INFO - Setting next_dagrun for example_xcom_args_with_operators to None, run_after=None
[2023-09-13T19:33:00.450+0000] {processor.py:179} INFO - Processing /home/airflow/.local/lib/python3.8/site-packages/airflow/example_dags/example_xcomargs.py took 0.064 seconds
[2023-09-13T19:33:30.526+0000] {processor.py:157} INFO - Started process (PID=264) to work on /home/airflow/.local/lib/python3.8/site-packages/airflow/example_dags/example_xcomargs.py
[2023-09-13T19:33:30.528+0000] {processor.py:829} INFO - Processing file /home/airflow/.local/lib/python3.8/site-packages/airflow/example_dags/example_xcomargs.py for tasks to queue
[2023-09-13T19:33:30.530+0000] {logging_mixin.py:151} INFO - [2023-09-13T19:33:30.530+0000] {dagbag.py:539} INFO - Filling up the DagBag from /home/airflow/.local/lib/python3.8/site-packages/airflow/example_dags/example_xcomargs.py
[2023-09-13T19:33:30.538+0000] {processor.py:839} INFO - DAG(s) dict_keys(['example_xcom_args', 'example_xcom_args_with_operators']) retrieved from /home/airflow/.local/lib/python3.8/site-packages/airflow/example_dags/example_xcomargs.py
[2023-09-13T19:33:30.561+0000] {logging_mixin.py:151} INFO - [2023-09-13T19:33:30.561+0000] {dag.py:2915} INFO - Sync 2 DAGs
[2023-09-13T19:33:30.572+0000] {logging_mixin.py:151} INFO - [2023-09-13T19:33:30.572+0000] {dag.py:3696} INFO - Setting next_dagrun for example_xcom_args to None, run_after=None
[2023-09-13T19:33:30.575+0000] {logging_mixin.py:151} INFO - [2023-09-13T19:33:30.574+0000] {dag.py:3696} INFO - Setting next_dagrun for example_xcom_args_with_operators to None, run_after=None
[2023-09-13T19:33:30.585+0000] {processor.py:179} INFO - Processing /home/airflow/.local/lib/python3.8/site-packages/airflow/example_dags/example_xcomargs.py took 0.063 seconds
[2023-09-13T19:34:01.250+0000] {processor.py:157} INFO - Started process (PID=319) to work on /home/airflow/.local/lib/python3.8/site-packages/airflow/example_dags/example_xcomargs.py
[2023-09-13T19:34:01.252+0000] {processor.py:829} INFO - Processing file /home/airflow/.local/lib/python3.8/site-packages/airflow/example_dags/example_xcomargs.py for tasks to queue
[2023-09-13T19:34:01.254+0000] {logging_mixin.py:151} INFO - [2023-09-13T19:34:01.254+0000] {dagbag.py:539} INFO - Filling up the DagBag from /home/airflow/.local/lib/python3.8/site-packages/airflow/example_dags/example_xcomargs.py
[2023-09-13T19:34:01.262+0000] {processor.py:839} INFO - DAG(s) dict_keys(['example_xcom_args', 'example_xcom_args_with_operators']) retrieved from /home/airflow/.local/lib/python3.8/site-packages/airflow/example_dags/example_xcomargs.py
[2023-09-13T19:34:01.285+0000] {logging_mixin.py:151} INFO - [2023-09-13T19:34:01.285+0000] {dag.py:2915} INFO - Sync 2 DAGs
[2023-09-13T19:34:01.296+0000] {logging_mixin.py:151} INFO - [2023-09-13T19:34:01.296+0000] {dag.py:3696} INFO - Setting next_dagrun for example_xcom_args to None, run_after=None
[2023-09-13T19:34:01.298+0000] {logging_mixin.py:151} INFO - [2023-09-13T19:34:01.298+0000] {dag.py:3696} INFO - Setting next_dagrun for example_xcom_args_with_operators to None, run_after=None
[2023-09-13T19:34:01.309+0000] {processor.py:179} INFO - Processing /home/airflow/.local/lib/python3.8/site-packages/airflow/example_dags/example_xcomargs.py took 0.063 seconds
