[2023-09-13T19:15:54.273+0000] {processor.py:157} INFO - Started process (PID=69) to work on /home/airflow/.local/lib/python3.8/site-packages/airflow/example_dags/example_task_group_decorator.py
[2023-09-13T19:15:54.274+0000] {processor.py:829} INFO - Processing file /home/airflow/.local/lib/python3.8/site-packages/airflow/example_dags/example_task_group_decorator.py for tasks to queue
[2023-09-13T19:15:54.277+0000] {logging_mixin.py:151} INFO - [2023-09-13T19:15:54.277+0000] {dagbag.py:539} INFO - Filling up the DagBag from /home/airflow/.local/lib/python3.8/site-packages/airflow/example_dags/example_task_group_decorator.py
[2023-09-13T19:15:54.292+0000] {processor.py:839} INFO - DAG(s) dict_keys(['example_task_group_decorator']) retrieved from /home/airflow/.local/lib/python3.8/site-packages/airflow/example_dags/example_task_group_decorator.py
[2023-09-13T19:15:54.392+0000] {logging_mixin.py:151} INFO - [2023-09-13T19:15:54.392+0000] {manager.py:499} INFO - Created Permission View: %s
[2023-09-13T19:15:54.401+0000] {logging_mixin.py:151} INFO - [2023-09-13T19:15:54.401+0000] {manager.py:499} INFO - Created Permission View: %s
[2023-09-13T19:15:54.406+0000] {logging_mixin.py:151} INFO - [2023-09-13T19:15:54.406+0000] {manager.py:499} INFO - Created Permission View: %s
[2023-09-13T19:15:54.407+0000] {logging_mixin.py:151} INFO - [2023-09-13T19:15:54.407+0000] {security.py:708} INFO - Not syncing DAG-level permissions for DAG 'DAG:example_task_group_decorator' as access control is unset.
[2023-09-13T19:15:54.408+0000] {logging_mixin.py:151} INFO - [2023-09-13T19:15:54.408+0000] {dag.py:2915} INFO - Sync 1 DAGs
[2023-09-13T19:15:54.421+0000] {logging_mixin.py:151} INFO - [2023-09-13T19:15:54.421+0000] {dag.py:2937} INFO - Creating ORM DAG for example_task_group_decorator
[2023-09-13T19:15:54.431+0000] {logging_mixin.py:151} INFO - [2023-09-13T19:15:54.431+0000] {dag.py:3696} INFO - Setting next_dagrun for example_task_group_decorator to 2023-09-12T19:15:54.430822+00:00, run_after=2023-09-13T19:15:54.430822+00:00
[2023-09-13T19:15:54.445+0000] {processor.py:179} INFO - Processing /home/airflow/.local/lib/python3.8/site-packages/airflow/example_dags/example_task_group_decorator.py took 0.176 seconds
[2023-09-13T19:16:25.411+0000] {processor.py:157} INFO - Started process (PID=123) to work on /home/airflow/.local/lib/python3.8/site-packages/airflow/example_dags/example_task_group_decorator.py
[2023-09-13T19:16:25.413+0000] {processor.py:829} INFO - Processing file /home/airflow/.local/lib/python3.8/site-packages/airflow/example_dags/example_task_group_decorator.py for tasks to queue
[2023-09-13T19:16:25.415+0000] {logging_mixin.py:151} INFO - [2023-09-13T19:16:25.415+0000] {dagbag.py:539} INFO - Filling up the DagBag from /home/airflow/.local/lib/python3.8/site-packages/airflow/example_dags/example_task_group_decorator.py
[2023-09-13T19:16:25.427+0000] {processor.py:839} INFO - DAG(s) dict_keys(['example_task_group_decorator']) retrieved from /home/airflow/.local/lib/python3.8/site-packages/airflow/example_dags/example_task_group_decorator.py
[2023-09-13T19:16:25.449+0000] {logging_mixin.py:151} INFO - [2023-09-13T19:16:25.449+0000] {dag.py:2915} INFO - Sync 1 DAGs
[2023-09-13T19:16:25.465+0000] {logging_mixin.py:151} INFO - [2023-09-13T19:16:25.464+0000] {dag.py:3696} INFO - Setting next_dagrun for example_task_group_decorator to 2023-09-12T19:16:25.464683+00:00, run_after=2023-09-13T19:16:25.464683+00:00
[2023-09-13T19:16:25.476+0000] {processor.py:179} INFO - Processing /home/airflow/.local/lib/python3.8/site-packages/airflow/example_dags/example_task_group_decorator.py took 0.071 seconds
[2023-09-13T19:16:55.792+0000] {processor.py:157} INFO - Started process (PID=176) to work on /home/airflow/.local/lib/python3.8/site-packages/airflow/example_dags/example_task_group_decorator.py
[2023-09-13T19:16:55.795+0000] {processor.py:829} INFO - Processing file /home/airflow/.local/lib/python3.8/site-packages/airflow/example_dags/example_task_group_decorator.py for tasks to queue
[2023-09-13T19:16:55.798+0000] {logging_mixin.py:151} INFO - [2023-09-13T19:16:55.798+0000] {dagbag.py:539} INFO - Filling up the DagBag from /home/airflow/.local/lib/python3.8/site-packages/airflow/example_dags/example_task_group_decorator.py
[2023-09-13T19:16:55.812+0000] {processor.py:839} INFO - DAG(s) dict_keys(['example_task_group_decorator']) retrieved from /home/airflow/.local/lib/python3.8/site-packages/airflow/example_dags/example_task_group_decorator.py
[2023-09-13T19:16:55.835+0000] {logging_mixin.py:151} INFO - [2023-09-13T19:16:55.835+0000] {dag.py:2915} INFO - Sync 1 DAGs
[2023-09-13T19:16:55.851+0000] {logging_mixin.py:151} INFO - [2023-09-13T19:16:55.851+0000] {dag.py:3696} INFO - Setting next_dagrun for example_task_group_decorator to 2023-09-12T19:16:55.851460+00:00, run_after=2023-09-13T19:16:55.851460+00:00
[2023-09-13T19:16:55.863+0000] {processor.py:179} INFO - Processing /home/airflow/.local/lib/python3.8/site-packages/airflow/example_dags/example_task_group_decorator.py took 0.077 seconds
[2023-09-13T19:17:26.035+0000] {processor.py:157} INFO - Started process (PID=230) to work on /home/airflow/.local/lib/python3.8/site-packages/airflow/example_dags/example_task_group_decorator.py
[2023-09-13T19:17:26.040+0000] {processor.py:829} INFO - Processing file /home/airflow/.local/lib/python3.8/site-packages/airflow/example_dags/example_task_group_decorator.py for tasks to queue
[2023-09-13T19:17:26.046+0000] {logging_mixin.py:151} INFO - [2023-09-13T19:17:26.045+0000] {dagbag.py:539} INFO - Filling up the DagBag from /home/airflow/.local/lib/python3.8/site-packages/airflow/example_dags/example_task_group_decorator.py
[2023-09-13T19:17:26.075+0000] {processor.py:839} INFO - DAG(s) dict_keys(['example_task_group_decorator']) retrieved from /home/airflow/.local/lib/python3.8/site-packages/airflow/example_dags/example_task_group_decorator.py
[2023-09-13T19:17:26.121+0000] {logging_mixin.py:151} INFO - [2023-09-13T19:17:26.121+0000] {dag.py:2915} INFO - Sync 1 DAGs
[2023-09-13T19:17:26.155+0000] {logging_mixin.py:151} INFO - [2023-09-13T19:17:26.155+0000] {dag.py:3696} INFO - Setting next_dagrun for example_task_group_decorator to 2023-09-12T19:17:26.154725+00:00, run_after=2023-09-13T19:17:26.154725+00:00
[2023-09-13T19:17:26.192+0000] {processor.py:179} INFO - Processing /home/airflow/.local/lib/python3.8/site-packages/airflow/example_dags/example_task_group_decorator.py took 0.164 seconds
[2023-09-13T19:17:56.349+0000] {processor.py:157} INFO - Started process (PID=284) to work on /home/airflow/.local/lib/python3.8/site-packages/airflow/example_dags/example_task_group_decorator.py
[2023-09-13T19:17:56.351+0000] {processor.py:829} INFO - Processing file /home/airflow/.local/lib/python3.8/site-packages/airflow/example_dags/example_task_group_decorator.py for tasks to queue
[2023-09-13T19:17:56.353+0000] {logging_mixin.py:151} INFO - [2023-09-13T19:17:56.353+0000] {dagbag.py:539} INFO - Filling up the DagBag from /home/airflow/.local/lib/python3.8/site-packages/airflow/example_dags/example_task_group_decorator.py
[2023-09-13T19:17:56.365+0000] {processor.py:839} INFO - DAG(s) dict_keys(['example_task_group_decorator']) retrieved from /home/airflow/.local/lib/python3.8/site-packages/airflow/example_dags/example_task_group_decorator.py
[2023-09-13T19:17:56.387+0000] {logging_mixin.py:151} INFO - [2023-09-13T19:17:56.387+0000] {dag.py:2915} INFO - Sync 1 DAGs
[2023-09-13T19:17:56.403+0000] {logging_mixin.py:151} INFO - [2023-09-13T19:17:56.403+0000] {dag.py:3696} INFO - Setting next_dagrun for example_task_group_decorator to 2023-09-12T19:17:56.402796+00:00, run_after=2023-09-13T19:17:56.402796+00:00
[2023-09-13T19:17:56.415+0000] {processor.py:179} INFO - Processing /home/airflow/.local/lib/python3.8/site-packages/airflow/example_dags/example_task_group_decorator.py took 0.072 seconds
[2023-09-13T19:18:26.583+0000] {processor.py:157} INFO - Started process (PID=338) to work on /home/airflow/.local/lib/python3.8/site-packages/airflow/example_dags/example_task_group_decorator.py
[2023-09-13T19:18:26.585+0000] {processor.py:829} INFO - Processing file /home/airflow/.local/lib/python3.8/site-packages/airflow/example_dags/example_task_group_decorator.py for tasks to queue
[2023-09-13T19:18:26.588+0000] {logging_mixin.py:151} INFO - [2023-09-13T19:18:26.588+0000] {dagbag.py:539} INFO - Filling up the DagBag from /home/airflow/.local/lib/python3.8/site-packages/airflow/example_dags/example_task_group_decorator.py
[2023-09-13T19:18:26.602+0000] {processor.py:839} INFO - DAG(s) dict_keys(['example_task_group_decorator']) retrieved from /home/airflow/.local/lib/python3.8/site-packages/airflow/example_dags/example_task_group_decorator.py
[2023-09-13T19:18:26.663+0000] {logging_mixin.py:151} INFO - [2023-09-13T19:18:26.662+0000] {dag.py:2915} INFO - Sync 1 DAGs
[2023-09-13T19:18:26.681+0000] {logging_mixin.py:151} INFO - [2023-09-13T19:18:26.681+0000] {dag.py:3696} INFO - Setting next_dagrun for example_task_group_decorator to 2023-09-12T19:18:26.680935+00:00, run_after=2023-09-13T19:18:26.680935+00:00
[2023-09-13T19:18:26.694+0000] {processor.py:179} INFO - Processing /home/airflow/.local/lib/python3.8/site-packages/airflow/example_dags/example_task_group_decorator.py took 0.116 seconds
[2023-09-13T19:18:57.125+0000] {processor.py:157} INFO - Started process (PID=392) to work on /home/airflow/.local/lib/python3.8/site-packages/airflow/example_dags/example_task_group_decorator.py
[2023-09-13T19:18:57.128+0000] {processor.py:829} INFO - Processing file /home/airflow/.local/lib/python3.8/site-packages/airflow/example_dags/example_task_group_decorator.py for tasks to queue
[2023-09-13T19:18:57.131+0000] {logging_mixin.py:151} INFO - [2023-09-13T19:18:57.130+0000] {dagbag.py:539} INFO - Filling up the DagBag from /home/airflow/.local/lib/python3.8/site-packages/airflow/example_dags/example_task_group_decorator.py
[2023-09-13T19:18:57.144+0000] {processor.py:839} INFO - DAG(s) dict_keys(['example_task_group_decorator']) retrieved from /home/airflow/.local/lib/python3.8/site-packages/airflow/example_dags/example_task_group_decorator.py
[2023-09-13T19:18:57.170+0000] {logging_mixin.py:151} INFO - [2023-09-13T19:18:57.170+0000] {dag.py:2915} INFO - Sync 1 DAGs
[2023-09-13T19:18:57.190+0000] {logging_mixin.py:151} INFO - [2023-09-13T19:18:57.190+0000] {dag.py:3696} INFO - Setting next_dagrun for example_task_group_decorator to 2023-09-12T19:18:57.190158+00:00, run_after=2023-09-13T19:18:57.190158+00:00
[2023-09-13T19:18:57.211+0000] {processor.py:179} INFO - Processing /home/airflow/.local/lib/python3.8/site-packages/airflow/example_dags/example_task_group_decorator.py took 0.091 seconds
[2023-09-13T19:19:27.471+0000] {processor.py:157} INFO - Started process (PID=447) to work on /home/airflow/.local/lib/python3.8/site-packages/airflow/example_dags/example_task_group_decorator.py
[2023-09-13T19:19:27.473+0000] {processor.py:829} INFO - Processing file /home/airflow/.local/lib/python3.8/site-packages/airflow/example_dags/example_task_group_decorator.py for tasks to queue
[2023-09-13T19:19:27.476+0000] {logging_mixin.py:151} INFO - [2023-09-13T19:19:27.475+0000] {dagbag.py:539} INFO - Filling up the DagBag from /home/airflow/.local/lib/python3.8/site-packages/airflow/example_dags/example_task_group_decorator.py
[2023-09-13T19:19:27.489+0000] {processor.py:839} INFO - DAG(s) dict_keys(['example_task_group_decorator']) retrieved from /home/airflow/.local/lib/python3.8/site-packages/airflow/example_dags/example_task_group_decorator.py
[2023-09-13T19:19:27.516+0000] {logging_mixin.py:151} INFO - [2023-09-13T19:19:27.516+0000] {dag.py:2915} INFO - Sync 1 DAGs
[2023-09-13T19:19:27.535+0000] {logging_mixin.py:151} INFO - [2023-09-13T19:19:27.534+0000] {dag.py:3696} INFO - Setting next_dagrun for example_task_group_decorator to 2023-09-12T19:19:27.534663+00:00, run_after=2023-09-13T19:19:27.534663+00:00
[2023-09-13T19:19:27.548+0000] {processor.py:179} INFO - Processing /home/airflow/.local/lib/python3.8/site-packages/airflow/example_dags/example_task_group_decorator.py took 0.082 seconds
[2023-09-13T19:19:58.511+0000] {processor.py:157} INFO - Started process (PID=501) to work on /home/airflow/.local/lib/python3.8/site-packages/airflow/example_dags/example_task_group_decorator.py
[2023-09-13T19:19:58.514+0000] {processor.py:829} INFO - Processing file /home/airflow/.local/lib/python3.8/site-packages/airflow/example_dags/example_task_group_decorator.py for tasks to queue
[2023-09-13T19:19:58.517+0000] {logging_mixin.py:151} INFO - [2023-09-13T19:19:58.516+0000] {dagbag.py:539} INFO - Filling up the DagBag from /home/airflow/.local/lib/python3.8/site-packages/airflow/example_dags/example_task_group_decorator.py
[2023-09-13T19:19:58.529+0000] {processor.py:839} INFO - DAG(s) dict_keys(['example_task_group_decorator']) retrieved from /home/airflow/.local/lib/python3.8/site-packages/airflow/example_dags/example_task_group_decorator.py
[2023-09-13T19:19:58.553+0000] {logging_mixin.py:151} INFO - [2023-09-13T19:19:58.553+0000] {dag.py:2915} INFO - Sync 1 DAGs
[2023-09-13T19:19:58.570+0000] {logging_mixin.py:151} INFO - [2023-09-13T19:19:58.570+0000] {dag.py:3696} INFO - Setting next_dagrun for example_task_group_decorator to 2023-09-12T19:19:58.569865+00:00, run_after=2023-09-13T19:19:58.569865+00:00
[2023-09-13T19:19:58.583+0000] {processor.py:179} INFO - Processing /home/airflow/.local/lib/python3.8/site-packages/airflow/example_dags/example_task_group_decorator.py took 0.077 seconds
[2023-09-13T19:20:28.828+0000] {processor.py:157} INFO - Started process (PID=554) to work on /home/airflow/.local/lib/python3.8/site-packages/airflow/example_dags/example_task_group_decorator.py
[2023-09-13T19:20:28.831+0000] {processor.py:829} INFO - Processing file /home/airflow/.local/lib/python3.8/site-packages/airflow/example_dags/example_task_group_decorator.py for tasks to queue
[2023-09-13T19:20:28.834+0000] {logging_mixin.py:151} INFO - [2023-09-13T19:20:28.834+0000] {dagbag.py:539} INFO - Filling up the DagBag from /home/airflow/.local/lib/python3.8/site-packages/airflow/example_dags/example_task_group_decorator.py
[2023-09-13T19:20:28.847+0000] {processor.py:839} INFO - DAG(s) dict_keys(['example_task_group_decorator']) retrieved from /home/airflow/.local/lib/python3.8/site-packages/airflow/example_dags/example_task_group_decorator.py
[2023-09-13T19:20:28.871+0000] {logging_mixin.py:151} INFO - [2023-09-13T19:20:28.870+0000] {dag.py:2915} INFO - Sync 1 DAGs
[2023-09-13T19:20:28.887+0000] {logging_mixin.py:151} INFO - [2023-09-13T19:20:28.887+0000] {dag.py:3696} INFO - Setting next_dagrun for example_task_group_decorator to 2023-09-12T19:20:28.886764+00:00, run_after=2023-09-13T19:20:28.886764+00:00
[2023-09-13T19:20:28.899+0000] {processor.py:179} INFO - Processing /home/airflow/.local/lib/python3.8/site-packages/airflow/example_dags/example_task_group_decorator.py took 0.076 seconds
[2023-09-13T19:20:59.656+0000] {processor.py:157} INFO - Started process (PID=615) to work on /home/airflow/.local/lib/python3.8/site-packages/airflow/example_dags/example_task_group_decorator.py
[2023-09-13T19:20:59.658+0000] {processor.py:829} INFO - Processing file /home/airflow/.local/lib/python3.8/site-packages/airflow/example_dags/example_task_group_decorator.py for tasks to queue
[2023-09-13T19:20:59.661+0000] {logging_mixin.py:151} INFO - [2023-09-13T19:20:59.661+0000] {dagbag.py:539} INFO - Filling up the DagBag from /home/airflow/.local/lib/python3.8/site-packages/airflow/example_dags/example_task_group_decorator.py
[2023-09-13T19:20:59.674+0000] {processor.py:839} INFO - DAG(s) dict_keys(['example_task_group_decorator']) retrieved from /home/airflow/.local/lib/python3.8/site-packages/airflow/example_dags/example_task_group_decorator.py
[2023-09-13T19:20:59.697+0000] {logging_mixin.py:151} INFO - [2023-09-13T19:20:59.697+0000] {dag.py:2915} INFO - Sync 1 DAGs
[2023-09-13T19:20:59.713+0000] {logging_mixin.py:151} INFO - [2023-09-13T19:20:59.713+0000] {dag.py:3696} INFO - Setting next_dagrun for example_task_group_decorator to 2023-09-12T19:20:59.713492+00:00, run_after=2023-09-13T19:20:59.713492+00:00
[2023-09-13T19:20:59.727+0000] {processor.py:179} INFO - Processing /home/airflow/.local/lib/python3.8/site-packages/airflow/example_dags/example_task_group_decorator.py took 0.075 seconds
[2023-09-13T19:21:30.371+0000] {processor.py:157} INFO - Started process (PID=669) to work on /home/airflow/.local/lib/python3.8/site-packages/airflow/example_dags/example_task_group_decorator.py
[2023-09-13T19:21:30.373+0000] {processor.py:829} INFO - Processing file /home/airflow/.local/lib/python3.8/site-packages/airflow/example_dags/example_task_group_decorator.py for tasks to queue
[2023-09-13T19:21:30.376+0000] {logging_mixin.py:151} INFO - [2023-09-13T19:21:30.375+0000] {dagbag.py:539} INFO - Filling up the DagBag from /home/airflow/.local/lib/python3.8/site-packages/airflow/example_dags/example_task_group_decorator.py
[2023-09-13T19:21:30.388+0000] {processor.py:839} INFO - DAG(s) dict_keys(['example_task_group_decorator']) retrieved from /home/airflow/.local/lib/python3.8/site-packages/airflow/example_dags/example_task_group_decorator.py
[2023-09-13T19:21:30.411+0000] {logging_mixin.py:151} INFO - [2023-09-13T19:21:30.411+0000] {dag.py:2915} INFO - Sync 1 DAGs
[2023-09-13T19:21:30.427+0000] {logging_mixin.py:151} INFO - [2023-09-13T19:21:30.427+0000] {dag.py:3696} INFO - Setting next_dagrun for example_task_group_decorator to 2023-09-12T19:21:30.427527+00:00, run_after=2023-09-13T19:21:30.427527+00:00
[2023-09-13T19:21:30.440+0000] {processor.py:179} INFO - Processing /home/airflow/.local/lib/python3.8/site-packages/airflow/example_dags/example_task_group_decorator.py took 0.074 seconds
[2023-09-13T19:22:01.024+0000] {processor.py:157} INFO - Started process (PID=723) to work on /home/airflow/.local/lib/python3.8/site-packages/airflow/example_dags/example_task_group_decorator.py
[2023-09-13T19:22:01.026+0000] {processor.py:829} INFO - Processing file /home/airflow/.local/lib/python3.8/site-packages/airflow/example_dags/example_task_group_decorator.py for tasks to queue
[2023-09-13T19:22:01.029+0000] {logging_mixin.py:151} INFO - [2023-09-13T19:22:01.029+0000] {dagbag.py:539} INFO - Filling up the DagBag from /home/airflow/.local/lib/python3.8/site-packages/airflow/example_dags/example_task_group_decorator.py
[2023-09-13T19:22:01.052+0000] {processor.py:839} INFO - DAG(s) dict_keys(['example_task_group_decorator']) retrieved from /home/airflow/.local/lib/python3.8/site-packages/airflow/example_dags/example_task_group_decorator.py
[2023-09-13T19:22:01.080+0000] {logging_mixin.py:151} INFO - [2023-09-13T19:22:01.080+0000] {dag.py:2915} INFO - Sync 1 DAGs
[2023-09-13T19:22:01.097+0000] {logging_mixin.py:151} INFO - [2023-09-13T19:22:01.097+0000] {dag.py:3696} INFO - Setting next_dagrun for example_task_group_decorator to 2023-09-12T19:22:01.097306+00:00, run_after=2023-09-13T19:22:01.097306+00:00
[2023-09-13T19:22:01.110+0000] {processor.py:179} INFO - Processing /home/airflow/.local/lib/python3.8/site-packages/airflow/example_dags/example_task_group_decorator.py took 0.091 seconds
[2023-09-13T19:22:31.862+0000] {processor.py:157} INFO - Started process (PID=777) to work on /home/airflow/.local/lib/python3.8/site-packages/airflow/example_dags/example_task_group_decorator.py
[2023-09-13T19:22:31.864+0000] {processor.py:829} INFO - Processing file /home/airflow/.local/lib/python3.8/site-packages/airflow/example_dags/example_task_group_decorator.py for tasks to queue
[2023-09-13T19:22:31.867+0000] {logging_mixin.py:151} INFO - [2023-09-13T19:22:31.867+0000] {dagbag.py:539} INFO - Filling up the DagBag from /home/airflow/.local/lib/python3.8/site-packages/airflow/example_dags/example_task_group_decorator.py
[2023-09-13T19:22:31.880+0000] {processor.py:839} INFO - DAG(s) dict_keys(['example_task_group_decorator']) retrieved from /home/airflow/.local/lib/python3.8/site-packages/airflow/example_dags/example_task_group_decorator.py
[2023-09-13T19:22:31.902+0000] {logging_mixin.py:151} INFO - [2023-09-13T19:22:31.901+0000] {dag.py:2915} INFO - Sync 1 DAGs
[2023-09-13T19:22:31.918+0000] {logging_mixin.py:151} INFO - [2023-09-13T19:22:31.917+0000] {dag.py:3696} INFO - Setting next_dagrun for example_task_group_decorator to 2023-09-12T19:22:31.917641+00:00, run_after=2023-09-13T19:22:31.917641+00:00
[2023-09-13T19:22:31.929+0000] {processor.py:179} INFO - Processing /home/airflow/.local/lib/python3.8/site-packages/airflow/example_dags/example_task_group_decorator.py took 0.073 seconds
[2023-09-13T19:23:02.249+0000] {processor.py:157} INFO - Started process (PID=831) to work on /home/airflow/.local/lib/python3.8/site-packages/airflow/example_dags/example_task_group_decorator.py
[2023-09-13T19:23:02.252+0000] {processor.py:829} INFO - Processing file /home/airflow/.local/lib/python3.8/site-packages/airflow/example_dags/example_task_group_decorator.py for tasks to queue
[2023-09-13T19:23:02.255+0000] {logging_mixin.py:151} INFO - [2023-09-13T19:23:02.255+0000] {dagbag.py:539} INFO - Filling up the DagBag from /home/airflow/.local/lib/python3.8/site-packages/airflow/example_dags/example_task_group_decorator.py
[2023-09-13T19:23:02.268+0000] {processor.py:839} INFO - DAG(s) dict_keys(['example_task_group_decorator']) retrieved from /home/airflow/.local/lib/python3.8/site-packages/airflow/example_dags/example_task_group_decorator.py
[2023-09-13T19:23:02.292+0000] {logging_mixin.py:151} INFO - [2023-09-13T19:23:02.292+0000] {dag.py:2915} INFO - Sync 1 DAGs
[2023-09-13T19:23:02.308+0000] {logging_mixin.py:151} INFO - [2023-09-13T19:23:02.308+0000] {dag.py:3696} INFO - Setting next_dagrun for example_task_group_decorator to 2023-09-12T19:23:02.307790+00:00, run_after=2023-09-13T19:23:02.307790+00:00
[2023-09-13T19:23:02.320+0000] {processor.py:179} INFO - Processing /home/airflow/.local/lib/python3.8/site-packages/airflow/example_dags/example_task_group_decorator.py took 0.077 seconds
[2023-09-13T19:23:32.506+0000] {processor.py:157} INFO - Started process (PID=885) to work on /home/airflow/.local/lib/python3.8/site-packages/airflow/example_dags/example_task_group_decorator.py
[2023-09-13T19:23:32.509+0000] {processor.py:829} INFO - Processing file /home/airflow/.local/lib/python3.8/site-packages/airflow/example_dags/example_task_group_decorator.py for tasks to queue
[2023-09-13T19:23:32.512+0000] {logging_mixin.py:151} INFO - [2023-09-13T19:23:32.511+0000] {dagbag.py:539} INFO - Filling up the DagBag from /home/airflow/.local/lib/python3.8/site-packages/airflow/example_dags/example_task_group_decorator.py
[2023-09-13T19:23:32.525+0000] {processor.py:839} INFO - DAG(s) dict_keys(['example_task_group_decorator']) retrieved from /home/airflow/.local/lib/python3.8/site-packages/airflow/example_dags/example_task_group_decorator.py
[2023-09-13T19:23:32.548+0000] {logging_mixin.py:151} INFO - [2023-09-13T19:23:32.548+0000] {dag.py:2915} INFO - Sync 1 DAGs
[2023-09-13T19:23:32.564+0000] {logging_mixin.py:151} INFO - [2023-09-13T19:23:32.564+0000] {dag.py:3696} INFO - Setting next_dagrun for example_task_group_decorator to 2023-09-12T19:23:32.564335+00:00, run_after=2023-09-13T19:23:32.564335+00:00
[2023-09-13T19:23:32.576+0000] {processor.py:179} INFO - Processing /home/airflow/.local/lib/python3.8/site-packages/airflow/example_dags/example_task_group_decorator.py took 0.075 seconds
[2023-09-13T19:24:02.696+0000] {processor.py:157} INFO - Started process (PID=939) to work on /home/airflow/.local/lib/python3.8/site-packages/airflow/example_dags/example_task_group_decorator.py
[2023-09-13T19:24:02.699+0000] {processor.py:829} INFO - Processing file /home/airflow/.local/lib/python3.8/site-packages/airflow/example_dags/example_task_group_decorator.py for tasks to queue
[2023-09-13T19:24:02.703+0000] {logging_mixin.py:151} INFO - [2023-09-13T19:24:02.703+0000] {dagbag.py:539} INFO - Filling up the DagBag from /home/airflow/.local/lib/python3.8/site-packages/airflow/example_dags/example_task_group_decorator.py
[2023-09-13T19:24:02.717+0000] {processor.py:839} INFO - DAG(s) dict_keys(['example_task_group_decorator']) retrieved from /home/airflow/.local/lib/python3.8/site-packages/airflow/example_dags/example_task_group_decorator.py
[2023-09-13T19:24:02.741+0000] {logging_mixin.py:151} INFO - [2023-09-13T19:24:02.741+0000] {dag.py:2915} INFO - Sync 1 DAGs
[2023-09-13T19:24:02.759+0000] {logging_mixin.py:151} INFO - [2023-09-13T19:24:02.759+0000] {dag.py:3696} INFO - Setting next_dagrun for example_task_group_decorator to 2023-09-12T19:24:02.759303+00:00, run_after=2023-09-13T19:24:02.759303+00:00
[2023-09-13T19:24:02.772+0000] {processor.py:179} INFO - Processing /home/airflow/.local/lib/python3.8/site-packages/airflow/example_dags/example_task_group_decorator.py took 0.082 seconds
[2023-09-13T19:24:33.034+0000] {processor.py:157} INFO - Started process (PID=994) to work on /home/airflow/.local/lib/python3.8/site-packages/airflow/example_dags/example_task_group_decorator.py
[2023-09-13T19:24:33.036+0000] {processor.py:829} INFO - Processing file /home/airflow/.local/lib/python3.8/site-packages/airflow/example_dags/example_task_group_decorator.py for tasks to queue
[2023-09-13T19:24:33.040+0000] {logging_mixin.py:151} INFO - [2023-09-13T19:24:33.039+0000] {dagbag.py:539} INFO - Filling up the DagBag from /home/airflow/.local/lib/python3.8/site-packages/airflow/example_dags/example_task_group_decorator.py
[2023-09-13T19:24:33.052+0000] {processor.py:839} INFO - DAG(s) dict_keys(['example_task_group_decorator']) retrieved from /home/airflow/.local/lib/python3.8/site-packages/airflow/example_dags/example_task_group_decorator.py
[2023-09-13T19:24:33.075+0000] {logging_mixin.py:151} INFO - [2023-09-13T19:24:33.075+0000] {dag.py:2915} INFO - Sync 1 DAGs
[2023-09-13T19:24:33.091+0000] {logging_mixin.py:151} INFO - [2023-09-13T19:24:33.091+0000] {dag.py:3696} INFO - Setting next_dagrun for example_task_group_decorator to 2023-09-12T19:24:33.091577+00:00, run_after=2023-09-13T19:24:33.091577+00:00
[2023-09-13T19:24:33.104+0000] {processor.py:179} INFO - Processing /home/airflow/.local/lib/python3.8/site-packages/airflow/example_dags/example_task_group_decorator.py took 0.077 seconds
[2023-09-13T19:25:03.171+0000] {processor.py:157} INFO - Started process (PID=1047) to work on /home/airflow/.local/lib/python3.8/site-packages/airflow/example_dags/example_task_group_decorator.py
[2023-09-13T19:25:03.174+0000] {processor.py:829} INFO - Processing file /home/airflow/.local/lib/python3.8/site-packages/airflow/example_dags/example_task_group_decorator.py for tasks to queue
[2023-09-13T19:25:03.178+0000] {logging_mixin.py:151} INFO - [2023-09-13T19:25:03.177+0000] {dagbag.py:539} INFO - Filling up the DagBag from /home/airflow/.local/lib/python3.8/site-packages/airflow/example_dags/example_task_group_decorator.py
[2023-09-13T19:25:03.192+0000] {processor.py:839} INFO - DAG(s) dict_keys(['example_task_group_decorator']) retrieved from /home/airflow/.local/lib/python3.8/site-packages/airflow/example_dags/example_task_group_decorator.py
[2023-09-13T19:25:03.216+0000] {logging_mixin.py:151} INFO - [2023-09-13T19:25:03.216+0000] {dag.py:2915} INFO - Sync 1 DAGs
[2023-09-13T19:25:03.232+0000] {logging_mixin.py:151} INFO - [2023-09-13T19:25:03.232+0000] {dag.py:3696} INFO - Setting next_dagrun for example_task_group_decorator to 2023-09-12T19:25:03.231912+00:00, run_after=2023-09-13T19:25:03.231912+00:00
[2023-09-13T19:25:03.244+0000] {processor.py:179} INFO - Processing /home/airflow/.local/lib/python3.8/site-packages/airflow/example_dags/example_task_group_decorator.py took 0.079 seconds
[2023-09-13T19:25:33.506+0000] {processor.py:157} INFO - Started process (PID=1101) to work on /home/airflow/.local/lib/python3.8/site-packages/airflow/example_dags/example_task_group_decorator.py
[2023-09-13T19:25:33.508+0000] {processor.py:829} INFO - Processing file /home/airflow/.local/lib/python3.8/site-packages/airflow/example_dags/example_task_group_decorator.py for tasks to queue
[2023-09-13T19:25:33.511+0000] {logging_mixin.py:151} INFO - [2023-09-13T19:25:33.511+0000] {dagbag.py:539} INFO - Filling up the DagBag from /home/airflow/.local/lib/python3.8/site-packages/airflow/example_dags/example_task_group_decorator.py
[2023-09-13T19:25:33.524+0000] {processor.py:839} INFO - DAG(s) dict_keys(['example_task_group_decorator']) retrieved from /home/airflow/.local/lib/python3.8/site-packages/airflow/example_dags/example_task_group_decorator.py
[2023-09-13T19:25:33.547+0000] {logging_mixin.py:151} INFO - [2023-09-13T19:25:33.547+0000] {dag.py:2915} INFO - Sync 1 DAGs
[2023-09-13T19:25:33.564+0000] {logging_mixin.py:151} INFO - [2023-09-13T19:25:33.564+0000] {dag.py:3696} INFO - Setting next_dagrun for example_task_group_decorator to 2023-09-12T19:25:33.564004+00:00, run_after=2023-09-13T19:25:33.564004+00:00
[2023-09-13T19:25:33.576+0000] {processor.py:179} INFO - Processing /home/airflow/.local/lib/python3.8/site-packages/airflow/example_dags/example_task_group_decorator.py took 0.075 seconds
[2023-09-13T19:26:04.516+0000] {processor.py:157} INFO - Started process (PID=1157) to work on /home/airflow/.local/lib/python3.8/site-packages/airflow/example_dags/example_task_group_decorator.py
[2023-09-13T19:26:04.518+0000] {processor.py:829} INFO - Processing file /home/airflow/.local/lib/python3.8/site-packages/airflow/example_dags/example_task_group_decorator.py for tasks to queue
[2023-09-13T19:26:04.522+0000] {logging_mixin.py:151} INFO - [2023-09-13T19:26:04.522+0000] {dagbag.py:539} INFO - Filling up the DagBag from /home/airflow/.local/lib/python3.8/site-packages/airflow/example_dags/example_task_group_decorator.py
[2023-09-13T19:26:04.537+0000] {processor.py:839} INFO - DAG(s) dict_keys(['example_task_group_decorator']) retrieved from /home/airflow/.local/lib/python3.8/site-packages/airflow/example_dags/example_task_group_decorator.py
[2023-09-13T19:26:04.561+0000] {logging_mixin.py:151} INFO - [2023-09-13T19:26:04.561+0000] {dag.py:2915} INFO - Sync 1 DAGs
[2023-09-13T19:26:04.578+0000] {logging_mixin.py:151} INFO - [2023-09-13T19:26:04.578+0000] {dag.py:3696} INFO - Setting next_dagrun for example_task_group_decorator to 2023-09-12T19:26:04.577978+00:00, run_after=2023-09-13T19:26:04.577978+00:00
[2023-09-13T19:26:04.591+0000] {processor.py:179} INFO - Processing /home/airflow/.local/lib/python3.8/site-packages/airflow/example_dags/example_task_group_decorator.py took 0.080 seconds
[2023-09-13T19:26:34.924+0000] {processor.py:157} INFO - Started process (PID=1214) to work on /home/airflow/.local/lib/python3.8/site-packages/airflow/example_dags/example_task_group_decorator.py
[2023-09-13T19:26:34.928+0000] {processor.py:829} INFO - Processing file /home/airflow/.local/lib/python3.8/site-packages/airflow/example_dags/example_task_group_decorator.py for tasks to queue
[2023-09-13T19:26:34.933+0000] {logging_mixin.py:151} INFO - [2023-09-13T19:26:34.932+0000] {dagbag.py:539} INFO - Filling up the DagBag from /home/airflow/.local/lib/python3.8/site-packages/airflow/example_dags/example_task_group_decorator.py
[2023-09-13T19:26:34.951+0000] {processor.py:839} INFO - DAG(s) dict_keys(['example_task_group_decorator']) retrieved from /home/airflow/.local/lib/python3.8/site-packages/airflow/example_dags/example_task_group_decorator.py
[2023-09-13T19:26:34.989+0000] {logging_mixin.py:151} INFO - [2023-09-13T19:26:34.989+0000] {dag.py:2915} INFO - Sync 1 DAGs
[2023-09-13T19:26:35.023+0000] {logging_mixin.py:151} INFO - [2023-09-13T19:26:35.023+0000] {dag.py:3696} INFO - Setting next_dagrun for example_task_group_decorator to 2023-09-12T19:26:35.022760+00:00, run_after=2023-09-13T19:26:35.022760+00:00
[2023-09-13T19:26:35.038+0000] {processor.py:179} INFO - Processing /home/airflow/.local/lib/python3.8/site-packages/airflow/example_dags/example_task_group_decorator.py took 0.123 seconds
[2023-09-13T19:27:05.361+0000] {processor.py:157} INFO - Started process (PID=1269) to work on /home/airflow/.local/lib/python3.8/site-packages/airflow/example_dags/example_task_group_decorator.py
[2023-09-13T19:27:05.363+0000] {processor.py:829} INFO - Processing file /home/airflow/.local/lib/python3.8/site-packages/airflow/example_dags/example_task_group_decorator.py for tasks to queue
[2023-09-13T19:27:05.366+0000] {logging_mixin.py:151} INFO - [2023-09-13T19:27:05.366+0000] {dagbag.py:539} INFO - Filling up the DagBag from /home/airflow/.local/lib/python3.8/site-packages/airflow/example_dags/example_task_group_decorator.py
[2023-09-13T19:27:05.380+0000] {processor.py:839} INFO - DAG(s) dict_keys(['example_task_group_decorator']) retrieved from /home/airflow/.local/lib/python3.8/site-packages/airflow/example_dags/example_task_group_decorator.py
[2023-09-13T19:27:05.405+0000] {logging_mixin.py:151} INFO - [2023-09-13T19:27:05.405+0000] {dag.py:2915} INFO - Sync 1 DAGs
[2023-09-13T19:27:05.423+0000] {logging_mixin.py:151} INFO - [2023-09-13T19:27:05.423+0000] {dag.py:3696} INFO - Setting next_dagrun for example_task_group_decorator to 2023-09-12T19:27:05.423050+00:00, run_after=2023-09-13T19:27:05.423050+00:00
[2023-09-13T19:27:05.436+0000] {processor.py:179} INFO - Processing /home/airflow/.local/lib/python3.8/site-packages/airflow/example_dags/example_task_group_decorator.py took 0.078 seconds
[2023-09-13T19:28:18.235+0000] {processor.py:157} INFO - Started process (PID=69) to work on /home/airflow/.local/lib/python3.8/site-packages/airflow/example_dags/example_task_group_decorator.py
[2023-09-13T19:28:18.240+0000] {processor.py:829} INFO - Processing file /home/airflow/.local/lib/python3.8/site-packages/airflow/example_dags/example_task_group_decorator.py for tasks to queue
[2023-09-13T19:28:18.244+0000] {logging_mixin.py:151} INFO - [2023-09-13T19:28:18.243+0000] {dagbag.py:539} INFO - Filling up the DagBag from /home/airflow/.local/lib/python3.8/site-packages/airflow/example_dags/example_task_group_decorator.py
[2023-09-13T19:28:18.266+0000] {processor.py:839} INFO - DAG(s) dict_keys(['example_task_group_decorator']) retrieved from /home/airflow/.local/lib/python3.8/site-packages/airflow/example_dags/example_task_group_decorator.py
[2023-09-13T19:28:18.307+0000] {logging_mixin.py:151} INFO - [2023-09-13T19:28:18.307+0000] {dag.py:2915} INFO - Sync 1 DAGs
[2023-09-13T19:28:18.371+0000] {logging_mixin.py:151} INFO - [2023-09-13T19:28:18.370+0000] {dag.py:3696} INFO - Setting next_dagrun for example_task_group_decorator to 2023-09-12T19:28:18.369769+00:00, run_after=2023-09-13T19:28:18.369769+00:00
[2023-09-13T19:28:18.406+0000] {processor.py:179} INFO - Processing /home/airflow/.local/lib/python3.8/site-packages/airflow/example_dags/example_task_group_decorator.py took 0.176 seconds
[2023-09-13T19:28:48.531+0000] {processor.py:157} INFO - Started process (PID=125) to work on /home/airflow/.local/lib/python3.8/site-packages/airflow/example_dags/example_task_group_decorator.py
[2023-09-13T19:28:48.552+0000] {processor.py:829} INFO - Processing file /home/airflow/.local/lib/python3.8/site-packages/airflow/example_dags/example_task_group_decorator.py for tasks to queue
[2023-09-13T19:28:48.557+0000] {logging_mixin.py:151} INFO - [2023-09-13T19:28:48.556+0000] {dagbag.py:539} INFO - Filling up the DagBag from /home/airflow/.local/lib/python3.8/site-packages/airflow/example_dags/example_task_group_decorator.py
[2023-09-13T19:28:48.575+0000] {processor.py:839} INFO - DAG(s) dict_keys(['example_task_group_decorator']) retrieved from /home/airflow/.local/lib/python3.8/site-packages/airflow/example_dags/example_task_group_decorator.py
[2023-09-13T19:28:48.605+0000] {logging_mixin.py:151} INFO - [2023-09-13T19:28:48.605+0000] {dag.py:2915} INFO - Sync 1 DAGs
[2023-09-13T19:28:48.626+0000] {logging_mixin.py:151} INFO - [2023-09-13T19:28:48.626+0000] {dag.py:3696} INFO - Setting next_dagrun for example_task_group_decorator to 2023-09-12T19:28:48.625770+00:00, run_after=2023-09-13T19:28:48.625770+00:00
[2023-09-13T19:28:48.642+0000] {processor.py:179} INFO - Processing /home/airflow/.local/lib/python3.8/site-packages/airflow/example_dags/example_task_group_decorator.py took 0.115 seconds
[2023-09-13T19:29:18.675+0000] {processor.py:157} INFO - Started process (PID=180) to work on /home/airflow/.local/lib/python3.8/site-packages/airflow/example_dags/example_task_group_decorator.py
[2023-09-13T19:29:18.677+0000] {processor.py:829} INFO - Processing file /home/airflow/.local/lib/python3.8/site-packages/airflow/example_dags/example_task_group_decorator.py for tasks to queue
[2023-09-13T19:29:18.679+0000] {logging_mixin.py:151} INFO - [2023-09-13T19:29:18.679+0000] {dagbag.py:539} INFO - Filling up the DagBag from /home/airflow/.local/lib/python3.8/site-packages/airflow/example_dags/example_task_group_decorator.py
[2023-09-13T19:29:18.691+0000] {processor.py:839} INFO - DAG(s) dict_keys(['example_task_group_decorator']) retrieved from /home/airflow/.local/lib/python3.8/site-packages/airflow/example_dags/example_task_group_decorator.py
[2023-09-13T19:29:18.714+0000] {logging_mixin.py:151} INFO - [2023-09-13T19:29:18.714+0000] {dag.py:2915} INFO - Sync 1 DAGs
[2023-09-13T19:29:18.730+0000] {logging_mixin.py:151} INFO - [2023-09-13T19:29:18.730+0000] {dag.py:3696} INFO - Setting next_dagrun for example_task_group_decorator to 2023-09-12T19:29:18.729945+00:00, run_after=2023-09-13T19:29:18.729945+00:00
[2023-09-13T19:29:18.743+0000] {processor.py:179} INFO - Processing /home/airflow/.local/lib/python3.8/site-packages/airflow/example_dags/example_task_group_decorator.py took 0.071 seconds
[2023-09-13T19:29:48.980+0000] {processor.py:157} INFO - Started process (PID=234) to work on /home/airflow/.local/lib/python3.8/site-packages/airflow/example_dags/example_task_group_decorator.py
[2023-09-13T19:29:48.981+0000] {processor.py:829} INFO - Processing file /home/airflow/.local/lib/python3.8/site-packages/airflow/example_dags/example_task_group_decorator.py for tasks to queue
[2023-09-13T19:29:48.983+0000] {logging_mixin.py:151} INFO - [2023-09-13T19:29:48.983+0000] {dagbag.py:539} INFO - Filling up the DagBag from /home/airflow/.local/lib/python3.8/site-packages/airflow/example_dags/example_task_group_decorator.py
[2023-09-13T19:29:48.995+0000] {processor.py:839} INFO - DAG(s) dict_keys(['example_task_group_decorator']) retrieved from /home/airflow/.local/lib/python3.8/site-packages/airflow/example_dags/example_task_group_decorator.py
[2023-09-13T19:29:49.018+0000] {logging_mixin.py:151} INFO - [2023-09-13T19:29:49.018+0000] {dag.py:2915} INFO - Sync 1 DAGs
[2023-09-13T19:29:49.034+0000] {logging_mixin.py:151} INFO - [2023-09-13T19:29:49.034+0000] {dag.py:3696} INFO - Setting next_dagrun for example_task_group_decorator to 2023-09-12T19:29:49.034221+00:00, run_after=2023-09-13T19:29:49.034221+00:00
[2023-09-13T19:29:49.046+0000] {processor.py:179} INFO - Processing /home/airflow/.local/lib/python3.8/site-packages/airflow/example_dags/example_task_group_decorator.py took 0.070 seconds
[2023-09-13T19:30:19.278+0000] {processor.py:157} INFO - Started process (PID=288) to work on /home/airflow/.local/lib/python3.8/site-packages/airflow/example_dags/example_task_group_decorator.py
[2023-09-13T19:30:19.281+0000] {processor.py:829} INFO - Processing file /home/airflow/.local/lib/python3.8/site-packages/airflow/example_dags/example_task_group_decorator.py for tasks to queue
[2023-09-13T19:30:19.285+0000] {logging_mixin.py:151} INFO - [2023-09-13T19:30:19.284+0000] {dagbag.py:539} INFO - Filling up the DagBag from /home/airflow/.local/lib/python3.8/site-packages/airflow/example_dags/example_task_group_decorator.py
[2023-09-13T19:30:19.299+0000] {processor.py:839} INFO - DAG(s) dict_keys(['example_task_group_decorator']) retrieved from /home/airflow/.local/lib/python3.8/site-packages/airflow/example_dags/example_task_group_decorator.py
[2023-09-13T19:30:19.328+0000] {logging_mixin.py:151} INFO - [2023-09-13T19:30:19.328+0000] {dag.py:2915} INFO - Sync 1 DAGs
[2023-09-13T19:30:19.348+0000] {logging_mixin.py:151} INFO - [2023-09-13T19:30:19.347+0000] {dag.py:3696} INFO - Setting next_dagrun for example_task_group_decorator to 2023-09-12T19:30:19.347284+00:00, run_after=2023-09-13T19:30:19.347284+00:00
[2023-09-13T19:30:19.369+0000] {processor.py:179} INFO - Processing /home/airflow/.local/lib/python3.8/site-packages/airflow/example_dags/example_task_group_decorator.py took 0.095 seconds
[2023-09-13T19:31:33.503+0000] {processor.py:157} INFO - Started process (PID=70) to work on /home/airflow/.local/lib/python3.8/site-packages/airflow/example_dags/example_task_group_decorator.py
[2023-09-13T19:31:33.506+0000] {processor.py:829} INFO - Processing file /home/airflow/.local/lib/python3.8/site-packages/airflow/example_dags/example_task_group_decorator.py for tasks to queue
[2023-09-13T19:31:33.512+0000] {logging_mixin.py:151} INFO - [2023-09-13T19:31:33.512+0000] {dagbag.py:539} INFO - Filling up the DagBag from /home/airflow/.local/lib/python3.8/site-packages/airflow/example_dags/example_task_group_decorator.py
[2023-09-13T19:31:33.559+0000] {processor.py:839} INFO - DAG(s) dict_keys(['example_task_group_decorator']) retrieved from /home/airflow/.local/lib/python3.8/site-packages/airflow/example_dags/example_task_group_decorator.py
[2023-09-13T19:31:33.612+0000] {logging_mixin.py:151} INFO - [2023-09-13T19:31:33.611+0000] {dag.py:2915} INFO - Sync 1 DAGs
[2023-09-13T19:31:33.652+0000] {logging_mixin.py:151} INFO - [2023-09-13T19:31:33.652+0000] {dag.py:3696} INFO - Setting next_dagrun for example_task_group_decorator to 2023-09-12T19:31:33.651677+00:00, run_after=2023-09-13T19:31:33.651677+00:00
[2023-09-13T19:31:33.700+0000] {processor.py:179} INFO - Processing /home/airflow/.local/lib/python3.8/site-packages/airflow/example_dags/example_task_group_decorator.py took 0.208 seconds
[2023-09-13T19:32:03.797+0000] {processor.py:157} INFO - Started process (PID=125) to work on /home/airflow/.local/lib/python3.8/site-packages/airflow/example_dags/example_task_group_decorator.py
[2023-09-13T19:32:03.798+0000] {processor.py:829} INFO - Processing file /home/airflow/.local/lib/python3.8/site-packages/airflow/example_dags/example_task_group_decorator.py for tasks to queue
[2023-09-13T19:32:03.801+0000] {logging_mixin.py:151} INFO - [2023-09-13T19:32:03.801+0000] {dagbag.py:539} INFO - Filling up the DagBag from /home/airflow/.local/lib/python3.8/site-packages/airflow/example_dags/example_task_group_decorator.py
[2023-09-13T19:32:03.815+0000] {processor.py:839} INFO - DAG(s) dict_keys(['example_task_group_decorator']) retrieved from /home/airflow/.local/lib/python3.8/site-packages/airflow/example_dags/example_task_group_decorator.py
[2023-09-13T19:32:03.839+0000] {logging_mixin.py:151} INFO - [2023-09-13T19:32:03.839+0000] {dag.py:2915} INFO - Sync 1 DAGs
[2023-09-13T19:32:03.856+0000] {logging_mixin.py:151} INFO - [2023-09-13T19:32:03.856+0000] {dag.py:3696} INFO - Setting next_dagrun for example_task_group_decorator to 2023-09-12T19:32:03.856370+00:00, run_after=2023-09-13T19:32:03.856370+00:00
[2023-09-13T19:32:03.871+0000] {processor.py:179} INFO - Processing /home/airflow/.local/lib/python3.8/site-packages/airflow/example_dags/example_task_group_decorator.py took 0.078 seconds
[2023-09-13T19:32:34.878+0000] {processor.py:157} INFO - Started process (PID=180) to work on /home/airflow/.local/lib/python3.8/site-packages/airflow/example_dags/example_task_group_decorator.py
[2023-09-13T19:32:34.879+0000] {processor.py:829} INFO - Processing file /home/airflow/.local/lib/python3.8/site-packages/airflow/example_dags/example_task_group_decorator.py for tasks to queue
[2023-09-13T19:32:34.882+0000] {logging_mixin.py:151} INFO - [2023-09-13T19:32:34.881+0000] {dagbag.py:539} INFO - Filling up the DagBag from /home/airflow/.local/lib/python3.8/site-packages/airflow/example_dags/example_task_group_decorator.py
[2023-09-13T19:32:34.893+0000] {processor.py:839} INFO - DAG(s) dict_keys(['example_task_group_decorator']) retrieved from /home/airflow/.local/lib/python3.8/site-packages/airflow/example_dags/example_task_group_decorator.py
[2023-09-13T19:32:34.917+0000] {logging_mixin.py:151} INFO - [2023-09-13T19:32:34.917+0000] {dag.py:2915} INFO - Sync 1 DAGs
[2023-09-13T19:32:34.935+0000] {logging_mixin.py:151} INFO - [2023-09-13T19:32:34.935+0000] {dag.py:3696} INFO - Setting next_dagrun for example_task_group_decorator to 2023-09-12T19:32:34.934823+00:00, run_after=2023-09-13T19:32:34.934823+00:00
[2023-09-13T19:32:34.948+0000] {processor.py:179} INFO - Processing /home/airflow/.local/lib/python3.8/site-packages/airflow/example_dags/example_task_group_decorator.py took 0.073 seconds
[2023-09-13T19:33:05.823+0000] {processor.py:157} INFO - Started process (PID=235) to work on /home/airflow/.local/lib/python3.8/site-packages/airflow/example_dags/example_task_group_decorator.py
[2023-09-13T19:33:05.825+0000] {processor.py:829} INFO - Processing file /home/airflow/.local/lib/python3.8/site-packages/airflow/example_dags/example_task_group_decorator.py for tasks to queue
[2023-09-13T19:33:05.828+0000] {logging_mixin.py:151} INFO - [2023-09-13T19:33:05.827+0000] {dagbag.py:539} INFO - Filling up the DagBag from /home/airflow/.local/lib/python3.8/site-packages/airflow/example_dags/example_task_group_decorator.py
[2023-09-13T19:33:05.840+0000] {processor.py:839} INFO - DAG(s) dict_keys(['example_task_group_decorator']) retrieved from /home/airflow/.local/lib/python3.8/site-packages/airflow/example_dags/example_task_group_decorator.py
[2023-09-13T19:33:05.864+0000] {logging_mixin.py:151} INFO - [2023-09-13T19:33:05.864+0000] {dag.py:2915} INFO - Sync 1 DAGs
[2023-09-13T19:33:05.883+0000] {logging_mixin.py:151} INFO - [2023-09-13T19:33:05.882+0000] {dag.py:3696} INFO - Setting next_dagrun for example_task_group_decorator to 2023-09-12T19:33:05.882617+00:00, run_after=2023-09-13T19:33:05.882617+00:00
[2023-09-13T19:33:05.895+0000] {processor.py:179} INFO - Processing /home/airflow/.local/lib/python3.8/site-packages/airflow/example_dags/example_task_group_decorator.py took 0.077 seconds
[2023-09-13T19:33:36.926+0000] {processor.py:157} INFO - Started process (PID=290) to work on /home/airflow/.local/lib/python3.8/site-packages/airflow/example_dags/example_task_group_decorator.py
[2023-09-13T19:33:36.928+0000] {processor.py:829} INFO - Processing file /home/airflow/.local/lib/python3.8/site-packages/airflow/example_dags/example_task_group_decorator.py for tasks to queue
[2023-09-13T19:33:36.930+0000] {logging_mixin.py:151} INFO - [2023-09-13T19:33:36.930+0000] {dagbag.py:539} INFO - Filling up the DagBag from /home/airflow/.local/lib/python3.8/site-packages/airflow/example_dags/example_task_group_decorator.py
[2023-09-13T19:33:36.943+0000] {processor.py:839} INFO - DAG(s) dict_keys(['example_task_group_decorator']) retrieved from /home/airflow/.local/lib/python3.8/site-packages/airflow/example_dags/example_task_group_decorator.py
[2023-09-13T19:33:36.966+0000] {logging_mixin.py:151} INFO - [2023-09-13T19:33:36.966+0000] {dag.py:2915} INFO - Sync 1 DAGs
[2023-09-13T19:33:36.983+0000] {logging_mixin.py:151} INFO - [2023-09-13T19:33:36.982+0000] {dag.py:3696} INFO - Setting next_dagrun for example_task_group_decorator to 2023-09-12T19:33:36.982650+00:00, run_after=2023-09-13T19:33:36.982650+00:00
[2023-09-13T19:33:36.997+0000] {processor.py:179} INFO - Processing /home/airflow/.local/lib/python3.8/site-packages/airflow/example_dags/example_task_group_decorator.py took 0.073 seconds
[2023-09-13T19:34:07.589+0000] {processor.py:157} INFO - Started process (PID=345) to work on /home/airflow/.local/lib/python3.8/site-packages/airflow/example_dags/example_task_group_decorator.py
[2023-09-13T19:34:07.590+0000] {processor.py:829} INFO - Processing file /home/airflow/.local/lib/python3.8/site-packages/airflow/example_dags/example_task_group_decorator.py for tasks to queue
[2023-09-13T19:34:07.592+0000] {logging_mixin.py:151} INFO - [2023-09-13T19:34:07.592+0000] {dagbag.py:539} INFO - Filling up the DagBag from /home/airflow/.local/lib/python3.8/site-packages/airflow/example_dags/example_task_group_decorator.py
[2023-09-13T19:34:07.604+0000] {processor.py:839} INFO - DAG(s) dict_keys(['example_task_group_decorator']) retrieved from /home/airflow/.local/lib/python3.8/site-packages/airflow/example_dags/example_task_group_decorator.py
[2023-09-13T19:34:07.628+0000] {logging_mixin.py:151} INFO - [2023-09-13T19:34:07.628+0000] {dag.py:2915} INFO - Sync 1 DAGs
[2023-09-13T19:34:07.645+0000] {logging_mixin.py:151} INFO - [2023-09-13T19:34:07.645+0000] {dag.py:3696} INFO - Setting next_dagrun for example_task_group_decorator to 2023-09-12T19:34:07.645027+00:00, run_after=2023-09-13T19:34:07.645027+00:00
[2023-09-13T19:34:07.658+0000] {processor.py:179} INFO - Processing /home/airflow/.local/lib/python3.8/site-packages/airflow/example_dags/example_task_group_decorator.py took 0.073 seconds
