[2023-09-13T19:15:48.962+0000] {processor.py:157} INFO - Started process (PID=42) to work on /home/airflow/.local/lib/python3.8/site-packages/airflow/example_dags/example_subdag_operator.py
[2023-09-13T19:15:48.964+0000] {processor.py:829} INFO - Processing file /home/airflow/.local/lib/python3.8/site-packages/airflow/example_dags/example_subdag_operator.py for tasks to queue
[2023-09-13T19:15:48.967+0000] {logging_mixin.py:151} INFO - [2023-09-13T19:15:48.967+0000] {dagbag.py:539} INFO - Filling up the DagBag from /home/airflow/.local/lib/python3.8/site-packages/airflow/example_dags/example_subdag_operator.py
[2023-09-13T19:15:49.005+0000] {processor.py:839} INFO - DAG(s) dict_keys(['example_subdag_operator.section-1', 'example_subdag_operator.section-2', 'example_subdag_operator']) retrieved from /home/airflow/.local/lib/python3.8/site-packages/airflow/example_dags/example_subdag_operator.py
[2023-09-13T19:15:49.110+0000] {logging_mixin.py:151} INFO - [2023-09-13T19:15:49.110+0000] {manager.py:499} INFO - Created Permission View: %s
[2023-09-13T19:15:49.121+0000] {logging_mixin.py:151} INFO - [2023-09-13T19:15:49.121+0000] {manager.py:499} INFO - Created Permission View: %s
[2023-09-13T19:15:49.127+0000] {logging_mixin.py:151} INFO - [2023-09-13T19:15:49.127+0000] {manager.py:499} INFO - Created Permission View: %s
[2023-09-13T19:15:49.128+0000] {logging_mixin.py:151} INFO - [2023-09-13T19:15:49.128+0000] {security.py:708} INFO - Not syncing DAG-level permissions for DAG 'DAG:example_subdag_operator' as access control is unset.
[2023-09-13T19:15:49.129+0000] {logging_mixin.py:151} INFO - [2023-09-13T19:15:49.129+0000] {dag.py:2915} INFO - Sync 3 DAGs
[2023-09-13T19:15:49.144+0000] {logging_mixin.py:151} INFO - [2023-09-13T19:15:49.144+0000] {dag.py:2937} INFO - Creating ORM DAG for example_subdag_operator.section-1
[2023-09-13T19:15:49.146+0000] {logging_mixin.py:151} INFO - [2023-09-13T19:15:49.146+0000] {dag.py:2937} INFO - Creating ORM DAG for example_subdag_operator
[2023-09-13T19:15:49.147+0000] {logging_mixin.py:151} INFO - [2023-09-13T19:15:49.147+0000] {dag.py:2937} INFO - Creating ORM DAG for example_subdag_operator.section-2
[2023-09-13T19:15:49.161+0000] {logging_mixin.py:151} INFO - [2023-09-13T19:15:49.161+0000] {dag.py:3696} INFO - Setting next_dagrun for example_subdag_operator to 2022-01-01T00:00:00+00:00, run_after=2022-01-01T00:00:00+00:00
[2023-09-13T19:15:49.163+0000] {logging_mixin.py:151} INFO - [2023-09-13T19:15:49.163+0000] {dag.py:3696} INFO - Setting next_dagrun for example_subdag_operator.section-1 to None, run_after=None
[2023-09-13T19:15:49.164+0000] {logging_mixin.py:151} INFO - [2023-09-13T19:15:49.164+0000] {dag.py:3696} INFO - Setting next_dagrun for example_subdag_operator.section-2 to None, run_after=None
[2023-09-13T19:15:49.177+0000] {logging_mixin.py:151} INFO - [2023-09-13T19:15:49.177+0000] {dag.py:2915} INFO - Sync 2 DAGs
[2023-09-13T19:15:49.185+0000] {logging_mixin.py:151} INFO - [2023-09-13T19:15:49.185+0000] {dag.py:3696} INFO - Setting next_dagrun for example_subdag_operator.section-1 to None, run_after=None
[2023-09-13T19:15:49.190+0000] {logging_mixin.py:151} INFO - [2023-09-13T19:15:49.190+0000] {dag.py:3696} INFO - Setting next_dagrun for example_subdag_operator.section-2 to None, run_after=None
[2023-09-13T19:15:49.205+0000] {processor.py:179} INFO - Processing /home/airflow/.local/lib/python3.8/site-packages/airflow/example_dags/example_subdag_operator.py took 0.247 seconds
[2023-09-13T19:16:19.579+0000] {processor.py:157} INFO - Started process (PID=95) to work on /home/airflow/.local/lib/python3.8/site-packages/airflow/example_dags/example_subdag_operator.py
[2023-09-13T19:16:19.580+0000] {processor.py:829} INFO - Processing file /home/airflow/.local/lib/python3.8/site-packages/airflow/example_dags/example_subdag_operator.py for tasks to queue
[2023-09-13T19:16:19.582+0000] {logging_mixin.py:151} INFO - [2023-09-13T19:16:19.582+0000] {dagbag.py:539} INFO - Filling up the DagBag from /home/airflow/.local/lib/python3.8/site-packages/airflow/example_dags/example_subdag_operator.py
[2023-09-13T19:16:19.618+0000] {processor.py:839} INFO - DAG(s) dict_keys(['example_subdag_operator.section-1', 'example_subdag_operator.section-2', 'example_subdag_operator']) retrieved from /home/airflow/.local/lib/python3.8/site-packages/airflow/example_dags/example_subdag_operator.py
[2023-09-13T19:16:19.630+0000] {logging_mixin.py:151} INFO - [2023-09-13T19:16:19.630+0000] {dag.py:2915} INFO - Sync 3 DAGs
[2023-09-13T19:16:19.646+0000] {logging_mixin.py:151} INFO - [2023-09-13T19:16:19.646+0000] {dag.py:3696} INFO - Setting next_dagrun for example_subdag_operator to 2022-01-01T00:00:00+00:00, run_after=2022-01-01T00:00:00+00:00
[2023-09-13T19:16:19.649+0000] {logging_mixin.py:151} INFO - [2023-09-13T19:16:19.649+0000] {dag.py:3696} INFO - Setting next_dagrun for example_subdag_operator.section-1 to None, run_after=None
[2023-09-13T19:16:19.650+0000] {logging_mixin.py:151} INFO - [2023-09-13T19:16:19.650+0000] {dag.py:3696} INFO - Setting next_dagrun for example_subdag_operator.section-2 to None, run_after=None
[2023-09-13T19:16:19.655+0000] {logging_mixin.py:151} INFO - [2023-09-13T19:16:19.655+0000] {dag.py:2915} INFO - Sync 2 DAGs
[2023-09-13T19:16:19.659+0000] {logging_mixin.py:151} INFO - [2023-09-13T19:16:19.659+0000] {dag.py:3696} INFO - Setting next_dagrun for example_subdag_operator.section-1 to None, run_after=None
[2023-09-13T19:16:19.659+0000] {logging_mixin.py:151} INFO - [2023-09-13T19:16:19.659+0000] {dag.py:3696} INFO - Setting next_dagrun for example_subdag_operator.section-2 to None, run_after=None
[2023-09-13T19:16:19.667+0000] {processor.py:179} INFO - Processing /home/airflow/.local/lib/python3.8/site-packages/airflow/example_dags/example_subdag_operator.py took 0.091 seconds
[2023-09-13T19:16:49.811+0000] {processor.py:157} INFO - Started process (PID=148) to work on /home/airflow/.local/lib/python3.8/site-packages/airflow/example_dags/example_subdag_operator.py
[2023-09-13T19:16:49.812+0000] {processor.py:829} INFO - Processing file /home/airflow/.local/lib/python3.8/site-packages/airflow/example_dags/example_subdag_operator.py for tasks to queue
[2023-09-13T19:16:49.814+0000] {logging_mixin.py:151} INFO - [2023-09-13T19:16:49.814+0000] {dagbag.py:539} INFO - Filling up the DagBag from /home/airflow/.local/lib/python3.8/site-packages/airflow/example_dags/example_subdag_operator.py
[2023-09-13T19:16:49.843+0000] {processor.py:839} INFO - DAG(s) dict_keys(['example_subdag_operator.section-1', 'example_subdag_operator.section-2', 'example_subdag_operator']) retrieved from /home/airflow/.local/lib/python3.8/site-packages/airflow/example_dags/example_subdag_operator.py
[2023-09-13T19:16:49.860+0000] {logging_mixin.py:151} INFO - [2023-09-13T19:16:49.860+0000] {dag.py:2915} INFO - Sync 3 DAGs
[2023-09-13T19:16:49.876+0000] {logging_mixin.py:151} INFO - [2023-09-13T19:16:49.876+0000] {dag.py:3696} INFO - Setting next_dagrun for example_subdag_operator to 2022-01-01T00:00:00+00:00, run_after=2022-01-01T00:00:00+00:00
[2023-09-13T19:16:49.879+0000] {logging_mixin.py:151} INFO - [2023-09-13T19:16:49.879+0000] {dag.py:3696} INFO - Setting next_dagrun for example_subdag_operator.section-1 to None, run_after=None
[2023-09-13T19:16:49.880+0000] {logging_mixin.py:151} INFO - [2023-09-13T19:16:49.880+0000] {dag.py:3696} INFO - Setting next_dagrun for example_subdag_operator.section-2 to None, run_after=None
[2023-09-13T19:16:49.885+0000] {logging_mixin.py:151} INFO - [2023-09-13T19:16:49.885+0000] {dag.py:2915} INFO - Sync 2 DAGs
[2023-09-13T19:16:49.888+0000] {logging_mixin.py:151} INFO - [2023-09-13T19:16:49.888+0000] {dag.py:3696} INFO - Setting next_dagrun for example_subdag_operator.section-1 to None, run_after=None
[2023-09-13T19:16:49.889+0000] {logging_mixin.py:151} INFO - [2023-09-13T19:16:49.889+0000] {dag.py:3696} INFO - Setting next_dagrun for example_subdag_operator.section-2 to None, run_after=None
[2023-09-13T19:16:49.895+0000] {processor.py:179} INFO - Processing /home/airflow/.local/lib/python3.8/site-packages/airflow/example_dags/example_subdag_operator.py took 0.088 seconds
[2023-09-13T19:17:20.225+0000] {processor.py:157} INFO - Started process (PID=202) to work on /home/airflow/.local/lib/python3.8/site-packages/airflow/example_dags/example_subdag_operator.py
[2023-09-13T19:17:20.227+0000] {processor.py:829} INFO - Processing file /home/airflow/.local/lib/python3.8/site-packages/airflow/example_dags/example_subdag_operator.py for tasks to queue
[2023-09-13T19:17:20.230+0000] {logging_mixin.py:151} INFO - [2023-09-13T19:17:20.230+0000] {dagbag.py:539} INFO - Filling up the DagBag from /home/airflow/.local/lib/python3.8/site-packages/airflow/example_dags/example_subdag_operator.py
[2023-09-13T19:17:20.256+0000] {processor.py:839} INFO - DAG(s) dict_keys(['example_subdag_operator.section-1', 'example_subdag_operator.section-2', 'example_subdag_operator']) retrieved from /home/airflow/.local/lib/python3.8/site-packages/airflow/example_dags/example_subdag_operator.py
[2023-09-13T19:17:20.269+0000] {logging_mixin.py:151} INFO - [2023-09-13T19:17:20.269+0000] {dag.py:2915} INFO - Sync 3 DAGs
[2023-09-13T19:17:20.286+0000] {logging_mixin.py:151} INFO - [2023-09-13T19:17:20.286+0000] {dag.py:3696} INFO - Setting next_dagrun for example_subdag_operator to 2022-01-01T00:00:00+00:00, run_after=2022-01-01T00:00:00+00:00
[2023-09-13T19:17:20.289+0000] {logging_mixin.py:151} INFO - [2023-09-13T19:17:20.289+0000] {dag.py:3696} INFO - Setting next_dagrun for example_subdag_operator.section-1 to None, run_after=None
[2023-09-13T19:17:20.290+0000] {logging_mixin.py:151} INFO - [2023-09-13T19:17:20.290+0000] {dag.py:3696} INFO - Setting next_dagrun for example_subdag_operator.section-2 to None, run_after=None
[2023-09-13T19:17:20.296+0000] {logging_mixin.py:151} INFO - [2023-09-13T19:17:20.296+0000] {dag.py:2915} INFO - Sync 2 DAGs
[2023-09-13T19:17:20.300+0000] {logging_mixin.py:151} INFO - [2023-09-13T19:17:20.300+0000] {dag.py:3696} INFO - Setting next_dagrun for example_subdag_operator.section-1 to None, run_after=None
[2023-09-13T19:17:20.300+0000] {logging_mixin.py:151} INFO - [2023-09-13T19:17:20.300+0000] {dag.py:3696} INFO - Setting next_dagrun for example_subdag_operator.section-2 to None, run_after=None
[2023-09-13T19:17:20.307+0000] {processor.py:179} INFO - Processing /home/airflow/.local/lib/python3.8/site-packages/airflow/example_dags/example_subdag_operator.py took 0.085 seconds
[2023-09-13T19:17:50.482+0000] {processor.py:157} INFO - Started process (PID=256) to work on /home/airflow/.local/lib/python3.8/site-packages/airflow/example_dags/example_subdag_operator.py
[2023-09-13T19:17:50.484+0000] {processor.py:829} INFO - Processing file /home/airflow/.local/lib/python3.8/site-packages/airflow/example_dags/example_subdag_operator.py for tasks to queue
[2023-09-13T19:17:50.486+0000] {logging_mixin.py:151} INFO - [2023-09-13T19:17:50.486+0000] {dagbag.py:539} INFO - Filling up the DagBag from /home/airflow/.local/lib/python3.8/site-packages/airflow/example_dags/example_subdag_operator.py
[2023-09-13T19:17:50.510+0000] {processor.py:839} INFO - DAG(s) dict_keys(['example_subdag_operator.section-1', 'example_subdag_operator.section-2', 'example_subdag_operator']) retrieved from /home/airflow/.local/lib/python3.8/site-packages/airflow/example_dags/example_subdag_operator.py
[2023-09-13T19:17:50.522+0000] {logging_mixin.py:151} INFO - [2023-09-13T19:17:50.522+0000] {dag.py:2915} INFO - Sync 3 DAGs
[2023-09-13T19:17:50.538+0000] {logging_mixin.py:151} INFO - [2023-09-13T19:17:50.538+0000] {dag.py:3696} INFO - Setting next_dagrun for example_subdag_operator to 2022-01-01T00:00:00+00:00, run_after=2022-01-01T00:00:00+00:00
[2023-09-13T19:17:50.541+0000] {logging_mixin.py:151} INFO - [2023-09-13T19:17:50.541+0000] {dag.py:3696} INFO - Setting next_dagrun for example_subdag_operator.section-1 to None, run_after=None
[2023-09-13T19:17:50.542+0000] {logging_mixin.py:151} INFO - [2023-09-13T19:17:50.542+0000] {dag.py:3696} INFO - Setting next_dagrun for example_subdag_operator.section-2 to None, run_after=None
[2023-09-13T19:17:50.547+0000] {logging_mixin.py:151} INFO - [2023-09-13T19:17:50.547+0000] {dag.py:2915} INFO - Sync 2 DAGs
[2023-09-13T19:17:50.551+0000] {logging_mixin.py:151} INFO - [2023-09-13T19:17:50.551+0000] {dag.py:3696} INFO - Setting next_dagrun for example_subdag_operator.section-1 to None, run_after=None
[2023-09-13T19:17:50.551+0000] {logging_mixin.py:151} INFO - [2023-09-13T19:17:50.551+0000] {dag.py:3696} INFO - Setting next_dagrun for example_subdag_operator.section-2 to None, run_after=None
[2023-09-13T19:17:50.558+0000] {processor.py:179} INFO - Processing /home/airflow/.local/lib/python3.8/site-packages/airflow/example_dags/example_subdag_operator.py took 0.079 seconds
[2023-09-13T19:18:20.812+0000] {processor.py:157} INFO - Started process (PID=310) to work on /home/airflow/.local/lib/python3.8/site-packages/airflow/example_dags/example_subdag_operator.py
[2023-09-13T19:18:20.814+0000] {processor.py:829} INFO - Processing file /home/airflow/.local/lib/python3.8/site-packages/airflow/example_dags/example_subdag_operator.py for tasks to queue
[2023-09-13T19:18:20.816+0000] {logging_mixin.py:151} INFO - [2023-09-13T19:18:20.816+0000] {dagbag.py:539} INFO - Filling up the DagBag from /home/airflow/.local/lib/python3.8/site-packages/airflow/example_dags/example_subdag_operator.py
[2023-09-13T19:18:20.840+0000] {processor.py:839} INFO - DAG(s) dict_keys(['example_subdag_operator.section-1', 'example_subdag_operator.section-2', 'example_subdag_operator']) retrieved from /home/airflow/.local/lib/python3.8/site-packages/airflow/example_dags/example_subdag_operator.py
[2023-09-13T19:18:20.852+0000] {logging_mixin.py:151} INFO - [2023-09-13T19:18:20.852+0000] {dag.py:2915} INFO - Sync 3 DAGs
[2023-09-13T19:18:20.869+0000] {logging_mixin.py:151} INFO - [2023-09-13T19:18:20.869+0000] {dag.py:3696} INFO - Setting next_dagrun for example_subdag_operator to 2022-01-01T00:00:00+00:00, run_after=2022-01-01T00:00:00+00:00
[2023-09-13T19:18:20.872+0000] {logging_mixin.py:151} INFO - [2023-09-13T19:18:20.872+0000] {dag.py:3696} INFO - Setting next_dagrun for example_subdag_operator.section-1 to None, run_after=None
[2023-09-13T19:18:20.873+0000] {logging_mixin.py:151} INFO - [2023-09-13T19:18:20.873+0000] {dag.py:3696} INFO - Setting next_dagrun for example_subdag_operator.section-2 to None, run_after=None
[2023-09-13T19:18:20.878+0000] {logging_mixin.py:151} INFO - [2023-09-13T19:18:20.878+0000] {dag.py:2915} INFO - Sync 2 DAGs
[2023-09-13T19:18:20.881+0000] {logging_mixin.py:151} INFO - [2023-09-13T19:18:20.881+0000] {dag.py:3696} INFO - Setting next_dagrun for example_subdag_operator.section-1 to None, run_after=None
[2023-09-13T19:18:20.882+0000] {logging_mixin.py:151} INFO - [2023-09-13T19:18:20.882+0000] {dag.py:3696} INFO - Setting next_dagrun for example_subdag_operator.section-2 to None, run_after=None
[2023-09-13T19:18:20.889+0000] {processor.py:179} INFO - Processing /home/airflow/.local/lib/python3.8/site-packages/airflow/example_dags/example_subdag_operator.py took 0.079 seconds
[2023-09-13T19:18:51.013+0000] {processor.py:157} INFO - Started process (PID=364) to work on /home/airflow/.local/lib/python3.8/site-packages/airflow/example_dags/example_subdag_operator.py
[2023-09-13T19:18:51.014+0000] {processor.py:829} INFO - Processing file /home/airflow/.local/lib/python3.8/site-packages/airflow/example_dags/example_subdag_operator.py for tasks to queue
[2023-09-13T19:18:51.016+0000] {logging_mixin.py:151} INFO - [2023-09-13T19:18:51.016+0000] {dagbag.py:539} INFO - Filling up the DagBag from /home/airflow/.local/lib/python3.8/site-packages/airflow/example_dags/example_subdag_operator.py
[2023-09-13T19:18:51.040+0000] {processor.py:839} INFO - DAG(s) dict_keys(['example_subdag_operator.section-1', 'example_subdag_operator.section-2', 'example_subdag_operator']) retrieved from /home/airflow/.local/lib/python3.8/site-packages/airflow/example_dags/example_subdag_operator.py
[2023-09-13T19:18:51.052+0000] {logging_mixin.py:151} INFO - [2023-09-13T19:18:51.052+0000] {dag.py:2915} INFO - Sync 3 DAGs
[2023-09-13T19:18:51.068+0000] {logging_mixin.py:151} INFO - [2023-09-13T19:18:51.068+0000] {dag.py:3696} INFO - Setting next_dagrun for example_subdag_operator to 2022-01-01T00:00:00+00:00, run_after=2022-01-01T00:00:00+00:00
[2023-09-13T19:18:51.071+0000] {logging_mixin.py:151} INFO - [2023-09-13T19:18:51.071+0000] {dag.py:3696} INFO - Setting next_dagrun for example_subdag_operator.section-1 to None, run_after=None
[2023-09-13T19:18:51.073+0000] {logging_mixin.py:151} INFO - [2023-09-13T19:18:51.073+0000] {dag.py:3696} INFO - Setting next_dagrun for example_subdag_operator.section-2 to None, run_after=None
[2023-09-13T19:18:51.078+0000] {logging_mixin.py:151} INFO - [2023-09-13T19:18:51.078+0000] {dag.py:2915} INFO - Sync 2 DAGs
[2023-09-13T19:18:51.081+0000] {logging_mixin.py:151} INFO - [2023-09-13T19:18:51.081+0000] {dag.py:3696} INFO - Setting next_dagrun for example_subdag_operator.section-1 to None, run_after=None
[2023-09-13T19:18:51.082+0000] {logging_mixin.py:151} INFO - [2023-09-13T19:18:51.082+0000] {dag.py:3696} INFO - Setting next_dagrun for example_subdag_operator.section-2 to None, run_after=None
[2023-09-13T19:18:51.089+0000] {processor.py:179} INFO - Processing /home/airflow/.local/lib/python3.8/site-packages/airflow/example_dags/example_subdag_operator.py took 0.079 seconds
[2023-09-13T19:19:21.326+0000] {processor.py:157} INFO - Started process (PID=419) to work on /home/airflow/.local/lib/python3.8/site-packages/airflow/example_dags/example_subdag_operator.py
[2023-09-13T19:19:21.327+0000] {processor.py:829} INFO - Processing file /home/airflow/.local/lib/python3.8/site-packages/airflow/example_dags/example_subdag_operator.py for tasks to queue
[2023-09-13T19:19:21.330+0000] {logging_mixin.py:151} INFO - [2023-09-13T19:19:21.330+0000] {dagbag.py:539} INFO - Filling up the DagBag from /home/airflow/.local/lib/python3.8/site-packages/airflow/example_dags/example_subdag_operator.py
[2023-09-13T19:19:21.369+0000] {processor.py:839} INFO - DAG(s) dict_keys(['example_subdag_operator.section-1', 'example_subdag_operator.section-2', 'example_subdag_operator']) retrieved from /home/airflow/.local/lib/python3.8/site-packages/airflow/example_dags/example_subdag_operator.py
[2023-09-13T19:19:21.384+0000] {logging_mixin.py:151} INFO - [2023-09-13T19:19:21.384+0000] {dag.py:2915} INFO - Sync 3 DAGs
[2023-09-13T19:19:21.403+0000] {logging_mixin.py:151} INFO - [2023-09-13T19:19:21.402+0000] {dag.py:3696} INFO - Setting next_dagrun for example_subdag_operator to 2022-01-01T00:00:00+00:00, run_after=2022-01-01T00:00:00+00:00
[2023-09-13T19:19:21.406+0000] {logging_mixin.py:151} INFO - [2023-09-13T19:19:21.405+0000] {dag.py:3696} INFO - Setting next_dagrun for example_subdag_operator.section-1 to None, run_after=None
[2023-09-13T19:19:21.407+0000] {logging_mixin.py:151} INFO - [2023-09-13T19:19:21.407+0000] {dag.py:3696} INFO - Setting next_dagrun for example_subdag_operator.section-2 to None, run_after=None
[2023-09-13T19:19:21.414+0000] {logging_mixin.py:151} INFO - [2023-09-13T19:19:21.413+0000] {dag.py:2915} INFO - Sync 2 DAGs
[2023-09-13T19:19:21.419+0000] {logging_mixin.py:151} INFO - [2023-09-13T19:19:21.419+0000] {dag.py:3696} INFO - Setting next_dagrun for example_subdag_operator.section-1 to None, run_after=None
[2023-09-13T19:19:21.420+0000] {logging_mixin.py:151} INFO - [2023-09-13T19:19:21.420+0000] {dag.py:3696} INFO - Setting next_dagrun for example_subdag_operator.section-2 to None, run_after=None
[2023-09-13T19:19:21.430+0000] {processor.py:179} INFO - Processing /home/airflow/.local/lib/python3.8/site-packages/airflow/example_dags/example_subdag_operator.py took 0.107 seconds
[2023-09-13T19:19:51.630+0000] {processor.py:157} INFO - Started process (PID=473) to work on /home/airflow/.local/lib/python3.8/site-packages/airflow/example_dags/example_subdag_operator.py
[2023-09-13T19:19:51.631+0000] {processor.py:829} INFO - Processing file /home/airflow/.local/lib/python3.8/site-packages/airflow/example_dags/example_subdag_operator.py for tasks to queue
[2023-09-13T19:19:51.634+0000] {logging_mixin.py:151} INFO - [2023-09-13T19:19:51.634+0000] {dagbag.py:539} INFO - Filling up the DagBag from /home/airflow/.local/lib/python3.8/site-packages/airflow/example_dags/example_subdag_operator.py
[2023-09-13T19:19:51.662+0000] {processor.py:839} INFO - DAG(s) dict_keys(['example_subdag_operator.section-1', 'example_subdag_operator.section-2', 'example_subdag_operator']) retrieved from /home/airflow/.local/lib/python3.8/site-packages/airflow/example_dags/example_subdag_operator.py
[2023-09-13T19:19:51.675+0000] {logging_mixin.py:151} INFO - [2023-09-13T19:19:51.675+0000] {dag.py:2915} INFO - Sync 3 DAGs
[2023-09-13T19:19:51.692+0000] {logging_mixin.py:151} INFO - [2023-09-13T19:19:51.692+0000] {dag.py:3696} INFO - Setting next_dagrun for example_subdag_operator to 2022-01-01T00:00:00+00:00, run_after=2022-01-01T00:00:00+00:00
[2023-09-13T19:19:51.696+0000] {logging_mixin.py:151} INFO - [2023-09-13T19:19:51.696+0000] {dag.py:3696} INFO - Setting next_dagrun for example_subdag_operator.section-1 to None, run_after=None
[2023-09-13T19:19:51.699+0000] {logging_mixin.py:151} INFO - [2023-09-13T19:19:51.699+0000] {dag.py:3696} INFO - Setting next_dagrun for example_subdag_operator.section-2 to None, run_after=None
[2023-09-13T19:19:51.705+0000] {logging_mixin.py:151} INFO - [2023-09-13T19:19:51.705+0000] {dag.py:2915} INFO - Sync 2 DAGs
[2023-09-13T19:19:51.709+0000] {logging_mixin.py:151} INFO - [2023-09-13T19:19:51.709+0000] {dag.py:3696} INFO - Setting next_dagrun for example_subdag_operator.section-1 to None, run_after=None
[2023-09-13T19:19:51.710+0000] {logging_mixin.py:151} INFO - [2023-09-13T19:19:51.710+0000] {dag.py:3696} INFO - Setting next_dagrun for example_subdag_operator.section-2 to None, run_after=None
[2023-09-13T19:19:51.718+0000] {processor.py:179} INFO - Processing /home/airflow/.local/lib/python3.8/site-packages/airflow/example_dags/example_subdag_operator.py took 0.092 seconds
[2023-09-13T19:20:21.955+0000] {processor.py:157} INFO - Started process (PID=526) to work on /home/airflow/.local/lib/python3.8/site-packages/airflow/example_dags/example_subdag_operator.py
[2023-09-13T19:20:21.956+0000] {processor.py:829} INFO - Processing file /home/airflow/.local/lib/python3.8/site-packages/airflow/example_dags/example_subdag_operator.py for tasks to queue
[2023-09-13T19:20:21.959+0000] {logging_mixin.py:151} INFO - [2023-09-13T19:20:21.958+0000] {dagbag.py:539} INFO - Filling up the DagBag from /home/airflow/.local/lib/python3.8/site-packages/airflow/example_dags/example_subdag_operator.py
[2023-09-13T19:20:21.984+0000] {processor.py:839} INFO - DAG(s) dict_keys(['example_subdag_operator.section-1', 'example_subdag_operator.section-2', 'example_subdag_operator']) retrieved from /home/airflow/.local/lib/python3.8/site-packages/airflow/example_dags/example_subdag_operator.py
[2023-09-13T19:20:21.996+0000] {logging_mixin.py:151} INFO - [2023-09-13T19:20:21.996+0000] {dag.py:2915} INFO - Sync 3 DAGs
[2023-09-13T19:20:22.013+0000] {logging_mixin.py:151} INFO - [2023-09-13T19:20:22.013+0000] {dag.py:3696} INFO - Setting next_dagrun for example_subdag_operator to 2022-01-01T00:00:00+00:00, run_after=2022-01-01T00:00:00+00:00
[2023-09-13T19:20:22.016+0000] {logging_mixin.py:151} INFO - [2023-09-13T19:20:22.016+0000] {dag.py:3696} INFO - Setting next_dagrun for example_subdag_operator.section-1 to None, run_after=None
[2023-09-13T19:20:22.017+0000] {logging_mixin.py:151} INFO - [2023-09-13T19:20:22.017+0000] {dag.py:3696} INFO - Setting next_dagrun for example_subdag_operator.section-2 to None, run_after=None
[2023-09-13T19:20:22.022+0000] {logging_mixin.py:151} INFO - [2023-09-13T19:20:22.022+0000] {dag.py:2915} INFO - Sync 2 DAGs
[2023-09-13T19:20:22.026+0000] {logging_mixin.py:151} INFO - [2023-09-13T19:20:22.026+0000] {dag.py:3696} INFO - Setting next_dagrun for example_subdag_operator.section-1 to None, run_after=None
[2023-09-13T19:20:22.026+0000] {logging_mixin.py:151} INFO - [2023-09-13T19:20:22.026+0000] {dag.py:3696} INFO - Setting next_dagrun for example_subdag_operator.section-2 to None, run_after=None
[2023-09-13T19:20:22.033+0000] {processor.py:179} INFO - Processing /home/airflow/.local/lib/python3.8/site-packages/airflow/example_dags/example_subdag_operator.py took 0.082 seconds
[2023-09-13T19:20:52.501+0000] {processor.py:157} INFO - Started process (PID=580) to work on /home/airflow/.local/lib/python3.8/site-packages/airflow/example_dags/example_subdag_operator.py
[2023-09-13T19:20:52.502+0000] {processor.py:829} INFO - Processing file /home/airflow/.local/lib/python3.8/site-packages/airflow/example_dags/example_subdag_operator.py for tasks to queue
[2023-09-13T19:20:52.504+0000] {logging_mixin.py:151} INFO - [2023-09-13T19:20:52.504+0000] {dagbag.py:539} INFO - Filling up the DagBag from /home/airflow/.local/lib/python3.8/site-packages/airflow/example_dags/example_subdag_operator.py
[2023-09-13T19:20:52.531+0000] {processor.py:839} INFO - DAG(s) dict_keys(['example_subdag_operator.section-1', 'example_subdag_operator.section-2', 'example_subdag_operator']) retrieved from /home/airflow/.local/lib/python3.8/site-packages/airflow/example_dags/example_subdag_operator.py
[2023-09-13T19:20:52.545+0000] {logging_mixin.py:151} INFO - [2023-09-13T19:20:52.545+0000] {dag.py:2915} INFO - Sync 3 DAGs
[2023-09-13T19:20:52.563+0000] {logging_mixin.py:151} INFO - [2023-09-13T19:20:52.563+0000] {dag.py:3696} INFO - Setting next_dagrun for example_subdag_operator to 2022-01-01T00:00:00+00:00, run_after=2022-01-01T00:00:00+00:00
[2023-09-13T19:20:52.566+0000] {logging_mixin.py:151} INFO - [2023-09-13T19:20:52.566+0000] {dag.py:3696} INFO - Setting next_dagrun for example_subdag_operator.section-1 to None, run_after=None
[2023-09-13T19:20:52.568+0000] {logging_mixin.py:151} INFO - [2023-09-13T19:20:52.568+0000] {dag.py:3696} INFO - Setting next_dagrun for example_subdag_operator.section-2 to None, run_after=None
[2023-09-13T19:20:52.577+0000] {logging_mixin.py:151} INFO - [2023-09-13T19:20:52.577+0000] {dag.py:2915} INFO - Sync 2 DAGs
[2023-09-13T19:20:52.581+0000] {logging_mixin.py:151} INFO - [2023-09-13T19:20:52.581+0000] {dag.py:3696} INFO - Setting next_dagrun for example_subdag_operator.section-1 to None, run_after=None
[2023-09-13T19:20:52.581+0000] {logging_mixin.py:151} INFO - [2023-09-13T19:20:52.581+0000] {dag.py:3696} INFO - Setting next_dagrun for example_subdag_operator.section-2 to None, run_after=None
[2023-09-13T19:20:52.588+0000] {processor.py:179} INFO - Processing /home/airflow/.local/lib/python3.8/site-packages/airflow/example_dags/example_subdag_operator.py took 0.092 seconds
[2023-09-13T19:21:22.786+0000] {processor.py:157} INFO - Started process (PID=634) to work on /home/airflow/.local/lib/python3.8/site-packages/airflow/example_dags/example_subdag_operator.py
[2023-09-13T19:21:22.788+0000] {processor.py:829} INFO - Processing file /home/airflow/.local/lib/python3.8/site-packages/airflow/example_dags/example_subdag_operator.py for tasks to queue
[2023-09-13T19:21:22.790+0000] {logging_mixin.py:151} INFO - [2023-09-13T19:21:22.790+0000] {dagbag.py:539} INFO - Filling up the DagBag from /home/airflow/.local/lib/python3.8/site-packages/airflow/example_dags/example_subdag_operator.py
[2023-09-13T19:21:22.814+0000] {processor.py:839} INFO - DAG(s) dict_keys(['example_subdag_operator.section-1', 'example_subdag_operator.section-2', 'example_subdag_operator']) retrieved from /home/airflow/.local/lib/python3.8/site-packages/airflow/example_dags/example_subdag_operator.py
[2023-09-13T19:21:22.826+0000] {logging_mixin.py:151} INFO - [2023-09-13T19:21:22.825+0000] {dag.py:2915} INFO - Sync 3 DAGs
[2023-09-13T19:21:22.842+0000] {logging_mixin.py:151} INFO - [2023-09-13T19:21:22.841+0000] {dag.py:3696} INFO - Setting next_dagrun for example_subdag_operator to 2022-01-01T00:00:00+00:00, run_after=2022-01-01T00:00:00+00:00
[2023-09-13T19:21:22.844+0000] {logging_mixin.py:151} INFO - [2023-09-13T19:21:22.844+0000] {dag.py:3696} INFO - Setting next_dagrun for example_subdag_operator.section-1 to None, run_after=None
[2023-09-13T19:21:22.846+0000] {logging_mixin.py:151} INFO - [2023-09-13T19:21:22.846+0000] {dag.py:3696} INFO - Setting next_dagrun for example_subdag_operator.section-2 to None, run_after=None
[2023-09-13T19:21:22.851+0000] {logging_mixin.py:151} INFO - [2023-09-13T19:21:22.851+0000] {dag.py:2915} INFO - Sync 2 DAGs
[2023-09-13T19:21:22.856+0000] {logging_mixin.py:151} INFO - [2023-09-13T19:21:22.855+0000] {dag.py:3696} INFO - Setting next_dagrun for example_subdag_operator.section-1 to None, run_after=None
[2023-09-13T19:21:22.856+0000] {logging_mixin.py:151} INFO - [2023-09-13T19:21:22.856+0000] {dag.py:3696} INFO - Setting next_dagrun for example_subdag_operator.section-2 to None, run_after=None
[2023-09-13T19:21:22.864+0000] {processor.py:179} INFO - Processing /home/airflow/.local/lib/python3.8/site-packages/airflow/example_dags/example_subdag_operator.py took 0.081 seconds
[2023-09-13T19:21:53.384+0000] {processor.py:157} INFO - Started process (PID=688) to work on /home/airflow/.local/lib/python3.8/site-packages/airflow/example_dags/example_subdag_operator.py
[2023-09-13T19:21:53.385+0000] {processor.py:829} INFO - Processing file /home/airflow/.local/lib/python3.8/site-packages/airflow/example_dags/example_subdag_operator.py for tasks to queue
[2023-09-13T19:21:53.387+0000] {logging_mixin.py:151} INFO - [2023-09-13T19:21:53.387+0000] {dagbag.py:539} INFO - Filling up the DagBag from /home/airflow/.local/lib/python3.8/site-packages/airflow/example_dags/example_subdag_operator.py
[2023-09-13T19:21:53.411+0000] {processor.py:839} INFO - DAG(s) dict_keys(['example_subdag_operator.section-1', 'example_subdag_operator.section-2', 'example_subdag_operator']) retrieved from /home/airflow/.local/lib/python3.8/site-packages/airflow/example_dags/example_subdag_operator.py
[2023-09-13T19:21:53.423+0000] {logging_mixin.py:151} INFO - [2023-09-13T19:21:53.423+0000] {dag.py:2915} INFO - Sync 3 DAGs
[2023-09-13T19:21:53.448+0000] {logging_mixin.py:151} INFO - [2023-09-13T19:21:53.448+0000] {dag.py:3696} INFO - Setting next_dagrun for example_subdag_operator to 2022-01-01T00:00:00+00:00, run_after=2022-01-01T00:00:00+00:00
[2023-09-13T19:21:53.451+0000] {logging_mixin.py:151} INFO - [2023-09-13T19:21:53.451+0000] {dag.py:3696} INFO - Setting next_dagrun for example_subdag_operator.section-1 to None, run_after=None
[2023-09-13T19:21:53.453+0000] {logging_mixin.py:151} INFO - [2023-09-13T19:21:53.453+0000] {dag.py:3696} INFO - Setting next_dagrun for example_subdag_operator.section-2 to None, run_after=None
[2023-09-13T19:21:53.458+0000] {logging_mixin.py:151} INFO - [2023-09-13T19:21:53.458+0000] {dag.py:2915} INFO - Sync 2 DAGs
[2023-09-13T19:21:53.462+0000] {logging_mixin.py:151} INFO - [2023-09-13T19:21:53.462+0000] {dag.py:3696} INFO - Setting next_dagrun for example_subdag_operator.section-1 to None, run_after=None
[2023-09-13T19:21:53.463+0000] {logging_mixin.py:151} INFO - [2023-09-13T19:21:53.463+0000] {dag.py:3696} INFO - Setting next_dagrun for example_subdag_operator.section-2 to None, run_after=None
[2023-09-13T19:21:53.470+0000] {processor.py:179} INFO - Processing /home/airflow/.local/lib/python3.8/site-packages/airflow/example_dags/example_subdag_operator.py took 0.090 seconds
[2023-09-13T19:22:24.151+0000] {processor.py:157} INFO - Started process (PID=742) to work on /home/airflow/.local/lib/python3.8/site-packages/airflow/example_dags/example_subdag_operator.py
[2023-09-13T19:22:24.153+0000] {processor.py:829} INFO - Processing file /home/airflow/.local/lib/python3.8/site-packages/airflow/example_dags/example_subdag_operator.py for tasks to queue
[2023-09-13T19:22:24.156+0000] {logging_mixin.py:151} INFO - [2023-09-13T19:22:24.155+0000] {dagbag.py:539} INFO - Filling up the DagBag from /home/airflow/.local/lib/python3.8/site-packages/airflow/example_dags/example_subdag_operator.py
[2023-09-13T19:22:24.192+0000] {processor.py:839} INFO - DAG(s) dict_keys(['example_subdag_operator.section-1', 'example_subdag_operator.section-2', 'example_subdag_operator']) retrieved from /home/airflow/.local/lib/python3.8/site-packages/airflow/example_dags/example_subdag_operator.py
[2023-09-13T19:22:24.205+0000] {logging_mixin.py:151} INFO - [2023-09-13T19:22:24.205+0000] {dag.py:2915} INFO - Sync 3 DAGs
[2023-09-13T19:22:24.223+0000] {logging_mixin.py:151} INFO - [2023-09-13T19:22:24.222+0000] {dag.py:3696} INFO - Setting next_dagrun for example_subdag_operator to 2022-01-01T00:00:00+00:00, run_after=2022-01-01T00:00:00+00:00
[2023-09-13T19:22:24.226+0000] {logging_mixin.py:151} INFO - [2023-09-13T19:22:24.226+0000] {dag.py:3696} INFO - Setting next_dagrun for example_subdag_operator.section-1 to None, run_after=None
[2023-09-13T19:22:24.228+0000] {logging_mixin.py:151} INFO - [2023-09-13T19:22:24.227+0000] {dag.py:3696} INFO - Setting next_dagrun for example_subdag_operator.section-2 to None, run_after=None
[2023-09-13T19:22:24.233+0000] {logging_mixin.py:151} INFO - [2023-09-13T19:22:24.233+0000] {dag.py:2915} INFO - Sync 2 DAGs
[2023-09-13T19:22:24.238+0000] {logging_mixin.py:151} INFO - [2023-09-13T19:22:24.238+0000] {dag.py:3696} INFO - Setting next_dagrun for example_subdag_operator.section-1 to None, run_after=None
[2023-09-13T19:22:24.239+0000] {logging_mixin.py:151} INFO - [2023-09-13T19:22:24.239+0000] {dag.py:3696} INFO - Setting next_dagrun for example_subdag_operator.section-2 to None, run_after=None
[2023-09-13T19:22:24.246+0000] {processor.py:179} INFO - Processing /home/airflow/.local/lib/python3.8/site-packages/airflow/example_dags/example_subdag_operator.py took 0.098 seconds
[2023-09-13T19:22:54.464+0000] {processor.py:157} INFO - Started process (PID=796) to work on /home/airflow/.local/lib/python3.8/site-packages/airflow/example_dags/example_subdag_operator.py
[2023-09-13T19:22:54.465+0000] {processor.py:829} INFO - Processing file /home/airflow/.local/lib/python3.8/site-packages/airflow/example_dags/example_subdag_operator.py for tasks to queue
[2023-09-13T19:22:54.467+0000] {logging_mixin.py:151} INFO - [2023-09-13T19:22:54.467+0000] {dagbag.py:539} INFO - Filling up the DagBag from /home/airflow/.local/lib/python3.8/site-packages/airflow/example_dags/example_subdag_operator.py
[2023-09-13T19:22:54.493+0000] {processor.py:839} INFO - DAG(s) dict_keys(['example_subdag_operator.section-1', 'example_subdag_operator.section-2', 'example_subdag_operator']) retrieved from /home/airflow/.local/lib/python3.8/site-packages/airflow/example_dags/example_subdag_operator.py
[2023-09-13T19:22:54.509+0000] {logging_mixin.py:151} INFO - [2023-09-13T19:22:54.509+0000] {dag.py:2915} INFO - Sync 3 DAGs
[2023-09-13T19:22:54.527+0000] {logging_mixin.py:151} INFO - [2023-09-13T19:22:54.527+0000] {dag.py:3696} INFO - Setting next_dagrun for example_subdag_operator to 2022-01-01T00:00:00+00:00, run_after=2022-01-01T00:00:00+00:00
[2023-09-13T19:22:54.530+0000] {logging_mixin.py:151} INFO - [2023-09-13T19:22:54.530+0000] {dag.py:3696} INFO - Setting next_dagrun for example_subdag_operator.section-1 to None, run_after=None
[2023-09-13T19:22:54.532+0000] {logging_mixin.py:151} INFO - [2023-09-13T19:22:54.532+0000] {dag.py:3696} INFO - Setting next_dagrun for example_subdag_operator.section-2 to None, run_after=None
[2023-09-13T19:22:54.537+0000] {logging_mixin.py:151} INFO - [2023-09-13T19:22:54.537+0000] {dag.py:2915} INFO - Sync 2 DAGs
[2023-09-13T19:22:54.541+0000] {logging_mixin.py:151} INFO - [2023-09-13T19:22:54.541+0000] {dag.py:3696} INFO - Setting next_dagrun for example_subdag_operator.section-1 to None, run_after=None
[2023-09-13T19:22:54.542+0000] {logging_mixin.py:151} INFO - [2023-09-13T19:22:54.542+0000] {dag.py:3696} INFO - Setting next_dagrun for example_subdag_operator.section-2 to None, run_after=None
[2023-09-13T19:22:54.550+0000] {processor.py:179} INFO - Processing /home/airflow/.local/lib/python3.8/site-packages/airflow/example_dags/example_subdag_operator.py took 0.089 seconds
[2023-09-13T19:23:24.774+0000] {processor.py:157} INFO - Started process (PID=850) to work on /home/airflow/.local/lib/python3.8/site-packages/airflow/example_dags/example_subdag_operator.py
[2023-09-13T19:23:24.776+0000] {processor.py:829} INFO - Processing file /home/airflow/.local/lib/python3.8/site-packages/airflow/example_dags/example_subdag_operator.py for tasks to queue
[2023-09-13T19:23:24.780+0000] {logging_mixin.py:151} INFO - [2023-09-13T19:23:24.779+0000] {dagbag.py:539} INFO - Filling up the DagBag from /home/airflow/.local/lib/python3.8/site-packages/airflow/example_dags/example_subdag_operator.py
[2023-09-13T19:23:24.817+0000] {processor.py:839} INFO - DAG(s) dict_keys(['example_subdag_operator.section-1', 'example_subdag_operator.section-2', 'example_subdag_operator']) retrieved from /home/airflow/.local/lib/python3.8/site-packages/airflow/example_dags/example_subdag_operator.py
[2023-09-13T19:23:24.834+0000] {logging_mixin.py:151} INFO - [2023-09-13T19:23:24.834+0000] {dag.py:2915} INFO - Sync 3 DAGs
[2023-09-13T19:23:24.858+0000] {logging_mixin.py:151} INFO - [2023-09-13T19:23:24.858+0000] {dag.py:3696} INFO - Setting next_dagrun for example_subdag_operator to 2022-01-01T00:00:00+00:00, run_after=2022-01-01T00:00:00+00:00
[2023-09-13T19:23:24.862+0000] {logging_mixin.py:151} INFO - [2023-09-13T19:23:24.862+0000] {dag.py:3696} INFO - Setting next_dagrun for example_subdag_operator.section-1 to None, run_after=None
[2023-09-13T19:23:24.865+0000] {logging_mixin.py:151} INFO - [2023-09-13T19:23:24.864+0000] {dag.py:3696} INFO - Setting next_dagrun for example_subdag_operator.section-2 to None, run_after=None
[2023-09-13T19:23:24.872+0000] {logging_mixin.py:151} INFO - [2023-09-13T19:23:24.871+0000] {dag.py:2915} INFO - Sync 2 DAGs
[2023-09-13T19:23:24.876+0000] {logging_mixin.py:151} INFO - [2023-09-13T19:23:24.876+0000] {dag.py:3696} INFO - Setting next_dagrun for example_subdag_operator.section-1 to None, run_after=None
[2023-09-13T19:23:24.877+0000] {logging_mixin.py:151} INFO - [2023-09-13T19:23:24.877+0000] {dag.py:3696} INFO - Setting next_dagrun for example_subdag_operator.section-2 to None, run_after=None
[2023-09-13T19:23:24.885+0000] {processor.py:179} INFO - Processing /home/airflow/.local/lib/python3.8/site-packages/airflow/example_dags/example_subdag_operator.py took 0.116 seconds
[2023-09-13T19:23:54.986+0000] {processor.py:157} INFO - Started process (PID=904) to work on /home/airflow/.local/lib/python3.8/site-packages/airflow/example_dags/example_subdag_operator.py
[2023-09-13T19:23:54.987+0000] {processor.py:829} INFO - Processing file /home/airflow/.local/lib/python3.8/site-packages/airflow/example_dags/example_subdag_operator.py for tasks to queue
[2023-09-13T19:23:54.990+0000] {logging_mixin.py:151} INFO - [2023-09-13T19:23:54.989+0000] {dagbag.py:539} INFO - Filling up the DagBag from /home/airflow/.local/lib/python3.8/site-packages/airflow/example_dags/example_subdag_operator.py
[2023-09-13T19:23:55.017+0000] {processor.py:839} INFO - DAG(s) dict_keys(['example_subdag_operator.section-1', 'example_subdag_operator.section-2', 'example_subdag_operator']) retrieved from /home/airflow/.local/lib/python3.8/site-packages/airflow/example_dags/example_subdag_operator.py
[2023-09-13T19:23:55.030+0000] {logging_mixin.py:151} INFO - [2023-09-13T19:23:55.030+0000] {dag.py:2915} INFO - Sync 3 DAGs
[2023-09-13T19:23:55.049+0000] {logging_mixin.py:151} INFO - [2023-09-13T19:23:55.049+0000] {dag.py:3696} INFO - Setting next_dagrun for example_subdag_operator to 2022-01-01T00:00:00+00:00, run_after=2022-01-01T00:00:00+00:00
[2023-09-13T19:23:55.052+0000] {logging_mixin.py:151} INFO - [2023-09-13T19:23:55.052+0000] {dag.py:3696} INFO - Setting next_dagrun for example_subdag_operator.section-1 to None, run_after=None
[2023-09-13T19:23:55.054+0000] {logging_mixin.py:151} INFO - [2023-09-13T19:23:55.054+0000] {dag.py:3696} INFO - Setting next_dagrun for example_subdag_operator.section-2 to None, run_after=None
[2023-09-13T19:23:55.059+0000] {logging_mixin.py:151} INFO - [2023-09-13T19:23:55.059+0000] {dag.py:2915} INFO - Sync 2 DAGs
[2023-09-13T19:23:55.063+0000] {logging_mixin.py:151} INFO - [2023-09-13T19:23:55.062+0000] {dag.py:3696} INFO - Setting next_dagrun for example_subdag_operator.section-1 to None, run_after=None
[2023-09-13T19:23:55.063+0000] {logging_mixin.py:151} INFO - [2023-09-13T19:23:55.063+0000] {dag.py:3696} INFO - Setting next_dagrun for example_subdag_operator.section-2 to None, run_after=None
[2023-09-13T19:23:55.071+0000] {processor.py:179} INFO - Processing /home/airflow/.local/lib/python3.8/site-packages/airflow/example_dags/example_subdag_operator.py took 0.089 seconds
[2023-09-13T19:24:25.123+0000] {processor.py:157} INFO - Started process (PID=958) to work on /home/airflow/.local/lib/python3.8/site-packages/airflow/example_dags/example_subdag_operator.py
[2023-09-13T19:24:25.124+0000] {processor.py:829} INFO - Processing file /home/airflow/.local/lib/python3.8/site-packages/airflow/example_dags/example_subdag_operator.py for tasks to queue
[2023-09-13T19:24:25.126+0000] {logging_mixin.py:151} INFO - [2023-09-13T19:24:25.126+0000] {dagbag.py:539} INFO - Filling up the DagBag from /home/airflow/.local/lib/python3.8/site-packages/airflow/example_dags/example_subdag_operator.py
[2023-09-13T19:24:25.150+0000] {processor.py:839} INFO - DAG(s) dict_keys(['example_subdag_operator.section-1', 'example_subdag_operator.section-2', 'example_subdag_operator']) retrieved from /home/airflow/.local/lib/python3.8/site-packages/airflow/example_dags/example_subdag_operator.py
[2023-09-13T19:24:25.162+0000] {logging_mixin.py:151} INFO - [2023-09-13T19:24:25.162+0000] {dag.py:2915} INFO - Sync 3 DAGs
[2023-09-13T19:24:25.178+0000] {logging_mixin.py:151} INFO - [2023-09-13T19:24:25.178+0000] {dag.py:3696} INFO - Setting next_dagrun for example_subdag_operator to 2022-01-01T00:00:00+00:00, run_after=2022-01-01T00:00:00+00:00
[2023-09-13T19:24:25.181+0000] {logging_mixin.py:151} INFO - [2023-09-13T19:24:25.181+0000] {dag.py:3696} INFO - Setting next_dagrun for example_subdag_operator.section-1 to None, run_after=None
[2023-09-13T19:24:25.182+0000] {logging_mixin.py:151} INFO - [2023-09-13T19:24:25.182+0000] {dag.py:3696} INFO - Setting next_dagrun for example_subdag_operator.section-2 to None, run_after=None
[2023-09-13T19:24:25.187+0000] {logging_mixin.py:151} INFO - [2023-09-13T19:24:25.187+0000] {dag.py:2915} INFO - Sync 2 DAGs
[2023-09-13T19:24:25.191+0000] {logging_mixin.py:151} INFO - [2023-09-13T19:24:25.191+0000] {dag.py:3696} INFO - Setting next_dagrun for example_subdag_operator.section-1 to None, run_after=None
[2023-09-13T19:24:25.191+0000] {logging_mixin.py:151} INFO - [2023-09-13T19:24:25.191+0000] {dag.py:3696} INFO - Setting next_dagrun for example_subdag_operator.section-2 to None, run_after=None
[2023-09-13T19:24:25.199+0000] {processor.py:179} INFO - Processing /home/airflow/.local/lib/python3.8/site-packages/airflow/example_dags/example_subdag_operator.py took 0.079 seconds
[2023-09-13T19:24:55.454+0000] {processor.py:157} INFO - Started process (PID=1013) to work on /home/airflow/.local/lib/python3.8/site-packages/airflow/example_dags/example_subdag_operator.py
[2023-09-13T19:24:55.457+0000] {processor.py:829} INFO - Processing file /home/airflow/.local/lib/python3.8/site-packages/airflow/example_dags/example_subdag_operator.py for tasks to queue
[2023-09-13T19:24:55.462+0000] {logging_mixin.py:151} INFO - [2023-09-13T19:24:55.461+0000] {dagbag.py:539} INFO - Filling up the DagBag from /home/airflow/.local/lib/python3.8/site-packages/airflow/example_dags/example_subdag_operator.py
[2023-09-13T19:24:55.489+0000] {processor.py:839} INFO - DAG(s) dict_keys(['example_subdag_operator.section-1', 'example_subdag_operator.section-2', 'example_subdag_operator']) retrieved from /home/airflow/.local/lib/python3.8/site-packages/airflow/example_dags/example_subdag_operator.py
[2023-09-13T19:24:55.501+0000] {logging_mixin.py:151} INFO - [2023-09-13T19:24:55.501+0000] {dag.py:2915} INFO - Sync 3 DAGs
[2023-09-13T19:24:55.518+0000] {logging_mixin.py:151} INFO - [2023-09-13T19:24:55.518+0000] {dag.py:3696} INFO - Setting next_dagrun for example_subdag_operator to 2022-01-01T00:00:00+00:00, run_after=2022-01-01T00:00:00+00:00
[2023-09-13T19:24:55.522+0000] {logging_mixin.py:151} INFO - [2023-09-13T19:24:55.522+0000] {dag.py:3696} INFO - Setting next_dagrun for example_subdag_operator.section-1 to None, run_after=None
[2023-09-13T19:24:55.523+0000] {logging_mixin.py:151} INFO - [2023-09-13T19:24:55.523+0000] {dag.py:3696} INFO - Setting next_dagrun for example_subdag_operator.section-2 to None, run_after=None
[2023-09-13T19:24:55.529+0000] {logging_mixin.py:151} INFO - [2023-09-13T19:24:55.529+0000] {dag.py:2915} INFO - Sync 2 DAGs
[2023-09-13T19:24:55.533+0000] {logging_mixin.py:151} INFO - [2023-09-13T19:24:55.533+0000] {dag.py:3696} INFO - Setting next_dagrun for example_subdag_operator.section-1 to None, run_after=None
[2023-09-13T19:24:55.533+0000] {logging_mixin.py:151} INFO - [2023-09-13T19:24:55.533+0000] {dag.py:3696} INFO - Setting next_dagrun for example_subdag_operator.section-2 to None, run_after=None
[2023-09-13T19:24:55.540+0000] {processor.py:179} INFO - Processing /home/airflow/.local/lib/python3.8/site-packages/airflow/example_dags/example_subdag_operator.py took 0.089 seconds
[2023-09-13T19:25:25.665+0000] {processor.py:157} INFO - Started process (PID=1066) to work on /home/airflow/.local/lib/python3.8/site-packages/airflow/example_dags/example_subdag_operator.py
[2023-09-13T19:25:25.667+0000] {processor.py:829} INFO - Processing file /home/airflow/.local/lib/python3.8/site-packages/airflow/example_dags/example_subdag_operator.py for tasks to queue
[2023-09-13T19:25:25.670+0000] {logging_mixin.py:151} INFO - [2023-09-13T19:25:25.670+0000] {dagbag.py:539} INFO - Filling up the DagBag from /home/airflow/.local/lib/python3.8/site-packages/airflow/example_dags/example_subdag_operator.py
[2023-09-13T19:25:25.700+0000] {processor.py:839} INFO - DAG(s) dict_keys(['example_subdag_operator.section-1', 'example_subdag_operator.section-2', 'example_subdag_operator']) retrieved from /home/airflow/.local/lib/python3.8/site-packages/airflow/example_dags/example_subdag_operator.py
[2023-09-13T19:25:25.715+0000] {logging_mixin.py:151} INFO - [2023-09-13T19:25:25.715+0000] {dag.py:2915} INFO - Sync 3 DAGs
[2023-09-13T19:25:25.733+0000] {logging_mixin.py:151} INFO - [2023-09-13T19:25:25.733+0000] {dag.py:3696} INFO - Setting next_dagrun for example_subdag_operator to 2022-01-01T00:00:00+00:00, run_after=2022-01-01T00:00:00+00:00
[2023-09-13T19:25:25.736+0000] {logging_mixin.py:151} INFO - [2023-09-13T19:25:25.736+0000] {dag.py:3696} INFO - Setting next_dagrun for example_subdag_operator.section-1 to None, run_after=None
[2023-09-13T19:25:25.738+0000] {logging_mixin.py:151} INFO - [2023-09-13T19:25:25.738+0000] {dag.py:3696} INFO - Setting next_dagrun for example_subdag_operator.section-2 to None, run_after=None
[2023-09-13T19:25:25.743+0000] {logging_mixin.py:151} INFO - [2023-09-13T19:25:25.743+0000] {dag.py:2915} INFO - Sync 2 DAGs
[2023-09-13T19:25:25.747+0000] {logging_mixin.py:151} INFO - [2023-09-13T19:25:25.747+0000] {dag.py:3696} INFO - Setting next_dagrun for example_subdag_operator.section-1 to None, run_after=None
[2023-09-13T19:25:25.748+0000] {logging_mixin.py:151} INFO - [2023-09-13T19:25:25.748+0000] {dag.py:3696} INFO - Setting next_dagrun for example_subdag_operator.section-2 to None, run_after=None
[2023-09-13T19:25:25.757+0000] {processor.py:179} INFO - Processing /home/airflow/.local/lib/python3.8/site-packages/airflow/example_dags/example_subdag_operator.py took 0.096 seconds
[2023-09-13T19:25:56.687+0000] {processor.py:157} INFO - Started process (PID=1121) to work on /home/airflow/.local/lib/python3.8/site-packages/airflow/example_dags/example_subdag_operator.py
[2023-09-13T19:25:56.689+0000] {processor.py:829} INFO - Processing file /home/airflow/.local/lib/python3.8/site-packages/airflow/example_dags/example_subdag_operator.py for tasks to queue
[2023-09-13T19:25:56.692+0000] {logging_mixin.py:151} INFO - [2023-09-13T19:25:56.691+0000] {dagbag.py:539} INFO - Filling up the DagBag from /home/airflow/.local/lib/python3.8/site-packages/airflow/example_dags/example_subdag_operator.py
[2023-09-13T19:25:56.721+0000] {processor.py:839} INFO - DAG(s) dict_keys(['example_subdag_operator.section-1', 'example_subdag_operator.section-2', 'example_subdag_operator']) retrieved from /home/airflow/.local/lib/python3.8/site-packages/airflow/example_dags/example_subdag_operator.py
[2023-09-13T19:25:56.735+0000] {logging_mixin.py:151} INFO - [2023-09-13T19:25:56.735+0000] {dag.py:2915} INFO - Sync 3 DAGs
[2023-09-13T19:25:56.753+0000] {logging_mixin.py:151} INFO - [2023-09-13T19:25:56.753+0000] {dag.py:3696} INFO - Setting next_dagrun for example_subdag_operator to 2022-01-01T00:00:00+00:00, run_after=2022-01-01T00:00:00+00:00
[2023-09-13T19:25:56.756+0000] {logging_mixin.py:151} INFO - [2023-09-13T19:25:56.755+0000] {dag.py:3696} INFO - Setting next_dagrun for example_subdag_operator.section-1 to None, run_after=None
[2023-09-13T19:25:56.757+0000] {logging_mixin.py:151} INFO - [2023-09-13T19:25:56.757+0000] {dag.py:3696} INFO - Setting next_dagrun for example_subdag_operator.section-2 to None, run_after=None
[2023-09-13T19:25:56.762+0000] {logging_mixin.py:151} INFO - [2023-09-13T19:25:56.762+0000] {dag.py:2915} INFO - Sync 2 DAGs
[2023-09-13T19:25:56.765+0000] {logging_mixin.py:151} INFO - [2023-09-13T19:25:56.765+0000] {dag.py:3696} INFO - Setting next_dagrun for example_subdag_operator.section-1 to None, run_after=None
[2023-09-13T19:25:56.766+0000] {logging_mixin.py:151} INFO - [2023-09-13T19:25:56.766+0000] {dag.py:3696} INFO - Setting next_dagrun for example_subdag_operator.section-2 to None, run_after=None
[2023-09-13T19:25:56.773+0000] {processor.py:179} INFO - Processing /home/airflow/.local/lib/python3.8/site-packages/airflow/example_dags/example_subdag_operator.py took 0.089 seconds
[2023-09-13T19:26:26.933+0000] {processor.py:157} INFO - Started process (PID=1177) to work on /home/airflow/.local/lib/python3.8/site-packages/airflow/example_dags/example_subdag_operator.py
[2023-09-13T19:26:26.937+0000] {processor.py:829} INFO - Processing file /home/airflow/.local/lib/python3.8/site-packages/airflow/example_dags/example_subdag_operator.py for tasks to queue
[2023-09-13T19:26:26.941+0000] {logging_mixin.py:151} INFO - [2023-09-13T19:26:26.940+0000] {dagbag.py:539} INFO - Filling up the DagBag from /home/airflow/.local/lib/python3.8/site-packages/airflow/example_dags/example_subdag_operator.py
[2023-09-13T19:26:26.967+0000] {processor.py:839} INFO - DAG(s) dict_keys(['example_subdag_operator.section-1', 'example_subdag_operator.section-2', 'example_subdag_operator']) retrieved from /home/airflow/.local/lib/python3.8/site-packages/airflow/example_dags/example_subdag_operator.py
[2023-09-13T19:26:26.980+0000] {logging_mixin.py:151} INFO - [2023-09-13T19:26:26.980+0000] {dag.py:2915} INFO - Sync 3 DAGs
[2023-09-13T19:26:26.996+0000] {logging_mixin.py:151} INFO - [2023-09-13T19:26:26.996+0000] {dag.py:3696} INFO - Setting next_dagrun for example_subdag_operator to 2022-01-01T00:00:00+00:00, run_after=2022-01-01T00:00:00+00:00
[2023-09-13T19:26:27.001+0000] {logging_mixin.py:151} INFO - [2023-09-13T19:26:27.000+0000] {dag.py:3696} INFO - Setting next_dagrun for example_subdag_operator.section-1 to None, run_after=None
[2023-09-13T19:26:27.003+0000] {logging_mixin.py:151} INFO - [2023-09-13T19:26:27.003+0000] {dag.py:3696} INFO - Setting next_dagrun for example_subdag_operator.section-2 to None, run_after=None
[2023-09-13T19:26:27.009+0000] {logging_mixin.py:151} INFO - [2023-09-13T19:26:27.009+0000] {dag.py:2915} INFO - Sync 2 DAGs
[2023-09-13T19:26:27.013+0000] {logging_mixin.py:151} INFO - [2023-09-13T19:26:27.013+0000] {dag.py:3696} INFO - Setting next_dagrun for example_subdag_operator.section-1 to None, run_after=None
[2023-09-13T19:26:27.014+0000] {logging_mixin.py:151} INFO - [2023-09-13T19:26:27.014+0000] {dag.py:3696} INFO - Setting next_dagrun for example_subdag_operator.section-2 to None, run_after=None
[2023-09-13T19:26:27.022+0000] {processor.py:179} INFO - Processing /home/airflow/.local/lib/python3.8/site-packages/airflow/example_dags/example_subdag_operator.py took 0.093 seconds
[2023-09-13T19:26:57.524+0000] {processor.py:157} INFO - Started process (PID=1233) to work on /home/airflow/.local/lib/python3.8/site-packages/airflow/example_dags/example_subdag_operator.py
[2023-09-13T19:26:57.526+0000] {processor.py:829} INFO - Processing file /home/airflow/.local/lib/python3.8/site-packages/airflow/example_dags/example_subdag_operator.py for tasks to queue
[2023-09-13T19:26:57.528+0000] {logging_mixin.py:151} INFO - [2023-09-13T19:26:57.528+0000] {dagbag.py:539} INFO - Filling up the DagBag from /home/airflow/.local/lib/python3.8/site-packages/airflow/example_dags/example_subdag_operator.py
[2023-09-13T19:26:57.553+0000] {processor.py:839} INFO - DAG(s) dict_keys(['example_subdag_operator.section-1', 'example_subdag_operator.section-2', 'example_subdag_operator']) retrieved from /home/airflow/.local/lib/python3.8/site-packages/airflow/example_dags/example_subdag_operator.py
[2023-09-13T19:26:57.565+0000] {logging_mixin.py:151} INFO - [2023-09-13T19:26:57.565+0000] {dag.py:2915} INFO - Sync 3 DAGs
[2023-09-13T19:26:57.581+0000] {logging_mixin.py:151} INFO - [2023-09-13T19:26:57.581+0000] {dag.py:3696} INFO - Setting next_dagrun for example_subdag_operator to 2022-01-01T00:00:00+00:00, run_after=2022-01-01T00:00:00+00:00
[2023-09-13T19:26:57.584+0000] {logging_mixin.py:151} INFO - [2023-09-13T19:26:57.584+0000] {dag.py:3696} INFO - Setting next_dagrun for example_subdag_operator.section-1 to None, run_after=None
[2023-09-13T19:26:57.585+0000] {logging_mixin.py:151} INFO - [2023-09-13T19:26:57.585+0000] {dag.py:3696} INFO - Setting next_dagrun for example_subdag_operator.section-2 to None, run_after=None
[2023-09-13T19:26:57.590+0000] {logging_mixin.py:151} INFO - [2023-09-13T19:26:57.590+0000] {dag.py:2915} INFO - Sync 2 DAGs
[2023-09-13T19:26:57.594+0000] {logging_mixin.py:151} INFO - [2023-09-13T19:26:57.594+0000] {dag.py:3696} INFO - Setting next_dagrun for example_subdag_operator.section-1 to None, run_after=None
[2023-09-13T19:26:57.595+0000] {logging_mixin.py:151} INFO - [2023-09-13T19:26:57.594+0000] {dag.py:3696} INFO - Setting next_dagrun for example_subdag_operator.section-2 to None, run_after=None
[2023-09-13T19:26:57.601+0000] {processor.py:179} INFO - Processing /home/airflow/.local/lib/python3.8/site-packages/airflow/example_dags/example_subdag_operator.py took 0.080 seconds
[2023-09-13T19:28:13.707+0000] {processor.py:157} INFO - Started process (PID=42) to work on /home/airflow/.local/lib/python3.8/site-packages/airflow/example_dags/example_subdag_operator.py
[2023-09-13T19:28:13.709+0000] {processor.py:829} INFO - Processing file /home/airflow/.local/lib/python3.8/site-packages/airflow/example_dags/example_subdag_operator.py for tasks to queue
[2023-09-13T19:28:13.713+0000] {logging_mixin.py:151} INFO - [2023-09-13T19:28:13.712+0000] {dagbag.py:539} INFO - Filling up the DagBag from /home/airflow/.local/lib/python3.8/site-packages/airflow/example_dags/example_subdag_operator.py
[2023-09-13T19:28:13.768+0000] {processor.py:839} INFO - DAG(s) dict_keys(['example_subdag_operator.section-1', 'example_subdag_operator.section-2', 'example_subdag_operator']) retrieved from /home/airflow/.local/lib/python3.8/site-packages/airflow/example_dags/example_subdag_operator.py
[2023-09-13T19:28:13.778+0000] {logging_mixin.py:151} INFO - [2023-09-13T19:28:13.777+0000] {dag.py:2915} INFO - Sync 3 DAGs
[2023-09-13T19:28:13.814+0000] {logging_mixin.py:151} INFO - [2023-09-13T19:28:13.814+0000] {dag.py:3696} INFO - Setting next_dagrun for example_subdag_operator to 2022-01-01T00:00:00+00:00, run_after=2022-01-01T00:00:00+00:00
[2023-09-13T19:28:13.821+0000] {logging_mixin.py:151} INFO - [2023-09-13T19:28:13.821+0000] {dag.py:3696} INFO - Setting next_dagrun for example_subdag_operator.section-1 to None, run_after=None
[2023-09-13T19:28:13.829+0000] {logging_mixin.py:151} INFO - [2023-09-13T19:28:13.829+0000] {dag.py:3696} INFO - Setting next_dagrun for example_subdag_operator.section-2 to None, run_after=None
[2023-09-13T19:28:13.838+0000] {logging_mixin.py:151} INFO - [2023-09-13T19:28:13.838+0000] {dag.py:2915} INFO - Sync 2 DAGs
[2023-09-13T19:28:13.846+0000] {logging_mixin.py:151} INFO - [2023-09-13T19:28:13.845+0000] {dag.py:3696} INFO - Setting next_dagrun for example_subdag_operator.section-1 to None, run_after=None
[2023-09-13T19:28:13.847+0000] {logging_mixin.py:151} INFO - [2023-09-13T19:28:13.847+0000] {dag.py:3696} INFO - Setting next_dagrun for example_subdag_operator.section-2 to None, run_after=None
[2023-09-13T19:28:13.858+0000] {processor.py:179} INFO - Processing /home/airflow/.local/lib/python3.8/site-packages/airflow/example_dags/example_subdag_operator.py took 0.156 seconds
[2023-09-13T19:28:44.168+0000] {processor.py:157} INFO - Started process (PID=97) to work on /home/airflow/.local/lib/python3.8/site-packages/airflow/example_dags/example_subdag_operator.py
[2023-09-13T19:28:44.170+0000] {processor.py:829} INFO - Processing file /home/airflow/.local/lib/python3.8/site-packages/airflow/example_dags/example_subdag_operator.py for tasks to queue
[2023-09-13T19:28:44.172+0000] {logging_mixin.py:151} INFO - [2023-09-13T19:28:44.172+0000] {dagbag.py:539} INFO - Filling up the DagBag from /home/airflow/.local/lib/python3.8/site-packages/airflow/example_dags/example_subdag_operator.py
[2023-09-13T19:28:44.197+0000] {processor.py:839} INFO - DAG(s) dict_keys(['example_subdag_operator.section-1', 'example_subdag_operator.section-2', 'example_subdag_operator']) retrieved from /home/airflow/.local/lib/python3.8/site-packages/airflow/example_dags/example_subdag_operator.py
[2023-09-13T19:28:44.209+0000] {logging_mixin.py:151} INFO - [2023-09-13T19:28:44.209+0000] {dag.py:2915} INFO - Sync 3 DAGs
[2023-09-13T19:28:44.226+0000] {logging_mixin.py:151} INFO - [2023-09-13T19:28:44.226+0000] {dag.py:3696} INFO - Setting next_dagrun for example_subdag_operator to 2022-01-01T00:00:00+00:00, run_after=2022-01-01T00:00:00+00:00
[2023-09-13T19:28:44.229+0000] {logging_mixin.py:151} INFO - [2023-09-13T19:28:44.229+0000] {dag.py:3696} INFO - Setting next_dagrun for example_subdag_operator.section-1 to None, run_after=None
[2023-09-13T19:28:44.231+0000] {logging_mixin.py:151} INFO - [2023-09-13T19:28:44.231+0000] {dag.py:3696} INFO - Setting next_dagrun for example_subdag_operator.section-2 to None, run_after=None
[2023-09-13T19:28:44.236+0000] {logging_mixin.py:151} INFO - [2023-09-13T19:28:44.236+0000] {dag.py:2915} INFO - Sync 2 DAGs
[2023-09-13T19:28:44.240+0000] {logging_mixin.py:151} INFO - [2023-09-13T19:28:44.240+0000] {dag.py:3696} INFO - Setting next_dagrun for example_subdag_operator.section-1 to None, run_after=None
[2023-09-13T19:28:44.240+0000] {logging_mixin.py:151} INFO - [2023-09-13T19:28:44.240+0000] {dag.py:3696} INFO - Setting next_dagrun for example_subdag_operator.section-2 to None, run_after=None
[2023-09-13T19:28:44.247+0000] {processor.py:179} INFO - Processing /home/airflow/.local/lib/python3.8/site-packages/airflow/example_dags/example_subdag_operator.py took 0.082 seconds
[2023-09-13T19:29:14.500+0000] {processor.py:157} INFO - Started process (PID=152) to work on /home/airflow/.local/lib/python3.8/site-packages/airflow/example_dags/example_subdag_operator.py
[2023-09-13T19:29:14.502+0000] {processor.py:829} INFO - Processing file /home/airflow/.local/lib/python3.8/site-packages/airflow/example_dags/example_subdag_operator.py for tasks to queue
[2023-09-13T19:29:14.504+0000] {logging_mixin.py:151} INFO - [2023-09-13T19:29:14.504+0000] {dagbag.py:539} INFO - Filling up the DagBag from /home/airflow/.local/lib/python3.8/site-packages/airflow/example_dags/example_subdag_operator.py
[2023-09-13T19:29:14.550+0000] {processor.py:839} INFO - DAG(s) dict_keys(['example_subdag_operator.section-1', 'example_subdag_operator.section-2', 'example_subdag_operator']) retrieved from /home/airflow/.local/lib/python3.8/site-packages/airflow/example_dags/example_subdag_operator.py
[2023-09-13T19:29:14.570+0000] {logging_mixin.py:151} INFO - [2023-09-13T19:29:14.570+0000] {dag.py:2915} INFO - Sync 3 DAGs
[2023-09-13T19:29:14.595+0000] {logging_mixin.py:151} INFO - [2023-09-13T19:29:14.594+0000] {dag.py:3696} INFO - Setting next_dagrun for example_subdag_operator to 2022-01-01T00:00:00+00:00, run_after=2022-01-01T00:00:00+00:00
[2023-09-13T19:29:14.599+0000] {logging_mixin.py:151} INFO - [2023-09-13T19:29:14.599+0000] {dag.py:3696} INFO - Setting next_dagrun for example_subdag_operator.section-1 to None, run_after=None
[2023-09-13T19:29:14.601+0000] {logging_mixin.py:151} INFO - [2023-09-13T19:29:14.601+0000] {dag.py:3696} INFO - Setting next_dagrun for example_subdag_operator.section-2 to None, run_after=None
[2023-09-13T19:29:14.610+0000] {logging_mixin.py:151} INFO - [2023-09-13T19:29:14.610+0000] {dag.py:2915} INFO - Sync 2 DAGs
[2023-09-13T19:29:14.616+0000] {logging_mixin.py:151} INFO - [2023-09-13T19:29:14.616+0000] {dag.py:3696} INFO - Setting next_dagrun for example_subdag_operator.section-1 to None, run_after=None
[2023-09-13T19:29:14.617+0000] {logging_mixin.py:151} INFO - [2023-09-13T19:29:14.617+0000] {dag.py:3696} INFO - Setting next_dagrun for example_subdag_operator.section-2 to None, run_after=None
[2023-09-13T19:29:14.628+0000] {processor.py:179} INFO - Processing /home/airflow/.local/lib/python3.8/site-packages/airflow/example_dags/example_subdag_operator.py took 0.131 seconds
[2023-09-13T19:29:44.960+0000] {processor.py:157} INFO - Started process (PID=206) to work on /home/airflow/.local/lib/python3.8/site-packages/airflow/example_dags/example_subdag_operator.py
[2023-09-13T19:29:44.962+0000] {processor.py:829} INFO - Processing file /home/airflow/.local/lib/python3.8/site-packages/airflow/example_dags/example_subdag_operator.py for tasks to queue
[2023-09-13T19:29:44.965+0000] {logging_mixin.py:151} INFO - [2023-09-13T19:29:44.964+0000] {dagbag.py:539} INFO - Filling up the DagBag from /home/airflow/.local/lib/python3.8/site-packages/airflow/example_dags/example_subdag_operator.py
[2023-09-13T19:29:44.990+0000] {processor.py:839} INFO - DAG(s) dict_keys(['example_subdag_operator.section-1', 'example_subdag_operator.section-2', 'example_subdag_operator']) retrieved from /home/airflow/.local/lib/python3.8/site-packages/airflow/example_dags/example_subdag_operator.py
[2023-09-13T19:29:45.003+0000] {logging_mixin.py:151} INFO - [2023-09-13T19:29:45.003+0000] {dag.py:2915} INFO - Sync 3 DAGs
[2023-09-13T19:29:45.019+0000] {logging_mixin.py:151} INFO - [2023-09-13T19:29:45.019+0000] {dag.py:3696} INFO - Setting next_dagrun for example_subdag_operator to 2022-01-01T00:00:00+00:00, run_after=2022-01-01T00:00:00+00:00
[2023-09-13T19:29:45.023+0000] {logging_mixin.py:151} INFO - [2023-09-13T19:29:45.023+0000] {dag.py:3696} INFO - Setting next_dagrun for example_subdag_operator.section-1 to None, run_after=None
[2023-09-13T19:29:45.024+0000] {logging_mixin.py:151} INFO - [2023-09-13T19:29:45.024+0000] {dag.py:3696} INFO - Setting next_dagrun for example_subdag_operator.section-2 to None, run_after=None
[2023-09-13T19:29:45.029+0000] {logging_mixin.py:151} INFO - [2023-09-13T19:29:45.029+0000] {dag.py:2915} INFO - Sync 2 DAGs
[2023-09-13T19:29:45.033+0000] {logging_mixin.py:151} INFO - [2023-09-13T19:29:45.033+0000] {dag.py:3696} INFO - Setting next_dagrun for example_subdag_operator.section-1 to None, run_after=None
[2023-09-13T19:29:45.033+0000] {logging_mixin.py:151} INFO - [2023-09-13T19:29:45.033+0000] {dag.py:3696} INFO - Setting next_dagrun for example_subdag_operator.section-2 to None, run_after=None
[2023-09-13T19:29:45.041+0000] {processor.py:179} INFO - Processing /home/airflow/.local/lib/python3.8/site-packages/airflow/example_dags/example_subdag_operator.py took 0.084 seconds
[2023-09-13T19:30:15.130+0000] {processor.py:157} INFO - Started process (PID=260) to work on /home/airflow/.local/lib/python3.8/site-packages/airflow/example_dags/example_subdag_operator.py
[2023-09-13T19:30:15.132+0000] {processor.py:829} INFO - Processing file /home/airflow/.local/lib/python3.8/site-packages/airflow/example_dags/example_subdag_operator.py for tasks to queue
[2023-09-13T19:30:15.135+0000] {logging_mixin.py:151} INFO - [2023-09-13T19:30:15.134+0000] {dagbag.py:539} INFO - Filling up the DagBag from /home/airflow/.local/lib/python3.8/site-packages/airflow/example_dags/example_subdag_operator.py
[2023-09-13T19:30:15.161+0000] {processor.py:839} INFO - DAG(s) dict_keys(['example_subdag_operator.section-1', 'example_subdag_operator.section-2', 'example_subdag_operator']) retrieved from /home/airflow/.local/lib/python3.8/site-packages/airflow/example_dags/example_subdag_operator.py
[2023-09-13T19:30:15.174+0000] {logging_mixin.py:151} INFO - [2023-09-13T19:30:15.174+0000] {dag.py:2915} INFO - Sync 3 DAGs
[2023-09-13T19:30:15.193+0000] {logging_mixin.py:151} INFO - [2023-09-13T19:30:15.193+0000] {dag.py:3696} INFO - Setting next_dagrun for example_subdag_operator to 2022-01-01T00:00:00+00:00, run_after=2022-01-01T00:00:00+00:00
[2023-09-13T19:30:15.196+0000] {logging_mixin.py:151} INFO - [2023-09-13T19:30:15.196+0000] {dag.py:3696} INFO - Setting next_dagrun for example_subdag_operator.section-1 to None, run_after=None
[2023-09-13T19:30:15.198+0000] {logging_mixin.py:151} INFO - [2023-09-13T19:30:15.198+0000] {dag.py:3696} INFO - Setting next_dagrun for example_subdag_operator.section-2 to None, run_after=None
[2023-09-13T19:30:15.204+0000] {logging_mixin.py:151} INFO - [2023-09-13T19:30:15.204+0000] {dag.py:2915} INFO - Sync 2 DAGs
[2023-09-13T19:30:15.208+0000] {logging_mixin.py:151} INFO - [2023-09-13T19:30:15.208+0000] {dag.py:3696} INFO - Setting next_dagrun for example_subdag_operator.section-1 to None, run_after=None
[2023-09-13T19:30:15.208+0000] {logging_mixin.py:151} INFO - [2023-09-13T19:30:15.208+0000] {dag.py:3696} INFO - Setting next_dagrun for example_subdag_operator.section-2 to None, run_after=None
[2023-09-13T19:30:15.216+0000] {processor.py:179} INFO - Processing /home/airflow/.local/lib/python3.8/site-packages/airflow/example_dags/example_subdag_operator.py took 0.089 seconds
[2023-09-13T19:31:28.711+0000] {processor.py:157} INFO - Started process (PID=43) to work on /home/airflow/.local/lib/python3.8/site-packages/airflow/example_dags/example_subdag_operator.py
[2023-09-13T19:31:28.713+0000] {processor.py:829} INFO - Processing file /home/airflow/.local/lib/python3.8/site-packages/airflow/example_dags/example_subdag_operator.py for tasks to queue
[2023-09-13T19:31:28.716+0000] {logging_mixin.py:151} INFO - [2023-09-13T19:31:28.716+0000] {dagbag.py:539} INFO - Filling up the DagBag from /home/airflow/.local/lib/python3.8/site-packages/airflow/example_dags/example_subdag_operator.py
[2023-09-13T19:31:28.761+0000] {processor.py:839} INFO - DAG(s) dict_keys(['example_subdag_operator.section-1', 'example_subdag_operator.section-2', 'example_subdag_operator']) retrieved from /home/airflow/.local/lib/python3.8/site-packages/airflow/example_dags/example_subdag_operator.py
[2023-09-13T19:31:28.768+0000] {logging_mixin.py:151} INFO - [2023-09-13T19:31:28.768+0000] {dag.py:2915} INFO - Sync 3 DAGs
[2023-09-13T19:31:28.801+0000] {logging_mixin.py:151} INFO - [2023-09-13T19:31:28.801+0000] {dag.py:3696} INFO - Setting next_dagrun for example_subdag_operator to 2022-01-01T00:00:00+00:00, run_after=2022-01-01T00:00:00+00:00
[2023-09-13T19:31:28.808+0000] {logging_mixin.py:151} INFO - [2023-09-13T19:31:28.808+0000] {dag.py:3696} INFO - Setting next_dagrun for example_subdag_operator.section-1 to None, run_after=None
[2023-09-13T19:31:28.810+0000] {logging_mixin.py:151} INFO - [2023-09-13T19:31:28.810+0000] {dag.py:3696} INFO - Setting next_dagrun for example_subdag_operator.section-2 to None, run_after=None
[2023-09-13T19:31:28.823+0000] {logging_mixin.py:151} INFO - [2023-09-13T19:31:28.823+0000] {dag.py:2915} INFO - Sync 2 DAGs
[2023-09-13T19:31:28.835+0000] {logging_mixin.py:151} INFO - [2023-09-13T19:31:28.834+0000] {dag.py:3696} INFO - Setting next_dagrun for example_subdag_operator.section-1 to None, run_after=None
[2023-09-13T19:31:28.837+0000] {logging_mixin.py:151} INFO - [2023-09-13T19:31:28.836+0000] {dag.py:3696} INFO - Setting next_dagrun for example_subdag_operator.section-2 to None, run_after=None
[2023-09-13T19:31:28.857+0000] {processor.py:179} INFO - Processing /home/airflow/.local/lib/python3.8/site-packages/airflow/example_dags/example_subdag_operator.py took 0.150 seconds
[2023-09-13T19:31:59.360+0000] {processor.py:157} INFO - Started process (PID=97) to work on /home/airflow/.local/lib/python3.8/site-packages/airflow/example_dags/example_subdag_operator.py
[2023-09-13T19:31:59.362+0000] {processor.py:829} INFO - Processing file /home/airflow/.local/lib/python3.8/site-packages/airflow/example_dags/example_subdag_operator.py for tasks to queue
[2023-09-13T19:31:59.371+0000] {logging_mixin.py:151} INFO - [2023-09-13T19:31:59.371+0000] {dagbag.py:539} INFO - Filling up the DagBag from /home/airflow/.local/lib/python3.8/site-packages/airflow/example_dags/example_subdag_operator.py
[2023-09-13T19:31:59.408+0000] {processor.py:839} INFO - DAG(s) dict_keys(['example_subdag_operator.section-1', 'example_subdag_operator.section-2', 'example_subdag_operator']) retrieved from /home/airflow/.local/lib/python3.8/site-packages/airflow/example_dags/example_subdag_operator.py
[2023-09-13T19:31:59.425+0000] {logging_mixin.py:151} INFO - [2023-09-13T19:31:59.425+0000] {dag.py:2915} INFO - Sync 3 DAGs
[2023-09-13T19:31:59.445+0000] {logging_mixin.py:151} INFO - [2023-09-13T19:31:59.445+0000] {dag.py:3696} INFO - Setting next_dagrun for example_subdag_operator to 2022-01-01T00:00:00+00:00, run_after=2022-01-01T00:00:00+00:00
[2023-09-13T19:31:59.449+0000] {logging_mixin.py:151} INFO - [2023-09-13T19:31:59.449+0000] {dag.py:3696} INFO - Setting next_dagrun for example_subdag_operator.section-1 to None, run_after=None
[2023-09-13T19:31:59.452+0000] {logging_mixin.py:151} INFO - [2023-09-13T19:31:59.452+0000] {dag.py:3696} INFO - Setting next_dagrun for example_subdag_operator.section-2 to None, run_after=None
[2023-09-13T19:31:59.464+0000] {logging_mixin.py:151} INFO - [2023-09-13T19:31:59.464+0000] {dag.py:2915} INFO - Sync 2 DAGs
[2023-09-13T19:31:59.471+0000] {logging_mixin.py:151} INFO - [2023-09-13T19:31:59.471+0000] {dag.py:3696} INFO - Setting next_dagrun for example_subdag_operator.section-1 to None, run_after=None
[2023-09-13T19:31:59.472+0000] {logging_mixin.py:151} INFO - [2023-09-13T19:31:59.472+0000] {dag.py:3696} INFO - Setting next_dagrun for example_subdag_operator.section-2 to None, run_after=None
[2023-09-13T19:31:59.489+0000] {processor.py:179} INFO - Processing /home/airflow/.local/lib/python3.8/site-packages/airflow/example_dags/example_subdag_operator.py took 0.133 seconds
[2023-09-13T19:32:30.024+0000] {processor.py:157} INFO - Started process (PID=152) to work on /home/airflow/.local/lib/python3.8/site-packages/airflow/example_dags/example_subdag_operator.py
[2023-09-13T19:32:30.025+0000] {processor.py:829} INFO - Processing file /home/airflow/.local/lib/python3.8/site-packages/airflow/example_dags/example_subdag_operator.py for tasks to queue
[2023-09-13T19:32:30.028+0000] {logging_mixin.py:151} INFO - [2023-09-13T19:32:30.027+0000] {dagbag.py:539} INFO - Filling up the DagBag from /home/airflow/.local/lib/python3.8/site-packages/airflow/example_dags/example_subdag_operator.py
[2023-09-13T19:32:30.053+0000] {processor.py:839} INFO - DAG(s) dict_keys(['example_subdag_operator.section-1', 'example_subdag_operator.section-2', 'example_subdag_operator']) retrieved from /home/airflow/.local/lib/python3.8/site-packages/airflow/example_dags/example_subdag_operator.py
[2023-09-13T19:32:30.066+0000] {logging_mixin.py:151} INFO - [2023-09-13T19:32:30.065+0000] {dag.py:2915} INFO - Sync 3 DAGs
[2023-09-13T19:32:30.082+0000] {logging_mixin.py:151} INFO - [2023-09-13T19:32:30.082+0000] {dag.py:3696} INFO - Setting next_dagrun for example_subdag_operator to 2022-01-01T00:00:00+00:00, run_after=2022-01-01T00:00:00+00:00
[2023-09-13T19:32:30.085+0000] {logging_mixin.py:151} INFO - [2023-09-13T19:32:30.085+0000] {dag.py:3696} INFO - Setting next_dagrun for example_subdag_operator.section-1 to None, run_after=None
[2023-09-13T19:32:30.086+0000] {logging_mixin.py:151} INFO - [2023-09-13T19:32:30.086+0000] {dag.py:3696} INFO - Setting next_dagrun for example_subdag_operator.section-2 to None, run_after=None
[2023-09-13T19:32:30.092+0000] {logging_mixin.py:151} INFO - [2023-09-13T19:32:30.091+0000] {dag.py:2915} INFO - Sync 2 DAGs
[2023-09-13T19:32:30.095+0000] {logging_mixin.py:151} INFO - [2023-09-13T19:32:30.095+0000] {dag.py:3696} INFO - Setting next_dagrun for example_subdag_operator.section-1 to None, run_after=None
[2023-09-13T19:32:30.097+0000] {logging_mixin.py:151} INFO - [2023-09-13T19:32:30.097+0000] {dag.py:3696} INFO - Setting next_dagrun for example_subdag_operator.section-2 to None, run_after=None
[2023-09-13T19:32:30.106+0000] {processor.py:179} INFO - Processing /home/airflow/.local/lib/python3.8/site-packages/airflow/example_dags/example_subdag_operator.py took 0.085 seconds
[2023-09-13T19:33:00.178+0000] {processor.py:157} INFO - Started process (PID=207) to work on /home/airflow/.local/lib/python3.8/site-packages/airflow/example_dags/example_subdag_operator.py
[2023-09-13T19:33:00.180+0000] {processor.py:829} INFO - Processing file /home/airflow/.local/lib/python3.8/site-packages/airflow/example_dags/example_subdag_operator.py for tasks to queue
[2023-09-13T19:33:00.183+0000] {logging_mixin.py:151} INFO - [2023-09-13T19:33:00.182+0000] {dagbag.py:539} INFO - Filling up the DagBag from /home/airflow/.local/lib/python3.8/site-packages/airflow/example_dags/example_subdag_operator.py
[2023-09-13T19:33:00.207+0000] {processor.py:839} INFO - DAG(s) dict_keys(['example_subdag_operator.section-1', 'example_subdag_operator.section-2', 'example_subdag_operator']) retrieved from /home/airflow/.local/lib/python3.8/site-packages/airflow/example_dags/example_subdag_operator.py
[2023-09-13T19:33:00.219+0000] {logging_mixin.py:151} INFO - [2023-09-13T19:33:00.219+0000] {dag.py:2915} INFO - Sync 3 DAGs
[2023-09-13T19:33:00.235+0000] {logging_mixin.py:151} INFO - [2023-09-13T19:33:00.235+0000] {dag.py:3696} INFO - Setting next_dagrun for example_subdag_operator to 2022-01-01T00:00:00+00:00, run_after=2022-01-01T00:00:00+00:00
[2023-09-13T19:33:00.238+0000] {logging_mixin.py:151} INFO - [2023-09-13T19:33:00.238+0000] {dag.py:3696} INFO - Setting next_dagrun for example_subdag_operator.section-1 to None, run_after=None
[2023-09-13T19:33:00.240+0000] {logging_mixin.py:151} INFO - [2023-09-13T19:33:00.240+0000] {dag.py:3696} INFO - Setting next_dagrun for example_subdag_operator.section-2 to None, run_after=None
[2023-09-13T19:33:00.246+0000] {logging_mixin.py:151} INFO - [2023-09-13T19:33:00.246+0000] {dag.py:2915} INFO - Sync 2 DAGs
[2023-09-13T19:33:00.251+0000] {logging_mixin.py:151} INFO - [2023-09-13T19:33:00.251+0000] {dag.py:3696} INFO - Setting next_dagrun for example_subdag_operator.section-1 to None, run_after=None
[2023-09-13T19:33:00.251+0000] {logging_mixin.py:151} INFO - [2023-09-13T19:33:00.251+0000] {dag.py:3696} INFO - Setting next_dagrun for example_subdag_operator.section-2 to None, run_after=None
[2023-09-13T19:33:00.259+0000] {processor.py:179} INFO - Processing /home/airflow/.local/lib/python3.8/site-packages/airflow/example_dags/example_subdag_operator.py took 0.084 seconds
[2023-09-13T19:33:30.418+0000] {processor.py:157} INFO - Started process (PID=262) to work on /home/airflow/.local/lib/python3.8/site-packages/airflow/example_dags/example_subdag_operator.py
[2023-09-13T19:33:30.420+0000] {processor.py:829} INFO - Processing file /home/airflow/.local/lib/python3.8/site-packages/airflow/example_dags/example_subdag_operator.py for tasks to queue
[2023-09-13T19:33:30.422+0000] {logging_mixin.py:151} INFO - [2023-09-13T19:33:30.422+0000] {dagbag.py:539} INFO - Filling up the DagBag from /home/airflow/.local/lib/python3.8/site-packages/airflow/example_dags/example_subdag_operator.py
[2023-09-13T19:33:30.448+0000] {processor.py:839} INFO - DAG(s) dict_keys(['example_subdag_operator.section-1', 'example_subdag_operator.section-2', 'example_subdag_operator']) retrieved from /home/airflow/.local/lib/python3.8/site-packages/airflow/example_dags/example_subdag_operator.py
[2023-09-13T19:33:30.460+0000] {logging_mixin.py:151} INFO - [2023-09-13T19:33:30.460+0000] {dag.py:2915} INFO - Sync 3 DAGs
[2023-09-13T19:33:30.477+0000] {logging_mixin.py:151} INFO - [2023-09-13T19:33:30.477+0000] {dag.py:3696} INFO - Setting next_dagrun for example_subdag_operator to 2022-01-01T00:00:00+00:00, run_after=2022-01-01T00:00:00+00:00
[2023-09-13T19:33:30.480+0000] {logging_mixin.py:151} INFO - [2023-09-13T19:33:30.480+0000] {dag.py:3696} INFO - Setting next_dagrun for example_subdag_operator.section-1 to None, run_after=None
[2023-09-13T19:33:30.481+0000] {logging_mixin.py:151} INFO - [2023-09-13T19:33:30.481+0000] {dag.py:3696} INFO - Setting next_dagrun for example_subdag_operator.section-2 to None, run_after=None
[2023-09-13T19:33:30.488+0000] {logging_mixin.py:151} INFO - [2023-09-13T19:33:30.488+0000] {dag.py:2915} INFO - Sync 2 DAGs
[2023-09-13T19:33:30.492+0000] {logging_mixin.py:151} INFO - [2023-09-13T19:33:30.491+0000] {dag.py:3696} INFO - Setting next_dagrun for example_subdag_operator.section-1 to None, run_after=None
[2023-09-13T19:33:30.492+0000] {logging_mixin.py:151} INFO - [2023-09-13T19:33:30.492+0000] {dag.py:3696} INFO - Setting next_dagrun for example_subdag_operator.section-2 to None, run_after=None
[2023-09-13T19:33:30.499+0000] {processor.py:179} INFO - Processing /home/airflow/.local/lib/python3.8/site-packages/airflow/example_dags/example_subdag_operator.py took 0.085 seconds
[2023-09-13T19:34:01.133+0000] {processor.py:157} INFO - Started process (PID=317) to work on /home/airflow/.local/lib/python3.8/site-packages/airflow/example_dags/example_subdag_operator.py
[2023-09-13T19:34:01.135+0000] {processor.py:829} INFO - Processing file /home/airflow/.local/lib/python3.8/site-packages/airflow/example_dags/example_subdag_operator.py for tasks to queue
[2023-09-13T19:34:01.137+0000] {logging_mixin.py:151} INFO - [2023-09-13T19:34:01.137+0000] {dagbag.py:539} INFO - Filling up the DagBag from /home/airflow/.local/lib/python3.8/site-packages/airflow/example_dags/example_subdag_operator.py
[2023-09-13T19:34:01.165+0000] {processor.py:839} INFO - DAG(s) dict_keys(['example_subdag_operator.section-1', 'example_subdag_operator.section-2', 'example_subdag_operator']) retrieved from /home/airflow/.local/lib/python3.8/site-packages/airflow/example_dags/example_subdag_operator.py
[2023-09-13T19:34:01.180+0000] {logging_mixin.py:151} INFO - [2023-09-13T19:34:01.180+0000] {dag.py:2915} INFO - Sync 3 DAGs
[2023-09-13T19:34:01.198+0000] {logging_mixin.py:151} INFO - [2023-09-13T19:34:01.198+0000] {dag.py:3696} INFO - Setting next_dagrun for example_subdag_operator to 2022-01-01T00:00:00+00:00, run_after=2022-01-01T00:00:00+00:00
[2023-09-13T19:34:01.202+0000] {logging_mixin.py:151} INFO - [2023-09-13T19:34:01.202+0000] {dag.py:3696} INFO - Setting next_dagrun for example_subdag_operator.section-1 to None, run_after=None
[2023-09-13T19:34:01.204+0000] {logging_mixin.py:151} INFO - [2023-09-13T19:34:01.204+0000] {dag.py:3696} INFO - Setting next_dagrun for example_subdag_operator.section-2 to None, run_after=None
[2023-09-13T19:34:01.209+0000] {logging_mixin.py:151} INFO - [2023-09-13T19:34:01.209+0000] {dag.py:2915} INFO - Sync 2 DAGs
[2023-09-13T19:34:01.213+0000] {logging_mixin.py:151} INFO - [2023-09-13T19:34:01.213+0000] {dag.py:3696} INFO - Setting next_dagrun for example_subdag_operator.section-1 to None, run_after=None
[2023-09-13T19:34:01.214+0000] {logging_mixin.py:151} INFO - [2023-09-13T19:34:01.214+0000] {dag.py:3696} INFO - Setting next_dagrun for example_subdag_operator.section-2 to None, run_after=None
[2023-09-13T19:34:01.222+0000] {processor.py:179} INFO - Processing /home/airflow/.local/lib/python3.8/site-packages/airflow/example_dags/example_subdag_operator.py took 0.093 seconds
