[2023-09-13T19:15:52.585+0000] {processor.py:157} INFO - Started process (PID=56) to work on /home/airflow/.local/lib/python3.8/site-packages/airflow/example_dags/example_setup_teardown.py
[2023-09-13T19:15:52.587+0000] {processor.py:829} INFO - Processing file /home/airflow/.local/lib/python3.8/site-packages/airflow/example_dags/example_setup_teardown.py for tasks to queue
[2023-09-13T19:15:52.590+0000] {logging_mixin.py:151} INFO - [2023-09-13T19:15:52.589+0000] {dagbag.py:539} INFO - Filling up the DagBag from /home/airflow/.local/lib/python3.8/site-packages/airflow/example_dags/example_setup_teardown.py
[2023-09-13T19:15:52.600+0000] {processor.py:839} INFO - DAG(s) dict_keys(['example_setup_teardown']) retrieved from /home/airflow/.local/lib/python3.8/site-packages/airflow/example_dags/example_setup_teardown.py
[2023-09-13T19:15:52.792+0000] {logging_mixin.py:151} INFO - [2023-09-13T19:15:52.792+0000] {manager.py:499} INFO - Created Permission View: %s
[2023-09-13T19:15:52.816+0000] {logging_mixin.py:151} INFO - [2023-09-13T19:15:52.816+0000] {manager.py:499} INFO - Created Permission View: %s
[2023-09-13T19:15:52.823+0000] {logging_mixin.py:151} INFO - [2023-09-13T19:15:52.823+0000] {manager.py:499} INFO - Created Permission View: %s
[2023-09-13T19:15:52.824+0000] {logging_mixin.py:151} INFO - [2023-09-13T19:15:52.824+0000] {security.py:708} INFO - Not syncing DAG-level permissions for DAG 'DAG:example_setup_teardown' as access control is unset.
[2023-09-13T19:15:52.824+0000] {logging_mixin.py:151} INFO - [2023-09-13T19:15:52.824+0000] {dag.py:2915} INFO - Sync 1 DAGs
[2023-09-13T19:15:52.852+0000] {logging_mixin.py:151} INFO - [2023-09-13T19:15:52.852+0000] {dag.py:2937} INFO - Creating ORM DAG for example_setup_teardown
[2023-09-13T19:15:52.875+0000] {logging_mixin.py:151} INFO - [2023-09-13T19:15:52.875+0000] {dag.py:3696} INFO - Setting next_dagrun for example_setup_teardown to 2023-09-12T19:15:52.874900+00:00, run_after=2023-09-13T19:15:52.874900+00:00
[2023-09-13T19:15:52.927+0000] {processor.py:179} INFO - Processing /home/airflow/.local/lib/python3.8/site-packages/airflow/example_dags/example_setup_teardown.py took 0.346 seconds
[2023-09-13T19:16:23.674+0000] {processor.py:157} INFO - Started process (PID=110) to work on /home/airflow/.local/lib/python3.8/site-packages/airflow/example_dags/example_setup_teardown.py
[2023-09-13T19:16:23.677+0000] {processor.py:829} INFO - Processing file /home/airflow/.local/lib/python3.8/site-packages/airflow/example_dags/example_setup_teardown.py for tasks to queue
[2023-09-13T19:16:23.680+0000] {logging_mixin.py:151} INFO - [2023-09-13T19:16:23.679+0000] {dagbag.py:539} INFO - Filling up the DagBag from /home/airflow/.local/lib/python3.8/site-packages/airflow/example_dags/example_setup_teardown.py
[2023-09-13T19:16:23.687+0000] {processor.py:839} INFO - DAG(s) dict_keys(['example_setup_teardown']) retrieved from /home/airflow/.local/lib/python3.8/site-packages/airflow/example_dags/example_setup_teardown.py
[2023-09-13T19:16:23.708+0000] {logging_mixin.py:151} INFO - [2023-09-13T19:16:23.708+0000] {dag.py:2915} INFO - Sync 1 DAGs
[2023-09-13T19:16:23.725+0000] {logging_mixin.py:151} INFO - [2023-09-13T19:16:23.725+0000] {dag.py:3696} INFO - Setting next_dagrun for example_setup_teardown to 2023-09-12T19:16:23.725435+00:00, run_after=2023-09-13T19:16:23.725435+00:00
[2023-09-13T19:16:23.749+0000] {processor.py:179} INFO - Processing /home/airflow/.local/lib/python3.8/site-packages/airflow/example_dags/example_setup_teardown.py took 0.080 seconds
[2023-09-13T19:16:53.905+0000] {processor.py:157} INFO - Started process (PID=163) to work on /home/airflow/.local/lib/python3.8/site-packages/airflow/example_dags/example_setup_teardown.py
[2023-09-13T19:16:53.907+0000] {processor.py:829} INFO - Processing file /home/airflow/.local/lib/python3.8/site-packages/airflow/example_dags/example_setup_teardown.py for tasks to queue
[2023-09-13T19:16:53.910+0000] {logging_mixin.py:151} INFO - [2023-09-13T19:16:53.910+0000] {dagbag.py:539} INFO - Filling up the DagBag from /home/airflow/.local/lib/python3.8/site-packages/airflow/example_dags/example_setup_teardown.py
[2023-09-13T19:16:53.918+0000] {processor.py:839} INFO - DAG(s) dict_keys(['example_setup_teardown']) retrieved from /home/airflow/.local/lib/python3.8/site-packages/airflow/example_dags/example_setup_teardown.py
[2023-09-13T19:16:53.940+0000] {logging_mixin.py:151} INFO - [2023-09-13T19:16:53.940+0000] {dag.py:2915} INFO - Sync 1 DAGs
[2023-09-13T19:16:53.958+0000] {logging_mixin.py:151} INFO - [2023-09-13T19:16:53.958+0000] {dag.py:3696} INFO - Setting next_dagrun for example_setup_teardown to 2023-09-12T19:16:53.958011+00:00, run_after=2023-09-13T19:16:53.958011+00:00
[2023-09-13T19:16:53.973+0000] {processor.py:179} INFO - Processing /home/airflow/.local/lib/python3.8/site-packages/airflow/example_dags/example_setup_teardown.py took 0.074 seconds
[2023-09-13T19:17:24.371+0000] {processor.py:157} INFO - Started process (PID=217) to work on /home/airflow/.local/lib/python3.8/site-packages/airflow/example_dags/example_setup_teardown.py
[2023-09-13T19:17:24.374+0000] {processor.py:829} INFO - Processing file /home/airflow/.local/lib/python3.8/site-packages/airflow/example_dags/example_setup_teardown.py for tasks to queue
[2023-09-13T19:17:24.377+0000] {logging_mixin.py:151} INFO - [2023-09-13T19:17:24.376+0000] {dagbag.py:539} INFO - Filling up the DagBag from /home/airflow/.local/lib/python3.8/site-packages/airflow/example_dags/example_setup_teardown.py
[2023-09-13T19:17:24.383+0000] {processor.py:839} INFO - DAG(s) dict_keys(['example_setup_teardown']) retrieved from /home/airflow/.local/lib/python3.8/site-packages/airflow/example_dags/example_setup_teardown.py
[2023-09-13T19:17:24.405+0000] {logging_mixin.py:151} INFO - [2023-09-13T19:17:24.405+0000] {dag.py:2915} INFO - Sync 1 DAGs
[2023-09-13T19:17:24.422+0000] {logging_mixin.py:151} INFO - [2023-09-13T19:17:24.422+0000] {dag.py:3696} INFO - Setting next_dagrun for example_setup_teardown to 2023-09-12T19:17:24.421756+00:00, run_after=2023-09-13T19:17:24.421756+00:00
[2023-09-13T19:17:24.435+0000] {processor.py:179} INFO - Processing /home/airflow/.local/lib/python3.8/site-packages/airflow/example_dags/example_setup_teardown.py took 0.070 seconds
[2023-09-13T19:17:54.619+0000] {processor.py:157} INFO - Started process (PID=271) to work on /home/airflow/.local/lib/python3.8/site-packages/airflow/example_dags/example_setup_teardown.py
[2023-09-13T19:17:54.621+0000] {processor.py:829} INFO - Processing file /home/airflow/.local/lib/python3.8/site-packages/airflow/example_dags/example_setup_teardown.py for tasks to queue
[2023-09-13T19:17:54.625+0000] {logging_mixin.py:151} INFO - [2023-09-13T19:17:54.625+0000] {dagbag.py:539} INFO - Filling up the DagBag from /home/airflow/.local/lib/python3.8/site-packages/airflow/example_dags/example_setup_teardown.py
[2023-09-13T19:17:54.633+0000] {processor.py:839} INFO - DAG(s) dict_keys(['example_setup_teardown']) retrieved from /home/airflow/.local/lib/python3.8/site-packages/airflow/example_dags/example_setup_teardown.py
[2023-09-13T19:17:54.654+0000] {logging_mixin.py:151} INFO - [2023-09-13T19:17:54.654+0000] {dag.py:2915} INFO - Sync 1 DAGs
[2023-09-13T19:17:54.671+0000] {logging_mixin.py:151} INFO - [2023-09-13T19:17:54.671+0000] {dag.py:3696} INFO - Setting next_dagrun for example_setup_teardown to 2023-09-12T19:17:54.671169+00:00, run_after=2023-09-13T19:17:54.671169+00:00
[2023-09-13T19:17:54.684+0000] {processor.py:179} INFO - Processing /home/airflow/.local/lib/python3.8/site-packages/airflow/example_dags/example_setup_teardown.py took 0.071 seconds
[2023-09-13T19:18:24.770+0000] {processor.py:157} INFO - Started process (PID=325) to work on /home/airflow/.local/lib/python3.8/site-packages/airflow/example_dags/example_setup_teardown.py
[2023-09-13T19:18:24.772+0000] {processor.py:829} INFO - Processing file /home/airflow/.local/lib/python3.8/site-packages/airflow/example_dags/example_setup_teardown.py for tasks to queue
[2023-09-13T19:18:24.776+0000] {logging_mixin.py:151} INFO - [2023-09-13T19:18:24.775+0000] {dagbag.py:539} INFO - Filling up the DagBag from /home/airflow/.local/lib/python3.8/site-packages/airflow/example_dags/example_setup_teardown.py
[2023-09-13T19:18:24.786+0000] {processor.py:839} INFO - DAG(s) dict_keys(['example_setup_teardown']) retrieved from /home/airflow/.local/lib/python3.8/site-packages/airflow/example_dags/example_setup_teardown.py
[2023-09-13T19:18:24.809+0000] {logging_mixin.py:151} INFO - [2023-09-13T19:18:24.809+0000] {dag.py:2915} INFO - Sync 1 DAGs
[2023-09-13T19:18:24.829+0000] {logging_mixin.py:151} INFO - [2023-09-13T19:18:24.829+0000] {dag.py:3696} INFO - Setting next_dagrun for example_setup_teardown to 2023-09-12T19:18:24.828904+00:00, run_after=2023-09-13T19:18:24.828904+00:00
[2023-09-13T19:18:24.843+0000] {processor.py:179} INFO - Processing /home/airflow/.local/lib/python3.8/site-packages/airflow/example_dags/example_setup_teardown.py took 0.077 seconds
[2023-09-13T19:18:55.186+0000] {processor.py:157} INFO - Started process (PID=379) to work on /home/airflow/.local/lib/python3.8/site-packages/airflow/example_dags/example_setup_teardown.py
[2023-09-13T19:18:55.189+0000] {processor.py:829} INFO - Processing file /home/airflow/.local/lib/python3.8/site-packages/airflow/example_dags/example_setup_teardown.py for tasks to queue
[2023-09-13T19:18:55.192+0000] {logging_mixin.py:151} INFO - [2023-09-13T19:18:55.191+0000] {dagbag.py:539} INFO - Filling up the DagBag from /home/airflow/.local/lib/python3.8/site-packages/airflow/example_dags/example_setup_teardown.py
[2023-09-13T19:18:55.199+0000] {processor.py:839} INFO - DAG(s) dict_keys(['example_setup_teardown']) retrieved from /home/airflow/.local/lib/python3.8/site-packages/airflow/example_dags/example_setup_teardown.py
[2023-09-13T19:18:55.220+0000] {logging_mixin.py:151} INFO - [2023-09-13T19:18:55.220+0000] {dag.py:2915} INFO - Sync 1 DAGs
[2023-09-13T19:18:55.237+0000] {logging_mixin.py:151} INFO - [2023-09-13T19:18:55.237+0000] {dag.py:3696} INFO - Setting next_dagrun for example_setup_teardown to 2023-09-12T19:18:55.237317+00:00, run_after=2023-09-13T19:18:55.237317+00:00
[2023-09-13T19:18:55.250+0000] {processor.py:179} INFO - Processing /home/airflow/.local/lib/python3.8/site-packages/airflow/example_dags/example_setup_teardown.py took 0.068 seconds
[2023-09-13T19:19:25.494+0000] {processor.py:157} INFO - Started process (PID=434) to work on /home/airflow/.local/lib/python3.8/site-packages/airflow/example_dags/example_setup_teardown.py
[2023-09-13T19:19:25.496+0000] {processor.py:829} INFO - Processing file /home/airflow/.local/lib/python3.8/site-packages/airflow/example_dags/example_setup_teardown.py for tasks to queue
[2023-09-13T19:19:25.499+0000] {logging_mixin.py:151} INFO - [2023-09-13T19:19:25.498+0000] {dagbag.py:539} INFO - Filling up the DagBag from /home/airflow/.local/lib/python3.8/site-packages/airflow/example_dags/example_setup_teardown.py
[2023-09-13T19:19:25.507+0000] {processor.py:839} INFO - DAG(s) dict_keys(['example_setup_teardown']) retrieved from /home/airflow/.local/lib/python3.8/site-packages/airflow/example_dags/example_setup_teardown.py
[2023-09-13T19:19:25.534+0000] {logging_mixin.py:151} INFO - [2023-09-13T19:19:25.534+0000] {dag.py:2915} INFO - Sync 1 DAGs
[2023-09-13T19:19:25.553+0000] {logging_mixin.py:151} INFO - [2023-09-13T19:19:25.553+0000] {dag.py:3696} INFO - Setting next_dagrun for example_setup_teardown to 2023-09-12T19:19:25.552933+00:00, run_after=2023-09-13T19:19:25.552933+00:00
[2023-09-13T19:19:25.569+0000] {processor.py:179} INFO - Processing /home/airflow/.local/lib/python3.8/site-packages/airflow/example_dags/example_setup_teardown.py took 0.079 seconds
[2023-09-13T19:19:55.745+0000] {processor.py:157} INFO - Started process (PID=488) to work on /home/airflow/.local/lib/python3.8/site-packages/airflow/example_dags/example_setup_teardown.py
[2023-09-13T19:19:55.747+0000] {processor.py:829} INFO - Processing file /home/airflow/.local/lib/python3.8/site-packages/airflow/example_dags/example_setup_teardown.py for tasks to queue
[2023-09-13T19:19:55.750+0000] {logging_mixin.py:151} INFO - [2023-09-13T19:19:55.749+0000] {dagbag.py:539} INFO - Filling up the DagBag from /home/airflow/.local/lib/python3.8/site-packages/airflow/example_dags/example_setup_teardown.py
[2023-09-13T19:19:55.766+0000] {processor.py:839} INFO - DAG(s) dict_keys(['example_setup_teardown']) retrieved from /home/airflow/.local/lib/python3.8/site-packages/airflow/example_dags/example_setup_teardown.py
[2023-09-13T19:19:55.803+0000] {logging_mixin.py:151} INFO - [2023-09-13T19:19:55.802+0000] {dag.py:2915} INFO - Sync 1 DAGs
[2023-09-13T19:19:55.822+0000] {logging_mixin.py:151} INFO - [2023-09-13T19:19:55.822+0000] {dag.py:3696} INFO - Setting next_dagrun for example_setup_teardown to 2023-09-12T19:19:55.822183+00:00, run_after=2023-09-13T19:19:55.822183+00:00
[2023-09-13T19:19:55.836+0000] {processor.py:179} INFO - Processing /home/airflow/.local/lib/python3.8/site-packages/airflow/example_dags/example_setup_teardown.py took 0.098 seconds
[2023-09-13T19:20:26.160+0000] {processor.py:157} INFO - Started process (PID=541) to work on /home/airflow/.local/lib/python3.8/site-packages/airflow/example_dags/example_setup_teardown.py
[2023-09-13T19:20:26.163+0000] {processor.py:829} INFO - Processing file /home/airflow/.local/lib/python3.8/site-packages/airflow/example_dags/example_setup_teardown.py for tasks to queue
[2023-09-13T19:20:26.166+0000] {logging_mixin.py:151} INFO - [2023-09-13T19:20:26.166+0000] {dagbag.py:539} INFO - Filling up the DagBag from /home/airflow/.local/lib/python3.8/site-packages/airflow/example_dags/example_setup_teardown.py
[2023-09-13T19:20:26.174+0000] {processor.py:839} INFO - DAG(s) dict_keys(['example_setup_teardown']) retrieved from /home/airflow/.local/lib/python3.8/site-packages/airflow/example_dags/example_setup_teardown.py
[2023-09-13T19:20:26.197+0000] {logging_mixin.py:151} INFO - [2023-09-13T19:20:26.196+0000] {dag.py:2915} INFO - Sync 1 DAGs
[2023-09-13T19:20:26.214+0000] {logging_mixin.py:151} INFO - [2023-09-13T19:20:26.213+0000] {dag.py:3696} INFO - Setting next_dagrun for example_setup_teardown to 2023-09-12T19:20:26.213721+00:00, run_after=2023-09-13T19:20:26.213721+00:00
[2023-09-13T19:20:26.227+0000] {processor.py:179} INFO - Processing /home/airflow/.local/lib/python3.8/site-packages/airflow/example_dags/example_setup_teardown.py took 0.073 seconds
[2023-09-13T19:20:56.950+0000] {processor.py:157} INFO - Started process (PID=595) to work on /home/airflow/.local/lib/python3.8/site-packages/airflow/example_dags/example_setup_teardown.py
[2023-09-13T19:20:56.953+0000] {processor.py:829} INFO - Processing file /home/airflow/.local/lib/python3.8/site-packages/airflow/example_dags/example_setup_teardown.py for tasks to queue
[2023-09-13T19:20:56.956+0000] {logging_mixin.py:151} INFO - [2023-09-13T19:20:56.955+0000] {dagbag.py:539} INFO - Filling up the DagBag from /home/airflow/.local/lib/python3.8/site-packages/airflow/example_dags/example_setup_teardown.py
[2023-09-13T19:20:56.963+0000] {processor.py:839} INFO - DAG(s) dict_keys(['example_setup_teardown']) retrieved from /home/airflow/.local/lib/python3.8/site-packages/airflow/example_dags/example_setup_teardown.py
[2023-09-13T19:20:56.985+0000] {logging_mixin.py:151} INFO - [2023-09-13T19:20:56.985+0000] {dag.py:2915} INFO - Sync 1 DAGs
[2023-09-13T19:20:57.002+0000] {logging_mixin.py:151} INFO - [2023-09-13T19:20:57.002+0000] {dag.py:3696} INFO - Setting next_dagrun for example_setup_teardown to 2023-09-12T19:20:57.001732+00:00, run_after=2023-09-13T19:20:57.001732+00:00
[2023-09-13T19:20:57.014+0000] {processor.py:179} INFO - Processing /home/airflow/.local/lib/python3.8/site-packages/airflow/example_dags/example_setup_teardown.py took 0.070 seconds
[2023-09-13T19:21:27.695+0000] {processor.py:157} INFO - Started process (PID=649) to work on /home/airflow/.local/lib/python3.8/site-packages/airflow/example_dags/example_setup_teardown.py
[2023-09-13T19:21:27.699+0000] {processor.py:829} INFO - Processing file /home/airflow/.local/lib/python3.8/site-packages/airflow/example_dags/example_setup_teardown.py for tasks to queue
[2023-09-13T19:21:27.703+0000] {logging_mixin.py:151} INFO - [2023-09-13T19:21:27.702+0000] {dagbag.py:539} INFO - Filling up the DagBag from /home/airflow/.local/lib/python3.8/site-packages/airflow/example_dags/example_setup_teardown.py
[2023-09-13T19:21:27.712+0000] {processor.py:839} INFO - DAG(s) dict_keys(['example_setup_teardown']) retrieved from /home/airflow/.local/lib/python3.8/site-packages/airflow/example_dags/example_setup_teardown.py
[2023-09-13T19:21:27.733+0000] {logging_mixin.py:151} INFO - [2023-09-13T19:21:27.733+0000] {dag.py:2915} INFO - Sync 1 DAGs
[2023-09-13T19:21:27.750+0000] {logging_mixin.py:151} INFO - [2023-09-13T19:21:27.750+0000] {dag.py:3696} INFO - Setting next_dagrun for example_setup_teardown to 2023-09-12T19:21:27.750421+00:00, run_after=2023-09-13T19:21:27.750421+00:00
[2023-09-13T19:21:27.763+0000] {processor.py:179} INFO - Processing /home/airflow/.local/lib/python3.8/site-packages/airflow/example_dags/example_setup_teardown.py took 0.074 seconds
[2023-09-13T19:21:58.311+0000] {processor.py:157} INFO - Started process (PID=703) to work on /home/airflow/.local/lib/python3.8/site-packages/airflow/example_dags/example_setup_teardown.py
[2023-09-13T19:21:58.313+0000] {processor.py:829} INFO - Processing file /home/airflow/.local/lib/python3.8/site-packages/airflow/example_dags/example_setup_teardown.py for tasks to queue
[2023-09-13T19:21:58.316+0000] {logging_mixin.py:151} INFO - [2023-09-13T19:21:58.316+0000] {dagbag.py:539} INFO - Filling up the DagBag from /home/airflow/.local/lib/python3.8/site-packages/airflow/example_dags/example_setup_teardown.py
[2023-09-13T19:21:58.323+0000] {processor.py:839} INFO - DAG(s) dict_keys(['example_setup_teardown']) retrieved from /home/airflow/.local/lib/python3.8/site-packages/airflow/example_dags/example_setup_teardown.py
[2023-09-13T19:21:58.345+0000] {logging_mixin.py:151} INFO - [2023-09-13T19:21:58.345+0000] {dag.py:2915} INFO - Sync 1 DAGs
[2023-09-13T19:21:58.362+0000] {logging_mixin.py:151} INFO - [2023-09-13T19:21:58.362+0000] {dag.py:3696} INFO - Setting next_dagrun for example_setup_teardown to 2023-09-12T19:21:58.362053+00:00, run_after=2023-09-13T19:21:58.362053+00:00
[2023-09-13T19:21:58.377+0000] {processor.py:179} INFO - Processing /home/airflow/.local/lib/python3.8/site-packages/airflow/example_dags/example_setup_teardown.py took 0.071 seconds
[2023-09-13T19:22:29.165+0000] {processor.py:157} INFO - Started process (PID=757) to work on /home/airflow/.local/lib/python3.8/site-packages/airflow/example_dags/example_setup_teardown.py
[2023-09-13T19:22:29.167+0000] {processor.py:829} INFO - Processing file /home/airflow/.local/lib/python3.8/site-packages/airflow/example_dags/example_setup_teardown.py for tasks to queue
[2023-09-13T19:22:29.170+0000] {logging_mixin.py:151} INFO - [2023-09-13T19:22:29.170+0000] {dagbag.py:539} INFO - Filling up the DagBag from /home/airflow/.local/lib/python3.8/site-packages/airflow/example_dags/example_setup_teardown.py
[2023-09-13T19:22:29.177+0000] {processor.py:839} INFO - DAG(s) dict_keys(['example_setup_teardown']) retrieved from /home/airflow/.local/lib/python3.8/site-packages/airflow/example_dags/example_setup_teardown.py
[2023-09-13T19:22:29.199+0000] {logging_mixin.py:151} INFO - [2023-09-13T19:22:29.199+0000] {dag.py:2915} INFO - Sync 1 DAGs
[2023-09-13T19:22:29.216+0000] {logging_mixin.py:151} INFO - [2023-09-13T19:22:29.216+0000] {dag.py:3696} INFO - Setting next_dagrun for example_setup_teardown to 2023-09-12T19:22:29.216502+00:00, run_after=2023-09-13T19:22:29.216502+00:00
[2023-09-13T19:22:29.229+0000] {processor.py:179} INFO - Processing /home/airflow/.local/lib/python3.8/site-packages/airflow/example_dags/example_setup_teardown.py took 0.070 seconds
[2023-09-13T19:22:59.468+0000] {processor.py:157} INFO - Started process (PID=811) to work on /home/airflow/.local/lib/python3.8/site-packages/airflow/example_dags/example_setup_teardown.py
[2023-09-13T19:22:59.470+0000] {processor.py:829} INFO - Processing file /home/airflow/.local/lib/python3.8/site-packages/airflow/example_dags/example_setup_teardown.py for tasks to queue
[2023-09-13T19:22:59.473+0000] {logging_mixin.py:151} INFO - [2023-09-13T19:22:59.473+0000] {dagbag.py:539} INFO - Filling up the DagBag from /home/airflow/.local/lib/python3.8/site-packages/airflow/example_dags/example_setup_teardown.py
[2023-09-13T19:22:59.482+0000] {processor.py:839} INFO - DAG(s) dict_keys(['example_setup_teardown']) retrieved from /home/airflow/.local/lib/python3.8/site-packages/airflow/example_dags/example_setup_teardown.py
[2023-09-13T19:22:59.505+0000] {logging_mixin.py:151} INFO - [2023-09-13T19:22:59.505+0000] {dag.py:2915} INFO - Sync 1 DAGs
[2023-09-13T19:22:59.522+0000] {logging_mixin.py:151} INFO - [2023-09-13T19:22:59.521+0000] {dag.py:3696} INFO - Setting next_dagrun for example_setup_teardown to 2023-09-12T19:22:59.521681+00:00, run_after=2023-09-13T19:22:59.521681+00:00
[2023-09-13T19:22:59.534+0000] {processor.py:179} INFO - Processing /home/airflow/.local/lib/python3.8/site-packages/airflow/example_dags/example_setup_teardown.py took 0.072 seconds
[2023-09-13T19:23:29.773+0000] {processor.py:157} INFO - Started process (PID=865) to work on /home/airflow/.local/lib/python3.8/site-packages/airflow/example_dags/example_setup_teardown.py
[2023-09-13T19:23:29.775+0000] {processor.py:829} INFO - Processing file /home/airflow/.local/lib/python3.8/site-packages/airflow/example_dags/example_setup_teardown.py for tasks to queue
[2023-09-13T19:23:29.778+0000] {logging_mixin.py:151} INFO - [2023-09-13T19:23:29.778+0000] {dagbag.py:539} INFO - Filling up the DagBag from /home/airflow/.local/lib/python3.8/site-packages/airflow/example_dags/example_setup_teardown.py
[2023-09-13T19:23:29.786+0000] {processor.py:839} INFO - DAG(s) dict_keys(['example_setup_teardown']) retrieved from /home/airflow/.local/lib/python3.8/site-packages/airflow/example_dags/example_setup_teardown.py
[2023-09-13T19:23:29.811+0000] {logging_mixin.py:151} INFO - [2023-09-13T19:23:29.811+0000] {dag.py:2915} INFO - Sync 1 DAGs
[2023-09-13T19:23:29.831+0000] {logging_mixin.py:151} INFO - [2023-09-13T19:23:29.831+0000] {dag.py:3696} INFO - Setting next_dagrun for example_setup_teardown to 2023-09-12T19:23:29.831394+00:00, run_after=2023-09-13T19:23:29.831394+00:00
[2023-09-13T19:23:29.847+0000] {processor.py:179} INFO - Processing /home/airflow/.local/lib/python3.8/site-packages/airflow/example_dags/example_setup_teardown.py took 0.080 seconds
[2023-09-13T19:24:00.026+0000] {processor.py:157} INFO - Started process (PID=926) to work on /home/airflow/.local/lib/python3.8/site-packages/airflow/example_dags/example_setup_teardown.py
[2023-09-13T19:24:00.028+0000] {processor.py:829} INFO - Processing file /home/airflow/.local/lib/python3.8/site-packages/airflow/example_dags/example_setup_teardown.py for tasks to queue
[2023-09-13T19:24:00.030+0000] {logging_mixin.py:151} INFO - [2023-09-13T19:24:00.030+0000] {dagbag.py:539} INFO - Filling up the DagBag from /home/airflow/.local/lib/python3.8/site-packages/airflow/example_dags/example_setup_teardown.py
[2023-09-13T19:24:00.037+0000] {processor.py:839} INFO - DAG(s) dict_keys(['example_setup_teardown']) retrieved from /home/airflow/.local/lib/python3.8/site-packages/airflow/example_dags/example_setup_teardown.py
[2023-09-13T19:24:00.059+0000] {logging_mixin.py:151} INFO - [2023-09-13T19:24:00.059+0000] {dag.py:2915} INFO - Sync 1 DAGs
[2023-09-13T19:24:00.077+0000] {logging_mixin.py:151} INFO - [2023-09-13T19:24:00.077+0000] {dag.py:3696} INFO - Setting next_dagrun for example_setup_teardown to 2023-09-12T19:24:00.076838+00:00, run_after=2023-09-13T19:24:00.076838+00:00
[2023-09-13T19:24:00.091+0000] {processor.py:179} INFO - Processing /home/airflow/.local/lib/python3.8/site-packages/airflow/example_dags/example_setup_teardown.py took 0.069 seconds
[2023-09-13T19:24:30.343+0000] {processor.py:157} INFO - Started process (PID=981) to work on /home/airflow/.local/lib/python3.8/site-packages/airflow/example_dags/example_setup_teardown.py
[2023-09-13T19:24:30.346+0000] {processor.py:829} INFO - Processing file /home/airflow/.local/lib/python3.8/site-packages/airflow/example_dags/example_setup_teardown.py for tasks to queue
[2023-09-13T19:24:30.349+0000] {logging_mixin.py:151} INFO - [2023-09-13T19:24:30.349+0000] {dagbag.py:539} INFO - Filling up the DagBag from /home/airflow/.local/lib/python3.8/site-packages/airflow/example_dags/example_setup_teardown.py
[2023-09-13T19:24:30.357+0000] {processor.py:839} INFO - DAG(s) dict_keys(['example_setup_teardown']) retrieved from /home/airflow/.local/lib/python3.8/site-packages/airflow/example_dags/example_setup_teardown.py
[2023-09-13T19:24:30.379+0000] {logging_mixin.py:151} INFO - [2023-09-13T19:24:30.379+0000] {dag.py:2915} INFO - Sync 1 DAGs
[2023-09-13T19:24:30.396+0000] {logging_mixin.py:151} INFO - [2023-09-13T19:24:30.396+0000] {dag.py:3696} INFO - Setting next_dagrun for example_setup_teardown to 2023-09-12T19:24:30.396078+00:00, run_after=2023-09-13T19:24:30.396078+00:00
[2023-09-13T19:24:30.409+0000] {processor.py:179} INFO - Processing /home/airflow/.local/lib/python3.8/site-packages/airflow/example_dags/example_setup_teardown.py took 0.071 seconds
[2023-09-13T19:25:00.588+0000] {processor.py:157} INFO - Started process (PID=1034) to work on /home/airflow/.local/lib/python3.8/site-packages/airflow/example_dags/example_setup_teardown.py
[2023-09-13T19:25:00.591+0000] {processor.py:829} INFO - Processing file /home/airflow/.local/lib/python3.8/site-packages/airflow/example_dags/example_setup_teardown.py for tasks to queue
[2023-09-13T19:25:00.593+0000] {logging_mixin.py:151} INFO - [2023-09-13T19:25:00.593+0000] {dagbag.py:539} INFO - Filling up the DagBag from /home/airflow/.local/lib/python3.8/site-packages/airflow/example_dags/example_setup_teardown.py
[2023-09-13T19:25:00.600+0000] {processor.py:839} INFO - DAG(s) dict_keys(['example_setup_teardown']) retrieved from /home/airflow/.local/lib/python3.8/site-packages/airflow/example_dags/example_setup_teardown.py
[2023-09-13T19:25:00.624+0000] {logging_mixin.py:151} INFO - [2023-09-13T19:25:00.624+0000] {dag.py:2915} INFO - Sync 1 DAGs
[2023-09-13T19:25:00.642+0000] {logging_mixin.py:151} INFO - [2023-09-13T19:25:00.642+0000] {dag.py:3696} INFO - Setting next_dagrun for example_setup_teardown to 2023-09-12T19:25:00.642019+00:00, run_after=2023-09-13T19:25:00.642019+00:00
[2023-09-13T19:25:00.655+0000] {processor.py:179} INFO - Processing /home/airflow/.local/lib/python3.8/site-packages/airflow/example_dags/example_setup_teardown.py took 0.071 seconds
[2023-09-13T19:25:30.775+0000] {processor.py:157} INFO - Started process (PID=1088) to work on /home/airflow/.local/lib/python3.8/site-packages/airflow/example_dags/example_setup_teardown.py
[2023-09-13T19:25:30.777+0000] {processor.py:829} INFO - Processing file /home/airflow/.local/lib/python3.8/site-packages/airflow/example_dags/example_setup_teardown.py for tasks to queue
[2023-09-13T19:25:30.780+0000] {logging_mixin.py:151} INFO - [2023-09-13T19:25:30.779+0000] {dagbag.py:539} INFO - Filling up the DagBag from /home/airflow/.local/lib/python3.8/site-packages/airflow/example_dags/example_setup_teardown.py
[2023-09-13T19:25:30.789+0000] {processor.py:839} INFO - DAG(s) dict_keys(['example_setup_teardown']) retrieved from /home/airflow/.local/lib/python3.8/site-packages/airflow/example_dags/example_setup_teardown.py
[2023-09-13T19:25:30.813+0000] {logging_mixin.py:151} INFO - [2023-09-13T19:25:30.813+0000] {dag.py:2915} INFO - Sync 1 DAGs
[2023-09-13T19:25:30.833+0000] {logging_mixin.py:151} INFO - [2023-09-13T19:25:30.832+0000] {dag.py:3696} INFO - Setting next_dagrun for example_setup_teardown to 2023-09-12T19:25:30.832656+00:00, run_after=2023-09-13T19:25:30.832656+00:00
[2023-09-13T19:25:30.848+0000] {processor.py:179} INFO - Processing /home/airflow/.local/lib/python3.8/site-packages/airflow/example_dags/example_setup_teardown.py took 0.077 seconds
[2023-09-13T19:26:01.586+0000] {processor.py:157} INFO - Started process (PID=1144) to work on /home/airflow/.local/lib/python3.8/site-packages/airflow/example_dags/example_setup_teardown.py
[2023-09-13T19:26:01.587+0000] {processor.py:829} INFO - Processing file /home/airflow/.local/lib/python3.8/site-packages/airflow/example_dags/example_setup_teardown.py for tasks to queue
[2023-09-13T19:26:01.590+0000] {logging_mixin.py:151} INFO - [2023-09-13T19:26:01.589+0000] {dagbag.py:539} INFO - Filling up the DagBag from /home/airflow/.local/lib/python3.8/site-packages/airflow/example_dags/example_setup_teardown.py
[2023-09-13T19:26:01.596+0000] {processor.py:839} INFO - DAG(s) dict_keys(['example_setup_teardown']) retrieved from /home/airflow/.local/lib/python3.8/site-packages/airflow/example_dags/example_setup_teardown.py
[2023-09-13T19:26:01.619+0000] {logging_mixin.py:151} INFO - [2023-09-13T19:26:01.619+0000] {dag.py:2915} INFO - Sync 1 DAGs
[2023-09-13T19:26:01.638+0000] {logging_mixin.py:151} INFO - [2023-09-13T19:26:01.638+0000] {dag.py:3696} INFO - Setting next_dagrun for example_setup_teardown to 2023-09-12T19:26:01.638240+00:00, run_after=2023-09-13T19:26:01.638240+00:00
[2023-09-13T19:26:01.652+0000] {processor.py:179} INFO - Processing /home/airflow/.local/lib/python3.8/site-packages/airflow/example_dags/example_setup_teardown.py took 0.070 seconds
[2023-09-13T19:26:32.075+0000] {processor.py:157} INFO - Started process (PID=1200) to work on /home/airflow/.local/lib/python3.8/site-packages/airflow/example_dags/example_setup_teardown.py
[2023-09-13T19:26:32.077+0000] {processor.py:829} INFO - Processing file /home/airflow/.local/lib/python3.8/site-packages/airflow/example_dags/example_setup_teardown.py for tasks to queue
[2023-09-13T19:26:32.079+0000] {logging_mixin.py:151} INFO - [2023-09-13T19:26:32.079+0000] {dagbag.py:539} INFO - Filling up the DagBag from /home/airflow/.local/lib/python3.8/site-packages/airflow/example_dags/example_setup_teardown.py
[2023-09-13T19:26:32.086+0000] {processor.py:839} INFO - DAG(s) dict_keys(['example_setup_teardown']) retrieved from /home/airflow/.local/lib/python3.8/site-packages/airflow/example_dags/example_setup_teardown.py
[2023-09-13T19:26:32.108+0000] {logging_mixin.py:151} INFO - [2023-09-13T19:26:32.108+0000] {dag.py:2915} INFO - Sync 1 DAGs
[2023-09-13T19:26:32.126+0000] {logging_mixin.py:151} INFO - [2023-09-13T19:26:32.126+0000] {dag.py:3696} INFO - Setting next_dagrun for example_setup_teardown to 2023-09-12T19:26:32.126056+00:00, run_after=2023-09-13T19:26:32.126056+00:00
[2023-09-13T19:26:32.138+0000] {processor.py:179} INFO - Processing /home/airflow/.local/lib/python3.8/site-packages/airflow/example_dags/example_setup_teardown.py took 0.067 seconds
[2023-09-13T19:27:02.545+0000] {processor.py:157} INFO - Started process (PID=1255) to work on /home/airflow/.local/lib/python3.8/site-packages/airflow/example_dags/example_setup_teardown.py
[2023-09-13T19:27:02.547+0000] {processor.py:829} INFO - Processing file /home/airflow/.local/lib/python3.8/site-packages/airflow/example_dags/example_setup_teardown.py for tasks to queue
[2023-09-13T19:27:02.550+0000] {logging_mixin.py:151} INFO - [2023-09-13T19:27:02.549+0000] {dagbag.py:539} INFO - Filling up the DagBag from /home/airflow/.local/lib/python3.8/site-packages/airflow/example_dags/example_setup_teardown.py
[2023-09-13T19:27:02.557+0000] {processor.py:839} INFO - DAG(s) dict_keys(['example_setup_teardown']) retrieved from /home/airflow/.local/lib/python3.8/site-packages/airflow/example_dags/example_setup_teardown.py
[2023-09-13T19:27:02.581+0000] {logging_mixin.py:151} INFO - [2023-09-13T19:27:02.581+0000] {dag.py:2915} INFO - Sync 1 DAGs
[2023-09-13T19:27:02.599+0000] {logging_mixin.py:151} INFO - [2023-09-13T19:27:02.599+0000] {dag.py:3696} INFO - Setting next_dagrun for example_setup_teardown to 2023-09-12T19:27:02.599494+00:00, run_after=2023-09-13T19:27:02.599494+00:00
[2023-09-13T19:27:02.613+0000] {processor.py:179} INFO - Processing /home/airflow/.local/lib/python3.8/site-packages/airflow/example_dags/example_setup_teardown.py took 0.072 seconds
[2023-09-13T19:28:16.376+0000] {processor.py:157} INFO - Started process (PID=56) to work on /home/airflow/.local/lib/python3.8/site-packages/airflow/example_dags/example_setup_teardown.py
[2023-09-13T19:28:16.379+0000] {processor.py:829} INFO - Processing file /home/airflow/.local/lib/python3.8/site-packages/airflow/example_dags/example_setup_teardown.py for tasks to queue
[2023-09-13T19:28:16.384+0000] {logging_mixin.py:151} INFO - [2023-09-13T19:28:16.383+0000] {dagbag.py:539} INFO - Filling up the DagBag from /home/airflow/.local/lib/python3.8/site-packages/airflow/example_dags/example_setup_teardown.py
[2023-09-13T19:28:16.398+0000] {processor.py:839} INFO - DAG(s) dict_keys(['example_setup_teardown']) retrieved from /home/airflow/.local/lib/python3.8/site-packages/airflow/example_dags/example_setup_teardown.py
[2023-09-13T19:28:16.428+0000] {logging_mixin.py:151} INFO - [2023-09-13T19:28:16.428+0000] {dag.py:2915} INFO - Sync 1 DAGs
[2023-09-13T19:28:16.463+0000] {logging_mixin.py:151} INFO - [2023-09-13T19:28:16.463+0000] {dag.py:3696} INFO - Setting next_dagrun for example_setup_teardown to 2023-09-12T19:28:16.463038+00:00, run_after=2023-09-13T19:28:16.463038+00:00
[2023-09-13T19:28:16.496+0000] {processor.py:179} INFO - Processing /home/airflow/.local/lib/python3.8/site-packages/airflow/example_dags/example_setup_teardown.py took 0.129 seconds
[2023-09-13T19:28:47.323+0000] {processor.py:157} INFO - Started process (PID=112) to work on /home/airflow/.local/lib/python3.8/site-packages/airflow/example_dags/example_setup_teardown.py
[2023-09-13T19:28:47.325+0000] {processor.py:829} INFO - Processing file /home/airflow/.local/lib/python3.8/site-packages/airflow/example_dags/example_setup_teardown.py for tasks to queue
[2023-09-13T19:28:47.328+0000] {logging_mixin.py:151} INFO - [2023-09-13T19:28:47.328+0000] {dagbag.py:539} INFO - Filling up the DagBag from /home/airflow/.local/lib/python3.8/site-packages/airflow/example_dags/example_setup_teardown.py
[2023-09-13T19:28:47.337+0000] {processor.py:839} INFO - DAG(s) dict_keys(['example_setup_teardown']) retrieved from /home/airflow/.local/lib/python3.8/site-packages/airflow/example_dags/example_setup_teardown.py
[2023-09-13T19:28:47.358+0000] {logging_mixin.py:151} INFO - [2023-09-13T19:28:47.358+0000] {dag.py:2915} INFO - Sync 1 DAGs
[2023-09-13T19:28:47.375+0000] {logging_mixin.py:151} INFO - [2023-09-13T19:28:47.375+0000] {dag.py:3696} INFO - Setting next_dagrun for example_setup_teardown to 2023-09-12T19:28:47.375432+00:00, run_after=2023-09-13T19:28:47.375432+00:00
[2023-09-13T19:28:47.388+0000] {processor.py:179} INFO - Processing /home/airflow/.local/lib/python3.8/site-packages/airflow/example_dags/example_setup_teardown.py took 0.069 seconds
[2023-09-13T19:29:17.538+0000] {processor.py:157} INFO - Started process (PID=167) to work on /home/airflow/.local/lib/python3.8/site-packages/airflow/example_dags/example_setup_teardown.py
[2023-09-13T19:29:17.539+0000] {processor.py:829} INFO - Processing file /home/airflow/.local/lib/python3.8/site-packages/airflow/example_dags/example_setup_teardown.py for tasks to queue
[2023-09-13T19:29:17.542+0000] {logging_mixin.py:151} INFO - [2023-09-13T19:29:17.541+0000] {dagbag.py:539} INFO - Filling up the DagBag from /home/airflow/.local/lib/python3.8/site-packages/airflow/example_dags/example_setup_teardown.py
[2023-09-13T19:29:17.549+0000] {processor.py:839} INFO - DAG(s) dict_keys(['example_setup_teardown']) retrieved from /home/airflow/.local/lib/python3.8/site-packages/airflow/example_dags/example_setup_teardown.py
[2023-09-13T19:29:17.570+0000] {logging_mixin.py:151} INFO - [2023-09-13T19:29:17.570+0000] {dag.py:2915} INFO - Sync 1 DAGs
[2023-09-13T19:29:17.587+0000] {logging_mixin.py:151} INFO - [2023-09-13T19:29:17.587+0000] {dag.py:3696} INFO - Setting next_dagrun for example_setup_teardown to 2023-09-12T19:29:17.587407+00:00, run_after=2023-09-13T19:29:17.587407+00:00
[2023-09-13T19:29:17.600+0000] {processor.py:179} INFO - Processing /home/airflow/.local/lib/python3.8/site-packages/airflow/example_dags/example_setup_teardown.py took 0.066 seconds
[2023-09-13T19:29:47.884+0000] {processor.py:157} INFO - Started process (PID=221) to work on /home/airflow/.local/lib/python3.8/site-packages/airflow/example_dags/example_setup_teardown.py
[2023-09-13T19:29:47.885+0000] {processor.py:829} INFO - Processing file /home/airflow/.local/lib/python3.8/site-packages/airflow/example_dags/example_setup_teardown.py for tasks to queue
[2023-09-13T19:29:47.888+0000] {logging_mixin.py:151} INFO - [2023-09-13T19:29:47.888+0000] {dagbag.py:539} INFO - Filling up the DagBag from /home/airflow/.local/lib/python3.8/site-packages/airflow/example_dags/example_setup_teardown.py
[2023-09-13T19:29:47.895+0000] {processor.py:839} INFO - DAG(s) dict_keys(['example_setup_teardown']) retrieved from /home/airflow/.local/lib/python3.8/site-packages/airflow/example_dags/example_setup_teardown.py
[2023-09-13T19:29:47.917+0000] {logging_mixin.py:151} INFO - [2023-09-13T19:29:47.917+0000] {dag.py:2915} INFO - Sync 1 DAGs
[2023-09-13T19:29:47.936+0000] {logging_mixin.py:151} INFO - [2023-09-13T19:29:47.936+0000] {dag.py:3696} INFO - Setting next_dagrun for example_setup_teardown to 2023-09-12T19:29:47.936523+00:00, run_after=2023-09-13T19:29:47.936523+00:00
[2023-09-13T19:29:47.949+0000] {processor.py:179} INFO - Processing /home/airflow/.local/lib/python3.8/site-packages/airflow/example_dags/example_setup_teardown.py took 0.069 seconds
[2023-09-13T19:30:18.308+0000] {processor.py:157} INFO - Started process (PID=275) to work on /home/airflow/.local/lib/python3.8/site-packages/airflow/example_dags/example_setup_teardown.py
[2023-09-13T19:30:18.310+0000] {processor.py:829} INFO - Processing file /home/airflow/.local/lib/python3.8/site-packages/airflow/example_dags/example_setup_teardown.py for tasks to queue
[2023-09-13T19:30:18.314+0000] {logging_mixin.py:151} INFO - [2023-09-13T19:30:18.313+0000] {dagbag.py:539} INFO - Filling up the DagBag from /home/airflow/.local/lib/python3.8/site-packages/airflow/example_dags/example_setup_teardown.py
[2023-09-13T19:30:18.322+0000] {processor.py:839} INFO - DAG(s) dict_keys(['example_setup_teardown']) retrieved from /home/airflow/.local/lib/python3.8/site-packages/airflow/example_dags/example_setup_teardown.py
[2023-09-13T19:30:18.352+0000] {logging_mixin.py:151} INFO - [2023-09-13T19:30:18.352+0000] {dag.py:2915} INFO - Sync 1 DAGs
[2023-09-13T19:30:18.375+0000] {logging_mixin.py:151} INFO - [2023-09-13T19:30:18.374+0000] {dag.py:3696} INFO - Setting next_dagrun for example_setup_teardown to 2023-09-12T19:30:18.374468+00:00, run_after=2023-09-13T19:30:18.374468+00:00
[2023-09-13T19:30:18.397+0000] {processor.py:179} INFO - Processing /home/airflow/.local/lib/python3.8/site-packages/airflow/example_dags/example_setup_teardown.py took 0.093 seconds
[2023-09-13T19:31:31.761+0000] {processor.py:157} INFO - Started process (PID=57) to work on /home/airflow/.local/lib/python3.8/site-packages/airflow/example_dags/example_setup_teardown.py
[2023-09-13T19:31:31.763+0000] {processor.py:829} INFO - Processing file /home/airflow/.local/lib/python3.8/site-packages/airflow/example_dags/example_setup_teardown.py for tasks to queue
[2023-09-13T19:31:31.768+0000] {logging_mixin.py:151} INFO - [2023-09-13T19:31:31.767+0000] {dagbag.py:539} INFO - Filling up the DagBag from /home/airflow/.local/lib/python3.8/site-packages/airflow/example_dags/example_setup_teardown.py
[2023-09-13T19:31:31.780+0000] {processor.py:839} INFO - DAG(s) dict_keys(['example_setup_teardown']) retrieved from /home/airflow/.local/lib/python3.8/site-packages/airflow/example_dags/example_setup_teardown.py
[2023-09-13T19:31:31.809+0000] {logging_mixin.py:151} INFO - [2023-09-13T19:31:31.809+0000] {dag.py:2915} INFO - Sync 1 DAGs
[2023-09-13T19:31:31.856+0000] {logging_mixin.py:151} INFO - [2023-09-13T19:31:31.856+0000] {dag.py:3696} INFO - Setting next_dagrun for example_setup_teardown to 2023-09-12T19:31:31.855485+00:00, run_after=2023-09-13T19:31:31.855485+00:00
[2023-09-13T19:31:31.897+0000] {processor.py:179} INFO - Processing /home/airflow/.local/lib/python3.8/site-packages/airflow/example_dags/example_setup_teardown.py took 0.143 seconds
[2023-09-13T19:32:02.870+0000] {processor.py:157} INFO - Started process (PID=112) to work on /home/airflow/.local/lib/python3.8/site-packages/airflow/example_dags/example_setup_teardown.py
[2023-09-13T19:32:02.872+0000] {processor.py:829} INFO - Processing file /home/airflow/.local/lib/python3.8/site-packages/airflow/example_dags/example_setup_teardown.py for tasks to queue
[2023-09-13T19:32:02.875+0000] {logging_mixin.py:151} INFO - [2023-09-13T19:32:02.875+0000] {dagbag.py:539} INFO - Filling up the DagBag from /home/airflow/.local/lib/python3.8/site-packages/airflow/example_dags/example_setup_teardown.py
[2023-09-13T19:32:02.882+0000] {processor.py:839} INFO - DAG(s) dict_keys(['example_setup_teardown']) retrieved from /home/airflow/.local/lib/python3.8/site-packages/airflow/example_dags/example_setup_teardown.py
[2023-09-13T19:32:02.905+0000] {logging_mixin.py:151} INFO - [2023-09-13T19:32:02.905+0000] {dag.py:2915} INFO - Sync 1 DAGs
[2023-09-13T19:32:02.925+0000] {logging_mixin.py:151} INFO - [2023-09-13T19:32:02.925+0000] {dag.py:3696} INFO - Setting next_dagrun for example_setup_teardown to 2023-09-12T19:32:02.925315+00:00, run_after=2023-09-13T19:32:02.925315+00:00
[2023-09-13T19:32:02.939+0000] {processor.py:179} INFO - Processing /home/airflow/.local/lib/python3.8/site-packages/airflow/example_dags/example_setup_teardown.py took 0.074 seconds
[2023-09-13T19:32:33.177+0000] {processor.py:157} INFO - Started process (PID=167) to work on /home/airflow/.local/lib/python3.8/site-packages/airflow/example_dags/example_setup_teardown.py
[2023-09-13T19:32:33.178+0000] {processor.py:829} INFO - Processing file /home/airflow/.local/lib/python3.8/site-packages/airflow/example_dags/example_setup_teardown.py for tasks to queue
[2023-09-13T19:32:33.181+0000] {logging_mixin.py:151} INFO - [2023-09-13T19:32:33.180+0000] {dagbag.py:539} INFO - Filling up the DagBag from /home/airflow/.local/lib/python3.8/site-packages/airflow/example_dags/example_setup_teardown.py
[2023-09-13T19:32:33.187+0000] {processor.py:839} INFO - DAG(s) dict_keys(['example_setup_teardown']) retrieved from /home/airflow/.local/lib/python3.8/site-packages/airflow/example_dags/example_setup_teardown.py
[2023-09-13T19:32:33.209+0000] {logging_mixin.py:151} INFO - [2023-09-13T19:32:33.209+0000] {dag.py:2915} INFO - Sync 1 DAGs
[2023-09-13T19:32:33.226+0000] {logging_mixin.py:151} INFO - [2023-09-13T19:32:33.225+0000] {dag.py:3696} INFO - Setting next_dagrun for example_setup_teardown to 2023-09-12T19:32:33.225592+00:00, run_after=2023-09-13T19:32:33.225592+00:00
[2023-09-13T19:32:33.238+0000] {processor.py:179} INFO - Processing /home/airflow/.local/lib/python3.8/site-packages/airflow/example_dags/example_setup_teardown.py took 0.064 seconds
[2023-09-13T19:33:04.143+0000] {processor.py:157} INFO - Started process (PID=222) to work on /home/airflow/.local/lib/python3.8/site-packages/airflow/example_dags/example_setup_teardown.py
[2023-09-13T19:33:04.144+0000] {processor.py:829} INFO - Processing file /home/airflow/.local/lib/python3.8/site-packages/airflow/example_dags/example_setup_teardown.py for tasks to queue
[2023-09-13T19:33:04.147+0000] {logging_mixin.py:151} INFO - [2023-09-13T19:33:04.146+0000] {dagbag.py:539} INFO - Filling up the DagBag from /home/airflow/.local/lib/python3.8/site-packages/airflow/example_dags/example_setup_teardown.py
[2023-09-13T19:33:04.153+0000] {processor.py:839} INFO - DAG(s) dict_keys(['example_setup_teardown']) retrieved from /home/airflow/.local/lib/python3.8/site-packages/airflow/example_dags/example_setup_teardown.py
[2023-09-13T19:33:04.174+0000] {logging_mixin.py:151} INFO - [2023-09-13T19:33:04.174+0000] {dag.py:2915} INFO - Sync 1 DAGs
[2023-09-13T19:33:04.194+0000] {logging_mixin.py:151} INFO - [2023-09-13T19:33:04.194+0000] {dag.py:3696} INFO - Setting next_dagrun for example_setup_teardown to 2023-09-12T19:33:04.194480+00:00, run_after=2023-09-13T19:33:04.194480+00:00
[2023-09-13T19:33:04.207+0000] {processor.py:179} INFO - Processing /home/airflow/.local/lib/python3.8/site-packages/airflow/example_dags/example_setup_teardown.py took 0.068 seconds
[2023-09-13T19:33:35.140+0000] {processor.py:157} INFO - Started process (PID=277) to work on /home/airflow/.local/lib/python3.8/site-packages/airflow/example_dags/example_setup_teardown.py
[2023-09-13T19:33:35.143+0000] {processor.py:829} INFO - Processing file /home/airflow/.local/lib/python3.8/site-packages/airflow/example_dags/example_setup_teardown.py for tasks to queue
[2023-09-13T19:33:35.145+0000] {logging_mixin.py:151} INFO - [2023-09-13T19:33:35.145+0000] {dagbag.py:539} INFO - Filling up the DagBag from /home/airflow/.local/lib/python3.8/site-packages/airflow/example_dags/example_setup_teardown.py
[2023-09-13T19:33:35.152+0000] {processor.py:839} INFO - DAG(s) dict_keys(['example_setup_teardown']) retrieved from /home/airflow/.local/lib/python3.8/site-packages/airflow/example_dags/example_setup_teardown.py
[2023-09-13T19:33:35.174+0000] {logging_mixin.py:151} INFO - [2023-09-13T19:33:35.174+0000] {dag.py:2915} INFO - Sync 1 DAGs
[2023-09-13T19:33:35.191+0000] {logging_mixin.py:151} INFO - [2023-09-13T19:33:35.191+0000] {dag.py:3696} INFO - Setting next_dagrun for example_setup_teardown to 2023-09-12T19:33:35.191381+00:00, run_after=2023-09-13T19:33:35.191381+00:00
[2023-09-13T19:33:35.205+0000] {processor.py:179} INFO - Processing /home/airflow/.local/lib/python3.8/site-packages/airflow/example_dags/example_setup_teardown.py took 0.069 seconds
[2023-09-13T19:34:05.926+0000] {processor.py:157} INFO - Started process (PID=332) to work on /home/airflow/.local/lib/python3.8/site-packages/airflow/example_dags/example_setup_teardown.py
[2023-09-13T19:34:05.927+0000] {processor.py:829} INFO - Processing file /home/airflow/.local/lib/python3.8/site-packages/airflow/example_dags/example_setup_teardown.py for tasks to queue
[2023-09-13T19:34:05.930+0000] {logging_mixin.py:151} INFO - [2023-09-13T19:34:05.929+0000] {dagbag.py:539} INFO - Filling up the DagBag from /home/airflow/.local/lib/python3.8/site-packages/airflow/example_dags/example_setup_teardown.py
[2023-09-13T19:34:05.936+0000] {processor.py:839} INFO - DAG(s) dict_keys(['example_setup_teardown']) retrieved from /home/airflow/.local/lib/python3.8/site-packages/airflow/example_dags/example_setup_teardown.py
[2023-09-13T19:34:05.957+0000] {logging_mixin.py:151} INFO - [2023-09-13T19:34:05.957+0000] {dag.py:2915} INFO - Sync 1 DAGs
[2023-09-13T19:34:05.974+0000] {logging_mixin.py:151} INFO - [2023-09-13T19:34:05.974+0000] {dag.py:3696} INFO - Setting next_dagrun for example_setup_teardown to 2023-09-12T19:34:05.974001+00:00, run_after=2023-09-13T19:34:05.974001+00:00
[2023-09-13T19:34:05.988+0000] {processor.py:179} INFO - Processing /home/airflow/.local/lib/python3.8/site-packages/airflow/example_dags/example_setup_teardown.py took 0.065 seconds
