[2023-09-13T19:15:47.607+0000] {processor.py:157} INFO - Started process (PID=36) to work on /home/airflow/.local/lib/python3.8/site-packages/airflow/example_dags/example_latest_only.py
[2023-09-13T19:15:47.610+0000] {processor.py:829} INFO - Processing file /home/airflow/.local/lib/python3.8/site-packages/airflow/example_dags/example_latest_only.py for tasks to queue
[2023-09-13T19:15:47.614+0000] {logging_mixin.py:151} INFO - [2023-09-13T19:15:47.613+0000] {dagbag.py:539} INFO - Filling up the DagBag from /home/airflow/.local/lib/python3.8/site-packages/airflow/example_dags/example_latest_only.py
[2023-09-13T19:15:47.626+0000] {processor.py:839} INFO - DAG(s) dict_keys(['latest_only']) retrieved from /home/airflow/.local/lib/python3.8/site-packages/airflow/example_dags/example_latest_only.py
[2023-09-13T19:15:47.740+0000] {logging_mixin.py:151} INFO - [2023-09-13T19:15:47.739+0000] {manager.py:499} INFO - Created Permission View: %s
[2023-09-13T19:15:47.756+0000] {logging_mixin.py:151} INFO - [2023-09-13T19:15:47.756+0000] {manager.py:499} INFO - Created Permission View: %s
[2023-09-13T19:15:47.764+0000] {logging_mixin.py:151} INFO - [2023-09-13T19:15:47.764+0000] {manager.py:499} INFO - Created Permission View: %s
[2023-09-13T19:15:47.765+0000] {logging_mixin.py:151} INFO - [2023-09-13T19:15:47.765+0000] {security.py:708} INFO - Not syncing DAG-level permissions for DAG 'DAG:latest_only' as access control is unset.
[2023-09-13T19:15:47.767+0000] {logging_mixin.py:151} INFO - [2023-09-13T19:15:47.767+0000] {dag.py:2915} INFO - Sync 1 DAGs
[2023-09-13T19:15:47.781+0000] {logging_mixin.py:151} INFO - [2023-09-13T19:15:47.781+0000] {dag.py:2937} INFO - Creating ORM DAG for latest_only
[2023-09-13T19:15:47.798+0000] {logging_mixin.py:151} INFO - [2023-09-13T19:15:47.798+0000] {dag.py:3696} INFO - Setting next_dagrun for latest_only to 2023-09-13T15:15:47.797355+00:00, run_after=2023-09-13T19:15:47.797355+00:00
[2023-09-13T19:15:47.830+0000] {processor.py:179} INFO - Processing /home/airflow/.local/lib/python3.8/site-packages/airflow/example_dags/example_latest_only.py took 0.229 seconds
[2023-09-13T19:16:18.333+0000] {processor.py:157} INFO - Started process (PID=90) to work on /home/airflow/.local/lib/python3.8/site-packages/airflow/example_dags/example_latest_only.py
[2023-09-13T19:16:18.334+0000] {processor.py:829} INFO - Processing file /home/airflow/.local/lib/python3.8/site-packages/airflow/example_dags/example_latest_only.py for tasks to queue
[2023-09-13T19:16:18.337+0000] {logging_mixin.py:151} INFO - [2023-09-13T19:16:18.336+0000] {dagbag.py:539} INFO - Filling up the DagBag from /home/airflow/.local/lib/python3.8/site-packages/airflow/example_dags/example_latest_only.py
[2023-09-13T19:16:18.343+0000] {processor.py:839} INFO - DAG(s) dict_keys(['latest_only']) retrieved from /home/airflow/.local/lib/python3.8/site-packages/airflow/example_dags/example_latest_only.py
[2023-09-13T19:16:18.366+0000] {logging_mixin.py:151} INFO - [2023-09-13T19:16:18.366+0000] {dag.py:2915} INFO - Sync 1 DAGs
[2023-09-13T19:16:18.388+0000] {logging_mixin.py:151} INFO - [2023-09-13T19:16:18.388+0000] {dag.py:3696} INFO - Setting next_dagrun for latest_only to 2023-09-13T15:16:18.387497+00:00, run_after=2023-09-13T19:16:18.387497+00:00
[2023-09-13T19:16:18.402+0000] {processor.py:179} INFO - Processing /home/airflow/.local/lib/python3.8/site-packages/airflow/example_dags/example_latest_only.py took 0.073 seconds
[2023-09-13T19:16:48.571+0000] {processor.py:157} INFO - Started process (PID=143) to work on /home/airflow/.local/lib/python3.8/site-packages/airflow/example_dags/example_latest_only.py
[2023-09-13T19:16:48.572+0000] {processor.py:829} INFO - Processing file /home/airflow/.local/lib/python3.8/site-packages/airflow/example_dags/example_latest_only.py for tasks to queue
[2023-09-13T19:16:48.575+0000] {logging_mixin.py:151} INFO - [2023-09-13T19:16:48.575+0000] {dagbag.py:539} INFO - Filling up the DagBag from /home/airflow/.local/lib/python3.8/site-packages/airflow/example_dags/example_latest_only.py
[2023-09-13T19:16:48.580+0000] {processor.py:839} INFO - DAG(s) dict_keys(['latest_only']) retrieved from /home/airflow/.local/lib/python3.8/site-packages/airflow/example_dags/example_latest_only.py
[2023-09-13T19:16:48.601+0000] {logging_mixin.py:151} INFO - [2023-09-13T19:16:48.601+0000] {dag.py:2915} INFO - Sync 1 DAGs
[2023-09-13T19:16:48.617+0000] {logging_mixin.py:151} INFO - [2023-09-13T19:16:48.617+0000] {dag.py:3696} INFO - Setting next_dagrun for latest_only to 2023-09-13T15:16:48.617543+00:00, run_after=2023-09-13T19:16:48.617543+00:00
[2023-09-13T19:16:48.630+0000] {processor.py:179} INFO - Processing /home/airflow/.local/lib/python3.8/site-packages/airflow/example_dags/example_latest_only.py took 0.062 seconds
[2023-09-13T19:17:18.972+0000] {processor.py:157} INFO - Started process (PID=197) to work on /home/airflow/.local/lib/python3.8/site-packages/airflow/example_dags/example_latest_only.py
[2023-09-13T19:17:18.974+0000] {processor.py:829} INFO - Processing file /home/airflow/.local/lib/python3.8/site-packages/airflow/example_dags/example_latest_only.py for tasks to queue
[2023-09-13T19:17:18.976+0000] {logging_mixin.py:151} INFO - [2023-09-13T19:17:18.976+0000] {dagbag.py:539} INFO - Filling up the DagBag from /home/airflow/.local/lib/python3.8/site-packages/airflow/example_dags/example_latest_only.py
[2023-09-13T19:17:18.982+0000] {processor.py:839} INFO - DAG(s) dict_keys(['latest_only']) retrieved from /home/airflow/.local/lib/python3.8/site-packages/airflow/example_dags/example_latest_only.py
[2023-09-13T19:17:19.006+0000] {logging_mixin.py:151} INFO - [2023-09-13T19:17:19.006+0000] {dag.py:2915} INFO - Sync 1 DAGs
[2023-09-13T19:17:19.025+0000] {logging_mixin.py:151} INFO - [2023-09-13T19:17:19.025+0000] {dag.py:3696} INFO - Setting next_dagrun for latest_only to 2023-09-13T15:17:19.025030+00:00, run_after=2023-09-13T19:17:19.025030+00:00
[2023-09-13T19:17:19.039+0000] {processor.py:179} INFO - Processing /home/airflow/.local/lib/python3.8/site-packages/airflow/example_dags/example_latest_only.py took 0.071 seconds
[2023-09-13T19:17:49.257+0000] {processor.py:157} INFO - Started process (PID=251) to work on /home/airflow/.local/lib/python3.8/site-packages/airflow/example_dags/example_latest_only.py
[2023-09-13T19:17:49.258+0000] {processor.py:829} INFO - Processing file /home/airflow/.local/lib/python3.8/site-packages/airflow/example_dags/example_latest_only.py for tasks to queue
[2023-09-13T19:17:49.260+0000] {logging_mixin.py:151} INFO - [2023-09-13T19:17:49.260+0000] {dagbag.py:539} INFO - Filling up the DagBag from /home/airflow/.local/lib/python3.8/site-packages/airflow/example_dags/example_latest_only.py
[2023-09-13T19:17:49.266+0000] {processor.py:839} INFO - DAG(s) dict_keys(['latest_only']) retrieved from /home/airflow/.local/lib/python3.8/site-packages/airflow/example_dags/example_latest_only.py
[2023-09-13T19:17:49.286+0000] {logging_mixin.py:151} INFO - [2023-09-13T19:17:49.286+0000] {dag.py:2915} INFO - Sync 1 DAGs
[2023-09-13T19:17:49.303+0000] {logging_mixin.py:151} INFO - [2023-09-13T19:17:49.303+0000] {dag.py:3696} INFO - Setting next_dagrun for latest_only to 2023-09-13T15:17:49.302889+00:00, run_after=2023-09-13T19:17:49.302889+00:00
[2023-09-13T19:17:49.315+0000] {processor.py:179} INFO - Processing /home/airflow/.local/lib/python3.8/site-packages/airflow/example_dags/example_latest_only.py took 0.061 seconds
[2023-09-13T19:18:19.491+0000] {processor.py:157} INFO - Started process (PID=305) to work on /home/airflow/.local/lib/python3.8/site-packages/airflow/example_dags/example_latest_only.py
[2023-09-13T19:18:19.493+0000] {processor.py:829} INFO - Processing file /home/airflow/.local/lib/python3.8/site-packages/airflow/example_dags/example_latest_only.py for tasks to queue
[2023-09-13T19:18:19.496+0000] {logging_mixin.py:151} INFO - [2023-09-13T19:18:19.495+0000] {dagbag.py:539} INFO - Filling up the DagBag from /home/airflow/.local/lib/python3.8/site-packages/airflow/example_dags/example_latest_only.py
[2023-09-13T19:18:19.502+0000] {processor.py:839} INFO - DAG(s) dict_keys(['latest_only']) retrieved from /home/airflow/.local/lib/python3.8/site-packages/airflow/example_dags/example_latest_only.py
[2023-09-13T19:18:19.530+0000] {logging_mixin.py:151} INFO - [2023-09-13T19:18:19.529+0000] {dag.py:2915} INFO - Sync 1 DAGs
[2023-09-13T19:18:19.548+0000] {logging_mixin.py:151} INFO - [2023-09-13T19:18:19.548+0000] {dag.py:3696} INFO - Setting next_dagrun for latest_only to 2023-09-13T15:18:19.548412+00:00, run_after=2023-09-13T19:18:19.548412+00:00
[2023-09-13T19:18:19.562+0000] {processor.py:179} INFO - Processing /home/airflow/.local/lib/python3.8/site-packages/airflow/example_dags/example_latest_only.py took 0.075 seconds
[2023-09-13T19:18:49.778+0000] {processor.py:157} INFO - Started process (PID=359) to work on /home/airflow/.local/lib/python3.8/site-packages/airflow/example_dags/example_latest_only.py
[2023-09-13T19:18:49.780+0000] {processor.py:829} INFO - Processing file /home/airflow/.local/lib/python3.8/site-packages/airflow/example_dags/example_latest_only.py for tasks to queue
[2023-09-13T19:18:49.783+0000] {logging_mixin.py:151} INFO - [2023-09-13T19:18:49.782+0000] {dagbag.py:539} INFO - Filling up the DagBag from /home/airflow/.local/lib/python3.8/site-packages/airflow/example_dags/example_latest_only.py
[2023-09-13T19:18:49.788+0000] {processor.py:839} INFO - DAG(s) dict_keys(['latest_only']) retrieved from /home/airflow/.local/lib/python3.8/site-packages/airflow/example_dags/example_latest_only.py
[2023-09-13T19:18:49.809+0000] {logging_mixin.py:151} INFO - [2023-09-13T19:18:49.809+0000] {dag.py:2915} INFO - Sync 1 DAGs
[2023-09-13T19:18:49.826+0000] {logging_mixin.py:151} INFO - [2023-09-13T19:18:49.826+0000] {dag.py:3696} INFO - Setting next_dagrun for latest_only to 2023-09-13T15:18:49.826060+00:00, run_after=2023-09-13T19:18:49.826060+00:00
[2023-09-13T19:18:49.839+0000] {processor.py:179} INFO - Processing /home/airflow/.local/lib/python3.8/site-packages/airflow/example_dags/example_latest_only.py took 0.064 seconds
[2023-09-13T19:19:20.024+0000] {processor.py:157} INFO - Started process (PID=414) to work on /home/airflow/.local/lib/python3.8/site-packages/airflow/example_dags/example_latest_only.py
[2023-09-13T19:19:20.025+0000] {processor.py:829} INFO - Processing file /home/airflow/.local/lib/python3.8/site-packages/airflow/example_dags/example_latest_only.py for tasks to queue
[2023-09-13T19:19:20.028+0000] {logging_mixin.py:151} INFO - [2023-09-13T19:19:20.027+0000] {dagbag.py:539} INFO - Filling up the DagBag from /home/airflow/.local/lib/python3.8/site-packages/airflow/example_dags/example_latest_only.py
[2023-09-13T19:19:20.033+0000] {processor.py:839} INFO - DAG(s) dict_keys(['latest_only']) retrieved from /home/airflow/.local/lib/python3.8/site-packages/airflow/example_dags/example_latest_only.py
[2023-09-13T19:19:20.055+0000] {logging_mixin.py:151} INFO - [2023-09-13T19:19:20.054+0000] {dag.py:2915} INFO - Sync 1 DAGs
[2023-09-13T19:19:20.072+0000] {logging_mixin.py:151} INFO - [2023-09-13T19:19:20.072+0000] {dag.py:3696} INFO - Setting next_dagrun for latest_only to 2023-09-13T15:19:20.072022+00:00, run_after=2023-09-13T19:19:20.072022+00:00
[2023-09-13T19:19:20.085+0000] {processor.py:179} INFO - Processing /home/airflow/.local/lib/python3.8/site-packages/airflow/example_dags/example_latest_only.py took 0.064 seconds
[2023-09-13T19:19:50.374+0000] {processor.py:157} INFO - Started process (PID=468) to work on /home/airflow/.local/lib/python3.8/site-packages/airflow/example_dags/example_latest_only.py
[2023-09-13T19:19:50.375+0000] {processor.py:829} INFO - Processing file /home/airflow/.local/lib/python3.8/site-packages/airflow/example_dags/example_latest_only.py for tasks to queue
[2023-09-13T19:19:50.378+0000] {logging_mixin.py:151} INFO - [2023-09-13T19:19:50.377+0000] {dagbag.py:539} INFO - Filling up the DagBag from /home/airflow/.local/lib/python3.8/site-packages/airflow/example_dags/example_latest_only.py
[2023-09-13T19:19:50.384+0000] {processor.py:839} INFO - DAG(s) dict_keys(['latest_only']) retrieved from /home/airflow/.local/lib/python3.8/site-packages/airflow/example_dags/example_latest_only.py
[2023-09-13T19:19:50.405+0000] {logging_mixin.py:151} INFO - [2023-09-13T19:19:50.405+0000] {dag.py:2915} INFO - Sync 1 DAGs
[2023-09-13T19:19:50.423+0000] {logging_mixin.py:151} INFO - [2023-09-13T19:19:50.423+0000] {dag.py:3696} INFO - Setting next_dagrun for latest_only to 2023-09-13T15:19:50.423498+00:00, run_after=2023-09-13T19:19:50.423498+00:00
[2023-09-13T19:19:50.438+0000] {processor.py:179} INFO - Processing /home/airflow/.local/lib/python3.8/site-packages/airflow/example_dags/example_latest_only.py took 0.068 seconds
[2023-09-13T19:20:20.656+0000] {processor.py:157} INFO - Started process (PID=521) to work on /home/airflow/.local/lib/python3.8/site-packages/airflow/example_dags/example_latest_only.py
[2023-09-13T19:20:20.657+0000] {processor.py:829} INFO - Processing file /home/airflow/.local/lib/python3.8/site-packages/airflow/example_dags/example_latest_only.py for tasks to queue
[2023-09-13T19:20:20.659+0000] {logging_mixin.py:151} INFO - [2023-09-13T19:20:20.659+0000] {dagbag.py:539} INFO - Filling up the DagBag from /home/airflow/.local/lib/python3.8/site-packages/airflow/example_dags/example_latest_only.py
[2023-09-13T19:20:20.664+0000] {processor.py:839} INFO - DAG(s) dict_keys(['latest_only']) retrieved from /home/airflow/.local/lib/python3.8/site-packages/airflow/example_dags/example_latest_only.py
[2023-09-13T19:20:20.685+0000] {logging_mixin.py:151} INFO - [2023-09-13T19:20:20.685+0000] {dag.py:2915} INFO - Sync 1 DAGs
[2023-09-13T19:20:20.703+0000] {logging_mixin.py:151} INFO - [2023-09-13T19:20:20.703+0000] {dag.py:3696} INFO - Setting next_dagrun for latest_only to 2023-09-13T15:20:20.703178+00:00, run_after=2023-09-13T19:20:20.703178+00:00
[2023-09-13T19:20:20.716+0000] {processor.py:179} INFO - Processing /home/airflow/.local/lib/python3.8/site-packages/airflow/example_dags/example_latest_only.py took 0.064 seconds
[2023-09-13T19:20:51.169+0000] {processor.py:157} INFO - Started process (PID=575) to work on /home/airflow/.local/lib/python3.8/site-packages/airflow/example_dags/example_latest_only.py
[2023-09-13T19:20:51.171+0000] {processor.py:829} INFO - Processing file /home/airflow/.local/lib/python3.8/site-packages/airflow/example_dags/example_latest_only.py for tasks to queue
[2023-09-13T19:20:51.173+0000] {logging_mixin.py:151} INFO - [2023-09-13T19:20:51.173+0000] {dagbag.py:539} INFO - Filling up the DagBag from /home/airflow/.local/lib/python3.8/site-packages/airflow/example_dags/example_latest_only.py
[2023-09-13T19:20:51.178+0000] {processor.py:839} INFO - DAG(s) dict_keys(['latest_only']) retrieved from /home/airflow/.local/lib/python3.8/site-packages/airflow/example_dags/example_latest_only.py
[2023-09-13T19:20:51.198+0000] {logging_mixin.py:151} INFO - [2023-09-13T19:20:51.198+0000] {dag.py:2915} INFO - Sync 1 DAGs
[2023-09-13T19:20:51.214+0000] {logging_mixin.py:151} INFO - [2023-09-13T19:20:51.214+0000] {dag.py:3696} INFO - Setting next_dagrun for latest_only to 2023-09-13T15:20:51.214301+00:00, run_after=2023-09-13T19:20:51.214301+00:00
[2023-09-13T19:20:51.227+0000] {processor.py:179} INFO - Processing /home/airflow/.local/lib/python3.8/site-packages/airflow/example_dags/example_latest_only.py took 0.061 seconds
[2023-09-13T19:21:21.546+0000] {processor.py:157} INFO - Started process (PID=629) to work on /home/airflow/.local/lib/python3.8/site-packages/airflow/example_dags/example_latest_only.py
[2023-09-13T19:21:21.548+0000] {processor.py:829} INFO - Processing file /home/airflow/.local/lib/python3.8/site-packages/airflow/example_dags/example_latest_only.py for tasks to queue
[2023-09-13T19:21:21.550+0000] {logging_mixin.py:151} INFO - [2023-09-13T19:21:21.550+0000] {dagbag.py:539} INFO - Filling up the DagBag from /home/airflow/.local/lib/python3.8/site-packages/airflow/example_dags/example_latest_only.py
[2023-09-13T19:21:21.555+0000] {processor.py:839} INFO - DAG(s) dict_keys(['latest_only']) retrieved from /home/airflow/.local/lib/python3.8/site-packages/airflow/example_dags/example_latest_only.py
[2023-09-13T19:21:21.576+0000] {logging_mixin.py:151} INFO - [2023-09-13T19:21:21.575+0000] {dag.py:2915} INFO - Sync 1 DAGs
[2023-09-13T19:21:21.593+0000] {logging_mixin.py:151} INFO - [2023-09-13T19:21:21.593+0000] {dag.py:3696} INFO - Setting next_dagrun for latest_only to 2023-09-13T15:21:21.592971+00:00, run_after=2023-09-13T19:21:21.592971+00:00
[2023-09-13T19:21:21.605+0000] {processor.py:179} INFO - Processing /home/airflow/.local/lib/python3.8/site-packages/airflow/example_dags/example_latest_only.py took 0.062 seconds
[2023-09-13T19:21:52.180+0000] {processor.py:157} INFO - Started process (PID=683) to work on /home/airflow/.local/lib/python3.8/site-packages/airflow/example_dags/example_latest_only.py
[2023-09-13T19:21:52.182+0000] {processor.py:829} INFO - Processing file /home/airflow/.local/lib/python3.8/site-packages/airflow/example_dags/example_latest_only.py for tasks to queue
[2023-09-13T19:21:52.184+0000] {logging_mixin.py:151} INFO - [2023-09-13T19:21:52.184+0000] {dagbag.py:539} INFO - Filling up the DagBag from /home/airflow/.local/lib/python3.8/site-packages/airflow/example_dags/example_latest_only.py
[2023-09-13T19:21:52.189+0000] {processor.py:839} INFO - DAG(s) dict_keys(['latest_only']) retrieved from /home/airflow/.local/lib/python3.8/site-packages/airflow/example_dags/example_latest_only.py
[2023-09-13T19:21:52.209+0000] {logging_mixin.py:151} INFO - [2023-09-13T19:21:52.209+0000] {dag.py:2915} INFO - Sync 1 DAGs
[2023-09-13T19:21:52.225+0000] {logging_mixin.py:151} INFO - [2023-09-13T19:21:52.225+0000] {dag.py:3696} INFO - Setting next_dagrun for latest_only to 2023-09-13T15:21:52.225558+00:00, run_after=2023-09-13T19:21:52.225558+00:00
[2023-09-13T19:21:52.238+0000] {processor.py:179} INFO - Processing /home/airflow/.local/lib/python3.8/site-packages/airflow/example_dags/example_latest_only.py took 0.061 seconds
[2023-09-13T19:22:22.835+0000] {processor.py:157} INFO - Started process (PID=737) to work on /home/airflow/.local/lib/python3.8/site-packages/airflow/example_dags/example_latest_only.py
[2023-09-13T19:22:22.836+0000] {processor.py:829} INFO - Processing file /home/airflow/.local/lib/python3.8/site-packages/airflow/example_dags/example_latest_only.py for tasks to queue
[2023-09-13T19:22:22.839+0000] {logging_mixin.py:151} INFO - [2023-09-13T19:22:22.838+0000] {dagbag.py:539} INFO - Filling up the DagBag from /home/airflow/.local/lib/python3.8/site-packages/airflow/example_dags/example_latest_only.py
[2023-09-13T19:22:22.844+0000] {processor.py:839} INFO - DAG(s) dict_keys(['latest_only']) retrieved from /home/airflow/.local/lib/python3.8/site-packages/airflow/example_dags/example_latest_only.py
[2023-09-13T19:22:22.864+0000] {logging_mixin.py:151} INFO - [2023-09-13T19:22:22.864+0000] {dag.py:2915} INFO - Sync 1 DAGs
[2023-09-13T19:22:22.881+0000] {logging_mixin.py:151} INFO - [2023-09-13T19:22:22.881+0000] {dag.py:3696} INFO - Setting next_dagrun for latest_only to 2023-09-13T15:22:22.881362+00:00, run_after=2023-09-13T19:22:22.881362+00:00
[2023-09-13T19:22:22.894+0000] {processor.py:179} INFO - Processing /home/airflow/.local/lib/python3.8/site-packages/airflow/example_dags/example_latest_only.py took 0.063 seconds
[2023-09-13T19:22:53.089+0000] {processor.py:157} INFO - Started process (PID=791) to work on /home/airflow/.local/lib/python3.8/site-packages/airflow/example_dags/example_latest_only.py
[2023-09-13T19:22:53.091+0000] {processor.py:829} INFO - Processing file /home/airflow/.local/lib/python3.8/site-packages/airflow/example_dags/example_latest_only.py for tasks to queue
[2023-09-13T19:22:53.095+0000] {logging_mixin.py:151} INFO - [2023-09-13T19:22:53.094+0000] {dagbag.py:539} INFO - Filling up the DagBag from /home/airflow/.local/lib/python3.8/site-packages/airflow/example_dags/example_latest_only.py
[2023-09-13T19:22:53.103+0000] {processor.py:839} INFO - DAG(s) dict_keys(['latest_only']) retrieved from /home/airflow/.local/lib/python3.8/site-packages/airflow/example_dags/example_latest_only.py
[2023-09-13T19:22:53.136+0000] {logging_mixin.py:151} INFO - [2023-09-13T19:22:53.136+0000] {dag.py:2915} INFO - Sync 1 DAGs
[2023-09-13T19:22:53.171+0000] {logging_mixin.py:151} INFO - [2023-09-13T19:22:53.171+0000] {dag.py:3696} INFO - Setting next_dagrun for latest_only to 2023-09-13T15:22:53.170790+00:00, run_after=2023-09-13T19:22:53.170790+00:00
[2023-09-13T19:22:53.187+0000] {processor.py:179} INFO - Processing /home/airflow/.local/lib/python3.8/site-packages/airflow/example_dags/example_latest_only.py took 0.102 seconds
[2023-09-13T19:23:23.413+0000] {processor.py:157} INFO - Started process (PID=845) to work on /home/airflow/.local/lib/python3.8/site-packages/airflow/example_dags/example_latest_only.py
[2023-09-13T19:23:23.414+0000] {processor.py:829} INFO - Processing file /home/airflow/.local/lib/python3.8/site-packages/airflow/example_dags/example_latest_only.py for tasks to queue
[2023-09-13T19:23:23.416+0000] {logging_mixin.py:151} INFO - [2023-09-13T19:23:23.416+0000] {dagbag.py:539} INFO - Filling up the DagBag from /home/airflow/.local/lib/python3.8/site-packages/airflow/example_dags/example_latest_only.py
[2023-09-13T19:23:23.421+0000] {processor.py:839} INFO - DAG(s) dict_keys(['latest_only']) retrieved from /home/airflow/.local/lib/python3.8/site-packages/airflow/example_dags/example_latest_only.py
[2023-09-13T19:23:23.443+0000] {logging_mixin.py:151} INFO - [2023-09-13T19:23:23.443+0000] {dag.py:2915} INFO - Sync 1 DAGs
[2023-09-13T19:23:23.461+0000] {logging_mixin.py:151} INFO - [2023-09-13T19:23:23.461+0000] {dag.py:3696} INFO - Setting next_dagrun for latest_only to 2023-09-13T15:23:23.461253+00:00, run_after=2023-09-13T19:23:23.461253+00:00
[2023-09-13T19:23:23.478+0000] {processor.py:179} INFO - Processing /home/airflow/.local/lib/python3.8/site-packages/airflow/example_dags/example_latest_only.py took 0.069 seconds
[2023-09-13T19:23:53.680+0000] {processor.py:157} INFO - Started process (PID=899) to work on /home/airflow/.local/lib/python3.8/site-packages/airflow/example_dags/example_latest_only.py
[2023-09-13T19:23:53.681+0000] {processor.py:829} INFO - Processing file /home/airflow/.local/lib/python3.8/site-packages/airflow/example_dags/example_latest_only.py for tasks to queue
[2023-09-13T19:23:53.683+0000] {logging_mixin.py:151} INFO - [2023-09-13T19:23:53.683+0000] {dagbag.py:539} INFO - Filling up the DagBag from /home/airflow/.local/lib/python3.8/site-packages/airflow/example_dags/example_latest_only.py
[2023-09-13T19:23:53.688+0000] {processor.py:839} INFO - DAG(s) dict_keys(['latest_only']) retrieved from /home/airflow/.local/lib/python3.8/site-packages/airflow/example_dags/example_latest_only.py
[2023-09-13T19:23:53.709+0000] {logging_mixin.py:151} INFO - [2023-09-13T19:23:53.709+0000] {dag.py:2915} INFO - Sync 1 DAGs
[2023-09-13T19:23:53.725+0000] {logging_mixin.py:151} INFO - [2023-09-13T19:23:53.725+0000] {dag.py:3696} INFO - Setting next_dagrun for latest_only to 2023-09-13T15:23:53.725497+00:00, run_after=2023-09-13T19:23:53.725497+00:00
[2023-09-13T19:23:53.737+0000] {processor.py:179} INFO - Processing /home/airflow/.local/lib/python3.8/site-packages/airflow/example_dags/example_latest_only.py took 0.061 seconds
[2023-09-13T19:24:23.819+0000] {processor.py:157} INFO - Started process (PID=953) to work on /home/airflow/.local/lib/python3.8/site-packages/airflow/example_dags/example_latest_only.py
[2023-09-13T19:24:23.820+0000] {processor.py:829} INFO - Processing file /home/airflow/.local/lib/python3.8/site-packages/airflow/example_dags/example_latest_only.py for tasks to queue
[2023-09-13T19:24:23.823+0000] {logging_mixin.py:151} INFO - [2023-09-13T19:24:23.822+0000] {dagbag.py:539} INFO - Filling up the DagBag from /home/airflow/.local/lib/python3.8/site-packages/airflow/example_dags/example_latest_only.py
[2023-09-13T19:24:23.828+0000] {processor.py:839} INFO - DAG(s) dict_keys(['latest_only']) retrieved from /home/airflow/.local/lib/python3.8/site-packages/airflow/example_dags/example_latest_only.py
[2023-09-13T19:24:23.849+0000] {logging_mixin.py:151} INFO - [2023-09-13T19:24:23.848+0000] {dag.py:2915} INFO - Sync 1 DAGs
[2023-09-13T19:24:23.866+0000] {logging_mixin.py:151} INFO - [2023-09-13T19:24:23.866+0000] {dag.py:3696} INFO - Setting next_dagrun for latest_only to 2023-09-13T15:24:23.865810+00:00, run_after=2023-09-13T19:24:23.865810+00:00
[2023-09-13T19:24:23.879+0000] {processor.py:179} INFO - Processing /home/airflow/.local/lib/python3.8/site-packages/airflow/example_dags/example_latest_only.py took 0.063 seconds
[2023-09-13T19:24:54.224+0000] {processor.py:157} INFO - Started process (PID=1008) to work on /home/airflow/.local/lib/python3.8/site-packages/airflow/example_dags/example_latest_only.py
[2023-09-13T19:24:54.225+0000] {processor.py:829} INFO - Processing file /home/airflow/.local/lib/python3.8/site-packages/airflow/example_dags/example_latest_only.py for tasks to queue
[2023-09-13T19:24:54.228+0000] {logging_mixin.py:151} INFO - [2023-09-13T19:24:54.227+0000] {dagbag.py:539} INFO - Filling up the DagBag from /home/airflow/.local/lib/python3.8/site-packages/airflow/example_dags/example_latest_only.py
[2023-09-13T19:24:54.233+0000] {processor.py:839} INFO - DAG(s) dict_keys(['latest_only']) retrieved from /home/airflow/.local/lib/python3.8/site-packages/airflow/example_dags/example_latest_only.py
[2023-09-13T19:24:54.252+0000] {logging_mixin.py:151} INFO - [2023-09-13T19:24:54.252+0000] {dag.py:2915} INFO - Sync 1 DAGs
[2023-09-13T19:24:54.271+0000] {logging_mixin.py:151} INFO - [2023-09-13T19:24:54.270+0000] {dag.py:3696} INFO - Setting next_dagrun for latest_only to 2023-09-13T15:24:54.270571+00:00, run_after=2023-09-13T19:24:54.270571+00:00
[2023-09-13T19:24:54.284+0000] {processor.py:179} INFO - Processing /home/airflow/.local/lib/python3.8/site-packages/airflow/example_dags/example_latest_only.py took 0.063 seconds
[2023-09-13T19:25:24.419+0000] {processor.py:157} INFO - Started process (PID=1061) to work on /home/airflow/.local/lib/python3.8/site-packages/airflow/example_dags/example_latest_only.py
[2023-09-13T19:25:24.421+0000] {processor.py:829} INFO - Processing file /home/airflow/.local/lib/python3.8/site-packages/airflow/example_dags/example_latest_only.py for tasks to queue
[2023-09-13T19:25:24.423+0000] {logging_mixin.py:151} INFO - [2023-09-13T19:25:24.423+0000] {dagbag.py:539} INFO - Filling up the DagBag from /home/airflow/.local/lib/python3.8/site-packages/airflow/example_dags/example_latest_only.py
[2023-09-13T19:25:24.428+0000] {processor.py:839} INFO - DAG(s) dict_keys(['latest_only']) retrieved from /home/airflow/.local/lib/python3.8/site-packages/airflow/example_dags/example_latest_only.py
[2023-09-13T19:25:24.449+0000] {logging_mixin.py:151} INFO - [2023-09-13T19:25:24.449+0000] {dag.py:2915} INFO - Sync 1 DAGs
[2023-09-13T19:25:24.467+0000] {logging_mixin.py:151} INFO - [2023-09-13T19:25:24.466+0000] {dag.py:3696} INFO - Setting next_dagrun for latest_only to 2023-09-13T15:25:24.466629+00:00, run_after=2023-09-13T19:25:24.466629+00:00
[2023-09-13T19:25:24.480+0000] {processor.py:179} INFO - Processing /home/airflow/.local/lib/python3.8/site-packages/airflow/example_dags/example_latest_only.py took 0.064 seconds
[2023-09-13T19:25:55.451+0000] {processor.py:157} INFO - Started process (PID=1116) to work on /home/airflow/.local/lib/python3.8/site-packages/airflow/example_dags/example_latest_only.py
[2023-09-13T19:25:55.452+0000] {processor.py:829} INFO - Processing file /home/airflow/.local/lib/python3.8/site-packages/airflow/example_dags/example_latest_only.py for tasks to queue
[2023-09-13T19:25:55.455+0000] {logging_mixin.py:151} INFO - [2023-09-13T19:25:55.454+0000] {dagbag.py:539} INFO - Filling up the DagBag from /home/airflow/.local/lib/python3.8/site-packages/airflow/example_dags/example_latest_only.py
[2023-09-13T19:25:55.460+0000] {processor.py:839} INFO - DAG(s) dict_keys(['latest_only']) retrieved from /home/airflow/.local/lib/python3.8/site-packages/airflow/example_dags/example_latest_only.py
[2023-09-13T19:25:55.480+0000] {logging_mixin.py:151} INFO - [2023-09-13T19:25:55.480+0000] {dag.py:2915} INFO - Sync 1 DAGs
[2023-09-13T19:25:55.497+0000] {logging_mixin.py:151} INFO - [2023-09-13T19:25:55.497+0000] {dag.py:3696} INFO - Setting next_dagrun for latest_only to 2023-09-13T15:25:55.497585+00:00, run_after=2023-09-13T19:25:55.497585+00:00
[2023-09-13T19:25:55.511+0000] {processor.py:179} INFO - Processing /home/airflow/.local/lib/python3.8/site-packages/airflow/example_dags/example_latest_only.py took 0.063 seconds
[2023-09-13T19:26:25.700+0000] {processor.py:157} INFO - Started process (PID=1172) to work on /home/airflow/.local/lib/python3.8/site-packages/airflow/example_dags/example_latest_only.py
[2023-09-13T19:26:25.702+0000] {processor.py:829} INFO - Processing file /home/airflow/.local/lib/python3.8/site-packages/airflow/example_dags/example_latest_only.py for tasks to queue
[2023-09-13T19:26:25.704+0000] {logging_mixin.py:151} INFO - [2023-09-13T19:26:25.704+0000] {dagbag.py:539} INFO - Filling up the DagBag from /home/airflow/.local/lib/python3.8/site-packages/airflow/example_dags/example_latest_only.py
[2023-09-13T19:26:25.709+0000] {processor.py:839} INFO - DAG(s) dict_keys(['latest_only']) retrieved from /home/airflow/.local/lib/python3.8/site-packages/airflow/example_dags/example_latest_only.py
[2023-09-13T19:26:25.730+0000] {logging_mixin.py:151} INFO - [2023-09-13T19:26:25.730+0000] {dag.py:2915} INFO - Sync 1 DAGs
[2023-09-13T19:26:25.747+0000] {logging_mixin.py:151} INFO - [2023-09-13T19:26:25.747+0000] {dag.py:3696} INFO - Setting next_dagrun for latest_only to 2023-09-13T15:26:25.747180+00:00, run_after=2023-09-13T19:26:25.747180+00:00
[2023-09-13T19:26:25.760+0000] {processor.py:179} INFO - Processing /home/airflow/.local/lib/python3.8/site-packages/airflow/example_dags/example_latest_only.py took 0.062 seconds
[2023-09-13T19:26:56.286+0000] {processor.py:157} INFO - Started process (PID=1228) to work on /home/airflow/.local/lib/python3.8/site-packages/airflow/example_dags/example_latest_only.py
[2023-09-13T19:26:56.288+0000] {processor.py:829} INFO - Processing file /home/airflow/.local/lib/python3.8/site-packages/airflow/example_dags/example_latest_only.py for tasks to queue
[2023-09-13T19:26:56.290+0000] {logging_mixin.py:151} INFO - [2023-09-13T19:26:56.290+0000] {dagbag.py:539} INFO - Filling up the DagBag from /home/airflow/.local/lib/python3.8/site-packages/airflow/example_dags/example_latest_only.py
[2023-09-13T19:26:56.296+0000] {processor.py:839} INFO - DAG(s) dict_keys(['latest_only']) retrieved from /home/airflow/.local/lib/python3.8/site-packages/airflow/example_dags/example_latest_only.py
[2023-09-13T19:26:56.316+0000] {logging_mixin.py:151} INFO - [2023-09-13T19:26:56.316+0000] {dag.py:2915} INFO - Sync 1 DAGs
[2023-09-13T19:26:56.333+0000] {logging_mixin.py:151} INFO - [2023-09-13T19:26:56.333+0000] {dag.py:3696} INFO - Setting next_dagrun for latest_only to 2023-09-13T15:26:56.332974+00:00, run_after=2023-09-13T19:26:56.332974+00:00
[2023-09-13T19:26:56.345+0000] {processor.py:179} INFO - Processing /home/airflow/.local/lib/python3.8/site-packages/airflow/example_dags/example_latest_only.py took 0.062 seconds
[2023-09-13T19:28:12.983+0000] {processor.py:157} INFO - Started process (PID=36) to work on /home/airflow/.local/lib/python3.8/site-packages/airflow/example_dags/example_latest_only.py
[2023-09-13T19:28:12.985+0000] {processor.py:829} INFO - Processing file /home/airflow/.local/lib/python3.8/site-packages/airflow/example_dags/example_latest_only.py for tasks to queue
[2023-09-13T19:28:12.989+0000] {logging_mixin.py:151} INFO - [2023-09-13T19:28:12.989+0000] {dagbag.py:539} INFO - Filling up the DagBag from /home/airflow/.local/lib/python3.8/site-packages/airflow/example_dags/example_latest_only.py
[2023-09-13T19:28:13.000+0000] {processor.py:839} INFO - DAG(s) dict_keys(['latest_only']) retrieved from /home/airflow/.local/lib/python3.8/site-packages/airflow/example_dags/example_latest_only.py
[2023-09-13T19:28:13.044+0000] {logging_mixin.py:151} INFO - [2023-09-13T19:28:13.043+0000] {dag.py:2915} INFO - Sync 1 DAGs
[2023-09-13T19:28:13.088+0000] {logging_mixin.py:151} INFO - [2023-09-13T19:28:13.088+0000] {dag.py:3696} INFO - Setting next_dagrun for latest_only to 2023-09-13T15:28:13.088219+00:00, run_after=2023-09-13T19:28:13.088219+00:00
[2023-09-13T19:28:13.110+0000] {processor.py:179} INFO - Processing /home/airflow/.local/lib/python3.8/site-packages/airflow/example_dags/example_latest_only.py took 0.135 seconds
[2023-09-13T19:28:43.883+0000] {processor.py:157} INFO - Started process (PID=92) to work on /home/airflow/.local/lib/python3.8/site-packages/airflow/example_dags/example_latest_only.py
[2023-09-13T19:28:43.885+0000] {processor.py:829} INFO - Processing file /home/airflow/.local/lib/python3.8/site-packages/airflow/example_dags/example_latest_only.py for tasks to queue
[2023-09-13T19:28:43.887+0000] {logging_mixin.py:151} INFO - [2023-09-13T19:28:43.887+0000] {dagbag.py:539} INFO - Filling up the DagBag from /home/airflow/.local/lib/python3.8/site-packages/airflow/example_dags/example_latest_only.py
[2023-09-13T19:28:43.892+0000] {processor.py:839} INFO - DAG(s) dict_keys(['latest_only']) retrieved from /home/airflow/.local/lib/python3.8/site-packages/airflow/example_dags/example_latest_only.py
[2023-09-13T19:28:43.913+0000] {logging_mixin.py:151} INFO - [2023-09-13T19:28:43.913+0000] {dag.py:2915} INFO - Sync 1 DAGs
[2023-09-13T19:28:43.930+0000] {logging_mixin.py:151} INFO - [2023-09-13T19:28:43.930+0000] {dag.py:3696} INFO - Setting next_dagrun for latest_only to 2023-09-13T15:28:43.929975+00:00, run_after=2023-09-13T19:28:43.929975+00:00
[2023-09-13T19:28:43.943+0000] {processor.py:179} INFO - Processing /home/airflow/.local/lib/python3.8/site-packages/airflow/example_dags/example_latest_only.py took 0.063 seconds
[2023-09-13T19:29:14.216+0000] {processor.py:157} INFO - Started process (PID=147) to work on /home/airflow/.local/lib/python3.8/site-packages/airflow/example_dags/example_latest_only.py
[2023-09-13T19:29:14.218+0000] {processor.py:829} INFO - Processing file /home/airflow/.local/lib/python3.8/site-packages/airflow/example_dags/example_latest_only.py for tasks to queue
[2023-09-13T19:29:14.220+0000] {logging_mixin.py:151} INFO - [2023-09-13T19:29:14.220+0000] {dagbag.py:539} INFO - Filling up the DagBag from /home/airflow/.local/lib/python3.8/site-packages/airflow/example_dags/example_latest_only.py
[2023-09-13T19:29:14.226+0000] {processor.py:839} INFO - DAG(s) dict_keys(['latest_only']) retrieved from /home/airflow/.local/lib/python3.8/site-packages/airflow/example_dags/example_latest_only.py
[2023-09-13T19:29:14.247+0000] {logging_mixin.py:151} INFO - [2023-09-13T19:29:14.247+0000] {dag.py:2915} INFO - Sync 1 DAGs
[2023-09-13T19:29:14.265+0000] {logging_mixin.py:151} INFO - [2023-09-13T19:29:14.265+0000] {dag.py:3696} INFO - Setting next_dagrun for latest_only to 2023-09-13T15:29:14.264827+00:00, run_after=2023-09-13T19:29:14.264827+00:00
[2023-09-13T19:29:14.278+0000] {processor.py:179} INFO - Processing /home/airflow/.local/lib/python3.8/site-packages/airflow/example_dags/example_latest_only.py took 0.065 seconds
[2023-09-13T19:29:44.662+0000] {processor.py:157} INFO - Started process (PID=201) to work on /home/airflow/.local/lib/python3.8/site-packages/airflow/example_dags/example_latest_only.py
[2023-09-13T19:29:44.664+0000] {processor.py:829} INFO - Processing file /home/airflow/.local/lib/python3.8/site-packages/airflow/example_dags/example_latest_only.py for tasks to queue
[2023-09-13T19:29:44.666+0000] {logging_mixin.py:151} INFO - [2023-09-13T19:29:44.666+0000] {dagbag.py:539} INFO - Filling up the DagBag from /home/airflow/.local/lib/python3.8/site-packages/airflow/example_dags/example_latest_only.py
[2023-09-13T19:29:44.671+0000] {processor.py:839} INFO - DAG(s) dict_keys(['latest_only']) retrieved from /home/airflow/.local/lib/python3.8/site-packages/airflow/example_dags/example_latest_only.py
[2023-09-13T19:29:44.693+0000] {logging_mixin.py:151} INFO - [2023-09-13T19:29:44.693+0000] {dag.py:2915} INFO - Sync 1 DAGs
[2023-09-13T19:29:44.710+0000] {logging_mixin.py:151} INFO - [2023-09-13T19:29:44.710+0000] {dag.py:3696} INFO - Setting next_dagrun for latest_only to 2023-09-13T15:29:44.709777+00:00, run_after=2023-09-13T19:29:44.709777+00:00
[2023-09-13T19:29:44.723+0000] {processor.py:179} INFO - Processing /home/airflow/.local/lib/python3.8/site-packages/airflow/example_dags/example_latest_only.py took 0.064 seconds
[2023-09-13T19:30:14.869+0000] {processor.py:157} INFO - Started process (PID=255) to work on /home/airflow/.local/lib/python3.8/site-packages/airflow/example_dags/example_latest_only.py
[2023-09-13T19:30:14.870+0000] {processor.py:829} INFO - Processing file /home/airflow/.local/lib/python3.8/site-packages/airflow/example_dags/example_latest_only.py for tasks to queue
[2023-09-13T19:30:14.873+0000] {logging_mixin.py:151} INFO - [2023-09-13T19:30:14.873+0000] {dagbag.py:539} INFO - Filling up the DagBag from /home/airflow/.local/lib/python3.8/site-packages/airflow/example_dags/example_latest_only.py
[2023-09-13T19:30:14.879+0000] {processor.py:839} INFO - DAG(s) dict_keys(['latest_only']) retrieved from /home/airflow/.local/lib/python3.8/site-packages/airflow/example_dags/example_latest_only.py
[2023-09-13T19:30:14.902+0000] {logging_mixin.py:151} INFO - [2023-09-13T19:30:14.902+0000] {dag.py:2915} INFO - Sync 1 DAGs
[2023-09-13T19:30:14.921+0000] {logging_mixin.py:151} INFO - [2023-09-13T19:30:14.921+0000] {dag.py:3696} INFO - Setting next_dagrun for latest_only to 2023-09-13T15:30:14.921006+00:00, run_after=2023-09-13T19:30:14.921006+00:00
[2023-09-13T19:30:14.936+0000] {processor.py:179} INFO - Processing /home/airflow/.local/lib/python3.8/site-packages/airflow/example_dags/example_latest_only.py took 0.071 seconds
[2023-09-13T19:31:27.749+0000] {processor.py:157} INFO - Started process (PID=37) to work on /home/airflow/.local/lib/python3.8/site-packages/airflow/example_dags/example_latest_only.py
[2023-09-13T19:31:27.751+0000] {processor.py:829} INFO - Processing file /home/airflow/.local/lib/python3.8/site-packages/airflow/example_dags/example_latest_only.py for tasks to queue
[2023-09-13T19:31:27.757+0000] {logging_mixin.py:151} INFO - [2023-09-13T19:31:27.756+0000] {dagbag.py:539} INFO - Filling up the DagBag from /home/airflow/.local/lib/python3.8/site-packages/airflow/example_dags/example_latest_only.py
[2023-09-13T19:31:27.774+0000] {processor.py:839} INFO - DAG(s) dict_keys(['latest_only']) retrieved from /home/airflow/.local/lib/python3.8/site-packages/airflow/example_dags/example_latest_only.py
[2023-09-13T19:31:27.806+0000] {logging_mixin.py:151} INFO - [2023-09-13T19:31:27.806+0000] {dag.py:2915} INFO - Sync 1 DAGs
[2023-09-13T19:31:27.852+0000] {logging_mixin.py:151} INFO - [2023-09-13T19:31:27.852+0000] {dag.py:3696} INFO - Setting next_dagrun for latest_only to 2023-09-13T15:31:27.852116+00:00, run_after=2023-09-13T19:31:27.852116+00:00
[2023-09-13T19:31:27.879+0000] {processor.py:179} INFO - Processing /home/airflow/.local/lib/python3.8/site-packages/airflow/example_dags/example_latest_only.py took 0.136 seconds
[2023-09-13T19:31:57.967+0000] {processor.py:157} INFO - Started process (PID=92) to work on /home/airflow/.local/lib/python3.8/site-packages/airflow/example_dags/example_latest_only.py
[2023-09-13T19:31:57.969+0000] {processor.py:829} INFO - Processing file /home/airflow/.local/lib/python3.8/site-packages/airflow/example_dags/example_latest_only.py for tasks to queue
[2023-09-13T19:31:57.973+0000] {logging_mixin.py:151} INFO - [2023-09-13T19:31:57.972+0000] {dagbag.py:539} INFO - Filling up the DagBag from /home/airflow/.local/lib/python3.8/site-packages/airflow/example_dags/example_latest_only.py
[2023-09-13T19:31:57.978+0000] {processor.py:839} INFO - DAG(s) dict_keys(['latest_only']) retrieved from /home/airflow/.local/lib/python3.8/site-packages/airflow/example_dags/example_latest_only.py
[2023-09-13T19:31:58.003+0000] {logging_mixin.py:151} INFO - [2023-09-13T19:31:58.003+0000] {dag.py:2915} INFO - Sync 1 DAGs
[2023-09-13T19:31:58.023+0000] {logging_mixin.py:151} INFO - [2023-09-13T19:31:58.022+0000] {dag.py:3696} INFO - Setting next_dagrun for latest_only to 2023-09-13T15:31:58.022646+00:00, run_after=2023-09-13T19:31:58.022646+00:00
[2023-09-13T19:31:58.040+0000] {processor.py:179} INFO - Processing /home/airflow/.local/lib/python3.8/site-packages/airflow/example_dags/example_latest_only.py took 0.076 seconds
[2023-09-13T19:32:28.717+0000] {processor.py:157} INFO - Started process (PID=147) to work on /home/airflow/.local/lib/python3.8/site-packages/airflow/example_dags/example_latest_only.py
[2023-09-13T19:32:28.718+0000] {processor.py:829} INFO - Processing file /home/airflow/.local/lib/python3.8/site-packages/airflow/example_dags/example_latest_only.py for tasks to queue
[2023-09-13T19:32:28.721+0000] {logging_mixin.py:151} INFO - [2023-09-13T19:32:28.720+0000] {dagbag.py:539} INFO - Filling up the DagBag from /home/airflow/.local/lib/python3.8/site-packages/airflow/example_dags/example_latest_only.py
[2023-09-13T19:32:28.726+0000] {processor.py:839} INFO - DAG(s) dict_keys(['latest_only']) retrieved from /home/airflow/.local/lib/python3.8/site-packages/airflow/example_dags/example_latest_only.py
[2023-09-13T19:32:28.758+0000] {logging_mixin.py:151} INFO - [2023-09-13T19:32:28.758+0000] {dag.py:2915} INFO - Sync 1 DAGs
[2023-09-13T19:32:28.778+0000] {logging_mixin.py:151} INFO - [2023-09-13T19:32:28.777+0000] {dag.py:3696} INFO - Setting next_dagrun for latest_only to 2023-09-13T15:32:28.777484+00:00, run_after=2023-09-13T19:32:28.777484+00:00
[2023-09-13T19:32:28.793+0000] {processor.py:179} INFO - Processing /home/airflow/.local/lib/python3.8/site-packages/airflow/example_dags/example_latest_only.py took 0.080 seconds
[2023-09-13T19:32:58.883+0000] {processor.py:157} INFO - Started process (PID=202) to work on /home/airflow/.local/lib/python3.8/site-packages/airflow/example_dags/example_latest_only.py
[2023-09-13T19:32:58.884+0000] {processor.py:829} INFO - Processing file /home/airflow/.local/lib/python3.8/site-packages/airflow/example_dags/example_latest_only.py for tasks to queue
[2023-09-13T19:32:58.887+0000] {logging_mixin.py:151} INFO - [2023-09-13T19:32:58.886+0000] {dagbag.py:539} INFO - Filling up the DagBag from /home/airflow/.local/lib/python3.8/site-packages/airflow/example_dags/example_latest_only.py
[2023-09-13T19:32:58.891+0000] {processor.py:839} INFO - DAG(s) dict_keys(['latest_only']) retrieved from /home/airflow/.local/lib/python3.8/site-packages/airflow/example_dags/example_latest_only.py
[2023-09-13T19:32:58.912+0000] {logging_mixin.py:151} INFO - [2023-09-13T19:32:58.912+0000] {dag.py:2915} INFO - Sync 1 DAGs
[2023-09-13T19:32:58.929+0000] {logging_mixin.py:151} INFO - [2023-09-13T19:32:58.929+0000] {dag.py:3696} INFO - Setting next_dagrun for latest_only to 2023-09-13T15:32:58.929098+00:00, run_after=2023-09-13T19:32:58.929098+00:00
[2023-09-13T19:32:58.941+0000] {processor.py:179} INFO - Processing /home/airflow/.local/lib/python3.8/site-packages/airflow/example_dags/example_latest_only.py took 0.061 seconds
[2023-09-13T19:33:29.072+0000] {processor.py:157} INFO - Started process (PID=257) to work on /home/airflow/.local/lib/python3.8/site-packages/airflow/example_dags/example_latest_only.py
[2023-09-13T19:33:29.073+0000] {processor.py:829} INFO - Processing file /home/airflow/.local/lib/python3.8/site-packages/airflow/example_dags/example_latest_only.py for tasks to queue
[2023-09-13T19:33:29.076+0000] {logging_mixin.py:151} INFO - [2023-09-13T19:33:29.075+0000] {dagbag.py:539} INFO - Filling up the DagBag from /home/airflow/.local/lib/python3.8/site-packages/airflow/example_dags/example_latest_only.py
[2023-09-13T19:33:29.081+0000] {processor.py:839} INFO - DAG(s) dict_keys(['latest_only']) retrieved from /home/airflow/.local/lib/python3.8/site-packages/airflow/example_dags/example_latest_only.py
[2023-09-13T19:33:29.105+0000] {logging_mixin.py:151} INFO - [2023-09-13T19:33:29.105+0000] {dag.py:2915} INFO - Sync 1 DAGs
[2023-09-13T19:33:29.125+0000] {logging_mixin.py:151} INFO - [2023-09-13T19:33:29.125+0000] {dag.py:3696} INFO - Setting next_dagrun for latest_only to 2023-09-13T15:33:29.125409+00:00, run_after=2023-09-13T19:33:29.125409+00:00
[2023-09-13T19:33:29.141+0000] {processor.py:179} INFO - Processing /home/airflow/.local/lib/python3.8/site-packages/airflow/example_dags/example_latest_only.py took 0.073 seconds
[2023-09-13T19:33:59.875+0000] {processor.py:157} INFO - Started process (PID=312) to work on /home/airflow/.local/lib/python3.8/site-packages/airflow/example_dags/example_latest_only.py
[2023-09-13T19:33:59.877+0000] {processor.py:829} INFO - Processing file /home/airflow/.local/lib/python3.8/site-packages/airflow/example_dags/example_latest_only.py for tasks to queue
[2023-09-13T19:33:59.880+0000] {logging_mixin.py:151} INFO - [2023-09-13T19:33:59.879+0000] {dagbag.py:539} INFO - Filling up the DagBag from /home/airflow/.local/lib/python3.8/site-packages/airflow/example_dags/example_latest_only.py
[2023-09-13T19:33:59.886+0000] {processor.py:839} INFO - DAG(s) dict_keys(['latest_only']) retrieved from /home/airflow/.local/lib/python3.8/site-packages/airflow/example_dags/example_latest_only.py
[2023-09-13T19:33:59.907+0000] {logging_mixin.py:151} INFO - [2023-09-13T19:33:59.907+0000] {dag.py:2915} INFO - Sync 1 DAGs
[2023-09-13T19:33:59.925+0000] {logging_mixin.py:151} INFO - [2023-09-13T19:33:59.925+0000] {dag.py:3696} INFO - Setting next_dagrun for latest_only to 2023-09-13T15:33:59.924850+00:00, run_after=2023-09-13T19:33:59.924850+00:00
[2023-09-13T19:33:59.938+0000] {processor.py:179} INFO - Processing /home/airflow/.local/lib/python3.8/site-packages/airflow/example_dags/example_latest_only.py took 0.066 seconds
