[2023-09-13T19:15:53.910+0000] {processor.py:157} INFO - Started process (PID=66) to work on /home/airflow/.local/lib/python3.8/site-packages/airflow/example_dags/example_branch_operator.py
[2023-09-13T19:15:53.912+0000] {processor.py:829} INFO - Processing file /home/airflow/.local/lib/python3.8/site-packages/airflow/example_dags/example_branch_operator.py for tasks to queue
[2023-09-13T19:15:53.915+0000] {logging_mixin.py:151} INFO - [2023-09-13T19:15:53.914+0000] {dagbag.py:539} INFO - Filling up the DagBag from /home/airflow/.local/lib/python3.8/site-packages/airflow/example_dags/example_branch_operator.py
[2023-09-13T19:15:53.925+0000] {processor.py:839} INFO - DAG(s) dict_keys(['example_branch_operator']) retrieved from /home/airflow/.local/lib/python3.8/site-packages/airflow/example_dags/example_branch_operator.py
[2023-09-13T19:15:54.014+0000] {logging_mixin.py:151} INFO - [2023-09-13T19:15:54.014+0000] {manager.py:499} INFO - Created Permission View: %s
[2023-09-13T19:15:54.023+0000] {logging_mixin.py:151} INFO - [2023-09-13T19:15:54.022+0000] {manager.py:499} INFO - Created Permission View: %s
[2023-09-13T19:15:54.027+0000] {logging_mixin.py:151} INFO - [2023-09-13T19:15:54.027+0000] {manager.py:499} INFO - Created Permission View: %s
[2023-09-13T19:15:54.028+0000] {logging_mixin.py:151} INFO - [2023-09-13T19:15:54.028+0000] {security.py:708} INFO - Not syncing DAG-level permissions for DAG 'DAG:example_branch_operator' as access control is unset.
[2023-09-13T19:15:54.029+0000] {logging_mixin.py:151} INFO - [2023-09-13T19:15:54.029+0000] {dag.py:2915} INFO - Sync 1 DAGs
[2023-09-13T19:15:54.038+0000] {logging_mixin.py:151} INFO - [2023-09-13T19:15:54.038+0000] {dag.py:2937} INFO - Creating ORM DAG for example_branch_operator
[2023-09-13T19:15:54.048+0000] {logging_mixin.py:151} INFO - [2023-09-13T19:15:54.048+0000] {dag.py:3696} INFO - Setting next_dagrun for example_branch_operator to 2023-09-12T00:00:00+00:00, run_after=2023-09-13T00:00:00+00:00
[2023-09-13T19:15:54.066+0000] {processor.py:179} INFO - Processing /home/airflow/.local/lib/python3.8/site-packages/airflow/example_dags/example_branch_operator.py took 0.160 seconds
[2023-09-13T19:16:24.223+0000] {processor.py:157} INFO - Started process (PID=120) to work on /home/airflow/.local/lib/python3.8/site-packages/airflow/example_dags/example_branch_operator.py
[2023-09-13T19:16:24.225+0000] {processor.py:829} INFO - Processing file /home/airflow/.local/lib/python3.8/site-packages/airflow/example_dags/example_branch_operator.py for tasks to queue
[2023-09-13T19:16:24.227+0000] {logging_mixin.py:151} INFO - [2023-09-13T19:16:24.227+0000] {dagbag.py:539} INFO - Filling up the DagBag from /home/airflow/.local/lib/python3.8/site-packages/airflow/example_dags/example_branch_operator.py
[2023-09-13T19:16:24.235+0000] {processor.py:839} INFO - DAG(s) dict_keys(['example_branch_operator']) retrieved from /home/airflow/.local/lib/python3.8/site-packages/airflow/example_dags/example_branch_operator.py
[2023-09-13T19:16:24.255+0000] {logging_mixin.py:151} INFO - [2023-09-13T19:16:24.255+0000] {dag.py:2915} INFO - Sync 1 DAGs
[2023-09-13T19:16:24.272+0000] {logging_mixin.py:151} INFO - [2023-09-13T19:16:24.272+0000] {dag.py:3696} INFO - Setting next_dagrun for example_branch_operator to 2023-09-12T00:00:00+00:00, run_after=2023-09-13T00:00:00+00:00
[2023-09-13T19:16:24.284+0000] {processor.py:179} INFO - Processing /home/airflow/.local/lib/python3.8/site-packages/airflow/example_dags/example_branch_operator.py took 0.065 seconds
[2023-09-13T19:16:54.613+0000] {processor.py:157} INFO - Started process (PID=173) to work on /home/airflow/.local/lib/python3.8/site-packages/airflow/example_dags/example_branch_operator.py
[2023-09-13T19:16:54.614+0000] {processor.py:829} INFO - Processing file /home/airflow/.local/lib/python3.8/site-packages/airflow/example_dags/example_branch_operator.py for tasks to queue
[2023-09-13T19:16:54.617+0000] {logging_mixin.py:151} INFO - [2023-09-13T19:16:54.616+0000] {dagbag.py:539} INFO - Filling up the DagBag from /home/airflow/.local/lib/python3.8/site-packages/airflow/example_dags/example_branch_operator.py
[2023-09-13T19:16:54.625+0000] {processor.py:839} INFO - DAG(s) dict_keys(['example_branch_operator']) retrieved from /home/airflow/.local/lib/python3.8/site-packages/airflow/example_dags/example_branch_operator.py
[2023-09-13T19:16:54.647+0000] {logging_mixin.py:151} INFO - [2023-09-13T19:16:54.647+0000] {dag.py:2915} INFO - Sync 1 DAGs
[2023-09-13T19:16:54.665+0000] {logging_mixin.py:151} INFO - [2023-09-13T19:16:54.665+0000] {dag.py:3696} INFO - Setting next_dagrun for example_branch_operator to 2023-09-12T00:00:00+00:00, run_after=2023-09-13T00:00:00+00:00
[2023-09-13T19:16:54.678+0000] {processor.py:179} INFO - Processing /home/airflow/.local/lib/python3.8/site-packages/airflow/example_dags/example_branch_operator.py took 0.068 seconds
[2023-09-13T19:17:24.891+0000] {processor.py:157} INFO - Started process (PID=227) to work on /home/airflow/.local/lib/python3.8/site-packages/airflow/example_dags/example_branch_operator.py
[2023-09-13T19:17:24.893+0000] {processor.py:829} INFO - Processing file /home/airflow/.local/lib/python3.8/site-packages/airflow/example_dags/example_branch_operator.py for tasks to queue
[2023-09-13T19:17:24.895+0000] {logging_mixin.py:151} INFO - [2023-09-13T19:17:24.895+0000] {dagbag.py:539} INFO - Filling up the DagBag from /home/airflow/.local/lib/python3.8/site-packages/airflow/example_dags/example_branch_operator.py
[2023-09-13T19:17:24.904+0000] {processor.py:839} INFO - DAG(s) dict_keys(['example_branch_operator']) retrieved from /home/airflow/.local/lib/python3.8/site-packages/airflow/example_dags/example_branch_operator.py
[2023-09-13T19:17:24.926+0000] {logging_mixin.py:151} INFO - [2023-09-13T19:17:24.926+0000] {dag.py:2915} INFO - Sync 1 DAGs
[2023-09-13T19:17:24.944+0000] {logging_mixin.py:151} INFO - [2023-09-13T19:17:24.944+0000] {dag.py:3696} INFO - Setting next_dagrun for example_branch_operator to 2023-09-12T00:00:00+00:00, run_after=2023-09-13T00:00:00+00:00
[2023-09-13T19:17:24.956+0000] {processor.py:179} INFO - Processing /home/airflow/.local/lib/python3.8/site-packages/airflow/example_dags/example_branch_operator.py took 0.068 seconds
[2023-09-13T19:17:55.182+0000] {processor.py:157} INFO - Started process (PID=281) to work on /home/airflow/.local/lib/python3.8/site-packages/airflow/example_dags/example_branch_operator.py
[2023-09-13T19:17:55.183+0000] {processor.py:829} INFO - Processing file /home/airflow/.local/lib/python3.8/site-packages/airflow/example_dags/example_branch_operator.py for tasks to queue
[2023-09-13T19:17:55.186+0000] {logging_mixin.py:151} INFO - [2023-09-13T19:17:55.185+0000] {dagbag.py:539} INFO - Filling up the DagBag from /home/airflow/.local/lib/python3.8/site-packages/airflow/example_dags/example_branch_operator.py
[2023-09-13T19:17:55.194+0000] {processor.py:839} INFO - DAG(s) dict_keys(['example_branch_operator']) retrieved from /home/airflow/.local/lib/python3.8/site-packages/airflow/example_dags/example_branch_operator.py
[2023-09-13T19:17:55.217+0000] {logging_mixin.py:151} INFO - [2023-09-13T19:17:55.217+0000] {dag.py:2915} INFO - Sync 1 DAGs
[2023-09-13T19:17:55.235+0000] {logging_mixin.py:151} INFO - [2023-09-13T19:17:55.235+0000] {dag.py:3696} INFO - Setting next_dagrun for example_branch_operator to 2023-09-12T00:00:00+00:00, run_after=2023-09-13T00:00:00+00:00
[2023-09-13T19:17:55.247+0000] {processor.py:179} INFO - Processing /home/airflow/.local/lib/python3.8/site-packages/airflow/example_dags/example_branch_operator.py took 0.068 seconds
[2023-09-13T19:18:25.429+0000] {processor.py:157} INFO - Started process (PID=335) to work on /home/airflow/.local/lib/python3.8/site-packages/airflow/example_dags/example_branch_operator.py
[2023-09-13T19:18:25.430+0000] {processor.py:829} INFO - Processing file /home/airflow/.local/lib/python3.8/site-packages/airflow/example_dags/example_branch_operator.py for tasks to queue
[2023-09-13T19:18:25.432+0000] {logging_mixin.py:151} INFO - [2023-09-13T19:18:25.432+0000] {dagbag.py:539} INFO - Filling up the DagBag from /home/airflow/.local/lib/python3.8/site-packages/airflow/example_dags/example_branch_operator.py
[2023-09-13T19:18:25.441+0000] {processor.py:839} INFO - DAG(s) dict_keys(['example_branch_operator']) retrieved from /home/airflow/.local/lib/python3.8/site-packages/airflow/example_dags/example_branch_operator.py
[2023-09-13T19:18:25.465+0000] {logging_mixin.py:151} INFO - [2023-09-13T19:18:25.464+0000] {dag.py:2915} INFO - Sync 1 DAGs
[2023-09-13T19:18:25.483+0000] {logging_mixin.py:151} INFO - [2023-09-13T19:18:25.483+0000] {dag.py:3696} INFO - Setting next_dagrun for example_branch_operator to 2023-09-12T00:00:00+00:00, run_after=2023-09-13T00:00:00+00:00
[2023-09-13T19:18:25.499+0000] {processor.py:179} INFO - Processing /home/airflow/.local/lib/python3.8/site-packages/airflow/example_dags/example_branch_operator.py took 0.074 seconds
[2023-09-13T19:18:55.928+0000] {processor.py:157} INFO - Started process (PID=389) to work on /home/airflow/.local/lib/python3.8/site-packages/airflow/example_dags/example_branch_operator.py
[2023-09-13T19:18:55.930+0000] {processor.py:829} INFO - Processing file /home/airflow/.local/lib/python3.8/site-packages/airflow/example_dags/example_branch_operator.py for tasks to queue
[2023-09-13T19:18:55.932+0000] {logging_mixin.py:151} INFO - [2023-09-13T19:18:55.932+0000] {dagbag.py:539} INFO - Filling up the DagBag from /home/airflow/.local/lib/python3.8/site-packages/airflow/example_dags/example_branch_operator.py
[2023-09-13T19:18:55.940+0000] {processor.py:839} INFO - DAG(s) dict_keys(['example_branch_operator']) retrieved from /home/airflow/.local/lib/python3.8/site-packages/airflow/example_dags/example_branch_operator.py
[2023-09-13T19:18:55.962+0000] {logging_mixin.py:151} INFO - [2023-09-13T19:18:55.962+0000] {dag.py:2915} INFO - Sync 1 DAGs
[2023-09-13T19:18:55.983+0000] {logging_mixin.py:151} INFO - [2023-09-13T19:18:55.983+0000] {dag.py:3696} INFO - Setting next_dagrun for example_branch_operator to 2023-09-12T00:00:00+00:00, run_after=2023-09-13T00:00:00+00:00
[2023-09-13T19:18:55.995+0000] {processor.py:179} INFO - Processing /home/airflow/.local/lib/python3.8/site-packages/airflow/example_dags/example_branch_operator.py took 0.070 seconds
[2023-09-13T19:19:26.278+0000] {processor.py:157} INFO - Started process (PID=444) to work on /home/airflow/.local/lib/python3.8/site-packages/airflow/example_dags/example_branch_operator.py
[2023-09-13T19:19:26.280+0000] {processor.py:829} INFO - Processing file /home/airflow/.local/lib/python3.8/site-packages/airflow/example_dags/example_branch_operator.py for tasks to queue
[2023-09-13T19:19:26.283+0000] {logging_mixin.py:151} INFO - [2023-09-13T19:19:26.282+0000] {dagbag.py:539} INFO - Filling up the DagBag from /home/airflow/.local/lib/python3.8/site-packages/airflow/example_dags/example_branch_operator.py
[2023-09-13T19:19:26.291+0000] {processor.py:839} INFO - DAG(s) dict_keys(['example_branch_operator']) retrieved from /home/airflow/.local/lib/python3.8/site-packages/airflow/example_dags/example_branch_operator.py
[2023-09-13T19:19:26.314+0000] {logging_mixin.py:151} INFO - [2023-09-13T19:19:26.314+0000] {dag.py:2915} INFO - Sync 1 DAGs
[2023-09-13T19:19:26.333+0000] {logging_mixin.py:151} INFO - [2023-09-13T19:19:26.333+0000] {dag.py:3696} INFO - Setting next_dagrun for example_branch_operator to 2023-09-12T00:00:00+00:00, run_after=2023-09-13T00:00:00+00:00
[2023-09-13T19:19:26.349+0000] {processor.py:179} INFO - Processing /home/airflow/.local/lib/python3.8/site-packages/airflow/example_dags/example_branch_operator.py took 0.075 seconds
[2023-09-13T19:19:57.337+0000] {processor.py:157} INFO - Started process (PID=498) to work on /home/airflow/.local/lib/python3.8/site-packages/airflow/example_dags/example_branch_operator.py
[2023-09-13T19:19:57.338+0000] {processor.py:829} INFO - Processing file /home/airflow/.local/lib/python3.8/site-packages/airflow/example_dags/example_branch_operator.py for tasks to queue
[2023-09-13T19:19:57.342+0000] {logging_mixin.py:151} INFO - [2023-09-13T19:19:57.341+0000] {dagbag.py:539} INFO - Filling up the DagBag from /home/airflow/.local/lib/python3.8/site-packages/airflow/example_dags/example_branch_operator.py
[2023-09-13T19:19:57.353+0000] {processor.py:839} INFO - DAG(s) dict_keys(['example_branch_operator']) retrieved from /home/airflow/.local/lib/python3.8/site-packages/airflow/example_dags/example_branch_operator.py
[2023-09-13T19:19:57.383+0000] {logging_mixin.py:151} INFO - [2023-09-13T19:19:57.383+0000] {dag.py:2915} INFO - Sync 1 DAGs
[2023-09-13T19:19:57.405+0000] {logging_mixin.py:151} INFO - [2023-09-13T19:19:57.405+0000] {dag.py:3696} INFO - Setting next_dagrun for example_branch_operator to 2023-09-12T00:00:00+00:00, run_after=2023-09-13T00:00:00+00:00
[2023-09-13T19:19:57.419+0000] {processor.py:179} INFO - Processing /home/airflow/.local/lib/python3.8/site-packages/airflow/example_dags/example_branch_operator.py took 0.086 seconds
[2023-09-13T19:20:27.665+0000] {processor.py:157} INFO - Started process (PID=551) to work on /home/airflow/.local/lib/python3.8/site-packages/airflow/example_dags/example_branch_operator.py
[2023-09-13T19:20:27.667+0000] {processor.py:829} INFO - Processing file /home/airflow/.local/lib/python3.8/site-packages/airflow/example_dags/example_branch_operator.py for tasks to queue
[2023-09-13T19:20:27.669+0000] {logging_mixin.py:151} INFO - [2023-09-13T19:20:27.669+0000] {dagbag.py:539} INFO - Filling up the DagBag from /home/airflow/.local/lib/python3.8/site-packages/airflow/example_dags/example_branch_operator.py
[2023-09-13T19:20:27.678+0000] {processor.py:839} INFO - DAG(s) dict_keys(['example_branch_operator']) retrieved from /home/airflow/.local/lib/python3.8/site-packages/airflow/example_dags/example_branch_operator.py
[2023-09-13T19:20:27.702+0000] {logging_mixin.py:151} INFO - [2023-09-13T19:20:27.702+0000] {dag.py:2915} INFO - Sync 1 DAGs
[2023-09-13T19:20:27.721+0000] {logging_mixin.py:151} INFO - [2023-09-13T19:20:27.721+0000] {dag.py:3696} INFO - Setting next_dagrun for example_branch_operator to 2023-09-12T00:00:00+00:00, run_after=2023-09-13T00:00:00+00:00
[2023-09-13T19:20:27.733+0000] {processor.py:179} INFO - Processing /home/airflow/.local/lib/python3.8/site-packages/airflow/example_dags/example_branch_operator.py took 0.071 seconds
[2023-09-13T19:20:58.479+0000] {processor.py:157} INFO - Started process (PID=605) to work on /home/airflow/.local/lib/python3.8/site-packages/airflow/example_dags/example_branch_operator.py
[2023-09-13T19:20:58.481+0000] {processor.py:829} INFO - Processing file /home/airflow/.local/lib/python3.8/site-packages/airflow/example_dags/example_branch_operator.py for tasks to queue
[2023-09-13T19:20:58.484+0000] {logging_mixin.py:151} INFO - [2023-09-13T19:20:58.483+0000] {dagbag.py:539} INFO - Filling up the DagBag from /home/airflow/.local/lib/python3.8/site-packages/airflow/example_dags/example_branch_operator.py
[2023-09-13T19:20:58.498+0000] {processor.py:839} INFO - DAG(s) dict_keys(['example_branch_operator']) retrieved from /home/airflow/.local/lib/python3.8/site-packages/airflow/example_dags/example_branch_operator.py
[2023-09-13T19:20:58.539+0000] {logging_mixin.py:151} INFO - [2023-09-13T19:20:58.539+0000] {dag.py:2915} INFO - Sync 1 DAGs
[2023-09-13T19:20:58.563+0000] {logging_mixin.py:151} INFO - [2023-09-13T19:20:58.563+0000] {dag.py:3696} INFO - Setting next_dagrun for example_branch_operator to 2023-09-12T00:00:00+00:00, run_after=2023-09-13T00:00:00+00:00
[2023-09-13T19:20:58.577+0000] {processor.py:179} INFO - Processing /home/airflow/.local/lib/python3.8/site-packages/airflow/example_dags/example_branch_operator.py took 0.101 seconds
[2023-09-13T19:21:29.198+0000] {processor.py:157} INFO - Started process (PID=659) to work on /home/airflow/.local/lib/python3.8/site-packages/airflow/example_dags/example_branch_operator.py
[2023-09-13T19:21:29.199+0000] {processor.py:829} INFO - Processing file /home/airflow/.local/lib/python3.8/site-packages/airflow/example_dags/example_branch_operator.py for tasks to queue
[2023-09-13T19:21:29.202+0000] {logging_mixin.py:151} INFO - [2023-09-13T19:21:29.202+0000] {dagbag.py:539} INFO - Filling up the DagBag from /home/airflow/.local/lib/python3.8/site-packages/airflow/example_dags/example_branch_operator.py
[2023-09-13T19:21:29.211+0000] {processor.py:839} INFO - DAG(s) dict_keys(['example_branch_operator']) retrieved from /home/airflow/.local/lib/python3.8/site-packages/airflow/example_dags/example_branch_operator.py
[2023-09-13T19:21:29.235+0000] {logging_mixin.py:151} INFO - [2023-09-13T19:21:29.235+0000] {dag.py:2915} INFO - Sync 1 DAGs
[2023-09-13T19:21:29.254+0000] {logging_mixin.py:151} INFO - [2023-09-13T19:21:29.254+0000] {dag.py:3696} INFO - Setting next_dagrun for example_branch_operator to 2023-09-12T00:00:00+00:00, run_after=2023-09-13T00:00:00+00:00
[2023-09-13T19:21:29.266+0000] {processor.py:179} INFO - Processing /home/airflow/.local/lib/python3.8/site-packages/airflow/example_dags/example_branch_operator.py took 0.071 seconds
[2023-09-13T19:21:59.842+0000] {processor.py:157} INFO - Started process (PID=720) to work on /home/airflow/.local/lib/python3.8/site-packages/airflow/example_dags/example_branch_operator.py
[2023-09-13T19:21:59.843+0000] {processor.py:829} INFO - Processing file /home/airflow/.local/lib/python3.8/site-packages/airflow/example_dags/example_branch_operator.py for tasks to queue
[2023-09-13T19:21:59.846+0000] {logging_mixin.py:151} INFO - [2023-09-13T19:21:59.845+0000] {dagbag.py:539} INFO - Filling up the DagBag from /home/airflow/.local/lib/python3.8/site-packages/airflow/example_dags/example_branch_operator.py
[2023-09-13T19:21:59.854+0000] {processor.py:839} INFO - DAG(s) dict_keys(['example_branch_operator']) retrieved from /home/airflow/.local/lib/python3.8/site-packages/airflow/example_dags/example_branch_operator.py
[2023-09-13T19:21:59.876+0000] {logging_mixin.py:151} INFO - [2023-09-13T19:21:59.876+0000] {dag.py:2915} INFO - Sync 1 DAGs
[2023-09-13T19:21:59.895+0000] {logging_mixin.py:151} INFO - [2023-09-13T19:21:59.895+0000] {dag.py:3696} INFO - Setting next_dagrun for example_branch_operator to 2023-09-12T00:00:00+00:00, run_after=2023-09-13T00:00:00+00:00
[2023-09-13T19:21:59.908+0000] {processor.py:179} INFO - Processing /home/airflow/.local/lib/python3.8/site-packages/airflow/example_dags/example_branch_operator.py took 0.070 seconds
[2023-09-13T19:22:30.694+0000] {processor.py:157} INFO - Started process (PID=774) to work on /home/airflow/.local/lib/python3.8/site-packages/airflow/example_dags/example_branch_operator.py
[2023-09-13T19:22:30.695+0000] {processor.py:829} INFO - Processing file /home/airflow/.local/lib/python3.8/site-packages/airflow/example_dags/example_branch_operator.py for tasks to queue
[2023-09-13T19:22:30.698+0000] {logging_mixin.py:151} INFO - [2023-09-13T19:22:30.697+0000] {dagbag.py:539} INFO - Filling up the DagBag from /home/airflow/.local/lib/python3.8/site-packages/airflow/example_dags/example_branch_operator.py
[2023-09-13T19:22:30.706+0000] {processor.py:839} INFO - DAG(s) dict_keys(['example_branch_operator']) retrieved from /home/airflow/.local/lib/python3.8/site-packages/airflow/example_dags/example_branch_operator.py
[2023-09-13T19:22:30.730+0000] {logging_mixin.py:151} INFO - [2023-09-13T19:22:30.730+0000] {dag.py:2915} INFO - Sync 1 DAGs
[2023-09-13T19:22:30.749+0000] {logging_mixin.py:151} INFO - [2023-09-13T19:22:30.749+0000] {dag.py:3696} INFO - Setting next_dagrun for example_branch_operator to 2023-09-12T00:00:00+00:00, run_after=2023-09-13T00:00:00+00:00
[2023-09-13T19:22:30.762+0000] {processor.py:179} INFO - Processing /home/airflow/.local/lib/python3.8/site-packages/airflow/example_dags/example_branch_operator.py took 0.072 seconds
[2023-09-13T19:23:01.089+0000] {processor.py:157} INFO - Started process (PID=828) to work on /home/airflow/.local/lib/python3.8/site-packages/airflow/example_dags/example_branch_operator.py
[2023-09-13T19:23:01.090+0000] {processor.py:829} INFO - Processing file /home/airflow/.local/lib/python3.8/site-packages/airflow/example_dags/example_branch_operator.py for tasks to queue
[2023-09-13T19:23:01.093+0000] {logging_mixin.py:151} INFO - [2023-09-13T19:23:01.092+0000] {dagbag.py:539} INFO - Filling up the DagBag from /home/airflow/.local/lib/python3.8/site-packages/airflow/example_dags/example_branch_operator.py
[2023-09-13T19:23:01.102+0000] {processor.py:839} INFO - DAG(s) dict_keys(['example_branch_operator']) retrieved from /home/airflow/.local/lib/python3.8/site-packages/airflow/example_dags/example_branch_operator.py
[2023-09-13T19:23:01.126+0000] {logging_mixin.py:151} INFO - [2023-09-13T19:23:01.126+0000] {dag.py:2915} INFO - Sync 1 DAGs
[2023-09-13T19:23:01.144+0000] {logging_mixin.py:151} INFO - [2023-09-13T19:23:01.144+0000] {dag.py:3696} INFO - Setting next_dagrun for example_branch_operator to 2023-09-12T00:00:00+00:00, run_after=2023-09-13T00:00:00+00:00
[2023-09-13T19:23:01.157+0000] {processor.py:179} INFO - Processing /home/airflow/.local/lib/python3.8/site-packages/airflow/example_dags/example_branch_operator.py took 0.072 seconds
[2023-09-13T19:23:31.270+0000] {processor.py:157} INFO - Started process (PID=882) to work on /home/airflow/.local/lib/python3.8/site-packages/airflow/example_dags/example_branch_operator.py
[2023-09-13T19:23:31.271+0000] {processor.py:829} INFO - Processing file /home/airflow/.local/lib/python3.8/site-packages/airflow/example_dags/example_branch_operator.py for tasks to queue
[2023-09-13T19:23:31.273+0000] {logging_mixin.py:151} INFO - [2023-09-13T19:23:31.273+0000] {dagbag.py:539} INFO - Filling up the DagBag from /home/airflow/.local/lib/python3.8/site-packages/airflow/example_dags/example_branch_operator.py
[2023-09-13T19:23:31.282+0000] {processor.py:839} INFO - DAG(s) dict_keys(['example_branch_operator']) retrieved from /home/airflow/.local/lib/python3.8/site-packages/airflow/example_dags/example_branch_operator.py
[2023-09-13T19:23:31.304+0000] {logging_mixin.py:151} INFO - [2023-09-13T19:23:31.304+0000] {dag.py:2915} INFO - Sync 1 DAGs
[2023-09-13T19:23:31.321+0000] {logging_mixin.py:151} INFO - [2023-09-13T19:23:31.321+0000] {dag.py:3696} INFO - Setting next_dagrun for example_branch_operator to 2023-09-12T00:00:00+00:00, run_after=2023-09-13T00:00:00+00:00
[2023-09-13T19:23:31.334+0000] {processor.py:179} INFO - Processing /home/airflow/.local/lib/python3.8/site-packages/airflow/example_dags/example_branch_operator.py took 0.068 seconds
[2023-09-13T19:24:01.403+0000] {processor.py:157} INFO - Started process (PID=935) to work on /home/airflow/.local/lib/python3.8/site-packages/airflow/example_dags/example_branch_operator.py
[2023-09-13T19:24:01.405+0000] {processor.py:829} INFO - Processing file /home/airflow/.local/lib/python3.8/site-packages/airflow/example_dags/example_branch_operator.py for tasks to queue
[2023-09-13T19:24:01.407+0000] {logging_mixin.py:151} INFO - [2023-09-13T19:24:01.407+0000] {dagbag.py:539} INFO - Filling up the DagBag from /home/airflow/.local/lib/python3.8/site-packages/airflow/example_dags/example_branch_operator.py
[2023-09-13T19:24:01.416+0000] {processor.py:839} INFO - DAG(s) dict_keys(['example_branch_operator']) retrieved from /home/airflow/.local/lib/python3.8/site-packages/airflow/example_dags/example_branch_operator.py
[2023-09-13T19:24:01.438+0000] {logging_mixin.py:151} INFO - [2023-09-13T19:24:01.438+0000] {dag.py:2915} INFO - Sync 1 DAGs
[2023-09-13T19:24:01.455+0000] {logging_mixin.py:151} INFO - [2023-09-13T19:24:01.455+0000] {dag.py:3696} INFO - Setting next_dagrun for example_branch_operator to 2023-09-12T00:00:00+00:00, run_after=2023-09-13T00:00:00+00:00
[2023-09-13T19:24:01.468+0000] {processor.py:179} INFO - Processing /home/airflow/.local/lib/python3.8/site-packages/airflow/example_dags/example_branch_operator.py took 0.068 seconds
[2023-09-13T19:24:31.742+0000] {processor.py:157} INFO - Started process (PID=990) to work on /home/airflow/.local/lib/python3.8/site-packages/airflow/example_dags/example_branch_operator.py
[2023-09-13T19:24:31.743+0000] {processor.py:829} INFO - Processing file /home/airflow/.local/lib/python3.8/site-packages/airflow/example_dags/example_branch_operator.py for tasks to queue
[2023-09-13T19:24:31.746+0000] {logging_mixin.py:151} INFO - [2023-09-13T19:24:31.745+0000] {dagbag.py:539} INFO - Filling up the DagBag from /home/airflow/.local/lib/python3.8/site-packages/airflow/example_dags/example_branch_operator.py
[2023-09-13T19:24:31.754+0000] {processor.py:839} INFO - DAG(s) dict_keys(['example_branch_operator']) retrieved from /home/airflow/.local/lib/python3.8/site-packages/airflow/example_dags/example_branch_operator.py
[2023-09-13T19:24:31.776+0000] {logging_mixin.py:151} INFO - [2023-09-13T19:24:31.776+0000] {dag.py:2915} INFO - Sync 1 DAGs
[2023-09-13T19:24:31.793+0000] {logging_mixin.py:151} INFO - [2023-09-13T19:24:31.793+0000] {dag.py:3696} INFO - Setting next_dagrun for example_branch_operator to 2023-09-12T00:00:00+00:00, run_after=2023-09-13T00:00:00+00:00
[2023-09-13T19:24:31.806+0000] {processor.py:179} INFO - Processing /home/airflow/.local/lib/python3.8/site-packages/airflow/example_dags/example_branch_operator.py took 0.068 seconds
[2023-09-13T19:25:01.962+0000] {processor.py:157} INFO - Started process (PID=1043) to work on /home/airflow/.local/lib/python3.8/site-packages/airflow/example_dags/example_branch_operator.py
[2023-09-13T19:25:01.963+0000] {processor.py:829} INFO - Processing file /home/airflow/.local/lib/python3.8/site-packages/airflow/example_dags/example_branch_operator.py for tasks to queue
[2023-09-13T19:25:01.965+0000] {logging_mixin.py:151} INFO - [2023-09-13T19:25:01.965+0000] {dagbag.py:539} INFO - Filling up the DagBag from /home/airflow/.local/lib/python3.8/site-packages/airflow/example_dags/example_branch_operator.py
[2023-09-13T19:25:01.974+0000] {processor.py:839} INFO - DAG(s) dict_keys(['example_branch_operator']) retrieved from /home/airflow/.local/lib/python3.8/site-packages/airflow/example_dags/example_branch_operator.py
[2023-09-13T19:25:01.995+0000] {logging_mixin.py:151} INFO - [2023-09-13T19:25:01.995+0000] {dag.py:2915} INFO - Sync 1 DAGs
[2023-09-13T19:25:02.012+0000] {logging_mixin.py:151} INFO - [2023-09-13T19:25:02.012+0000] {dag.py:3696} INFO - Setting next_dagrun for example_branch_operator to 2023-09-12T00:00:00+00:00, run_after=2023-09-13T00:00:00+00:00
[2023-09-13T19:25:02.024+0000] {processor.py:179} INFO - Processing /home/airflow/.local/lib/python3.8/site-packages/airflow/example_dags/example_branch_operator.py took 0.066 seconds
[2023-09-13T19:25:32.303+0000] {processor.py:157} INFO - Started process (PID=1097) to work on /home/airflow/.local/lib/python3.8/site-packages/airflow/example_dags/example_branch_operator.py
[2023-09-13T19:25:32.304+0000] {processor.py:829} INFO - Processing file /home/airflow/.local/lib/python3.8/site-packages/airflow/example_dags/example_branch_operator.py for tasks to queue
[2023-09-13T19:25:32.306+0000] {logging_mixin.py:151} INFO - [2023-09-13T19:25:32.306+0000] {dagbag.py:539} INFO - Filling up the DagBag from /home/airflow/.local/lib/python3.8/site-packages/airflow/example_dags/example_branch_operator.py
[2023-09-13T19:25:32.314+0000] {processor.py:839} INFO - DAG(s) dict_keys(['example_branch_operator']) retrieved from /home/airflow/.local/lib/python3.8/site-packages/airflow/example_dags/example_branch_operator.py
[2023-09-13T19:25:32.336+0000] {logging_mixin.py:151} INFO - [2023-09-13T19:25:32.336+0000] {dag.py:2915} INFO - Sync 1 DAGs
[2023-09-13T19:25:32.355+0000] {logging_mixin.py:151} INFO - [2023-09-13T19:25:32.355+0000] {dag.py:3696} INFO - Setting next_dagrun for example_branch_operator to 2023-09-12T00:00:00+00:00, run_after=2023-09-13T00:00:00+00:00
[2023-09-13T19:25:32.368+0000] {processor.py:179} INFO - Processing /home/airflow/.local/lib/python3.8/site-packages/airflow/example_dags/example_branch_operator.py took 0.069 seconds
[2023-09-13T19:26:03.326+0000] {processor.py:157} INFO - Started process (PID=1154) to work on /home/airflow/.local/lib/python3.8/site-packages/airflow/example_dags/example_branch_operator.py
[2023-09-13T19:26:03.330+0000] {processor.py:829} INFO - Processing file /home/airflow/.local/lib/python3.8/site-packages/airflow/example_dags/example_branch_operator.py for tasks to queue
[2023-09-13T19:26:03.334+0000] {logging_mixin.py:151} INFO - [2023-09-13T19:26:03.334+0000] {dagbag.py:539} INFO - Filling up the DagBag from /home/airflow/.local/lib/python3.8/site-packages/airflow/example_dags/example_branch_operator.py
[2023-09-13T19:26:03.344+0000] {processor.py:839} INFO - DAG(s) dict_keys(['example_branch_operator']) retrieved from /home/airflow/.local/lib/python3.8/site-packages/airflow/example_dags/example_branch_operator.py
[2023-09-13T19:26:03.370+0000] {logging_mixin.py:151} INFO - [2023-09-13T19:26:03.370+0000] {dag.py:2915} INFO - Sync 1 DAGs
[2023-09-13T19:26:03.393+0000] {logging_mixin.py:151} INFO - [2023-09-13T19:26:03.393+0000] {dag.py:3696} INFO - Setting next_dagrun for example_branch_operator to 2023-09-12T00:00:00+00:00, run_after=2023-09-13T00:00:00+00:00
[2023-09-13T19:26:03.407+0000] {processor.py:179} INFO - Processing /home/airflow/.local/lib/python3.8/site-packages/airflow/example_dags/example_branch_operator.py took 0.087 seconds
[2023-09-13T19:26:33.780+0000] {processor.py:157} INFO - Started process (PID=1211) to work on /home/airflow/.local/lib/python3.8/site-packages/airflow/example_dags/example_branch_operator.py
[2023-09-13T19:26:33.781+0000] {processor.py:829} INFO - Processing file /home/airflow/.local/lib/python3.8/site-packages/airflow/example_dags/example_branch_operator.py for tasks to queue
[2023-09-13T19:26:33.784+0000] {logging_mixin.py:151} INFO - [2023-09-13T19:26:33.783+0000] {dagbag.py:539} INFO - Filling up the DagBag from /home/airflow/.local/lib/python3.8/site-packages/airflow/example_dags/example_branch_operator.py
[2023-09-13T19:26:33.793+0000] {processor.py:839} INFO - DAG(s) dict_keys(['example_branch_operator']) retrieved from /home/airflow/.local/lib/python3.8/site-packages/airflow/example_dags/example_branch_operator.py
[2023-09-13T19:26:33.816+0000] {logging_mixin.py:151} INFO - [2023-09-13T19:26:33.816+0000] {dag.py:2915} INFO - Sync 1 DAGs
[2023-09-13T19:26:33.834+0000] {logging_mixin.py:151} INFO - [2023-09-13T19:26:33.834+0000] {dag.py:3696} INFO - Setting next_dagrun for example_branch_operator to 2023-09-12T00:00:00+00:00, run_after=2023-09-13T00:00:00+00:00
[2023-09-13T19:26:33.848+0000] {processor.py:179} INFO - Processing /home/airflow/.local/lib/python3.8/site-packages/airflow/example_dags/example_branch_operator.py took 0.071 seconds
[2023-09-13T19:27:04.221+0000] {processor.py:157} INFO - Started process (PID=1266) to work on /home/airflow/.local/lib/python3.8/site-packages/airflow/example_dags/example_branch_operator.py
[2023-09-13T19:27:04.222+0000] {processor.py:829} INFO - Processing file /home/airflow/.local/lib/python3.8/site-packages/airflow/example_dags/example_branch_operator.py for tasks to queue
[2023-09-13T19:27:04.225+0000] {logging_mixin.py:151} INFO - [2023-09-13T19:27:04.224+0000] {dagbag.py:539} INFO - Filling up the DagBag from /home/airflow/.local/lib/python3.8/site-packages/airflow/example_dags/example_branch_operator.py
[2023-09-13T19:27:04.234+0000] {processor.py:839} INFO - DAG(s) dict_keys(['example_branch_operator']) retrieved from /home/airflow/.local/lib/python3.8/site-packages/airflow/example_dags/example_branch_operator.py
[2023-09-13T19:27:04.258+0000] {logging_mixin.py:151} INFO - [2023-09-13T19:27:04.258+0000] {dag.py:2915} INFO - Sync 1 DAGs
[2023-09-13T19:27:04.277+0000] {logging_mixin.py:151} INFO - [2023-09-13T19:27:04.276+0000] {dag.py:3696} INFO - Setting next_dagrun for example_branch_operator to 2023-09-12T00:00:00+00:00, run_after=2023-09-13T00:00:00+00:00
[2023-09-13T19:27:04.289+0000] {processor.py:179} INFO - Processing /home/airflow/.local/lib/python3.8/site-packages/airflow/example_dags/example_branch_operator.py took 0.073 seconds
[2023-09-13T19:28:17.806+0000] {processor.py:157} INFO - Started process (PID=66) to work on /home/airflow/.local/lib/python3.8/site-packages/airflow/example_dags/example_branch_operator.py
[2023-09-13T19:28:17.810+0000] {processor.py:829} INFO - Processing file /home/airflow/.local/lib/python3.8/site-packages/airflow/example_dags/example_branch_operator.py for tasks to queue
[2023-09-13T19:28:17.817+0000] {logging_mixin.py:151} INFO - [2023-09-13T19:28:17.816+0000] {dagbag.py:539} INFO - Filling up the DagBag from /home/airflow/.local/lib/python3.8/site-packages/airflow/example_dags/example_branch_operator.py
[2023-09-13T19:28:17.845+0000] {processor.py:839} INFO - DAG(s) dict_keys(['example_branch_operator']) retrieved from /home/airflow/.local/lib/python3.8/site-packages/airflow/example_dags/example_branch_operator.py
[2023-09-13T19:28:17.881+0000] {logging_mixin.py:151} INFO - [2023-09-13T19:28:17.881+0000] {dag.py:2915} INFO - Sync 1 DAGs
[2023-09-13T19:28:17.968+0000] {logging_mixin.py:151} INFO - [2023-09-13T19:28:17.967+0000] {dag.py:3696} INFO - Setting next_dagrun for example_branch_operator to 2023-09-12T00:00:00+00:00, run_after=2023-09-13T00:00:00+00:00
[2023-09-13T19:28:18.021+0000] {processor.py:179} INFO - Processing /home/airflow/.local/lib/python3.8/site-packages/airflow/example_dags/example_branch_operator.py took 0.225 seconds
[2023-09-13T19:28:48.166+0000] {processor.py:157} INFO - Started process (PID=122) to work on /home/airflow/.local/lib/python3.8/site-packages/airflow/example_dags/example_branch_operator.py
[2023-09-13T19:28:48.168+0000] {processor.py:829} INFO - Processing file /home/airflow/.local/lib/python3.8/site-packages/airflow/example_dags/example_branch_operator.py for tasks to queue
[2023-09-13T19:28:48.173+0000] {logging_mixin.py:151} INFO - [2023-09-13T19:28:48.173+0000] {dagbag.py:539} INFO - Filling up the DagBag from /home/airflow/.local/lib/python3.8/site-packages/airflow/example_dags/example_branch_operator.py
[2023-09-13T19:28:48.187+0000] {processor.py:839} INFO - DAG(s) dict_keys(['example_branch_operator']) retrieved from /home/airflow/.local/lib/python3.8/site-packages/airflow/example_dags/example_branch_operator.py
[2023-09-13T19:28:48.226+0000] {logging_mixin.py:151} INFO - [2023-09-13T19:28:48.226+0000] {dag.py:2915} INFO - Sync 1 DAGs
[2023-09-13T19:28:48.257+0000] {logging_mixin.py:151} INFO - [2023-09-13T19:28:48.257+0000] {dag.py:3696} INFO - Setting next_dagrun for example_branch_operator to 2023-09-12T00:00:00+00:00, run_after=2023-09-13T00:00:00+00:00
[2023-09-13T19:28:48.275+0000] {processor.py:179} INFO - Processing /home/airflow/.local/lib/python3.8/site-packages/airflow/example_dags/example_branch_operator.py took 0.115 seconds
[2023-09-13T19:29:18.415+0000] {processor.py:157} INFO - Started process (PID=177) to work on /home/airflow/.local/lib/python3.8/site-packages/airflow/example_dags/example_branch_operator.py
[2023-09-13T19:29:18.416+0000] {processor.py:829} INFO - Processing file /home/airflow/.local/lib/python3.8/site-packages/airflow/example_dags/example_branch_operator.py for tasks to queue
[2023-09-13T19:29:18.419+0000] {logging_mixin.py:151} INFO - [2023-09-13T19:29:18.418+0000] {dagbag.py:539} INFO - Filling up the DagBag from /home/airflow/.local/lib/python3.8/site-packages/airflow/example_dags/example_branch_operator.py
[2023-09-13T19:29:18.428+0000] {processor.py:839} INFO - DAG(s) dict_keys(['example_branch_operator']) retrieved from /home/airflow/.local/lib/python3.8/site-packages/airflow/example_dags/example_branch_operator.py
[2023-09-13T19:29:18.450+0000] {logging_mixin.py:151} INFO - [2023-09-13T19:29:18.450+0000] {dag.py:2915} INFO - Sync 1 DAGs
[2023-09-13T19:29:18.470+0000] {logging_mixin.py:151} INFO - [2023-09-13T19:29:18.470+0000] {dag.py:3696} INFO - Setting next_dagrun for example_branch_operator to 2023-09-12T00:00:00+00:00, run_after=2023-09-13T00:00:00+00:00
[2023-09-13T19:29:18.482+0000] {processor.py:179} INFO - Processing /home/airflow/.local/lib/python3.8/site-packages/airflow/example_dags/example_branch_operator.py took 0.071 seconds
[2023-09-13T19:29:48.807+0000] {processor.py:157} INFO - Started process (PID=231) to work on /home/airflow/.local/lib/python3.8/site-packages/airflow/example_dags/example_branch_operator.py
[2023-09-13T19:29:48.808+0000] {processor.py:829} INFO - Processing file /home/airflow/.local/lib/python3.8/site-packages/airflow/example_dags/example_branch_operator.py for tasks to queue
[2023-09-13T19:29:48.811+0000] {logging_mixin.py:151} INFO - [2023-09-13T19:29:48.811+0000] {dagbag.py:539} INFO - Filling up the DagBag from /home/airflow/.local/lib/python3.8/site-packages/airflow/example_dags/example_branch_operator.py
[2023-09-13T19:29:48.821+0000] {processor.py:839} INFO - DAG(s) dict_keys(['example_branch_operator']) retrieved from /home/airflow/.local/lib/python3.8/site-packages/airflow/example_dags/example_branch_operator.py
[2023-09-13T19:29:48.842+0000] {logging_mixin.py:151} INFO - [2023-09-13T19:29:48.842+0000] {dag.py:2915} INFO - Sync 1 DAGs
[2023-09-13T19:29:48.860+0000] {logging_mixin.py:151} INFO - [2023-09-13T19:29:48.860+0000] {dag.py:3696} INFO - Setting next_dagrun for example_branch_operator to 2023-09-12T00:00:00+00:00, run_after=2023-09-13T00:00:00+00:00
[2023-09-13T19:29:48.871+0000] {processor.py:179} INFO - Processing /home/airflow/.local/lib/python3.8/site-packages/airflow/example_dags/example_branch_operator.py took 0.069 seconds
[2023-09-13T19:30:19.043+0000] {processor.py:157} INFO - Started process (PID=285) to work on /home/airflow/.local/lib/python3.8/site-packages/airflow/example_dags/example_branch_operator.py
[2023-09-13T19:30:19.045+0000] {processor.py:829} INFO - Processing file /home/airflow/.local/lib/python3.8/site-packages/airflow/example_dags/example_branch_operator.py for tasks to queue
[2023-09-13T19:30:19.048+0000] {logging_mixin.py:151} INFO - [2023-09-13T19:30:19.047+0000] {dagbag.py:539} INFO - Filling up the DagBag from /home/airflow/.local/lib/python3.8/site-packages/airflow/example_dags/example_branch_operator.py
[2023-09-13T19:30:19.057+0000] {processor.py:839} INFO - DAG(s) dict_keys(['example_branch_operator']) retrieved from /home/airflow/.local/lib/python3.8/site-packages/airflow/example_dags/example_branch_operator.py
[2023-09-13T19:30:19.084+0000] {logging_mixin.py:151} INFO - [2023-09-13T19:30:19.084+0000] {dag.py:2915} INFO - Sync 1 DAGs
[2023-09-13T19:30:19.107+0000] {logging_mixin.py:151} INFO - [2023-09-13T19:30:19.107+0000] {dag.py:3696} INFO - Setting next_dagrun for example_branch_operator to 2023-09-12T00:00:00+00:00, run_after=2023-09-13T00:00:00+00:00
[2023-09-13T19:30:19.124+0000] {processor.py:179} INFO - Processing /home/airflow/.local/lib/python3.8/site-packages/airflow/example_dags/example_branch_operator.py took 0.085 seconds
[2023-09-13T19:31:33.228+0000] {processor.py:157} INFO - Started process (PID=67) to work on /home/airflow/.local/lib/python3.8/site-packages/airflow/example_dags/example_branch_operator.py
[2023-09-13T19:31:33.239+0000] {processor.py:829} INFO - Processing file /home/airflow/.local/lib/python3.8/site-packages/airflow/example_dags/example_branch_operator.py for tasks to queue
[2023-09-13T19:31:33.243+0000] {logging_mixin.py:151} INFO - [2023-09-13T19:31:33.242+0000] {dagbag.py:539} INFO - Filling up the DagBag from /home/airflow/.local/lib/python3.8/site-packages/airflow/example_dags/example_branch_operator.py
[2023-09-13T19:31:33.278+0000] {processor.py:839} INFO - DAG(s) dict_keys(['example_branch_operator']) retrieved from /home/airflow/.local/lib/python3.8/site-packages/airflow/example_dags/example_branch_operator.py
[2023-09-13T19:31:33.317+0000] {logging_mixin.py:151} INFO - [2023-09-13T19:31:33.317+0000] {dag.py:2915} INFO - Sync 1 DAGs
[2023-09-13T19:31:33.363+0000] {logging_mixin.py:151} INFO - [2023-09-13T19:31:33.363+0000] {dag.py:3696} INFO - Setting next_dagrun for example_branch_operator to 2023-09-12T00:00:00+00:00, run_after=2023-09-13T00:00:00+00:00
[2023-09-13T19:31:33.388+0000] {processor.py:179} INFO - Processing /home/airflow/.local/lib/python3.8/site-packages/airflow/example_dags/example_branch_operator.py took 0.175 seconds
[2023-09-13T19:32:03.630+0000] {processor.py:157} INFO - Started process (PID=122) to work on /home/airflow/.local/lib/python3.8/site-packages/airflow/example_dags/example_branch_operator.py
[2023-09-13T19:32:03.632+0000] {processor.py:829} INFO - Processing file /home/airflow/.local/lib/python3.8/site-packages/airflow/example_dags/example_branch_operator.py for tasks to queue
[2023-09-13T19:32:03.635+0000] {logging_mixin.py:151} INFO - [2023-09-13T19:32:03.634+0000] {dagbag.py:539} INFO - Filling up the DagBag from /home/airflow/.local/lib/python3.8/site-packages/airflow/example_dags/example_branch_operator.py
[2023-09-13T19:32:03.644+0000] {processor.py:839} INFO - DAG(s) dict_keys(['example_branch_operator']) retrieved from /home/airflow/.local/lib/python3.8/site-packages/airflow/example_dags/example_branch_operator.py
[2023-09-13T19:32:03.670+0000] {logging_mixin.py:151} INFO - [2023-09-13T19:32:03.670+0000] {dag.py:2915} INFO - Sync 1 DAGs
[2023-09-13T19:32:03.691+0000] {logging_mixin.py:151} INFO - [2023-09-13T19:32:03.690+0000] {dag.py:3696} INFO - Setting next_dagrun for example_branch_operator to 2023-09-12T00:00:00+00:00, run_after=2023-09-13T00:00:00+00:00
[2023-09-13T19:32:03.706+0000] {processor.py:179} INFO - Processing /home/airflow/.local/lib/python3.8/site-packages/airflow/example_dags/example_branch_operator.py took 0.080 seconds
[2023-09-13T19:32:34.748+0000] {processor.py:157} INFO - Started process (PID=177) to work on /home/airflow/.local/lib/python3.8/site-packages/airflow/example_dags/example_branch_operator.py
[2023-09-13T19:32:34.750+0000] {processor.py:829} INFO - Processing file /home/airflow/.local/lib/python3.8/site-packages/airflow/example_dags/example_branch_operator.py for tasks to queue
[2023-09-13T19:32:34.752+0000] {logging_mixin.py:151} INFO - [2023-09-13T19:32:34.752+0000] {dagbag.py:539} INFO - Filling up the DagBag from /home/airflow/.local/lib/python3.8/site-packages/airflow/example_dags/example_branch_operator.py
[2023-09-13T19:32:34.761+0000] {processor.py:839} INFO - DAG(s) dict_keys(['example_branch_operator']) retrieved from /home/airflow/.local/lib/python3.8/site-packages/airflow/example_dags/example_branch_operator.py
[2023-09-13T19:32:34.784+0000] {logging_mixin.py:151} INFO - [2023-09-13T19:32:34.784+0000] {dag.py:2915} INFO - Sync 1 DAGs
[2023-09-13T19:32:34.803+0000] {logging_mixin.py:151} INFO - [2023-09-13T19:32:34.802+0000] {dag.py:3696} INFO - Setting next_dagrun for example_branch_operator to 2023-09-12T00:00:00+00:00, run_after=2023-09-13T00:00:00+00:00
[2023-09-13T19:32:34.815+0000] {processor.py:179} INFO - Processing /home/airflow/.local/lib/python3.8/site-packages/airflow/example_dags/example_branch_operator.py took 0.070 seconds
[2023-09-13T19:33:05.707+0000] {processor.py:157} INFO - Started process (PID=232) to work on /home/airflow/.local/lib/python3.8/site-packages/airflow/example_dags/example_branch_operator.py
[2023-09-13T19:33:05.709+0000] {processor.py:829} INFO - Processing file /home/airflow/.local/lib/python3.8/site-packages/airflow/example_dags/example_branch_operator.py for tasks to queue
[2023-09-13T19:33:05.711+0000] {logging_mixin.py:151} INFO - [2023-09-13T19:33:05.711+0000] {dagbag.py:539} INFO - Filling up the DagBag from /home/airflow/.local/lib/python3.8/site-packages/airflow/example_dags/example_branch_operator.py
[2023-09-13T19:33:05.720+0000] {processor.py:839} INFO - DAG(s) dict_keys(['example_branch_operator']) retrieved from /home/airflow/.local/lib/python3.8/site-packages/airflow/example_dags/example_branch_operator.py
[2023-09-13T19:33:05.743+0000] {logging_mixin.py:151} INFO - [2023-09-13T19:33:05.743+0000] {dag.py:2915} INFO - Sync 1 DAGs
[2023-09-13T19:33:05.763+0000] {logging_mixin.py:151} INFO - [2023-09-13T19:33:05.762+0000] {dag.py:3696} INFO - Setting next_dagrun for example_branch_operator to 2023-09-12T00:00:00+00:00, run_after=2023-09-13T00:00:00+00:00
[2023-09-13T19:33:05.775+0000] {processor.py:179} INFO - Processing /home/airflow/.local/lib/python3.8/site-packages/airflow/example_dags/example_branch_operator.py took 0.072 seconds
[2023-09-13T19:33:36.814+0000] {processor.py:157} INFO - Started process (PID=287) to work on /home/airflow/.local/lib/python3.8/site-packages/airflow/example_dags/example_branch_operator.py
[2023-09-13T19:33:36.816+0000] {processor.py:829} INFO - Processing file /home/airflow/.local/lib/python3.8/site-packages/airflow/example_dags/example_branch_operator.py for tasks to queue
[2023-09-13T19:33:36.818+0000] {logging_mixin.py:151} INFO - [2023-09-13T19:33:36.818+0000] {dagbag.py:539} INFO - Filling up the DagBag from /home/airflow/.local/lib/python3.8/site-packages/airflow/example_dags/example_branch_operator.py
[2023-09-13T19:33:36.829+0000] {processor.py:839} INFO - DAG(s) dict_keys(['example_branch_operator']) retrieved from /home/airflow/.local/lib/python3.8/site-packages/airflow/example_dags/example_branch_operator.py
[2023-09-13T19:33:36.855+0000] {logging_mixin.py:151} INFO - [2023-09-13T19:33:36.855+0000] {dag.py:2915} INFO - Sync 1 DAGs
[2023-09-13T19:33:36.875+0000] {logging_mixin.py:151} INFO - [2023-09-13T19:33:36.874+0000] {dag.py:3696} INFO - Setting next_dagrun for example_branch_operator to 2023-09-12T00:00:00+00:00, run_after=2023-09-13T00:00:00+00:00
[2023-09-13T19:33:36.889+0000] {processor.py:179} INFO - Processing /home/airflow/.local/lib/python3.8/site-packages/airflow/example_dags/example_branch_operator.py took 0.079 seconds
[2023-09-13T19:34:07.477+0000] {processor.py:157} INFO - Started process (PID=342) to work on /home/airflow/.local/lib/python3.8/site-packages/airflow/example_dags/example_branch_operator.py
[2023-09-13T19:34:07.478+0000] {processor.py:829} INFO - Processing file /home/airflow/.local/lib/python3.8/site-packages/airflow/example_dags/example_branch_operator.py for tasks to queue
[2023-09-13T19:34:07.480+0000] {logging_mixin.py:151} INFO - [2023-09-13T19:34:07.480+0000] {dagbag.py:539} INFO - Filling up the DagBag from /home/airflow/.local/lib/python3.8/site-packages/airflow/example_dags/example_branch_operator.py
[2023-09-13T19:34:07.489+0000] {processor.py:839} INFO - DAG(s) dict_keys(['example_branch_operator']) retrieved from /home/airflow/.local/lib/python3.8/site-packages/airflow/example_dags/example_branch_operator.py
[2023-09-13T19:34:07.511+0000] {logging_mixin.py:151} INFO - [2023-09-13T19:34:07.510+0000] {dag.py:2915} INFO - Sync 1 DAGs
[2023-09-13T19:34:07.528+0000] {logging_mixin.py:151} INFO - [2023-09-13T19:34:07.528+0000] {dag.py:3696} INFO - Setting next_dagrun for example_branch_operator to 2023-09-12T00:00:00+00:00, run_after=2023-09-13T00:00:00+00:00
[2023-09-13T19:34:07.541+0000] {processor.py:179} INFO - Processing /home/airflow/.local/lib/python3.8/site-packages/airflow/example_dags/example_branch_operator.py took 0.067 seconds
