[2023-09-13T19:15:46.967+0000] {processor.py:157} INFO - Started process (PID=32) to work on /home/airflow/.local/lib/python3.8/site-packages/airflow/example_dags/example_external_task_marker_dag.py
[2023-09-13T19:15:46.973+0000] {processor.py:829} INFO - Processing file /home/airflow/.local/lib/python3.8/site-packages/airflow/example_dags/example_external_task_marker_dag.py for tasks to queue
[2023-09-13T19:15:46.978+0000] {logging_mixin.py:151} INFO - [2023-09-13T19:15:46.977+0000] {dagbag.py:539} INFO - Filling up the DagBag from /home/airflow/.local/lib/python3.8/site-packages/airflow/example_dags/example_external_task_marker_dag.py
[2023-09-13T19:15:47.005+0000] {processor.py:839} INFO - DAG(s) dict_keys(['example_external_task_marker_parent', 'example_external_task_marker_child']) retrieved from /home/airflow/.local/lib/python3.8/site-packages/airflow/example_dags/example_external_task_marker_dag.py
[2023-09-13T19:15:47.154+0000] {logging_mixin.py:151} INFO - [2023-09-13T19:15:47.153+0000] {manager.py:499} INFO - Created Permission View: %s
[2023-09-13T19:15:47.171+0000] {logging_mixin.py:151} INFO - [2023-09-13T19:15:47.171+0000] {manager.py:499} INFO - Created Permission View: %s
[2023-09-13T19:15:47.179+0000] {logging_mixin.py:151} INFO - [2023-09-13T19:15:47.179+0000] {manager.py:499} INFO - Created Permission View: %s
[2023-09-13T19:15:47.181+0000] {logging_mixin.py:151} INFO - [2023-09-13T19:15:47.180+0000] {security.py:708} INFO - Not syncing DAG-level permissions for DAG 'DAG:example_external_task_marker_parent' as access control is unset.
[2023-09-13T19:15:47.199+0000] {logging_mixin.py:151} INFO - [2023-09-13T19:15:47.199+0000] {manager.py:499} INFO - Created Permission View: %s
[2023-09-13T19:15:47.206+0000] {logging_mixin.py:151} INFO - [2023-09-13T19:15:47.206+0000] {manager.py:499} INFO - Created Permission View: %s
[2023-09-13T19:15:47.215+0000] {logging_mixin.py:151} INFO - [2023-09-13T19:15:47.215+0000] {manager.py:499} INFO - Created Permission View: %s
[2023-09-13T19:15:47.216+0000] {logging_mixin.py:151} INFO - [2023-09-13T19:15:47.216+0000] {security.py:708} INFO - Not syncing DAG-level permissions for DAG 'DAG:example_external_task_marker_child' as access control is unset.
[2023-09-13T19:15:47.217+0000] {logging_mixin.py:151} INFO - [2023-09-13T19:15:47.217+0000] {dag.py:2915} INFO - Sync 2 DAGs
[2023-09-13T19:15:47.237+0000] {logging_mixin.py:151} INFO - [2023-09-13T19:15:47.237+0000] {dag.py:2937} INFO - Creating ORM DAG for example_external_task_marker_child
[2023-09-13T19:15:47.238+0000] {logging_mixin.py:151} INFO - [2023-09-13T19:15:47.238+0000] {dag.py:2937} INFO - Creating ORM DAG for example_external_task_marker_parent
[2023-09-13T19:15:47.239+0000] {logging_mixin.py:151} INFO - [2023-09-13T19:15:47.239+0000] {dag.py:3696} INFO - Setting next_dagrun for example_external_task_marker_child to None, run_after=None
[2023-09-13T19:15:47.240+0000] {logging_mixin.py:151} INFO - [2023-09-13T19:15:47.240+0000] {dag.py:3696} INFO - Setting next_dagrun for example_external_task_marker_parent to None, run_after=None
[2023-09-13T19:15:47.268+0000] {processor.py:179} INFO - Processing /home/airflow/.local/lib/python3.8/site-packages/airflow/example_dags/example_external_task_marker_dag.py took 0.310 seconds
[2023-09-13T19:16:18.059+0000] {processor.py:157} INFO - Started process (PID=86) to work on /home/airflow/.local/lib/python3.8/site-packages/airflow/example_dags/example_external_task_marker_dag.py
[2023-09-13T19:16:18.061+0000] {processor.py:829} INFO - Processing file /home/airflow/.local/lib/python3.8/site-packages/airflow/example_dags/example_external_task_marker_dag.py for tasks to queue
[2023-09-13T19:16:18.065+0000] {logging_mixin.py:151} INFO - [2023-09-13T19:16:18.064+0000] {dagbag.py:539} INFO - Filling up the DagBag from /home/airflow/.local/lib/python3.8/site-packages/airflow/example_dags/example_external_task_marker_dag.py
[2023-09-13T19:16:18.073+0000] {processor.py:839} INFO - DAG(s) dict_keys(['example_external_task_marker_child', 'example_external_task_marker_parent']) retrieved from /home/airflow/.local/lib/python3.8/site-packages/airflow/example_dags/example_external_task_marker_dag.py
[2023-09-13T19:16:18.100+0000] {logging_mixin.py:151} INFO - [2023-09-13T19:16:18.100+0000] {dag.py:2915} INFO - Sync 2 DAGs
[2023-09-13T19:16:18.113+0000] {logging_mixin.py:151} INFO - [2023-09-13T19:16:18.113+0000] {dag.py:3696} INFO - Setting next_dagrun for example_external_task_marker_child to None, run_after=None
[2023-09-13T19:16:18.116+0000] {logging_mixin.py:151} INFO - [2023-09-13T19:16:18.116+0000] {dag.py:3696} INFO - Setting next_dagrun for example_external_task_marker_parent to None, run_after=None
[2023-09-13T19:16:18.130+0000] {processor.py:179} INFO - Processing /home/airflow/.local/lib/python3.8/site-packages/airflow/example_dags/example_external_task_marker_dag.py took 0.076 seconds
[2023-09-13T19:16:48.329+0000] {processor.py:157} INFO - Started process (PID=139) to work on /home/airflow/.local/lib/python3.8/site-packages/airflow/example_dags/example_external_task_marker_dag.py
[2023-09-13T19:16:48.331+0000] {processor.py:829} INFO - Processing file /home/airflow/.local/lib/python3.8/site-packages/airflow/example_dags/example_external_task_marker_dag.py for tasks to queue
[2023-09-13T19:16:48.333+0000] {logging_mixin.py:151} INFO - [2023-09-13T19:16:48.333+0000] {dagbag.py:539} INFO - Filling up the DagBag from /home/airflow/.local/lib/python3.8/site-packages/airflow/example_dags/example_external_task_marker_dag.py
[2023-09-13T19:16:48.340+0000] {processor.py:839} INFO - DAG(s) dict_keys(['example_external_task_marker_child', 'example_external_task_marker_parent']) retrieved from /home/airflow/.local/lib/python3.8/site-packages/airflow/example_dags/example_external_task_marker_dag.py
[2023-09-13T19:16:48.366+0000] {logging_mixin.py:151} INFO - [2023-09-13T19:16:48.366+0000] {dag.py:2915} INFO - Sync 2 DAGs
[2023-09-13T19:16:48.376+0000] {logging_mixin.py:151} INFO - [2023-09-13T19:16:48.376+0000] {dag.py:3696} INFO - Setting next_dagrun for example_external_task_marker_child to None, run_after=None
[2023-09-13T19:16:48.379+0000] {logging_mixin.py:151} INFO - [2023-09-13T19:16:48.379+0000] {dag.py:3696} INFO - Setting next_dagrun for example_external_task_marker_parent to None, run_after=None
[2023-09-13T19:16:48.391+0000] {processor.py:179} INFO - Processing /home/airflow/.local/lib/python3.8/site-packages/airflow/example_dags/example_external_task_marker_dag.py took 0.066 seconds
[2023-09-13T19:17:18.695+0000] {processor.py:157} INFO - Started process (PID=193) to work on /home/airflow/.local/lib/python3.8/site-packages/airflow/example_dags/example_external_task_marker_dag.py
[2023-09-13T19:17:18.697+0000] {processor.py:829} INFO - Processing file /home/airflow/.local/lib/python3.8/site-packages/airflow/example_dags/example_external_task_marker_dag.py for tasks to queue
[2023-09-13T19:17:18.702+0000] {logging_mixin.py:151} INFO - [2023-09-13T19:17:18.701+0000] {dagbag.py:539} INFO - Filling up the DagBag from /home/airflow/.local/lib/python3.8/site-packages/airflow/example_dags/example_external_task_marker_dag.py
[2023-09-13T19:17:18.708+0000] {processor.py:839} INFO - DAG(s) dict_keys(['example_external_task_marker_child', 'example_external_task_marker_parent']) retrieved from /home/airflow/.local/lib/python3.8/site-packages/airflow/example_dags/example_external_task_marker_dag.py
[2023-09-13T19:17:18.737+0000] {logging_mixin.py:151} INFO - [2023-09-13T19:17:18.737+0000] {dag.py:2915} INFO - Sync 2 DAGs
[2023-09-13T19:17:18.761+0000] {logging_mixin.py:151} INFO - [2023-09-13T19:17:18.760+0000] {dag.py:3696} INFO - Setting next_dagrun for example_external_task_marker_child to None, run_after=None
[2023-09-13T19:17:18.767+0000] {logging_mixin.py:151} INFO - [2023-09-13T19:17:18.767+0000] {dag.py:3696} INFO - Setting next_dagrun for example_external_task_marker_parent to None, run_after=None
[2023-09-13T19:17:18.782+0000] {processor.py:179} INFO - Processing /home/airflow/.local/lib/python3.8/site-packages/airflow/example_dags/example_external_task_marker_dag.py took 0.093 seconds
[2023-09-13T19:17:49.021+0000] {processor.py:157} INFO - Started process (PID=247) to work on /home/airflow/.local/lib/python3.8/site-packages/airflow/example_dags/example_external_task_marker_dag.py
[2023-09-13T19:17:49.023+0000] {processor.py:829} INFO - Processing file /home/airflow/.local/lib/python3.8/site-packages/airflow/example_dags/example_external_task_marker_dag.py for tasks to queue
[2023-09-13T19:17:49.026+0000] {logging_mixin.py:151} INFO - [2023-09-13T19:17:49.025+0000] {dagbag.py:539} INFO - Filling up the DagBag from /home/airflow/.local/lib/python3.8/site-packages/airflow/example_dags/example_external_task_marker_dag.py
[2023-09-13T19:17:49.032+0000] {processor.py:839} INFO - DAG(s) dict_keys(['example_external_task_marker_child', 'example_external_task_marker_parent']) retrieved from /home/airflow/.local/lib/python3.8/site-packages/airflow/example_dags/example_external_task_marker_dag.py
[2023-09-13T19:17:49.055+0000] {logging_mixin.py:151} INFO - [2023-09-13T19:17:49.055+0000] {dag.py:2915} INFO - Sync 2 DAGs
[2023-09-13T19:17:49.066+0000] {logging_mixin.py:151} INFO - [2023-09-13T19:17:49.066+0000] {dag.py:3696} INFO - Setting next_dagrun for example_external_task_marker_child to None, run_after=None
[2023-09-13T19:17:49.068+0000] {logging_mixin.py:151} INFO - [2023-09-13T19:17:49.068+0000] {dag.py:3696} INFO - Setting next_dagrun for example_external_task_marker_parent to None, run_after=None
[2023-09-13T19:17:49.079+0000] {processor.py:179} INFO - Processing /home/airflow/.local/lib/python3.8/site-packages/airflow/example_dags/example_external_task_marker_dag.py took 0.062 seconds
[2023-09-13T19:18:19.231+0000] {processor.py:157} INFO - Started process (PID=301) to work on /home/airflow/.local/lib/python3.8/site-packages/airflow/example_dags/example_external_task_marker_dag.py
[2023-09-13T19:18:19.233+0000] {processor.py:829} INFO - Processing file /home/airflow/.local/lib/python3.8/site-packages/airflow/example_dags/example_external_task_marker_dag.py for tasks to queue
[2023-09-13T19:18:19.236+0000] {logging_mixin.py:151} INFO - [2023-09-13T19:18:19.236+0000] {dagbag.py:539} INFO - Filling up the DagBag from /home/airflow/.local/lib/python3.8/site-packages/airflow/example_dags/example_external_task_marker_dag.py
[2023-09-13T19:18:19.243+0000] {processor.py:839} INFO - DAG(s) dict_keys(['example_external_task_marker_parent', 'example_external_task_marker_child']) retrieved from /home/airflow/.local/lib/python3.8/site-packages/airflow/example_dags/example_external_task_marker_dag.py
[2023-09-13T19:18:19.268+0000] {logging_mixin.py:151} INFO - [2023-09-13T19:18:19.268+0000] {dag.py:2915} INFO - Sync 2 DAGs
[2023-09-13T19:18:19.279+0000] {logging_mixin.py:151} INFO - [2023-09-13T19:18:19.279+0000] {dag.py:3696} INFO - Setting next_dagrun for example_external_task_marker_child to None, run_after=None
[2023-09-13T19:18:19.283+0000] {logging_mixin.py:151} INFO - [2023-09-13T19:18:19.283+0000] {dag.py:3696} INFO - Setting next_dagrun for example_external_task_marker_parent to None, run_after=None
[2023-09-13T19:18:19.294+0000] {processor.py:179} INFO - Processing /home/airflow/.local/lib/python3.8/site-packages/airflow/example_dags/example_external_task_marker_dag.py took 0.068 seconds
[2023-09-13T19:18:49.526+0000] {processor.py:157} INFO - Started process (PID=355) to work on /home/airflow/.local/lib/python3.8/site-packages/airflow/example_dags/example_external_task_marker_dag.py
[2023-09-13T19:18:49.528+0000] {processor.py:829} INFO - Processing file /home/airflow/.local/lib/python3.8/site-packages/airflow/example_dags/example_external_task_marker_dag.py for tasks to queue
[2023-09-13T19:18:49.530+0000] {logging_mixin.py:151} INFO - [2023-09-13T19:18:49.530+0000] {dagbag.py:539} INFO - Filling up the DagBag from /home/airflow/.local/lib/python3.8/site-packages/airflow/example_dags/example_external_task_marker_dag.py
[2023-09-13T19:18:49.536+0000] {processor.py:839} INFO - DAG(s) dict_keys(['example_external_task_marker_child', 'example_external_task_marker_parent']) retrieved from /home/airflow/.local/lib/python3.8/site-packages/airflow/example_dags/example_external_task_marker_dag.py
[2023-09-13T19:18:49.560+0000] {logging_mixin.py:151} INFO - [2023-09-13T19:18:49.560+0000] {dag.py:2915} INFO - Sync 2 DAGs
[2023-09-13T19:18:49.571+0000] {logging_mixin.py:151} INFO - [2023-09-13T19:18:49.571+0000] {dag.py:3696} INFO - Setting next_dagrun for example_external_task_marker_child to None, run_after=None
[2023-09-13T19:18:49.574+0000] {logging_mixin.py:151} INFO - [2023-09-13T19:18:49.574+0000] {dag.py:3696} INFO - Setting next_dagrun for example_external_task_marker_parent to None, run_after=None
[2023-09-13T19:18:49.587+0000] {processor.py:179} INFO - Processing /home/airflow/.local/lib/python3.8/site-packages/airflow/example_dags/example_external_task_marker_dag.py took 0.066 seconds
[2023-09-13T19:19:19.740+0000] {processor.py:157} INFO - Started process (PID=410) to work on /home/airflow/.local/lib/python3.8/site-packages/airflow/example_dags/example_external_task_marker_dag.py
[2023-09-13T19:19:19.742+0000] {processor.py:829} INFO - Processing file /home/airflow/.local/lib/python3.8/site-packages/airflow/example_dags/example_external_task_marker_dag.py for tasks to queue
[2023-09-13T19:19:19.746+0000] {logging_mixin.py:151} INFO - [2023-09-13T19:19:19.745+0000] {dagbag.py:539} INFO - Filling up the DagBag from /home/airflow/.local/lib/python3.8/site-packages/airflow/example_dags/example_external_task_marker_dag.py
[2023-09-13T19:19:19.754+0000] {processor.py:839} INFO - DAG(s) dict_keys(['example_external_task_marker_parent', 'example_external_task_marker_child']) retrieved from /home/airflow/.local/lib/python3.8/site-packages/airflow/example_dags/example_external_task_marker_dag.py
[2023-09-13T19:19:19.783+0000] {logging_mixin.py:151} INFO - [2023-09-13T19:19:19.782+0000] {dag.py:2915} INFO - Sync 2 DAGs
[2023-09-13T19:19:19.795+0000] {logging_mixin.py:151} INFO - [2023-09-13T19:19:19.795+0000] {dag.py:3696} INFO - Setting next_dagrun for example_external_task_marker_child to None, run_after=None
[2023-09-13T19:19:19.799+0000] {logging_mixin.py:151} INFO - [2023-09-13T19:19:19.799+0000] {dag.py:3696} INFO - Setting next_dagrun for example_external_task_marker_parent to None, run_after=None
[2023-09-13T19:19:19.812+0000] {processor.py:179} INFO - Processing /home/airflow/.local/lib/python3.8/site-packages/airflow/example_dags/example_external_task_marker_dag.py took 0.078 seconds
[2023-09-13T19:19:50.100+0000] {processor.py:157} INFO - Started process (PID=464) to work on /home/airflow/.local/lib/python3.8/site-packages/airflow/example_dags/example_external_task_marker_dag.py
[2023-09-13T19:19:50.102+0000] {processor.py:829} INFO - Processing file /home/airflow/.local/lib/python3.8/site-packages/airflow/example_dags/example_external_task_marker_dag.py for tasks to queue
[2023-09-13T19:19:50.106+0000] {logging_mixin.py:151} INFO - [2023-09-13T19:19:50.105+0000] {dagbag.py:539} INFO - Filling up the DagBag from /home/airflow/.local/lib/python3.8/site-packages/airflow/example_dags/example_external_task_marker_dag.py
[2023-09-13T19:19:50.115+0000] {processor.py:839} INFO - DAG(s) dict_keys(['example_external_task_marker_parent', 'example_external_task_marker_child']) retrieved from /home/airflow/.local/lib/python3.8/site-packages/airflow/example_dags/example_external_task_marker_dag.py
[2023-09-13T19:19:50.150+0000] {logging_mixin.py:151} INFO - [2023-09-13T19:19:50.150+0000] {dag.py:2915} INFO - Sync 2 DAGs
[2023-09-13T19:19:50.163+0000] {logging_mixin.py:151} INFO - [2023-09-13T19:19:50.163+0000] {dag.py:3696} INFO - Setting next_dagrun for example_external_task_marker_child to None, run_after=None
[2023-09-13T19:19:50.167+0000] {logging_mixin.py:151} INFO - [2023-09-13T19:19:50.167+0000] {dag.py:3696} INFO - Setting next_dagrun for example_external_task_marker_parent to None, run_after=None
[2023-09-13T19:19:50.182+0000] {processor.py:179} INFO - Processing /home/airflow/.local/lib/python3.8/site-packages/airflow/example_dags/example_external_task_marker_dag.py took 0.087 seconds
[2023-09-13T19:20:20.395+0000] {processor.py:157} INFO - Started process (PID=517) to work on /home/airflow/.local/lib/python3.8/site-packages/airflow/example_dags/example_external_task_marker_dag.py
[2023-09-13T19:20:20.397+0000] {processor.py:829} INFO - Processing file /home/airflow/.local/lib/python3.8/site-packages/airflow/example_dags/example_external_task_marker_dag.py for tasks to queue
[2023-09-13T19:20:20.400+0000] {logging_mixin.py:151} INFO - [2023-09-13T19:20:20.400+0000] {dagbag.py:539} INFO - Filling up the DagBag from /home/airflow/.local/lib/python3.8/site-packages/airflow/example_dags/example_external_task_marker_dag.py
[2023-09-13T19:20:20.407+0000] {processor.py:839} INFO - DAG(s) dict_keys(['example_external_task_marker_child', 'example_external_task_marker_parent']) retrieved from /home/airflow/.local/lib/python3.8/site-packages/airflow/example_dags/example_external_task_marker_dag.py
[2023-09-13T19:20:20.436+0000] {logging_mixin.py:151} INFO - [2023-09-13T19:20:20.435+0000] {dag.py:2915} INFO - Sync 2 DAGs
[2023-09-13T19:20:20.449+0000] {logging_mixin.py:151} INFO - [2023-09-13T19:20:20.448+0000] {dag.py:3696} INFO - Setting next_dagrun for example_external_task_marker_child to None, run_after=None
[2023-09-13T19:20:20.452+0000] {logging_mixin.py:151} INFO - [2023-09-13T19:20:20.452+0000] {dag.py:3696} INFO - Setting next_dagrun for example_external_task_marker_parent to None, run_after=None
[2023-09-13T19:20:20.466+0000] {processor.py:179} INFO - Processing /home/airflow/.local/lib/python3.8/site-packages/airflow/example_dags/example_external_task_marker_dag.py took 0.076 seconds
[2023-09-13T19:20:50.904+0000] {processor.py:157} INFO - Started process (PID=571) to work on /home/airflow/.local/lib/python3.8/site-packages/airflow/example_dags/example_external_task_marker_dag.py
[2023-09-13T19:20:50.906+0000] {processor.py:829} INFO - Processing file /home/airflow/.local/lib/python3.8/site-packages/airflow/example_dags/example_external_task_marker_dag.py for tasks to queue
[2023-09-13T19:20:50.910+0000] {logging_mixin.py:151} INFO - [2023-09-13T19:20:50.909+0000] {dagbag.py:539} INFO - Filling up the DagBag from /home/airflow/.local/lib/python3.8/site-packages/airflow/example_dags/example_external_task_marker_dag.py
[2023-09-13T19:20:50.918+0000] {processor.py:839} INFO - DAG(s) dict_keys(['example_external_task_marker_child', 'example_external_task_marker_parent']) retrieved from /home/airflow/.local/lib/python3.8/site-packages/airflow/example_dags/example_external_task_marker_dag.py
[2023-09-13T19:20:50.946+0000] {logging_mixin.py:151} INFO - [2023-09-13T19:20:50.945+0000] {dag.py:2915} INFO - Sync 2 DAGs
[2023-09-13T19:20:50.962+0000] {logging_mixin.py:151} INFO - [2023-09-13T19:20:50.962+0000] {dag.py:3696} INFO - Setting next_dagrun for example_external_task_marker_child to None, run_after=None
[2023-09-13T19:20:50.966+0000] {logging_mixin.py:151} INFO - [2023-09-13T19:20:50.966+0000] {dag.py:3696} INFO - Setting next_dagrun for example_external_task_marker_parent to None, run_after=None
[2023-09-13T19:20:50.980+0000] {processor.py:179} INFO - Processing /home/airflow/.local/lib/python3.8/site-packages/airflow/example_dags/example_external_task_marker_dag.py took 0.081 seconds
[2023-09-13T19:21:21.275+0000] {processor.py:157} INFO - Started process (PID=625) to work on /home/airflow/.local/lib/python3.8/site-packages/airflow/example_dags/example_external_task_marker_dag.py
[2023-09-13T19:21:21.276+0000] {processor.py:829} INFO - Processing file /home/airflow/.local/lib/python3.8/site-packages/airflow/example_dags/example_external_task_marker_dag.py for tasks to queue
[2023-09-13T19:21:21.279+0000] {logging_mixin.py:151} INFO - [2023-09-13T19:21:21.279+0000] {dagbag.py:539} INFO - Filling up the DagBag from /home/airflow/.local/lib/python3.8/site-packages/airflow/example_dags/example_external_task_marker_dag.py
[2023-09-13T19:21:21.287+0000] {processor.py:839} INFO - DAG(s) dict_keys(['example_external_task_marker_child', 'example_external_task_marker_parent']) retrieved from /home/airflow/.local/lib/python3.8/site-packages/airflow/example_dags/example_external_task_marker_dag.py
[2023-09-13T19:21:21.315+0000] {logging_mixin.py:151} INFO - [2023-09-13T19:21:21.315+0000] {dag.py:2915} INFO - Sync 2 DAGs
[2023-09-13T19:21:21.327+0000] {logging_mixin.py:151} INFO - [2023-09-13T19:21:21.327+0000] {dag.py:3696} INFO - Setting next_dagrun for example_external_task_marker_child to None, run_after=None
[2023-09-13T19:21:21.330+0000] {logging_mixin.py:151} INFO - [2023-09-13T19:21:21.330+0000] {dag.py:3696} INFO - Setting next_dagrun for example_external_task_marker_parent to None, run_after=None
[2023-09-13T19:21:21.343+0000] {processor.py:179} INFO - Processing /home/airflow/.local/lib/python3.8/site-packages/airflow/example_dags/example_external_task_marker_dag.py took 0.073 seconds
[2023-09-13T19:21:51.945+0000] {processor.py:157} INFO - Started process (PID=679) to work on /home/airflow/.local/lib/python3.8/site-packages/airflow/example_dags/example_external_task_marker_dag.py
[2023-09-13T19:21:51.948+0000] {processor.py:829} INFO - Processing file /home/airflow/.local/lib/python3.8/site-packages/airflow/example_dags/example_external_task_marker_dag.py for tasks to queue
[2023-09-13T19:21:51.950+0000] {logging_mixin.py:151} INFO - [2023-09-13T19:21:51.950+0000] {dagbag.py:539} INFO - Filling up the DagBag from /home/airflow/.local/lib/python3.8/site-packages/airflow/example_dags/example_external_task_marker_dag.py
[2023-09-13T19:21:51.956+0000] {processor.py:839} INFO - DAG(s) dict_keys(['example_external_task_marker_child', 'example_external_task_marker_parent']) retrieved from /home/airflow/.local/lib/python3.8/site-packages/airflow/example_dags/example_external_task_marker_dag.py
[2023-09-13T19:21:51.979+0000] {logging_mixin.py:151} INFO - [2023-09-13T19:21:51.979+0000] {dag.py:2915} INFO - Sync 2 DAGs
[2023-09-13T19:21:51.989+0000] {logging_mixin.py:151} INFO - [2023-09-13T19:21:51.989+0000] {dag.py:3696} INFO - Setting next_dagrun for example_external_task_marker_child to None, run_after=None
[2023-09-13T19:21:51.992+0000] {logging_mixin.py:151} INFO - [2023-09-13T19:21:51.992+0000] {dag.py:3696} INFO - Setting next_dagrun for example_external_task_marker_parent to None, run_after=None
[2023-09-13T19:21:52.002+0000] {processor.py:179} INFO - Processing /home/airflow/.local/lib/python3.8/site-packages/airflow/example_dags/example_external_task_marker_dag.py took 0.061 seconds
[2023-09-13T19:22:22.620+0000] {processor.py:157} INFO - Started process (PID=733) to work on /home/airflow/.local/lib/python3.8/site-packages/airflow/example_dags/example_external_task_marker_dag.py
[2023-09-13T19:22:22.621+0000] {processor.py:829} INFO - Processing file /home/airflow/.local/lib/python3.8/site-packages/airflow/example_dags/example_external_task_marker_dag.py for tasks to queue
[2023-09-13T19:22:22.625+0000] {logging_mixin.py:151} INFO - [2023-09-13T19:22:22.624+0000] {dagbag.py:539} INFO - Filling up the DagBag from /home/airflow/.local/lib/python3.8/site-packages/airflow/example_dags/example_external_task_marker_dag.py
[2023-09-13T19:22:22.635+0000] {processor.py:839} INFO - DAG(s) dict_keys(['example_external_task_marker_parent', 'example_external_task_marker_child']) retrieved from /home/airflow/.local/lib/python3.8/site-packages/airflow/example_dags/example_external_task_marker_dag.py
[2023-09-13T19:22:22.668+0000] {logging_mixin.py:151} INFO - [2023-09-13T19:22:22.668+0000] {dag.py:2915} INFO - Sync 2 DAGs
[2023-09-13T19:22:22.685+0000] {logging_mixin.py:151} INFO - [2023-09-13T19:22:22.684+0000] {dag.py:3696} INFO - Setting next_dagrun for example_external_task_marker_child to None, run_after=None
[2023-09-13T19:22:22.691+0000] {logging_mixin.py:151} INFO - [2023-09-13T19:22:22.691+0000] {dag.py:3696} INFO - Setting next_dagrun for example_external_task_marker_parent to None, run_after=None
[2023-09-13T19:22:22.707+0000] {processor.py:179} INFO - Processing /home/airflow/.local/lib/python3.8/site-packages/airflow/example_dags/example_external_task_marker_dag.py took 0.093 seconds
[2023-09-13T19:22:52.751+0000] {processor.py:157} INFO - Started process (PID=786) to work on /home/airflow/.local/lib/python3.8/site-packages/airflow/example_dags/example_external_task_marker_dag.py
[2023-09-13T19:22:52.756+0000] {processor.py:829} INFO - Processing file /home/airflow/.local/lib/python3.8/site-packages/airflow/example_dags/example_external_task_marker_dag.py for tasks to queue
[2023-09-13T19:22:52.760+0000] {logging_mixin.py:151} INFO - [2023-09-13T19:22:52.760+0000] {dagbag.py:539} INFO - Filling up the DagBag from /home/airflow/.local/lib/python3.8/site-packages/airflow/example_dags/example_external_task_marker_dag.py
[2023-09-13T19:22:52.772+0000] {processor.py:839} INFO - DAG(s) dict_keys(['example_external_task_marker_parent', 'example_external_task_marker_child']) retrieved from /home/airflow/.local/lib/python3.8/site-packages/airflow/example_dags/example_external_task_marker_dag.py
[2023-09-13T19:22:52.805+0000] {logging_mixin.py:151} INFO - [2023-09-13T19:22:52.805+0000] {dag.py:2915} INFO - Sync 2 DAGs
[2023-09-13T19:22:52.819+0000] {logging_mixin.py:151} INFO - [2023-09-13T19:22:52.819+0000] {dag.py:3696} INFO - Setting next_dagrun for example_external_task_marker_child to None, run_after=None
[2023-09-13T19:22:52.822+0000] {logging_mixin.py:151} INFO - [2023-09-13T19:22:52.822+0000] {dag.py:3696} INFO - Setting next_dagrun for example_external_task_marker_parent to None, run_after=None
[2023-09-13T19:22:52.837+0000] {processor.py:179} INFO - Processing /home/airflow/.local/lib/python3.8/site-packages/airflow/example_dags/example_external_task_marker_dag.py took 0.096 seconds
[2023-09-13T19:23:23.155+0000] {processor.py:157} INFO - Started process (PID=841) to work on /home/airflow/.local/lib/python3.8/site-packages/airflow/example_dags/example_external_task_marker_dag.py
[2023-09-13T19:23:23.157+0000] {processor.py:829} INFO - Processing file /home/airflow/.local/lib/python3.8/site-packages/airflow/example_dags/example_external_task_marker_dag.py for tasks to queue
[2023-09-13T19:23:23.160+0000] {logging_mixin.py:151} INFO - [2023-09-13T19:23:23.159+0000] {dagbag.py:539} INFO - Filling up the DagBag from /home/airflow/.local/lib/python3.8/site-packages/airflow/example_dags/example_external_task_marker_dag.py
[2023-09-13T19:23:23.167+0000] {processor.py:839} INFO - DAG(s) dict_keys(['example_external_task_marker_child', 'example_external_task_marker_parent']) retrieved from /home/airflow/.local/lib/python3.8/site-packages/airflow/example_dags/example_external_task_marker_dag.py
[2023-09-13T19:23:23.191+0000] {logging_mixin.py:151} INFO - [2023-09-13T19:23:23.191+0000] {dag.py:2915} INFO - Sync 2 DAGs
[2023-09-13T19:23:23.207+0000] {logging_mixin.py:151} INFO - [2023-09-13T19:23:23.206+0000] {dag.py:3696} INFO - Setting next_dagrun for example_external_task_marker_child to None, run_after=None
[2023-09-13T19:23:23.210+0000] {logging_mixin.py:151} INFO - [2023-09-13T19:23:23.209+0000] {dag.py:3696} INFO - Setting next_dagrun for example_external_task_marker_parent to None, run_after=None
[2023-09-13T19:23:23.221+0000] {processor.py:179} INFO - Processing /home/airflow/.local/lib/python3.8/site-packages/airflow/example_dags/example_external_task_marker_dag.py took 0.071 seconds
[2023-09-13T19:23:53.441+0000] {processor.py:157} INFO - Started process (PID=895) to work on /home/airflow/.local/lib/python3.8/site-packages/airflow/example_dags/example_external_task_marker_dag.py
[2023-09-13T19:23:53.443+0000] {processor.py:829} INFO - Processing file /home/airflow/.local/lib/python3.8/site-packages/airflow/example_dags/example_external_task_marker_dag.py for tasks to queue
[2023-09-13T19:23:53.445+0000] {logging_mixin.py:151} INFO - [2023-09-13T19:23:53.445+0000] {dagbag.py:539} INFO - Filling up the DagBag from /home/airflow/.local/lib/python3.8/site-packages/airflow/example_dags/example_external_task_marker_dag.py
[2023-09-13T19:23:53.452+0000] {processor.py:839} INFO - DAG(s) dict_keys(['example_external_task_marker_parent', 'example_external_task_marker_child']) retrieved from /home/airflow/.local/lib/python3.8/site-packages/airflow/example_dags/example_external_task_marker_dag.py
[2023-09-13T19:23:53.476+0000] {logging_mixin.py:151} INFO - [2023-09-13T19:23:53.476+0000] {dag.py:2915} INFO - Sync 2 DAGs
[2023-09-13T19:23:53.486+0000] {logging_mixin.py:151} INFO - [2023-09-13T19:23:53.486+0000] {dag.py:3696} INFO - Setting next_dagrun for example_external_task_marker_child to None, run_after=None
[2023-09-13T19:23:53.489+0000] {logging_mixin.py:151} INFO - [2023-09-13T19:23:53.489+0000] {dag.py:3696} INFO - Setting next_dagrun for example_external_task_marker_parent to None, run_after=None
[2023-09-13T19:23:53.500+0000] {processor.py:179} INFO - Processing /home/airflow/.local/lib/python3.8/site-packages/airflow/example_dags/example_external_task_marker_dag.py took 0.063 seconds
[2023-09-13T19:24:23.572+0000] {processor.py:157} INFO - Started process (PID=949) to work on /home/airflow/.local/lib/python3.8/site-packages/airflow/example_dags/example_external_task_marker_dag.py
[2023-09-13T19:24:23.574+0000] {processor.py:829} INFO - Processing file /home/airflow/.local/lib/python3.8/site-packages/airflow/example_dags/example_external_task_marker_dag.py for tasks to queue
[2023-09-13T19:24:23.577+0000] {logging_mixin.py:151} INFO - [2023-09-13T19:24:23.577+0000] {dagbag.py:539} INFO - Filling up the DagBag from /home/airflow/.local/lib/python3.8/site-packages/airflow/example_dags/example_external_task_marker_dag.py
[2023-09-13T19:24:23.584+0000] {processor.py:839} INFO - DAG(s) dict_keys(['example_external_task_marker_child', 'example_external_task_marker_parent']) retrieved from /home/airflow/.local/lib/python3.8/site-packages/airflow/example_dags/example_external_task_marker_dag.py
[2023-09-13T19:24:23.608+0000] {logging_mixin.py:151} INFO - [2023-09-13T19:24:23.608+0000] {dag.py:2915} INFO - Sync 2 DAGs
[2023-09-13T19:24:23.619+0000] {logging_mixin.py:151} INFO - [2023-09-13T19:24:23.618+0000] {dag.py:3696} INFO - Setting next_dagrun for example_external_task_marker_child to None, run_after=None
[2023-09-13T19:24:23.622+0000] {logging_mixin.py:151} INFO - [2023-09-13T19:24:23.622+0000] {dag.py:3696} INFO - Setting next_dagrun for example_external_task_marker_parent to None, run_after=None
[2023-09-13T19:24:23.634+0000] {processor.py:179} INFO - Processing /home/airflow/.local/lib/python3.8/site-packages/airflow/example_dags/example_external_task_marker_dag.py took 0.067 seconds
[2023-09-13T19:24:53.971+0000] {processor.py:157} INFO - Started process (PID=1004) to work on /home/airflow/.local/lib/python3.8/site-packages/airflow/example_dags/example_external_task_marker_dag.py
[2023-09-13T19:24:53.973+0000] {processor.py:829} INFO - Processing file /home/airflow/.local/lib/python3.8/site-packages/airflow/example_dags/example_external_task_marker_dag.py for tasks to queue
[2023-09-13T19:24:53.975+0000] {logging_mixin.py:151} INFO - [2023-09-13T19:24:53.975+0000] {dagbag.py:539} INFO - Filling up the DagBag from /home/airflow/.local/lib/python3.8/site-packages/airflow/example_dags/example_external_task_marker_dag.py
[2023-09-13T19:24:53.982+0000] {processor.py:839} INFO - DAG(s) dict_keys(['example_external_task_marker_child', 'example_external_task_marker_parent']) retrieved from /home/airflow/.local/lib/python3.8/site-packages/airflow/example_dags/example_external_task_marker_dag.py
[2023-09-13T19:24:54.005+0000] {logging_mixin.py:151} INFO - [2023-09-13T19:24:54.005+0000] {dag.py:2915} INFO - Sync 2 DAGs
[2023-09-13T19:24:54.016+0000] {logging_mixin.py:151} INFO - [2023-09-13T19:24:54.016+0000] {dag.py:3696} INFO - Setting next_dagrun for example_external_task_marker_child to None, run_after=None
[2023-09-13T19:24:54.019+0000] {logging_mixin.py:151} INFO - [2023-09-13T19:24:54.019+0000] {dag.py:3696} INFO - Setting next_dagrun for example_external_task_marker_parent to None, run_after=None
[2023-09-13T19:24:54.030+0000] {processor.py:179} INFO - Processing /home/airflow/.local/lib/python3.8/site-packages/airflow/example_dags/example_external_task_marker_dag.py took 0.064 seconds
[2023-09-13T19:25:24.168+0000] {processor.py:157} INFO - Started process (PID=1057) to work on /home/airflow/.local/lib/python3.8/site-packages/airflow/example_dags/example_external_task_marker_dag.py
[2023-09-13T19:25:24.170+0000] {processor.py:829} INFO - Processing file /home/airflow/.local/lib/python3.8/site-packages/airflow/example_dags/example_external_task_marker_dag.py for tasks to queue
[2023-09-13T19:25:24.173+0000] {logging_mixin.py:151} INFO - [2023-09-13T19:25:24.173+0000] {dagbag.py:539} INFO - Filling up the DagBag from /home/airflow/.local/lib/python3.8/site-packages/airflow/example_dags/example_external_task_marker_dag.py
[2023-09-13T19:25:24.180+0000] {processor.py:839} INFO - DAG(s) dict_keys(['example_external_task_marker_child', 'example_external_task_marker_parent']) retrieved from /home/airflow/.local/lib/python3.8/site-packages/airflow/example_dags/example_external_task_marker_dag.py
[2023-09-13T19:25:24.205+0000] {logging_mixin.py:151} INFO - [2023-09-13T19:25:24.205+0000] {dag.py:2915} INFO - Sync 2 DAGs
[2023-09-13T19:25:24.216+0000] {logging_mixin.py:151} INFO - [2023-09-13T19:25:24.216+0000] {dag.py:3696} INFO - Setting next_dagrun for example_external_task_marker_child to None, run_after=None
[2023-09-13T19:25:24.219+0000] {logging_mixin.py:151} INFO - [2023-09-13T19:25:24.219+0000] {dag.py:3696} INFO - Setting next_dagrun for example_external_task_marker_parent to None, run_after=None
[2023-09-13T19:25:24.231+0000] {processor.py:179} INFO - Processing /home/airflow/.local/lib/python3.8/site-packages/airflow/example_dags/example_external_task_marker_dag.py took 0.067 seconds
[2023-09-13T19:25:55.205+0000] {processor.py:157} INFO - Started process (PID=1112) to work on /home/airflow/.local/lib/python3.8/site-packages/airflow/example_dags/example_external_task_marker_dag.py
[2023-09-13T19:25:55.206+0000] {processor.py:829} INFO - Processing file /home/airflow/.local/lib/python3.8/site-packages/airflow/example_dags/example_external_task_marker_dag.py for tasks to queue
[2023-09-13T19:25:55.209+0000] {logging_mixin.py:151} INFO - [2023-09-13T19:25:55.209+0000] {dagbag.py:539} INFO - Filling up the DagBag from /home/airflow/.local/lib/python3.8/site-packages/airflow/example_dags/example_external_task_marker_dag.py
[2023-09-13T19:25:55.215+0000] {processor.py:839} INFO - DAG(s) dict_keys(['example_external_task_marker_child', 'example_external_task_marker_parent']) retrieved from /home/airflow/.local/lib/python3.8/site-packages/airflow/example_dags/example_external_task_marker_dag.py
[2023-09-13T19:25:55.237+0000] {logging_mixin.py:151} INFO - [2023-09-13T19:25:55.237+0000] {dag.py:2915} INFO - Sync 2 DAGs
[2023-09-13T19:25:55.248+0000] {logging_mixin.py:151} INFO - [2023-09-13T19:25:55.248+0000] {dag.py:3696} INFO - Setting next_dagrun for example_external_task_marker_child to None, run_after=None
[2023-09-13T19:25:55.252+0000] {logging_mixin.py:151} INFO - [2023-09-13T19:25:55.252+0000] {dag.py:3696} INFO - Setting next_dagrun for example_external_task_marker_parent to None, run_after=None
[2023-09-13T19:25:55.263+0000] {processor.py:179} INFO - Processing /home/airflow/.local/lib/python3.8/site-packages/airflow/example_dags/example_external_task_marker_dag.py took 0.062 seconds
[2023-09-13T19:26:25.454+0000] {processor.py:157} INFO - Started process (PID=1168) to work on /home/airflow/.local/lib/python3.8/site-packages/airflow/example_dags/example_external_task_marker_dag.py
[2023-09-13T19:26:25.455+0000] {processor.py:829} INFO - Processing file /home/airflow/.local/lib/python3.8/site-packages/airflow/example_dags/example_external_task_marker_dag.py for tasks to queue
[2023-09-13T19:26:25.457+0000] {logging_mixin.py:151} INFO - [2023-09-13T19:26:25.457+0000] {dagbag.py:539} INFO - Filling up the DagBag from /home/airflow/.local/lib/python3.8/site-packages/airflow/example_dags/example_external_task_marker_dag.py
[2023-09-13T19:26:25.463+0000] {processor.py:839} INFO - DAG(s) dict_keys(['example_external_task_marker_child', 'example_external_task_marker_parent']) retrieved from /home/airflow/.local/lib/python3.8/site-packages/airflow/example_dags/example_external_task_marker_dag.py
[2023-09-13T19:26:25.486+0000] {logging_mixin.py:151} INFO - [2023-09-13T19:26:25.486+0000] {dag.py:2915} INFO - Sync 2 DAGs
[2023-09-13T19:26:25.497+0000] {logging_mixin.py:151} INFO - [2023-09-13T19:26:25.497+0000] {dag.py:3696} INFO - Setting next_dagrun for example_external_task_marker_child to None, run_after=None
[2023-09-13T19:26:25.499+0000] {logging_mixin.py:151} INFO - [2023-09-13T19:26:25.499+0000] {dag.py:3696} INFO - Setting next_dagrun for example_external_task_marker_parent to None, run_after=None
[2023-09-13T19:26:25.511+0000] {processor.py:179} INFO - Processing /home/airflow/.local/lib/python3.8/site-packages/airflow/example_dags/example_external_task_marker_dag.py took 0.061 seconds
[2023-09-13T19:26:56.044+0000] {processor.py:157} INFO - Started process (PID=1224) to work on /home/airflow/.local/lib/python3.8/site-packages/airflow/example_dags/example_external_task_marker_dag.py
[2023-09-13T19:26:56.046+0000] {processor.py:829} INFO - Processing file /home/airflow/.local/lib/python3.8/site-packages/airflow/example_dags/example_external_task_marker_dag.py for tasks to queue
[2023-09-13T19:26:56.049+0000] {logging_mixin.py:151} INFO - [2023-09-13T19:26:56.049+0000] {dagbag.py:539} INFO - Filling up the DagBag from /home/airflow/.local/lib/python3.8/site-packages/airflow/example_dags/example_external_task_marker_dag.py
[2023-09-13T19:26:56.055+0000] {processor.py:839} INFO - DAG(s) dict_keys(['example_external_task_marker_parent', 'example_external_task_marker_child']) retrieved from /home/airflow/.local/lib/python3.8/site-packages/airflow/example_dags/example_external_task_marker_dag.py
[2023-09-13T19:26:56.079+0000] {logging_mixin.py:151} INFO - [2023-09-13T19:26:56.079+0000] {dag.py:2915} INFO - Sync 2 DAGs
[2023-09-13T19:26:56.090+0000] {logging_mixin.py:151} INFO - [2023-09-13T19:26:56.090+0000] {dag.py:3696} INFO - Setting next_dagrun for example_external_task_marker_child to None, run_after=None
[2023-09-13T19:26:56.093+0000] {logging_mixin.py:151} INFO - [2023-09-13T19:26:56.093+0000] {dag.py:3696} INFO - Setting next_dagrun for example_external_task_marker_parent to None, run_after=None
[2023-09-13T19:26:56.105+0000] {processor.py:179} INFO - Processing /home/airflow/.local/lib/python3.8/site-packages/airflow/example_dags/example_external_task_marker_dag.py took 0.066 seconds
[2023-09-13T19:28:12.644+0000] {processor.py:157} INFO - Started process (PID=32) to work on /home/airflow/.local/lib/python3.8/site-packages/airflow/example_dags/example_external_task_marker_dag.py
[2023-09-13T19:28:12.646+0000] {processor.py:829} INFO - Processing file /home/airflow/.local/lib/python3.8/site-packages/airflow/example_dags/example_external_task_marker_dag.py for tasks to queue
[2023-09-13T19:28:12.649+0000] {logging_mixin.py:151} INFO - [2023-09-13T19:28:12.649+0000] {dagbag.py:539} INFO - Filling up the DagBag from /home/airflow/.local/lib/python3.8/site-packages/airflow/example_dags/example_external_task_marker_dag.py
[2023-09-13T19:28:12.662+0000] {processor.py:839} INFO - DAG(s) dict_keys(['example_external_task_marker_child', 'example_external_task_marker_parent']) retrieved from /home/airflow/.local/lib/python3.8/site-packages/airflow/example_dags/example_external_task_marker_dag.py
[2023-09-13T19:28:12.685+0000] {logging_mixin.py:151} INFO - [2023-09-13T19:28:12.685+0000] {dag.py:2915} INFO - Sync 2 DAGs
[2023-09-13T19:28:12.705+0000] {logging_mixin.py:151} INFO - [2023-09-13T19:28:12.705+0000] {dag.py:3696} INFO - Setting next_dagrun for example_external_task_marker_child to None, run_after=None
[2023-09-13T19:28:12.710+0000] {logging_mixin.py:151} INFO - [2023-09-13T19:28:12.710+0000] {dag.py:3696} INFO - Setting next_dagrun for example_external_task_marker_parent to None, run_after=None
[2023-09-13T19:28:12.731+0000] {processor.py:179} INFO - Processing /home/airflow/.local/lib/python3.8/site-packages/airflow/example_dags/example_external_task_marker_dag.py took 0.092 seconds
[2023-09-13T19:28:43.718+0000] {processor.py:157} INFO - Started process (PID=88) to work on /home/airflow/.local/lib/python3.8/site-packages/airflow/example_dags/example_external_task_marker_dag.py
[2023-09-13T19:28:43.720+0000] {processor.py:829} INFO - Processing file /home/airflow/.local/lib/python3.8/site-packages/airflow/example_dags/example_external_task_marker_dag.py for tasks to queue
[2023-09-13T19:28:43.723+0000] {logging_mixin.py:151} INFO - [2023-09-13T19:28:43.722+0000] {dagbag.py:539} INFO - Filling up the DagBag from /home/airflow/.local/lib/python3.8/site-packages/airflow/example_dags/example_external_task_marker_dag.py
[2023-09-13T19:28:43.729+0000] {processor.py:839} INFO - DAG(s) dict_keys(['example_external_task_marker_child', 'example_external_task_marker_parent']) retrieved from /home/airflow/.local/lib/python3.8/site-packages/airflow/example_dags/example_external_task_marker_dag.py
[2023-09-13T19:28:43.755+0000] {logging_mixin.py:151} INFO - [2023-09-13T19:28:43.755+0000] {dag.py:2915} INFO - Sync 2 DAGs
[2023-09-13T19:28:43.765+0000] {logging_mixin.py:151} INFO - [2023-09-13T19:28:43.765+0000] {dag.py:3696} INFO - Setting next_dagrun for example_external_task_marker_child to None, run_after=None
[2023-09-13T19:28:43.768+0000] {logging_mixin.py:151} INFO - [2023-09-13T19:28:43.767+0000] {dag.py:3696} INFO - Setting next_dagrun for example_external_task_marker_parent to None, run_after=None
[2023-09-13T19:28:43.778+0000] {processor.py:179} INFO - Processing /home/airflow/.local/lib/python3.8/site-packages/airflow/example_dags/example_external_task_marker_dag.py took 0.064 seconds
[2023-09-13T19:29:13.946+0000] {processor.py:157} INFO - Started process (PID=143) to work on /home/airflow/.local/lib/python3.8/site-packages/airflow/example_dags/example_external_task_marker_dag.py
[2023-09-13T19:29:13.950+0000] {processor.py:829} INFO - Processing file /home/airflow/.local/lib/python3.8/site-packages/airflow/example_dags/example_external_task_marker_dag.py for tasks to queue
[2023-09-13T19:29:13.954+0000] {logging_mixin.py:151} INFO - [2023-09-13T19:29:13.953+0000] {dagbag.py:539} INFO - Filling up the DagBag from /home/airflow/.local/lib/python3.8/site-packages/airflow/example_dags/example_external_task_marker_dag.py
[2023-09-13T19:29:13.966+0000] {processor.py:839} INFO - DAG(s) dict_keys(['example_external_task_marker_child', 'example_external_task_marker_parent']) retrieved from /home/airflow/.local/lib/python3.8/site-packages/airflow/example_dags/example_external_task_marker_dag.py
[2023-09-13T19:29:13.997+0000] {logging_mixin.py:151} INFO - [2023-09-13T19:29:13.997+0000] {dag.py:2915} INFO - Sync 2 DAGs
[2023-09-13T19:29:14.009+0000] {logging_mixin.py:151} INFO - [2023-09-13T19:29:14.009+0000] {dag.py:3696} INFO - Setting next_dagrun for example_external_task_marker_child to None, run_after=None
[2023-09-13T19:29:14.013+0000] {logging_mixin.py:151} INFO - [2023-09-13T19:29:14.013+0000] {dag.py:3696} INFO - Setting next_dagrun for example_external_task_marker_parent to None, run_after=None
[2023-09-13T19:29:14.025+0000] {processor.py:179} INFO - Processing /home/airflow/.local/lib/python3.8/site-packages/airflow/example_dags/example_external_task_marker_dag.py took 0.085 seconds
[2023-09-13T19:29:44.423+0000] {processor.py:157} INFO - Started process (PID=197) to work on /home/airflow/.local/lib/python3.8/site-packages/airflow/example_dags/example_external_task_marker_dag.py
[2023-09-13T19:29:44.424+0000] {processor.py:829} INFO - Processing file /home/airflow/.local/lib/python3.8/site-packages/airflow/example_dags/example_external_task_marker_dag.py for tasks to queue
[2023-09-13T19:29:44.426+0000] {logging_mixin.py:151} INFO - [2023-09-13T19:29:44.426+0000] {dagbag.py:539} INFO - Filling up the DagBag from /home/airflow/.local/lib/python3.8/site-packages/airflow/example_dags/example_external_task_marker_dag.py
[2023-09-13T19:29:44.432+0000] {processor.py:839} INFO - DAG(s) dict_keys(['example_external_task_marker_parent', 'example_external_task_marker_child']) retrieved from /home/airflow/.local/lib/python3.8/site-packages/airflow/example_dags/example_external_task_marker_dag.py
[2023-09-13T19:29:44.455+0000] {logging_mixin.py:151} INFO - [2023-09-13T19:29:44.455+0000] {dag.py:2915} INFO - Sync 2 DAGs
[2023-09-13T19:29:44.466+0000] {logging_mixin.py:151} INFO - [2023-09-13T19:29:44.465+0000] {dag.py:3696} INFO - Setting next_dagrun for example_external_task_marker_child to None, run_after=None
[2023-09-13T19:29:44.468+0000] {logging_mixin.py:151} INFO - [2023-09-13T19:29:44.468+0000] {dag.py:3696} INFO - Setting next_dagrun for example_external_task_marker_parent to None, run_after=None
[2023-09-13T19:29:44.479+0000] {processor.py:179} INFO - Processing /home/airflow/.local/lib/python3.8/site-packages/airflow/example_dags/example_external_task_marker_dag.py took 0.060 seconds
[2023-09-13T19:30:14.666+0000] {processor.py:157} INFO - Started process (PID=251) to work on /home/airflow/.local/lib/python3.8/site-packages/airflow/example_dags/example_external_task_marker_dag.py
[2023-09-13T19:30:14.669+0000] {processor.py:829} INFO - Processing file /home/airflow/.local/lib/python3.8/site-packages/airflow/example_dags/example_external_task_marker_dag.py for tasks to queue
[2023-09-13T19:30:14.672+0000] {logging_mixin.py:151} INFO - [2023-09-13T19:30:14.672+0000] {dagbag.py:539} INFO - Filling up the DagBag from /home/airflow/.local/lib/python3.8/site-packages/airflow/example_dags/example_external_task_marker_dag.py
[2023-09-13T19:30:14.686+0000] {processor.py:839} INFO - DAG(s) dict_keys(['example_external_task_marker_parent', 'example_external_task_marker_child']) retrieved from /home/airflow/.local/lib/python3.8/site-packages/airflow/example_dags/example_external_task_marker_dag.py
[2023-09-13T19:30:14.714+0000] {logging_mixin.py:151} INFO - [2023-09-13T19:30:14.713+0000] {dag.py:2915} INFO - Sync 2 DAGs
[2023-09-13T19:30:14.725+0000] {logging_mixin.py:151} INFO - [2023-09-13T19:30:14.725+0000] {dag.py:3696} INFO - Setting next_dagrun for example_external_task_marker_child to None, run_after=None
[2023-09-13T19:30:14.729+0000] {logging_mixin.py:151} INFO - [2023-09-13T19:30:14.729+0000] {dag.py:3696} INFO - Setting next_dagrun for example_external_task_marker_parent to None, run_after=None
[2023-09-13T19:30:14.743+0000] {processor.py:179} INFO - Processing /home/airflow/.local/lib/python3.8/site-packages/airflow/example_dags/example_external_task_marker_dag.py took 0.080 seconds
[2023-09-13T19:31:27.397+0000] {processor.py:157} INFO - Started process (PID=33) to work on /home/airflow/.local/lib/python3.8/site-packages/airflow/example_dags/example_external_task_marker_dag.py
[2023-09-13T19:31:27.400+0000] {processor.py:829} INFO - Processing file /home/airflow/.local/lib/python3.8/site-packages/airflow/example_dags/example_external_task_marker_dag.py for tasks to queue
[2023-09-13T19:31:27.406+0000] {logging_mixin.py:151} INFO - [2023-09-13T19:31:27.405+0000] {dagbag.py:539} INFO - Filling up the DagBag from /home/airflow/.local/lib/python3.8/site-packages/airflow/example_dags/example_external_task_marker_dag.py
[2023-09-13T19:31:27.421+0000] {processor.py:839} INFO - DAG(s) dict_keys(['example_external_task_marker_parent', 'example_external_task_marker_child']) retrieved from /home/airflow/.local/lib/python3.8/site-packages/airflow/example_dags/example_external_task_marker_dag.py
[2023-09-13T19:31:27.454+0000] {logging_mixin.py:151} INFO - [2023-09-13T19:31:27.454+0000] {dag.py:2915} INFO - Sync 2 DAGs
[2023-09-13T19:31:27.485+0000] {logging_mixin.py:151} INFO - [2023-09-13T19:31:27.484+0000] {dag.py:3696} INFO - Setting next_dagrun for example_external_task_marker_child to None, run_after=None
[2023-09-13T19:31:27.492+0000] {logging_mixin.py:151} INFO - [2023-09-13T19:31:27.491+0000] {dag.py:3696} INFO - Setting next_dagrun for example_external_task_marker_parent to None, run_after=None
[2023-09-13T19:31:27.516+0000] {processor.py:179} INFO - Processing /home/airflow/.local/lib/python3.8/site-packages/airflow/example_dags/example_external_task_marker_dag.py took 0.125 seconds
[2023-09-13T19:31:57.709+0000] {processor.py:157} INFO - Started process (PID=88) to work on /home/airflow/.local/lib/python3.8/site-packages/airflow/example_dags/example_external_task_marker_dag.py
[2023-09-13T19:31:57.712+0000] {processor.py:829} INFO - Processing file /home/airflow/.local/lib/python3.8/site-packages/airflow/example_dags/example_external_task_marker_dag.py for tasks to queue
[2023-09-13T19:31:57.714+0000] {logging_mixin.py:151} INFO - [2023-09-13T19:31:57.714+0000] {dagbag.py:539} INFO - Filling up the DagBag from /home/airflow/.local/lib/python3.8/site-packages/airflow/example_dags/example_external_task_marker_dag.py
[2023-09-13T19:31:57.722+0000] {processor.py:839} INFO - DAG(s) dict_keys(['example_external_task_marker_child', 'example_external_task_marker_parent']) retrieved from /home/airflow/.local/lib/python3.8/site-packages/airflow/example_dags/example_external_task_marker_dag.py
[2023-09-13T19:31:57.752+0000] {logging_mixin.py:151} INFO - [2023-09-13T19:31:57.752+0000] {dag.py:2915} INFO - Sync 2 DAGs
[2023-09-13T19:31:57.765+0000] {logging_mixin.py:151} INFO - [2023-09-13T19:31:57.765+0000] {dag.py:3696} INFO - Setting next_dagrun for example_external_task_marker_child to None, run_after=None
[2023-09-13T19:31:57.769+0000] {logging_mixin.py:151} INFO - [2023-09-13T19:31:57.769+0000] {dag.py:3696} INFO - Setting next_dagrun for example_external_task_marker_parent to None, run_after=None
[2023-09-13T19:31:57.785+0000] {processor.py:179} INFO - Processing /home/airflow/.local/lib/python3.8/site-packages/airflow/example_dags/example_external_task_marker_dag.py took 0.080 seconds
[2023-09-13T19:32:28.520+0000] {processor.py:157} INFO - Started process (PID=143) to work on /home/airflow/.local/lib/python3.8/site-packages/airflow/example_dags/example_external_task_marker_dag.py
[2023-09-13T19:32:28.521+0000] {processor.py:829} INFO - Processing file /home/airflow/.local/lib/python3.8/site-packages/airflow/example_dags/example_external_task_marker_dag.py for tasks to queue
[2023-09-13T19:32:28.524+0000] {logging_mixin.py:151} INFO - [2023-09-13T19:32:28.524+0000] {dagbag.py:539} INFO - Filling up the DagBag from /home/airflow/.local/lib/python3.8/site-packages/airflow/example_dags/example_external_task_marker_dag.py
[2023-09-13T19:32:28.530+0000] {processor.py:839} INFO - DAG(s) dict_keys(['example_external_task_marker_child', 'example_external_task_marker_parent']) retrieved from /home/airflow/.local/lib/python3.8/site-packages/airflow/example_dags/example_external_task_marker_dag.py
[2023-09-13T19:32:28.574+0000] {logging_mixin.py:151} INFO - [2023-09-13T19:32:28.574+0000] {dag.py:2915} INFO - Sync 2 DAGs
[2023-09-13T19:32:28.586+0000] {logging_mixin.py:151} INFO - [2023-09-13T19:32:28.586+0000] {dag.py:3696} INFO - Setting next_dagrun for example_external_task_marker_child to None, run_after=None
[2023-09-13T19:32:28.589+0000] {logging_mixin.py:151} INFO - [2023-09-13T19:32:28.589+0000] {dag.py:3696} INFO - Setting next_dagrun for example_external_task_marker_parent to None, run_after=None
[2023-09-13T19:32:28.603+0000] {processor.py:179} INFO - Processing /home/airflow/.local/lib/python3.8/site-packages/airflow/example_dags/example_external_task_marker_dag.py took 0.086 seconds
[2023-09-13T19:32:58.723+0000] {processor.py:157} INFO - Started process (PID=198) to work on /home/airflow/.local/lib/python3.8/site-packages/airflow/example_dags/example_external_task_marker_dag.py
[2023-09-13T19:32:58.725+0000] {processor.py:829} INFO - Processing file /home/airflow/.local/lib/python3.8/site-packages/airflow/example_dags/example_external_task_marker_dag.py for tasks to queue
[2023-09-13T19:32:58.727+0000] {logging_mixin.py:151} INFO - [2023-09-13T19:32:58.727+0000] {dagbag.py:539} INFO - Filling up the DagBag from /home/airflow/.local/lib/python3.8/site-packages/airflow/example_dags/example_external_task_marker_dag.py
[2023-09-13T19:32:58.734+0000] {processor.py:839} INFO - DAG(s) dict_keys(['example_external_task_marker_child', 'example_external_task_marker_parent']) retrieved from /home/airflow/.local/lib/python3.8/site-packages/airflow/example_dags/example_external_task_marker_dag.py
[2023-09-13T19:32:58.758+0000] {logging_mixin.py:151} INFO - [2023-09-13T19:32:58.758+0000] {dag.py:2915} INFO - Sync 2 DAGs
[2023-09-13T19:32:58.769+0000] {logging_mixin.py:151} INFO - [2023-09-13T19:32:58.769+0000] {dag.py:3696} INFO - Setting next_dagrun for example_external_task_marker_child to None, run_after=None
[2023-09-13T19:32:58.772+0000] {logging_mixin.py:151} INFO - [2023-09-13T19:32:58.772+0000] {dag.py:3696} INFO - Setting next_dagrun for example_external_task_marker_parent to None, run_after=None
[2023-09-13T19:32:58.783+0000] {processor.py:179} INFO - Processing /home/airflow/.local/lib/python3.8/site-packages/airflow/example_dags/example_external_task_marker_dag.py took 0.063 seconds
[2023-09-13T19:33:28.885+0000] {processor.py:157} INFO - Started process (PID=253) to work on /home/airflow/.local/lib/python3.8/site-packages/airflow/example_dags/example_external_task_marker_dag.py
[2023-09-13T19:33:28.886+0000] {processor.py:829} INFO - Processing file /home/airflow/.local/lib/python3.8/site-packages/airflow/example_dags/example_external_task_marker_dag.py for tasks to queue
[2023-09-13T19:33:28.889+0000] {logging_mixin.py:151} INFO - [2023-09-13T19:33:28.889+0000] {dagbag.py:539} INFO - Filling up the DagBag from /home/airflow/.local/lib/python3.8/site-packages/airflow/example_dags/example_external_task_marker_dag.py
[2023-09-13T19:33:28.895+0000] {processor.py:839} INFO - DAG(s) dict_keys(['example_external_task_marker_parent', 'example_external_task_marker_child']) retrieved from /home/airflow/.local/lib/python3.8/site-packages/airflow/example_dags/example_external_task_marker_dag.py
[2023-09-13T19:33:28.921+0000] {logging_mixin.py:151} INFO - [2023-09-13T19:33:28.921+0000] {dag.py:2915} INFO - Sync 2 DAGs
[2023-09-13T19:33:28.932+0000] {logging_mixin.py:151} INFO - [2023-09-13T19:33:28.932+0000] {dag.py:3696} INFO - Setting next_dagrun for example_external_task_marker_child to None, run_after=None
[2023-09-13T19:33:28.935+0000] {logging_mixin.py:151} INFO - [2023-09-13T19:33:28.935+0000] {dag.py:3696} INFO - Setting next_dagrun for example_external_task_marker_parent to None, run_after=None
[2023-09-13T19:33:28.947+0000] {processor.py:179} INFO - Processing /home/airflow/.local/lib/python3.8/site-packages/airflow/example_dags/example_external_task_marker_dag.py took 0.065 seconds
[2023-09-13T19:33:59.583+0000] {processor.py:157} INFO - Started process (PID=308) to work on /home/airflow/.local/lib/python3.8/site-packages/airflow/example_dags/example_external_task_marker_dag.py
[2023-09-13T19:33:59.585+0000] {processor.py:829} INFO - Processing file /home/airflow/.local/lib/python3.8/site-packages/airflow/example_dags/example_external_task_marker_dag.py for tasks to queue
[2023-09-13T19:33:59.589+0000] {logging_mixin.py:151} INFO - [2023-09-13T19:33:59.588+0000] {dagbag.py:539} INFO - Filling up the DagBag from /home/airflow/.local/lib/python3.8/site-packages/airflow/example_dags/example_external_task_marker_dag.py
[2023-09-13T19:33:59.598+0000] {processor.py:839} INFO - DAG(s) dict_keys(['example_external_task_marker_parent', 'example_external_task_marker_child']) retrieved from /home/airflow/.local/lib/python3.8/site-packages/airflow/example_dags/example_external_task_marker_dag.py
[2023-09-13T19:33:59.631+0000] {logging_mixin.py:151} INFO - [2023-09-13T19:33:59.630+0000] {dag.py:2915} INFO - Sync 2 DAGs
[2023-09-13T19:33:59.644+0000] {logging_mixin.py:151} INFO - [2023-09-13T19:33:59.644+0000] {dag.py:3696} INFO - Setting next_dagrun for example_external_task_marker_child to None, run_after=None
[2023-09-13T19:33:59.648+0000] {logging_mixin.py:151} INFO - [2023-09-13T19:33:59.648+0000] {dag.py:3696} INFO - Setting next_dagrun for example_external_task_marker_parent to None, run_after=None
[2023-09-13T19:33:59.663+0000] {processor.py:179} INFO - Processing /home/airflow/.local/lib/python3.8/site-packages/airflow/example_dags/example_external_task_marker_dag.py took 0.086 seconds
