[2023-09-13T19:15:53.216+0000] {processor.py:157} INFO - Started process (PID=59) to work on /home/airflow/.local/lib/python3.8/site-packages/airflow/example_dags/example_time_delta_sensor_async.py
[2023-09-13T19:15:53.218+0000] {processor.py:829} INFO - Processing file /home/airflow/.local/lib/python3.8/site-packages/airflow/example_dags/example_time_delta_sensor_async.py for tasks to queue
[2023-09-13T19:15:53.220+0000] {logging_mixin.py:151} INFO - [2023-09-13T19:15:53.220+0000] {dagbag.py:539} INFO - Filling up the DagBag from /home/airflow/.local/lib/python3.8/site-packages/airflow/example_dags/example_time_delta_sensor_async.py
[2023-09-13T19:15:53.226+0000] {processor.py:839} INFO - DAG(s) dict_keys(['example_time_delta_sensor_async']) retrieved from /home/airflow/.local/lib/python3.8/site-packages/airflow/example_dags/example_time_delta_sensor_async.py
[2023-09-13T19:15:53.314+0000] {logging_mixin.py:151} INFO - [2023-09-13T19:15:53.313+0000] {manager.py:499} INFO - Created Permission View: %s
[2023-09-13T19:15:53.321+0000] {logging_mixin.py:151} INFO - [2023-09-13T19:15:53.321+0000] {manager.py:499} INFO - Created Permission View: %s
[2023-09-13T19:15:53.325+0000] {logging_mixin.py:151} INFO - [2023-09-13T19:15:53.325+0000] {manager.py:499} INFO - Created Permission View: %s
[2023-09-13T19:15:53.326+0000] {logging_mixin.py:151} INFO - [2023-09-13T19:15:53.325+0000] {security.py:708} INFO - Not syncing DAG-level permissions for DAG 'DAG:example_time_delta_sensor_async' as access control is unset.
[2023-09-13T19:15:53.326+0000] {logging_mixin.py:151} INFO - [2023-09-13T19:15:53.326+0000] {dag.py:2915} INFO - Sync 1 DAGs
[2023-09-13T19:15:53.335+0000] {logging_mixin.py:151} INFO - [2023-09-13T19:15:53.335+0000] {dag.py:2937} INFO - Creating ORM DAG for example_time_delta_sensor_async
[2023-09-13T19:15:53.336+0000] {logging_mixin.py:151} INFO - [2023-09-13T19:15:53.336+0000] {dag.py:3696} INFO - Setting next_dagrun for example_time_delta_sensor_async to None, run_after=None
[2023-09-13T19:15:53.348+0000] {processor.py:179} INFO - Processing /home/airflow/.local/lib/python3.8/site-packages/airflow/example_dags/example_time_delta_sensor_async.py took 0.136 seconds
[2023-09-13T19:16:23.869+0000] {processor.py:157} INFO - Started process (PID=113) to work on /home/airflow/.local/lib/python3.8/site-packages/airflow/example_dags/example_time_delta_sensor_async.py
[2023-09-13T19:16:23.870+0000] {processor.py:829} INFO - Processing file /home/airflow/.local/lib/python3.8/site-packages/airflow/example_dags/example_time_delta_sensor_async.py for tasks to queue
[2023-09-13T19:16:23.874+0000] {logging_mixin.py:151} INFO - [2023-09-13T19:16:23.873+0000] {dagbag.py:539} INFO - Filling up the DagBag from /home/airflow/.local/lib/python3.8/site-packages/airflow/example_dags/example_time_delta_sensor_async.py
[2023-09-13T19:16:23.881+0000] {processor.py:839} INFO - DAG(s) dict_keys(['example_time_delta_sensor_async']) retrieved from /home/airflow/.local/lib/python3.8/site-packages/airflow/example_dags/example_time_delta_sensor_async.py
[2023-09-13T19:16:23.904+0000] {logging_mixin.py:151} INFO - [2023-09-13T19:16:23.904+0000] {dag.py:2915} INFO - Sync 1 DAGs
[2023-09-13T19:16:23.915+0000] {logging_mixin.py:151} INFO - [2023-09-13T19:16:23.915+0000] {dag.py:3696} INFO - Setting next_dagrun for example_time_delta_sensor_async to None, run_after=None
[2023-09-13T19:16:23.930+0000] {processor.py:179} INFO - Processing /home/airflow/.local/lib/python3.8/site-packages/airflow/example_dags/example_time_delta_sensor_async.py took 0.067 seconds
[2023-09-13T19:16:54.276+0000] {processor.py:157} INFO - Started process (PID=166) to work on /home/airflow/.local/lib/python3.8/site-packages/airflow/example_dags/example_time_delta_sensor_async.py
[2023-09-13T19:16:54.278+0000] {processor.py:829} INFO - Processing file /home/airflow/.local/lib/python3.8/site-packages/airflow/example_dags/example_time_delta_sensor_async.py for tasks to queue
[2023-09-13T19:16:54.280+0000] {logging_mixin.py:151} INFO - [2023-09-13T19:16:54.280+0000] {dagbag.py:539} INFO - Filling up the DagBag from /home/airflow/.local/lib/python3.8/site-packages/airflow/example_dags/example_time_delta_sensor_async.py
[2023-09-13T19:16:54.285+0000] {processor.py:839} INFO - DAG(s) dict_keys(['example_time_delta_sensor_async']) retrieved from /home/airflow/.local/lib/python3.8/site-packages/airflow/example_dags/example_time_delta_sensor_async.py
[2023-09-13T19:16:54.306+0000] {logging_mixin.py:151} INFO - [2023-09-13T19:16:54.306+0000] {dag.py:2915} INFO - Sync 1 DAGs
[2023-09-13T19:16:54.316+0000] {logging_mixin.py:151} INFO - [2023-09-13T19:16:54.316+0000] {dag.py:3696} INFO - Setting next_dagrun for example_time_delta_sensor_async to None, run_after=None
[2023-09-13T19:16:54.328+0000] {processor.py:179} INFO - Processing /home/airflow/.local/lib/python3.8/site-packages/airflow/example_dags/example_time_delta_sensor_async.py took 0.055 seconds
[2023-09-13T19:17:24.548+0000] {processor.py:157} INFO - Started process (PID=220) to work on /home/airflow/.local/lib/python3.8/site-packages/airflow/example_dags/example_time_delta_sensor_async.py
[2023-09-13T19:17:24.550+0000] {processor.py:829} INFO - Processing file /home/airflow/.local/lib/python3.8/site-packages/airflow/example_dags/example_time_delta_sensor_async.py for tasks to queue
[2023-09-13T19:17:24.552+0000] {logging_mixin.py:151} INFO - [2023-09-13T19:17:24.552+0000] {dagbag.py:539} INFO - Filling up the DagBag from /home/airflow/.local/lib/python3.8/site-packages/airflow/example_dags/example_time_delta_sensor_async.py
[2023-09-13T19:17:24.557+0000] {processor.py:839} INFO - DAG(s) dict_keys(['example_time_delta_sensor_async']) retrieved from /home/airflow/.local/lib/python3.8/site-packages/airflow/example_dags/example_time_delta_sensor_async.py
[2023-09-13T19:17:24.578+0000] {logging_mixin.py:151} INFO - [2023-09-13T19:17:24.578+0000] {dag.py:2915} INFO - Sync 1 DAGs
[2023-09-13T19:17:24.588+0000] {logging_mixin.py:151} INFO - [2023-09-13T19:17:24.588+0000] {dag.py:3696} INFO - Setting next_dagrun for example_time_delta_sensor_async to None, run_after=None
[2023-09-13T19:17:24.601+0000] {processor.py:179} INFO - Processing /home/airflow/.local/lib/python3.8/site-packages/airflow/example_dags/example_time_delta_sensor_async.py took 0.056 seconds
[2023-09-13T19:17:54.707+0000] {processor.py:157} INFO - Started process (PID=273) to work on /home/airflow/.local/lib/python3.8/site-packages/airflow/example_dags/example_time_delta_sensor_async.py
[2023-09-13T19:17:54.708+0000] {processor.py:829} INFO - Processing file /home/airflow/.local/lib/python3.8/site-packages/airflow/example_dags/example_time_delta_sensor_async.py for tasks to queue
[2023-09-13T19:17:54.710+0000] {logging_mixin.py:151} INFO - [2023-09-13T19:17:54.710+0000] {dagbag.py:539} INFO - Filling up the DagBag from /home/airflow/.local/lib/python3.8/site-packages/airflow/example_dags/example_time_delta_sensor_async.py
[2023-09-13T19:17:54.715+0000] {processor.py:839} INFO - DAG(s) dict_keys(['example_time_delta_sensor_async']) retrieved from /home/airflow/.local/lib/python3.8/site-packages/airflow/example_dags/example_time_delta_sensor_async.py
[2023-09-13T19:17:54.736+0000] {logging_mixin.py:151} INFO - [2023-09-13T19:17:54.735+0000] {dag.py:2915} INFO - Sync 1 DAGs
[2023-09-13T19:17:54.745+0000] {logging_mixin.py:151} INFO - [2023-09-13T19:17:54.745+0000] {dag.py:3696} INFO - Setting next_dagrun for example_time_delta_sensor_async to None, run_after=None
[2023-09-13T19:17:54.757+0000] {processor.py:179} INFO - Processing /home/airflow/.local/lib/python3.8/site-packages/airflow/example_dags/example_time_delta_sensor_async.py took 0.054 seconds
[2023-09-13T19:18:24.868+0000] {processor.py:157} INFO - Started process (PID=327) to work on /home/airflow/.local/lib/python3.8/site-packages/airflow/example_dags/example_time_delta_sensor_async.py
[2023-09-13T19:18:24.872+0000] {processor.py:829} INFO - Processing file /home/airflow/.local/lib/python3.8/site-packages/airflow/example_dags/example_time_delta_sensor_async.py for tasks to queue
[2023-09-13T19:18:24.875+0000] {logging_mixin.py:151} INFO - [2023-09-13T19:18:24.874+0000] {dagbag.py:539} INFO - Filling up the DagBag from /home/airflow/.local/lib/python3.8/site-packages/airflow/example_dags/example_time_delta_sensor_async.py
[2023-09-13T19:18:24.880+0000] {processor.py:839} INFO - DAG(s) dict_keys(['example_time_delta_sensor_async']) retrieved from /home/airflow/.local/lib/python3.8/site-packages/airflow/example_dags/example_time_delta_sensor_async.py
[2023-09-13T19:18:24.901+0000] {logging_mixin.py:151} INFO - [2023-09-13T19:18:24.901+0000] {dag.py:2915} INFO - Sync 1 DAGs
[2023-09-13T19:18:24.911+0000] {logging_mixin.py:151} INFO - [2023-09-13T19:18:24.911+0000] {dag.py:3696} INFO - Setting next_dagrun for example_time_delta_sensor_async to None, run_after=None
[2023-09-13T19:18:24.923+0000] {processor.py:179} INFO - Processing /home/airflow/.local/lib/python3.8/site-packages/airflow/example_dags/example_time_delta_sensor_async.py took 0.059 seconds
[2023-09-13T19:18:55.273+0000] {processor.py:157} INFO - Started process (PID=381) to work on /home/airflow/.local/lib/python3.8/site-packages/airflow/example_dags/example_time_delta_sensor_async.py
[2023-09-13T19:18:55.275+0000] {processor.py:829} INFO - Processing file /home/airflow/.local/lib/python3.8/site-packages/airflow/example_dags/example_time_delta_sensor_async.py for tasks to queue
[2023-09-13T19:18:55.277+0000] {logging_mixin.py:151} INFO - [2023-09-13T19:18:55.277+0000] {dagbag.py:539} INFO - Filling up the DagBag from /home/airflow/.local/lib/python3.8/site-packages/airflow/example_dags/example_time_delta_sensor_async.py
[2023-09-13T19:18:55.282+0000] {processor.py:839} INFO - DAG(s) dict_keys(['example_time_delta_sensor_async']) retrieved from /home/airflow/.local/lib/python3.8/site-packages/airflow/example_dags/example_time_delta_sensor_async.py
[2023-09-13T19:18:55.303+0000] {logging_mixin.py:151} INFO - [2023-09-13T19:18:55.302+0000] {dag.py:2915} INFO - Sync 1 DAGs
[2023-09-13T19:18:55.313+0000] {logging_mixin.py:151} INFO - [2023-09-13T19:18:55.313+0000] {dag.py:3696} INFO - Setting next_dagrun for example_time_delta_sensor_async to None, run_after=None
[2023-09-13T19:18:55.325+0000] {processor.py:179} INFO - Processing /home/airflow/.local/lib/python3.8/site-packages/airflow/example_dags/example_time_delta_sensor_async.py took 0.055 seconds
[2023-09-13T19:19:25.596+0000] {processor.py:157} INFO - Started process (PID=436) to work on /home/airflow/.local/lib/python3.8/site-packages/airflow/example_dags/example_time_delta_sensor_async.py
[2023-09-13T19:19:25.598+0000] {processor.py:829} INFO - Processing file /home/airflow/.local/lib/python3.8/site-packages/airflow/example_dags/example_time_delta_sensor_async.py for tasks to queue
[2023-09-13T19:19:25.600+0000] {logging_mixin.py:151} INFO - [2023-09-13T19:19:25.600+0000] {dagbag.py:539} INFO - Filling up the DagBag from /home/airflow/.local/lib/python3.8/site-packages/airflow/example_dags/example_time_delta_sensor_async.py
[2023-09-13T19:19:25.606+0000] {processor.py:839} INFO - DAG(s) dict_keys(['example_time_delta_sensor_async']) retrieved from /home/airflow/.local/lib/python3.8/site-packages/airflow/example_dags/example_time_delta_sensor_async.py
[2023-09-13T19:19:25.629+0000] {logging_mixin.py:151} INFO - [2023-09-13T19:19:25.629+0000] {dag.py:2915} INFO - Sync 1 DAGs
[2023-09-13T19:19:25.639+0000] {logging_mixin.py:151} INFO - [2023-09-13T19:19:25.639+0000] {dag.py:3696} INFO - Setting next_dagrun for example_time_delta_sensor_async to None, run_after=None
[2023-09-13T19:19:25.652+0000] {processor.py:179} INFO - Processing /home/airflow/.local/lib/python3.8/site-packages/airflow/example_dags/example_time_delta_sensor_async.py took 0.060 seconds
[2023-09-13T19:19:55.864+0000] {processor.py:157} INFO - Started process (PID=490) to work on /home/airflow/.local/lib/python3.8/site-packages/airflow/example_dags/example_time_delta_sensor_async.py
[2023-09-13T19:19:55.865+0000] {processor.py:829} INFO - Processing file /home/airflow/.local/lib/python3.8/site-packages/airflow/example_dags/example_time_delta_sensor_async.py for tasks to queue
[2023-09-13T19:19:55.868+0000] {logging_mixin.py:151} INFO - [2023-09-13T19:19:55.868+0000] {dagbag.py:539} INFO - Filling up the DagBag from /home/airflow/.local/lib/python3.8/site-packages/airflow/example_dags/example_time_delta_sensor_async.py
[2023-09-13T19:19:55.874+0000] {processor.py:839} INFO - DAG(s) dict_keys(['example_time_delta_sensor_async']) retrieved from /home/airflow/.local/lib/python3.8/site-packages/airflow/example_dags/example_time_delta_sensor_async.py
[2023-09-13T19:19:55.896+0000] {logging_mixin.py:151} INFO - [2023-09-13T19:19:55.896+0000] {dag.py:2915} INFO - Sync 1 DAGs
[2023-09-13T19:19:55.906+0000] {logging_mixin.py:151} INFO - [2023-09-13T19:19:55.906+0000] {dag.py:3696} INFO - Setting next_dagrun for example_time_delta_sensor_async to None, run_after=None
[2023-09-13T19:19:55.920+0000] {processor.py:179} INFO - Processing /home/airflow/.local/lib/python3.8/site-packages/airflow/example_dags/example_time_delta_sensor_async.py took 0.060 seconds
[2023-09-13T19:20:26.251+0000] {processor.py:157} INFO - Started process (PID=543) to work on /home/airflow/.local/lib/python3.8/site-packages/airflow/example_dags/example_time_delta_sensor_async.py
[2023-09-13T19:20:26.253+0000] {processor.py:829} INFO - Processing file /home/airflow/.local/lib/python3.8/site-packages/airflow/example_dags/example_time_delta_sensor_async.py for tasks to queue
[2023-09-13T19:20:26.255+0000] {logging_mixin.py:151} INFO - [2023-09-13T19:20:26.255+0000] {dagbag.py:539} INFO - Filling up the DagBag from /home/airflow/.local/lib/python3.8/site-packages/airflow/example_dags/example_time_delta_sensor_async.py
[2023-09-13T19:20:26.260+0000] {processor.py:839} INFO - DAG(s) dict_keys(['example_time_delta_sensor_async']) retrieved from /home/airflow/.local/lib/python3.8/site-packages/airflow/example_dags/example_time_delta_sensor_async.py
[2023-09-13T19:20:26.281+0000] {logging_mixin.py:151} INFO - [2023-09-13T19:20:26.281+0000] {dag.py:2915} INFO - Sync 1 DAGs
[2023-09-13T19:20:26.291+0000] {logging_mixin.py:151} INFO - [2023-09-13T19:20:26.291+0000] {dag.py:3696} INFO - Setting next_dagrun for example_time_delta_sensor_async to None, run_after=None
[2023-09-13T19:20:26.304+0000] {processor.py:179} INFO - Processing /home/airflow/.local/lib/python3.8/site-packages/airflow/example_dags/example_time_delta_sensor_async.py took 0.056 seconds
[2023-09-13T19:20:57.038+0000] {processor.py:157} INFO - Started process (PID=597) to work on /home/airflow/.local/lib/python3.8/site-packages/airflow/example_dags/example_time_delta_sensor_async.py
[2023-09-13T19:20:57.039+0000] {processor.py:829} INFO - Processing file /home/airflow/.local/lib/python3.8/site-packages/airflow/example_dags/example_time_delta_sensor_async.py for tasks to queue
[2023-09-13T19:20:57.042+0000] {logging_mixin.py:151} INFO - [2023-09-13T19:20:57.041+0000] {dagbag.py:539} INFO - Filling up the DagBag from /home/airflow/.local/lib/python3.8/site-packages/airflow/example_dags/example_time_delta_sensor_async.py
[2023-09-13T19:20:57.047+0000] {processor.py:839} INFO - DAG(s) dict_keys(['example_time_delta_sensor_async']) retrieved from /home/airflow/.local/lib/python3.8/site-packages/airflow/example_dags/example_time_delta_sensor_async.py
[2023-09-13T19:20:57.067+0000] {logging_mixin.py:151} INFO - [2023-09-13T19:20:57.067+0000] {dag.py:2915} INFO - Sync 1 DAGs
[2023-09-13T19:20:57.078+0000] {logging_mixin.py:151} INFO - [2023-09-13T19:20:57.077+0000] {dag.py:3696} INFO - Setting next_dagrun for example_time_delta_sensor_async to None, run_after=None
[2023-09-13T19:20:57.090+0000] {processor.py:179} INFO - Processing /home/airflow/.local/lib/python3.8/site-packages/airflow/example_dags/example_time_delta_sensor_async.py took 0.055 seconds
[2023-09-13T19:21:27.787+0000] {processor.py:157} INFO - Started process (PID=651) to work on /home/airflow/.local/lib/python3.8/site-packages/airflow/example_dags/example_time_delta_sensor_async.py
[2023-09-13T19:21:27.789+0000] {processor.py:829} INFO - Processing file /home/airflow/.local/lib/python3.8/site-packages/airflow/example_dags/example_time_delta_sensor_async.py for tasks to queue
[2023-09-13T19:21:27.792+0000] {logging_mixin.py:151} INFO - [2023-09-13T19:21:27.791+0000] {dagbag.py:539} INFO - Filling up the DagBag from /home/airflow/.local/lib/python3.8/site-packages/airflow/example_dags/example_time_delta_sensor_async.py
[2023-09-13T19:21:27.796+0000] {processor.py:839} INFO - DAG(s) dict_keys(['example_time_delta_sensor_async']) retrieved from /home/airflow/.local/lib/python3.8/site-packages/airflow/example_dags/example_time_delta_sensor_async.py
[2023-09-13T19:21:27.817+0000] {logging_mixin.py:151} INFO - [2023-09-13T19:21:27.817+0000] {dag.py:2915} INFO - Sync 1 DAGs
[2023-09-13T19:21:27.827+0000] {logging_mixin.py:151} INFO - [2023-09-13T19:21:27.827+0000] {dag.py:3696} INFO - Setting next_dagrun for example_time_delta_sensor_async to None, run_after=None
[2023-09-13T19:21:27.840+0000] {processor.py:179} INFO - Processing /home/airflow/.local/lib/python3.8/site-packages/airflow/example_dags/example_time_delta_sensor_async.py took 0.056 seconds
[2023-09-13T19:21:58.403+0000] {processor.py:157} INFO - Started process (PID=705) to work on /home/airflow/.local/lib/python3.8/site-packages/airflow/example_dags/example_time_delta_sensor_async.py
[2023-09-13T19:21:58.404+0000] {processor.py:829} INFO - Processing file /home/airflow/.local/lib/python3.8/site-packages/airflow/example_dags/example_time_delta_sensor_async.py for tasks to queue
[2023-09-13T19:21:58.407+0000] {logging_mixin.py:151} INFO - [2023-09-13T19:21:58.406+0000] {dagbag.py:539} INFO - Filling up the DagBag from /home/airflow/.local/lib/python3.8/site-packages/airflow/example_dags/example_time_delta_sensor_async.py
[2023-09-13T19:21:58.412+0000] {processor.py:839} INFO - DAG(s) dict_keys(['example_time_delta_sensor_async']) retrieved from /home/airflow/.local/lib/python3.8/site-packages/airflow/example_dags/example_time_delta_sensor_async.py
[2023-09-13T19:21:58.434+0000] {logging_mixin.py:151} INFO - [2023-09-13T19:21:58.434+0000] {dag.py:2915} INFO - Sync 1 DAGs
[2023-09-13T19:21:58.445+0000] {logging_mixin.py:151} INFO - [2023-09-13T19:21:58.445+0000] {dag.py:3696} INFO - Setting next_dagrun for example_time_delta_sensor_async to None, run_after=None
[2023-09-13T19:21:58.459+0000] {processor.py:179} INFO - Processing /home/airflow/.local/lib/python3.8/site-packages/airflow/example_dags/example_time_delta_sensor_async.py took 0.060 seconds
[2023-09-13T19:22:29.257+0000] {processor.py:157} INFO - Started process (PID=759) to work on /home/airflow/.local/lib/python3.8/site-packages/airflow/example_dags/example_time_delta_sensor_async.py
[2023-09-13T19:22:29.258+0000] {processor.py:829} INFO - Processing file /home/airflow/.local/lib/python3.8/site-packages/airflow/example_dags/example_time_delta_sensor_async.py for tasks to queue
[2023-09-13T19:22:29.261+0000] {logging_mixin.py:151} INFO - [2023-09-13T19:22:29.261+0000] {dagbag.py:539} INFO - Filling up the DagBag from /home/airflow/.local/lib/python3.8/site-packages/airflow/example_dags/example_time_delta_sensor_async.py
[2023-09-13T19:22:29.266+0000] {processor.py:839} INFO - DAG(s) dict_keys(['example_time_delta_sensor_async']) retrieved from /home/airflow/.local/lib/python3.8/site-packages/airflow/example_dags/example_time_delta_sensor_async.py
[2023-09-13T19:22:29.288+0000] {logging_mixin.py:151} INFO - [2023-09-13T19:22:29.288+0000] {dag.py:2915} INFO - Sync 1 DAGs
[2023-09-13T19:22:29.298+0000] {logging_mixin.py:151} INFO - [2023-09-13T19:22:29.298+0000] {dag.py:3696} INFO - Setting next_dagrun for example_time_delta_sensor_async to None, run_after=None
[2023-09-13T19:22:29.311+0000] {processor.py:179} INFO - Processing /home/airflow/.local/lib/python3.8/site-packages/airflow/example_dags/example_time_delta_sensor_async.py took 0.058 seconds
[2023-09-13T19:22:59.559+0000] {processor.py:157} INFO - Started process (PID=813) to work on /home/airflow/.local/lib/python3.8/site-packages/airflow/example_dags/example_time_delta_sensor_async.py
[2023-09-13T19:22:59.561+0000] {processor.py:829} INFO - Processing file /home/airflow/.local/lib/python3.8/site-packages/airflow/example_dags/example_time_delta_sensor_async.py for tasks to queue
[2023-09-13T19:22:59.563+0000] {logging_mixin.py:151} INFO - [2023-09-13T19:22:59.563+0000] {dagbag.py:539} INFO - Filling up the DagBag from /home/airflow/.local/lib/python3.8/site-packages/airflow/example_dags/example_time_delta_sensor_async.py
[2023-09-13T19:22:59.568+0000] {processor.py:839} INFO - DAG(s) dict_keys(['example_time_delta_sensor_async']) retrieved from /home/airflow/.local/lib/python3.8/site-packages/airflow/example_dags/example_time_delta_sensor_async.py
[2023-09-13T19:22:59.590+0000] {logging_mixin.py:151} INFO - [2023-09-13T19:22:59.589+0000] {dag.py:2915} INFO - Sync 1 DAGs
[2023-09-13T19:22:59.600+0000] {logging_mixin.py:151} INFO - [2023-09-13T19:22:59.600+0000] {dag.py:3696} INFO - Setting next_dagrun for example_time_delta_sensor_async to None, run_after=None
[2023-09-13T19:22:59.612+0000] {processor.py:179} INFO - Processing /home/airflow/.local/lib/python3.8/site-packages/airflow/example_dags/example_time_delta_sensor_async.py took 0.056 seconds
[2023-09-13T19:23:29.890+0000] {processor.py:157} INFO - Started process (PID=874) to work on /home/airflow/.local/lib/python3.8/site-packages/airflow/example_dags/example_time_delta_sensor_async.py
[2023-09-13T19:23:29.892+0000] {processor.py:829} INFO - Processing file /home/airflow/.local/lib/python3.8/site-packages/airflow/example_dags/example_time_delta_sensor_async.py for tasks to queue
[2023-09-13T19:23:29.895+0000] {logging_mixin.py:151} INFO - [2023-09-13T19:23:29.895+0000] {dagbag.py:539} INFO - Filling up the DagBag from /home/airflow/.local/lib/python3.8/site-packages/airflow/example_dags/example_time_delta_sensor_async.py
[2023-09-13T19:23:29.901+0000] {processor.py:839} INFO - DAG(s) dict_keys(['example_time_delta_sensor_async']) retrieved from /home/airflow/.local/lib/python3.8/site-packages/airflow/example_dags/example_time_delta_sensor_async.py
[2023-09-13T19:23:29.931+0000] {logging_mixin.py:151} INFO - [2023-09-13T19:23:29.930+0000] {dag.py:2915} INFO - Sync 1 DAGs
[2023-09-13T19:23:29.942+0000] {logging_mixin.py:151} INFO - [2023-09-13T19:23:29.942+0000] {dag.py:3696} INFO - Setting next_dagrun for example_time_delta_sensor_async to None, run_after=None
[2023-09-13T19:23:29.954+0000] {processor.py:179} INFO - Processing /home/airflow/.local/lib/python3.8/site-packages/airflow/example_dags/example_time_delta_sensor_async.py took 0.068 seconds
[2023-09-13T19:24:00.115+0000] {processor.py:157} INFO - Started process (PID=928) to work on /home/airflow/.local/lib/python3.8/site-packages/airflow/example_dags/example_time_delta_sensor_async.py
[2023-09-13T19:24:00.116+0000] {processor.py:829} INFO - Processing file /home/airflow/.local/lib/python3.8/site-packages/airflow/example_dags/example_time_delta_sensor_async.py for tasks to queue
[2023-09-13T19:24:00.119+0000] {logging_mixin.py:151} INFO - [2023-09-13T19:24:00.118+0000] {dagbag.py:539} INFO - Filling up the DagBag from /home/airflow/.local/lib/python3.8/site-packages/airflow/example_dags/example_time_delta_sensor_async.py
[2023-09-13T19:24:00.124+0000] {processor.py:839} INFO - DAG(s) dict_keys(['example_time_delta_sensor_async']) retrieved from /home/airflow/.local/lib/python3.8/site-packages/airflow/example_dags/example_time_delta_sensor_async.py
[2023-09-13T19:24:00.145+0000] {logging_mixin.py:151} INFO - [2023-09-13T19:24:00.145+0000] {dag.py:2915} INFO - Sync 1 DAGs
[2023-09-13T19:24:00.155+0000] {logging_mixin.py:151} INFO - [2023-09-13T19:24:00.155+0000] {dag.py:3696} INFO - Setting next_dagrun for example_time_delta_sensor_async to None, run_after=None
[2023-09-13T19:24:00.167+0000] {processor.py:179} INFO - Processing /home/airflow/.local/lib/python3.8/site-packages/airflow/example_dags/example_time_delta_sensor_async.py took 0.055 seconds
[2023-09-13T19:24:30.433+0000] {processor.py:157} INFO - Started process (PID=983) to work on /home/airflow/.local/lib/python3.8/site-packages/airflow/example_dags/example_time_delta_sensor_async.py
[2023-09-13T19:24:30.434+0000] {processor.py:829} INFO - Processing file /home/airflow/.local/lib/python3.8/site-packages/airflow/example_dags/example_time_delta_sensor_async.py for tasks to queue
[2023-09-13T19:24:30.437+0000] {logging_mixin.py:151} INFO - [2023-09-13T19:24:30.437+0000] {dagbag.py:539} INFO - Filling up the DagBag from /home/airflow/.local/lib/python3.8/site-packages/airflow/example_dags/example_time_delta_sensor_async.py
[2023-09-13T19:24:30.442+0000] {processor.py:839} INFO - DAG(s) dict_keys(['example_time_delta_sensor_async']) retrieved from /home/airflow/.local/lib/python3.8/site-packages/airflow/example_dags/example_time_delta_sensor_async.py
[2023-09-13T19:24:30.463+0000] {logging_mixin.py:151} INFO - [2023-09-13T19:24:30.463+0000] {dag.py:2915} INFO - Sync 1 DAGs
[2023-09-13T19:24:30.473+0000] {logging_mixin.py:151} INFO - [2023-09-13T19:24:30.473+0000] {dag.py:3696} INFO - Setting next_dagrun for example_time_delta_sensor_async to None, run_after=None
[2023-09-13T19:24:30.484+0000] {processor.py:179} INFO - Processing /home/airflow/.local/lib/python3.8/site-packages/airflow/example_dags/example_time_delta_sensor_async.py took 0.055 seconds
[2023-09-13T19:25:00.680+0000] {processor.py:157} INFO - Started process (PID=1036) to work on /home/airflow/.local/lib/python3.8/site-packages/airflow/example_dags/example_time_delta_sensor_async.py
[2023-09-13T19:25:00.682+0000] {processor.py:829} INFO - Processing file /home/airflow/.local/lib/python3.8/site-packages/airflow/example_dags/example_time_delta_sensor_async.py for tasks to queue
[2023-09-13T19:25:00.684+0000] {logging_mixin.py:151} INFO - [2023-09-13T19:25:00.684+0000] {dagbag.py:539} INFO - Filling up the DagBag from /home/airflow/.local/lib/python3.8/site-packages/airflow/example_dags/example_time_delta_sensor_async.py
[2023-09-13T19:25:00.689+0000] {processor.py:839} INFO - DAG(s) dict_keys(['example_time_delta_sensor_async']) retrieved from /home/airflow/.local/lib/python3.8/site-packages/airflow/example_dags/example_time_delta_sensor_async.py
[2023-09-13T19:25:00.710+0000] {logging_mixin.py:151} INFO - [2023-09-13T19:25:00.710+0000] {dag.py:2915} INFO - Sync 1 DAGs
[2023-09-13T19:25:00.720+0000] {logging_mixin.py:151} INFO - [2023-09-13T19:25:00.720+0000] {dag.py:3696} INFO - Setting next_dagrun for example_time_delta_sensor_async to None, run_after=None
[2023-09-13T19:25:00.732+0000] {processor.py:179} INFO - Processing /home/airflow/.local/lib/python3.8/site-packages/airflow/example_dags/example_time_delta_sensor_async.py took 0.055 seconds
[2023-09-13T19:25:30.880+0000] {processor.py:157} INFO - Started process (PID=1090) to work on /home/airflow/.local/lib/python3.8/site-packages/airflow/example_dags/example_time_delta_sensor_async.py
[2023-09-13T19:25:30.884+0000] {processor.py:829} INFO - Processing file /home/airflow/.local/lib/python3.8/site-packages/airflow/example_dags/example_time_delta_sensor_async.py for tasks to queue
[2023-09-13T19:25:30.891+0000] {logging_mixin.py:151} INFO - [2023-09-13T19:25:30.891+0000] {dagbag.py:539} INFO - Filling up the DagBag from /home/airflow/.local/lib/python3.8/site-packages/airflow/example_dags/example_time_delta_sensor_async.py
[2023-09-13T19:25:30.898+0000] {processor.py:839} INFO - DAG(s) dict_keys(['example_time_delta_sensor_async']) retrieved from /home/airflow/.local/lib/python3.8/site-packages/airflow/example_dags/example_time_delta_sensor_async.py
[2023-09-13T19:25:30.938+0000] {logging_mixin.py:151} INFO - [2023-09-13T19:25:30.938+0000] {dag.py:2915} INFO - Sync 1 DAGs
[2023-09-13T19:25:30.954+0000] {logging_mixin.py:151} INFO - [2023-09-13T19:25:30.954+0000] {dag.py:3696} INFO - Setting next_dagrun for example_time_delta_sensor_async to None, run_after=None
[2023-09-13T19:25:30.974+0000] {processor.py:179} INFO - Processing /home/airflow/.local/lib/python3.8/site-packages/airflow/example_dags/example_time_delta_sensor_async.py took 0.099 seconds
[2023-09-13T19:26:01.681+0000] {processor.py:157} INFO - Started process (PID=1146) to work on /home/airflow/.local/lib/python3.8/site-packages/airflow/example_dags/example_time_delta_sensor_async.py
[2023-09-13T19:26:01.683+0000] {processor.py:829} INFO - Processing file /home/airflow/.local/lib/python3.8/site-packages/airflow/example_dags/example_time_delta_sensor_async.py for tasks to queue
[2023-09-13T19:26:01.685+0000] {logging_mixin.py:151} INFO - [2023-09-13T19:26:01.685+0000] {dagbag.py:539} INFO - Filling up the DagBag from /home/airflow/.local/lib/python3.8/site-packages/airflow/example_dags/example_time_delta_sensor_async.py
[2023-09-13T19:26:01.690+0000] {processor.py:839} INFO - DAG(s) dict_keys(['example_time_delta_sensor_async']) retrieved from /home/airflow/.local/lib/python3.8/site-packages/airflow/example_dags/example_time_delta_sensor_async.py
[2023-09-13T19:26:01.710+0000] {logging_mixin.py:151} INFO - [2023-09-13T19:26:01.710+0000] {dag.py:2915} INFO - Sync 1 DAGs
[2023-09-13T19:26:01.723+0000] {logging_mixin.py:151} INFO - [2023-09-13T19:26:01.722+0000] {dag.py:3696} INFO - Setting next_dagrun for example_time_delta_sensor_async to None, run_after=None
[2023-09-13T19:26:01.740+0000] {processor.py:179} INFO - Processing /home/airflow/.local/lib/python3.8/site-packages/airflow/example_dags/example_time_delta_sensor_async.py took 0.062 seconds
[2023-09-13T19:26:32.165+0000] {processor.py:157} INFO - Started process (PID=1202) to work on /home/airflow/.local/lib/python3.8/site-packages/airflow/example_dags/example_time_delta_sensor_async.py
[2023-09-13T19:26:32.166+0000] {processor.py:829} INFO - Processing file /home/airflow/.local/lib/python3.8/site-packages/airflow/example_dags/example_time_delta_sensor_async.py for tasks to queue
[2023-09-13T19:26:32.169+0000] {logging_mixin.py:151} INFO - [2023-09-13T19:26:32.168+0000] {dagbag.py:539} INFO - Filling up the DagBag from /home/airflow/.local/lib/python3.8/site-packages/airflow/example_dags/example_time_delta_sensor_async.py
[2023-09-13T19:26:32.174+0000] {processor.py:839} INFO - DAG(s) dict_keys(['example_time_delta_sensor_async']) retrieved from /home/airflow/.local/lib/python3.8/site-packages/airflow/example_dags/example_time_delta_sensor_async.py
[2023-09-13T19:26:32.195+0000] {logging_mixin.py:151} INFO - [2023-09-13T19:26:32.194+0000] {dag.py:2915} INFO - Sync 1 DAGs
[2023-09-13T19:26:32.205+0000] {logging_mixin.py:151} INFO - [2023-09-13T19:26:32.205+0000] {dag.py:3696} INFO - Setting next_dagrun for example_time_delta_sensor_async to None, run_after=None
[2023-09-13T19:26:32.218+0000] {processor.py:179} INFO - Processing /home/airflow/.local/lib/python3.8/site-packages/airflow/example_dags/example_time_delta_sensor_async.py took 0.056 seconds
[2023-09-13T19:27:02.644+0000] {processor.py:157} INFO - Started process (PID=1257) to work on /home/airflow/.local/lib/python3.8/site-packages/airflow/example_dags/example_time_delta_sensor_async.py
[2023-09-13T19:27:02.645+0000] {processor.py:829} INFO - Processing file /home/airflow/.local/lib/python3.8/site-packages/airflow/example_dags/example_time_delta_sensor_async.py for tasks to queue
[2023-09-13T19:27:02.648+0000] {logging_mixin.py:151} INFO - [2023-09-13T19:27:02.648+0000] {dagbag.py:539} INFO - Filling up the DagBag from /home/airflow/.local/lib/python3.8/site-packages/airflow/example_dags/example_time_delta_sensor_async.py
[2023-09-13T19:27:02.653+0000] {processor.py:839} INFO - DAG(s) dict_keys(['example_time_delta_sensor_async']) retrieved from /home/airflow/.local/lib/python3.8/site-packages/airflow/example_dags/example_time_delta_sensor_async.py
[2023-09-13T19:27:02.675+0000] {logging_mixin.py:151} INFO - [2023-09-13T19:27:02.674+0000] {dag.py:2915} INFO - Sync 1 DAGs
[2023-09-13T19:27:02.685+0000] {logging_mixin.py:151} INFO - [2023-09-13T19:27:02.685+0000] {dag.py:3696} INFO - Setting next_dagrun for example_time_delta_sensor_async to None, run_after=None
[2023-09-13T19:27:02.697+0000] {processor.py:179} INFO - Processing /home/airflow/.local/lib/python3.8/site-packages/airflow/example_dags/example_time_delta_sensor_async.py took 0.057 seconds
[2023-09-13T19:28:16.798+0000] {processor.py:157} INFO - Started process (PID=59) to work on /home/airflow/.local/lib/python3.8/site-packages/airflow/example_dags/example_time_delta_sensor_async.py
[2023-09-13T19:28:16.803+0000] {processor.py:829} INFO - Processing file /home/airflow/.local/lib/python3.8/site-packages/airflow/example_dags/example_time_delta_sensor_async.py for tasks to queue
[2023-09-13T19:28:16.814+0000] {logging_mixin.py:151} INFO - [2023-09-13T19:28:16.812+0000] {dagbag.py:539} INFO - Filling up the DagBag from /home/airflow/.local/lib/python3.8/site-packages/airflow/example_dags/example_time_delta_sensor_async.py
[2023-09-13T19:28:16.840+0000] {processor.py:839} INFO - DAG(s) dict_keys(['example_time_delta_sensor_async']) retrieved from /home/airflow/.local/lib/python3.8/site-packages/airflow/example_dags/example_time_delta_sensor_async.py
[2023-09-13T19:28:16.880+0000] {logging_mixin.py:151} INFO - [2023-09-13T19:28:16.880+0000] {dag.py:2915} INFO - Sync 1 DAGs
[2023-09-13T19:28:16.927+0000] {logging_mixin.py:151} INFO - [2023-09-13T19:28:16.926+0000] {dag.py:3696} INFO - Setting next_dagrun for example_time_delta_sensor_async to None, run_after=None
[2023-09-13T19:28:16.961+0000] {processor.py:179} INFO - Processing /home/airflow/.local/lib/python3.8/site-packages/airflow/example_dags/example_time_delta_sensor_async.py took 0.174 seconds
[2023-09-13T19:28:47.423+0000] {processor.py:157} INFO - Started process (PID=114) to work on /home/airflow/.local/lib/python3.8/site-packages/airflow/example_dags/example_time_delta_sensor_async.py
[2023-09-13T19:28:47.424+0000] {processor.py:829} INFO - Processing file /home/airflow/.local/lib/python3.8/site-packages/airflow/example_dags/example_time_delta_sensor_async.py for tasks to queue
[2023-09-13T19:28:47.426+0000] {logging_mixin.py:151} INFO - [2023-09-13T19:28:47.426+0000] {dagbag.py:539} INFO - Filling up the DagBag from /home/airflow/.local/lib/python3.8/site-packages/airflow/example_dags/example_time_delta_sensor_async.py
[2023-09-13T19:28:47.431+0000] {processor.py:839} INFO - DAG(s) dict_keys(['example_time_delta_sensor_async']) retrieved from /home/airflow/.local/lib/python3.8/site-packages/airflow/example_dags/example_time_delta_sensor_async.py
[2023-09-13T19:28:47.451+0000] {logging_mixin.py:151} INFO - [2023-09-13T19:28:47.451+0000] {dag.py:2915} INFO - Sync 1 DAGs
[2023-09-13T19:28:47.460+0000] {logging_mixin.py:151} INFO - [2023-09-13T19:28:47.460+0000] {dag.py:3696} INFO - Setting next_dagrun for example_time_delta_sensor_async to None, run_after=None
[2023-09-13T19:28:47.473+0000] {processor.py:179} INFO - Processing /home/airflow/.local/lib/python3.8/site-packages/airflow/example_dags/example_time_delta_sensor_async.py took 0.054 seconds
[2023-09-13T19:29:17.719+0000] {processor.py:157} INFO - Started process (PID=169) to work on /home/airflow/.local/lib/python3.8/site-packages/airflow/example_dags/example_time_delta_sensor_async.py
[2023-09-13T19:29:17.721+0000] {processor.py:829} INFO - Processing file /home/airflow/.local/lib/python3.8/site-packages/airflow/example_dags/example_time_delta_sensor_async.py for tasks to queue
[2023-09-13T19:29:17.723+0000] {logging_mixin.py:151} INFO - [2023-09-13T19:29:17.723+0000] {dagbag.py:539} INFO - Filling up the DagBag from /home/airflow/.local/lib/python3.8/site-packages/airflow/example_dags/example_time_delta_sensor_async.py
[2023-09-13T19:29:17.728+0000] {processor.py:839} INFO - DAG(s) dict_keys(['example_time_delta_sensor_async']) retrieved from /home/airflow/.local/lib/python3.8/site-packages/airflow/example_dags/example_time_delta_sensor_async.py
[2023-09-13T19:29:17.748+0000] {logging_mixin.py:151} INFO - [2023-09-13T19:29:17.747+0000] {dag.py:2915} INFO - Sync 1 DAGs
[2023-09-13T19:29:17.757+0000] {logging_mixin.py:151} INFO - [2023-09-13T19:29:17.757+0000] {dag.py:3696} INFO - Setting next_dagrun for example_time_delta_sensor_async to None, run_after=None
[2023-09-13T19:29:17.769+0000] {processor.py:179} INFO - Processing /home/airflow/.local/lib/python3.8/site-packages/airflow/example_dags/example_time_delta_sensor_async.py took 0.054 seconds
[2023-09-13T19:29:48.061+0000] {processor.py:157} INFO - Started process (PID=223) to work on /home/airflow/.local/lib/python3.8/site-packages/airflow/example_dags/example_time_delta_sensor_async.py
[2023-09-13T19:29:48.062+0000] {processor.py:829} INFO - Processing file /home/airflow/.local/lib/python3.8/site-packages/airflow/example_dags/example_time_delta_sensor_async.py for tasks to queue
[2023-09-13T19:29:48.065+0000] {logging_mixin.py:151} INFO - [2023-09-13T19:29:48.064+0000] {dagbag.py:539} INFO - Filling up the DagBag from /home/airflow/.local/lib/python3.8/site-packages/airflow/example_dags/example_time_delta_sensor_async.py
[2023-09-13T19:29:48.070+0000] {processor.py:839} INFO - DAG(s) dict_keys(['example_time_delta_sensor_async']) retrieved from /home/airflow/.local/lib/python3.8/site-packages/airflow/example_dags/example_time_delta_sensor_async.py
[2023-09-13T19:29:48.107+0000] {logging_mixin.py:151} INFO - [2023-09-13T19:29:48.107+0000] {dag.py:2915} INFO - Sync 1 DAGs
[2023-09-13T19:29:48.119+0000] {logging_mixin.py:151} INFO - [2023-09-13T19:29:48.119+0000] {dag.py:3696} INFO - Setting next_dagrun for example_time_delta_sensor_async to None, run_after=None
[2023-09-13T19:29:48.131+0000] {processor.py:179} INFO - Processing /home/airflow/.local/lib/python3.8/site-packages/airflow/example_dags/example_time_delta_sensor_async.py took 0.074 seconds
[2023-09-13T19:30:18.433+0000] {processor.py:157} INFO - Started process (PID=277) to work on /home/airflow/.local/lib/python3.8/site-packages/airflow/example_dags/example_time_delta_sensor_async.py
[2023-09-13T19:30:18.434+0000] {processor.py:829} INFO - Processing file /home/airflow/.local/lib/python3.8/site-packages/airflow/example_dags/example_time_delta_sensor_async.py for tasks to queue
[2023-09-13T19:30:18.437+0000] {logging_mixin.py:151} INFO - [2023-09-13T19:30:18.437+0000] {dagbag.py:539} INFO - Filling up the DagBag from /home/airflow/.local/lib/python3.8/site-packages/airflow/example_dags/example_time_delta_sensor_async.py
[2023-09-13T19:30:18.444+0000] {processor.py:839} INFO - DAG(s) dict_keys(['example_time_delta_sensor_async']) retrieved from /home/airflow/.local/lib/python3.8/site-packages/airflow/example_dags/example_time_delta_sensor_async.py
[2023-09-13T19:30:18.471+0000] {logging_mixin.py:151} INFO - [2023-09-13T19:30:18.470+0000] {dag.py:2915} INFO - Sync 1 DAGs
[2023-09-13T19:30:18.483+0000] {logging_mixin.py:151} INFO - [2023-09-13T19:30:18.483+0000] {dag.py:3696} INFO - Setting next_dagrun for example_time_delta_sensor_async to None, run_after=None
[2023-09-13T19:30:18.501+0000] {processor.py:179} INFO - Processing /home/airflow/.local/lib/python3.8/site-packages/airflow/example_dags/example_time_delta_sensor_async.py took 0.073 seconds
[2023-09-13T19:31:32.262+0000] {processor.py:157} INFO - Started process (PID=60) to work on /home/airflow/.local/lib/python3.8/site-packages/airflow/example_dags/example_time_delta_sensor_async.py
[2023-09-13T19:31:32.267+0000] {processor.py:829} INFO - Processing file /home/airflow/.local/lib/python3.8/site-packages/airflow/example_dags/example_time_delta_sensor_async.py for tasks to queue
[2023-09-13T19:31:32.276+0000] {logging_mixin.py:151} INFO - [2023-09-13T19:31:32.275+0000] {dagbag.py:539} INFO - Filling up the DagBag from /home/airflow/.local/lib/python3.8/site-packages/airflow/example_dags/example_time_delta_sensor_async.py
[2023-09-13T19:31:32.286+0000] {processor.py:839} INFO - DAG(s) dict_keys(['example_time_delta_sensor_async']) retrieved from /home/airflow/.local/lib/python3.8/site-packages/airflow/example_dags/example_time_delta_sensor_async.py
[2023-09-13T19:31:32.318+0000] {logging_mixin.py:151} INFO - [2023-09-13T19:31:32.318+0000] {dag.py:2915} INFO - Sync 1 DAGs
[2023-09-13T19:31:32.363+0000] {logging_mixin.py:151} INFO - [2023-09-13T19:31:32.362+0000] {dag.py:3696} INFO - Setting next_dagrun for example_time_delta_sensor_async to None, run_after=None
[2023-09-13T19:31:32.398+0000] {processor.py:179} INFO - Processing /home/airflow/.local/lib/python3.8/site-packages/airflow/example_dags/example_time_delta_sensor_async.py took 0.158 seconds
[2023-09-13T19:32:02.975+0000] {processor.py:157} INFO - Started process (PID=114) to work on /home/airflow/.local/lib/python3.8/site-packages/airflow/example_dags/example_time_delta_sensor_async.py
[2023-09-13T19:32:02.976+0000] {processor.py:829} INFO - Processing file /home/airflow/.local/lib/python3.8/site-packages/airflow/example_dags/example_time_delta_sensor_async.py for tasks to queue
[2023-09-13T19:32:02.979+0000] {logging_mixin.py:151} INFO - [2023-09-13T19:32:02.978+0000] {dagbag.py:539} INFO - Filling up the DagBag from /home/airflow/.local/lib/python3.8/site-packages/airflow/example_dags/example_time_delta_sensor_async.py
[2023-09-13T19:32:02.985+0000] {processor.py:839} INFO - DAG(s) dict_keys(['example_time_delta_sensor_async']) retrieved from /home/airflow/.local/lib/python3.8/site-packages/airflow/example_dags/example_time_delta_sensor_async.py
[2023-09-13T19:32:03.008+0000] {logging_mixin.py:151} INFO - [2023-09-13T19:32:03.008+0000] {dag.py:2915} INFO - Sync 1 DAGs
[2023-09-13T19:32:03.022+0000] {logging_mixin.py:151} INFO - [2023-09-13T19:32:03.021+0000] {dag.py:3696} INFO - Setting next_dagrun for example_time_delta_sensor_async to None, run_after=None
[2023-09-13T19:32:03.043+0000] {processor.py:179} INFO - Processing /home/airflow/.local/lib/python3.8/site-packages/airflow/example_dags/example_time_delta_sensor_async.py took 0.072 seconds
[2023-09-13T19:32:33.263+0000] {processor.py:157} INFO - Started process (PID=169) to work on /home/airflow/.local/lib/python3.8/site-packages/airflow/example_dags/example_time_delta_sensor_async.py
[2023-09-13T19:32:33.264+0000] {processor.py:829} INFO - Processing file /home/airflow/.local/lib/python3.8/site-packages/airflow/example_dags/example_time_delta_sensor_async.py for tasks to queue
[2023-09-13T19:32:33.267+0000] {logging_mixin.py:151} INFO - [2023-09-13T19:32:33.266+0000] {dagbag.py:539} INFO - Filling up the DagBag from /home/airflow/.local/lib/python3.8/site-packages/airflow/example_dags/example_time_delta_sensor_async.py
[2023-09-13T19:32:33.271+0000] {processor.py:839} INFO - DAG(s) dict_keys(['example_time_delta_sensor_async']) retrieved from /home/airflow/.local/lib/python3.8/site-packages/airflow/example_dags/example_time_delta_sensor_async.py
[2023-09-13T19:32:33.292+0000] {logging_mixin.py:151} INFO - [2023-09-13T19:32:33.292+0000] {dag.py:2915} INFO - Sync 1 DAGs
[2023-09-13T19:32:33.302+0000] {logging_mixin.py:151} INFO - [2023-09-13T19:32:33.302+0000] {dag.py:3696} INFO - Setting next_dagrun for example_time_delta_sensor_async to None, run_after=None
[2023-09-13T19:32:33.314+0000] {processor.py:179} INFO - Processing /home/airflow/.local/lib/python3.8/site-packages/airflow/example_dags/example_time_delta_sensor_async.py took 0.055 seconds
[2023-09-13T19:33:04.231+0000] {processor.py:157} INFO - Started process (PID=224) to work on /home/airflow/.local/lib/python3.8/site-packages/airflow/example_dags/example_time_delta_sensor_async.py
[2023-09-13T19:33:04.233+0000] {processor.py:829} INFO - Processing file /home/airflow/.local/lib/python3.8/site-packages/airflow/example_dags/example_time_delta_sensor_async.py for tasks to queue
[2023-09-13T19:33:04.235+0000] {logging_mixin.py:151} INFO - [2023-09-13T19:33:04.235+0000] {dagbag.py:539} INFO - Filling up the DagBag from /home/airflow/.local/lib/python3.8/site-packages/airflow/example_dags/example_time_delta_sensor_async.py
[2023-09-13T19:33:04.240+0000] {processor.py:839} INFO - DAG(s) dict_keys(['example_time_delta_sensor_async']) retrieved from /home/airflow/.local/lib/python3.8/site-packages/airflow/example_dags/example_time_delta_sensor_async.py
[2023-09-13T19:33:04.260+0000] {logging_mixin.py:151} INFO - [2023-09-13T19:33:04.260+0000] {dag.py:2915} INFO - Sync 1 DAGs
[2023-09-13T19:33:04.270+0000] {logging_mixin.py:151} INFO - [2023-09-13T19:33:04.270+0000] {dag.py:3696} INFO - Setting next_dagrun for example_time_delta_sensor_async to None, run_after=None
[2023-09-13T19:33:04.283+0000] {processor.py:179} INFO - Processing /home/airflow/.local/lib/python3.8/site-packages/airflow/example_dags/example_time_delta_sensor_async.py took 0.055 seconds
[2023-09-13T19:33:35.233+0000] {processor.py:157} INFO - Started process (PID=279) to work on /home/airflow/.local/lib/python3.8/site-packages/airflow/example_dags/example_time_delta_sensor_async.py
[2023-09-13T19:33:35.235+0000] {processor.py:829} INFO - Processing file /home/airflow/.local/lib/python3.8/site-packages/airflow/example_dags/example_time_delta_sensor_async.py for tasks to queue
[2023-09-13T19:33:35.237+0000] {logging_mixin.py:151} INFO - [2023-09-13T19:33:35.237+0000] {dagbag.py:539} INFO - Filling up the DagBag from /home/airflow/.local/lib/python3.8/site-packages/airflow/example_dags/example_time_delta_sensor_async.py
[2023-09-13T19:33:35.242+0000] {processor.py:839} INFO - DAG(s) dict_keys(['example_time_delta_sensor_async']) retrieved from /home/airflow/.local/lib/python3.8/site-packages/airflow/example_dags/example_time_delta_sensor_async.py
[2023-09-13T19:33:35.265+0000] {logging_mixin.py:151} INFO - [2023-09-13T19:33:35.265+0000] {dag.py:2915} INFO - Sync 1 DAGs
[2023-09-13T19:33:35.276+0000] {logging_mixin.py:151} INFO - [2023-09-13T19:33:35.275+0000] {dag.py:3696} INFO - Setting next_dagrun for example_time_delta_sensor_async to None, run_after=None
[2023-09-13T19:33:35.290+0000] {processor.py:179} INFO - Processing /home/airflow/.local/lib/python3.8/site-packages/airflow/example_dags/example_time_delta_sensor_async.py took 0.062 seconds
[2023-09-13T19:34:06.015+0000] {processor.py:157} INFO - Started process (PID=334) to work on /home/airflow/.local/lib/python3.8/site-packages/airflow/example_dags/example_time_delta_sensor_async.py
[2023-09-13T19:34:06.016+0000] {processor.py:829} INFO - Processing file /home/airflow/.local/lib/python3.8/site-packages/airflow/example_dags/example_time_delta_sensor_async.py for tasks to queue
[2023-09-13T19:34:06.019+0000] {logging_mixin.py:151} INFO - [2023-09-13T19:34:06.019+0000] {dagbag.py:539} INFO - Filling up the DagBag from /home/airflow/.local/lib/python3.8/site-packages/airflow/example_dags/example_time_delta_sensor_async.py
[2023-09-13T19:34:06.024+0000] {processor.py:839} INFO - DAG(s) dict_keys(['example_time_delta_sensor_async']) retrieved from /home/airflow/.local/lib/python3.8/site-packages/airflow/example_dags/example_time_delta_sensor_async.py
[2023-09-13T19:34:06.045+0000] {logging_mixin.py:151} INFO - [2023-09-13T19:34:06.045+0000] {dag.py:2915} INFO - Sync 1 DAGs
[2023-09-13T19:34:06.055+0000] {logging_mixin.py:151} INFO - [2023-09-13T19:34:06.055+0000] {dag.py:3696} INFO - Setting next_dagrun for example_time_delta_sensor_async to None, run_after=None
[2023-09-13T19:34:06.067+0000] {processor.py:179} INFO - Processing /home/airflow/.local/lib/python3.8/site-packages/airflow/example_dags/example_time_delta_sensor_async.py took 0.056 seconds
