[2023-09-13T19:15:50.537+0000] {processor.py:157} INFO - Started process (PID=48) to work on /home/airflow/.local/lib/python3.8/site-packages/airflow/example_dags/example_short_circuit_decorator.py
[2023-09-13T19:15:50.539+0000] {processor.py:829} INFO - Processing file /home/airflow/.local/lib/python3.8/site-packages/airflow/example_dags/example_short_circuit_decorator.py for tasks to queue
[2023-09-13T19:15:50.544+0000] {logging_mixin.py:151} INFO - [2023-09-13T19:15:50.543+0000] {dagbag.py:539} INFO - Filling up the DagBag from /home/airflow/.local/lib/python3.8/site-packages/airflow/example_dags/example_short_circuit_decorator.py
[2023-09-13T19:15:50.569+0000] {processor.py:839} INFO - DAG(s) dict_keys(['example_short_circuit_decorator']) retrieved from /home/airflow/.local/lib/python3.8/site-packages/airflow/example_dags/example_short_circuit_decorator.py
[2023-09-13T19:15:50.723+0000] {logging_mixin.py:151} INFO - [2023-09-13T19:15:50.723+0000] {manager.py:499} INFO - Created Permission View: %s
[2023-09-13T19:15:50.743+0000] {logging_mixin.py:151} INFO - [2023-09-13T19:15:50.742+0000] {manager.py:499} INFO - Created Permission View: %s
[2023-09-13T19:15:50.752+0000] {logging_mixin.py:151} INFO - [2023-09-13T19:15:50.752+0000] {manager.py:499} INFO - Created Permission View: %s
[2023-09-13T19:15:50.753+0000] {logging_mixin.py:151} INFO - [2023-09-13T19:15:50.753+0000] {security.py:708} INFO - Not syncing DAG-level permissions for DAG 'DAG:example_short_circuit_decorator' as access control is unset.
[2023-09-13T19:15:50.754+0000] {logging_mixin.py:151} INFO - [2023-09-13T19:15:50.754+0000] {dag.py:2915} INFO - Sync 1 DAGs
[2023-09-13T19:15:50.773+0000] {logging_mixin.py:151} INFO - [2023-09-13T19:15:50.772+0000] {dag.py:2937} INFO - Creating ORM DAG for example_short_circuit_decorator
[2023-09-13T19:15:50.786+0000] {logging_mixin.py:151} INFO - [2023-09-13T19:15:50.786+0000] {dag.py:3696} INFO - Setting next_dagrun for example_short_circuit_decorator to 2023-09-12T19:15:50.786093+00:00, run_after=2023-09-13T19:15:50.786093+00:00
[2023-09-13T19:15:50.812+0000] {processor.py:179} INFO - Processing /home/airflow/.local/lib/python3.8/site-packages/airflow/example_dags/example_short_circuit_decorator.py took 0.282 seconds
[2023-09-13T19:16:21.076+0000] {processor.py:157} INFO - Started process (PID=102) to work on /home/airflow/.local/lib/python3.8/site-packages/airflow/example_dags/example_short_circuit_decorator.py
[2023-09-13T19:16:21.079+0000] {processor.py:829} INFO - Processing file /home/airflow/.local/lib/python3.8/site-packages/airflow/example_dags/example_short_circuit_decorator.py for tasks to queue
[2023-09-13T19:16:21.084+0000] {logging_mixin.py:151} INFO - [2023-09-13T19:16:21.084+0000] {dagbag.py:539} INFO - Filling up the DagBag from /home/airflow/.local/lib/python3.8/site-packages/airflow/example_dags/example_short_circuit_decorator.py
[2023-09-13T19:16:21.107+0000] {processor.py:839} INFO - DAG(s) dict_keys(['example_short_circuit_decorator']) retrieved from /home/airflow/.local/lib/python3.8/site-packages/airflow/example_dags/example_short_circuit_decorator.py
[2023-09-13T19:16:21.141+0000] {logging_mixin.py:151} INFO - [2023-09-13T19:16:21.141+0000] {dag.py:2915} INFO - Sync 1 DAGs
[2023-09-13T19:16:21.170+0000] {logging_mixin.py:151} INFO - [2023-09-13T19:16:21.169+0000] {dag.py:3696} INFO - Setting next_dagrun for example_short_circuit_decorator to 2023-09-12T19:16:21.169539+00:00, run_after=2023-09-13T19:16:21.169539+00:00
[2023-09-13T19:16:21.184+0000] {processor.py:179} INFO - Processing /home/airflow/.local/lib/python3.8/site-packages/airflow/example_dags/example_short_circuit_decorator.py took 0.113 seconds
[2023-09-13T19:16:51.415+0000] {processor.py:157} INFO - Started process (PID=155) to work on /home/airflow/.local/lib/python3.8/site-packages/airflow/example_dags/example_short_circuit_decorator.py
[2023-09-13T19:16:51.417+0000] {processor.py:829} INFO - Processing file /home/airflow/.local/lib/python3.8/site-packages/airflow/example_dags/example_short_circuit_decorator.py for tasks to queue
[2023-09-13T19:16:51.420+0000] {logging_mixin.py:151} INFO - [2023-09-13T19:16:51.420+0000] {dagbag.py:539} INFO - Filling up the DagBag from /home/airflow/.local/lib/python3.8/site-packages/airflow/example_dags/example_short_circuit_decorator.py
[2023-09-13T19:16:51.428+0000] {processor.py:839} INFO - DAG(s) dict_keys(['example_short_circuit_decorator']) retrieved from /home/airflow/.local/lib/python3.8/site-packages/airflow/example_dags/example_short_circuit_decorator.py
[2023-09-13T19:16:51.450+0000] {logging_mixin.py:151} INFO - [2023-09-13T19:16:51.450+0000] {dag.py:2915} INFO - Sync 1 DAGs
[2023-09-13T19:16:51.468+0000] {logging_mixin.py:151} INFO - [2023-09-13T19:16:51.467+0000] {dag.py:3696} INFO - Setting next_dagrun for example_short_circuit_decorator to 2023-09-12T19:16:51.467586+00:00, run_after=2023-09-13T19:16:51.467586+00:00
[2023-09-13T19:16:51.485+0000] {processor.py:179} INFO - Processing /home/airflow/.local/lib/python3.8/site-packages/airflow/example_dags/example_short_circuit_decorator.py took 0.073 seconds
[2023-09-13T19:17:21.769+0000] {processor.py:157} INFO - Started process (PID=209) to work on /home/airflow/.local/lib/python3.8/site-packages/airflow/example_dags/example_short_circuit_decorator.py
[2023-09-13T19:17:21.771+0000] {processor.py:829} INFO - Processing file /home/airflow/.local/lib/python3.8/site-packages/airflow/example_dags/example_short_circuit_decorator.py for tasks to queue
[2023-09-13T19:17:21.774+0000] {logging_mixin.py:151} INFO - [2023-09-13T19:17:21.774+0000] {dagbag.py:539} INFO - Filling up the DagBag from /home/airflow/.local/lib/python3.8/site-packages/airflow/example_dags/example_short_circuit_decorator.py
[2023-09-13T19:17:21.786+0000] {processor.py:839} INFO - DAG(s) dict_keys(['example_short_circuit_decorator']) retrieved from /home/airflow/.local/lib/python3.8/site-packages/airflow/example_dags/example_short_circuit_decorator.py
[2023-09-13T19:17:21.826+0000] {logging_mixin.py:151} INFO - [2023-09-13T19:17:21.825+0000] {dag.py:2915} INFO - Sync 1 DAGs
[2023-09-13T19:17:21.853+0000] {logging_mixin.py:151} INFO - [2023-09-13T19:17:21.853+0000] {dag.py:3696} INFO - Setting next_dagrun for example_short_circuit_decorator to 2023-09-12T19:17:21.853207+00:00, run_after=2023-09-13T19:17:21.853207+00:00
[2023-09-13T19:17:21.874+0000] {processor.py:179} INFO - Processing /home/airflow/.local/lib/python3.8/site-packages/airflow/example_dags/example_short_circuit_decorator.py took 0.109 seconds
[2023-09-13T19:17:51.925+0000] {processor.py:157} INFO - Started process (PID=262) to work on /home/airflow/.local/lib/python3.8/site-packages/airflow/example_dags/example_short_circuit_decorator.py
[2023-09-13T19:17:51.927+0000] {processor.py:829} INFO - Processing file /home/airflow/.local/lib/python3.8/site-packages/airflow/example_dags/example_short_circuit_decorator.py for tasks to queue
[2023-09-13T19:17:51.930+0000] {logging_mixin.py:151} INFO - [2023-09-13T19:17:51.930+0000] {dagbag.py:539} INFO - Filling up the DagBag from /home/airflow/.local/lib/python3.8/site-packages/airflow/example_dags/example_short_circuit_decorator.py
[2023-09-13T19:17:51.941+0000] {processor.py:839} INFO - DAG(s) dict_keys(['example_short_circuit_decorator']) retrieved from /home/airflow/.local/lib/python3.8/site-packages/airflow/example_dags/example_short_circuit_decorator.py
[2023-09-13T19:17:51.980+0000] {logging_mixin.py:151} INFO - [2023-09-13T19:17:51.980+0000] {dag.py:2915} INFO - Sync 1 DAGs
[2023-09-13T19:17:52.005+0000] {logging_mixin.py:151} INFO - [2023-09-13T19:17:52.005+0000] {dag.py:3696} INFO - Setting next_dagrun for example_short_circuit_decorator to 2023-09-12T19:17:52.004864+00:00, run_after=2023-09-13T19:17:52.004864+00:00
[2023-09-13T19:17:52.025+0000] {processor.py:179} INFO - Processing /home/airflow/.local/lib/python3.8/site-packages/airflow/example_dags/example_short_circuit_decorator.py took 0.104 seconds
[2023-09-13T19:18:22.118+0000] {processor.py:157} INFO - Started process (PID=316) to work on /home/airflow/.local/lib/python3.8/site-packages/airflow/example_dags/example_short_circuit_decorator.py
[2023-09-13T19:18:22.120+0000] {processor.py:829} INFO - Processing file /home/airflow/.local/lib/python3.8/site-packages/airflow/example_dags/example_short_circuit_decorator.py for tasks to queue
[2023-09-13T19:18:22.122+0000] {logging_mixin.py:151} INFO - [2023-09-13T19:18:22.121+0000] {dagbag.py:539} INFO - Filling up the DagBag from /home/airflow/.local/lib/python3.8/site-packages/airflow/example_dags/example_short_circuit_decorator.py
[2023-09-13T19:18:22.130+0000] {processor.py:839} INFO - DAG(s) dict_keys(['example_short_circuit_decorator']) retrieved from /home/airflow/.local/lib/python3.8/site-packages/airflow/example_dags/example_short_circuit_decorator.py
[2023-09-13T19:18:22.151+0000] {logging_mixin.py:151} INFO - [2023-09-13T19:18:22.151+0000] {dag.py:2915} INFO - Sync 1 DAGs
[2023-09-13T19:18:22.168+0000] {logging_mixin.py:151} INFO - [2023-09-13T19:18:22.168+0000] {dag.py:3696} INFO - Setting next_dagrun for example_short_circuit_decorator to 2023-09-12T19:18:22.168219+00:00, run_after=2023-09-13T19:18:22.168219+00:00
[2023-09-13T19:18:22.180+0000] {processor.py:179} INFO - Processing /home/airflow/.local/lib/python3.8/site-packages/airflow/example_dags/example_short_circuit_decorator.py took 0.065 seconds
[2023-09-13T19:18:52.408+0000] {processor.py:157} INFO - Started process (PID=370) to work on /home/airflow/.local/lib/python3.8/site-packages/airflow/example_dags/example_short_circuit_decorator.py
[2023-09-13T19:18:52.409+0000] {processor.py:829} INFO - Processing file /home/airflow/.local/lib/python3.8/site-packages/airflow/example_dags/example_short_circuit_decorator.py for tasks to queue
[2023-09-13T19:18:52.411+0000] {logging_mixin.py:151} INFO - [2023-09-13T19:18:52.411+0000] {dagbag.py:539} INFO - Filling up the DagBag from /home/airflow/.local/lib/python3.8/site-packages/airflow/example_dags/example_short_circuit_decorator.py
[2023-09-13T19:18:52.420+0000] {processor.py:839} INFO - DAG(s) dict_keys(['example_short_circuit_decorator']) retrieved from /home/airflow/.local/lib/python3.8/site-packages/airflow/example_dags/example_short_circuit_decorator.py
[2023-09-13T19:18:52.442+0000] {logging_mixin.py:151} INFO - [2023-09-13T19:18:52.441+0000] {dag.py:2915} INFO - Sync 1 DAGs
[2023-09-13T19:18:52.458+0000] {logging_mixin.py:151} INFO - [2023-09-13T19:18:52.458+0000] {dag.py:3696} INFO - Setting next_dagrun for example_short_circuit_decorator to 2023-09-12T19:18:52.458062+00:00, run_after=2023-09-13T19:18:52.458062+00:00
[2023-09-13T19:18:52.472+0000] {processor.py:179} INFO - Processing /home/airflow/.local/lib/python3.8/site-packages/airflow/example_dags/example_short_circuit_decorator.py took 0.067 seconds
[2023-09-13T19:19:22.844+0000] {processor.py:157} INFO - Started process (PID=425) to work on /home/airflow/.local/lib/python3.8/site-packages/airflow/example_dags/example_short_circuit_decorator.py
[2023-09-13T19:19:22.847+0000] {processor.py:829} INFO - Processing file /home/airflow/.local/lib/python3.8/site-packages/airflow/example_dags/example_short_circuit_decorator.py for tasks to queue
[2023-09-13T19:19:22.850+0000] {logging_mixin.py:151} INFO - [2023-09-13T19:19:22.849+0000] {dagbag.py:539} INFO - Filling up the DagBag from /home/airflow/.local/lib/python3.8/site-packages/airflow/example_dags/example_short_circuit_decorator.py
[2023-09-13T19:19:22.862+0000] {processor.py:839} INFO - DAG(s) dict_keys(['example_short_circuit_decorator']) retrieved from /home/airflow/.local/lib/python3.8/site-packages/airflow/example_dags/example_short_circuit_decorator.py
[2023-09-13T19:19:22.891+0000] {logging_mixin.py:151} INFO - [2023-09-13T19:19:22.890+0000] {dag.py:2915} INFO - Sync 1 DAGs
[2023-09-13T19:19:22.913+0000] {logging_mixin.py:151} INFO - [2023-09-13T19:19:22.913+0000] {dag.py:3696} INFO - Setting next_dagrun for example_short_circuit_decorator to 2023-09-12T19:19:22.912863+00:00, run_after=2023-09-13T19:19:22.912863+00:00
[2023-09-13T19:19:22.933+0000] {processor.py:179} INFO - Processing /home/airflow/.local/lib/python3.8/site-packages/airflow/example_dags/example_short_circuit_decorator.py took 0.093 seconds
[2023-09-13T19:19:52.976+0000] {processor.py:157} INFO - Started process (PID=479) to work on /home/airflow/.local/lib/python3.8/site-packages/airflow/example_dags/example_short_circuit_decorator.py
[2023-09-13T19:19:52.977+0000] {processor.py:829} INFO - Processing file /home/airflow/.local/lib/python3.8/site-packages/airflow/example_dags/example_short_circuit_decorator.py for tasks to queue
[2023-09-13T19:19:52.980+0000] {logging_mixin.py:151} INFO - [2023-09-13T19:19:52.979+0000] {dagbag.py:539} INFO - Filling up the DagBag from /home/airflow/.local/lib/python3.8/site-packages/airflow/example_dags/example_short_circuit_decorator.py
[2023-09-13T19:19:52.989+0000] {processor.py:839} INFO - DAG(s) dict_keys(['example_short_circuit_decorator']) retrieved from /home/airflow/.local/lib/python3.8/site-packages/airflow/example_dags/example_short_circuit_decorator.py
[2023-09-13T19:19:53.014+0000] {logging_mixin.py:151} INFO - [2023-09-13T19:19:53.013+0000] {dag.py:2915} INFO - Sync 1 DAGs
[2023-09-13T19:19:53.033+0000] {logging_mixin.py:151} INFO - [2023-09-13T19:19:53.033+0000] {dag.py:3696} INFO - Setting next_dagrun for example_short_circuit_decorator to 2023-09-12T19:19:53.032884+00:00, run_after=2023-09-13T19:19:53.032884+00:00
[2023-09-13T19:19:53.046+0000] {processor.py:179} INFO - Processing /home/airflow/.local/lib/python3.8/site-packages/airflow/example_dags/example_short_circuit_decorator.py took 0.074 seconds
[2023-09-13T19:20:23.372+0000] {processor.py:157} INFO - Started process (PID=532) to work on /home/airflow/.local/lib/python3.8/site-packages/airflow/example_dags/example_short_circuit_decorator.py
[2023-09-13T19:20:23.373+0000] {processor.py:829} INFO - Processing file /home/airflow/.local/lib/python3.8/site-packages/airflow/example_dags/example_short_circuit_decorator.py for tasks to queue
[2023-09-13T19:20:23.376+0000] {logging_mixin.py:151} INFO - [2023-09-13T19:20:23.375+0000] {dagbag.py:539} INFO - Filling up the DagBag from /home/airflow/.local/lib/python3.8/site-packages/airflow/example_dags/example_short_circuit_decorator.py
[2023-09-13T19:20:23.384+0000] {processor.py:839} INFO - DAG(s) dict_keys(['example_short_circuit_decorator']) retrieved from /home/airflow/.local/lib/python3.8/site-packages/airflow/example_dags/example_short_circuit_decorator.py
[2023-09-13T19:20:23.407+0000] {logging_mixin.py:151} INFO - [2023-09-13T19:20:23.407+0000] {dag.py:2915} INFO - Sync 1 DAGs
[2023-09-13T19:20:23.424+0000] {logging_mixin.py:151} INFO - [2023-09-13T19:20:23.424+0000] {dag.py:3696} INFO - Setting next_dagrun for example_short_circuit_decorator to 2023-09-12T19:20:23.424366+00:00, run_after=2023-09-13T19:20:23.424366+00:00
[2023-09-13T19:20:23.438+0000] {processor.py:179} INFO - Processing /home/airflow/.local/lib/python3.8/site-packages/airflow/example_dags/example_short_circuit_decorator.py took 0.069 seconds
[2023-09-13T19:20:53.835+0000] {processor.py:157} INFO - Started process (PID=586) to work on /home/airflow/.local/lib/python3.8/site-packages/airflow/example_dags/example_short_circuit_decorator.py
[2023-09-13T19:20:53.837+0000] {processor.py:829} INFO - Processing file /home/airflow/.local/lib/python3.8/site-packages/airflow/example_dags/example_short_circuit_decorator.py for tasks to queue
[2023-09-13T19:20:53.839+0000] {logging_mixin.py:151} INFO - [2023-09-13T19:20:53.839+0000] {dagbag.py:539} INFO - Filling up the DagBag from /home/airflow/.local/lib/python3.8/site-packages/airflow/example_dags/example_short_circuit_decorator.py
[2023-09-13T19:20:53.847+0000] {processor.py:839} INFO - DAG(s) dict_keys(['example_short_circuit_decorator']) retrieved from /home/airflow/.local/lib/python3.8/site-packages/airflow/example_dags/example_short_circuit_decorator.py
[2023-09-13T19:20:53.869+0000] {logging_mixin.py:151} INFO - [2023-09-13T19:20:53.869+0000] {dag.py:2915} INFO - Sync 1 DAGs
[2023-09-13T19:20:53.885+0000] {logging_mixin.py:151} INFO - [2023-09-13T19:20:53.885+0000] {dag.py:3696} INFO - Setting next_dagrun for example_short_circuit_decorator to 2023-09-12T19:20:53.885511+00:00, run_after=2023-09-13T19:20:53.885511+00:00
[2023-09-13T19:20:53.898+0000] {processor.py:179} INFO - Processing /home/airflow/.local/lib/python3.8/site-packages/airflow/example_dags/example_short_circuit_decorator.py took 0.066 seconds
[2023-09-13T19:21:24.094+0000] {processor.py:157} INFO - Started process (PID=640) to work on /home/airflow/.local/lib/python3.8/site-packages/airflow/example_dags/example_short_circuit_decorator.py
[2023-09-13T19:21:24.095+0000] {processor.py:829} INFO - Processing file /home/airflow/.local/lib/python3.8/site-packages/airflow/example_dags/example_short_circuit_decorator.py for tasks to queue
[2023-09-13T19:21:24.098+0000] {logging_mixin.py:151} INFO - [2023-09-13T19:21:24.098+0000] {dagbag.py:539} INFO - Filling up the DagBag from /home/airflow/.local/lib/python3.8/site-packages/airflow/example_dags/example_short_circuit_decorator.py
[2023-09-13T19:21:24.106+0000] {processor.py:839} INFO - DAG(s) dict_keys(['example_short_circuit_decorator']) retrieved from /home/airflow/.local/lib/python3.8/site-packages/airflow/example_dags/example_short_circuit_decorator.py
[2023-09-13T19:21:24.129+0000] {logging_mixin.py:151} INFO - [2023-09-13T19:21:24.129+0000] {dag.py:2915} INFO - Sync 1 DAGs
[2023-09-13T19:21:24.145+0000] {logging_mixin.py:151} INFO - [2023-09-13T19:21:24.145+0000] {dag.py:3696} INFO - Setting next_dagrun for example_short_circuit_decorator to 2023-09-12T19:21:24.145296+00:00, run_after=2023-09-13T19:21:24.145296+00:00
[2023-09-13T19:21:24.158+0000] {processor.py:179} INFO - Processing /home/airflow/.local/lib/python3.8/site-packages/airflow/example_dags/example_short_circuit_decorator.py took 0.067 seconds
[2023-09-13T19:21:54.696+0000] {processor.py:157} INFO - Started process (PID=694) to work on /home/airflow/.local/lib/python3.8/site-packages/airflow/example_dags/example_short_circuit_decorator.py
[2023-09-13T19:21:54.698+0000] {processor.py:829} INFO - Processing file /home/airflow/.local/lib/python3.8/site-packages/airflow/example_dags/example_short_circuit_decorator.py for tasks to queue
[2023-09-13T19:21:54.700+0000] {logging_mixin.py:151} INFO - [2023-09-13T19:21:54.700+0000] {dagbag.py:539} INFO - Filling up the DagBag from /home/airflow/.local/lib/python3.8/site-packages/airflow/example_dags/example_short_circuit_decorator.py
[2023-09-13T19:21:54.708+0000] {processor.py:839} INFO - DAG(s) dict_keys(['example_short_circuit_decorator']) retrieved from /home/airflow/.local/lib/python3.8/site-packages/airflow/example_dags/example_short_circuit_decorator.py
[2023-09-13T19:21:54.732+0000] {logging_mixin.py:151} INFO - [2023-09-13T19:21:54.732+0000] {dag.py:2915} INFO - Sync 1 DAGs
[2023-09-13T19:21:54.749+0000] {logging_mixin.py:151} INFO - [2023-09-13T19:21:54.748+0000] {dag.py:3696} INFO - Setting next_dagrun for example_short_circuit_decorator to 2023-09-12T19:21:54.748641+00:00, run_after=2023-09-13T19:21:54.748641+00:00
[2023-09-13T19:21:54.760+0000] {processor.py:179} INFO - Processing /home/airflow/.local/lib/python3.8/site-packages/airflow/example_dags/example_short_circuit_decorator.py took 0.068 seconds
[2023-09-13T19:22:25.447+0000] {processor.py:157} INFO - Started process (PID=748) to work on /home/airflow/.local/lib/python3.8/site-packages/airflow/example_dags/example_short_circuit_decorator.py
[2023-09-13T19:22:25.448+0000] {processor.py:829} INFO - Processing file /home/airflow/.local/lib/python3.8/site-packages/airflow/example_dags/example_short_circuit_decorator.py for tasks to queue
[2023-09-13T19:22:25.450+0000] {logging_mixin.py:151} INFO - [2023-09-13T19:22:25.450+0000] {dagbag.py:539} INFO - Filling up the DagBag from /home/airflow/.local/lib/python3.8/site-packages/airflow/example_dags/example_short_circuit_decorator.py
[2023-09-13T19:22:25.459+0000] {processor.py:839} INFO - DAG(s) dict_keys(['example_short_circuit_decorator']) retrieved from /home/airflow/.local/lib/python3.8/site-packages/airflow/example_dags/example_short_circuit_decorator.py
[2023-09-13T19:22:25.481+0000] {logging_mixin.py:151} INFO - [2023-09-13T19:22:25.481+0000] {dag.py:2915} INFO - Sync 1 DAGs
[2023-09-13T19:22:25.497+0000] {logging_mixin.py:151} INFO - [2023-09-13T19:22:25.497+0000] {dag.py:3696} INFO - Setting next_dagrun for example_short_circuit_decorator to 2023-09-12T19:22:25.497216+00:00, run_after=2023-09-13T19:22:25.497216+00:00
[2023-09-13T19:22:25.509+0000] {processor.py:179} INFO - Processing /home/airflow/.local/lib/python3.8/site-packages/airflow/example_dags/example_short_circuit_decorator.py took 0.066 seconds
[2023-09-13T19:22:55.835+0000] {processor.py:157} INFO - Started process (PID=802) to work on /home/airflow/.local/lib/python3.8/site-packages/airflow/example_dags/example_short_circuit_decorator.py
[2023-09-13T19:22:55.836+0000] {processor.py:829} INFO - Processing file /home/airflow/.local/lib/python3.8/site-packages/airflow/example_dags/example_short_circuit_decorator.py for tasks to queue
[2023-09-13T19:22:55.839+0000] {logging_mixin.py:151} INFO - [2023-09-13T19:22:55.838+0000] {dagbag.py:539} INFO - Filling up the DagBag from /home/airflow/.local/lib/python3.8/site-packages/airflow/example_dags/example_short_circuit_decorator.py
[2023-09-13T19:22:55.849+0000] {processor.py:839} INFO - DAG(s) dict_keys(['example_short_circuit_decorator']) retrieved from /home/airflow/.local/lib/python3.8/site-packages/airflow/example_dags/example_short_circuit_decorator.py
[2023-09-13T19:22:55.873+0000] {logging_mixin.py:151} INFO - [2023-09-13T19:22:55.872+0000] {dag.py:2915} INFO - Sync 1 DAGs
[2023-09-13T19:22:55.891+0000] {logging_mixin.py:151} INFO - [2023-09-13T19:22:55.891+0000] {dag.py:3696} INFO - Setting next_dagrun for example_short_circuit_decorator to 2023-09-12T19:22:55.891191+00:00, run_after=2023-09-13T19:22:55.891191+00:00
[2023-09-13T19:22:55.904+0000] {processor.py:179} INFO - Processing /home/airflow/.local/lib/python3.8/site-packages/airflow/example_dags/example_short_circuit_decorator.py took 0.072 seconds
[2023-09-13T19:23:26.120+0000] {processor.py:157} INFO - Started process (PID=856) to work on /home/airflow/.local/lib/python3.8/site-packages/airflow/example_dags/example_short_circuit_decorator.py
[2023-09-13T19:23:26.121+0000] {processor.py:829} INFO - Processing file /home/airflow/.local/lib/python3.8/site-packages/airflow/example_dags/example_short_circuit_decorator.py for tasks to queue
[2023-09-13T19:23:26.124+0000] {logging_mixin.py:151} INFO - [2023-09-13T19:23:26.124+0000] {dagbag.py:539} INFO - Filling up the DagBag from /home/airflow/.local/lib/python3.8/site-packages/airflow/example_dags/example_short_circuit_decorator.py
[2023-09-13T19:23:26.132+0000] {processor.py:839} INFO - DAG(s) dict_keys(['example_short_circuit_decorator']) retrieved from /home/airflow/.local/lib/python3.8/site-packages/airflow/example_dags/example_short_circuit_decorator.py
[2023-09-13T19:23:26.154+0000] {logging_mixin.py:151} INFO - [2023-09-13T19:23:26.154+0000] {dag.py:2915} INFO - Sync 1 DAGs
[2023-09-13T19:23:26.170+0000] {logging_mixin.py:151} INFO - [2023-09-13T19:23:26.170+0000] {dag.py:3696} INFO - Setting next_dagrun for example_short_circuit_decorator to 2023-09-12T19:23:26.170529+00:00, run_after=2023-09-13T19:23:26.170529+00:00
[2023-09-13T19:23:26.183+0000] {processor.py:179} INFO - Processing /home/airflow/.local/lib/python3.8/site-packages/airflow/example_dags/example_short_circuit_decorator.py took 0.067 seconds
[2023-09-13T19:23:56.436+0000] {processor.py:157} INFO - Started process (PID=910) to work on /home/airflow/.local/lib/python3.8/site-packages/airflow/example_dags/example_short_circuit_decorator.py
[2023-09-13T19:23:56.438+0000] {processor.py:829} INFO - Processing file /home/airflow/.local/lib/python3.8/site-packages/airflow/example_dags/example_short_circuit_decorator.py for tasks to queue
[2023-09-13T19:23:56.443+0000] {logging_mixin.py:151} INFO - [2023-09-13T19:23:56.442+0000] {dagbag.py:539} INFO - Filling up the DagBag from /home/airflow/.local/lib/python3.8/site-packages/airflow/example_dags/example_short_circuit_decorator.py
[2023-09-13T19:23:56.458+0000] {processor.py:839} INFO - DAG(s) dict_keys(['example_short_circuit_decorator']) retrieved from /home/airflow/.local/lib/python3.8/site-packages/airflow/example_dags/example_short_circuit_decorator.py
[2023-09-13T19:23:56.495+0000] {logging_mixin.py:151} INFO - [2023-09-13T19:23:56.494+0000] {dag.py:2915} INFO - Sync 1 DAGs
[2023-09-13T19:23:56.526+0000] {logging_mixin.py:151} INFO - [2023-09-13T19:23:56.526+0000] {dag.py:3696} INFO - Setting next_dagrun for example_short_circuit_decorator to 2023-09-12T19:23:56.525911+00:00, run_after=2023-09-13T19:23:56.525911+00:00
[2023-09-13T19:23:56.549+0000] {processor.py:179} INFO - Processing /home/airflow/.local/lib/python3.8/site-packages/airflow/example_dags/example_short_circuit_decorator.py took 0.118 seconds
[2023-09-13T19:24:27.484+0000] {processor.py:157} INFO - Started process (PID=964) to work on /home/airflow/.local/lib/python3.8/site-packages/airflow/example_dags/example_short_circuit_decorator.py
[2023-09-13T19:24:27.486+0000] {processor.py:829} INFO - Processing file /home/airflow/.local/lib/python3.8/site-packages/airflow/example_dags/example_short_circuit_decorator.py for tasks to queue
[2023-09-13T19:24:27.489+0000] {logging_mixin.py:151} INFO - [2023-09-13T19:24:27.489+0000] {dagbag.py:539} INFO - Filling up the DagBag from /home/airflow/.local/lib/python3.8/site-packages/airflow/example_dags/example_short_circuit_decorator.py
[2023-09-13T19:24:27.498+0000] {processor.py:839} INFO - DAG(s) dict_keys(['example_short_circuit_decorator']) retrieved from /home/airflow/.local/lib/python3.8/site-packages/airflow/example_dags/example_short_circuit_decorator.py
[2023-09-13T19:24:27.522+0000] {logging_mixin.py:151} INFO - [2023-09-13T19:24:27.522+0000] {dag.py:2915} INFO - Sync 1 DAGs
[2023-09-13T19:24:27.543+0000] {logging_mixin.py:151} INFO - [2023-09-13T19:24:27.543+0000] {dag.py:3696} INFO - Setting next_dagrun for example_short_circuit_decorator to 2023-09-12T19:24:27.543058+00:00, run_after=2023-09-13T19:24:27.543058+00:00
[2023-09-13T19:24:27.557+0000] {processor.py:179} INFO - Processing /home/airflow/.local/lib/python3.8/site-packages/airflow/example_dags/example_short_circuit_decorator.py took 0.077 seconds
[2023-09-13T19:24:57.793+0000] {processor.py:157} INFO - Started process (PID=1019) to work on /home/airflow/.local/lib/python3.8/site-packages/airflow/example_dags/example_short_circuit_decorator.py
[2023-09-13T19:24:57.794+0000] {processor.py:829} INFO - Processing file /home/airflow/.local/lib/python3.8/site-packages/airflow/example_dags/example_short_circuit_decorator.py for tasks to queue
[2023-09-13T19:24:57.797+0000] {logging_mixin.py:151} INFO - [2023-09-13T19:24:57.796+0000] {dagbag.py:539} INFO - Filling up the DagBag from /home/airflow/.local/lib/python3.8/site-packages/airflow/example_dags/example_short_circuit_decorator.py
[2023-09-13T19:24:57.805+0000] {processor.py:839} INFO - DAG(s) dict_keys(['example_short_circuit_decorator']) retrieved from /home/airflow/.local/lib/python3.8/site-packages/airflow/example_dags/example_short_circuit_decorator.py
[2023-09-13T19:24:57.828+0000] {logging_mixin.py:151} INFO - [2023-09-13T19:24:57.828+0000] {dag.py:2915} INFO - Sync 1 DAGs
[2023-09-13T19:24:57.844+0000] {logging_mixin.py:151} INFO - [2023-09-13T19:24:57.844+0000] {dag.py:3696} INFO - Setting next_dagrun for example_short_circuit_decorator to 2023-09-12T19:24:57.844394+00:00, run_after=2023-09-13T19:24:57.844394+00:00
[2023-09-13T19:24:57.856+0000] {processor.py:179} INFO - Processing /home/airflow/.local/lib/python3.8/site-packages/airflow/example_dags/example_short_circuit_decorator.py took 0.067 seconds
[2023-09-13T19:25:28.014+0000] {processor.py:157} INFO - Started process (PID=1072) to work on /home/airflow/.local/lib/python3.8/site-packages/airflow/example_dags/example_short_circuit_decorator.py
[2023-09-13T19:25:28.016+0000] {processor.py:829} INFO - Processing file /home/airflow/.local/lib/python3.8/site-packages/airflow/example_dags/example_short_circuit_decorator.py for tasks to queue
[2023-09-13T19:25:28.018+0000] {logging_mixin.py:151} INFO - [2023-09-13T19:25:28.018+0000] {dagbag.py:539} INFO - Filling up the DagBag from /home/airflow/.local/lib/python3.8/site-packages/airflow/example_dags/example_short_circuit_decorator.py
[2023-09-13T19:25:28.027+0000] {processor.py:839} INFO - DAG(s) dict_keys(['example_short_circuit_decorator']) retrieved from /home/airflow/.local/lib/python3.8/site-packages/airflow/example_dags/example_short_circuit_decorator.py
[2023-09-13T19:25:28.050+0000] {logging_mixin.py:151} INFO - [2023-09-13T19:25:28.050+0000] {dag.py:2915} INFO - Sync 1 DAGs
[2023-09-13T19:25:28.068+0000] {logging_mixin.py:151} INFO - [2023-09-13T19:25:28.067+0000] {dag.py:3696} INFO - Setting next_dagrun for example_short_circuit_decorator to 2023-09-12T19:25:28.067695+00:00, run_after=2023-09-13T19:25:28.067695+00:00
[2023-09-13T19:25:28.085+0000] {processor.py:179} INFO - Processing /home/airflow/.local/lib/python3.8/site-packages/airflow/example_dags/example_short_circuit_decorator.py took 0.074 seconds
[2023-09-13T19:25:59.007+0000] {processor.py:157} INFO - Started process (PID=1127) to work on /home/airflow/.local/lib/python3.8/site-packages/airflow/example_dags/example_short_circuit_decorator.py
[2023-09-13T19:25:59.008+0000] {processor.py:829} INFO - Processing file /home/airflow/.local/lib/python3.8/site-packages/airflow/example_dags/example_short_circuit_decorator.py for tasks to queue
[2023-09-13T19:25:59.011+0000] {logging_mixin.py:151} INFO - [2023-09-13T19:25:59.011+0000] {dagbag.py:539} INFO - Filling up the DagBag from /home/airflow/.local/lib/python3.8/site-packages/airflow/example_dags/example_short_circuit_decorator.py
[2023-09-13T19:25:59.019+0000] {processor.py:839} INFO - DAG(s) dict_keys(['example_short_circuit_decorator']) retrieved from /home/airflow/.local/lib/python3.8/site-packages/airflow/example_dags/example_short_circuit_decorator.py
[2023-09-13T19:25:59.040+0000] {logging_mixin.py:151} INFO - [2023-09-13T19:25:59.040+0000] {dag.py:2915} INFO - Sync 1 DAGs
[2023-09-13T19:25:59.056+0000] {logging_mixin.py:151} INFO - [2023-09-13T19:25:59.056+0000] {dag.py:3696} INFO - Setting next_dagrun for example_short_circuit_decorator to 2023-09-12T19:25:59.055741+00:00, run_after=2023-09-13T19:25:59.055741+00:00
[2023-09-13T19:25:59.068+0000] {processor.py:179} INFO - Processing /home/airflow/.local/lib/python3.8/site-packages/airflow/example_dags/example_short_circuit_decorator.py took 0.064 seconds
[2023-09-13T19:26:29.271+0000] {processor.py:157} INFO - Started process (PID=1183) to work on /home/airflow/.local/lib/python3.8/site-packages/airflow/example_dags/example_short_circuit_decorator.py
[2023-09-13T19:26:29.273+0000] {processor.py:829} INFO - Processing file /home/airflow/.local/lib/python3.8/site-packages/airflow/example_dags/example_short_circuit_decorator.py for tasks to queue
[2023-09-13T19:26:29.275+0000] {logging_mixin.py:151} INFO - [2023-09-13T19:26:29.275+0000] {dagbag.py:539} INFO - Filling up the DagBag from /home/airflow/.local/lib/python3.8/site-packages/airflow/example_dags/example_short_circuit_decorator.py
[2023-09-13T19:26:29.283+0000] {processor.py:839} INFO - DAG(s) dict_keys(['example_short_circuit_decorator']) retrieved from /home/airflow/.local/lib/python3.8/site-packages/airflow/example_dags/example_short_circuit_decorator.py
[2023-09-13T19:26:29.304+0000] {logging_mixin.py:151} INFO - [2023-09-13T19:26:29.304+0000] {dag.py:2915} INFO - Sync 1 DAGs
[2023-09-13T19:26:29.321+0000] {logging_mixin.py:151} INFO - [2023-09-13T19:26:29.320+0000] {dag.py:3696} INFO - Setting next_dagrun for example_short_circuit_decorator to 2023-09-12T19:26:29.320736+00:00, run_after=2023-09-13T19:26:29.320736+00:00
[2023-09-13T19:26:29.333+0000] {processor.py:179} INFO - Processing /home/airflow/.local/lib/python3.8/site-packages/airflow/example_dags/example_short_circuit_decorator.py took 0.065 seconds
[2023-09-13T19:26:59.818+0000] {processor.py:157} INFO - Started process (PID=1239) to work on /home/airflow/.local/lib/python3.8/site-packages/airflow/example_dags/example_short_circuit_decorator.py
[2023-09-13T19:26:59.819+0000] {processor.py:829} INFO - Processing file /home/airflow/.local/lib/python3.8/site-packages/airflow/example_dags/example_short_circuit_decorator.py for tasks to queue
[2023-09-13T19:26:59.822+0000] {logging_mixin.py:151} INFO - [2023-09-13T19:26:59.821+0000] {dagbag.py:539} INFO - Filling up the DagBag from /home/airflow/.local/lib/python3.8/site-packages/airflow/example_dags/example_short_circuit_decorator.py
[2023-09-13T19:26:59.830+0000] {processor.py:839} INFO - DAG(s) dict_keys(['example_short_circuit_decorator']) retrieved from /home/airflow/.local/lib/python3.8/site-packages/airflow/example_dags/example_short_circuit_decorator.py
[2023-09-13T19:26:59.852+0000] {logging_mixin.py:151} INFO - [2023-09-13T19:26:59.852+0000] {dag.py:2915} INFO - Sync 1 DAGs
[2023-09-13T19:26:59.868+0000] {logging_mixin.py:151} INFO - [2023-09-13T19:26:59.868+0000] {dag.py:3696} INFO - Setting next_dagrun for example_short_circuit_decorator to 2023-09-12T19:26:59.868028+00:00, run_after=2023-09-13T19:26:59.868028+00:00
[2023-09-13T19:26:59.881+0000] {processor.py:179} INFO - Processing /home/airflow/.local/lib/python3.8/site-packages/airflow/example_dags/example_short_circuit_decorator.py took 0.067 seconds
[2023-09-13T19:28:14.739+0000] {processor.py:157} INFO - Started process (PID=48) to work on /home/airflow/.local/lib/python3.8/site-packages/airflow/example_dags/example_short_circuit_decorator.py
[2023-09-13T19:28:14.742+0000] {processor.py:829} INFO - Processing file /home/airflow/.local/lib/python3.8/site-packages/airflow/example_dags/example_short_circuit_decorator.py for tasks to queue
[2023-09-13T19:28:14.748+0000] {logging_mixin.py:151} INFO - [2023-09-13T19:28:14.748+0000] {dagbag.py:539} INFO - Filling up the DagBag from /home/airflow/.local/lib/python3.8/site-packages/airflow/example_dags/example_short_circuit_decorator.py
[2023-09-13T19:28:14.771+0000] {processor.py:839} INFO - DAG(s) dict_keys(['example_short_circuit_decorator']) retrieved from /home/airflow/.local/lib/python3.8/site-packages/airflow/example_dags/example_short_circuit_decorator.py
[2023-09-13T19:28:14.800+0000] {logging_mixin.py:151} INFO - [2023-09-13T19:28:14.800+0000] {dag.py:2915} INFO - Sync 1 DAGs
[2023-09-13T19:28:14.856+0000] {logging_mixin.py:151} INFO - [2023-09-13T19:28:14.856+0000] {dag.py:3696} INFO - Setting next_dagrun for example_short_circuit_decorator to 2023-09-12T19:28:14.855548+00:00, run_after=2023-09-13T19:28:14.855548+00:00
[2023-09-13T19:28:14.915+0000] {processor.py:179} INFO - Processing /home/airflow/.local/lib/python3.8/site-packages/airflow/example_dags/example_short_circuit_decorator.py took 0.180 seconds
[2023-09-13T19:28:45.569+0000] {processor.py:157} INFO - Started process (PID=103) to work on /home/airflow/.local/lib/python3.8/site-packages/airflow/example_dags/example_short_circuit_decorator.py
[2023-09-13T19:28:45.571+0000] {processor.py:829} INFO - Processing file /home/airflow/.local/lib/python3.8/site-packages/airflow/example_dags/example_short_circuit_decorator.py for tasks to queue
[2023-09-13T19:28:45.573+0000] {logging_mixin.py:151} INFO - [2023-09-13T19:28:45.573+0000] {dagbag.py:539} INFO - Filling up the DagBag from /home/airflow/.local/lib/python3.8/site-packages/airflow/example_dags/example_short_circuit_decorator.py
[2023-09-13T19:28:45.582+0000] {processor.py:839} INFO - DAG(s) dict_keys(['example_short_circuit_decorator']) retrieved from /home/airflow/.local/lib/python3.8/site-packages/airflow/example_dags/example_short_circuit_decorator.py
[2023-09-13T19:28:45.604+0000] {logging_mixin.py:151} INFO - [2023-09-13T19:28:45.604+0000] {dag.py:2915} INFO - Sync 1 DAGs
[2023-09-13T19:28:45.621+0000] {logging_mixin.py:151} INFO - [2023-09-13T19:28:45.621+0000] {dag.py:3696} INFO - Setting next_dagrun for example_short_circuit_decorator to 2023-09-12T19:28:45.620974+00:00, run_after=2023-09-13T19:28:45.620974+00:00
[2023-09-13T19:28:45.633+0000] {processor.py:179} INFO - Processing /home/airflow/.local/lib/python3.8/site-packages/airflow/example_dags/example_short_circuit_decorator.py took 0.068 seconds
[2023-09-13T19:29:15.976+0000] {processor.py:157} INFO - Started process (PID=158) to work on /home/airflow/.local/lib/python3.8/site-packages/airflow/example_dags/example_short_circuit_decorator.py
[2023-09-13T19:29:15.979+0000] {processor.py:829} INFO - Processing file /home/airflow/.local/lib/python3.8/site-packages/airflow/example_dags/example_short_circuit_decorator.py for tasks to queue
[2023-09-13T19:29:15.982+0000] {logging_mixin.py:151} INFO - [2023-09-13T19:29:15.981+0000] {dagbag.py:539} INFO - Filling up the DagBag from /home/airflow/.local/lib/python3.8/site-packages/airflow/example_dags/example_short_circuit_decorator.py
[2023-09-13T19:29:15.991+0000] {processor.py:839} INFO - DAG(s) dict_keys(['example_short_circuit_decorator']) retrieved from /home/airflow/.local/lib/python3.8/site-packages/airflow/example_dags/example_short_circuit_decorator.py
[2023-09-13T19:29:16.016+0000] {logging_mixin.py:151} INFO - [2023-09-13T19:29:16.016+0000] {dag.py:2915} INFO - Sync 1 DAGs
[2023-09-13T19:29:16.034+0000] {logging_mixin.py:151} INFO - [2023-09-13T19:29:16.034+0000] {dag.py:3696} INFO - Setting next_dagrun for example_short_circuit_decorator to 2023-09-12T19:29:16.034487+00:00, run_after=2023-09-13T19:29:16.034487+00:00
[2023-09-13T19:29:16.048+0000] {processor.py:179} INFO - Processing /home/airflow/.local/lib/python3.8/site-packages/airflow/example_dags/example_short_circuit_decorator.py took 0.076 seconds
[2023-09-13T19:29:46.371+0000] {processor.py:157} INFO - Started process (PID=212) to work on /home/airflow/.local/lib/python3.8/site-packages/airflow/example_dags/example_short_circuit_decorator.py
[2023-09-13T19:29:46.372+0000] {processor.py:829} INFO - Processing file /home/airflow/.local/lib/python3.8/site-packages/airflow/example_dags/example_short_circuit_decorator.py for tasks to queue
[2023-09-13T19:29:46.375+0000] {logging_mixin.py:151} INFO - [2023-09-13T19:29:46.375+0000] {dagbag.py:539} INFO - Filling up the DagBag from /home/airflow/.local/lib/python3.8/site-packages/airflow/example_dags/example_short_circuit_decorator.py
[2023-09-13T19:29:46.384+0000] {processor.py:839} INFO - DAG(s) dict_keys(['example_short_circuit_decorator']) retrieved from /home/airflow/.local/lib/python3.8/site-packages/airflow/example_dags/example_short_circuit_decorator.py
[2023-09-13T19:29:46.407+0000] {logging_mixin.py:151} INFO - [2023-09-13T19:29:46.407+0000] {dag.py:2915} INFO - Sync 1 DAGs
[2023-09-13T19:29:46.423+0000] {logging_mixin.py:151} INFO - [2023-09-13T19:29:46.423+0000] {dag.py:3696} INFO - Setting next_dagrun for example_short_circuit_decorator to 2023-09-12T19:29:46.423177+00:00, run_after=2023-09-13T19:29:46.423177+00:00
[2023-09-13T19:29:46.437+0000] {processor.py:179} INFO - Processing /home/airflow/.local/lib/python3.8/site-packages/airflow/example_dags/example_short_circuit_decorator.py took 0.070 seconds
[2023-09-13T19:30:16.526+0000] {processor.py:157} INFO - Started process (PID=266) to work on /home/airflow/.local/lib/python3.8/site-packages/airflow/example_dags/example_short_circuit_decorator.py
[2023-09-13T19:30:16.527+0000] {processor.py:829} INFO - Processing file /home/airflow/.local/lib/python3.8/site-packages/airflow/example_dags/example_short_circuit_decorator.py for tasks to queue
[2023-09-13T19:30:16.530+0000] {logging_mixin.py:151} INFO - [2023-09-13T19:30:16.530+0000] {dagbag.py:539} INFO - Filling up the DagBag from /home/airflow/.local/lib/python3.8/site-packages/airflow/example_dags/example_short_circuit_decorator.py
[2023-09-13T19:30:16.539+0000] {processor.py:839} INFO - DAG(s) dict_keys(['example_short_circuit_decorator']) retrieved from /home/airflow/.local/lib/python3.8/site-packages/airflow/example_dags/example_short_circuit_decorator.py
[2023-09-13T19:30:16.566+0000] {logging_mixin.py:151} INFO - [2023-09-13T19:30:16.566+0000] {dag.py:2915} INFO - Sync 1 DAGs
[2023-09-13T19:30:16.584+0000] {logging_mixin.py:151} INFO - [2023-09-13T19:30:16.584+0000] {dag.py:3696} INFO - Setting next_dagrun for example_short_circuit_decorator to 2023-09-12T19:30:16.584183+00:00, run_after=2023-09-13T19:30:16.584183+00:00
[2023-09-13T19:30:16.597+0000] {processor.py:179} INFO - Processing /home/airflow/.local/lib/python3.8/site-packages/airflow/example_dags/example_short_circuit_decorator.py took 0.076 seconds
[2023-09-13T19:31:30.340+0000] {processor.py:157} INFO - Started process (PID=49) to work on /home/airflow/.local/lib/python3.8/site-packages/airflow/example_dags/example_short_circuit_decorator.py
[2023-09-13T19:31:30.351+0000] {processor.py:829} INFO - Processing file /home/airflow/.local/lib/python3.8/site-packages/airflow/example_dags/example_short_circuit_decorator.py for tasks to queue
[2023-09-13T19:31:30.361+0000] {logging_mixin.py:151} INFO - [2023-09-13T19:31:30.360+0000] {dagbag.py:539} INFO - Filling up the DagBag from /home/airflow/.local/lib/python3.8/site-packages/airflow/example_dags/example_short_circuit_decorator.py
[2023-09-13T19:31:30.398+0000] {processor.py:839} INFO - DAG(s) dict_keys(['example_short_circuit_decorator']) retrieved from /home/airflow/.local/lib/python3.8/site-packages/airflow/example_dags/example_short_circuit_decorator.py
[2023-09-13T19:31:30.445+0000] {logging_mixin.py:151} INFO - [2023-09-13T19:31:30.445+0000] {dag.py:2915} INFO - Sync 1 DAGs
[2023-09-13T19:31:30.499+0000] {logging_mixin.py:151} INFO - [2023-09-13T19:31:30.499+0000] {dag.py:3696} INFO - Setting next_dagrun for example_short_circuit_decorator to 2023-09-12T19:31:30.498547+00:00, run_after=2023-09-13T19:31:30.498547+00:00
[2023-09-13T19:31:30.545+0000] {processor.py:179} INFO - Processing /home/airflow/.local/lib/python3.8/site-packages/airflow/example_dags/example_short_circuit_decorator.py took 0.217 seconds
[2023-09-13T19:32:00.941+0000] {processor.py:157} INFO - Started process (PID=104) to work on /home/airflow/.local/lib/python3.8/site-packages/airflow/example_dags/example_short_circuit_decorator.py
[2023-09-13T19:32:00.942+0000] {processor.py:829} INFO - Processing file /home/airflow/.local/lib/python3.8/site-packages/airflow/example_dags/example_short_circuit_decorator.py for tasks to queue
[2023-09-13T19:32:00.945+0000] {logging_mixin.py:151} INFO - [2023-09-13T19:32:00.944+0000] {dagbag.py:539} INFO - Filling up the DagBag from /home/airflow/.local/lib/python3.8/site-packages/airflow/example_dags/example_short_circuit_decorator.py
[2023-09-13T19:32:00.955+0000] {processor.py:839} INFO - DAG(s) dict_keys(['example_short_circuit_decorator']) retrieved from /home/airflow/.local/lib/python3.8/site-packages/airflow/example_dags/example_short_circuit_decorator.py
[2023-09-13T19:32:00.981+0000] {logging_mixin.py:151} INFO - [2023-09-13T19:32:00.981+0000] {dag.py:2915} INFO - Sync 1 DAGs
[2023-09-13T19:32:01.003+0000] {logging_mixin.py:151} INFO - [2023-09-13T19:32:01.002+0000] {dag.py:3696} INFO - Setting next_dagrun for example_short_circuit_decorator to 2023-09-12T19:32:01.002397+00:00, run_after=2023-09-13T19:32:01.002397+00:00
[2023-09-13T19:32:01.019+0000] {processor.py:179} INFO - Processing /home/airflow/.local/lib/python3.8/site-packages/airflow/example_dags/example_short_circuit_decorator.py took 0.082 seconds
[2023-09-13T19:32:31.442+0000] {processor.py:157} INFO - Started process (PID=158) to work on /home/airflow/.local/lib/python3.8/site-packages/airflow/example_dags/example_short_circuit_decorator.py
[2023-09-13T19:32:31.444+0000] {processor.py:829} INFO - Processing file /home/airflow/.local/lib/python3.8/site-packages/airflow/example_dags/example_short_circuit_decorator.py for tasks to queue
[2023-09-13T19:32:31.446+0000] {logging_mixin.py:151} INFO - [2023-09-13T19:32:31.446+0000] {dagbag.py:539} INFO - Filling up the DagBag from /home/airflow/.local/lib/python3.8/site-packages/airflow/example_dags/example_short_circuit_decorator.py
[2023-09-13T19:32:31.455+0000] {processor.py:839} INFO - DAG(s) dict_keys(['example_short_circuit_decorator']) retrieved from /home/airflow/.local/lib/python3.8/site-packages/airflow/example_dags/example_short_circuit_decorator.py
[2023-09-13T19:32:31.479+0000] {logging_mixin.py:151} INFO - [2023-09-13T19:32:31.479+0000] {dag.py:2915} INFO - Sync 1 DAGs
[2023-09-13T19:32:31.499+0000] {logging_mixin.py:151} INFO - [2023-09-13T19:32:31.499+0000] {dag.py:3696} INFO - Setting next_dagrun for example_short_circuit_decorator to 2023-09-12T19:32:31.499488+00:00, run_after=2023-09-13T19:32:31.499488+00:00
[2023-09-13T19:32:31.513+0000] {processor.py:179} INFO - Processing /home/airflow/.local/lib/python3.8/site-packages/airflow/example_dags/example_short_circuit_decorator.py took 0.075 seconds
[2023-09-13T19:33:01.594+0000] {processor.py:157} INFO - Started process (PID=213) to work on /home/airflow/.local/lib/python3.8/site-packages/airflow/example_dags/example_short_circuit_decorator.py
[2023-09-13T19:33:01.600+0000] {processor.py:829} INFO - Processing file /home/airflow/.local/lib/python3.8/site-packages/airflow/example_dags/example_short_circuit_decorator.py for tasks to queue
[2023-09-13T19:33:01.602+0000] {logging_mixin.py:151} INFO - [2023-09-13T19:33:01.602+0000] {dagbag.py:539} INFO - Filling up the DagBag from /home/airflow/.local/lib/python3.8/site-packages/airflow/example_dags/example_short_circuit_decorator.py
[2023-09-13T19:33:01.610+0000] {processor.py:839} INFO - DAG(s) dict_keys(['example_short_circuit_decorator']) retrieved from /home/airflow/.local/lib/python3.8/site-packages/airflow/example_dags/example_short_circuit_decorator.py
[2023-09-13T19:33:01.633+0000] {logging_mixin.py:151} INFO - [2023-09-13T19:33:01.633+0000] {dag.py:2915} INFO - Sync 1 DAGs
[2023-09-13T19:33:01.650+0000] {logging_mixin.py:151} INFO - [2023-09-13T19:33:01.650+0000] {dag.py:3696} INFO - Setting next_dagrun for example_short_circuit_decorator to 2023-09-12T19:33:01.649820+00:00, run_after=2023-09-13T19:33:01.649820+00:00
[2023-09-13T19:33:01.662+0000] {processor.py:179} INFO - Processing /home/airflow/.local/lib/python3.8/site-packages/airflow/example_dags/example_short_circuit_decorator.py took 0.072 seconds
[2023-09-13T19:33:31.806+0000] {processor.py:157} INFO - Started process (PID=268) to work on /home/airflow/.local/lib/python3.8/site-packages/airflow/example_dags/example_short_circuit_decorator.py
[2023-09-13T19:33:31.809+0000] {processor.py:829} INFO - Processing file /home/airflow/.local/lib/python3.8/site-packages/airflow/example_dags/example_short_circuit_decorator.py for tasks to queue
[2023-09-13T19:33:31.814+0000] {logging_mixin.py:151} INFO - [2023-09-13T19:33:31.813+0000] {dagbag.py:539} INFO - Filling up the DagBag from /home/airflow/.local/lib/python3.8/site-packages/airflow/example_dags/example_short_circuit_decorator.py
[2023-09-13T19:33:31.828+0000] {processor.py:839} INFO - DAG(s) dict_keys(['example_short_circuit_decorator']) retrieved from /home/airflow/.local/lib/python3.8/site-packages/airflow/example_dags/example_short_circuit_decorator.py
[2023-09-13T19:33:31.870+0000] {logging_mixin.py:151} INFO - [2023-09-13T19:33:31.869+0000] {dag.py:2915} INFO - Sync 1 DAGs
[2023-09-13T19:33:31.909+0000] {logging_mixin.py:151} INFO - [2023-09-13T19:33:31.908+0000] {dag.py:3696} INFO - Setting next_dagrun for example_short_circuit_decorator to 2023-09-12T19:33:31.907416+00:00, run_after=2023-09-13T19:33:31.907416+00:00
[2023-09-13T19:33:31.946+0000] {processor.py:179} INFO - Processing /home/airflow/.local/lib/python3.8/site-packages/airflow/example_dags/example_short_circuit_decorator.py took 0.149 seconds
[2023-09-13T19:34:02.494+0000] {processor.py:157} INFO - Started process (PID=323) to work on /home/airflow/.local/lib/python3.8/site-packages/airflow/example_dags/example_short_circuit_decorator.py
[2023-09-13T19:34:02.495+0000] {processor.py:829} INFO - Processing file /home/airflow/.local/lib/python3.8/site-packages/airflow/example_dags/example_short_circuit_decorator.py for tasks to queue
[2023-09-13T19:34:02.498+0000] {logging_mixin.py:151} INFO - [2023-09-13T19:34:02.497+0000] {dagbag.py:539} INFO - Filling up the DagBag from /home/airflow/.local/lib/python3.8/site-packages/airflow/example_dags/example_short_circuit_decorator.py
[2023-09-13T19:34:02.506+0000] {processor.py:839} INFO - DAG(s) dict_keys(['example_short_circuit_decorator']) retrieved from /home/airflow/.local/lib/python3.8/site-packages/airflow/example_dags/example_short_circuit_decorator.py
[2023-09-13T19:34:02.530+0000] {logging_mixin.py:151} INFO - [2023-09-13T19:34:02.530+0000] {dag.py:2915} INFO - Sync 1 DAGs
[2023-09-13T19:34:02.547+0000] {logging_mixin.py:151} INFO - [2023-09-13T19:34:02.547+0000] {dag.py:3696} INFO - Setting next_dagrun for example_short_circuit_decorator to 2023-09-12T19:34:02.546959+00:00, run_after=2023-09-13T19:34:02.546959+00:00
[2023-09-13T19:34:02.559+0000] {processor.py:179} INFO - Processing /home/airflow/.local/lib/python3.8/site-packages/airflow/example_dags/example_short_circuit_decorator.py took 0.069 seconds
