[2023-09-13T19:15:47.540+0000] {processor.py:157} INFO - Started process (PID=35) to work on /home/airflow/.local/lib/python3.8/site-packages/airflow/example_dags/example_python_operator.py
[2023-09-13T19:15:47.542+0000] {processor.py:829} INFO - Processing file /home/airflow/.local/lib/python3.8/site-packages/airflow/example_dags/example_python_operator.py for tasks to queue
[2023-09-13T19:15:47.546+0000] {logging_mixin.py:151} INFO - [2023-09-13T19:15:47.545+0000] {dagbag.py:539} INFO - Filling up the DagBag from /home/airflow/.local/lib/python3.8/site-packages/airflow/example_dags/example_python_operator.py
[2023-09-13T19:15:47.566+0000] {processor.py:839} INFO - DAG(s) dict_keys(['example_python_operator']) retrieved from /home/airflow/.local/lib/python3.8/site-packages/airflow/example_dags/example_python_operator.py
[2023-09-13T19:15:47.692+0000] {logging_mixin.py:151} INFO - [2023-09-13T19:15:47.691+0000] {manager.py:499} INFO - Created Permission View: %s
[2023-09-13T19:15:47.701+0000] {logging_mixin.py:151} INFO - [2023-09-13T19:15:47.701+0000] {manager.py:499} INFO - Created Permission View: %s
[2023-09-13T19:15:47.707+0000] {logging_mixin.py:151} INFO - [2023-09-13T19:15:47.707+0000] {manager.py:499} INFO - Created Permission View: %s
[2023-09-13T19:15:47.708+0000] {logging_mixin.py:151} INFO - [2023-09-13T19:15:47.708+0000] {security.py:708} INFO - Not syncing DAG-level permissions for DAG 'DAG:example_python_operator' as access control is unset.
[2023-09-13T19:15:47.709+0000] {logging_mixin.py:151} INFO - [2023-09-13T19:15:47.709+0000] {dag.py:2915} INFO - Sync 1 DAGs
[2023-09-13T19:15:47.725+0000] {logging_mixin.py:151} INFO - [2023-09-13T19:15:47.725+0000] {dag.py:2937} INFO - Creating ORM DAG for example_python_operator
[2023-09-13T19:15:47.727+0000] {logging_mixin.py:151} INFO - [2023-09-13T19:15:47.727+0000] {dag.py:3696} INFO - Setting next_dagrun for example_python_operator to None, run_after=None
[2023-09-13T19:15:47.745+0000] {processor.py:179} INFO - Processing /home/airflow/.local/lib/python3.8/site-packages/airflow/example_dags/example_python_operator.py took 0.210 seconds
[2023-09-13T19:16:18.251+0000] {processor.py:157} INFO - Started process (PID=89) to work on /home/airflow/.local/lib/python3.8/site-packages/airflow/example_dags/example_python_operator.py
[2023-09-13T19:16:18.252+0000] {processor.py:829} INFO - Processing file /home/airflow/.local/lib/python3.8/site-packages/airflow/example_dags/example_python_operator.py for tasks to queue
[2023-09-13T19:16:18.255+0000] {logging_mixin.py:151} INFO - [2023-09-13T19:16:18.254+0000] {dagbag.py:539} INFO - Filling up the DagBag from /home/airflow/.local/lib/python3.8/site-packages/airflow/example_dags/example_python_operator.py
[2023-09-13T19:16:18.264+0000] {processor.py:839} INFO - DAG(s) dict_keys(['example_python_operator']) retrieved from /home/airflow/.local/lib/python3.8/site-packages/airflow/example_dags/example_python_operator.py
[2023-09-13T19:16:18.288+0000] {logging_mixin.py:151} INFO - [2023-09-13T19:16:18.288+0000] {dag.py:2915} INFO - Sync 1 DAGs
[2023-09-13T19:16:18.299+0000] {logging_mixin.py:151} INFO - [2023-09-13T19:16:18.299+0000] {dag.py:3696} INFO - Setting next_dagrun for example_python_operator to None, run_after=None
[2023-09-13T19:16:18.317+0000] {processor.py:179} INFO - Processing /home/airflow/.local/lib/python3.8/site-packages/airflow/example_dags/example_python_operator.py took 0.070 seconds
[2023-09-13T19:16:48.501+0000] {processor.py:157} INFO - Started process (PID=142) to work on /home/airflow/.local/lib/python3.8/site-packages/airflow/example_dags/example_python_operator.py
[2023-09-13T19:16:48.502+0000] {processor.py:829} INFO - Processing file /home/airflow/.local/lib/python3.8/site-packages/airflow/example_dags/example_python_operator.py for tasks to queue
[2023-09-13T19:16:48.504+0000] {logging_mixin.py:151} INFO - [2023-09-13T19:16:48.504+0000] {dagbag.py:539} INFO - Filling up the DagBag from /home/airflow/.local/lib/python3.8/site-packages/airflow/example_dags/example_python_operator.py
[2023-09-13T19:16:48.513+0000] {processor.py:839} INFO - DAG(s) dict_keys(['example_python_operator']) retrieved from /home/airflow/.local/lib/python3.8/site-packages/airflow/example_dags/example_python_operator.py
[2023-09-13T19:16:48.536+0000] {logging_mixin.py:151} INFO - [2023-09-13T19:16:48.535+0000] {dag.py:2915} INFO - Sync 1 DAGs
[2023-09-13T19:16:48.545+0000] {logging_mixin.py:151} INFO - [2023-09-13T19:16:48.545+0000] {dag.py:3696} INFO - Setting next_dagrun for example_python_operator to None, run_after=None
[2023-09-13T19:16:48.558+0000] {processor.py:179} INFO - Processing /home/airflow/.local/lib/python3.8/site-packages/airflow/example_dags/example_python_operator.py took 0.061 seconds
[2023-09-13T19:17:18.892+0000] {processor.py:157} INFO - Started process (PID=196) to work on /home/airflow/.local/lib/python3.8/site-packages/airflow/example_dags/example_python_operator.py
[2023-09-13T19:17:18.893+0000] {processor.py:829} INFO - Processing file /home/airflow/.local/lib/python3.8/site-packages/airflow/example_dags/example_python_operator.py for tasks to queue
[2023-09-13T19:17:18.896+0000] {logging_mixin.py:151} INFO - [2023-09-13T19:17:18.895+0000] {dagbag.py:539} INFO - Filling up the DagBag from /home/airflow/.local/lib/python3.8/site-packages/airflow/example_dags/example_python_operator.py
[2023-09-13T19:17:18.905+0000] {processor.py:839} INFO - DAG(s) dict_keys(['example_python_operator']) retrieved from /home/airflow/.local/lib/python3.8/site-packages/airflow/example_dags/example_python_operator.py
[2023-09-13T19:17:18.928+0000] {logging_mixin.py:151} INFO - [2023-09-13T19:17:18.928+0000] {dag.py:2915} INFO - Sync 1 DAGs
[2023-09-13T19:17:18.938+0000] {logging_mixin.py:151} INFO - [2023-09-13T19:17:18.938+0000] {dag.py:3696} INFO - Setting next_dagrun for example_python_operator to None, run_after=None
[2023-09-13T19:17:18.953+0000] {processor.py:179} INFO - Processing /home/airflow/.local/lib/python3.8/site-packages/airflow/example_dags/example_python_operator.py took 0.064 seconds
[2023-09-13T19:17:49.184+0000] {processor.py:157} INFO - Started process (PID=250) to work on /home/airflow/.local/lib/python3.8/site-packages/airflow/example_dags/example_python_operator.py
[2023-09-13T19:17:49.185+0000] {processor.py:829} INFO - Processing file /home/airflow/.local/lib/python3.8/site-packages/airflow/example_dags/example_python_operator.py for tasks to queue
[2023-09-13T19:17:49.187+0000] {logging_mixin.py:151} INFO - [2023-09-13T19:17:49.187+0000] {dagbag.py:539} INFO - Filling up the DagBag from /home/airflow/.local/lib/python3.8/site-packages/airflow/example_dags/example_python_operator.py
[2023-09-13T19:17:49.196+0000] {processor.py:839} INFO - DAG(s) dict_keys(['example_python_operator']) retrieved from /home/airflow/.local/lib/python3.8/site-packages/airflow/example_dags/example_python_operator.py
[2023-09-13T19:17:49.218+0000] {logging_mixin.py:151} INFO - [2023-09-13T19:17:49.218+0000] {dag.py:2915} INFO - Sync 1 DAGs
[2023-09-13T19:17:49.228+0000] {logging_mixin.py:151} INFO - [2023-09-13T19:17:49.228+0000] {dag.py:3696} INFO - Setting next_dagrun for example_python_operator to None, run_after=None
[2023-09-13T19:17:49.241+0000] {processor.py:179} INFO - Processing /home/airflow/.local/lib/python3.8/site-packages/airflow/example_dags/example_python_operator.py took 0.061 seconds
[2023-09-13T19:18:19.407+0000] {processor.py:157} INFO - Started process (PID=304) to work on /home/airflow/.local/lib/python3.8/site-packages/airflow/example_dags/example_python_operator.py
[2023-09-13T19:18:19.408+0000] {processor.py:829} INFO - Processing file /home/airflow/.local/lib/python3.8/site-packages/airflow/example_dags/example_python_operator.py for tasks to queue
[2023-09-13T19:18:19.410+0000] {logging_mixin.py:151} INFO - [2023-09-13T19:18:19.410+0000] {dagbag.py:539} INFO - Filling up the DagBag from /home/airflow/.local/lib/python3.8/site-packages/airflow/example_dags/example_python_operator.py
[2023-09-13T19:18:19.419+0000] {processor.py:839} INFO - DAG(s) dict_keys(['example_python_operator']) retrieved from /home/airflow/.local/lib/python3.8/site-packages/airflow/example_dags/example_python_operator.py
[2023-09-13T19:18:19.443+0000] {logging_mixin.py:151} INFO - [2023-09-13T19:18:19.443+0000] {dag.py:2915} INFO - Sync 1 DAGs
[2023-09-13T19:18:19.454+0000] {logging_mixin.py:151} INFO - [2023-09-13T19:18:19.453+0000] {dag.py:3696} INFO - Setting next_dagrun for example_python_operator to None, run_after=None
[2023-09-13T19:18:19.468+0000] {processor.py:179} INFO - Processing /home/airflow/.local/lib/python3.8/site-packages/airflow/example_dags/example_python_operator.py took 0.065 seconds
[2023-09-13T19:18:49.699+0000] {processor.py:157} INFO - Started process (PID=358) to work on /home/airflow/.local/lib/python3.8/site-packages/airflow/example_dags/example_python_operator.py
[2023-09-13T19:18:49.700+0000] {processor.py:829} INFO - Processing file /home/airflow/.local/lib/python3.8/site-packages/airflow/example_dags/example_python_operator.py for tasks to queue
[2023-09-13T19:18:49.703+0000] {logging_mixin.py:151} INFO - [2023-09-13T19:18:49.702+0000] {dagbag.py:539} INFO - Filling up the DagBag from /home/airflow/.local/lib/python3.8/site-packages/airflow/example_dags/example_python_operator.py
[2023-09-13T19:18:49.712+0000] {processor.py:839} INFO - DAG(s) dict_keys(['example_python_operator']) retrieved from /home/airflow/.local/lib/python3.8/site-packages/airflow/example_dags/example_python_operator.py
[2023-09-13T19:18:49.736+0000] {logging_mixin.py:151} INFO - [2023-09-13T19:18:49.736+0000] {dag.py:2915} INFO - Sync 1 DAGs
[2023-09-13T19:18:49.747+0000] {logging_mixin.py:151} INFO - [2023-09-13T19:18:49.747+0000] {dag.py:3696} INFO - Setting next_dagrun for example_python_operator to None, run_after=None
[2023-09-13T19:18:49.760+0000] {processor.py:179} INFO - Processing /home/airflow/.local/lib/python3.8/site-packages/airflow/example_dags/example_python_operator.py took 0.065 seconds
[2023-09-13T19:19:19.937+0000] {processor.py:157} INFO - Started process (PID=413) to work on /home/airflow/.local/lib/python3.8/site-packages/airflow/example_dags/example_python_operator.py
[2023-09-13T19:19:19.938+0000] {processor.py:829} INFO - Processing file /home/airflow/.local/lib/python3.8/site-packages/airflow/example_dags/example_python_operator.py for tasks to queue
[2023-09-13T19:19:19.941+0000] {logging_mixin.py:151} INFO - [2023-09-13T19:19:19.941+0000] {dagbag.py:539} INFO - Filling up the DagBag from /home/airflow/.local/lib/python3.8/site-packages/airflow/example_dags/example_python_operator.py
[2023-09-13T19:19:19.952+0000] {processor.py:839} INFO - DAG(s) dict_keys(['example_python_operator']) retrieved from /home/airflow/.local/lib/python3.8/site-packages/airflow/example_dags/example_python_operator.py
[2023-09-13T19:19:19.977+0000] {logging_mixin.py:151} INFO - [2023-09-13T19:19:19.976+0000] {dag.py:2915} INFO - Sync 1 DAGs
[2023-09-13T19:19:19.988+0000] {logging_mixin.py:151} INFO - [2023-09-13T19:19:19.988+0000] {dag.py:3696} INFO - Setting next_dagrun for example_python_operator to None, run_after=None
[2023-09-13T19:19:20.002+0000] {processor.py:179} INFO - Processing /home/airflow/.local/lib/python3.8/site-packages/airflow/example_dags/example_python_operator.py took 0.068 seconds
[2023-09-13T19:19:50.293+0000] {processor.py:157} INFO - Started process (PID=467) to work on /home/airflow/.local/lib/python3.8/site-packages/airflow/example_dags/example_python_operator.py
[2023-09-13T19:19:50.295+0000] {processor.py:829} INFO - Processing file /home/airflow/.local/lib/python3.8/site-packages/airflow/example_dags/example_python_operator.py for tasks to queue
[2023-09-13T19:19:50.297+0000] {logging_mixin.py:151} INFO - [2023-09-13T19:19:50.297+0000] {dagbag.py:539} INFO - Filling up the DagBag from /home/airflow/.local/lib/python3.8/site-packages/airflow/example_dags/example_python_operator.py
[2023-09-13T19:19:50.307+0000] {processor.py:839} INFO - DAG(s) dict_keys(['example_python_operator']) retrieved from /home/airflow/.local/lib/python3.8/site-packages/airflow/example_dags/example_python_operator.py
[2023-09-13T19:19:50.329+0000] {logging_mixin.py:151} INFO - [2023-09-13T19:19:50.329+0000] {dag.py:2915} INFO - Sync 1 DAGs
[2023-09-13T19:19:50.341+0000] {logging_mixin.py:151} INFO - [2023-09-13T19:19:50.341+0000] {dag.py:3696} INFO - Setting next_dagrun for example_python_operator to None, run_after=None
[2023-09-13T19:19:50.355+0000] {processor.py:179} INFO - Processing /home/airflow/.local/lib/python3.8/site-packages/airflow/example_dags/example_python_operator.py took 0.065 seconds
[2023-09-13T19:20:20.651+0000] {processor.py:157} INFO - Started process (PID=520) to work on /home/airflow/.local/lib/python3.8/site-packages/airflow/example_dags/example_python_operator.py
[2023-09-13T19:20:20.653+0000] {processor.py:829} INFO - Processing file /home/airflow/.local/lib/python3.8/site-packages/airflow/example_dags/example_python_operator.py for tasks to queue
[2023-09-13T19:20:20.655+0000] {logging_mixin.py:151} INFO - [2023-09-13T19:20:20.655+0000] {dagbag.py:539} INFO - Filling up the DagBag from /home/airflow/.local/lib/python3.8/site-packages/airflow/example_dags/example_python_operator.py
[2023-09-13T19:20:20.665+0000] {processor.py:839} INFO - DAG(s) dict_keys(['example_python_operator']) retrieved from /home/airflow/.local/lib/python3.8/site-packages/airflow/example_dags/example_python_operator.py
[2023-09-13T19:20:20.687+0000] {logging_mixin.py:151} INFO - [2023-09-13T19:20:20.687+0000] {dag.py:2915} INFO - Sync 1 DAGs
[2023-09-13T19:20:20.697+0000] {logging_mixin.py:151} INFO - [2023-09-13T19:20:20.697+0000] {dag.py:3696} INFO - Setting next_dagrun for example_python_operator to None, run_after=None
[2023-09-13T19:20:20.710+0000] {processor.py:179} INFO - Processing /home/airflow/.local/lib/python3.8/site-packages/airflow/example_dags/example_python_operator.py took 0.062 seconds
[2023-09-13T19:20:51.091+0000] {processor.py:157} INFO - Started process (PID=574) to work on /home/airflow/.local/lib/python3.8/site-packages/airflow/example_dags/example_python_operator.py
[2023-09-13T19:20:51.092+0000] {processor.py:829} INFO - Processing file /home/airflow/.local/lib/python3.8/site-packages/airflow/example_dags/example_python_operator.py for tasks to queue
[2023-09-13T19:20:51.094+0000] {logging_mixin.py:151} INFO - [2023-09-13T19:20:51.094+0000] {dagbag.py:539} INFO - Filling up the DagBag from /home/airflow/.local/lib/python3.8/site-packages/airflow/example_dags/example_python_operator.py
[2023-09-13T19:20:51.103+0000] {processor.py:839} INFO - DAG(s) dict_keys(['example_python_operator']) retrieved from /home/airflow/.local/lib/python3.8/site-packages/airflow/example_dags/example_python_operator.py
[2023-09-13T19:20:51.125+0000] {logging_mixin.py:151} INFO - [2023-09-13T19:20:51.125+0000] {dag.py:2915} INFO - Sync 1 DAGs
[2023-09-13T19:20:51.135+0000] {logging_mixin.py:151} INFO - [2023-09-13T19:20:51.135+0000] {dag.py:3696} INFO - Setting next_dagrun for example_python_operator to None, run_after=None
[2023-09-13T19:20:51.148+0000] {processor.py:179} INFO - Processing /home/airflow/.local/lib/python3.8/site-packages/airflow/example_dags/example_python_operator.py took 0.061 seconds
[2023-09-13T19:21:21.472+0000] {processor.py:157} INFO - Started process (PID=628) to work on /home/airflow/.local/lib/python3.8/site-packages/airflow/example_dags/example_python_operator.py
[2023-09-13T19:21:21.473+0000] {processor.py:829} INFO - Processing file /home/airflow/.local/lib/python3.8/site-packages/airflow/example_dags/example_python_operator.py for tasks to queue
[2023-09-13T19:21:21.476+0000] {logging_mixin.py:151} INFO - [2023-09-13T19:21:21.475+0000] {dagbag.py:539} INFO - Filling up the DagBag from /home/airflow/.local/lib/python3.8/site-packages/airflow/example_dags/example_python_operator.py
[2023-09-13T19:21:21.485+0000] {processor.py:839} INFO - DAG(s) dict_keys(['example_python_operator']) retrieved from /home/airflow/.local/lib/python3.8/site-packages/airflow/example_dags/example_python_operator.py
[2023-09-13T19:21:21.508+0000] {logging_mixin.py:151} INFO - [2023-09-13T19:21:21.507+0000] {dag.py:2915} INFO - Sync 1 DAGs
[2023-09-13T19:21:21.517+0000] {logging_mixin.py:151} INFO - [2023-09-13T19:21:21.517+0000] {dag.py:3696} INFO - Setting next_dagrun for example_python_operator to None, run_after=None
[2023-09-13T19:21:21.531+0000] {processor.py:179} INFO - Processing /home/airflow/.local/lib/python3.8/site-packages/airflow/example_dags/example_python_operator.py took 0.063 seconds
[2023-09-13T19:21:52.109+0000] {processor.py:157} INFO - Started process (PID=682) to work on /home/airflow/.local/lib/python3.8/site-packages/airflow/example_dags/example_python_operator.py
[2023-09-13T19:21:52.111+0000] {processor.py:829} INFO - Processing file /home/airflow/.local/lib/python3.8/site-packages/airflow/example_dags/example_python_operator.py for tasks to queue
[2023-09-13T19:21:52.113+0000] {logging_mixin.py:151} INFO - [2023-09-13T19:21:52.113+0000] {dagbag.py:539} INFO - Filling up the DagBag from /home/airflow/.local/lib/python3.8/site-packages/airflow/example_dags/example_python_operator.py
[2023-09-13T19:21:52.122+0000] {processor.py:839} INFO - DAG(s) dict_keys(['example_python_operator']) retrieved from /home/airflow/.local/lib/python3.8/site-packages/airflow/example_dags/example_python_operator.py
[2023-09-13T19:21:52.144+0000] {logging_mixin.py:151} INFO - [2023-09-13T19:21:52.144+0000] {dag.py:2915} INFO - Sync 1 DAGs
[2023-09-13T19:21:52.153+0000] {logging_mixin.py:151} INFO - [2023-09-13T19:21:52.153+0000] {dag.py:3696} INFO - Setting next_dagrun for example_python_operator to None, run_after=None
[2023-09-13T19:21:52.166+0000] {processor.py:179} INFO - Processing /home/airflow/.local/lib/python3.8/site-packages/airflow/example_dags/example_python_operator.py took 0.060 seconds
[2023-09-13T19:22:22.819+0000] {processor.py:157} INFO - Started process (PID=736) to work on /home/airflow/.local/lib/python3.8/site-packages/airflow/example_dags/example_python_operator.py
[2023-09-13T19:22:22.821+0000] {processor.py:829} INFO - Processing file /home/airflow/.local/lib/python3.8/site-packages/airflow/example_dags/example_python_operator.py for tasks to queue
[2023-09-13T19:22:22.823+0000] {logging_mixin.py:151} INFO - [2023-09-13T19:22:22.823+0000] {dagbag.py:539} INFO - Filling up the DagBag from /home/airflow/.local/lib/python3.8/site-packages/airflow/example_dags/example_python_operator.py
[2023-09-13T19:22:22.833+0000] {processor.py:839} INFO - DAG(s) dict_keys(['example_python_operator']) retrieved from /home/airflow/.local/lib/python3.8/site-packages/airflow/example_dags/example_python_operator.py
[2023-09-13T19:22:22.855+0000] {logging_mixin.py:151} INFO - [2023-09-13T19:22:22.855+0000] {dag.py:2915} INFO - Sync 1 DAGs
[2023-09-13T19:22:22.866+0000] {logging_mixin.py:151} INFO - [2023-09-13T19:22:22.866+0000] {dag.py:3696} INFO - Setting next_dagrun for example_python_operator to None, run_after=None
[2023-09-13T19:22:22.878+0000] {processor.py:179} INFO - Processing /home/airflow/.local/lib/python3.8/site-packages/airflow/example_dags/example_python_operator.py took 0.062 seconds
[2023-09-13T19:22:53.085+0000] {processor.py:157} INFO - Started process (PID=790) to work on /home/airflow/.local/lib/python3.8/site-packages/airflow/example_dags/example_python_operator.py
[2023-09-13T19:22:53.087+0000] {processor.py:829} INFO - Processing file /home/airflow/.local/lib/python3.8/site-packages/airflow/example_dags/example_python_operator.py for tasks to queue
[2023-09-13T19:22:53.091+0000] {logging_mixin.py:151} INFO - [2023-09-13T19:22:53.090+0000] {dagbag.py:539} INFO - Filling up the DagBag from /home/airflow/.local/lib/python3.8/site-packages/airflow/example_dags/example_python_operator.py
[2023-09-13T19:22:53.106+0000] {processor.py:839} INFO - DAG(s) dict_keys(['example_python_operator']) retrieved from /home/airflow/.local/lib/python3.8/site-packages/airflow/example_dags/example_python_operator.py
[2023-09-13T19:22:53.146+0000] {logging_mixin.py:151} INFO - [2023-09-13T19:22:53.146+0000] {dag.py:2915} INFO - Sync 1 DAGs
[2023-09-13T19:22:53.166+0000] {logging_mixin.py:151} INFO - [2023-09-13T19:22:53.166+0000] {dag.py:3696} INFO - Setting next_dagrun for example_python_operator to None, run_after=None
[2023-09-13T19:22:53.187+0000] {processor.py:179} INFO - Processing /home/airflow/.local/lib/python3.8/site-packages/airflow/example_dags/example_python_operator.py took 0.108 seconds
[2023-09-13T19:23:23.408+0000] {processor.py:157} INFO - Started process (PID=844) to work on /home/airflow/.local/lib/python3.8/site-packages/airflow/example_dags/example_python_operator.py
[2023-09-13T19:23:23.410+0000] {processor.py:829} INFO - Processing file /home/airflow/.local/lib/python3.8/site-packages/airflow/example_dags/example_python_operator.py for tasks to queue
[2023-09-13T19:23:23.412+0000] {logging_mixin.py:151} INFO - [2023-09-13T19:23:23.412+0000] {dagbag.py:539} INFO - Filling up the DagBag from /home/airflow/.local/lib/python3.8/site-packages/airflow/example_dags/example_python_operator.py
[2023-09-13T19:23:23.422+0000] {processor.py:839} INFO - DAG(s) dict_keys(['example_python_operator']) retrieved from /home/airflow/.local/lib/python3.8/site-packages/airflow/example_dags/example_python_operator.py
[2023-09-13T19:23:23.447+0000] {logging_mixin.py:151} INFO - [2023-09-13T19:23:23.447+0000] {dag.py:2915} INFO - Sync 1 DAGs
[2023-09-13T19:23:23.457+0000] {logging_mixin.py:151} INFO - [2023-09-13T19:23:23.457+0000] {dag.py:3696} INFO - Setting next_dagrun for example_python_operator to None, run_after=None
[2023-09-13T19:23:23.473+0000] {processor.py:179} INFO - Processing /home/airflow/.local/lib/python3.8/site-packages/airflow/example_dags/example_python_operator.py took 0.069 seconds
[2023-09-13T19:23:53.675+0000] {processor.py:157} INFO - Started process (PID=898) to work on /home/airflow/.local/lib/python3.8/site-packages/airflow/example_dags/example_python_operator.py
[2023-09-13T19:23:53.676+0000] {processor.py:829} INFO - Processing file /home/airflow/.local/lib/python3.8/site-packages/airflow/example_dags/example_python_operator.py for tasks to queue
[2023-09-13T19:23:53.679+0000] {logging_mixin.py:151} INFO - [2023-09-13T19:23:53.678+0000] {dagbag.py:539} INFO - Filling up the DagBag from /home/airflow/.local/lib/python3.8/site-packages/airflow/example_dags/example_python_operator.py
[2023-09-13T19:23:53.688+0000] {processor.py:839} INFO - DAG(s) dict_keys(['example_python_operator']) retrieved from /home/airflow/.local/lib/python3.8/site-packages/airflow/example_dags/example_python_operator.py
[2023-09-13T19:23:53.711+0000] {logging_mixin.py:151} INFO - [2023-09-13T19:23:53.710+0000] {dag.py:2915} INFO - Sync 1 DAGs
[2023-09-13T19:23:53.720+0000] {logging_mixin.py:151} INFO - [2023-09-13T19:23:53.720+0000] {dag.py:3696} INFO - Setting next_dagrun for example_python_operator to None, run_after=None
[2023-09-13T19:23:53.733+0000] {processor.py:179} INFO - Processing /home/airflow/.local/lib/python3.8/site-packages/airflow/example_dags/example_python_operator.py took 0.062 seconds
[2023-09-13T19:24:23.815+0000] {processor.py:157} INFO - Started process (PID=952) to work on /home/airflow/.local/lib/python3.8/site-packages/airflow/example_dags/example_python_operator.py
[2023-09-13T19:24:23.816+0000] {processor.py:829} INFO - Processing file /home/airflow/.local/lib/python3.8/site-packages/airflow/example_dags/example_python_operator.py for tasks to queue
[2023-09-13T19:24:23.819+0000] {logging_mixin.py:151} INFO - [2023-09-13T19:24:23.818+0000] {dagbag.py:539} INFO - Filling up the DagBag from /home/airflow/.local/lib/python3.8/site-packages/airflow/example_dags/example_python_operator.py
[2023-09-13T19:24:23.828+0000] {processor.py:839} INFO - DAG(s) dict_keys(['example_python_operator']) retrieved from /home/airflow/.local/lib/python3.8/site-packages/airflow/example_dags/example_python_operator.py
[2023-09-13T19:24:23.850+0000] {logging_mixin.py:151} INFO - [2023-09-13T19:24:23.850+0000] {dag.py:2915} INFO - Sync 1 DAGs
[2023-09-13T19:24:23.860+0000] {logging_mixin.py:151} INFO - [2023-09-13T19:24:23.860+0000] {dag.py:3696} INFO - Setting next_dagrun for example_python_operator to None, run_after=None
[2023-09-13T19:24:23.873+0000] {processor.py:179} INFO - Processing /home/airflow/.local/lib/python3.8/site-packages/airflow/example_dags/example_python_operator.py took 0.062 seconds
[2023-09-13T19:24:54.150+0000] {processor.py:157} INFO - Started process (PID=1007) to work on /home/airflow/.local/lib/python3.8/site-packages/airflow/example_dags/example_python_operator.py
[2023-09-13T19:24:54.151+0000] {processor.py:829} INFO - Processing file /home/airflow/.local/lib/python3.8/site-packages/airflow/example_dags/example_python_operator.py for tasks to queue
[2023-09-13T19:24:54.154+0000] {logging_mixin.py:151} INFO - [2023-09-13T19:24:54.153+0000] {dagbag.py:539} INFO - Filling up the DagBag from /home/airflow/.local/lib/python3.8/site-packages/airflow/example_dags/example_python_operator.py
[2023-09-13T19:24:54.163+0000] {processor.py:839} INFO - DAG(s) dict_keys(['example_python_operator']) retrieved from /home/airflow/.local/lib/python3.8/site-packages/airflow/example_dags/example_python_operator.py
[2023-09-13T19:24:54.186+0000] {logging_mixin.py:151} INFO - [2023-09-13T19:24:54.185+0000] {dag.py:2915} INFO - Sync 1 DAGs
[2023-09-13T19:24:54.196+0000] {logging_mixin.py:151} INFO - [2023-09-13T19:24:54.196+0000] {dag.py:3696} INFO - Setting next_dagrun for example_python_operator to None, run_after=None
[2023-09-13T19:24:54.208+0000] {processor.py:179} INFO - Processing /home/airflow/.local/lib/python3.8/site-packages/airflow/example_dags/example_python_operator.py took 0.062 seconds
[2023-09-13T19:25:24.343+0000] {processor.py:157} INFO - Started process (PID=1060) to work on /home/airflow/.local/lib/python3.8/site-packages/airflow/example_dags/example_python_operator.py
[2023-09-13T19:25:24.345+0000] {processor.py:829} INFO - Processing file /home/airflow/.local/lib/python3.8/site-packages/airflow/example_dags/example_python_operator.py for tasks to queue
[2023-09-13T19:25:24.347+0000] {logging_mixin.py:151} INFO - [2023-09-13T19:25:24.347+0000] {dagbag.py:539} INFO - Filling up the DagBag from /home/airflow/.local/lib/python3.8/site-packages/airflow/example_dags/example_python_operator.py
[2023-09-13T19:25:24.356+0000] {processor.py:839} INFO - DAG(s) dict_keys(['example_python_operator']) retrieved from /home/airflow/.local/lib/python3.8/site-packages/airflow/example_dags/example_python_operator.py
[2023-09-13T19:25:24.379+0000] {logging_mixin.py:151} INFO - [2023-09-13T19:25:24.378+0000] {dag.py:2915} INFO - Sync 1 DAGs
[2023-09-13T19:25:24.389+0000] {logging_mixin.py:151} INFO - [2023-09-13T19:25:24.389+0000] {dag.py:3696} INFO - Setting next_dagrun for example_python_operator to None, run_after=None
[2023-09-13T19:25:24.403+0000] {processor.py:179} INFO - Processing /home/airflow/.local/lib/python3.8/site-packages/airflow/example_dags/example_python_operator.py took 0.063 seconds
[2023-09-13T19:25:55.374+0000] {processor.py:157} INFO - Started process (PID=1115) to work on /home/airflow/.local/lib/python3.8/site-packages/airflow/example_dags/example_python_operator.py
[2023-09-13T19:25:55.375+0000] {processor.py:829} INFO - Processing file /home/airflow/.local/lib/python3.8/site-packages/airflow/example_dags/example_python_operator.py for tasks to queue
[2023-09-13T19:25:55.378+0000] {logging_mixin.py:151} INFO - [2023-09-13T19:25:55.377+0000] {dagbag.py:539} INFO - Filling up the DagBag from /home/airflow/.local/lib/python3.8/site-packages/airflow/example_dags/example_python_operator.py
[2023-09-13T19:25:55.387+0000] {processor.py:839} INFO - DAG(s) dict_keys(['example_python_operator']) retrieved from /home/airflow/.local/lib/python3.8/site-packages/airflow/example_dags/example_python_operator.py
[2023-09-13T19:25:55.411+0000] {logging_mixin.py:151} INFO - [2023-09-13T19:25:55.411+0000] {dag.py:2915} INFO - Sync 1 DAGs
[2023-09-13T19:25:55.421+0000] {logging_mixin.py:151} INFO - [2023-09-13T19:25:55.421+0000] {dag.py:3696} INFO - Setting next_dagrun for example_python_operator to None, run_after=None
[2023-09-13T19:25:55.435+0000] {processor.py:179} INFO - Processing /home/airflow/.local/lib/python3.8/site-packages/airflow/example_dags/example_python_operator.py took 0.065 seconds
[2023-09-13T19:26:25.622+0000] {processor.py:157} INFO - Started process (PID=1171) to work on /home/airflow/.local/lib/python3.8/site-packages/airflow/example_dags/example_python_operator.py
[2023-09-13T19:26:25.624+0000] {processor.py:829} INFO - Processing file /home/airflow/.local/lib/python3.8/site-packages/airflow/example_dags/example_python_operator.py for tasks to queue
[2023-09-13T19:26:25.628+0000] {logging_mixin.py:151} INFO - [2023-09-13T19:26:25.628+0000] {dagbag.py:539} INFO - Filling up the DagBag from /home/airflow/.local/lib/python3.8/site-packages/airflow/example_dags/example_python_operator.py
[2023-09-13T19:26:25.640+0000] {processor.py:839} INFO - DAG(s) dict_keys(['example_python_operator']) retrieved from /home/airflow/.local/lib/python3.8/site-packages/airflow/example_dags/example_python_operator.py
[2023-09-13T19:26:25.664+0000] {logging_mixin.py:151} INFO - [2023-09-13T19:26:25.663+0000] {dag.py:2915} INFO - Sync 1 DAGs
[2023-09-13T19:26:25.673+0000] {logging_mixin.py:151} INFO - [2023-09-13T19:26:25.673+0000] {dag.py:3696} INFO - Setting next_dagrun for example_python_operator to None, run_after=None
[2023-09-13T19:26:25.686+0000] {processor.py:179} INFO - Processing /home/airflow/.local/lib/python3.8/site-packages/airflow/example_dags/example_python_operator.py took 0.069 seconds
[2023-09-13T19:26:56.212+0000] {processor.py:157} INFO - Started process (PID=1227) to work on /home/airflow/.local/lib/python3.8/site-packages/airflow/example_dags/example_python_operator.py
[2023-09-13T19:26:56.213+0000] {processor.py:829} INFO - Processing file /home/airflow/.local/lib/python3.8/site-packages/airflow/example_dags/example_python_operator.py for tasks to queue
[2023-09-13T19:26:56.216+0000] {logging_mixin.py:151} INFO - [2023-09-13T19:26:56.215+0000] {dagbag.py:539} INFO - Filling up the DagBag from /home/airflow/.local/lib/python3.8/site-packages/airflow/example_dags/example_python_operator.py
[2023-09-13T19:26:56.225+0000] {processor.py:839} INFO - DAG(s) dict_keys(['example_python_operator']) retrieved from /home/airflow/.local/lib/python3.8/site-packages/airflow/example_dags/example_python_operator.py
[2023-09-13T19:26:56.247+0000] {logging_mixin.py:151} INFO - [2023-09-13T19:26:56.247+0000] {dag.py:2915} INFO - Sync 1 DAGs
[2023-09-13T19:26:56.257+0000] {logging_mixin.py:151} INFO - [2023-09-13T19:26:56.257+0000] {dag.py:3696} INFO - Setting next_dagrun for example_python_operator to None, run_after=None
[2023-09-13T19:26:56.270+0000] {processor.py:179} INFO - Processing /home/airflow/.local/lib/python3.8/site-packages/airflow/example_dags/example_python_operator.py took 0.062 seconds
[2023-09-13T19:28:12.974+0000] {processor.py:157} INFO - Started process (PID=35) to work on /home/airflow/.local/lib/python3.8/site-packages/airflow/example_dags/example_python_operator.py
[2023-09-13T19:28:12.976+0000] {processor.py:829} INFO - Processing file /home/airflow/.local/lib/python3.8/site-packages/airflow/example_dags/example_python_operator.py for tasks to queue
[2023-09-13T19:28:12.980+0000] {logging_mixin.py:151} INFO - [2023-09-13T19:28:12.979+0000] {dagbag.py:539} INFO - Filling up the DagBag from /home/airflow/.local/lib/python3.8/site-packages/airflow/example_dags/example_python_operator.py
[2023-09-13T19:28:13.001+0000] {processor.py:839} INFO - DAG(s) dict_keys(['example_python_operator']) retrieved from /home/airflow/.local/lib/python3.8/site-packages/airflow/example_dags/example_python_operator.py
[2023-09-13T19:28:13.040+0000] {logging_mixin.py:151} INFO - [2023-09-13T19:28:13.039+0000] {dag.py:2915} INFO - Sync 1 DAGs
[2023-09-13T19:28:13.066+0000] {logging_mixin.py:151} INFO - [2023-09-13T19:28:13.066+0000] {dag.py:3696} INFO - Setting next_dagrun for example_python_operator to None, run_after=None
[2023-09-13T19:28:13.091+0000] {processor.py:179} INFO - Processing /home/airflow/.local/lib/python3.8/site-packages/airflow/example_dags/example_python_operator.py took 0.126 seconds
[2023-09-13T19:28:43.878+0000] {processor.py:157} INFO - Started process (PID=91) to work on /home/airflow/.local/lib/python3.8/site-packages/airflow/example_dags/example_python_operator.py
[2023-09-13T19:28:43.880+0000] {processor.py:829} INFO - Processing file /home/airflow/.local/lib/python3.8/site-packages/airflow/example_dags/example_python_operator.py for tasks to queue
[2023-09-13T19:28:43.883+0000] {logging_mixin.py:151} INFO - [2023-09-13T19:28:43.882+0000] {dagbag.py:539} INFO - Filling up the DagBag from /home/airflow/.local/lib/python3.8/site-packages/airflow/example_dags/example_python_operator.py
[2023-09-13T19:28:43.893+0000] {processor.py:839} INFO - DAG(s) dict_keys(['example_python_operator']) retrieved from /home/airflow/.local/lib/python3.8/site-packages/airflow/example_dags/example_python_operator.py
[2023-09-13T19:28:43.973+0000] {logging_mixin.py:151} INFO - [2023-09-13T19:28:43.973+0000] {security.py:708} INFO - Not syncing DAG-level permissions for DAG 'DAG:example_python_operator' as access control is unset.
[2023-09-13T19:28:43.973+0000] {logging_mixin.py:151} INFO - [2023-09-13T19:28:43.973+0000] {dag.py:2915} INFO - Sync 1 DAGs
[2023-09-13T19:28:43.981+0000] {logging_mixin.py:151} INFO - [2023-09-13T19:28:43.981+0000] {dag.py:3696} INFO - Setting next_dagrun for example_python_operator to None, run_after=None
[2023-09-13T19:28:43.995+0000] {processor.py:179} INFO - Processing /home/airflow/.local/lib/python3.8/site-packages/airflow/example_dags/example_python_operator.py took 0.120 seconds
[2023-09-13T19:29:14.132+0000] {processor.py:157} INFO - Started process (PID=146) to work on /home/airflow/.local/lib/python3.8/site-packages/airflow/example_dags/example_python_operator.py
[2023-09-13T19:29:14.133+0000] {processor.py:829} INFO - Processing file /home/airflow/.local/lib/python3.8/site-packages/airflow/example_dags/example_python_operator.py for tasks to queue
[2023-09-13T19:29:14.136+0000] {logging_mixin.py:151} INFO - [2023-09-13T19:29:14.135+0000] {dagbag.py:539} INFO - Filling up the DagBag from /home/airflow/.local/lib/python3.8/site-packages/airflow/example_dags/example_python_operator.py
[2023-09-13T19:29:14.146+0000] {processor.py:839} INFO - DAG(s) dict_keys(['example_python_operator']) retrieved from /home/airflow/.local/lib/python3.8/site-packages/airflow/example_dags/example_python_operator.py
[2023-09-13T19:29:14.169+0000] {logging_mixin.py:151} INFO - [2023-09-13T19:29:14.169+0000] {dag.py:2915} INFO - Sync 1 DAGs
[2023-09-13T19:29:14.180+0000] {logging_mixin.py:151} INFO - [2023-09-13T19:29:14.180+0000] {dag.py:3696} INFO - Setting next_dagrun for example_python_operator to None, run_after=None
[2023-09-13T19:29:14.192+0000] {processor.py:179} INFO - Processing /home/airflow/.local/lib/python3.8/site-packages/airflow/example_dags/example_python_operator.py took 0.064 seconds
[2023-09-13T19:29:44.582+0000] {processor.py:157} INFO - Started process (PID=200) to work on /home/airflow/.local/lib/python3.8/site-packages/airflow/example_dags/example_python_operator.py
[2023-09-13T19:29:44.584+0000] {processor.py:829} INFO - Processing file /home/airflow/.local/lib/python3.8/site-packages/airflow/example_dags/example_python_operator.py for tasks to queue
[2023-09-13T19:29:44.586+0000] {logging_mixin.py:151} INFO - [2023-09-13T19:29:44.586+0000] {dagbag.py:539} INFO - Filling up the DagBag from /home/airflow/.local/lib/python3.8/site-packages/airflow/example_dags/example_python_operator.py
[2023-09-13T19:29:44.595+0000] {processor.py:839} INFO - DAG(s) dict_keys(['example_python_operator']) retrieved from /home/airflow/.local/lib/python3.8/site-packages/airflow/example_dags/example_python_operator.py
[2023-09-13T19:29:44.617+0000] {logging_mixin.py:151} INFO - [2023-09-13T19:29:44.617+0000] {dag.py:2915} INFO - Sync 1 DAGs
[2023-09-13T19:29:44.626+0000] {logging_mixin.py:151} INFO - [2023-09-13T19:29:44.626+0000] {dag.py:3696} INFO - Setting next_dagrun for example_python_operator to None, run_after=None
[2023-09-13T19:29:44.639+0000] {processor.py:179} INFO - Processing /home/airflow/.local/lib/python3.8/site-packages/airflow/example_dags/example_python_operator.py took 0.060 seconds
[2023-09-13T19:30:14.827+0000] {processor.py:157} INFO - Started process (PID=254) to work on /home/airflow/.local/lib/python3.8/site-packages/airflow/example_dags/example_python_operator.py
[2023-09-13T19:30:14.829+0000] {processor.py:829} INFO - Processing file /home/airflow/.local/lib/python3.8/site-packages/airflow/example_dags/example_python_operator.py for tasks to queue
[2023-09-13T19:30:14.832+0000] {logging_mixin.py:151} INFO - [2023-09-13T19:30:14.832+0000] {dagbag.py:539} INFO - Filling up the DagBag from /home/airflow/.local/lib/python3.8/site-packages/airflow/example_dags/example_python_operator.py
[2023-09-13T19:30:14.843+0000] {processor.py:839} INFO - DAG(s) dict_keys(['example_python_operator']) retrieved from /home/airflow/.local/lib/python3.8/site-packages/airflow/example_dags/example_python_operator.py
[2023-09-13T19:30:14.868+0000] {logging_mixin.py:151} INFO - [2023-09-13T19:30:14.868+0000] {dag.py:2915} INFO - Sync 1 DAGs
[2023-09-13T19:30:14.879+0000] {logging_mixin.py:151} INFO - [2023-09-13T19:30:14.879+0000] {dag.py:3696} INFO - Setting next_dagrun for example_python_operator to None, run_after=None
[2023-09-13T19:30:14.894+0000] {processor.py:179} INFO - Processing /home/airflow/.local/lib/python3.8/site-packages/airflow/example_dags/example_python_operator.py took 0.070 seconds
[2023-09-13T19:31:27.712+0000] {processor.py:157} INFO - Started process (PID=36) to work on /home/airflow/.local/lib/python3.8/site-packages/airflow/example_dags/example_python_operator.py
[2023-09-13T19:31:27.714+0000] {processor.py:829} INFO - Processing file /home/airflow/.local/lib/python3.8/site-packages/airflow/example_dags/example_python_operator.py for tasks to queue
[2023-09-13T19:31:27.719+0000] {logging_mixin.py:151} INFO - [2023-09-13T19:31:27.718+0000] {dagbag.py:539} INFO - Filling up the DagBag from /home/airflow/.local/lib/python3.8/site-packages/airflow/example_dags/example_python_operator.py
[2023-09-13T19:31:27.743+0000] {processor.py:839} INFO - DAG(s) dict_keys(['example_python_operator']) retrieved from /home/airflow/.local/lib/python3.8/site-packages/airflow/example_dags/example_python_operator.py
[2023-09-13T19:31:27.769+0000] {logging_mixin.py:151} INFO - [2023-09-13T19:31:27.768+0000] {dag.py:2915} INFO - Sync 1 DAGs
[2023-09-13T19:31:27.789+0000] {logging_mixin.py:151} INFO - [2023-09-13T19:31:27.789+0000] {dag.py:3696} INFO - Setting next_dagrun for example_python_operator to None, run_after=None
[2023-09-13T19:31:27.836+0000] {processor.py:179} INFO - Processing /home/airflow/.local/lib/python3.8/site-packages/airflow/example_dags/example_python_operator.py took 0.130 seconds
[2023-09-13T19:31:57.909+0000] {processor.py:157} INFO - Started process (PID=91) to work on /home/airflow/.local/lib/python3.8/site-packages/airflow/example_dags/example_python_operator.py
[2023-09-13T19:31:57.911+0000] {processor.py:829} INFO - Processing file /home/airflow/.local/lib/python3.8/site-packages/airflow/example_dags/example_python_operator.py for tasks to queue
[2023-09-13T19:31:57.913+0000] {logging_mixin.py:151} INFO - [2023-09-13T19:31:57.913+0000] {dagbag.py:539} INFO - Filling up the DagBag from /home/airflow/.local/lib/python3.8/site-packages/airflow/example_dags/example_python_operator.py
[2023-09-13T19:31:57.925+0000] {processor.py:839} INFO - DAG(s) dict_keys(['example_python_operator']) retrieved from /home/airflow/.local/lib/python3.8/site-packages/airflow/example_dags/example_python_operator.py
[2023-09-13T19:31:58.017+0000] {logging_mixin.py:151} INFO - [2023-09-13T19:31:58.016+0000] {security.py:708} INFO - Not syncing DAG-level permissions for DAG 'DAG:example_python_operator' as access control is unset.
[2023-09-13T19:31:58.018+0000] {logging_mixin.py:151} INFO - [2023-09-13T19:31:58.018+0000] {dag.py:2915} INFO - Sync 1 DAGs
[2023-09-13T19:31:58.027+0000] {logging_mixin.py:151} INFO - [2023-09-13T19:31:58.027+0000] {dag.py:3696} INFO - Setting next_dagrun for example_python_operator to None, run_after=None
[2023-09-13T19:31:58.044+0000] {processor.py:179} INFO - Processing /home/airflow/.local/lib/python3.8/site-packages/airflow/example_dags/example_python_operator.py took 0.139 seconds
[2023-09-13T19:32:28.696+0000] {processor.py:157} INFO - Started process (PID=146) to work on /home/airflow/.local/lib/python3.8/site-packages/airflow/example_dags/example_python_operator.py
[2023-09-13T19:32:28.698+0000] {processor.py:829} INFO - Processing file /home/airflow/.local/lib/python3.8/site-packages/airflow/example_dags/example_python_operator.py for tasks to queue
[2023-09-13T19:32:28.700+0000] {logging_mixin.py:151} INFO - [2023-09-13T19:32:28.700+0000] {dagbag.py:539} INFO - Filling up the DagBag from /home/airflow/.local/lib/python3.8/site-packages/airflow/example_dags/example_python_operator.py
[2023-09-13T19:32:28.709+0000] {processor.py:839} INFO - DAG(s) dict_keys(['example_python_operator']) retrieved from /home/airflow/.local/lib/python3.8/site-packages/airflow/example_dags/example_python_operator.py
[2023-09-13T19:32:28.740+0000] {logging_mixin.py:151} INFO - [2023-09-13T19:32:28.740+0000] {dag.py:2915} INFO - Sync 1 DAGs
[2023-09-13T19:32:28.755+0000] {logging_mixin.py:151} INFO - [2023-09-13T19:32:28.755+0000] {dag.py:3696} INFO - Setting next_dagrun for example_python_operator to None, run_after=None
[2023-09-13T19:32:28.771+0000] {processor.py:179} INFO - Processing /home/airflow/.local/lib/python3.8/site-packages/airflow/example_dags/example_python_operator.py took 0.079 seconds
[2023-09-13T19:32:58.879+0000] {processor.py:157} INFO - Started process (PID=201) to work on /home/airflow/.local/lib/python3.8/site-packages/airflow/example_dags/example_python_operator.py
[2023-09-13T19:32:58.881+0000] {processor.py:829} INFO - Processing file /home/airflow/.local/lib/python3.8/site-packages/airflow/example_dags/example_python_operator.py for tasks to queue
[2023-09-13T19:32:58.883+0000] {logging_mixin.py:151} INFO - [2023-09-13T19:32:58.883+0000] {dagbag.py:539} INFO - Filling up the DagBag from /home/airflow/.local/lib/python3.8/site-packages/airflow/example_dags/example_python_operator.py
[2023-09-13T19:32:58.892+0000] {processor.py:839} INFO - DAG(s) dict_keys(['example_python_operator']) retrieved from /home/airflow/.local/lib/python3.8/site-packages/airflow/example_dags/example_python_operator.py
[2023-09-13T19:32:58.914+0000] {logging_mixin.py:151} INFO - [2023-09-13T19:32:58.914+0000] {dag.py:2915} INFO - Sync 1 DAGs
[2023-09-13T19:32:58.923+0000] {logging_mixin.py:151} INFO - [2023-09-13T19:32:58.923+0000] {dag.py:3696} INFO - Setting next_dagrun for example_python_operator to None, run_after=None
[2023-09-13T19:32:58.936+0000] {processor.py:179} INFO - Processing /home/airflow/.local/lib/python3.8/site-packages/airflow/example_dags/example_python_operator.py took 0.061 seconds
[2023-09-13T19:33:29.067+0000] {processor.py:157} INFO - Started process (PID=256) to work on /home/airflow/.local/lib/python3.8/site-packages/airflow/example_dags/example_python_operator.py
[2023-09-13T19:33:29.069+0000] {processor.py:829} INFO - Processing file /home/airflow/.local/lib/python3.8/site-packages/airflow/example_dags/example_python_operator.py for tasks to queue
[2023-09-13T19:33:29.071+0000] {logging_mixin.py:151} INFO - [2023-09-13T19:33:29.071+0000] {dagbag.py:539} INFO - Filling up the DagBag from /home/airflow/.local/lib/python3.8/site-packages/airflow/example_dags/example_python_operator.py
[2023-09-13T19:33:29.083+0000] {processor.py:839} INFO - DAG(s) dict_keys(['example_python_operator']) retrieved from /home/airflow/.local/lib/python3.8/site-packages/airflow/example_dags/example_python_operator.py
[2023-09-13T19:33:29.107+0000] {logging_mixin.py:151} INFO - [2023-09-13T19:33:29.107+0000] {dag.py:2915} INFO - Sync 1 DAGs
[2023-09-13T19:33:29.119+0000] {logging_mixin.py:151} INFO - [2023-09-13T19:33:29.119+0000] {dag.py:3696} INFO - Setting next_dagrun for example_python_operator to None, run_after=None
[2023-09-13T19:33:29.135+0000] {processor.py:179} INFO - Processing /home/airflow/.local/lib/python3.8/site-packages/airflow/example_dags/example_python_operator.py took 0.073 seconds
[2023-09-13T19:33:59.783+0000] {processor.py:157} INFO - Started process (PID=311) to work on /home/airflow/.local/lib/python3.8/site-packages/airflow/example_dags/example_python_operator.py
[2023-09-13T19:33:59.785+0000] {processor.py:829} INFO - Processing file /home/airflow/.local/lib/python3.8/site-packages/airflow/example_dags/example_python_operator.py for tasks to queue
[2023-09-13T19:33:59.788+0000] {logging_mixin.py:151} INFO - [2023-09-13T19:33:59.787+0000] {dagbag.py:539} INFO - Filling up the DagBag from /home/airflow/.local/lib/python3.8/site-packages/airflow/example_dags/example_python_operator.py
[2023-09-13T19:33:59.798+0000] {processor.py:839} INFO - DAG(s) dict_keys(['example_python_operator']) retrieved from /home/airflow/.local/lib/python3.8/site-packages/airflow/example_dags/example_python_operator.py
[2023-09-13T19:33:59.826+0000] {logging_mixin.py:151} INFO - [2023-09-13T19:33:59.825+0000] {dag.py:2915} INFO - Sync 1 DAGs
[2023-09-13T19:33:59.838+0000] {logging_mixin.py:151} INFO - [2023-09-13T19:33:59.838+0000] {dag.py:3696} INFO - Setting next_dagrun for example_python_operator to None, run_after=None
[2023-09-13T19:33:59.856+0000] {processor.py:179} INFO - Processing /home/airflow/.local/lib/python3.8/site-packages/airflow/example_dags/example_python_operator.py took 0.077 seconds
