[2023-09-13T19:15:54.112+0000] {processor.py:157} INFO - Started process (PID=68) to work on /home/airflow/.local/lib/python3.8/site-packages/airflow/example_dags/example_sensors.py
[2023-09-13T19:15:54.115+0000] {processor.py:829} INFO - Processing file /home/airflow/.local/lib/python3.8/site-packages/airflow/example_dags/example_sensors.py for tasks to queue
[2023-09-13T19:15:54.119+0000] {logging_mixin.py:151} INFO - [2023-09-13T19:15:54.118+0000] {dagbag.py:539} INFO - Filling up the DagBag from /home/airflow/.local/lib/python3.8/site-packages/airflow/example_dags/example_sensors.py
[2023-09-13T19:15:54.130+0000] {processor.py:839} INFO - DAG(s) dict_keys(['example_sensors']) retrieved from /home/airflow/.local/lib/python3.8/site-packages/airflow/example_dags/example_sensors.py
[2023-09-13T19:15:54.222+0000] {logging_mixin.py:151} INFO - [2023-09-13T19:15:54.221+0000] {manager.py:499} INFO - Created Permission View: %s
[2023-09-13T19:15:54.229+0000] {logging_mixin.py:151} INFO - [2023-09-13T19:15:54.229+0000] {manager.py:499} INFO - Created Permission View: %s
[2023-09-13T19:15:54.234+0000] {logging_mixin.py:151} INFO - [2023-09-13T19:15:54.234+0000] {manager.py:499} INFO - Created Permission View: %s
[2023-09-13T19:15:54.235+0000] {logging_mixin.py:151} INFO - [2023-09-13T19:15:54.235+0000] {security.py:708} INFO - Not syncing DAG-level permissions for DAG 'DAG:example_sensors' as access control is unset.
[2023-09-13T19:15:54.235+0000] {logging_mixin.py:151} INFO - [2023-09-13T19:15:54.235+0000] {dag.py:2915} INFO - Sync 1 DAGs
[2023-09-13T19:15:54.247+0000] {logging_mixin.py:151} INFO - [2023-09-13T19:15:54.246+0000] {dag.py:2937} INFO - Creating ORM DAG for example_sensors
[2023-09-13T19:15:54.248+0000] {logging_mixin.py:151} INFO - [2023-09-13T19:15:54.248+0000] {dag.py:3696} INFO - Setting next_dagrun for example_sensors to None, run_after=None
[2023-09-13T19:15:54.261+0000] {processor.py:179} INFO - Processing /home/airflow/.local/lib/python3.8/site-packages/airflow/example_dags/example_sensors.py took 0.154 seconds
[2023-09-13T19:16:24.313+0000] {processor.py:157} INFO - Started process (PID=122) to work on /home/airflow/.local/lib/python3.8/site-packages/airflow/example_dags/example_sensors.py
[2023-09-13T19:16:24.316+0000] {processor.py:829} INFO - Processing file /home/airflow/.local/lib/python3.8/site-packages/airflow/example_dags/example_sensors.py for tasks to queue
[2023-09-13T19:16:24.319+0000] {logging_mixin.py:151} INFO - [2023-09-13T19:16:24.319+0000] {dagbag.py:539} INFO - Filling up the DagBag from /home/airflow/.local/lib/python3.8/site-packages/airflow/example_dags/example_sensors.py
[2023-09-13T19:16:24.327+0000] {processor.py:839} INFO - DAG(s) dict_keys(['example_sensors']) retrieved from /home/airflow/.local/lib/python3.8/site-packages/airflow/example_dags/example_sensors.py
[2023-09-13T19:16:24.350+0000] {logging_mixin.py:151} INFO - [2023-09-13T19:16:24.350+0000] {dag.py:2915} INFO - Sync 1 DAGs
[2023-09-13T19:16:24.359+0000] {logging_mixin.py:151} INFO - [2023-09-13T19:16:24.359+0000] {dag.py:3696} INFO - Setting next_dagrun for example_sensors to None, run_after=None
[2023-09-13T19:16:24.376+0000] {processor.py:179} INFO - Processing /home/airflow/.local/lib/python3.8/site-packages/airflow/example_dags/example_sensors.py took 0.066 seconds
[2023-09-13T19:16:54.704+0000] {processor.py:157} INFO - Started process (PID=175) to work on /home/airflow/.local/lib/python3.8/site-packages/airflow/example_dags/example_sensors.py
[2023-09-13T19:16:54.706+0000] {processor.py:829} INFO - Processing file /home/airflow/.local/lib/python3.8/site-packages/airflow/example_dags/example_sensors.py for tasks to queue
[2023-09-13T19:16:54.708+0000] {logging_mixin.py:151} INFO - [2023-09-13T19:16:54.708+0000] {dagbag.py:539} INFO - Filling up the DagBag from /home/airflow/.local/lib/python3.8/site-packages/airflow/example_dags/example_sensors.py
[2023-09-13T19:16:54.716+0000] {processor.py:839} INFO - DAG(s) dict_keys(['example_sensors']) retrieved from /home/airflow/.local/lib/python3.8/site-packages/airflow/example_dags/example_sensors.py
[2023-09-13T19:16:54.740+0000] {logging_mixin.py:151} INFO - [2023-09-13T19:16:54.740+0000] {dag.py:2915} INFO - Sync 1 DAGs
[2023-09-13T19:16:54.750+0000] {logging_mixin.py:151} INFO - [2023-09-13T19:16:54.750+0000] {dag.py:3696} INFO - Setting next_dagrun for example_sensors to None, run_after=None
[2023-09-13T19:16:54.762+0000] {processor.py:179} INFO - Processing /home/airflow/.local/lib/python3.8/site-packages/airflow/example_dags/example_sensors.py took 0.061 seconds
[2023-09-13T19:17:24.982+0000] {processor.py:157} INFO - Started process (PID=229) to work on /home/airflow/.local/lib/python3.8/site-packages/airflow/example_dags/example_sensors.py
[2023-09-13T19:17:24.984+0000] {processor.py:829} INFO - Processing file /home/airflow/.local/lib/python3.8/site-packages/airflow/example_dags/example_sensors.py for tasks to queue
[2023-09-13T19:17:24.986+0000] {logging_mixin.py:151} INFO - [2023-09-13T19:17:24.986+0000] {dagbag.py:539} INFO - Filling up the DagBag from /home/airflow/.local/lib/python3.8/site-packages/airflow/example_dags/example_sensors.py
[2023-09-13T19:17:24.994+0000] {processor.py:839} INFO - DAG(s) dict_keys(['example_sensors']) retrieved from /home/airflow/.local/lib/python3.8/site-packages/airflow/example_dags/example_sensors.py
[2023-09-13T19:17:25.017+0000] {logging_mixin.py:151} INFO - [2023-09-13T19:17:25.016+0000] {dag.py:2915} INFO - Sync 1 DAGs
[2023-09-13T19:17:25.026+0000] {logging_mixin.py:151} INFO - [2023-09-13T19:17:25.026+0000] {dag.py:3696} INFO - Setting next_dagrun for example_sensors to None, run_after=None
[2023-09-13T19:17:25.038+0000] {processor.py:179} INFO - Processing /home/airflow/.local/lib/python3.8/site-packages/airflow/example_dags/example_sensors.py took 0.060 seconds
[2023-09-13T19:17:55.273+0000] {processor.py:157} INFO - Started process (PID=283) to work on /home/airflow/.local/lib/python3.8/site-packages/airflow/example_dags/example_sensors.py
[2023-09-13T19:17:55.275+0000] {processor.py:829} INFO - Processing file /home/airflow/.local/lib/python3.8/site-packages/airflow/example_dags/example_sensors.py for tasks to queue
[2023-09-13T19:17:55.277+0000] {logging_mixin.py:151} INFO - [2023-09-13T19:17:55.277+0000] {dagbag.py:539} INFO - Filling up the DagBag from /home/airflow/.local/lib/python3.8/site-packages/airflow/example_dags/example_sensors.py
[2023-09-13T19:17:55.285+0000] {processor.py:839} INFO - DAG(s) dict_keys(['example_sensors']) retrieved from /home/airflow/.local/lib/python3.8/site-packages/airflow/example_dags/example_sensors.py
[2023-09-13T19:17:55.309+0000] {logging_mixin.py:151} INFO - [2023-09-13T19:17:55.309+0000] {dag.py:2915} INFO - Sync 1 DAGs
[2023-09-13T19:17:55.318+0000] {logging_mixin.py:151} INFO - [2023-09-13T19:17:55.318+0000] {dag.py:3696} INFO - Setting next_dagrun for example_sensors to None, run_after=None
[2023-09-13T19:17:55.330+0000] {processor.py:179} INFO - Processing /home/airflow/.local/lib/python3.8/site-packages/airflow/example_dags/example_sensors.py took 0.060 seconds
[2023-09-13T19:18:25.529+0000] {processor.py:157} INFO - Started process (PID=337) to work on /home/airflow/.local/lib/python3.8/site-packages/airflow/example_dags/example_sensors.py
[2023-09-13T19:18:25.531+0000] {processor.py:829} INFO - Processing file /home/airflow/.local/lib/python3.8/site-packages/airflow/example_dags/example_sensors.py for tasks to queue
[2023-09-13T19:18:25.533+0000] {logging_mixin.py:151} INFO - [2023-09-13T19:18:25.533+0000] {dagbag.py:539} INFO - Filling up the DagBag from /home/airflow/.local/lib/python3.8/site-packages/airflow/example_dags/example_sensors.py
[2023-09-13T19:18:25.542+0000] {processor.py:839} INFO - DAG(s) dict_keys(['example_sensors']) retrieved from /home/airflow/.local/lib/python3.8/site-packages/airflow/example_dags/example_sensors.py
[2023-09-13T19:18:25.568+0000] {logging_mixin.py:151} INFO - [2023-09-13T19:18:25.568+0000] {dag.py:2915} INFO - Sync 1 DAGs
[2023-09-13T19:18:25.578+0000] {logging_mixin.py:151} INFO - [2023-09-13T19:18:25.578+0000] {dag.py:3696} INFO - Setting next_dagrun for example_sensors to None, run_after=None
[2023-09-13T19:18:25.591+0000] {processor.py:179} INFO - Processing /home/airflow/.local/lib/python3.8/site-packages/airflow/example_dags/example_sensors.py took 0.065 seconds
[2023-09-13T19:18:56.022+0000] {processor.py:157} INFO - Started process (PID=391) to work on /home/airflow/.local/lib/python3.8/site-packages/airflow/example_dags/example_sensors.py
[2023-09-13T19:18:56.024+0000] {processor.py:829} INFO - Processing file /home/airflow/.local/lib/python3.8/site-packages/airflow/example_dags/example_sensors.py for tasks to queue
[2023-09-13T19:18:56.027+0000] {logging_mixin.py:151} INFO - [2023-09-13T19:18:56.026+0000] {dagbag.py:539} INFO - Filling up the DagBag from /home/airflow/.local/lib/python3.8/site-packages/airflow/example_dags/example_sensors.py
[2023-09-13T19:18:56.035+0000] {processor.py:839} INFO - DAG(s) dict_keys(['example_sensors']) retrieved from /home/airflow/.local/lib/python3.8/site-packages/airflow/example_dags/example_sensors.py
[2023-09-13T19:18:56.059+0000] {logging_mixin.py:151} INFO - [2023-09-13T19:18:56.059+0000] {dag.py:2915} INFO - Sync 1 DAGs
[2023-09-13T19:18:56.073+0000] {logging_mixin.py:151} INFO - [2023-09-13T19:18:56.072+0000] {dag.py:3696} INFO - Setting next_dagrun for example_sensors to None, run_after=None
[2023-09-13T19:18:56.087+0000] {processor.py:179} INFO - Processing /home/airflow/.local/lib/python3.8/site-packages/airflow/example_dags/example_sensors.py took 0.068 seconds
[2023-09-13T19:19:26.379+0000] {processor.py:157} INFO - Started process (PID=446) to work on /home/airflow/.local/lib/python3.8/site-packages/airflow/example_dags/example_sensors.py
[2023-09-13T19:19:26.381+0000] {processor.py:829} INFO - Processing file /home/airflow/.local/lib/python3.8/site-packages/airflow/example_dags/example_sensors.py for tasks to queue
[2023-09-13T19:19:26.383+0000] {logging_mixin.py:151} INFO - [2023-09-13T19:19:26.383+0000] {dagbag.py:539} INFO - Filling up the DagBag from /home/airflow/.local/lib/python3.8/site-packages/airflow/example_dags/example_sensors.py
[2023-09-13T19:19:26.392+0000] {processor.py:839} INFO - DAG(s) dict_keys(['example_sensors']) retrieved from /home/airflow/.local/lib/python3.8/site-packages/airflow/example_dags/example_sensors.py
[2023-09-13T19:19:26.416+0000] {logging_mixin.py:151} INFO - [2023-09-13T19:19:26.416+0000] {dag.py:2915} INFO - Sync 1 DAGs
[2023-09-13T19:19:26.427+0000] {logging_mixin.py:151} INFO - [2023-09-13T19:19:26.427+0000] {dag.py:3696} INFO - Setting next_dagrun for example_sensors to None, run_after=None
[2023-09-13T19:19:26.440+0000] {processor.py:179} INFO - Processing /home/airflow/.local/lib/python3.8/site-packages/airflow/example_dags/example_sensors.py took 0.065 seconds
[2023-09-13T19:19:57.448+0000] {processor.py:157} INFO - Started process (PID=500) to work on /home/airflow/.local/lib/python3.8/site-packages/airflow/example_dags/example_sensors.py
[2023-09-13T19:19:57.450+0000] {processor.py:829} INFO - Processing file /home/airflow/.local/lib/python3.8/site-packages/airflow/example_dags/example_sensors.py for tasks to queue
[2023-09-13T19:19:57.453+0000] {logging_mixin.py:151} INFO - [2023-09-13T19:19:57.452+0000] {dagbag.py:539} INFO - Filling up the DagBag from /home/airflow/.local/lib/python3.8/site-packages/airflow/example_dags/example_sensors.py
[2023-09-13T19:19:57.462+0000] {processor.py:839} INFO - DAG(s) dict_keys(['example_sensors']) retrieved from /home/airflow/.local/lib/python3.8/site-packages/airflow/example_dags/example_sensors.py
[2023-09-13T19:19:57.488+0000] {logging_mixin.py:151} INFO - [2023-09-13T19:19:57.488+0000] {dag.py:2915} INFO - Sync 1 DAGs
[2023-09-13T19:19:57.498+0000] {logging_mixin.py:151} INFO - [2023-09-13T19:19:57.498+0000] {dag.py:3696} INFO - Setting next_dagrun for example_sensors to None, run_after=None
[2023-09-13T19:19:57.510+0000] {processor.py:179} INFO - Processing /home/airflow/.local/lib/python3.8/site-packages/airflow/example_dags/example_sensors.py took 0.066 seconds
[2023-09-13T19:20:27.761+0000] {processor.py:157} INFO - Started process (PID=553) to work on /home/airflow/.local/lib/python3.8/site-packages/airflow/example_dags/example_sensors.py
[2023-09-13T19:20:27.763+0000] {processor.py:829} INFO - Processing file /home/airflow/.local/lib/python3.8/site-packages/airflow/example_dags/example_sensors.py for tasks to queue
[2023-09-13T19:20:27.765+0000] {logging_mixin.py:151} INFO - [2023-09-13T19:20:27.765+0000] {dagbag.py:539} INFO - Filling up the DagBag from /home/airflow/.local/lib/python3.8/site-packages/airflow/example_dags/example_sensors.py
[2023-09-13T19:20:27.774+0000] {processor.py:839} INFO - DAG(s) dict_keys(['example_sensors']) retrieved from /home/airflow/.local/lib/python3.8/site-packages/airflow/example_dags/example_sensors.py
[2023-09-13T19:20:27.797+0000] {logging_mixin.py:151} INFO - [2023-09-13T19:20:27.796+0000] {dag.py:2915} INFO - Sync 1 DAGs
[2023-09-13T19:20:27.806+0000] {logging_mixin.py:151} INFO - [2023-09-13T19:20:27.806+0000] {dag.py:3696} INFO - Setting next_dagrun for example_sensors to None, run_after=None
[2023-09-13T19:20:27.818+0000] {processor.py:179} INFO - Processing /home/airflow/.local/lib/python3.8/site-packages/airflow/example_dags/example_sensors.py took 0.061 seconds
[2023-09-13T19:20:58.606+0000] {processor.py:157} INFO - Started process (PID=607) to work on /home/airflow/.local/lib/python3.8/site-packages/airflow/example_dags/example_sensors.py
[2023-09-13T19:20:58.608+0000] {processor.py:829} INFO - Processing file /home/airflow/.local/lib/python3.8/site-packages/airflow/example_dags/example_sensors.py for tasks to queue
[2023-09-13T19:20:58.610+0000] {logging_mixin.py:151} INFO - [2023-09-13T19:20:58.610+0000] {dagbag.py:539} INFO - Filling up the DagBag from /home/airflow/.local/lib/python3.8/site-packages/airflow/example_dags/example_sensors.py
[2023-09-13T19:20:58.619+0000] {processor.py:839} INFO - DAG(s) dict_keys(['example_sensors']) retrieved from /home/airflow/.local/lib/python3.8/site-packages/airflow/example_dags/example_sensors.py
[2023-09-13T19:20:58.644+0000] {logging_mixin.py:151} INFO - [2023-09-13T19:20:58.644+0000] {dag.py:2915} INFO - Sync 1 DAGs
[2023-09-13T19:20:58.654+0000] {logging_mixin.py:151} INFO - [2023-09-13T19:20:58.654+0000] {dag.py:3696} INFO - Setting next_dagrun for example_sensors to None, run_after=None
[2023-09-13T19:20:58.667+0000] {processor.py:179} INFO - Processing /home/airflow/.local/lib/python3.8/site-packages/airflow/example_dags/example_sensors.py took 0.065 seconds
[2023-09-13T19:21:29.292+0000] {processor.py:157} INFO - Started process (PID=661) to work on /home/airflow/.local/lib/python3.8/site-packages/airflow/example_dags/example_sensors.py
[2023-09-13T19:21:29.293+0000] {processor.py:829} INFO - Processing file /home/airflow/.local/lib/python3.8/site-packages/airflow/example_dags/example_sensors.py for tasks to queue
[2023-09-13T19:21:29.296+0000] {logging_mixin.py:151} INFO - [2023-09-13T19:21:29.296+0000] {dagbag.py:539} INFO - Filling up the DagBag from /home/airflow/.local/lib/python3.8/site-packages/airflow/example_dags/example_sensors.py
[2023-09-13T19:21:29.304+0000] {processor.py:839} INFO - DAG(s) dict_keys(['example_sensors']) retrieved from /home/airflow/.local/lib/python3.8/site-packages/airflow/example_dags/example_sensors.py
[2023-09-13T19:21:29.329+0000] {logging_mixin.py:151} INFO - [2023-09-13T19:21:29.328+0000] {dag.py:2915} INFO - Sync 1 DAGs
[2023-09-13T19:21:29.340+0000] {logging_mixin.py:151} INFO - [2023-09-13T19:21:29.339+0000] {dag.py:3696} INFO - Setting next_dagrun for example_sensors to None, run_after=None
[2023-09-13T19:21:29.352+0000] {processor.py:179} INFO - Processing /home/airflow/.local/lib/python3.8/site-packages/airflow/example_dags/example_sensors.py took 0.063 seconds
[2023-09-13T19:21:59.935+0000] {processor.py:157} INFO - Started process (PID=722) to work on /home/airflow/.local/lib/python3.8/site-packages/airflow/example_dags/example_sensors.py
[2023-09-13T19:21:59.936+0000] {processor.py:829} INFO - Processing file /home/airflow/.local/lib/python3.8/site-packages/airflow/example_dags/example_sensors.py for tasks to queue
[2023-09-13T19:21:59.939+0000] {logging_mixin.py:151} INFO - [2023-09-13T19:21:59.939+0000] {dagbag.py:539} INFO - Filling up the DagBag from /home/airflow/.local/lib/python3.8/site-packages/airflow/example_dags/example_sensors.py
[2023-09-13T19:21:59.947+0000] {processor.py:839} INFO - DAG(s) dict_keys(['example_sensors']) retrieved from /home/airflow/.local/lib/python3.8/site-packages/airflow/example_dags/example_sensors.py
[2023-09-13T19:21:59.970+0000] {logging_mixin.py:151} INFO - [2023-09-13T19:21:59.970+0000] {dag.py:2915} INFO - Sync 1 DAGs
[2023-09-13T19:21:59.981+0000] {logging_mixin.py:151} INFO - [2023-09-13T19:21:59.980+0000] {dag.py:3696} INFO - Setting next_dagrun for example_sensors to None, run_after=None
[2023-09-13T19:21:59.993+0000] {processor.py:179} INFO - Processing /home/airflow/.local/lib/python3.8/site-packages/airflow/example_dags/example_sensors.py took 0.062 seconds
[2023-09-13T19:22:30.790+0000] {processor.py:157} INFO - Started process (PID=776) to work on /home/airflow/.local/lib/python3.8/site-packages/airflow/example_dags/example_sensors.py
[2023-09-13T19:22:30.791+0000] {processor.py:829} INFO - Processing file /home/airflow/.local/lib/python3.8/site-packages/airflow/example_dags/example_sensors.py for tasks to queue
[2023-09-13T19:22:30.794+0000] {logging_mixin.py:151} INFO - [2023-09-13T19:22:30.794+0000] {dagbag.py:539} INFO - Filling up the DagBag from /home/airflow/.local/lib/python3.8/site-packages/airflow/example_dags/example_sensors.py
[2023-09-13T19:22:30.803+0000] {processor.py:839} INFO - DAG(s) dict_keys(['example_sensors']) retrieved from /home/airflow/.local/lib/python3.8/site-packages/airflow/example_dags/example_sensors.py
[2023-09-13T19:22:30.826+0000] {logging_mixin.py:151} INFO - [2023-09-13T19:22:30.826+0000] {dag.py:2915} INFO - Sync 1 DAGs
[2023-09-13T19:22:30.836+0000] {logging_mixin.py:151} INFO - [2023-09-13T19:22:30.836+0000] {dag.py:3696} INFO - Setting next_dagrun for example_sensors to None, run_after=None
[2023-09-13T19:22:30.847+0000] {processor.py:179} INFO - Processing /home/airflow/.local/lib/python3.8/site-packages/airflow/example_dags/example_sensors.py took 0.061 seconds
[2023-09-13T19:23:01.184+0000] {processor.py:157} INFO - Started process (PID=830) to work on /home/airflow/.local/lib/python3.8/site-packages/airflow/example_dags/example_sensors.py
[2023-09-13T19:23:01.185+0000] {processor.py:829} INFO - Processing file /home/airflow/.local/lib/python3.8/site-packages/airflow/example_dags/example_sensors.py for tasks to queue
[2023-09-13T19:23:01.188+0000] {logging_mixin.py:151} INFO - [2023-09-13T19:23:01.188+0000] {dagbag.py:539} INFO - Filling up the DagBag from /home/airflow/.local/lib/python3.8/site-packages/airflow/example_dags/example_sensors.py
[2023-09-13T19:23:01.197+0000] {processor.py:839} INFO - DAG(s) dict_keys(['example_sensors']) retrieved from /home/airflow/.local/lib/python3.8/site-packages/airflow/example_dags/example_sensors.py
[2023-09-13T19:23:01.220+0000] {logging_mixin.py:151} INFO - [2023-09-13T19:23:01.220+0000] {dag.py:2915} INFO - Sync 1 DAGs
[2023-09-13T19:23:01.230+0000] {logging_mixin.py:151} INFO - [2023-09-13T19:23:01.230+0000] {dag.py:3696} INFO - Setting next_dagrun for example_sensors to None, run_after=None
[2023-09-13T19:23:01.242+0000] {processor.py:179} INFO - Processing /home/airflow/.local/lib/python3.8/site-packages/airflow/example_dags/example_sensors.py took 0.062 seconds
[2023-09-13T19:23:31.448+0000] {processor.py:157} INFO - Started process (PID=884) to work on /home/airflow/.local/lib/python3.8/site-packages/airflow/example_dags/example_sensors.py
[2023-09-13T19:23:31.450+0000] {processor.py:829} INFO - Processing file /home/airflow/.local/lib/python3.8/site-packages/airflow/example_dags/example_sensors.py for tasks to queue
[2023-09-13T19:23:31.452+0000] {logging_mixin.py:151} INFO - [2023-09-13T19:23:31.452+0000] {dagbag.py:539} INFO - Filling up the DagBag from /home/airflow/.local/lib/python3.8/site-packages/airflow/example_dags/example_sensors.py
[2023-09-13T19:23:31.461+0000] {processor.py:839} INFO - DAG(s) dict_keys(['example_sensors']) retrieved from /home/airflow/.local/lib/python3.8/site-packages/airflow/example_dags/example_sensors.py
[2023-09-13T19:23:31.484+0000] {logging_mixin.py:151} INFO - [2023-09-13T19:23:31.484+0000] {dag.py:2915} INFO - Sync 1 DAGs
[2023-09-13T19:23:31.494+0000] {logging_mixin.py:151} INFO - [2023-09-13T19:23:31.494+0000] {dag.py:3696} INFO - Setting next_dagrun for example_sensors to None, run_after=None
[2023-09-13T19:23:31.505+0000] {processor.py:179} INFO - Processing /home/airflow/.local/lib/python3.8/site-packages/airflow/example_dags/example_sensors.py took 0.064 seconds
[2023-09-13T19:24:01.582+0000] {processor.py:157} INFO - Started process (PID=938) to work on /home/airflow/.local/lib/python3.8/site-packages/airflow/example_dags/example_sensors.py
[2023-09-13T19:24:01.583+0000] {processor.py:829} INFO - Processing file /home/airflow/.local/lib/python3.8/site-packages/airflow/example_dags/example_sensors.py for tasks to queue
[2023-09-13T19:24:01.585+0000] {logging_mixin.py:151} INFO - [2023-09-13T19:24:01.585+0000] {dagbag.py:539} INFO - Filling up the DagBag from /home/airflow/.local/lib/python3.8/site-packages/airflow/example_dags/example_sensors.py
[2023-09-13T19:24:01.594+0000] {processor.py:839} INFO - DAG(s) dict_keys(['example_sensors']) retrieved from /home/airflow/.local/lib/python3.8/site-packages/airflow/example_dags/example_sensors.py
[2023-09-13T19:24:01.617+0000] {logging_mixin.py:151} INFO - [2023-09-13T19:24:01.617+0000] {dag.py:2915} INFO - Sync 1 DAGs
[2023-09-13T19:24:01.628+0000] {logging_mixin.py:151} INFO - [2023-09-13T19:24:01.627+0000] {dag.py:3696} INFO - Setting next_dagrun for example_sensors to None, run_after=None
[2023-09-13T19:24:01.641+0000] {processor.py:179} INFO - Processing /home/airflow/.local/lib/python3.8/site-packages/airflow/example_dags/example_sensors.py took 0.062 seconds
[2023-09-13T19:24:31.919+0000] {processor.py:157} INFO - Started process (PID=993) to work on /home/airflow/.local/lib/python3.8/site-packages/airflow/example_dags/example_sensors.py
[2023-09-13T19:24:31.921+0000] {processor.py:829} INFO - Processing file /home/airflow/.local/lib/python3.8/site-packages/airflow/example_dags/example_sensors.py for tasks to queue
[2023-09-13T19:24:31.923+0000] {logging_mixin.py:151} INFO - [2023-09-13T19:24:31.922+0000] {dagbag.py:539} INFO - Filling up the DagBag from /home/airflow/.local/lib/python3.8/site-packages/airflow/example_dags/example_sensors.py
[2023-09-13T19:24:31.931+0000] {processor.py:839} INFO - DAG(s) dict_keys(['example_sensors']) retrieved from /home/airflow/.local/lib/python3.8/site-packages/airflow/example_dags/example_sensors.py
[2023-09-13T19:24:31.955+0000] {logging_mixin.py:151} INFO - [2023-09-13T19:24:31.955+0000] {dag.py:2915} INFO - Sync 1 DAGs
[2023-09-13T19:24:31.965+0000] {logging_mixin.py:151} INFO - [2023-09-13T19:24:31.965+0000] {dag.py:3696} INFO - Setting next_dagrun for example_sensors to None, run_after=None
[2023-09-13T19:24:31.978+0000] {processor.py:179} INFO - Processing /home/airflow/.local/lib/python3.8/site-packages/airflow/example_dags/example_sensors.py took 0.062 seconds
[2023-09-13T19:25:02.063+0000] {processor.py:157} INFO - Started process (PID=1045) to work on /home/airflow/.local/lib/python3.8/site-packages/airflow/example_dags/example_sensors.py
[2023-09-13T19:25:02.065+0000] {processor.py:829} INFO - Processing file /home/airflow/.local/lib/python3.8/site-packages/airflow/example_dags/example_sensors.py for tasks to queue
[2023-09-13T19:25:02.068+0000] {logging_mixin.py:151} INFO - [2023-09-13T19:25:02.067+0000] {dagbag.py:539} INFO - Filling up the DagBag from /home/airflow/.local/lib/python3.8/site-packages/airflow/example_dags/example_sensors.py
[2023-09-13T19:25:02.077+0000] {processor.py:839} INFO - DAG(s) dict_keys(['example_sensors']) retrieved from /home/airflow/.local/lib/python3.8/site-packages/airflow/example_dags/example_sensors.py
[2023-09-13T19:25:02.101+0000] {logging_mixin.py:151} INFO - [2023-09-13T19:25:02.101+0000] {dag.py:2915} INFO - Sync 1 DAGs
[2023-09-13T19:25:02.111+0000] {logging_mixin.py:151} INFO - [2023-09-13T19:25:02.111+0000] {dag.py:3696} INFO - Setting next_dagrun for example_sensors to None, run_after=None
[2023-09-13T19:25:02.123+0000] {processor.py:179} INFO - Processing /home/airflow/.local/lib/python3.8/site-packages/airflow/example_dags/example_sensors.py took 0.065 seconds
[2023-09-13T19:25:32.396+0000] {processor.py:157} INFO - Started process (PID=1099) to work on /home/airflow/.local/lib/python3.8/site-packages/airflow/example_dags/example_sensors.py
[2023-09-13T19:25:32.397+0000] {processor.py:829} INFO - Processing file /home/airflow/.local/lib/python3.8/site-packages/airflow/example_dags/example_sensors.py for tasks to queue
[2023-09-13T19:25:32.400+0000] {logging_mixin.py:151} INFO - [2023-09-13T19:25:32.399+0000] {dagbag.py:539} INFO - Filling up the DagBag from /home/airflow/.local/lib/python3.8/site-packages/airflow/example_dags/example_sensors.py
[2023-09-13T19:25:32.408+0000] {processor.py:839} INFO - DAG(s) dict_keys(['example_sensors']) retrieved from /home/airflow/.local/lib/python3.8/site-packages/airflow/example_dags/example_sensors.py
[2023-09-13T19:25:32.432+0000] {logging_mixin.py:151} INFO - [2023-09-13T19:25:32.432+0000] {dag.py:2915} INFO - Sync 1 DAGs
[2023-09-13T19:25:32.442+0000] {logging_mixin.py:151} INFO - [2023-09-13T19:25:32.442+0000] {dag.py:3696} INFO - Setting next_dagrun for example_sensors to None, run_after=None
[2023-09-13T19:25:32.455+0000] {processor.py:179} INFO - Processing /home/airflow/.local/lib/python3.8/site-packages/airflow/example_dags/example_sensors.py took 0.062 seconds
[2023-09-13T19:26:03.439+0000] {processor.py:157} INFO - Started process (PID=1156) to work on /home/airflow/.local/lib/python3.8/site-packages/airflow/example_dags/example_sensors.py
[2023-09-13T19:26:03.440+0000] {processor.py:829} INFO - Processing file /home/airflow/.local/lib/python3.8/site-packages/airflow/example_dags/example_sensors.py for tasks to queue
[2023-09-13T19:26:03.443+0000] {logging_mixin.py:151} INFO - [2023-09-13T19:26:03.443+0000] {dagbag.py:539} INFO - Filling up the DagBag from /home/airflow/.local/lib/python3.8/site-packages/airflow/example_dags/example_sensors.py
[2023-09-13T19:26:03.451+0000] {processor.py:839} INFO - DAG(s) dict_keys(['example_sensors']) retrieved from /home/airflow/.local/lib/python3.8/site-packages/airflow/example_dags/example_sensors.py
[2023-09-13T19:26:03.485+0000] {logging_mixin.py:151} INFO - [2023-09-13T19:26:03.485+0000] {dag.py:2915} INFO - Sync 1 DAGs
[2023-09-13T19:26:03.497+0000] {logging_mixin.py:151} INFO - [2023-09-13T19:26:03.496+0000] {dag.py:3696} INFO - Setting next_dagrun for example_sensors to None, run_after=None
[2023-09-13T19:26:03.509+0000] {processor.py:179} INFO - Processing /home/airflow/.local/lib/python3.8/site-packages/airflow/example_dags/example_sensors.py took 0.074 seconds
[2023-09-13T19:26:33.876+0000] {processor.py:157} INFO - Started process (PID=1213) to work on /home/airflow/.local/lib/python3.8/site-packages/airflow/example_dags/example_sensors.py
[2023-09-13T19:26:33.878+0000] {processor.py:829} INFO - Processing file /home/airflow/.local/lib/python3.8/site-packages/airflow/example_dags/example_sensors.py for tasks to queue
[2023-09-13T19:26:33.880+0000] {logging_mixin.py:151} INFO - [2023-09-13T19:26:33.880+0000] {dagbag.py:539} INFO - Filling up the DagBag from /home/airflow/.local/lib/python3.8/site-packages/airflow/example_dags/example_sensors.py
[2023-09-13T19:26:33.889+0000] {processor.py:839} INFO - DAG(s) dict_keys(['example_sensors']) retrieved from /home/airflow/.local/lib/python3.8/site-packages/airflow/example_dags/example_sensors.py
[2023-09-13T19:26:33.915+0000] {logging_mixin.py:151} INFO - [2023-09-13T19:26:33.915+0000] {dag.py:2915} INFO - Sync 1 DAGs
[2023-09-13T19:26:33.926+0000] {logging_mixin.py:151} INFO - [2023-09-13T19:26:33.926+0000] {dag.py:3696} INFO - Setting next_dagrun for example_sensors to None, run_after=None
[2023-09-13T19:26:33.941+0000] {processor.py:179} INFO - Processing /home/airflow/.local/lib/python3.8/site-packages/airflow/example_dags/example_sensors.py took 0.068 seconds
[2023-09-13T19:27:04.318+0000] {processor.py:157} INFO - Started process (PID=1268) to work on /home/airflow/.local/lib/python3.8/site-packages/airflow/example_dags/example_sensors.py
[2023-09-13T19:27:04.319+0000] {processor.py:829} INFO - Processing file /home/airflow/.local/lib/python3.8/site-packages/airflow/example_dags/example_sensors.py for tasks to queue
[2023-09-13T19:27:04.322+0000] {logging_mixin.py:151} INFO - [2023-09-13T19:27:04.321+0000] {dagbag.py:539} INFO - Filling up the DagBag from /home/airflow/.local/lib/python3.8/site-packages/airflow/example_dags/example_sensors.py
[2023-09-13T19:27:04.330+0000] {processor.py:839} INFO - DAG(s) dict_keys(['example_sensors']) retrieved from /home/airflow/.local/lib/python3.8/site-packages/airflow/example_dags/example_sensors.py
[2023-09-13T19:27:04.355+0000] {logging_mixin.py:151} INFO - [2023-09-13T19:27:04.355+0000] {dag.py:2915} INFO - Sync 1 DAGs
[2023-09-13T19:27:04.365+0000] {logging_mixin.py:151} INFO - [2023-09-13T19:27:04.365+0000] {dag.py:3696} INFO - Setting next_dagrun for example_sensors to None, run_after=None
[2023-09-13T19:27:04.378+0000] {processor.py:179} INFO - Processing /home/airflow/.local/lib/python3.8/site-packages/airflow/example_dags/example_sensors.py took 0.064 seconds
[2023-09-13T19:28:18.116+0000] {processor.py:157} INFO - Started process (PID=68) to work on /home/airflow/.local/lib/python3.8/site-packages/airflow/example_dags/example_sensors.py
[2023-09-13T19:28:18.122+0000] {processor.py:829} INFO - Processing file /home/airflow/.local/lib/python3.8/site-packages/airflow/example_dags/example_sensors.py for tasks to queue
[2023-09-13T19:28:18.132+0000] {logging_mixin.py:151} INFO - [2023-09-13T19:28:18.131+0000] {dagbag.py:539} INFO - Filling up the DagBag from /home/airflow/.local/lib/python3.8/site-packages/airflow/example_dags/example_sensors.py
[2023-09-13T19:28:18.177+0000] {processor.py:839} INFO - DAG(s) dict_keys(['example_sensors']) retrieved from /home/airflow/.local/lib/python3.8/site-packages/airflow/example_dags/example_sensors.py
[2023-09-13T19:28:18.222+0000] {logging_mixin.py:151} INFO - [2023-09-13T19:28:18.222+0000] {dag.py:2915} INFO - Sync 1 DAGs
[2023-09-13T19:28:18.242+0000] {logging_mixin.py:151} INFO - [2023-09-13T19:28:18.242+0000] {dag.py:3696} INFO - Setting next_dagrun for example_sensors to None, run_after=None
[2023-09-13T19:28:18.263+0000] {processor.py:179} INFO - Processing /home/airflow/.local/lib/python3.8/site-packages/airflow/example_dags/example_sensors.py took 0.157 seconds
[2023-09-13T19:28:48.427+0000] {processor.py:157} INFO - Started process (PID=124) to work on /home/airflow/.local/lib/python3.8/site-packages/airflow/example_dags/example_sensors.py
[2023-09-13T19:28:48.428+0000] {processor.py:829} INFO - Processing file /home/airflow/.local/lib/python3.8/site-packages/airflow/example_dags/example_sensors.py for tasks to queue
[2023-09-13T19:28:48.433+0000] {logging_mixin.py:151} INFO - [2023-09-13T19:28:48.432+0000] {dagbag.py:539} INFO - Filling up the DagBag from /home/airflow/.local/lib/python3.8/site-packages/airflow/example_dags/example_sensors.py
[2023-09-13T19:28:48.442+0000] {processor.py:839} INFO - DAG(s) dict_keys(['example_sensors']) retrieved from /home/airflow/.local/lib/python3.8/site-packages/airflow/example_dags/example_sensors.py
[2023-09-13T19:28:48.471+0000] {logging_mixin.py:151} INFO - [2023-09-13T19:28:48.471+0000] {dag.py:2915} INFO - Sync 1 DAGs
[2023-09-13T19:28:48.485+0000] {logging_mixin.py:151} INFO - [2023-09-13T19:28:48.485+0000] {dag.py:3696} INFO - Setting next_dagrun for example_sensors to None, run_after=None
[2023-09-13T19:28:48.500+0000] {processor.py:179} INFO - Processing /home/airflow/.local/lib/python3.8/site-packages/airflow/example_dags/example_sensors.py took 0.077 seconds
[2023-09-13T19:29:18.594+0000] {processor.py:157} INFO - Started process (PID=179) to work on /home/airflow/.local/lib/python3.8/site-packages/airflow/example_dags/example_sensors.py
[2023-09-13T19:29:18.596+0000] {processor.py:829} INFO - Processing file /home/airflow/.local/lib/python3.8/site-packages/airflow/example_dags/example_sensors.py for tasks to queue
[2023-09-13T19:29:18.598+0000] {logging_mixin.py:151} INFO - [2023-09-13T19:29:18.598+0000] {dagbag.py:539} INFO - Filling up the DagBag from /home/airflow/.local/lib/python3.8/site-packages/airflow/example_dags/example_sensors.py
[2023-09-13T19:29:18.606+0000] {processor.py:839} INFO - DAG(s) dict_keys(['example_sensors']) retrieved from /home/airflow/.local/lib/python3.8/site-packages/airflow/example_dags/example_sensors.py
[2023-09-13T19:29:18.630+0000] {logging_mixin.py:151} INFO - [2023-09-13T19:29:18.630+0000] {dag.py:2915} INFO - Sync 1 DAGs
[2023-09-13T19:29:18.640+0000] {logging_mixin.py:151} INFO - [2023-09-13T19:29:18.639+0000] {dag.py:3696} INFO - Setting next_dagrun for example_sensors to None, run_after=None
[2023-09-13T19:29:18.651+0000] {processor.py:179} INFO - Processing /home/airflow/.local/lib/python3.8/site-packages/airflow/example_dags/example_sensors.py took 0.061 seconds
[2023-09-13T19:29:48.898+0000] {processor.py:157} INFO - Started process (PID=233) to work on /home/airflow/.local/lib/python3.8/site-packages/airflow/example_dags/example_sensors.py
[2023-09-13T19:29:48.899+0000] {processor.py:829} INFO - Processing file /home/airflow/.local/lib/python3.8/site-packages/airflow/example_dags/example_sensors.py for tasks to queue
[2023-09-13T19:29:48.902+0000] {logging_mixin.py:151} INFO - [2023-09-13T19:29:48.901+0000] {dagbag.py:539} INFO - Filling up the DagBag from /home/airflow/.local/lib/python3.8/site-packages/airflow/example_dags/example_sensors.py
[2023-09-13T19:29:48.909+0000] {processor.py:839} INFO - DAG(s) dict_keys(['example_sensors']) retrieved from /home/airflow/.local/lib/python3.8/site-packages/airflow/example_dags/example_sensors.py
[2023-09-13T19:29:48.934+0000] {logging_mixin.py:151} INFO - [2023-09-13T19:29:48.934+0000] {dag.py:2915} INFO - Sync 1 DAGs
[2023-09-13T19:29:48.944+0000] {logging_mixin.py:151} INFO - [2023-09-13T19:29:48.943+0000] {dag.py:3696} INFO - Setting next_dagrun for example_sensors to None, run_after=None
[2023-09-13T19:29:48.956+0000] {processor.py:179} INFO - Processing /home/airflow/.local/lib/python3.8/site-packages/airflow/example_dags/example_sensors.py took 0.061 seconds
[2023-09-13T19:30:19.276+0000] {processor.py:157} INFO - Started process (PID=287) to work on /home/airflow/.local/lib/python3.8/site-packages/airflow/example_dags/example_sensors.py
[2023-09-13T19:30:19.278+0000] {processor.py:829} INFO - Processing file /home/airflow/.local/lib/python3.8/site-packages/airflow/example_dags/example_sensors.py for tasks to queue
[2023-09-13T19:30:19.283+0000] {logging_mixin.py:151} INFO - [2023-09-13T19:30:19.282+0000] {dagbag.py:539} INFO - Filling up the DagBag from /home/airflow/.local/lib/python3.8/site-packages/airflow/example_dags/example_sensors.py
[2023-09-13T19:30:19.293+0000] {processor.py:839} INFO - DAG(s) dict_keys(['example_sensors']) retrieved from /home/airflow/.local/lib/python3.8/site-packages/airflow/example_dags/example_sensors.py
[2023-09-13T19:30:19.324+0000] {logging_mixin.py:151} INFO - [2023-09-13T19:30:19.324+0000] {dag.py:2915} INFO - Sync 1 DAGs
[2023-09-13T19:30:19.338+0000] {logging_mixin.py:151} INFO - [2023-09-13T19:30:19.337+0000] {dag.py:3696} INFO - Setting next_dagrun for example_sensors to None, run_after=None
[2023-09-13T19:30:19.356+0000] {processor.py:179} INFO - Processing /home/airflow/.local/lib/python3.8/site-packages/airflow/example_dags/example_sensors.py took 0.085 seconds
[2023-09-13T19:31:33.459+0000] {processor.py:157} INFO - Started process (PID=69) to work on /home/airflow/.local/lib/python3.8/site-packages/airflow/example_dags/example_sensors.py
[2023-09-13T19:31:33.462+0000] {processor.py:829} INFO - Processing file /home/airflow/.local/lib/python3.8/site-packages/airflow/example_dags/example_sensors.py for tasks to queue
[2023-09-13T19:31:33.480+0000] {logging_mixin.py:151} INFO - [2023-09-13T19:31:33.480+0000] {dagbag.py:539} INFO - Filling up the DagBag from /home/airflow/.local/lib/python3.8/site-packages/airflow/example_dags/example_sensors.py
[2023-09-13T19:31:33.541+0000] {processor.py:839} INFO - DAG(s) dict_keys(['example_sensors']) retrieved from /home/airflow/.local/lib/python3.8/site-packages/airflow/example_dags/example_sensors.py
[2023-09-13T19:31:33.597+0000] {logging_mixin.py:151} INFO - [2023-09-13T19:31:33.597+0000] {dag.py:2915} INFO - Sync 1 DAGs
[2023-09-13T19:31:33.629+0000] {logging_mixin.py:151} INFO - [2023-09-13T19:31:33.629+0000] {dag.py:3696} INFO - Setting next_dagrun for example_sensors to None, run_after=None
[2023-09-13T19:31:33.661+0000] {processor.py:179} INFO - Processing /home/airflow/.local/lib/python3.8/site-packages/airflow/example_dags/example_sensors.py took 0.210 seconds
[2023-09-13T19:32:03.737+0000] {processor.py:157} INFO - Started process (PID=124) to work on /home/airflow/.local/lib/python3.8/site-packages/airflow/example_dags/example_sensors.py
[2023-09-13T19:32:03.739+0000] {processor.py:829} INFO - Processing file /home/airflow/.local/lib/python3.8/site-packages/airflow/example_dags/example_sensors.py for tasks to queue
[2023-09-13T19:32:03.741+0000] {logging_mixin.py:151} INFO - [2023-09-13T19:32:03.740+0000] {dagbag.py:539} INFO - Filling up the DagBag from /home/airflow/.local/lib/python3.8/site-packages/airflow/example_dags/example_sensors.py
[2023-09-13T19:32:03.750+0000] {processor.py:839} INFO - DAG(s) dict_keys(['example_sensors']) retrieved from /home/airflow/.local/lib/python3.8/site-packages/airflow/example_dags/example_sensors.py
[2023-09-13T19:32:03.777+0000] {logging_mixin.py:151} INFO - [2023-09-13T19:32:03.777+0000] {dag.py:2915} INFO - Sync 1 DAGs
[2023-09-13T19:32:03.788+0000] {logging_mixin.py:151} INFO - [2023-09-13T19:32:03.788+0000] {dag.py:3696} INFO - Setting next_dagrun for example_sensors to None, run_after=None
[2023-09-13T19:32:03.803+0000] {processor.py:179} INFO - Processing /home/airflow/.local/lib/python3.8/site-packages/airflow/example_dags/example_sensors.py took 0.070 seconds
[2023-09-13T19:32:34.841+0000] {processor.py:157} INFO - Started process (PID=179) to work on /home/airflow/.local/lib/python3.8/site-packages/airflow/example_dags/example_sensors.py
[2023-09-13T19:32:34.843+0000] {processor.py:829} INFO - Processing file /home/airflow/.local/lib/python3.8/site-packages/airflow/example_dags/example_sensors.py for tasks to queue
[2023-09-13T19:32:34.845+0000] {logging_mixin.py:151} INFO - [2023-09-13T19:32:34.845+0000] {dagbag.py:539} INFO - Filling up the DagBag from /home/airflow/.local/lib/python3.8/site-packages/airflow/example_dags/example_sensors.py
[2023-09-13T19:32:34.854+0000] {processor.py:839} INFO - DAG(s) dict_keys(['example_sensors']) retrieved from /home/airflow/.local/lib/python3.8/site-packages/airflow/example_dags/example_sensors.py
[2023-09-13T19:32:34.878+0000] {logging_mixin.py:151} INFO - [2023-09-13T19:32:34.878+0000] {dag.py:2915} INFO - Sync 1 DAGs
[2023-09-13T19:32:34.889+0000] {logging_mixin.py:151} INFO - [2023-09-13T19:32:34.889+0000] {dag.py:3696} INFO - Setting next_dagrun for example_sensors to None, run_after=None
[2023-09-13T19:32:34.902+0000] {processor.py:179} INFO - Processing /home/airflow/.local/lib/python3.8/site-packages/airflow/example_dags/example_sensors.py took 0.064 seconds
[2023-09-13T19:33:05.805+0000] {processor.py:157} INFO - Started process (PID=234) to work on /home/airflow/.local/lib/python3.8/site-packages/airflow/example_dags/example_sensors.py
[2023-09-13T19:33:05.807+0000] {processor.py:829} INFO - Processing file /home/airflow/.local/lib/python3.8/site-packages/airflow/example_dags/example_sensors.py for tasks to queue
[2023-09-13T19:33:05.809+0000] {logging_mixin.py:151} INFO - [2023-09-13T19:33:05.809+0000] {dagbag.py:539} INFO - Filling up the DagBag from /home/airflow/.local/lib/python3.8/site-packages/airflow/example_dags/example_sensors.py
[2023-09-13T19:33:05.819+0000] {processor.py:839} INFO - DAG(s) dict_keys(['example_sensors']) retrieved from /home/airflow/.local/lib/python3.8/site-packages/airflow/example_dags/example_sensors.py
[2023-09-13T19:33:05.846+0000] {logging_mixin.py:151} INFO - [2023-09-13T19:33:05.845+0000] {dag.py:2915} INFO - Sync 1 DAGs
[2023-09-13T19:33:05.857+0000] {logging_mixin.py:151} INFO - [2023-09-13T19:33:05.856+0000] {dag.py:3696} INFO - Setting next_dagrun for example_sensors to None, run_after=None
[2023-09-13T19:33:05.870+0000] {processor.py:179} INFO - Processing /home/airflow/.local/lib/python3.8/site-packages/airflow/example_dags/example_sensors.py took 0.068 seconds
[2023-09-13T19:33:36.916+0000] {processor.py:157} INFO - Started process (PID=289) to work on /home/airflow/.local/lib/python3.8/site-packages/airflow/example_dags/example_sensors.py
[2023-09-13T19:33:36.917+0000] {processor.py:829} INFO - Processing file /home/airflow/.local/lib/python3.8/site-packages/airflow/example_dags/example_sensors.py for tasks to queue
[2023-09-13T19:33:36.919+0000] {logging_mixin.py:151} INFO - [2023-09-13T19:33:36.919+0000] {dagbag.py:539} INFO - Filling up the DagBag from /home/airflow/.local/lib/python3.8/site-packages/airflow/example_dags/example_sensors.py
[2023-09-13T19:33:36.928+0000] {processor.py:839} INFO - DAG(s) dict_keys(['example_sensors']) retrieved from /home/airflow/.local/lib/python3.8/site-packages/airflow/example_dags/example_sensors.py
[2023-09-13T19:33:36.952+0000] {logging_mixin.py:151} INFO - [2023-09-13T19:33:36.952+0000] {dag.py:2915} INFO - Sync 1 DAGs
[2023-09-13T19:33:36.962+0000] {logging_mixin.py:151} INFO - [2023-09-13T19:33:36.962+0000] {dag.py:3696} INFO - Setting next_dagrun for example_sensors to None, run_after=None
[2023-09-13T19:33:36.974+0000] {processor.py:179} INFO - Processing /home/airflow/.local/lib/python3.8/site-packages/airflow/example_dags/example_sensors.py took 0.062 seconds
[2023-09-13T19:34:07.567+0000] {processor.py:157} INFO - Started process (PID=344) to work on /home/airflow/.local/lib/python3.8/site-packages/airflow/example_dags/example_sensors.py
[2023-09-13T19:34:07.568+0000] {processor.py:829} INFO - Processing file /home/airflow/.local/lib/python3.8/site-packages/airflow/example_dags/example_sensors.py for tasks to queue
[2023-09-13T19:34:07.570+0000] {logging_mixin.py:151} INFO - [2023-09-13T19:34:07.570+0000] {dagbag.py:539} INFO - Filling up the DagBag from /home/airflow/.local/lib/python3.8/site-packages/airflow/example_dags/example_sensors.py
[2023-09-13T19:34:07.579+0000] {processor.py:839} INFO - DAG(s) dict_keys(['example_sensors']) retrieved from /home/airflow/.local/lib/python3.8/site-packages/airflow/example_dags/example_sensors.py
[2023-09-13T19:34:07.602+0000] {logging_mixin.py:151} INFO - [2023-09-13T19:34:07.602+0000] {dag.py:2915} INFO - Sync 1 DAGs
[2023-09-13T19:34:07.612+0000] {logging_mixin.py:151} INFO - [2023-09-13T19:34:07.612+0000] {dag.py:3696} INFO - Setting next_dagrun for example_sensors to None, run_after=None
[2023-09-13T19:34:07.625+0000] {processor.py:179} INFO - Processing /home/airflow/.local/lib/python3.8/site-packages/airflow/example_dags/example_sensors.py took 0.062 seconds
