[2023-09-13T19:15:52.306+0000] {processor.py:157} INFO - Started process (PID=55) to work on /home/airflow/.local/lib/python3.8/site-packages/airflow/example_dags/example_sla_dag.py
[2023-09-13T19:15:52.307+0000] {processor.py:829} INFO - Processing file /home/airflow/.local/lib/python3.8/site-packages/airflow/example_dags/example_sla_dag.py for tasks to queue
[2023-09-13T19:15:52.310+0000] {logging_mixin.py:151} INFO - [2023-09-13T19:15:52.310+0000] {dagbag.py:539} INFO - Filling up the DagBag from /home/airflow/.local/lib/python3.8/site-packages/airflow/example_dags/example_sla_dag.py
[2023-09-13T19:15:52.321+0000] {processor.py:839} INFO - DAG(s) dict_keys(['example_sla_dag']) retrieved from /home/airflow/.local/lib/python3.8/site-packages/airflow/example_dags/example_sla_dag.py
[2023-09-13T19:15:52.451+0000] {logging_mixin.py:151} INFO - [2023-09-13T19:15:52.451+0000] {manager.py:499} INFO - Created Permission View: %s
[2023-09-13T19:15:52.466+0000] {logging_mixin.py:151} INFO - [2023-09-13T19:15:52.466+0000] {manager.py:499} INFO - Created Permission View: %s
[2023-09-13T19:15:52.473+0000] {logging_mixin.py:151} INFO - [2023-09-13T19:15:52.473+0000] {manager.py:499} INFO - Created Permission View: %s
[2023-09-13T19:15:52.475+0000] {logging_mixin.py:151} INFO - [2023-09-13T19:15:52.474+0000] {security.py:708} INFO - Not syncing DAG-level permissions for DAG 'DAG:example_sla_dag' as access control is unset.
[2023-09-13T19:15:52.475+0000] {logging_mixin.py:151} INFO - [2023-09-13T19:15:52.475+0000] {dag.py:2915} INFO - Sync 1 DAGs
[2023-09-13T19:15:52.486+0000] {logging_mixin.py:151} INFO - [2023-09-13T19:15:52.486+0000] {dag.py:2937} INFO - Creating ORM DAG for example_sla_dag
[2023-09-13T19:15:52.508+0000] {logging_mixin.py:151} INFO - [2023-09-13T19:15:52.508+0000] {dag.py:3696} INFO - Setting next_dagrun for example_sla_dag to 2023-09-13T19:12:00+00:00, run_after=2023-09-13T19:14:00+00:00
[2023-09-13T19:15:52.536+0000] {processor.py:179} INFO - Processing /home/airflow/.local/lib/python3.8/site-packages/airflow/example_dags/example_sla_dag.py took 0.235 seconds
[2023-09-13T19:16:22.584+0000] {processor.py:157} INFO - Started process (PID=109) to work on /home/airflow/.local/lib/python3.8/site-packages/airflow/example_dags/example_sla_dag.py
[2023-09-13T19:16:22.585+0000] {processor.py:829} INFO - Processing file /home/airflow/.local/lib/python3.8/site-packages/airflow/example_dags/example_sla_dag.py for tasks to queue
[2023-09-13T19:16:22.588+0000] {logging_mixin.py:151} INFO - [2023-09-13T19:16:22.588+0000] {dagbag.py:539} INFO - Filling up the DagBag from /home/airflow/.local/lib/python3.8/site-packages/airflow/example_dags/example_sla_dag.py
[2023-09-13T19:16:22.596+0000] {processor.py:839} INFO - DAG(s) dict_keys(['example_sla_dag']) retrieved from /home/airflow/.local/lib/python3.8/site-packages/airflow/example_dags/example_sla_dag.py
[2023-09-13T19:16:22.618+0000] {logging_mixin.py:151} INFO - [2023-09-13T19:16:22.618+0000] {dag.py:2915} INFO - Sync 1 DAGs
[2023-09-13T19:16:22.638+0000] {logging_mixin.py:151} INFO - [2023-09-13T19:16:22.637+0000] {dag.py:3696} INFO - Setting next_dagrun for example_sla_dag to 2023-09-13T19:14:00+00:00, run_after=2023-09-13T19:16:00+00:00
[2023-09-13T19:16:22.650+0000] {processor.py:179} INFO - Processing /home/airflow/.local/lib/python3.8/site-packages/airflow/example_dags/example_sla_dag.py took 0.069 seconds
[2023-09-13T19:16:52.810+0000] {processor.py:157} INFO - Started process (PID=162) to work on /home/airflow/.local/lib/python3.8/site-packages/airflow/example_dags/example_sla_dag.py
[2023-09-13T19:16:52.811+0000] {processor.py:829} INFO - Processing file /home/airflow/.local/lib/python3.8/site-packages/airflow/example_dags/example_sla_dag.py for tasks to queue
[2023-09-13T19:16:52.814+0000] {logging_mixin.py:151} INFO - [2023-09-13T19:16:52.814+0000] {dagbag.py:539} INFO - Filling up the DagBag from /home/airflow/.local/lib/python3.8/site-packages/airflow/example_dags/example_sla_dag.py
[2023-09-13T19:16:52.823+0000] {processor.py:839} INFO - DAG(s) dict_keys(['example_sla_dag']) retrieved from /home/airflow/.local/lib/python3.8/site-packages/airflow/example_dags/example_sla_dag.py
[2023-09-13T19:16:52.846+0000] {logging_mixin.py:151} INFO - [2023-09-13T19:16:52.846+0000] {dag.py:2915} INFO - Sync 1 DAGs
[2023-09-13T19:16:52.868+0000] {logging_mixin.py:151} INFO - [2023-09-13T19:16:52.868+0000] {dag.py:3696} INFO - Setting next_dagrun for example_sla_dag to 2023-09-13T19:14:00+00:00, run_after=2023-09-13T19:16:00+00:00
[2023-09-13T19:16:52.881+0000] {processor.py:179} INFO - Processing /home/airflow/.local/lib/python3.8/site-packages/airflow/example_dags/example_sla_dag.py took 0.075 seconds
[2023-09-13T19:17:23.281+0000] {processor.py:157} INFO - Started process (PID=216) to work on /home/airflow/.local/lib/python3.8/site-packages/airflow/example_dags/example_sla_dag.py
[2023-09-13T19:17:23.282+0000] {processor.py:829} INFO - Processing file /home/airflow/.local/lib/python3.8/site-packages/airflow/example_dags/example_sla_dag.py for tasks to queue
[2023-09-13T19:17:23.285+0000] {logging_mixin.py:151} INFO - [2023-09-13T19:17:23.284+0000] {dagbag.py:539} INFO - Filling up the DagBag from /home/airflow/.local/lib/python3.8/site-packages/airflow/example_dags/example_sla_dag.py
[2023-09-13T19:17:23.293+0000] {processor.py:839} INFO - DAG(s) dict_keys(['example_sla_dag']) retrieved from /home/airflow/.local/lib/python3.8/site-packages/airflow/example_dags/example_sla_dag.py
[2023-09-13T19:17:23.316+0000] {logging_mixin.py:151} INFO - [2023-09-13T19:17:23.316+0000] {dag.py:2915} INFO - Sync 1 DAGs
[2023-09-13T19:17:23.337+0000] {logging_mixin.py:151} INFO - [2023-09-13T19:17:23.336+0000] {dag.py:3696} INFO - Setting next_dagrun for example_sla_dag to 2023-09-13T19:14:00+00:00, run_after=2023-09-13T19:16:00+00:00
[2023-09-13T19:17:23.349+0000] {processor.py:179} INFO - Processing /home/airflow/.local/lib/python3.8/site-packages/airflow/example_dags/example_sla_dag.py took 0.072 seconds
[2023-09-13T19:17:53.530+0000] {processor.py:157} INFO - Started process (PID=270) to work on /home/airflow/.local/lib/python3.8/site-packages/airflow/example_dags/example_sla_dag.py
[2023-09-13T19:17:53.532+0000] {processor.py:829} INFO - Processing file /home/airflow/.local/lib/python3.8/site-packages/airflow/example_dags/example_sla_dag.py for tasks to queue
[2023-09-13T19:17:53.535+0000] {logging_mixin.py:151} INFO - [2023-09-13T19:17:53.534+0000] {dagbag.py:539} INFO - Filling up the DagBag from /home/airflow/.local/lib/python3.8/site-packages/airflow/example_dags/example_sla_dag.py
[2023-09-13T19:17:53.543+0000] {processor.py:839} INFO - DAG(s) dict_keys(['example_sla_dag']) retrieved from /home/airflow/.local/lib/python3.8/site-packages/airflow/example_dags/example_sla_dag.py
[2023-09-13T19:17:53.563+0000] {logging_mixin.py:151} INFO - [2023-09-13T19:17:53.563+0000] {dag.py:2915} INFO - Sync 1 DAGs
[2023-09-13T19:17:53.582+0000] {logging_mixin.py:151} INFO - [2023-09-13T19:17:53.582+0000] {dag.py:3696} INFO - Setting next_dagrun for example_sla_dag to 2023-09-13T19:14:00+00:00, run_after=2023-09-13T19:16:00+00:00
[2023-09-13T19:17:53.594+0000] {processor.py:179} INFO - Processing /home/airflow/.local/lib/python3.8/site-packages/airflow/example_dags/example_sla_dag.py took 0.067 seconds
[2023-09-13T19:18:23.736+0000] {processor.py:157} INFO - Started process (PID=324) to work on /home/airflow/.local/lib/python3.8/site-packages/airflow/example_dags/example_sla_dag.py
[2023-09-13T19:18:23.738+0000] {processor.py:829} INFO - Processing file /home/airflow/.local/lib/python3.8/site-packages/airflow/example_dags/example_sla_dag.py for tasks to queue
[2023-09-13T19:18:23.740+0000] {logging_mixin.py:151} INFO - [2023-09-13T19:18:23.740+0000] {dagbag.py:539} INFO - Filling up the DagBag from /home/airflow/.local/lib/python3.8/site-packages/airflow/example_dags/example_sla_dag.py
[2023-09-13T19:18:23.747+0000] {processor.py:839} INFO - DAG(s) dict_keys(['example_sla_dag']) retrieved from /home/airflow/.local/lib/python3.8/site-packages/airflow/example_dags/example_sla_dag.py
[2023-09-13T19:18:23.768+0000] {logging_mixin.py:151} INFO - [2023-09-13T19:18:23.767+0000] {dag.py:2915} INFO - Sync 1 DAGs
[2023-09-13T19:18:23.786+0000] {logging_mixin.py:151} INFO - [2023-09-13T19:18:23.786+0000] {dag.py:3696} INFO - Setting next_dagrun for example_sla_dag to 2023-09-13T19:16:00+00:00, run_after=2023-09-13T19:18:00+00:00
[2023-09-13T19:18:23.798+0000] {processor.py:179} INFO - Processing /home/airflow/.local/lib/python3.8/site-packages/airflow/example_dags/example_sla_dag.py took 0.065 seconds
[2023-09-13T19:18:54.089+0000] {processor.py:157} INFO - Started process (PID=378) to work on /home/airflow/.local/lib/python3.8/site-packages/airflow/example_dags/example_sla_dag.py
[2023-09-13T19:18:54.091+0000] {processor.py:829} INFO - Processing file /home/airflow/.local/lib/python3.8/site-packages/airflow/example_dags/example_sla_dag.py for tasks to queue
[2023-09-13T19:18:54.093+0000] {logging_mixin.py:151} INFO - [2023-09-13T19:18:54.093+0000] {dagbag.py:539} INFO - Filling up the DagBag from /home/airflow/.local/lib/python3.8/site-packages/airflow/example_dags/example_sla_dag.py
[2023-09-13T19:18:54.102+0000] {processor.py:839} INFO - DAG(s) dict_keys(['example_sla_dag']) retrieved from /home/airflow/.local/lib/python3.8/site-packages/airflow/example_dags/example_sla_dag.py
[2023-09-13T19:18:54.125+0000] {logging_mixin.py:151} INFO - [2023-09-13T19:18:54.125+0000] {dag.py:2915} INFO - Sync 1 DAGs
[2023-09-13T19:18:54.147+0000] {logging_mixin.py:151} INFO - [2023-09-13T19:18:54.147+0000] {dag.py:3696} INFO - Setting next_dagrun for example_sla_dag to 2023-09-13T19:16:00+00:00, run_after=2023-09-13T19:18:00+00:00
[2023-09-13T19:18:54.159+0000] {processor.py:179} INFO - Processing /home/airflow/.local/lib/python3.8/site-packages/airflow/example_dags/example_sla_dag.py took 0.073 seconds
[2023-09-13T19:19:24.422+0000] {processor.py:157} INFO - Started process (PID=433) to work on /home/airflow/.local/lib/python3.8/site-packages/airflow/example_dags/example_sla_dag.py
[2023-09-13T19:19:24.424+0000] {processor.py:829} INFO - Processing file /home/airflow/.local/lib/python3.8/site-packages/airflow/example_dags/example_sla_dag.py for tasks to queue
[2023-09-13T19:19:24.426+0000] {logging_mixin.py:151} INFO - [2023-09-13T19:19:24.426+0000] {dagbag.py:539} INFO - Filling up the DagBag from /home/airflow/.local/lib/python3.8/site-packages/airflow/example_dags/example_sla_dag.py
[2023-09-13T19:19:24.436+0000] {processor.py:839} INFO - DAG(s) dict_keys(['example_sla_dag']) retrieved from /home/airflow/.local/lib/python3.8/site-packages/airflow/example_dags/example_sla_dag.py
[2023-09-13T19:19:24.459+0000] {logging_mixin.py:151} INFO - [2023-09-13T19:19:24.459+0000] {dag.py:2915} INFO - Sync 1 DAGs
[2023-09-13T19:19:24.479+0000] {logging_mixin.py:151} INFO - [2023-09-13T19:19:24.479+0000] {dag.py:3696} INFO - Setting next_dagrun for example_sla_dag to 2023-09-13T19:16:00+00:00, run_after=2023-09-13T19:18:00+00:00
[2023-09-13T19:19:24.492+0000] {processor.py:179} INFO - Processing /home/airflow/.local/lib/python3.8/site-packages/airflow/example_dags/example_sla_dag.py took 0.073 seconds
[2023-09-13T19:19:54.694+0000] {processor.py:157} INFO - Started process (PID=487) to work on /home/airflow/.local/lib/python3.8/site-packages/airflow/example_dags/example_sla_dag.py
[2023-09-13T19:19:54.696+0000] {processor.py:829} INFO - Processing file /home/airflow/.local/lib/python3.8/site-packages/airflow/example_dags/example_sla_dag.py for tasks to queue
[2023-09-13T19:19:54.699+0000] {logging_mixin.py:151} INFO - [2023-09-13T19:19:54.698+0000] {dagbag.py:539} INFO - Filling up the DagBag from /home/airflow/.local/lib/python3.8/site-packages/airflow/example_dags/example_sla_dag.py
[2023-09-13T19:19:54.707+0000] {processor.py:839} INFO - DAG(s) dict_keys(['example_sla_dag']) retrieved from /home/airflow/.local/lib/python3.8/site-packages/airflow/example_dags/example_sla_dag.py
[2023-09-13T19:19:54.726+0000] {logging_mixin.py:151} INFO - [2023-09-13T19:19:54.726+0000] {dag.py:2915} INFO - Sync 1 DAGs
[2023-09-13T19:19:54.745+0000] {logging_mixin.py:151} INFO - [2023-09-13T19:19:54.745+0000] {dag.py:3696} INFO - Setting next_dagrun for example_sla_dag to 2023-09-13T19:16:00+00:00, run_after=2023-09-13T19:18:00+00:00
[2023-09-13T19:19:54.757+0000] {processor.py:179} INFO - Processing /home/airflow/.local/lib/python3.8/site-packages/airflow/example_dags/example_sla_dag.py took 0.067 seconds
[2023-09-13T19:20:25.082+0000] {processor.py:157} INFO - Started process (PID=540) to work on /home/airflow/.local/lib/python3.8/site-packages/airflow/example_dags/example_sla_dag.py
[2023-09-13T19:20:25.084+0000] {processor.py:829} INFO - Processing file /home/airflow/.local/lib/python3.8/site-packages/airflow/example_dags/example_sla_dag.py for tasks to queue
[2023-09-13T19:20:25.087+0000] {logging_mixin.py:151} INFO - [2023-09-13T19:20:25.086+0000] {dagbag.py:539} INFO - Filling up the DagBag from /home/airflow/.local/lib/python3.8/site-packages/airflow/example_dags/example_sla_dag.py
[2023-09-13T19:20:25.097+0000] {processor.py:839} INFO - DAG(s) dict_keys(['example_sla_dag']) retrieved from /home/airflow/.local/lib/python3.8/site-packages/airflow/example_dags/example_sla_dag.py
[2023-09-13T19:20:25.122+0000] {logging_mixin.py:151} INFO - [2023-09-13T19:20:25.122+0000] {dag.py:2915} INFO - Sync 1 DAGs
[2023-09-13T19:20:25.147+0000] {logging_mixin.py:151} INFO - [2023-09-13T19:20:25.146+0000] {dag.py:3696} INFO - Setting next_dagrun for example_sla_dag to 2023-09-13T19:18:00+00:00, run_after=2023-09-13T19:20:00+00:00
[2023-09-13T19:20:25.177+0000] {processor.py:179} INFO - Processing /home/airflow/.local/lib/python3.8/site-packages/airflow/example_dags/example_sla_dag.py took 0.099 seconds
[2023-09-13T19:20:55.886+0000] {processor.py:157} INFO - Started process (PID=594) to work on /home/airflow/.local/lib/python3.8/site-packages/airflow/example_dags/example_sla_dag.py
[2023-09-13T19:20:55.889+0000] {processor.py:829} INFO - Processing file /home/airflow/.local/lib/python3.8/site-packages/airflow/example_dags/example_sla_dag.py for tasks to queue
[2023-09-13T19:20:55.893+0000] {logging_mixin.py:151} INFO - [2023-09-13T19:20:55.893+0000] {dagbag.py:539} INFO - Filling up the DagBag from /home/airflow/.local/lib/python3.8/site-packages/airflow/example_dags/example_sla_dag.py
[2023-09-13T19:20:55.904+0000] {processor.py:839} INFO - DAG(s) dict_keys(['example_sla_dag']) retrieved from /home/airflow/.local/lib/python3.8/site-packages/airflow/example_dags/example_sla_dag.py
[2023-09-13T19:20:55.929+0000] {logging_mixin.py:151} INFO - [2023-09-13T19:20:55.929+0000] {dag.py:2915} INFO - Sync 1 DAGs
[2023-09-13T19:20:55.951+0000] {logging_mixin.py:151} INFO - [2023-09-13T19:20:55.951+0000] {dag.py:3696} INFO - Setting next_dagrun for example_sla_dag to 2023-09-13T19:18:00+00:00, run_after=2023-09-13T19:20:00+00:00
[2023-09-13T19:20:55.966+0000] {processor.py:179} INFO - Processing /home/airflow/.local/lib/python3.8/site-packages/airflow/example_dags/example_sla_dag.py took 0.087 seconds
[2023-09-13T19:21:26.625+0000] {processor.py:157} INFO - Started process (PID=648) to work on /home/airflow/.local/lib/python3.8/site-packages/airflow/example_dags/example_sla_dag.py
[2023-09-13T19:21:26.627+0000] {processor.py:829} INFO - Processing file /home/airflow/.local/lib/python3.8/site-packages/airflow/example_dags/example_sla_dag.py for tasks to queue
[2023-09-13T19:21:26.629+0000] {logging_mixin.py:151} INFO - [2023-09-13T19:21:26.629+0000] {dagbag.py:539} INFO - Filling up the DagBag from /home/airflow/.local/lib/python3.8/site-packages/airflow/example_dags/example_sla_dag.py
[2023-09-13T19:21:26.638+0000] {processor.py:839} INFO - DAG(s) dict_keys(['example_sla_dag']) retrieved from /home/airflow/.local/lib/python3.8/site-packages/airflow/example_dags/example_sla_dag.py
[2023-09-13T19:21:26.659+0000] {logging_mixin.py:151} INFO - [2023-09-13T19:21:26.659+0000] {dag.py:2915} INFO - Sync 1 DAGs
[2023-09-13T19:21:26.679+0000] {logging_mixin.py:151} INFO - [2023-09-13T19:21:26.679+0000] {dag.py:3696} INFO - Setting next_dagrun for example_sla_dag to 2023-09-13T19:18:00+00:00, run_after=2023-09-13T19:20:00+00:00
[2023-09-13T19:21:26.692+0000] {processor.py:179} INFO - Processing /home/airflow/.local/lib/python3.8/site-packages/airflow/example_dags/example_sla_dag.py took 0.071 seconds
[2023-09-13T19:21:57.233+0000] {processor.py:157} INFO - Started process (PID=702) to work on /home/airflow/.local/lib/python3.8/site-packages/airflow/example_dags/example_sla_dag.py
[2023-09-13T19:21:57.234+0000] {processor.py:829} INFO - Processing file /home/airflow/.local/lib/python3.8/site-packages/airflow/example_dags/example_sla_dag.py for tasks to queue
[2023-09-13T19:21:57.237+0000] {logging_mixin.py:151} INFO - [2023-09-13T19:21:57.236+0000] {dagbag.py:539} INFO - Filling up the DagBag from /home/airflow/.local/lib/python3.8/site-packages/airflow/example_dags/example_sla_dag.py
[2023-09-13T19:21:57.245+0000] {processor.py:839} INFO - DAG(s) dict_keys(['example_sla_dag']) retrieved from /home/airflow/.local/lib/python3.8/site-packages/airflow/example_dags/example_sla_dag.py
[2023-09-13T19:21:57.265+0000] {logging_mixin.py:151} INFO - [2023-09-13T19:21:57.265+0000] {dag.py:2915} INFO - Sync 1 DAGs
[2023-09-13T19:21:57.284+0000] {logging_mixin.py:151} INFO - [2023-09-13T19:21:57.283+0000] {dag.py:3696} INFO - Setting next_dagrun for example_sla_dag to 2023-09-13T19:18:00+00:00, run_after=2023-09-13T19:20:00+00:00
[2023-09-13T19:21:57.295+0000] {processor.py:179} INFO - Processing /home/airflow/.local/lib/python3.8/site-packages/airflow/example_dags/example_sla_dag.py took 0.065 seconds
[2023-09-13T19:22:28.101+0000] {processor.py:157} INFO - Started process (PID=756) to work on /home/airflow/.local/lib/python3.8/site-packages/airflow/example_dags/example_sla_dag.py
[2023-09-13T19:22:28.103+0000] {processor.py:829} INFO - Processing file /home/airflow/.local/lib/python3.8/site-packages/airflow/example_dags/example_sla_dag.py for tasks to queue
[2023-09-13T19:22:28.105+0000] {logging_mixin.py:151} INFO - [2023-09-13T19:22:28.105+0000] {dagbag.py:539} INFO - Filling up the DagBag from /home/airflow/.local/lib/python3.8/site-packages/airflow/example_dags/example_sla_dag.py
[2023-09-13T19:22:28.113+0000] {processor.py:839} INFO - DAG(s) dict_keys(['example_sla_dag']) retrieved from /home/airflow/.local/lib/python3.8/site-packages/airflow/example_dags/example_sla_dag.py
[2023-09-13T19:22:28.132+0000] {logging_mixin.py:151} INFO - [2023-09-13T19:22:28.132+0000] {dag.py:2915} INFO - Sync 1 DAGs
[2023-09-13T19:22:28.151+0000] {logging_mixin.py:151} INFO - [2023-09-13T19:22:28.150+0000] {dag.py:3696} INFO - Setting next_dagrun for example_sla_dag to 2023-09-13T19:20:00+00:00, run_after=2023-09-13T19:22:00+00:00
[2023-09-13T19:22:28.162+0000] {processor.py:179} INFO - Processing /home/airflow/.local/lib/python3.8/site-packages/airflow/example_dags/example_sla_dag.py took 0.064 seconds
[2023-09-13T19:22:58.422+0000] {processor.py:157} INFO - Started process (PID=810) to work on /home/airflow/.local/lib/python3.8/site-packages/airflow/example_dags/example_sla_dag.py
[2023-09-13T19:22:58.424+0000] {processor.py:829} INFO - Processing file /home/airflow/.local/lib/python3.8/site-packages/airflow/example_dags/example_sla_dag.py for tasks to queue
[2023-09-13T19:22:58.426+0000] {logging_mixin.py:151} INFO - [2023-09-13T19:22:58.426+0000] {dagbag.py:539} INFO - Filling up the DagBag from /home/airflow/.local/lib/python3.8/site-packages/airflow/example_dags/example_sla_dag.py
[2023-09-13T19:22:58.434+0000] {processor.py:839} INFO - DAG(s) dict_keys(['example_sla_dag']) retrieved from /home/airflow/.local/lib/python3.8/site-packages/airflow/example_dags/example_sla_dag.py
[2023-09-13T19:22:58.453+0000] {logging_mixin.py:151} INFO - [2023-09-13T19:22:58.453+0000] {dag.py:2915} INFO - Sync 1 DAGs
[2023-09-13T19:22:58.472+0000] {logging_mixin.py:151} INFO - [2023-09-13T19:22:58.472+0000] {dag.py:3696} INFO - Setting next_dagrun for example_sla_dag to 2023-09-13T19:20:00+00:00, run_after=2023-09-13T19:22:00+00:00
[2023-09-13T19:22:58.483+0000] {processor.py:179} INFO - Processing /home/airflow/.local/lib/python3.8/site-packages/airflow/example_dags/example_sla_dag.py took 0.065 seconds
[2023-09-13T19:23:28.680+0000] {processor.py:157} INFO - Started process (PID=864) to work on /home/airflow/.local/lib/python3.8/site-packages/airflow/example_dags/example_sla_dag.py
[2023-09-13T19:23:28.681+0000] {processor.py:829} INFO - Processing file /home/airflow/.local/lib/python3.8/site-packages/airflow/example_dags/example_sla_dag.py for tasks to queue
[2023-09-13T19:23:28.684+0000] {logging_mixin.py:151} INFO - [2023-09-13T19:23:28.683+0000] {dagbag.py:539} INFO - Filling up the DagBag from /home/airflow/.local/lib/python3.8/site-packages/airflow/example_dags/example_sla_dag.py
[2023-09-13T19:23:28.692+0000] {processor.py:839} INFO - DAG(s) dict_keys(['example_sla_dag']) retrieved from /home/airflow/.local/lib/python3.8/site-packages/airflow/example_dags/example_sla_dag.py
[2023-09-13T19:23:28.713+0000] {logging_mixin.py:151} INFO - [2023-09-13T19:23:28.713+0000] {dag.py:2915} INFO - Sync 1 DAGs
[2023-09-13T19:23:28.732+0000] {logging_mixin.py:151} INFO - [2023-09-13T19:23:28.732+0000] {dag.py:3696} INFO - Setting next_dagrun for example_sla_dag to 2023-09-13T19:20:00+00:00, run_after=2023-09-13T19:22:00+00:00
[2023-09-13T19:23:28.744+0000] {processor.py:179} INFO - Processing /home/airflow/.local/lib/python3.8/site-packages/airflow/example_dags/example_sla_dag.py took 0.068 seconds
[2023-09-13T19:23:58.971+0000] {processor.py:157} INFO - Started process (PID=918) to work on /home/airflow/.local/lib/python3.8/site-packages/airflow/example_dags/example_sla_dag.py
[2023-09-13T19:23:58.972+0000] {processor.py:829} INFO - Processing file /home/airflow/.local/lib/python3.8/site-packages/airflow/example_dags/example_sla_dag.py for tasks to queue
[2023-09-13T19:23:58.975+0000] {logging_mixin.py:151} INFO - [2023-09-13T19:23:58.974+0000] {dagbag.py:539} INFO - Filling up the DagBag from /home/airflow/.local/lib/python3.8/site-packages/airflow/example_dags/example_sla_dag.py
[2023-09-13T19:23:58.982+0000] {processor.py:839} INFO - DAG(s) dict_keys(['example_sla_dag']) retrieved from /home/airflow/.local/lib/python3.8/site-packages/airflow/example_dags/example_sla_dag.py
[2023-09-13T19:23:59.003+0000] {logging_mixin.py:151} INFO - [2023-09-13T19:23:59.003+0000] {dag.py:2915} INFO - Sync 1 DAGs
[2023-09-13T19:23:59.022+0000] {logging_mixin.py:151} INFO - [2023-09-13T19:23:59.022+0000] {dag.py:3696} INFO - Setting next_dagrun for example_sla_dag to 2023-09-13T19:20:00+00:00, run_after=2023-09-13T19:22:00+00:00
[2023-09-13T19:23:59.034+0000] {processor.py:179} INFO - Processing /home/airflow/.local/lib/python3.8/site-packages/airflow/example_dags/example_sla_dag.py took 0.066 seconds
[2023-09-13T19:24:29.201+0000] {processor.py:157} INFO - Started process (PID=972) to work on /home/airflow/.local/lib/python3.8/site-packages/airflow/example_dags/example_sla_dag.py
[2023-09-13T19:24:29.203+0000] {processor.py:829} INFO - Processing file /home/airflow/.local/lib/python3.8/site-packages/airflow/example_dags/example_sla_dag.py for tasks to queue
[2023-09-13T19:24:29.205+0000] {logging_mixin.py:151} INFO - [2023-09-13T19:24:29.205+0000] {dagbag.py:539} INFO - Filling up the DagBag from /home/airflow/.local/lib/python3.8/site-packages/airflow/example_dags/example_sla_dag.py
[2023-09-13T19:24:29.213+0000] {processor.py:839} INFO - DAG(s) dict_keys(['example_sla_dag']) retrieved from /home/airflow/.local/lib/python3.8/site-packages/airflow/example_dags/example_sla_dag.py
[2023-09-13T19:24:29.233+0000] {logging_mixin.py:151} INFO - [2023-09-13T19:24:29.233+0000] {dag.py:2915} INFO - Sync 1 DAGs
[2023-09-13T19:24:29.255+0000] {logging_mixin.py:151} INFO - [2023-09-13T19:24:29.255+0000] {dag.py:3696} INFO - Setting next_dagrun for example_sla_dag to 2023-09-13T19:22:00+00:00, run_after=2023-09-13T19:24:00+00:00
[2023-09-13T19:24:29.280+0000] {processor.py:179} INFO - Processing /home/airflow/.local/lib/python3.8/site-packages/airflow/example_dags/example_sla_dag.py took 0.082 seconds
[2023-09-13T19:24:59.413+0000] {processor.py:157} INFO - Started process (PID=1026) to work on /home/airflow/.local/lib/python3.8/site-packages/airflow/example_dags/example_sla_dag.py
[2023-09-13T19:24:59.416+0000] {processor.py:829} INFO - Processing file /home/airflow/.local/lib/python3.8/site-packages/airflow/example_dags/example_sla_dag.py for tasks to queue
[2023-09-13T19:24:59.420+0000] {logging_mixin.py:151} INFO - [2023-09-13T19:24:59.419+0000] {dagbag.py:539} INFO - Filling up the DagBag from /home/airflow/.local/lib/python3.8/site-packages/airflow/example_dags/example_sla_dag.py
[2023-09-13T19:24:59.433+0000] {processor.py:839} INFO - DAG(s) dict_keys(['example_sla_dag']) retrieved from /home/airflow/.local/lib/python3.8/site-packages/airflow/example_dags/example_sla_dag.py
[2023-09-13T19:24:59.478+0000] {logging_mixin.py:151} INFO - [2023-09-13T19:24:59.478+0000] {dag.py:2915} INFO - Sync 1 DAGs
[2023-09-13T19:24:59.520+0000] {logging_mixin.py:151} INFO - [2023-09-13T19:24:59.520+0000] {dag.py:3696} INFO - Setting next_dagrun for example_sla_dag to 2023-09-13T19:22:00+00:00, run_after=2023-09-13T19:24:00+00:00
[2023-09-13T19:24:59.545+0000] {processor.py:179} INFO - Processing /home/airflow/.local/lib/python3.8/site-packages/airflow/example_dags/example_sla_dag.py took 0.136 seconds
[2023-09-13T19:25:30.658+0000] {processor.py:157} INFO - Started process (PID=1087) to work on /home/airflow/.local/lib/python3.8/site-packages/airflow/example_dags/example_sla_dag.py
[2023-09-13T19:25:30.660+0000] {processor.py:829} INFO - Processing file /home/airflow/.local/lib/python3.8/site-packages/airflow/example_dags/example_sla_dag.py for tasks to queue
[2023-09-13T19:25:30.663+0000] {logging_mixin.py:151} INFO - [2023-09-13T19:25:30.663+0000] {dagbag.py:539} INFO - Filling up the DagBag from /home/airflow/.local/lib/python3.8/site-packages/airflow/example_dags/example_sla_dag.py
[2023-09-13T19:25:30.672+0000] {processor.py:839} INFO - DAG(s) dict_keys(['example_sla_dag']) retrieved from /home/airflow/.local/lib/python3.8/site-packages/airflow/example_dags/example_sla_dag.py
[2023-09-13T19:25:30.708+0000] {logging_mixin.py:151} INFO - [2023-09-13T19:25:30.708+0000] {dag.py:2915} INFO - Sync 1 DAGs
[2023-09-13T19:25:30.736+0000] {logging_mixin.py:151} INFO - [2023-09-13T19:25:30.736+0000] {dag.py:3696} INFO - Setting next_dagrun for example_sla_dag to 2023-09-13T19:22:00+00:00, run_after=2023-09-13T19:24:00+00:00
[2023-09-13T19:25:30.750+0000] {processor.py:179} INFO - Processing /home/airflow/.local/lib/python3.8/site-packages/airflow/example_dags/example_sla_dag.py took 0.095 seconds
[2023-09-13T19:26:01.498+0000] {processor.py:157} INFO - Started process (PID=1143) to work on /home/airflow/.local/lib/python3.8/site-packages/airflow/example_dags/example_sla_dag.py
[2023-09-13T19:26:01.499+0000] {processor.py:829} INFO - Processing file /home/airflow/.local/lib/python3.8/site-packages/airflow/example_dags/example_sla_dag.py for tasks to queue
[2023-09-13T19:26:01.502+0000] {logging_mixin.py:151} INFO - [2023-09-13T19:26:01.501+0000] {dagbag.py:539} INFO - Filling up the DagBag from /home/airflow/.local/lib/python3.8/site-packages/airflow/example_dags/example_sla_dag.py
[2023-09-13T19:26:01.510+0000] {processor.py:839} INFO - DAG(s) dict_keys(['example_sla_dag']) retrieved from /home/airflow/.local/lib/python3.8/site-packages/airflow/example_dags/example_sla_dag.py
[2023-09-13T19:26:01.529+0000] {logging_mixin.py:151} INFO - [2023-09-13T19:26:01.529+0000] {dag.py:2915} INFO - Sync 1 DAGs
[2023-09-13T19:26:01.549+0000] {logging_mixin.py:151} INFO - [2023-09-13T19:26:01.548+0000] {dag.py:3696} INFO - Setting next_dagrun for example_sla_dag to 2023-09-13T19:24:00+00:00, run_after=2023-09-13T19:26:00+00:00
[2023-09-13T19:26:01.561+0000] {processor.py:179} INFO - Processing /home/airflow/.local/lib/python3.8/site-packages/airflow/example_dags/example_sla_dag.py took 0.067 seconds
[2023-09-13T19:26:32.036+0000] {processor.py:157} INFO - Started process (PID=1199) to work on /home/airflow/.local/lib/python3.8/site-packages/airflow/example_dags/example_sla_dag.py
[2023-09-13T19:26:32.037+0000] {processor.py:829} INFO - Processing file /home/airflow/.local/lib/python3.8/site-packages/airflow/example_dags/example_sla_dag.py for tasks to queue
[2023-09-13T19:26:32.040+0000] {logging_mixin.py:151} INFO - [2023-09-13T19:26:32.040+0000] {dagbag.py:539} INFO - Filling up the DagBag from /home/airflow/.local/lib/python3.8/site-packages/airflow/example_dags/example_sla_dag.py
[2023-09-13T19:26:32.048+0000] {processor.py:839} INFO - DAG(s) dict_keys(['example_sla_dag']) retrieved from /home/airflow/.local/lib/python3.8/site-packages/airflow/example_dags/example_sla_dag.py
[2023-09-13T19:26:32.069+0000] {logging_mixin.py:151} INFO - [2023-09-13T19:26:32.068+0000] {dag.py:2915} INFO - Sync 1 DAGs
[2023-09-13T19:26:32.088+0000] {logging_mixin.py:151} INFO - [2023-09-13T19:26:32.088+0000] {dag.py:3696} INFO - Setting next_dagrun for example_sla_dag to 2023-09-13T19:24:00+00:00, run_after=2023-09-13T19:26:00+00:00
[2023-09-13T19:26:32.100+0000] {processor.py:179} INFO - Processing /home/airflow/.local/lib/python3.8/site-packages/airflow/example_dags/example_sla_dag.py took 0.068 seconds
[2023-09-13T19:27:02.443+0000] {processor.py:157} INFO - Started process (PID=1254) to work on /home/airflow/.local/lib/python3.8/site-packages/airflow/example_dags/example_sla_dag.py
[2023-09-13T19:27:02.445+0000] {processor.py:829} INFO - Processing file /home/airflow/.local/lib/python3.8/site-packages/airflow/example_dags/example_sla_dag.py for tasks to queue
[2023-09-13T19:27:02.448+0000] {logging_mixin.py:151} INFO - [2023-09-13T19:27:02.448+0000] {dagbag.py:539} INFO - Filling up the DagBag from /home/airflow/.local/lib/python3.8/site-packages/airflow/example_dags/example_sla_dag.py
[2023-09-13T19:27:02.459+0000] {processor.py:839} INFO - DAG(s) dict_keys(['example_sla_dag']) retrieved from /home/airflow/.local/lib/python3.8/site-packages/airflow/example_dags/example_sla_dag.py
[2023-09-13T19:27:02.483+0000] {logging_mixin.py:151} INFO - [2023-09-13T19:27:02.483+0000] {dag.py:2915} INFO - Sync 1 DAGs
[2023-09-13T19:27:02.505+0000] {logging_mixin.py:151} INFO - [2023-09-13T19:27:02.505+0000] {dag.py:3696} INFO - Setting next_dagrun for example_sla_dag to 2023-09-13T19:24:00+00:00, run_after=2023-09-13T19:26:00+00:00
[2023-09-13T19:27:02.521+0000] {processor.py:179} INFO - Processing /home/airflow/.local/lib/python3.8/site-packages/airflow/example_dags/example_sla_dag.py took 0.084 seconds
[2023-09-13T19:28:16.129+0000] {processor.py:157} INFO - Started process (PID=55) to work on /home/airflow/.local/lib/python3.8/site-packages/airflow/example_dags/example_sla_dag.py
[2023-09-13T19:28:16.134+0000] {processor.py:829} INFO - Processing file /home/airflow/.local/lib/python3.8/site-packages/airflow/example_dags/example_sla_dag.py for tasks to queue
[2023-09-13T19:28:16.140+0000] {logging_mixin.py:151} INFO - [2023-09-13T19:28:16.139+0000] {dagbag.py:539} INFO - Filling up the DagBag from /home/airflow/.local/lib/python3.8/site-packages/airflow/example_dags/example_sla_dag.py
[2023-09-13T19:28:16.179+0000] {processor.py:839} INFO - DAG(s) dict_keys(['example_sla_dag']) retrieved from /home/airflow/.local/lib/python3.8/site-packages/airflow/example_dags/example_sla_dag.py
[2023-09-13T19:28:16.255+0000] {logging_mixin.py:151} INFO - [2023-09-13T19:28:16.254+0000] {dag.py:2915} INFO - Sync 1 DAGs
[2023-09-13T19:28:16.331+0000] {logging_mixin.py:151} INFO - [2023-09-13T19:28:16.331+0000] {dag.py:3696} INFO - Setting next_dagrun for example_sla_dag to 2023-09-13T19:26:00+00:00, run_after=2023-09-13T19:28:00+00:00
[2023-09-13T19:28:16.354+0000] {processor.py:179} INFO - Processing /home/airflow/.local/lib/python3.8/site-packages/airflow/example_dags/example_sla_dag.py took 0.232 seconds
[2023-09-13T19:28:47.231+0000] {processor.py:157} INFO - Started process (PID=111) to work on /home/airflow/.local/lib/python3.8/site-packages/airflow/example_dags/example_sla_dag.py
[2023-09-13T19:28:47.232+0000] {processor.py:829} INFO - Processing file /home/airflow/.local/lib/python3.8/site-packages/airflow/example_dags/example_sla_dag.py for tasks to queue
[2023-09-13T19:28:47.235+0000] {logging_mixin.py:151} INFO - [2023-09-13T19:28:47.235+0000] {dagbag.py:539} INFO - Filling up the DagBag from /home/airflow/.local/lib/python3.8/site-packages/airflow/example_dags/example_sla_dag.py
[2023-09-13T19:28:47.244+0000] {processor.py:839} INFO - DAG(s) dict_keys(['example_sla_dag']) retrieved from /home/airflow/.local/lib/python3.8/site-packages/airflow/example_dags/example_sla_dag.py
[2023-09-13T19:28:47.266+0000] {logging_mixin.py:151} INFO - [2023-09-13T19:28:47.266+0000] {dag.py:2915} INFO - Sync 1 DAGs
[2023-09-13T19:28:47.285+0000] {logging_mixin.py:151} INFO - [2023-09-13T19:28:47.285+0000] {dag.py:3696} INFO - Setting next_dagrun for example_sla_dag to 2023-09-13T19:26:00+00:00, run_after=2023-09-13T19:28:00+00:00
[2023-09-13T19:28:47.298+0000] {processor.py:179} INFO - Processing /home/airflow/.local/lib/python3.8/site-packages/airflow/example_dags/example_sla_dag.py took 0.073 seconds
[2023-09-13T19:29:17.426+0000] {processor.py:157} INFO - Started process (PID=165) to work on /home/airflow/.local/lib/python3.8/site-packages/airflow/example_dags/example_sla_dag.py
[2023-09-13T19:29:17.429+0000] {processor.py:829} INFO - Processing file /home/airflow/.local/lib/python3.8/site-packages/airflow/example_dags/example_sla_dag.py for tasks to queue
[2023-09-13T19:29:17.432+0000] {logging_mixin.py:151} INFO - [2023-09-13T19:29:17.432+0000] {dagbag.py:539} INFO - Filling up the DagBag from /home/airflow/.local/lib/python3.8/site-packages/airflow/example_dags/example_sla_dag.py
[2023-09-13T19:29:17.444+0000] {processor.py:839} INFO - DAG(s) dict_keys(['example_sla_dag']) retrieved from /home/airflow/.local/lib/python3.8/site-packages/airflow/example_dags/example_sla_dag.py
[2023-09-13T19:29:17.471+0000] {logging_mixin.py:151} INFO - [2023-09-13T19:29:17.471+0000] {dag.py:2915} INFO - Sync 1 DAGs
[2023-09-13T19:29:17.493+0000] {logging_mixin.py:151} INFO - [2023-09-13T19:29:17.493+0000] {dag.py:3696} INFO - Setting next_dagrun for example_sla_dag to 2023-09-13T19:26:00+00:00, run_after=2023-09-13T19:28:00+00:00
[2023-09-13T19:29:17.507+0000] {processor.py:179} INFO - Processing /home/airflow/.local/lib/python3.8/site-packages/airflow/example_dags/example_sla_dag.py took 0.088 seconds
[2023-09-13T19:29:47.774+0000] {processor.py:157} INFO - Started process (PID=220) to work on /home/airflow/.local/lib/python3.8/site-packages/airflow/example_dags/example_sla_dag.py
[2023-09-13T19:29:47.778+0000] {processor.py:829} INFO - Processing file /home/airflow/.local/lib/python3.8/site-packages/airflow/example_dags/example_sla_dag.py for tasks to queue
[2023-09-13T19:29:47.783+0000] {logging_mixin.py:151} INFO - [2023-09-13T19:29:47.783+0000] {dagbag.py:539} INFO - Filling up the DagBag from /home/airflow/.local/lib/python3.8/site-packages/airflow/example_dags/example_sla_dag.py
[2023-09-13T19:29:47.795+0000] {processor.py:839} INFO - DAG(s) dict_keys(['example_sla_dag']) retrieved from /home/airflow/.local/lib/python3.8/site-packages/airflow/example_dags/example_sla_dag.py
[2023-09-13T19:29:47.817+0000] {logging_mixin.py:151} INFO - [2023-09-13T19:29:47.817+0000] {dag.py:2915} INFO - Sync 1 DAGs
[2023-09-13T19:29:47.841+0000] {logging_mixin.py:151} INFO - [2023-09-13T19:29:47.841+0000] {dag.py:3696} INFO - Setting next_dagrun for example_sla_dag to 2023-09-13T19:26:00+00:00, run_after=2023-09-13T19:28:00+00:00
[2023-09-13T19:29:47.856+0000] {processor.py:179} INFO - Processing /home/airflow/.local/lib/python3.8/site-packages/airflow/example_dags/example_sla_dag.py took 0.101 seconds
[2023-09-13T19:30:17.922+0000] {processor.py:157} INFO - Started process (PID=273) to work on /home/airflow/.local/lib/python3.8/site-packages/airflow/example_dags/example_sla_dag.py
[2023-09-13T19:30:17.923+0000] {processor.py:829} INFO - Processing file /home/airflow/.local/lib/python3.8/site-packages/airflow/example_dags/example_sla_dag.py for tasks to queue
[2023-09-13T19:30:17.926+0000] {logging_mixin.py:151} INFO - [2023-09-13T19:30:17.926+0000] {dagbag.py:539} INFO - Filling up the DagBag from /home/airflow/.local/lib/python3.8/site-packages/airflow/example_dags/example_sla_dag.py
[2023-09-13T19:30:17.936+0000] {processor.py:839} INFO - DAG(s) dict_keys(['example_sla_dag']) retrieved from /home/airflow/.local/lib/python3.8/site-packages/airflow/example_dags/example_sla_dag.py
[2023-09-13T19:30:17.959+0000] {logging_mixin.py:151} INFO - [2023-09-13T19:30:17.959+0000] {dag.py:2915} INFO - Sync 1 DAGs
[2023-09-13T19:30:17.980+0000] {logging_mixin.py:151} INFO - [2023-09-13T19:30:17.980+0000] {dag.py:3696} INFO - Setting next_dagrun for example_sla_dag to 2023-09-13T19:28:00+00:00, run_after=2023-09-13T19:30:00+00:00
[2023-09-13T19:30:17.997+0000] {processor.py:179} INFO - Processing /home/airflow/.local/lib/python3.8/site-packages/airflow/example_dags/example_sla_dag.py took 0.080 seconds
[2023-09-13T19:31:31.532+0000] {processor.py:157} INFO - Started process (PID=56) to work on /home/airflow/.local/lib/python3.8/site-packages/airflow/example_dags/example_sla_dag.py
[2023-09-13T19:31:31.535+0000] {processor.py:829} INFO - Processing file /home/airflow/.local/lib/python3.8/site-packages/airflow/example_dags/example_sla_dag.py for tasks to queue
[2023-09-13T19:31:31.540+0000] {logging_mixin.py:151} INFO - [2023-09-13T19:31:31.539+0000] {dagbag.py:539} INFO - Filling up the DagBag from /home/airflow/.local/lib/python3.8/site-packages/airflow/example_dags/example_sla_dag.py
[2023-09-13T19:31:31.566+0000] {processor.py:839} INFO - DAG(s) dict_keys(['example_sla_dag']) retrieved from /home/airflow/.local/lib/python3.8/site-packages/airflow/example_dags/example_sla_dag.py
[2023-09-13T19:31:31.599+0000] {logging_mixin.py:151} INFO - [2023-09-13T19:31:31.598+0000] {dag.py:2915} INFO - Sync 1 DAGs
[2023-09-13T19:31:31.666+0000] {logging_mixin.py:151} INFO - [2023-09-13T19:31:31.666+0000] {dag.py:3696} INFO - Setting next_dagrun for example_sla_dag to 2023-09-13T19:28:00+00:00, run_after=2023-09-13T19:30:00+00:00
[2023-09-13T19:31:31.703+0000] {processor.py:179} INFO - Processing /home/airflow/.local/lib/python3.8/site-packages/airflow/example_dags/example_sla_dag.py took 0.179 seconds
[2023-09-13T19:32:02.701+0000] {processor.py:157} INFO - Started process (PID=111) to work on /home/airflow/.local/lib/python3.8/site-packages/airflow/example_dags/example_sla_dag.py
[2023-09-13T19:32:02.703+0000] {processor.py:829} INFO - Processing file /home/airflow/.local/lib/python3.8/site-packages/airflow/example_dags/example_sla_dag.py for tasks to queue
[2023-09-13T19:32:02.708+0000] {logging_mixin.py:151} INFO - [2023-09-13T19:32:02.707+0000] {dagbag.py:539} INFO - Filling up the DagBag from /home/airflow/.local/lib/python3.8/site-packages/airflow/example_dags/example_sla_dag.py
[2023-09-13T19:32:02.719+0000] {processor.py:839} INFO - DAG(s) dict_keys(['example_sla_dag']) retrieved from /home/airflow/.local/lib/python3.8/site-packages/airflow/example_dags/example_sla_dag.py
[2023-09-13T19:32:02.753+0000] {logging_mixin.py:151} INFO - [2023-09-13T19:32:02.753+0000] {dag.py:2915} INFO - Sync 1 DAGs
[2023-09-13T19:32:02.791+0000] {logging_mixin.py:151} INFO - [2023-09-13T19:32:02.791+0000] {dag.py:3696} INFO - Setting next_dagrun for example_sla_dag to 2023-09-13T19:30:00+00:00, run_after=2023-09-13T19:32:00+00:00
[2023-09-13T19:32:02.811+0000] {processor.py:179} INFO - Processing /home/airflow/.local/lib/python3.8/site-packages/airflow/example_dags/example_sla_dag.py took 0.114 seconds
[2023-09-13T19:32:33.085+0000] {processor.py:157} INFO - Started process (PID=166) to work on /home/airflow/.local/lib/python3.8/site-packages/airflow/example_dags/example_sla_dag.py
[2023-09-13T19:32:33.087+0000] {processor.py:829} INFO - Processing file /home/airflow/.local/lib/python3.8/site-packages/airflow/example_dags/example_sla_dag.py for tasks to queue
[2023-09-13T19:32:33.089+0000] {logging_mixin.py:151} INFO - [2023-09-13T19:32:33.089+0000] {dagbag.py:539} INFO - Filling up the DagBag from /home/airflow/.local/lib/python3.8/site-packages/airflow/example_dags/example_sla_dag.py
[2023-09-13T19:32:33.097+0000] {processor.py:839} INFO - DAG(s) dict_keys(['example_sla_dag']) retrieved from /home/airflow/.local/lib/python3.8/site-packages/airflow/example_dags/example_sla_dag.py
[2023-09-13T19:32:33.119+0000] {logging_mixin.py:151} INFO - [2023-09-13T19:32:33.119+0000] {dag.py:2915} INFO - Sync 1 DAGs
[2023-09-13T19:32:33.138+0000] {logging_mixin.py:151} INFO - [2023-09-13T19:32:33.138+0000] {dag.py:3696} INFO - Setting next_dagrun for example_sla_dag to 2023-09-13T19:30:00+00:00, run_after=2023-09-13T19:32:00+00:00
[2023-09-13T19:32:33.151+0000] {processor.py:179} INFO - Processing /home/airflow/.local/lib/python3.8/site-packages/airflow/example_dags/example_sla_dag.py took 0.070 seconds
[2023-09-13T19:33:04.054+0000] {processor.py:157} INFO - Started process (PID=221) to work on /home/airflow/.local/lib/python3.8/site-packages/airflow/example_dags/example_sla_dag.py
[2023-09-13T19:33:04.055+0000] {processor.py:829} INFO - Processing file /home/airflow/.local/lib/python3.8/site-packages/airflow/example_dags/example_sla_dag.py for tasks to queue
[2023-09-13T19:33:04.057+0000] {logging_mixin.py:151} INFO - [2023-09-13T19:33:04.057+0000] {dagbag.py:539} INFO - Filling up the DagBag from /home/airflow/.local/lib/python3.8/site-packages/airflow/example_dags/example_sla_dag.py
[2023-09-13T19:33:04.065+0000] {processor.py:839} INFO - DAG(s) dict_keys(['example_sla_dag']) retrieved from /home/airflow/.local/lib/python3.8/site-packages/airflow/example_dags/example_sla_dag.py
[2023-09-13T19:33:04.086+0000] {logging_mixin.py:151} INFO - [2023-09-13T19:33:04.086+0000] {dag.py:2915} INFO - Sync 1 DAGs
[2023-09-13T19:33:04.105+0000] {logging_mixin.py:151} INFO - [2023-09-13T19:33:04.105+0000] {dag.py:3696} INFO - Setting next_dagrun for example_sla_dag to 2023-09-13T19:30:00+00:00, run_after=2023-09-13T19:32:00+00:00
[2023-09-13T19:33:04.118+0000] {processor.py:179} INFO - Processing /home/airflow/.local/lib/python3.8/site-packages/airflow/example_dags/example_sla_dag.py took 0.068 seconds
[2023-09-13T19:33:34.999+0000] {processor.py:157} INFO - Started process (PID=276) to work on /home/airflow/.local/lib/python3.8/site-packages/airflow/example_dags/example_sla_dag.py
[2023-09-13T19:33:35.002+0000] {processor.py:829} INFO - Processing file /home/airflow/.local/lib/python3.8/site-packages/airflow/example_dags/example_sla_dag.py for tasks to queue
[2023-09-13T19:33:35.006+0000] {logging_mixin.py:151} INFO - [2023-09-13T19:33:35.006+0000] {dagbag.py:539} INFO - Filling up the DagBag from /home/airflow/.local/lib/python3.8/site-packages/airflow/example_dags/example_sla_dag.py
[2023-09-13T19:33:35.034+0000] {processor.py:839} INFO - DAG(s) dict_keys(['example_sla_dag']) retrieved from /home/airflow/.local/lib/python3.8/site-packages/airflow/example_dags/example_sla_dag.py
[2023-09-13T19:33:35.069+0000] {logging_mixin.py:151} INFO - [2023-09-13T19:33:35.069+0000] {dag.py:2915} INFO - Sync 1 DAGs
[2023-09-13T19:33:35.091+0000] {logging_mixin.py:151} INFO - [2023-09-13T19:33:35.091+0000] {dag.py:3696} INFO - Setting next_dagrun for example_sla_dag to 2023-09-13T19:30:00+00:00, run_after=2023-09-13T19:32:00+00:00
[2023-09-13T19:33:35.112+0000] {processor.py:179} INFO - Processing /home/airflow/.local/lib/python3.8/site-packages/airflow/example_dags/example_sla_dag.py took 0.117 seconds
[2023-09-13T19:34:05.879+0000] {processor.py:157} INFO - Started process (PID=331) to work on /home/airflow/.local/lib/python3.8/site-packages/airflow/example_dags/example_sla_dag.py
[2023-09-13T19:34:05.881+0000] {processor.py:829} INFO - Processing file /home/airflow/.local/lib/python3.8/site-packages/airflow/example_dags/example_sla_dag.py for tasks to queue
[2023-09-13T19:34:05.883+0000] {logging_mixin.py:151} INFO - [2023-09-13T19:34:05.883+0000] {dagbag.py:539} INFO - Filling up the DagBag from /home/airflow/.local/lib/python3.8/site-packages/airflow/example_dags/example_sla_dag.py
[2023-09-13T19:34:05.891+0000] {processor.py:839} INFO - DAG(s) dict_keys(['example_sla_dag']) retrieved from /home/airflow/.local/lib/python3.8/site-packages/airflow/example_dags/example_sla_dag.py
[2023-09-13T19:34:05.911+0000] {logging_mixin.py:151} INFO - [2023-09-13T19:34:05.911+0000] {dag.py:2915} INFO - Sync 1 DAGs
[2023-09-13T19:34:05.932+0000] {logging_mixin.py:151} INFO - [2023-09-13T19:34:05.931+0000] {dag.py:3696} INFO - Setting next_dagrun for example_sla_dag to 2023-09-13T19:32:00+00:00, run_after=2023-09-13T19:34:00+00:00
[2023-09-13T19:34:05.944+0000] {processor.py:179} INFO - Processing /home/airflow/.local/lib/python3.8/site-packages/airflow/example_dags/example_sla_dag.py took 0.068 seconds
