[2023-09-13T19:15:53.906+0000] {processor.py:157} INFO - Started process (PID=65) to work on /home/airflow/.local/lib/python3.8/site-packages/airflow/example_dags/tutorial_dag.py
[2023-09-13T19:15:53.907+0000] {processor.py:829} INFO - Processing file /home/airflow/.local/lib/python3.8/site-packages/airflow/example_dags/tutorial_dag.py for tasks to queue
[2023-09-13T19:15:53.910+0000] {logging_mixin.py:151} INFO - [2023-09-13T19:15:53.910+0000] {dagbag.py:539} INFO - Filling up the DagBag from /home/airflow/.local/lib/python3.8/site-packages/airflow/example_dags/tutorial_dag.py
[2023-09-13T19:15:53.917+0000] {processor.py:839} INFO - DAG(s) dict_keys(['tutorial_dag']) retrieved from /home/airflow/.local/lib/python3.8/site-packages/airflow/example_dags/tutorial_dag.py
[2023-09-13T19:15:54.006+0000] {logging_mixin.py:151} INFO - [2023-09-13T19:15:54.006+0000] {manager.py:499} INFO - Created Permission View: %s
[2023-09-13T19:15:54.014+0000] {logging_mixin.py:151} INFO - [2023-09-13T19:15:54.014+0000] {manager.py:499} INFO - Created Permission View: %s
[2023-09-13T19:15:54.019+0000] {logging_mixin.py:151} INFO - [2023-09-13T19:15:54.019+0000] {manager.py:499} INFO - Created Permission View: %s
[2023-09-13T19:15:54.020+0000] {logging_mixin.py:151} INFO - [2023-09-13T19:15:54.020+0000] {security.py:708} INFO - Not syncing DAG-level permissions for DAG 'DAG:tutorial_dag' as access control is unset.
[2023-09-13T19:15:54.021+0000] {logging_mixin.py:151} INFO - [2023-09-13T19:15:54.020+0000] {dag.py:2915} INFO - Sync 1 DAGs
[2023-09-13T19:15:54.032+0000] {logging_mixin.py:151} INFO - [2023-09-13T19:15:54.032+0000] {dag.py:2937} INFO - Creating ORM DAG for tutorial_dag
[2023-09-13T19:15:54.033+0000] {logging_mixin.py:151} INFO - [2023-09-13T19:15:54.033+0000] {dag.py:3696} INFO - Setting next_dagrun for tutorial_dag to None, run_after=None
[2023-09-13T19:15:54.047+0000] {processor.py:179} INFO - Processing /home/airflow/.local/lib/python3.8/site-packages/airflow/example_dags/tutorial_dag.py took 0.148 seconds
[2023-09-13T19:16:24.160+0000] {processor.py:157} INFO - Started process (PID=119) to work on /home/airflow/.local/lib/python3.8/site-packages/airflow/example_dags/tutorial_dag.py
[2023-09-13T19:16:24.162+0000] {processor.py:829} INFO - Processing file /home/airflow/.local/lib/python3.8/site-packages/airflow/example_dags/tutorial_dag.py for tasks to queue
[2023-09-13T19:16:24.164+0000] {logging_mixin.py:151} INFO - [2023-09-13T19:16:24.164+0000] {dagbag.py:539} INFO - Filling up the DagBag from /home/airflow/.local/lib/python3.8/site-packages/airflow/example_dags/tutorial_dag.py
[2023-09-13T19:16:24.170+0000] {processor.py:839} INFO - DAG(s) dict_keys(['tutorial_dag']) retrieved from /home/airflow/.local/lib/python3.8/site-packages/airflow/example_dags/tutorial_dag.py
[2023-09-13T19:16:24.190+0000] {logging_mixin.py:151} INFO - [2023-09-13T19:16:24.190+0000] {dag.py:2915} INFO - Sync 1 DAGs
[2023-09-13T19:16:24.200+0000] {logging_mixin.py:151} INFO - [2023-09-13T19:16:24.200+0000] {dag.py:3696} INFO - Setting next_dagrun for tutorial_dag to None, run_after=None
[2023-09-13T19:16:24.213+0000] {processor.py:179} INFO - Processing /home/airflow/.local/lib/python3.8/site-packages/airflow/example_dags/tutorial_dag.py took 0.056 seconds
[2023-09-13T19:16:54.601+0000] {processor.py:157} INFO - Started process (PID=172) to work on /home/airflow/.local/lib/python3.8/site-packages/airflow/example_dags/tutorial_dag.py
[2023-09-13T19:16:54.602+0000] {processor.py:829} INFO - Processing file /home/airflow/.local/lib/python3.8/site-packages/airflow/example_dags/tutorial_dag.py for tasks to queue
[2023-09-13T19:16:54.604+0000] {logging_mixin.py:151} INFO - [2023-09-13T19:16:54.604+0000] {dagbag.py:539} INFO - Filling up the DagBag from /home/airflow/.local/lib/python3.8/site-packages/airflow/example_dags/tutorial_dag.py
[2023-09-13T19:16:54.609+0000] {processor.py:839} INFO - DAG(s) dict_keys(['tutorial_dag']) retrieved from /home/airflow/.local/lib/python3.8/site-packages/airflow/example_dags/tutorial_dag.py
[2023-09-13T19:16:54.630+0000] {logging_mixin.py:151} INFO - [2023-09-13T19:16:54.629+0000] {dag.py:2915} INFO - Sync 1 DAGs
[2023-09-13T19:16:54.640+0000] {logging_mixin.py:151} INFO - [2023-09-13T19:16:54.639+0000] {dag.py:3696} INFO - Setting next_dagrun for tutorial_dag to None, run_after=None
[2023-09-13T19:16:54.652+0000] {processor.py:179} INFO - Processing /home/airflow/.local/lib/python3.8/site-packages/airflow/example_dags/tutorial_dag.py took 0.054 seconds
[2023-09-13T19:17:24.838+0000] {processor.py:157} INFO - Started process (PID=226) to work on /home/airflow/.local/lib/python3.8/site-packages/airflow/example_dags/tutorial_dag.py
[2023-09-13T19:17:24.840+0000] {processor.py:829} INFO - Processing file /home/airflow/.local/lib/python3.8/site-packages/airflow/example_dags/tutorial_dag.py for tasks to queue
[2023-09-13T19:17:24.842+0000] {logging_mixin.py:151} INFO - [2023-09-13T19:17:24.842+0000] {dagbag.py:539} INFO - Filling up the DagBag from /home/airflow/.local/lib/python3.8/site-packages/airflow/example_dags/tutorial_dag.py
[2023-09-13T19:17:24.847+0000] {processor.py:839} INFO - DAG(s) dict_keys(['tutorial_dag']) retrieved from /home/airflow/.local/lib/python3.8/site-packages/airflow/example_dags/tutorial_dag.py
[2023-09-13T19:17:24.867+0000] {logging_mixin.py:151} INFO - [2023-09-13T19:17:24.867+0000] {dag.py:2915} INFO - Sync 1 DAGs
[2023-09-13T19:17:24.878+0000] {logging_mixin.py:151} INFO - [2023-09-13T19:17:24.878+0000] {dag.py:3696} INFO - Setting next_dagrun for tutorial_dag to None, run_after=None
[2023-09-13T19:17:24.891+0000] {processor.py:179} INFO - Processing /home/airflow/.local/lib/python3.8/site-packages/airflow/example_dags/tutorial_dag.py took 0.056 seconds
[2023-09-13T19:17:55.147+0000] {processor.py:157} INFO - Started process (PID=280) to work on /home/airflow/.local/lib/python3.8/site-packages/airflow/example_dags/tutorial_dag.py
[2023-09-13T19:17:55.149+0000] {processor.py:829} INFO - Processing file /home/airflow/.local/lib/python3.8/site-packages/airflow/example_dags/tutorial_dag.py for tasks to queue
[2023-09-13T19:17:55.153+0000] {logging_mixin.py:151} INFO - [2023-09-13T19:17:55.153+0000] {dagbag.py:539} INFO - Filling up the DagBag from /home/airflow/.local/lib/python3.8/site-packages/airflow/example_dags/tutorial_dag.py
[2023-09-13T19:17:55.159+0000] {processor.py:839} INFO - DAG(s) dict_keys(['tutorial_dag']) retrieved from /home/airflow/.local/lib/python3.8/site-packages/airflow/example_dags/tutorial_dag.py
[2023-09-13T19:17:55.181+0000] {logging_mixin.py:151} INFO - [2023-09-13T19:17:55.180+0000] {dag.py:2915} INFO - Sync 1 DAGs
[2023-09-13T19:17:55.191+0000] {logging_mixin.py:151} INFO - [2023-09-13T19:17:55.191+0000] {dag.py:3696} INFO - Setting next_dagrun for tutorial_dag to None, run_after=None
[2023-09-13T19:17:55.204+0000] {processor.py:179} INFO - Processing /home/airflow/.local/lib/python3.8/site-packages/airflow/example_dags/tutorial_dag.py took 0.063 seconds
[2023-09-13T19:18:25.388+0000] {processor.py:157} INFO - Started process (PID=334) to work on /home/airflow/.local/lib/python3.8/site-packages/airflow/example_dags/tutorial_dag.py
[2023-09-13T19:18:25.389+0000] {processor.py:829} INFO - Processing file /home/airflow/.local/lib/python3.8/site-packages/airflow/example_dags/tutorial_dag.py for tasks to queue
[2023-09-13T19:18:25.392+0000] {logging_mixin.py:151} INFO - [2023-09-13T19:18:25.392+0000] {dagbag.py:539} INFO - Filling up the DagBag from /home/airflow/.local/lib/python3.8/site-packages/airflow/example_dags/tutorial_dag.py
[2023-09-13T19:18:25.398+0000] {processor.py:839} INFO - DAG(s) dict_keys(['tutorial_dag']) retrieved from /home/airflow/.local/lib/python3.8/site-packages/airflow/example_dags/tutorial_dag.py
[2023-09-13T19:18:25.420+0000] {logging_mixin.py:151} INFO - [2023-09-13T19:18:25.420+0000] {dag.py:2915} INFO - Sync 1 DAGs
[2023-09-13T19:18:25.432+0000] {logging_mixin.py:151} INFO - [2023-09-13T19:18:25.431+0000] {dag.py:3696} INFO - Setting next_dagrun for tutorial_dag to None, run_after=None
[2023-09-13T19:18:25.444+0000] {processor.py:179} INFO - Processing /home/airflow/.local/lib/python3.8/site-packages/airflow/example_dags/tutorial_dag.py took 0.060 seconds
[2023-09-13T19:18:55.922+0000] {processor.py:157} INFO - Started process (PID=388) to work on /home/airflow/.local/lib/python3.8/site-packages/airflow/example_dags/tutorial_dag.py
[2023-09-13T19:18:55.923+0000] {processor.py:829} INFO - Processing file /home/airflow/.local/lib/python3.8/site-packages/airflow/example_dags/tutorial_dag.py for tasks to queue
[2023-09-13T19:18:55.926+0000] {logging_mixin.py:151} INFO - [2023-09-13T19:18:55.925+0000] {dagbag.py:539} INFO - Filling up the DagBag from /home/airflow/.local/lib/python3.8/site-packages/airflow/example_dags/tutorial_dag.py
[2023-09-13T19:18:55.931+0000] {processor.py:839} INFO - DAG(s) dict_keys(['tutorial_dag']) retrieved from /home/airflow/.local/lib/python3.8/site-packages/airflow/example_dags/tutorial_dag.py
[2023-09-13T19:18:55.952+0000] {logging_mixin.py:151} INFO - [2023-09-13T19:18:55.952+0000] {dag.py:2915} INFO - Sync 1 DAGs
[2023-09-13T19:18:55.962+0000] {logging_mixin.py:151} INFO - [2023-09-13T19:18:55.962+0000] {dag.py:3696} INFO - Setting next_dagrun for tutorial_dag to None, run_after=None
[2023-09-13T19:18:55.975+0000] {processor.py:179} INFO - Processing /home/airflow/.local/lib/python3.8/site-packages/airflow/example_dags/tutorial_dag.py took 0.057 seconds
[2023-09-13T19:19:26.271+0000] {processor.py:157} INFO - Started process (PID=443) to work on /home/airflow/.local/lib/python3.8/site-packages/airflow/example_dags/tutorial_dag.py
[2023-09-13T19:19:26.273+0000] {processor.py:829} INFO - Processing file /home/airflow/.local/lib/python3.8/site-packages/airflow/example_dags/tutorial_dag.py for tasks to queue
[2023-09-13T19:19:26.275+0000] {logging_mixin.py:151} INFO - [2023-09-13T19:19:26.275+0000] {dagbag.py:539} INFO - Filling up the DagBag from /home/airflow/.local/lib/python3.8/site-packages/airflow/example_dags/tutorial_dag.py
[2023-09-13T19:19:26.282+0000] {processor.py:839} INFO - DAG(s) dict_keys(['tutorial_dag']) retrieved from /home/airflow/.local/lib/python3.8/site-packages/airflow/example_dags/tutorial_dag.py
[2023-09-13T19:19:26.304+0000] {logging_mixin.py:151} INFO - [2023-09-13T19:19:26.304+0000] {dag.py:2915} INFO - Sync 1 DAGs
[2023-09-13T19:19:26.316+0000] {logging_mixin.py:151} INFO - [2023-09-13T19:19:26.315+0000] {dag.py:3696} INFO - Setting next_dagrun for tutorial_dag to None, run_after=None
[2023-09-13T19:19:26.328+0000] {processor.py:179} INFO - Processing /home/airflow/.local/lib/python3.8/site-packages/airflow/example_dags/tutorial_dag.py took 0.061 seconds
[2023-09-13T19:19:57.292+0000] {processor.py:157} INFO - Started process (PID=497) to work on /home/airflow/.local/lib/python3.8/site-packages/airflow/example_dags/tutorial_dag.py
[2023-09-13T19:19:57.294+0000] {processor.py:829} INFO - Processing file /home/airflow/.local/lib/python3.8/site-packages/airflow/example_dags/tutorial_dag.py for tasks to queue
[2023-09-13T19:19:57.297+0000] {logging_mixin.py:151} INFO - [2023-09-13T19:19:57.297+0000] {dagbag.py:539} INFO - Filling up the DagBag from /home/airflow/.local/lib/python3.8/site-packages/airflow/example_dags/tutorial_dag.py
[2023-09-13T19:19:57.303+0000] {processor.py:839} INFO - DAG(s) dict_keys(['tutorial_dag']) retrieved from /home/airflow/.local/lib/python3.8/site-packages/airflow/example_dags/tutorial_dag.py
[2023-09-13T19:19:57.327+0000] {logging_mixin.py:151} INFO - [2023-09-13T19:19:57.327+0000] {dag.py:2915} INFO - Sync 1 DAGs
[2023-09-13T19:19:57.341+0000] {logging_mixin.py:151} INFO - [2023-09-13T19:19:57.341+0000] {dag.py:3696} INFO - Setting next_dagrun for tutorial_dag to None, run_after=None
[2023-09-13T19:19:57.356+0000] {processor.py:179} INFO - Processing /home/airflow/.local/lib/python3.8/site-packages/airflow/example_dags/tutorial_dag.py took 0.069 seconds
[2023-09-13T19:20:27.628+0000] {processor.py:157} INFO - Started process (PID=550) to work on /home/airflow/.local/lib/python3.8/site-packages/airflow/example_dags/tutorial_dag.py
[2023-09-13T19:20:27.629+0000] {processor.py:829} INFO - Processing file /home/airflow/.local/lib/python3.8/site-packages/airflow/example_dags/tutorial_dag.py for tasks to queue
[2023-09-13T19:20:27.632+0000] {logging_mixin.py:151} INFO - [2023-09-13T19:20:27.632+0000] {dagbag.py:539} INFO - Filling up the DagBag from /home/airflow/.local/lib/python3.8/site-packages/airflow/example_dags/tutorial_dag.py
[2023-09-13T19:20:27.638+0000] {processor.py:839} INFO - DAG(s) dict_keys(['tutorial_dag']) retrieved from /home/airflow/.local/lib/python3.8/site-packages/airflow/example_dags/tutorial_dag.py
[2023-09-13T19:20:27.660+0000] {logging_mixin.py:151} INFO - [2023-09-13T19:20:27.660+0000] {dag.py:2915} INFO - Sync 1 DAGs
[2023-09-13T19:20:27.670+0000] {logging_mixin.py:151} INFO - [2023-09-13T19:20:27.670+0000] {dag.py:3696} INFO - Setting next_dagrun for tutorial_dag to None, run_after=None
[2023-09-13T19:20:27.683+0000] {processor.py:179} INFO - Processing /home/airflow/.local/lib/python3.8/site-packages/airflow/example_dags/tutorial_dag.py took 0.058 seconds
[2023-09-13T19:20:58.439+0000] {processor.py:157} INFO - Started process (PID=604) to work on /home/airflow/.local/lib/python3.8/site-packages/airflow/example_dags/tutorial_dag.py
[2023-09-13T19:20:58.440+0000] {processor.py:829} INFO - Processing file /home/airflow/.local/lib/python3.8/site-packages/airflow/example_dags/tutorial_dag.py for tasks to queue
[2023-09-13T19:20:58.443+0000] {logging_mixin.py:151} INFO - [2023-09-13T19:20:58.442+0000] {dagbag.py:539} INFO - Filling up the DagBag from /home/airflow/.local/lib/python3.8/site-packages/airflow/example_dags/tutorial_dag.py
[2023-09-13T19:20:58.449+0000] {processor.py:839} INFO - DAG(s) dict_keys(['tutorial_dag']) retrieved from /home/airflow/.local/lib/python3.8/site-packages/airflow/example_dags/tutorial_dag.py
[2023-09-13T19:20:58.472+0000] {logging_mixin.py:151} INFO - [2023-09-13T19:20:58.472+0000] {dag.py:2915} INFO - Sync 1 DAGs
[2023-09-13T19:20:58.483+0000] {logging_mixin.py:151} INFO - [2023-09-13T19:20:58.483+0000] {dag.py:3696} INFO - Setting next_dagrun for tutorial_dag to None, run_after=None
[2023-09-13T19:20:58.510+0000] {processor.py:179} INFO - Processing /home/airflow/.local/lib/python3.8/site-packages/airflow/example_dags/tutorial_dag.py took 0.075 seconds
[2023-09-13T19:21:29.168+0000] {processor.py:157} INFO - Started process (PID=658) to work on /home/airflow/.local/lib/python3.8/site-packages/airflow/example_dags/tutorial_dag.py
[2023-09-13T19:21:29.169+0000] {processor.py:829} INFO - Processing file /home/airflow/.local/lib/python3.8/site-packages/airflow/example_dags/tutorial_dag.py for tasks to queue
[2023-09-13T19:21:29.172+0000] {logging_mixin.py:151} INFO - [2023-09-13T19:21:29.171+0000] {dagbag.py:539} INFO - Filling up the DagBag from /home/airflow/.local/lib/python3.8/site-packages/airflow/example_dags/tutorial_dag.py
[2023-09-13T19:21:29.178+0000] {processor.py:839} INFO - DAG(s) dict_keys(['tutorial_dag']) retrieved from /home/airflow/.local/lib/python3.8/site-packages/airflow/example_dags/tutorial_dag.py
[2023-09-13T19:21:29.199+0000] {logging_mixin.py:151} INFO - [2023-09-13T19:21:29.199+0000] {dag.py:2915} INFO - Sync 1 DAGs
[2023-09-13T19:21:29.209+0000] {logging_mixin.py:151} INFO - [2023-09-13T19:21:29.209+0000] {dag.py:3696} INFO - Setting next_dagrun for tutorial_dag to None, run_after=None
[2023-09-13T19:21:29.222+0000] {processor.py:179} INFO - Processing /home/airflow/.local/lib/python3.8/site-packages/airflow/example_dags/tutorial_dag.py took 0.058 seconds
[2023-09-13T19:21:59.827+0000] {processor.py:157} INFO - Started process (PID=719) to work on /home/airflow/.local/lib/python3.8/site-packages/airflow/example_dags/tutorial_dag.py
[2023-09-13T19:21:59.828+0000] {processor.py:829} INFO - Processing file /home/airflow/.local/lib/python3.8/site-packages/airflow/example_dags/tutorial_dag.py for tasks to queue
[2023-09-13T19:21:59.830+0000] {logging_mixin.py:151} INFO - [2023-09-13T19:21:59.830+0000] {dagbag.py:539} INFO - Filling up the DagBag from /home/airflow/.local/lib/python3.8/site-packages/airflow/example_dags/tutorial_dag.py
[2023-09-13T19:21:59.836+0000] {processor.py:839} INFO - DAG(s) dict_keys(['tutorial_dag']) retrieved from /home/airflow/.local/lib/python3.8/site-packages/airflow/example_dags/tutorial_dag.py
[2023-09-13T19:21:59.856+0000] {logging_mixin.py:151} INFO - [2023-09-13T19:21:59.856+0000] {dag.py:2915} INFO - Sync 1 DAGs
[2023-09-13T19:21:59.866+0000] {logging_mixin.py:151} INFO - [2023-09-13T19:21:59.866+0000] {dag.py:3696} INFO - Setting next_dagrun for tutorial_dag to None, run_after=None
[2023-09-13T19:21:59.879+0000] {processor.py:179} INFO - Processing /home/airflow/.local/lib/python3.8/site-packages/airflow/example_dags/tutorial_dag.py took 0.055 seconds
[2023-09-13T19:22:30.652+0000] {processor.py:157} INFO - Started process (PID=773) to work on /home/airflow/.local/lib/python3.8/site-packages/airflow/example_dags/tutorial_dag.py
[2023-09-13T19:22:30.653+0000] {processor.py:829} INFO - Processing file /home/airflow/.local/lib/python3.8/site-packages/airflow/example_dags/tutorial_dag.py for tasks to queue
[2023-09-13T19:22:30.656+0000] {logging_mixin.py:151} INFO - [2023-09-13T19:22:30.656+0000] {dagbag.py:539} INFO - Filling up the DagBag from /home/airflow/.local/lib/python3.8/site-packages/airflow/example_dags/tutorial_dag.py
[2023-09-13T19:22:30.662+0000] {processor.py:839} INFO - DAG(s) dict_keys(['tutorial_dag']) retrieved from /home/airflow/.local/lib/python3.8/site-packages/airflow/example_dags/tutorial_dag.py
[2023-09-13T19:22:30.685+0000] {logging_mixin.py:151} INFO - [2023-09-13T19:22:30.684+0000] {dag.py:2915} INFO - Sync 1 DAGs
[2023-09-13T19:22:30.696+0000] {logging_mixin.py:151} INFO - [2023-09-13T19:22:30.695+0000] {dag.py:3696} INFO - Setting next_dagrun for tutorial_dag to None, run_after=None
[2023-09-13T19:22:30.708+0000] {processor.py:179} INFO - Processing /home/airflow/.local/lib/python3.8/site-packages/airflow/example_dags/tutorial_dag.py took 0.060 seconds
[2023-09-13T19:23:01.044+0000] {processor.py:157} INFO - Started process (PID=827) to work on /home/airflow/.local/lib/python3.8/site-packages/airflow/example_dags/tutorial_dag.py
[2023-09-13T19:23:01.046+0000] {processor.py:829} INFO - Processing file /home/airflow/.local/lib/python3.8/site-packages/airflow/example_dags/tutorial_dag.py for tasks to queue
[2023-09-13T19:23:01.048+0000] {logging_mixin.py:151} INFO - [2023-09-13T19:23:01.048+0000] {dagbag.py:539} INFO - Filling up the DagBag from /home/airflow/.local/lib/python3.8/site-packages/airflow/example_dags/tutorial_dag.py
[2023-09-13T19:23:01.054+0000] {processor.py:839} INFO - DAG(s) dict_keys(['tutorial_dag']) retrieved from /home/airflow/.local/lib/python3.8/site-packages/airflow/example_dags/tutorial_dag.py
[2023-09-13T19:23:01.077+0000] {logging_mixin.py:151} INFO - [2023-09-13T19:23:01.077+0000] {dag.py:2915} INFO - Sync 1 DAGs
[2023-09-13T19:23:01.088+0000] {logging_mixin.py:151} INFO - [2023-09-13T19:23:01.088+0000] {dag.py:3696} INFO - Setting next_dagrun for tutorial_dag to None, run_after=None
[2023-09-13T19:23:01.101+0000] {processor.py:179} INFO - Processing /home/airflow/.local/lib/python3.8/site-packages/airflow/example_dags/tutorial_dag.py took 0.060 seconds
[2023-09-13T19:23:31.192+0000] {processor.py:157} INFO - Started process (PID=881) to work on /home/airflow/.local/lib/python3.8/site-packages/airflow/example_dags/tutorial_dag.py
[2023-09-13T19:23:31.193+0000] {processor.py:829} INFO - Processing file /home/airflow/.local/lib/python3.8/site-packages/airflow/example_dags/tutorial_dag.py for tasks to queue
[2023-09-13T19:23:31.195+0000] {logging_mixin.py:151} INFO - [2023-09-13T19:23:31.195+0000] {dagbag.py:539} INFO - Filling up the DagBag from /home/airflow/.local/lib/python3.8/site-packages/airflow/example_dags/tutorial_dag.py
[2023-09-13T19:23:31.200+0000] {processor.py:839} INFO - DAG(s) dict_keys(['tutorial_dag']) retrieved from /home/airflow/.local/lib/python3.8/site-packages/airflow/example_dags/tutorial_dag.py
[2023-09-13T19:23:31.222+0000] {logging_mixin.py:151} INFO - [2023-09-13T19:23:31.221+0000] {dag.py:2915} INFO - Sync 1 DAGs
[2023-09-13T19:23:31.232+0000] {logging_mixin.py:151} INFO - [2023-09-13T19:23:31.231+0000] {dag.py:3696} INFO - Setting next_dagrun for tutorial_dag to None, run_after=None
[2023-09-13T19:23:31.244+0000] {processor.py:179} INFO - Processing /home/airflow/.local/lib/python3.8/site-packages/airflow/example_dags/tutorial_dag.py took 0.056 seconds
[2023-09-13T19:24:01.399+0000] {processor.py:157} INFO - Started process (PID=934) to work on /home/airflow/.local/lib/python3.8/site-packages/airflow/example_dags/tutorial_dag.py
[2023-09-13T19:24:01.400+0000] {processor.py:829} INFO - Processing file /home/airflow/.local/lib/python3.8/site-packages/airflow/example_dags/tutorial_dag.py for tasks to queue
[2023-09-13T19:24:01.403+0000] {logging_mixin.py:151} INFO - [2023-09-13T19:24:01.403+0000] {dagbag.py:539} INFO - Filling up the DagBag from /home/airflow/.local/lib/python3.8/site-packages/airflow/example_dags/tutorial_dag.py
[2023-09-13T19:24:01.409+0000] {processor.py:839} INFO - DAG(s) dict_keys(['tutorial_dag']) retrieved from /home/airflow/.local/lib/python3.8/site-packages/airflow/example_dags/tutorial_dag.py
[2023-09-13T19:24:01.430+0000] {logging_mixin.py:151} INFO - [2023-09-13T19:24:01.430+0000] {dag.py:2915} INFO - Sync 1 DAGs
[2023-09-13T19:24:01.440+0000] {logging_mixin.py:151} INFO - [2023-09-13T19:24:01.440+0000] {dag.py:3696} INFO - Setting next_dagrun for tutorial_dag to None, run_after=None
[2023-09-13T19:24:01.453+0000] {processor.py:179} INFO - Processing /home/airflow/.local/lib/python3.8/site-packages/airflow/example_dags/tutorial_dag.py took 0.057 seconds
[2023-09-13T19:24:31.736+0000] {processor.py:157} INFO - Started process (PID=989) to work on /home/airflow/.local/lib/python3.8/site-packages/airflow/example_dags/tutorial_dag.py
[2023-09-13T19:24:31.738+0000] {processor.py:829} INFO - Processing file /home/airflow/.local/lib/python3.8/site-packages/airflow/example_dags/tutorial_dag.py for tasks to queue
[2023-09-13T19:24:31.740+0000] {logging_mixin.py:151} INFO - [2023-09-13T19:24:31.740+0000] {dagbag.py:539} INFO - Filling up the DagBag from /home/airflow/.local/lib/python3.8/site-packages/airflow/example_dags/tutorial_dag.py
[2023-09-13T19:24:31.745+0000] {processor.py:839} INFO - DAG(s) dict_keys(['tutorial_dag']) retrieved from /home/airflow/.local/lib/python3.8/site-packages/airflow/example_dags/tutorial_dag.py
[2023-09-13T19:24:31.767+0000] {logging_mixin.py:151} INFO - [2023-09-13T19:24:31.766+0000] {dag.py:2915} INFO - Sync 1 DAGs
[2023-09-13T19:24:31.777+0000] {logging_mixin.py:151} INFO - [2023-09-13T19:24:31.777+0000] {dag.py:3696} INFO - Setting next_dagrun for tutorial_dag to None, run_after=None
[2023-09-13T19:24:31.789+0000] {processor.py:179} INFO - Processing /home/airflow/.local/lib/python3.8/site-packages/airflow/example_dags/tutorial_dag.py took 0.056 seconds
[2023-09-13T19:25:01.888+0000] {processor.py:157} INFO - Started process (PID=1042) to work on /home/airflow/.local/lib/python3.8/site-packages/airflow/example_dags/tutorial_dag.py
[2023-09-13T19:25:01.889+0000] {processor.py:829} INFO - Processing file /home/airflow/.local/lib/python3.8/site-packages/airflow/example_dags/tutorial_dag.py for tasks to queue
[2023-09-13T19:25:01.892+0000] {logging_mixin.py:151} INFO - [2023-09-13T19:25:01.891+0000] {dagbag.py:539} INFO - Filling up the DagBag from /home/airflow/.local/lib/python3.8/site-packages/airflow/example_dags/tutorial_dag.py
[2023-09-13T19:25:01.897+0000] {processor.py:839} INFO - DAG(s) dict_keys(['tutorial_dag']) retrieved from /home/airflow/.local/lib/python3.8/site-packages/airflow/example_dags/tutorial_dag.py
[2023-09-13T19:25:01.919+0000] {logging_mixin.py:151} INFO - [2023-09-13T19:25:01.918+0000] {dag.py:2915} INFO - Sync 1 DAGs
[2023-09-13T19:25:01.928+0000] {logging_mixin.py:151} INFO - [2023-09-13T19:25:01.928+0000] {dag.py:3696} INFO - Setting next_dagrun for tutorial_dag to None, run_after=None
[2023-09-13T19:25:01.940+0000] {processor.py:179} INFO - Processing /home/airflow/.local/lib/python3.8/site-packages/airflow/example_dags/tutorial_dag.py took 0.056 seconds
[2023-09-13T19:25:32.297+0000] {processor.py:157} INFO - Started process (PID=1096) to work on /home/airflow/.local/lib/python3.8/site-packages/airflow/example_dags/tutorial_dag.py
[2023-09-13T19:25:32.299+0000] {processor.py:829} INFO - Processing file /home/airflow/.local/lib/python3.8/site-packages/airflow/example_dags/tutorial_dag.py for tasks to queue
[2023-09-13T19:25:32.302+0000] {logging_mixin.py:151} INFO - [2023-09-13T19:25:32.301+0000] {dagbag.py:539} INFO - Filling up the DagBag from /home/airflow/.local/lib/python3.8/site-packages/airflow/example_dags/tutorial_dag.py
[2023-09-13T19:25:32.307+0000] {processor.py:839} INFO - DAG(s) dict_keys(['tutorial_dag']) retrieved from /home/airflow/.local/lib/python3.8/site-packages/airflow/example_dags/tutorial_dag.py
[2023-09-13T19:25:32.329+0000] {logging_mixin.py:151} INFO - [2023-09-13T19:25:32.329+0000] {dag.py:2915} INFO - Sync 1 DAGs
[2023-09-13T19:25:32.340+0000] {logging_mixin.py:151} INFO - [2023-09-13T19:25:32.340+0000] {dag.py:3696} INFO - Setting next_dagrun for tutorial_dag to None, run_after=None
[2023-09-13T19:25:32.353+0000] {processor.py:179} INFO - Processing /home/airflow/.local/lib/python3.8/site-packages/airflow/example_dags/tutorial_dag.py took 0.059 seconds
[2023-09-13T19:26:03.277+0000] {processor.py:157} INFO - Started process (PID=1153) to work on /home/airflow/.local/lib/python3.8/site-packages/airflow/example_dags/tutorial_dag.py
[2023-09-13T19:26:03.280+0000] {processor.py:829} INFO - Processing file /home/airflow/.local/lib/python3.8/site-packages/airflow/example_dags/tutorial_dag.py for tasks to queue
[2023-09-13T19:26:03.284+0000] {logging_mixin.py:151} INFO - [2023-09-13T19:26:03.283+0000] {dagbag.py:539} INFO - Filling up the DagBag from /home/airflow/.local/lib/python3.8/site-packages/airflow/example_dags/tutorial_dag.py
[2023-09-13T19:26:03.310+0000] {processor.py:839} INFO - DAG(s) dict_keys(['tutorial_dag']) retrieved from /home/airflow/.local/lib/python3.8/site-packages/airflow/example_dags/tutorial_dag.py
[2023-09-13T19:26:03.342+0000] {logging_mixin.py:151} INFO - [2023-09-13T19:26:03.342+0000] {dag.py:2915} INFO - Sync 1 DAGs
[2023-09-13T19:26:03.354+0000] {logging_mixin.py:151} INFO - [2023-09-13T19:26:03.354+0000] {dag.py:3696} INFO - Setting next_dagrun for tutorial_dag to None, run_after=None
[2023-09-13T19:26:03.368+0000] {processor.py:179} INFO - Processing /home/airflow/.local/lib/python3.8/site-packages/airflow/example_dags/tutorial_dag.py took 0.096 seconds
[2023-09-13T19:26:33.700+0000] {processor.py:157} INFO - Started process (PID=1210) to work on /home/airflow/.local/lib/python3.8/site-packages/airflow/example_dags/tutorial_dag.py
[2023-09-13T19:26:33.702+0000] {processor.py:829} INFO - Processing file /home/airflow/.local/lib/python3.8/site-packages/airflow/example_dags/tutorial_dag.py for tasks to queue
[2023-09-13T19:26:33.706+0000] {logging_mixin.py:151} INFO - [2023-09-13T19:26:33.705+0000] {dagbag.py:539} INFO - Filling up the DagBag from /home/airflow/.local/lib/python3.8/site-packages/airflow/example_dags/tutorial_dag.py
[2023-09-13T19:26:33.712+0000] {processor.py:839} INFO - DAG(s) dict_keys(['tutorial_dag']) retrieved from /home/airflow/.local/lib/python3.8/site-packages/airflow/example_dags/tutorial_dag.py
[2023-09-13T19:26:33.735+0000] {logging_mixin.py:151} INFO - [2023-09-13T19:26:33.735+0000] {dag.py:2915} INFO - Sync 1 DAGs
[2023-09-13T19:26:33.746+0000] {logging_mixin.py:151} INFO - [2023-09-13T19:26:33.746+0000] {dag.py:3696} INFO - Setting next_dagrun for tutorial_dag to None, run_after=None
[2023-09-13T19:26:33.763+0000] {processor.py:179} INFO - Processing /home/airflow/.local/lib/python3.8/site-packages/airflow/example_dags/tutorial_dag.py took 0.067 seconds
[2023-09-13T19:27:04.157+0000] {processor.py:157} INFO - Started process (PID=1265) to work on /home/airflow/.local/lib/python3.8/site-packages/airflow/example_dags/tutorial_dag.py
[2023-09-13T19:27:04.159+0000] {processor.py:829} INFO - Processing file /home/airflow/.local/lib/python3.8/site-packages/airflow/example_dags/tutorial_dag.py for tasks to queue
[2023-09-13T19:27:04.161+0000] {logging_mixin.py:151} INFO - [2023-09-13T19:27:04.161+0000] {dagbag.py:539} INFO - Filling up the DagBag from /home/airflow/.local/lib/python3.8/site-packages/airflow/example_dags/tutorial_dag.py
[2023-09-13T19:27:04.168+0000] {processor.py:839} INFO - DAG(s) dict_keys(['tutorial_dag']) retrieved from /home/airflow/.local/lib/python3.8/site-packages/airflow/example_dags/tutorial_dag.py
[2023-09-13T19:27:04.200+0000] {logging_mixin.py:151} INFO - [2023-09-13T19:27:04.200+0000] {dag.py:2915} INFO - Sync 1 DAGs
[2023-09-13T19:27:04.213+0000] {logging_mixin.py:151} INFO - [2023-09-13T19:27:04.212+0000] {dag.py:3696} INFO - Setting next_dagrun for tutorial_dag to None, run_after=None
[2023-09-13T19:27:04.227+0000] {processor.py:179} INFO - Processing /home/airflow/.local/lib/python3.8/site-packages/airflow/example_dags/tutorial_dag.py took 0.074 seconds
[2023-09-13T19:28:17.732+0000] {processor.py:157} INFO - Started process (PID=65) to work on /home/airflow/.local/lib/python3.8/site-packages/airflow/example_dags/tutorial_dag.py
[2023-09-13T19:28:17.734+0000] {processor.py:829} INFO - Processing file /home/airflow/.local/lib/python3.8/site-packages/airflow/example_dags/tutorial_dag.py for tasks to queue
[2023-09-13T19:28:17.738+0000] {logging_mixin.py:151} INFO - [2023-09-13T19:28:17.738+0000] {dagbag.py:539} INFO - Filling up the DagBag from /home/airflow/.local/lib/python3.8/site-packages/airflow/example_dags/tutorial_dag.py
[2023-09-13T19:28:17.751+0000] {processor.py:839} INFO - DAG(s) dict_keys(['tutorial_dag']) retrieved from /home/airflow/.local/lib/python3.8/site-packages/airflow/example_dags/tutorial_dag.py
[2023-09-13T19:28:17.791+0000] {logging_mixin.py:151} INFO - [2023-09-13T19:28:17.791+0000] {dag.py:2915} INFO - Sync 1 DAGs
[2023-09-13T19:28:17.823+0000] {logging_mixin.py:151} INFO - [2023-09-13T19:28:17.823+0000] {dag.py:3696} INFO - Setting next_dagrun for tutorial_dag to None, run_after=None
[2023-09-13T19:28:17.854+0000] {processor.py:179} INFO - Processing /home/airflow/.local/lib/python3.8/site-packages/airflow/example_dags/tutorial_dag.py took 0.133 seconds
[2023-09-13T19:28:48.042+0000] {processor.py:157} INFO - Started process (PID=121) to work on /home/airflow/.local/lib/python3.8/site-packages/airflow/example_dags/tutorial_dag.py
[2023-09-13T19:28:48.043+0000] {processor.py:829} INFO - Processing file /home/airflow/.local/lib/python3.8/site-packages/airflow/example_dags/tutorial_dag.py for tasks to queue
[2023-09-13T19:28:48.046+0000] {logging_mixin.py:151} INFO - [2023-09-13T19:28:48.045+0000] {dagbag.py:539} INFO - Filling up the DagBag from /home/airflow/.local/lib/python3.8/site-packages/airflow/example_dags/tutorial_dag.py
[2023-09-13T19:28:48.051+0000] {processor.py:839} INFO - DAG(s) dict_keys(['tutorial_dag']) retrieved from /home/airflow/.local/lib/python3.8/site-packages/airflow/example_dags/tutorial_dag.py
[2023-09-13T19:28:48.074+0000] {logging_mixin.py:151} INFO - [2023-09-13T19:28:48.073+0000] {dag.py:2915} INFO - Sync 1 DAGs
[2023-09-13T19:28:48.097+0000] {logging_mixin.py:151} INFO - [2023-09-13T19:28:48.096+0000] {dag.py:3696} INFO - Setting next_dagrun for tutorial_dag to None, run_after=None
[2023-09-13T19:28:48.125+0000] {processor.py:179} INFO - Processing /home/airflow/.local/lib/python3.8/site-packages/airflow/example_dags/tutorial_dag.py took 0.086 seconds
[2023-09-13T19:29:18.339+0000] {processor.py:157} INFO - Started process (PID=176) to work on /home/airflow/.local/lib/python3.8/site-packages/airflow/example_dags/tutorial_dag.py
[2023-09-13T19:29:18.340+0000] {processor.py:829} INFO - Processing file /home/airflow/.local/lib/python3.8/site-packages/airflow/example_dags/tutorial_dag.py for tasks to queue
[2023-09-13T19:29:18.343+0000] {logging_mixin.py:151} INFO - [2023-09-13T19:29:18.342+0000] {dagbag.py:539} INFO - Filling up the DagBag from /home/airflow/.local/lib/python3.8/site-packages/airflow/example_dags/tutorial_dag.py
[2023-09-13T19:29:18.348+0000] {processor.py:839} INFO - DAG(s) dict_keys(['tutorial_dag']) retrieved from /home/airflow/.local/lib/python3.8/site-packages/airflow/example_dags/tutorial_dag.py
[2023-09-13T19:29:18.370+0000] {logging_mixin.py:151} INFO - [2023-09-13T19:29:18.369+0000] {dag.py:2915} INFO - Sync 1 DAGs
[2023-09-13T19:29:18.379+0000] {logging_mixin.py:151} INFO - [2023-09-13T19:29:18.379+0000] {dag.py:3696} INFO - Setting next_dagrun for tutorial_dag to None, run_after=None
[2023-09-13T19:29:18.391+0000] {processor.py:179} INFO - Processing /home/airflow/.local/lib/python3.8/site-packages/airflow/example_dags/tutorial_dag.py took 0.056 seconds
[2023-09-13T19:29:48.721+0000] {processor.py:157} INFO - Started process (PID=230) to work on /home/airflow/.local/lib/python3.8/site-packages/airflow/example_dags/tutorial_dag.py
[2023-09-13T19:29:48.723+0000] {processor.py:829} INFO - Processing file /home/airflow/.local/lib/python3.8/site-packages/airflow/example_dags/tutorial_dag.py for tasks to queue
[2023-09-13T19:29:48.725+0000] {logging_mixin.py:151} INFO - [2023-09-13T19:29:48.725+0000] {dagbag.py:539} INFO - Filling up the DagBag from /home/airflow/.local/lib/python3.8/site-packages/airflow/example_dags/tutorial_dag.py
[2023-09-13T19:29:48.732+0000] {processor.py:839} INFO - DAG(s) dict_keys(['tutorial_dag']) retrieved from /home/airflow/.local/lib/python3.8/site-packages/airflow/example_dags/tutorial_dag.py
[2023-09-13T19:29:48.756+0000] {logging_mixin.py:151} INFO - [2023-09-13T19:29:48.756+0000] {dag.py:2915} INFO - Sync 1 DAGs
[2023-09-13T19:29:48.767+0000] {logging_mixin.py:151} INFO - [2023-09-13T19:29:48.767+0000] {dag.py:3696} INFO - Setting next_dagrun for tutorial_dag to None, run_after=None
[2023-09-13T19:29:48.780+0000] {processor.py:179} INFO - Processing /home/airflow/.local/lib/python3.8/site-packages/airflow/example_dags/tutorial_dag.py took 0.063 seconds
[2023-09-13T19:30:18.941+0000] {processor.py:157} INFO - Started process (PID=284) to work on /home/airflow/.local/lib/python3.8/site-packages/airflow/example_dags/tutorial_dag.py
[2023-09-13T19:30:18.943+0000] {processor.py:829} INFO - Processing file /home/airflow/.local/lib/python3.8/site-packages/airflow/example_dags/tutorial_dag.py for tasks to queue
[2023-09-13T19:30:18.947+0000] {logging_mixin.py:151} INFO - [2023-09-13T19:30:18.946+0000] {dagbag.py:539} INFO - Filling up the DagBag from /home/airflow/.local/lib/python3.8/site-packages/airflow/example_dags/tutorial_dag.py
[2023-09-13T19:30:18.954+0000] {processor.py:839} INFO - DAG(s) dict_keys(['tutorial_dag']) retrieved from /home/airflow/.local/lib/python3.8/site-packages/airflow/example_dags/tutorial_dag.py
[2023-09-13T19:30:18.982+0000] {logging_mixin.py:151} INFO - [2023-09-13T19:30:18.982+0000] {dag.py:2915} INFO - Sync 1 DAGs
[2023-09-13T19:30:18.995+0000] {logging_mixin.py:151} INFO - [2023-09-13T19:30:18.994+0000] {dag.py:3696} INFO - Setting next_dagrun for tutorial_dag to None, run_after=None
[2023-09-13T19:30:19.014+0000] {processor.py:179} INFO - Processing /home/airflow/.local/lib/python3.8/site-packages/airflow/example_dags/tutorial_dag.py took 0.077 seconds
[2023-09-13T19:31:33.099+0000] {processor.py:157} INFO - Started process (PID=66) to work on /home/airflow/.local/lib/python3.8/site-packages/airflow/example_dags/tutorial_dag.py
[2023-09-13T19:31:33.101+0000] {processor.py:829} INFO - Processing file /home/airflow/.local/lib/python3.8/site-packages/airflow/example_dags/tutorial_dag.py for tasks to queue
[2023-09-13T19:31:33.107+0000] {logging_mixin.py:151} INFO - [2023-09-13T19:31:33.106+0000] {dagbag.py:539} INFO - Filling up the DagBag from /home/airflow/.local/lib/python3.8/site-packages/airflow/example_dags/tutorial_dag.py
[2023-09-13T19:31:33.120+0000] {processor.py:839} INFO - DAG(s) dict_keys(['tutorial_dag']) retrieved from /home/airflow/.local/lib/python3.8/site-packages/airflow/example_dags/tutorial_dag.py
[2023-09-13T19:31:33.153+0000] {logging_mixin.py:151} INFO - [2023-09-13T19:31:33.153+0000] {dag.py:2915} INFO - Sync 1 DAGs
[2023-09-13T19:31:33.188+0000] {logging_mixin.py:151} INFO - [2023-09-13T19:31:33.187+0000] {dag.py:3696} INFO - Setting next_dagrun for tutorial_dag to None, run_after=None
[2023-09-13T19:31:33.225+0000] {processor.py:179} INFO - Processing /home/airflow/.local/lib/python3.8/site-packages/airflow/example_dags/tutorial_dag.py took 0.132 seconds
[2023-09-13T19:32:03.612+0000] {processor.py:157} INFO - Started process (PID=121) to work on /home/airflow/.local/lib/python3.8/site-packages/airflow/example_dags/tutorial_dag.py
[2023-09-13T19:32:03.613+0000] {processor.py:829} INFO - Processing file /home/airflow/.local/lib/python3.8/site-packages/airflow/example_dags/tutorial_dag.py for tasks to queue
[2023-09-13T19:32:03.616+0000] {logging_mixin.py:151} INFO - [2023-09-13T19:32:03.616+0000] {dagbag.py:539} INFO - Filling up the DagBag from /home/airflow/.local/lib/python3.8/site-packages/airflow/example_dags/tutorial_dag.py
[2023-09-13T19:32:03.622+0000] {processor.py:839} INFO - DAG(s) dict_keys(['tutorial_dag']) retrieved from /home/airflow/.local/lib/python3.8/site-packages/airflow/example_dags/tutorial_dag.py
[2023-09-13T19:32:03.645+0000] {logging_mixin.py:151} INFO - [2023-09-13T19:32:03.645+0000] {dag.py:2915} INFO - Sync 1 DAGs
[2023-09-13T19:32:03.657+0000] {logging_mixin.py:151} INFO - [2023-09-13T19:32:03.657+0000] {dag.py:3696} INFO - Setting next_dagrun for tutorial_dag to None, run_after=None
[2023-09-13T19:32:03.672+0000] {processor.py:179} INFO - Processing /home/airflow/.local/lib/python3.8/site-packages/airflow/example_dags/tutorial_dag.py took 0.064 seconds
[2023-09-13T19:32:34.701+0000] {processor.py:157} INFO - Started process (PID=176) to work on /home/airflow/.local/lib/python3.8/site-packages/airflow/example_dags/tutorial_dag.py
[2023-09-13T19:32:34.703+0000] {processor.py:829} INFO - Processing file /home/airflow/.local/lib/python3.8/site-packages/airflow/example_dags/tutorial_dag.py for tasks to queue
[2023-09-13T19:32:34.705+0000] {logging_mixin.py:151} INFO - [2023-09-13T19:32:34.705+0000] {dagbag.py:539} INFO - Filling up the DagBag from /home/airflow/.local/lib/python3.8/site-packages/airflow/example_dags/tutorial_dag.py
[2023-09-13T19:32:34.711+0000] {processor.py:839} INFO - DAG(s) dict_keys(['tutorial_dag']) retrieved from /home/airflow/.local/lib/python3.8/site-packages/airflow/example_dags/tutorial_dag.py
[2023-09-13T19:32:34.735+0000] {logging_mixin.py:151} INFO - [2023-09-13T19:32:34.735+0000] {dag.py:2915} INFO - Sync 1 DAGs
[2023-09-13T19:32:34.746+0000] {logging_mixin.py:151} INFO - [2023-09-13T19:32:34.746+0000] {dag.py:3696} INFO - Setting next_dagrun for tutorial_dag to None, run_after=None
[2023-09-13T19:32:34.759+0000] {processor.py:179} INFO - Processing /home/airflow/.local/lib/python3.8/site-packages/airflow/example_dags/tutorial_dag.py took 0.062 seconds
[2023-09-13T19:33:05.639+0000] {processor.py:157} INFO - Started process (PID=231) to work on /home/airflow/.local/lib/python3.8/site-packages/airflow/example_dags/tutorial_dag.py
[2023-09-13T19:33:05.641+0000] {processor.py:829} INFO - Processing file /home/airflow/.local/lib/python3.8/site-packages/airflow/example_dags/tutorial_dag.py for tasks to queue
[2023-09-13T19:33:05.643+0000] {logging_mixin.py:151} INFO - [2023-09-13T19:33:05.643+0000] {dagbag.py:539} INFO - Filling up the DagBag from /home/airflow/.local/lib/python3.8/site-packages/airflow/example_dags/tutorial_dag.py
[2023-09-13T19:33:05.649+0000] {processor.py:839} INFO - DAG(s) dict_keys(['tutorial_dag']) retrieved from /home/airflow/.local/lib/python3.8/site-packages/airflow/example_dags/tutorial_dag.py
[2023-09-13T19:33:05.673+0000] {logging_mixin.py:151} INFO - [2023-09-13T19:33:05.672+0000] {dag.py:2915} INFO - Sync 1 DAGs
[2023-09-13T19:33:05.685+0000] {logging_mixin.py:151} INFO - [2023-09-13T19:33:05.685+0000] {dag.py:3696} INFO - Setting next_dagrun for tutorial_dag to None, run_after=None
[2023-09-13T19:33:05.699+0000] {processor.py:179} INFO - Processing /home/airflow/.local/lib/python3.8/site-packages/airflow/example_dags/tutorial_dag.py took 0.063 seconds
[2023-09-13T19:33:36.728+0000] {processor.py:157} INFO - Started process (PID=286) to work on /home/airflow/.local/lib/python3.8/site-packages/airflow/example_dags/tutorial_dag.py
[2023-09-13T19:33:36.730+0000] {processor.py:829} INFO - Processing file /home/airflow/.local/lib/python3.8/site-packages/airflow/example_dags/tutorial_dag.py for tasks to queue
[2023-09-13T19:33:36.734+0000] {logging_mixin.py:151} INFO - [2023-09-13T19:33:36.734+0000] {dagbag.py:539} INFO - Filling up the DagBag from /home/airflow/.local/lib/python3.8/site-packages/airflow/example_dags/tutorial_dag.py
[2023-09-13T19:33:36.740+0000] {processor.py:839} INFO - DAG(s) dict_keys(['tutorial_dag']) retrieved from /home/airflow/.local/lib/python3.8/site-packages/airflow/example_dags/tutorial_dag.py
[2023-09-13T19:33:36.764+0000] {logging_mixin.py:151} INFO - [2023-09-13T19:33:36.764+0000] {dag.py:2915} INFO - Sync 1 DAGs
[2023-09-13T19:33:36.775+0000] {logging_mixin.py:151} INFO - [2023-09-13T19:33:36.775+0000] {dag.py:3696} INFO - Setting next_dagrun for tutorial_dag to None, run_after=None
[2023-09-13T19:33:36.791+0000] {processor.py:179} INFO - Processing /home/airflow/.local/lib/python3.8/site-packages/airflow/example_dags/tutorial_dag.py took 0.066 seconds
[2023-09-13T19:34:07.425+0000] {processor.py:157} INFO - Started process (PID=341) to work on /home/airflow/.local/lib/python3.8/site-packages/airflow/example_dags/tutorial_dag.py
[2023-09-13T19:34:07.426+0000] {processor.py:829} INFO - Processing file /home/airflow/.local/lib/python3.8/site-packages/airflow/example_dags/tutorial_dag.py for tasks to queue
[2023-09-13T19:34:07.428+0000] {logging_mixin.py:151} INFO - [2023-09-13T19:34:07.428+0000] {dagbag.py:539} INFO - Filling up the DagBag from /home/airflow/.local/lib/python3.8/site-packages/airflow/example_dags/tutorial_dag.py
[2023-09-13T19:34:07.434+0000] {processor.py:839} INFO - DAG(s) dict_keys(['tutorial_dag']) retrieved from /home/airflow/.local/lib/python3.8/site-packages/airflow/example_dags/tutorial_dag.py
[2023-09-13T19:34:07.454+0000] {logging_mixin.py:151} INFO - [2023-09-13T19:34:07.454+0000] {dag.py:2915} INFO - Sync 1 DAGs
[2023-09-13T19:34:07.465+0000] {logging_mixin.py:151} INFO - [2023-09-13T19:34:07.464+0000] {dag.py:3696} INFO - Setting next_dagrun for tutorial_dag to None, run_after=None
[2023-09-13T19:34:07.477+0000] {processor.py:179} INFO - Processing /home/airflow/.local/lib/python3.8/site-packages/airflow/example_dags/tutorial_dag.py took 0.056 seconds
