[2023-09-13T19:15:49.957+0000] {processor.py:157} INFO - Started process (PID=45) to work on /home/airflow/.local/lib/python3.8/site-packages/airflow/example_dags/tutorial.py
[2023-09-13T19:15:49.960+0000] {processor.py:829} INFO - Processing file /home/airflow/.local/lib/python3.8/site-packages/airflow/example_dags/tutorial.py for tasks to queue
[2023-09-13T19:15:49.964+0000] {logging_mixin.py:151} INFO - [2023-09-13T19:15:49.964+0000] {dagbag.py:539} INFO - Filling up the DagBag from /home/airflow/.local/lib/python3.8/site-packages/airflow/example_dags/tutorial.py
[2023-09-13T19:15:49.982+0000] {processor.py:839} INFO - DAG(s) dict_keys(['tutorial']) retrieved from /home/airflow/.local/lib/python3.8/site-packages/airflow/example_dags/tutorial.py
[2023-09-13T19:15:50.164+0000] {logging_mixin.py:151} INFO - [2023-09-13T19:15:50.164+0000] {manager.py:499} INFO - Created Permission View: %s
[2023-09-13T19:15:50.177+0000] {logging_mixin.py:151} INFO - [2023-09-13T19:15:50.177+0000] {manager.py:499} INFO - Created Permission View: %s
[2023-09-13T19:15:50.185+0000] {logging_mixin.py:151} INFO - [2023-09-13T19:15:50.185+0000] {manager.py:499} INFO - Created Permission View: %s
[2023-09-13T19:15:50.187+0000] {logging_mixin.py:151} INFO - [2023-09-13T19:15:50.187+0000] {security.py:708} INFO - Not syncing DAG-level permissions for DAG 'DAG:tutorial' as access control is unset.
[2023-09-13T19:15:50.188+0000] {logging_mixin.py:151} INFO - [2023-09-13T19:15:50.188+0000] {dag.py:2915} INFO - Sync 1 DAGs
[2023-09-13T19:15:50.204+0000] {logging_mixin.py:151} INFO - [2023-09-13T19:15:50.203+0000] {dag.py:2937} INFO - Creating ORM DAG for tutorial
[2023-09-13T19:15:50.218+0000] {logging_mixin.py:151} INFO - [2023-09-13T19:15:50.218+0000] {dag.py:3696} INFO - Setting next_dagrun for tutorial to 2023-09-12T19:15:50.218067+00:00, run_after=2023-09-13T19:15:50.218067+00:00
[2023-09-13T19:15:50.240+0000] {processor.py:179} INFO - Processing /home/airflow/.local/lib/python3.8/site-packages/airflow/example_dags/tutorial.py took 0.290 seconds
[2023-09-13T19:16:20.816+0000] {processor.py:157} INFO - Started process (PID=99) to work on /home/airflow/.local/lib/python3.8/site-packages/airflow/example_dags/tutorial.py
[2023-09-13T19:16:20.817+0000] {processor.py:829} INFO - Processing file /home/airflow/.local/lib/python3.8/site-packages/airflow/example_dags/tutorial.py for tasks to queue
[2023-09-13T19:16:20.820+0000] {logging_mixin.py:151} INFO - [2023-09-13T19:16:20.819+0000] {dagbag.py:539} INFO - Filling up the DagBag from /home/airflow/.local/lib/python3.8/site-packages/airflow/example_dags/tutorial.py
[2023-09-13T19:16:20.826+0000] {processor.py:839} INFO - DAG(s) dict_keys(['tutorial']) retrieved from /home/airflow/.local/lib/python3.8/site-packages/airflow/example_dags/tutorial.py
[2023-09-13T19:16:20.850+0000] {logging_mixin.py:151} INFO - [2023-09-13T19:16:20.849+0000] {dag.py:2915} INFO - Sync 1 DAGs
[2023-09-13T19:16:20.870+0000] {logging_mixin.py:151} INFO - [2023-09-13T19:16:20.869+0000] {dag.py:3696} INFO - Setting next_dagrun for tutorial to 2023-09-12T19:16:20.869544+00:00, run_after=2023-09-13T19:16:20.869544+00:00
[2023-09-13T19:16:20.884+0000] {processor.py:179} INFO - Processing /home/airflow/.local/lib/python3.8/site-packages/airflow/example_dags/tutorial.py took 0.072 seconds
[2023-09-13T19:16:50.963+0000] {processor.py:157} INFO - Started process (PID=151) to work on /home/airflow/.local/lib/python3.8/site-packages/airflow/example_dags/tutorial.py
[2023-09-13T19:16:50.965+0000] {processor.py:829} INFO - Processing file /home/airflow/.local/lib/python3.8/site-packages/airflow/example_dags/tutorial.py for tasks to queue
[2023-09-13T19:16:50.968+0000] {logging_mixin.py:151} INFO - [2023-09-13T19:16:50.967+0000] {dagbag.py:539} INFO - Filling up the DagBag from /home/airflow/.local/lib/python3.8/site-packages/airflow/example_dags/tutorial.py
[2023-09-13T19:16:50.974+0000] {processor.py:839} INFO - DAG(s) dict_keys(['tutorial']) retrieved from /home/airflow/.local/lib/python3.8/site-packages/airflow/example_dags/tutorial.py
[2023-09-13T19:16:50.994+0000] {logging_mixin.py:151} INFO - [2023-09-13T19:16:50.994+0000] {dag.py:2915} INFO - Sync 1 DAGs
[2023-09-13T19:16:51.014+0000] {logging_mixin.py:151} INFO - [2023-09-13T19:16:51.014+0000] {dag.py:3696} INFO - Setting next_dagrun for tutorial to 2023-09-12T19:16:51.013981+00:00, run_after=2023-09-13T19:16:51.013981+00:00
[2023-09-13T19:16:51.027+0000] {processor.py:179} INFO - Processing /home/airflow/.local/lib/python3.8/site-packages/airflow/example_dags/tutorial.py took 0.068 seconds
[2023-09-13T19:17:21.357+0000] {processor.py:157} INFO - Started process (PID=205) to work on /home/airflow/.local/lib/python3.8/site-packages/airflow/example_dags/tutorial.py
[2023-09-13T19:17:21.358+0000] {processor.py:829} INFO - Processing file /home/airflow/.local/lib/python3.8/site-packages/airflow/example_dags/tutorial.py for tasks to queue
[2023-09-13T19:17:21.362+0000] {logging_mixin.py:151} INFO - [2023-09-13T19:17:21.362+0000] {dagbag.py:539} INFO - Filling up the DagBag from /home/airflow/.local/lib/python3.8/site-packages/airflow/example_dags/tutorial.py
[2023-09-13T19:17:21.369+0000] {processor.py:839} INFO - DAG(s) dict_keys(['tutorial']) retrieved from /home/airflow/.local/lib/python3.8/site-packages/airflow/example_dags/tutorial.py
[2023-09-13T19:17:21.395+0000] {logging_mixin.py:151} INFO - [2023-09-13T19:17:21.394+0000] {dag.py:2915} INFO - Sync 1 DAGs
[2023-09-13T19:17:21.417+0000] {logging_mixin.py:151} INFO - [2023-09-13T19:17:21.417+0000] {dag.py:3696} INFO - Setting next_dagrun for tutorial to 2023-09-12T19:17:21.416939+00:00, run_after=2023-09-13T19:17:21.416939+00:00
[2023-09-13T19:17:21.438+0000] {processor.py:179} INFO - Processing /home/airflow/.local/lib/python3.8/site-packages/airflow/example_dags/tutorial.py took 0.084 seconds
[2023-09-13T19:17:51.614+0000] {processor.py:157} INFO - Started process (PID=259) to work on /home/airflow/.local/lib/python3.8/site-packages/airflow/example_dags/tutorial.py
[2023-09-13T19:17:51.617+0000] {processor.py:829} INFO - Processing file /home/airflow/.local/lib/python3.8/site-packages/airflow/example_dags/tutorial.py for tasks to queue
[2023-09-13T19:17:51.620+0000] {logging_mixin.py:151} INFO - [2023-09-13T19:17:51.620+0000] {dagbag.py:539} INFO - Filling up the DagBag from /home/airflow/.local/lib/python3.8/site-packages/airflow/example_dags/tutorial.py
[2023-09-13T19:17:51.627+0000] {processor.py:839} INFO - DAG(s) dict_keys(['tutorial']) retrieved from /home/airflow/.local/lib/python3.8/site-packages/airflow/example_dags/tutorial.py
[2023-09-13T19:17:51.651+0000] {logging_mixin.py:151} INFO - [2023-09-13T19:17:51.650+0000] {dag.py:2915} INFO - Sync 1 DAGs
[2023-09-13T19:17:51.702+0000] {logging_mixin.py:151} INFO - [2023-09-13T19:17:51.701+0000] {dag.py:3696} INFO - Setting next_dagrun for tutorial to 2023-09-12T19:17:51.701430+00:00, run_after=2023-09-13T19:17:51.701430+00:00
[2023-09-13T19:17:51.727+0000] {processor.py:179} INFO - Processing /home/airflow/.local/lib/python3.8/site-packages/airflow/example_dags/tutorial.py took 0.117 seconds
[2023-09-13T19:18:21.942+0000] {processor.py:157} INFO - Started process (PID=313) to work on /home/airflow/.local/lib/python3.8/site-packages/airflow/example_dags/tutorial.py
[2023-09-13T19:18:21.944+0000] {processor.py:829} INFO - Processing file /home/airflow/.local/lib/python3.8/site-packages/airflow/example_dags/tutorial.py for tasks to queue
[2023-09-13T19:18:21.946+0000] {logging_mixin.py:151} INFO - [2023-09-13T19:18:21.946+0000] {dagbag.py:539} INFO - Filling up the DagBag from /home/airflow/.local/lib/python3.8/site-packages/airflow/example_dags/tutorial.py
[2023-09-13T19:18:21.952+0000] {processor.py:839} INFO - DAG(s) dict_keys(['tutorial']) retrieved from /home/airflow/.local/lib/python3.8/site-packages/airflow/example_dags/tutorial.py
[2023-09-13T19:18:21.972+0000] {logging_mixin.py:151} INFO - [2023-09-13T19:18:21.972+0000] {dag.py:2915} INFO - Sync 1 DAGs
[2023-09-13T19:18:21.989+0000] {logging_mixin.py:151} INFO - [2023-09-13T19:18:21.989+0000] {dag.py:3696} INFO - Setting next_dagrun for tutorial to 2023-09-12T19:18:21.989278+00:00, run_after=2023-09-13T19:18:21.989278+00:00
[2023-09-13T19:18:22.001+0000] {processor.py:179} INFO - Processing /home/airflow/.local/lib/python3.8/site-packages/airflow/example_dags/tutorial.py took 0.063 seconds
[2023-09-13T19:18:52.158+0000] {processor.py:157} INFO - Started process (PID=367) to work on /home/airflow/.local/lib/python3.8/site-packages/airflow/example_dags/tutorial.py
[2023-09-13T19:18:52.160+0000] {processor.py:829} INFO - Processing file /home/airflow/.local/lib/python3.8/site-packages/airflow/example_dags/tutorial.py for tasks to queue
[2023-09-13T19:18:52.162+0000] {logging_mixin.py:151} INFO - [2023-09-13T19:18:52.162+0000] {dagbag.py:539} INFO - Filling up the DagBag from /home/airflow/.local/lib/python3.8/site-packages/airflow/example_dags/tutorial.py
[2023-09-13T19:18:52.168+0000] {processor.py:839} INFO - DAG(s) dict_keys(['tutorial']) retrieved from /home/airflow/.local/lib/python3.8/site-packages/airflow/example_dags/tutorial.py
[2023-09-13T19:18:52.188+0000] {logging_mixin.py:151} INFO - [2023-09-13T19:18:52.188+0000] {dag.py:2915} INFO - Sync 1 DAGs
[2023-09-13T19:18:52.207+0000] {logging_mixin.py:151} INFO - [2023-09-13T19:18:52.207+0000] {dag.py:3696} INFO - Setting next_dagrun for tutorial to 2023-09-12T19:18:52.207190+00:00, run_after=2023-09-13T19:18:52.207190+00:00
[2023-09-13T19:18:52.220+0000] {processor.py:179} INFO - Processing /home/airflow/.local/lib/python3.8/site-packages/airflow/example_dags/tutorial.py took 0.065 seconds
[2023-09-13T19:19:22.485+0000] {processor.py:157} INFO - Started process (PID=422) to work on /home/airflow/.local/lib/python3.8/site-packages/airflow/example_dags/tutorial.py
[2023-09-13T19:19:22.488+0000] {processor.py:829} INFO - Processing file /home/airflow/.local/lib/python3.8/site-packages/airflow/example_dags/tutorial.py for tasks to queue
[2023-09-13T19:19:22.492+0000] {logging_mixin.py:151} INFO - [2023-09-13T19:19:22.491+0000] {dagbag.py:539} INFO - Filling up the DagBag from /home/airflow/.local/lib/python3.8/site-packages/airflow/example_dags/tutorial.py
[2023-09-13T19:19:22.501+0000] {processor.py:839} INFO - DAG(s) dict_keys(['tutorial']) retrieved from /home/airflow/.local/lib/python3.8/site-packages/airflow/example_dags/tutorial.py
[2023-09-13T19:19:22.531+0000] {logging_mixin.py:151} INFO - [2023-09-13T19:19:22.531+0000] {dag.py:2915} INFO - Sync 1 DAGs
[2023-09-13T19:19:22.556+0000] {logging_mixin.py:151} INFO - [2023-09-13T19:19:22.556+0000] {dag.py:3696} INFO - Setting next_dagrun for tutorial to 2023-09-12T19:19:22.556121+00:00, run_after=2023-09-13T19:19:22.556121+00:00
[2023-09-13T19:19:22.578+0000] {processor.py:179} INFO - Processing /home/airflow/.local/lib/python3.8/site-packages/airflow/example_dags/tutorial.py took 0.098 seconds
[2023-09-13T19:19:52.789+0000] {processor.py:157} INFO - Started process (PID=476) to work on /home/airflow/.local/lib/python3.8/site-packages/airflow/example_dags/tutorial.py
[2023-09-13T19:19:52.791+0000] {processor.py:829} INFO - Processing file /home/airflow/.local/lib/python3.8/site-packages/airflow/example_dags/tutorial.py for tasks to queue
[2023-09-13T19:19:52.794+0000] {logging_mixin.py:151} INFO - [2023-09-13T19:19:52.793+0000] {dagbag.py:539} INFO - Filling up the DagBag from /home/airflow/.local/lib/python3.8/site-packages/airflow/example_dags/tutorial.py
[2023-09-13T19:19:52.800+0000] {processor.py:839} INFO - DAG(s) dict_keys(['tutorial']) retrieved from /home/airflow/.local/lib/python3.8/site-packages/airflow/example_dags/tutorial.py
[2023-09-13T19:19:52.819+0000] {logging_mixin.py:151} INFO - [2023-09-13T19:19:52.819+0000] {dag.py:2915} INFO - Sync 1 DAGs
[2023-09-13T19:19:52.836+0000] {logging_mixin.py:151} INFO - [2023-09-13T19:19:52.836+0000] {dag.py:3696} INFO - Setting next_dagrun for tutorial to 2023-09-12T19:19:52.836386+00:00, run_after=2023-09-13T19:19:52.836386+00:00
[2023-09-13T19:19:52.849+0000] {processor.py:179} INFO - Processing /home/airflow/.local/lib/python3.8/site-packages/airflow/example_dags/tutorial.py took 0.063 seconds
[2023-09-13T19:20:23.095+0000] {processor.py:157} INFO - Started process (PID=529) to work on /home/airflow/.local/lib/python3.8/site-packages/airflow/example_dags/tutorial.py
[2023-09-13T19:20:23.097+0000] {processor.py:829} INFO - Processing file /home/airflow/.local/lib/python3.8/site-packages/airflow/example_dags/tutorial.py for tasks to queue
[2023-09-13T19:20:23.099+0000] {logging_mixin.py:151} INFO - [2023-09-13T19:20:23.099+0000] {dagbag.py:539} INFO - Filling up the DagBag from /home/airflow/.local/lib/python3.8/site-packages/airflow/example_dags/tutorial.py
[2023-09-13T19:20:23.105+0000] {processor.py:839} INFO - DAG(s) dict_keys(['tutorial']) retrieved from /home/airflow/.local/lib/python3.8/site-packages/airflow/example_dags/tutorial.py
[2023-09-13T19:20:23.126+0000] {logging_mixin.py:151} INFO - [2023-09-13T19:20:23.126+0000] {dag.py:2915} INFO - Sync 1 DAGs
[2023-09-13T19:20:23.145+0000] {logging_mixin.py:151} INFO - [2023-09-13T19:20:23.145+0000] {dag.py:3696} INFO - Setting next_dagrun for tutorial to 2023-09-12T19:20:23.145494+00:00, run_after=2023-09-13T19:20:23.145494+00:00
[2023-09-13T19:20:23.158+0000] {processor.py:179} INFO - Processing /home/airflow/.local/lib/python3.8/site-packages/airflow/example_dags/tutorial.py took 0.067 seconds
[2023-09-13T19:20:53.660+0000] {processor.py:157} INFO - Started process (PID=583) to work on /home/airflow/.local/lib/python3.8/site-packages/airflow/example_dags/tutorial.py
[2023-09-13T19:20:53.663+0000] {processor.py:829} INFO - Processing file /home/airflow/.local/lib/python3.8/site-packages/airflow/example_dags/tutorial.py for tasks to queue
[2023-09-13T19:20:53.668+0000] {logging_mixin.py:151} INFO - [2023-09-13T19:20:53.667+0000] {dagbag.py:539} INFO - Filling up the DagBag from /home/airflow/.local/lib/python3.8/site-packages/airflow/example_dags/tutorial.py
[2023-09-13T19:20:53.675+0000] {processor.py:839} INFO - DAG(s) dict_keys(['tutorial']) retrieved from /home/airflow/.local/lib/python3.8/site-packages/airflow/example_dags/tutorial.py
[2023-09-13T19:20:53.696+0000] {logging_mixin.py:151} INFO - [2023-09-13T19:20:53.696+0000] {dag.py:2915} INFO - Sync 1 DAGs
[2023-09-13T19:20:53.714+0000] {logging_mixin.py:151} INFO - [2023-09-13T19:20:53.714+0000] {dag.py:3696} INFO - Setting next_dagrun for tutorial to 2023-09-12T19:20:53.714045+00:00, run_after=2023-09-13T19:20:53.714045+00:00
[2023-09-13T19:20:53.726+0000] {processor.py:179} INFO - Processing /home/airflow/.local/lib/python3.8/site-packages/airflow/example_dags/tutorial.py took 0.070 seconds
[2023-09-13T19:21:23.926+0000] {processor.py:157} INFO - Started process (PID=637) to work on /home/airflow/.local/lib/python3.8/site-packages/airflow/example_dags/tutorial.py
[2023-09-13T19:21:23.929+0000] {processor.py:829} INFO - Processing file /home/airflow/.local/lib/python3.8/site-packages/airflow/example_dags/tutorial.py for tasks to queue
[2023-09-13T19:21:23.932+0000] {logging_mixin.py:151} INFO - [2023-09-13T19:21:23.931+0000] {dagbag.py:539} INFO - Filling up the DagBag from /home/airflow/.local/lib/python3.8/site-packages/airflow/example_dags/tutorial.py
[2023-09-13T19:21:23.938+0000] {processor.py:839} INFO - DAG(s) dict_keys(['tutorial']) retrieved from /home/airflow/.local/lib/python3.8/site-packages/airflow/example_dags/tutorial.py
[2023-09-13T19:21:23.957+0000] {logging_mixin.py:151} INFO - [2023-09-13T19:21:23.957+0000] {dag.py:2915} INFO - Sync 1 DAGs
[2023-09-13T19:21:23.974+0000] {logging_mixin.py:151} INFO - [2023-09-13T19:21:23.973+0000] {dag.py:3696} INFO - Setting next_dagrun for tutorial to 2023-09-12T19:21:23.973684+00:00, run_after=2023-09-13T19:21:23.973684+00:00
[2023-09-13T19:21:23.986+0000] {processor.py:179} INFO - Processing /home/airflow/.local/lib/python3.8/site-packages/airflow/example_dags/tutorial.py took 0.064 seconds
[2023-09-13T19:21:54.529+0000] {processor.py:157} INFO - Started process (PID=691) to work on /home/airflow/.local/lib/python3.8/site-packages/airflow/example_dags/tutorial.py
[2023-09-13T19:21:54.531+0000] {processor.py:829} INFO - Processing file /home/airflow/.local/lib/python3.8/site-packages/airflow/example_dags/tutorial.py for tasks to queue
[2023-09-13T19:21:54.534+0000] {logging_mixin.py:151} INFO - [2023-09-13T19:21:54.534+0000] {dagbag.py:539} INFO - Filling up the DagBag from /home/airflow/.local/lib/python3.8/site-packages/airflow/example_dags/tutorial.py
[2023-09-13T19:21:54.541+0000] {processor.py:839} INFO - DAG(s) dict_keys(['tutorial']) retrieved from /home/airflow/.local/lib/python3.8/site-packages/airflow/example_dags/tutorial.py
[2023-09-13T19:21:54.560+0000] {logging_mixin.py:151} INFO - [2023-09-13T19:21:54.560+0000] {dag.py:2915} INFO - Sync 1 DAGs
[2023-09-13T19:21:54.577+0000] {logging_mixin.py:151} INFO - [2023-09-13T19:21:54.577+0000] {dag.py:3696} INFO - Setting next_dagrun for tutorial to 2023-09-12T19:21:54.576822+00:00, run_after=2023-09-13T19:21:54.576822+00:00
[2023-09-13T19:21:54.589+0000] {processor.py:179} INFO - Processing /home/airflow/.local/lib/python3.8/site-packages/airflow/example_dags/tutorial.py took 0.064 seconds
[2023-09-13T19:22:25.283+0000] {processor.py:157} INFO - Started process (PID=745) to work on /home/airflow/.local/lib/python3.8/site-packages/airflow/example_dags/tutorial.py
[2023-09-13T19:22:25.284+0000] {processor.py:829} INFO - Processing file /home/airflow/.local/lib/python3.8/site-packages/airflow/example_dags/tutorial.py for tasks to queue
[2023-09-13T19:22:25.287+0000] {logging_mixin.py:151} INFO - [2023-09-13T19:22:25.286+0000] {dagbag.py:539} INFO - Filling up the DagBag from /home/airflow/.local/lib/python3.8/site-packages/airflow/example_dags/tutorial.py
[2023-09-13T19:22:25.292+0000] {processor.py:839} INFO - DAG(s) dict_keys(['tutorial']) retrieved from /home/airflow/.local/lib/python3.8/site-packages/airflow/example_dags/tutorial.py
[2023-09-13T19:22:25.311+0000] {logging_mixin.py:151} INFO - [2023-09-13T19:22:25.311+0000] {dag.py:2915} INFO - Sync 1 DAGs
[2023-09-13T19:22:25.328+0000] {logging_mixin.py:151} INFO - [2023-09-13T19:22:25.328+0000] {dag.py:3696} INFO - Setting next_dagrun for tutorial to 2023-09-12T19:22:25.328391+00:00, run_after=2023-09-13T19:22:25.328391+00:00
[2023-09-13T19:22:25.340+0000] {processor.py:179} INFO - Processing /home/airflow/.local/lib/python3.8/site-packages/airflow/example_dags/tutorial.py took 0.061 seconds
[2023-09-13T19:22:55.608+0000] {processor.py:157} INFO - Started process (PID=799) to work on /home/airflow/.local/lib/python3.8/site-packages/airflow/example_dags/tutorial.py
[2023-09-13T19:22:55.610+0000] {processor.py:829} INFO - Processing file /home/airflow/.local/lib/python3.8/site-packages/airflow/example_dags/tutorial.py for tasks to queue
[2023-09-13T19:22:55.612+0000] {logging_mixin.py:151} INFO - [2023-09-13T19:22:55.612+0000] {dagbag.py:539} INFO - Filling up the DagBag from /home/airflow/.local/lib/python3.8/site-packages/airflow/example_dags/tutorial.py
[2023-09-13T19:22:55.618+0000] {processor.py:839} INFO - DAG(s) dict_keys(['tutorial']) retrieved from /home/airflow/.local/lib/python3.8/site-packages/airflow/example_dags/tutorial.py
[2023-09-13T19:22:55.637+0000] {logging_mixin.py:151} INFO - [2023-09-13T19:22:55.637+0000] {dag.py:2915} INFO - Sync 1 DAGs
[2023-09-13T19:22:55.655+0000] {logging_mixin.py:151} INFO - [2023-09-13T19:22:55.654+0000] {dag.py:3696} INFO - Setting next_dagrun for tutorial to 2023-09-12T19:22:55.654666+00:00, run_after=2023-09-13T19:22:55.654666+00:00
[2023-09-13T19:22:55.667+0000] {processor.py:179} INFO - Processing /home/airflow/.local/lib/python3.8/site-packages/airflow/example_dags/tutorial.py took 0.062 seconds
[2023-09-13T19:23:25.949+0000] {processor.py:157} INFO - Started process (PID=853) to work on /home/airflow/.local/lib/python3.8/site-packages/airflow/example_dags/tutorial.py
[2023-09-13T19:23:25.951+0000] {processor.py:829} INFO - Processing file /home/airflow/.local/lib/python3.8/site-packages/airflow/example_dags/tutorial.py for tasks to queue
[2023-09-13T19:23:25.954+0000] {logging_mixin.py:151} INFO - [2023-09-13T19:23:25.953+0000] {dagbag.py:539} INFO - Filling up the DagBag from /home/airflow/.local/lib/python3.8/site-packages/airflow/example_dags/tutorial.py
[2023-09-13T19:23:25.960+0000] {processor.py:839} INFO - DAG(s) dict_keys(['tutorial']) retrieved from /home/airflow/.local/lib/python3.8/site-packages/airflow/example_dags/tutorial.py
[2023-09-13T19:23:25.980+0000] {logging_mixin.py:151} INFO - [2023-09-13T19:23:25.980+0000] {dag.py:2915} INFO - Sync 1 DAGs
[2023-09-13T19:23:25.998+0000] {logging_mixin.py:151} INFO - [2023-09-13T19:23:25.998+0000] {dag.py:3696} INFO - Setting next_dagrun for tutorial to 2023-09-12T19:23:25.997783+00:00, run_after=2023-09-13T19:23:25.997783+00:00
[2023-09-13T19:23:26.010+0000] {processor.py:179} INFO - Processing /home/airflow/.local/lib/python3.8/site-packages/airflow/example_dags/tutorial.py took 0.065 seconds
[2023-09-13T19:23:56.139+0000] {processor.py:157} INFO - Started process (PID=907) to work on /home/airflow/.local/lib/python3.8/site-packages/airflow/example_dags/tutorial.py
[2023-09-13T19:23:56.142+0000] {processor.py:829} INFO - Processing file /home/airflow/.local/lib/python3.8/site-packages/airflow/example_dags/tutorial.py for tasks to queue
[2023-09-13T19:23:56.146+0000] {logging_mixin.py:151} INFO - [2023-09-13T19:23:56.146+0000] {dagbag.py:539} INFO - Filling up the DagBag from /home/airflow/.local/lib/python3.8/site-packages/airflow/example_dags/tutorial.py
[2023-09-13T19:23:56.160+0000] {processor.py:839} INFO - DAG(s) dict_keys(['tutorial']) retrieved from /home/airflow/.local/lib/python3.8/site-packages/airflow/example_dags/tutorial.py
[2023-09-13T19:23:56.210+0000] {logging_mixin.py:151} INFO - [2023-09-13T19:23:56.209+0000] {dag.py:2915} INFO - Sync 1 DAGs
[2023-09-13T19:23:56.255+0000] {logging_mixin.py:151} INFO - [2023-09-13T19:23:56.254+0000] {dag.py:3696} INFO - Setting next_dagrun for tutorial to 2023-09-12T19:23:56.254221+00:00, run_after=2023-09-13T19:23:56.254221+00:00
[2023-09-13T19:23:56.281+0000] {processor.py:179} INFO - Processing /home/airflow/.local/lib/python3.8/site-packages/airflow/example_dags/tutorial.py took 0.150 seconds
[2023-09-13T19:24:27.269+0000] {processor.py:157} INFO - Started process (PID=961) to work on /home/airflow/.local/lib/python3.8/site-packages/airflow/example_dags/tutorial.py
[2023-09-13T19:24:27.273+0000] {processor.py:829} INFO - Processing file /home/airflow/.local/lib/python3.8/site-packages/airflow/example_dags/tutorial.py for tasks to queue
[2023-09-13T19:24:27.276+0000] {logging_mixin.py:151} INFO - [2023-09-13T19:24:27.276+0000] {dagbag.py:539} INFO - Filling up the DagBag from /home/airflow/.local/lib/python3.8/site-packages/airflow/example_dags/tutorial.py
[2023-09-13T19:24:27.282+0000] {processor.py:839} INFO - DAG(s) dict_keys(['tutorial']) retrieved from /home/airflow/.local/lib/python3.8/site-packages/airflow/example_dags/tutorial.py
[2023-09-13T19:24:27.312+0000] {logging_mixin.py:151} INFO - [2023-09-13T19:24:27.312+0000] {dag.py:2915} INFO - Sync 1 DAGs
[2023-09-13T19:24:27.335+0000] {logging_mixin.py:151} INFO - [2023-09-13T19:24:27.334+0000] {dag.py:3696} INFO - Setting next_dagrun for tutorial to 2023-09-12T19:24:27.334599+00:00, run_after=2023-09-13T19:24:27.334599+00:00
[2023-09-13T19:24:27.355+0000] {processor.py:179} INFO - Processing /home/airflow/.local/lib/python3.8/site-packages/airflow/example_dags/tutorial.py took 0.090 seconds
[2023-09-13T19:24:57.625+0000] {processor.py:157} INFO - Started process (PID=1016) to work on /home/airflow/.local/lib/python3.8/site-packages/airflow/example_dags/tutorial.py
[2023-09-13T19:24:57.626+0000] {processor.py:829} INFO - Processing file /home/airflow/.local/lib/python3.8/site-packages/airflow/example_dags/tutorial.py for tasks to queue
[2023-09-13T19:24:57.628+0000] {logging_mixin.py:151} INFO - [2023-09-13T19:24:57.628+0000] {dagbag.py:539} INFO - Filling up the DagBag from /home/airflow/.local/lib/python3.8/site-packages/airflow/example_dags/tutorial.py
[2023-09-13T19:24:57.634+0000] {processor.py:839} INFO - DAG(s) dict_keys(['tutorial']) retrieved from /home/airflow/.local/lib/python3.8/site-packages/airflow/example_dags/tutorial.py
[2023-09-13T19:24:57.654+0000] {logging_mixin.py:151} INFO - [2023-09-13T19:24:57.654+0000] {dag.py:2915} INFO - Sync 1 DAGs
[2023-09-13T19:24:57.671+0000] {logging_mixin.py:151} INFO - [2023-09-13T19:24:57.671+0000] {dag.py:3696} INFO - Setting next_dagrun for tutorial to 2023-09-12T19:24:57.671539+00:00, run_after=2023-09-13T19:24:57.671539+00:00
[2023-09-13T19:24:57.683+0000] {processor.py:179} INFO - Processing /home/airflow/.local/lib/python3.8/site-packages/airflow/example_dags/tutorial.py took 0.062 seconds
[2023-09-13T19:25:27.826+0000] {processor.py:157} INFO - Started process (PID=1069) to work on /home/airflow/.local/lib/python3.8/site-packages/airflow/example_dags/tutorial.py
[2023-09-13T19:25:27.828+0000] {processor.py:829} INFO - Processing file /home/airflow/.local/lib/python3.8/site-packages/airflow/example_dags/tutorial.py for tasks to queue
[2023-09-13T19:25:27.831+0000] {logging_mixin.py:151} INFO - [2023-09-13T19:25:27.831+0000] {dagbag.py:539} INFO - Filling up the DagBag from /home/airflow/.local/lib/python3.8/site-packages/airflow/example_dags/tutorial.py
[2023-09-13T19:25:27.838+0000] {processor.py:839} INFO - DAG(s) dict_keys(['tutorial']) retrieved from /home/airflow/.local/lib/python3.8/site-packages/airflow/example_dags/tutorial.py
[2023-09-13T19:25:27.860+0000] {logging_mixin.py:151} INFO - [2023-09-13T19:25:27.860+0000] {dag.py:2915} INFO - Sync 1 DAGs
[2023-09-13T19:25:27.882+0000] {logging_mixin.py:151} INFO - [2023-09-13T19:25:27.882+0000] {dag.py:3696} INFO - Setting next_dagrun for tutorial to 2023-09-12T19:25:27.881722+00:00, run_after=2023-09-13T19:25:27.881722+00:00
[2023-09-13T19:25:27.896+0000] {processor.py:179} INFO - Processing /home/airflow/.local/lib/python3.8/site-packages/airflow/example_dags/tutorial.py took 0.074 seconds
[2023-09-13T19:25:58.836+0000] {processor.py:157} INFO - Started process (PID=1124) to work on /home/airflow/.local/lib/python3.8/site-packages/airflow/example_dags/tutorial.py
[2023-09-13T19:25:58.838+0000] {processor.py:829} INFO - Processing file /home/airflow/.local/lib/python3.8/site-packages/airflow/example_dags/tutorial.py for tasks to queue
[2023-09-13T19:25:58.841+0000] {logging_mixin.py:151} INFO - [2023-09-13T19:25:58.840+0000] {dagbag.py:539} INFO - Filling up the DagBag from /home/airflow/.local/lib/python3.8/site-packages/airflow/example_dags/tutorial.py
[2023-09-13T19:25:58.850+0000] {processor.py:839} INFO - DAG(s) dict_keys(['tutorial']) retrieved from /home/airflow/.local/lib/python3.8/site-packages/airflow/example_dags/tutorial.py
[2023-09-13T19:25:58.879+0000] {logging_mixin.py:151} INFO - [2023-09-13T19:25:58.879+0000] {dag.py:2915} INFO - Sync 1 DAGs
[2023-09-13T19:25:58.896+0000] {logging_mixin.py:151} INFO - [2023-09-13T19:25:58.896+0000] {dag.py:3696} INFO - Setting next_dagrun for tutorial to 2023-09-12T19:25:58.896451+00:00, run_after=2023-09-13T19:25:58.896451+00:00
[2023-09-13T19:25:58.909+0000] {processor.py:179} INFO - Processing /home/airflow/.local/lib/python3.8/site-packages/airflow/example_dags/tutorial.py took 0.076 seconds
[2023-09-13T19:26:29.092+0000] {processor.py:157} INFO - Started process (PID=1180) to work on /home/airflow/.local/lib/python3.8/site-packages/airflow/example_dags/tutorial.py
[2023-09-13T19:26:29.097+0000] {processor.py:829} INFO - Processing file /home/airflow/.local/lib/python3.8/site-packages/airflow/example_dags/tutorial.py for tasks to queue
[2023-09-13T19:26:29.100+0000] {logging_mixin.py:151} INFO - [2023-09-13T19:26:29.100+0000] {dagbag.py:539} INFO - Filling up the DagBag from /home/airflow/.local/lib/python3.8/site-packages/airflow/example_dags/tutorial.py
[2023-09-13T19:26:29.108+0000] {processor.py:839} INFO - DAG(s) dict_keys(['tutorial']) retrieved from /home/airflow/.local/lib/python3.8/site-packages/airflow/example_dags/tutorial.py
[2023-09-13T19:26:29.135+0000] {logging_mixin.py:151} INFO - [2023-09-13T19:26:29.134+0000] {dag.py:2915} INFO - Sync 1 DAGs
[2023-09-13T19:26:29.154+0000] {logging_mixin.py:151} INFO - [2023-09-13T19:26:29.154+0000] {dag.py:3696} INFO - Setting next_dagrun for tutorial to 2023-09-12T19:26:29.154396+00:00, run_after=2023-09-13T19:26:29.154396+00:00
[2023-09-13T19:26:29.168+0000] {processor.py:179} INFO - Processing /home/airflow/.local/lib/python3.8/site-packages/airflow/example_dags/tutorial.py took 0.081 seconds
[2023-09-13T19:26:59.652+0000] {processor.py:157} INFO - Started process (PID=1236) to work on /home/airflow/.local/lib/python3.8/site-packages/airflow/example_dags/tutorial.py
[2023-09-13T19:26:59.654+0000] {processor.py:829} INFO - Processing file /home/airflow/.local/lib/python3.8/site-packages/airflow/example_dags/tutorial.py for tasks to queue
[2023-09-13T19:26:59.657+0000] {logging_mixin.py:151} INFO - [2023-09-13T19:26:59.656+0000] {dagbag.py:539} INFO - Filling up the DagBag from /home/airflow/.local/lib/python3.8/site-packages/airflow/example_dags/tutorial.py
[2023-09-13T19:26:59.663+0000] {processor.py:839} INFO - DAG(s) dict_keys(['tutorial']) retrieved from /home/airflow/.local/lib/python3.8/site-packages/airflow/example_dags/tutorial.py
[2023-09-13T19:26:59.682+0000] {logging_mixin.py:151} INFO - [2023-09-13T19:26:59.681+0000] {dag.py:2915} INFO - Sync 1 DAGs
[2023-09-13T19:26:59.698+0000] {logging_mixin.py:151} INFO - [2023-09-13T19:26:59.698+0000] {dag.py:3696} INFO - Setting next_dagrun for tutorial to 2023-09-12T19:26:59.698388+00:00, run_after=2023-09-13T19:26:59.698388+00:00
[2023-09-13T19:26:59.710+0000] {processor.py:179} INFO - Processing /home/airflow/.local/lib/python3.8/site-packages/airflow/example_dags/tutorial.py took 0.061 seconds
[2023-09-13T19:28:14.237+0000] {processor.py:157} INFO - Started process (PID=45) to work on /home/airflow/.local/lib/python3.8/site-packages/airflow/example_dags/tutorial.py
[2023-09-13T19:28:14.241+0000] {processor.py:829} INFO - Processing file /home/airflow/.local/lib/python3.8/site-packages/airflow/example_dags/tutorial.py for tasks to queue
[2023-09-13T19:28:14.247+0000] {logging_mixin.py:151} INFO - [2023-09-13T19:28:14.246+0000] {dagbag.py:539} INFO - Filling up the DagBag from /home/airflow/.local/lib/python3.8/site-packages/airflow/example_dags/tutorial.py
[2023-09-13T19:28:14.258+0000] {processor.py:839} INFO - DAG(s) dict_keys(['tutorial']) retrieved from /home/airflow/.local/lib/python3.8/site-packages/airflow/example_dags/tutorial.py
[2023-09-13T19:28:14.284+0000] {logging_mixin.py:151} INFO - [2023-09-13T19:28:14.284+0000] {dag.py:2915} INFO - Sync 1 DAGs
[2023-09-13T19:28:14.322+0000] {logging_mixin.py:151} INFO - [2023-09-13T19:28:14.321+0000] {dag.py:3696} INFO - Setting next_dagrun for tutorial to 2023-09-12T19:28:14.321200+00:00, run_after=2023-09-13T19:28:14.321200+00:00
[2023-09-13T19:28:14.348+0000] {processor.py:179} INFO - Processing /home/airflow/.local/lib/python3.8/site-packages/airflow/example_dags/tutorial.py took 0.118 seconds
[2023-09-13T19:28:45.379+0000] {processor.py:157} INFO - Started process (PID=100) to work on /home/airflow/.local/lib/python3.8/site-packages/airflow/example_dags/tutorial.py
[2023-09-13T19:28:45.382+0000] {processor.py:829} INFO - Processing file /home/airflow/.local/lib/python3.8/site-packages/airflow/example_dags/tutorial.py for tasks to queue
[2023-09-13T19:28:45.386+0000] {logging_mixin.py:151} INFO - [2023-09-13T19:28:45.386+0000] {dagbag.py:539} INFO - Filling up the DagBag from /home/airflow/.local/lib/python3.8/site-packages/airflow/example_dags/tutorial.py
[2023-09-13T19:28:45.395+0000] {processor.py:839} INFO - DAG(s) dict_keys(['tutorial']) retrieved from /home/airflow/.local/lib/python3.8/site-packages/airflow/example_dags/tutorial.py
[2023-09-13T19:28:45.417+0000] {logging_mixin.py:151} INFO - [2023-09-13T19:28:45.417+0000] {dag.py:2915} INFO - Sync 1 DAGs
[2023-09-13T19:28:45.434+0000] {logging_mixin.py:151} INFO - [2023-09-13T19:28:45.434+0000] {dag.py:3696} INFO - Setting next_dagrun for tutorial to 2023-09-12T19:28:45.434007+00:00, run_after=2023-09-13T19:28:45.434007+00:00
[2023-09-13T19:28:45.447+0000] {processor.py:179} INFO - Processing /home/airflow/.local/lib/python3.8/site-packages/airflow/example_dags/tutorial.py took 0.074 seconds
[2023-09-13T19:29:15.789+0000] {processor.py:157} INFO - Started process (PID=155) to work on /home/airflow/.local/lib/python3.8/site-packages/airflow/example_dags/tutorial.py
[2023-09-13T19:29:15.792+0000] {processor.py:829} INFO - Processing file /home/airflow/.local/lib/python3.8/site-packages/airflow/example_dags/tutorial.py for tasks to queue
[2023-09-13T19:29:15.796+0000] {logging_mixin.py:151} INFO - [2023-09-13T19:29:15.795+0000] {dagbag.py:539} INFO - Filling up the DagBag from /home/airflow/.local/lib/python3.8/site-packages/airflow/example_dags/tutorial.py
[2023-09-13T19:29:15.802+0000] {processor.py:839} INFO - DAG(s) dict_keys(['tutorial']) retrieved from /home/airflow/.local/lib/python3.8/site-packages/airflow/example_dags/tutorial.py
[2023-09-13T19:29:15.823+0000] {logging_mixin.py:151} INFO - [2023-09-13T19:29:15.823+0000] {dag.py:2915} INFO - Sync 1 DAGs
[2023-09-13T19:29:15.840+0000] {logging_mixin.py:151} INFO - [2023-09-13T19:29:15.840+0000] {dag.py:3696} INFO - Setting next_dagrun for tutorial to 2023-09-12T19:29:15.840570+00:00, run_after=2023-09-13T19:29:15.840570+00:00
[2023-09-13T19:29:15.853+0000] {processor.py:179} INFO - Processing /home/airflow/.local/lib/python3.8/site-packages/airflow/example_dags/tutorial.py took 0.069 seconds
[2023-09-13T19:29:46.187+0000] {processor.py:157} INFO - Started process (PID=209) to work on /home/airflow/.local/lib/python3.8/site-packages/airflow/example_dags/tutorial.py
[2023-09-13T19:29:46.189+0000] {processor.py:829} INFO - Processing file /home/airflow/.local/lib/python3.8/site-packages/airflow/example_dags/tutorial.py for tasks to queue
[2023-09-13T19:29:46.192+0000] {logging_mixin.py:151} INFO - [2023-09-13T19:29:46.191+0000] {dagbag.py:539} INFO - Filling up the DagBag from /home/airflow/.local/lib/python3.8/site-packages/airflow/example_dags/tutorial.py
[2023-09-13T19:29:46.199+0000] {processor.py:839} INFO - DAG(s) dict_keys(['tutorial']) retrieved from /home/airflow/.local/lib/python3.8/site-packages/airflow/example_dags/tutorial.py
[2023-09-13T19:29:46.227+0000] {logging_mixin.py:151} INFO - [2023-09-13T19:29:46.227+0000] {dag.py:2915} INFO - Sync 1 DAGs
[2023-09-13T19:29:46.246+0000] {logging_mixin.py:151} INFO - [2023-09-13T19:29:46.246+0000] {dag.py:3696} INFO - Setting next_dagrun for tutorial to 2023-09-12T19:29:46.246073+00:00, run_after=2023-09-13T19:29:46.246073+00:00
[2023-09-13T19:29:46.260+0000] {processor.py:179} INFO - Processing /home/airflow/.local/lib/python3.8/site-packages/airflow/example_dags/tutorial.py took 0.079 seconds
[2023-09-13T19:30:16.311+0000] {processor.py:157} INFO - Started process (PID=263) to work on /home/airflow/.local/lib/python3.8/site-packages/airflow/example_dags/tutorial.py
[2023-09-13T19:30:16.313+0000] {processor.py:829} INFO - Processing file /home/airflow/.local/lib/python3.8/site-packages/airflow/example_dags/tutorial.py for tasks to queue
[2023-09-13T19:30:16.316+0000] {logging_mixin.py:151} INFO - [2023-09-13T19:30:16.315+0000] {dagbag.py:539} INFO - Filling up the DagBag from /home/airflow/.local/lib/python3.8/site-packages/airflow/example_dags/tutorial.py
[2023-09-13T19:30:16.324+0000] {processor.py:839} INFO - DAG(s) dict_keys(['tutorial']) retrieved from /home/airflow/.local/lib/python3.8/site-packages/airflow/example_dags/tutorial.py
[2023-09-13T19:30:16.352+0000] {logging_mixin.py:151} INFO - [2023-09-13T19:30:16.352+0000] {dag.py:2915} INFO - Sync 1 DAGs
[2023-09-13T19:30:16.372+0000] {logging_mixin.py:151} INFO - [2023-09-13T19:30:16.372+0000] {dag.py:3696} INFO - Setting next_dagrun for tutorial to 2023-09-12T19:30:16.372212+00:00, run_after=2023-09-13T19:30:16.372212+00:00
[2023-09-13T19:30:16.386+0000] {processor.py:179} INFO - Processing /home/airflow/.local/lib/python3.8/site-packages/airflow/example_dags/tutorial.py took 0.079 seconds
[2023-09-13T19:31:29.526+0000] {processor.py:157} INFO - Started process (PID=46) to work on /home/airflow/.local/lib/python3.8/site-packages/airflow/example_dags/tutorial.py
[2023-09-13T19:31:29.535+0000] {processor.py:829} INFO - Processing file /home/airflow/.local/lib/python3.8/site-packages/airflow/example_dags/tutorial.py for tasks to queue
[2023-09-13T19:31:29.544+0000] {logging_mixin.py:151} INFO - [2023-09-13T19:31:29.543+0000] {dagbag.py:539} INFO - Filling up the DagBag from /home/airflow/.local/lib/python3.8/site-packages/airflow/example_dags/tutorial.py
[2023-09-13T19:31:29.569+0000] {processor.py:839} INFO - DAG(s) dict_keys(['tutorial']) retrieved from /home/airflow/.local/lib/python3.8/site-packages/airflow/example_dags/tutorial.py
[2023-09-13T19:31:29.618+0000] {logging_mixin.py:151} INFO - [2023-09-13T19:31:29.618+0000] {dag.py:2915} INFO - Sync 1 DAGs
[2023-09-13T19:31:29.686+0000] {logging_mixin.py:151} INFO - [2023-09-13T19:31:29.685+0000] {dag.py:3696} INFO - Setting next_dagrun for tutorial to 2023-09-12T19:31:29.684401+00:00, run_after=2023-09-13T19:31:29.684401+00:00
[2023-09-13T19:31:29.742+0000] {processor.py:179} INFO - Processing /home/airflow/.local/lib/python3.8/site-packages/airflow/example_dags/tutorial.py took 0.227 seconds
[2023-09-13T19:32:00.609+0000] {processor.py:157} INFO - Started process (PID=100) to work on /home/airflow/.local/lib/python3.8/site-packages/airflow/example_dags/tutorial.py
[2023-09-13T19:32:00.612+0000] {processor.py:829} INFO - Processing file /home/airflow/.local/lib/python3.8/site-packages/airflow/example_dags/tutorial.py for tasks to queue
[2023-09-13T19:32:00.622+0000] {logging_mixin.py:151} INFO - [2023-09-13T19:32:00.621+0000] {dagbag.py:539} INFO - Filling up the DagBag from /home/airflow/.local/lib/python3.8/site-packages/airflow/example_dags/tutorial.py
[2023-09-13T19:32:00.646+0000] {processor.py:839} INFO - DAG(s) dict_keys(['tutorial']) retrieved from /home/airflow/.local/lib/python3.8/site-packages/airflow/example_dags/tutorial.py
[2023-09-13T19:32:00.741+0000] {logging_mixin.py:151} INFO - [2023-09-13T19:32:00.741+0000] {dag.py:2915} INFO - Sync 1 DAGs
[2023-09-13T19:32:00.774+0000] {logging_mixin.py:151} INFO - [2023-09-13T19:32:00.774+0000] {dag.py:3696} INFO - Setting next_dagrun for tutorial to 2023-09-12T19:32:00.773663+00:00, run_after=2023-09-13T19:32:00.773663+00:00
[2023-09-13T19:32:00.803+0000] {processor.py:179} INFO - Processing /home/airflow/.local/lib/python3.8/site-packages/airflow/example_dags/tutorial.py took 0.217 seconds
[2023-09-13T19:32:31.255+0000] {processor.py:157} INFO - Started process (PID=155) to work on /home/airflow/.local/lib/python3.8/site-packages/airflow/example_dags/tutorial.py
[2023-09-13T19:32:31.258+0000] {processor.py:829} INFO - Processing file /home/airflow/.local/lib/python3.8/site-packages/airflow/example_dags/tutorial.py for tasks to queue
[2023-09-13T19:32:31.260+0000] {logging_mixin.py:151} INFO - [2023-09-13T19:32:31.260+0000] {dagbag.py:539} INFO - Filling up the DagBag from /home/airflow/.local/lib/python3.8/site-packages/airflow/example_dags/tutorial.py
[2023-09-13T19:32:31.268+0000] {processor.py:839} INFO - DAG(s) dict_keys(['tutorial']) retrieved from /home/airflow/.local/lib/python3.8/site-packages/airflow/example_dags/tutorial.py
[2023-09-13T19:32:31.293+0000] {logging_mixin.py:151} INFO - [2023-09-13T19:32:31.293+0000] {dag.py:2915} INFO - Sync 1 DAGs
[2023-09-13T19:32:31.311+0000] {logging_mixin.py:151} INFO - [2023-09-13T19:32:31.311+0000] {dag.py:3696} INFO - Setting next_dagrun for tutorial to 2023-09-12T19:32:31.311303+00:00, run_after=2023-09-13T19:32:31.311303+00:00
[2023-09-13T19:32:31.324+0000] {processor.py:179} INFO - Processing /home/airflow/.local/lib/python3.8/site-packages/airflow/example_dags/tutorial.py took 0.074 seconds
[2023-09-13T19:33:01.410+0000] {processor.py:157} INFO - Started process (PID=210) to work on /home/airflow/.local/lib/python3.8/site-packages/airflow/example_dags/tutorial.py
[2023-09-13T19:33:01.412+0000] {processor.py:829} INFO - Processing file /home/airflow/.local/lib/python3.8/site-packages/airflow/example_dags/tutorial.py for tasks to queue
[2023-09-13T19:33:01.415+0000] {logging_mixin.py:151} INFO - [2023-09-13T19:33:01.414+0000] {dagbag.py:539} INFO - Filling up the DagBag from /home/airflow/.local/lib/python3.8/site-packages/airflow/example_dags/tutorial.py
[2023-09-13T19:33:01.422+0000] {processor.py:839} INFO - DAG(s) dict_keys(['tutorial']) retrieved from /home/airflow/.local/lib/python3.8/site-packages/airflow/example_dags/tutorial.py
[2023-09-13T19:33:01.446+0000] {logging_mixin.py:151} INFO - [2023-09-13T19:33:01.446+0000] {dag.py:2915} INFO - Sync 1 DAGs
[2023-09-13T19:33:01.465+0000] {logging_mixin.py:151} INFO - [2023-09-13T19:33:01.464+0000] {dag.py:3696} INFO - Setting next_dagrun for tutorial to 2023-09-12T19:33:01.464541+00:00, run_after=2023-09-13T19:33:01.464541+00:00
[2023-09-13T19:33:01.479+0000] {processor.py:179} INFO - Processing /home/airflow/.local/lib/python3.8/site-packages/airflow/example_dags/tutorial.py took 0.075 seconds
[2023-09-13T19:33:31.576+0000] {processor.py:157} INFO - Started process (PID=265) to work on /home/airflow/.local/lib/python3.8/site-packages/airflow/example_dags/tutorial.py
[2023-09-13T19:33:31.578+0000] {processor.py:829} INFO - Processing file /home/airflow/.local/lib/python3.8/site-packages/airflow/example_dags/tutorial.py for tasks to queue
[2023-09-13T19:33:31.580+0000] {logging_mixin.py:151} INFO - [2023-09-13T19:33:31.580+0000] {dagbag.py:539} INFO - Filling up the DagBag from /home/airflow/.local/lib/python3.8/site-packages/airflow/example_dags/tutorial.py
[2023-09-13T19:33:31.588+0000] {processor.py:839} INFO - DAG(s) dict_keys(['tutorial']) retrieved from /home/airflow/.local/lib/python3.8/site-packages/airflow/example_dags/tutorial.py
[2023-09-13T19:33:31.622+0000] {logging_mixin.py:151} INFO - [2023-09-13T19:33:31.622+0000] {dag.py:2915} INFO - Sync 1 DAGs
[2023-09-13T19:33:31.644+0000] {logging_mixin.py:151} INFO - [2023-09-13T19:33:31.644+0000] {dag.py:3696} INFO - Setting next_dagrun for tutorial to 2023-09-12T19:33:31.644333+00:00, run_after=2023-09-13T19:33:31.644333+00:00
[2023-09-13T19:33:31.660+0000] {processor.py:179} INFO - Processing /home/airflow/.local/lib/python3.8/site-packages/airflow/example_dags/tutorial.py took 0.089 seconds
[2023-09-13T19:34:02.318+0000] {processor.py:157} INFO - Started process (PID=320) to work on /home/airflow/.local/lib/python3.8/site-packages/airflow/example_dags/tutorial.py
[2023-09-13T19:34:02.321+0000] {processor.py:829} INFO - Processing file /home/airflow/.local/lib/python3.8/site-packages/airflow/example_dags/tutorial.py for tasks to queue
[2023-09-13T19:34:02.324+0000] {logging_mixin.py:151} INFO - [2023-09-13T19:34:02.324+0000] {dagbag.py:539} INFO - Filling up the DagBag from /home/airflow/.local/lib/python3.8/site-packages/airflow/example_dags/tutorial.py
[2023-09-13T19:34:02.332+0000] {processor.py:839} INFO - DAG(s) dict_keys(['tutorial']) retrieved from /home/airflow/.local/lib/python3.8/site-packages/airflow/example_dags/tutorial.py
[2023-09-13T19:34:02.355+0000] {logging_mixin.py:151} INFO - [2023-09-13T19:34:02.355+0000] {dag.py:2915} INFO - Sync 1 DAGs
[2023-09-13T19:34:02.372+0000] {logging_mixin.py:151} INFO - [2023-09-13T19:34:02.372+0000] {dag.py:3696} INFO - Setting next_dagrun for tutorial to 2023-09-12T19:34:02.372206+00:00, run_after=2023-09-13T19:34:02.372206+00:00
[2023-09-13T19:34:02.385+0000] {processor.py:179} INFO - Processing /home/airflow/.local/lib/python3.8/site-packages/airflow/example_dags/tutorial.py took 0.073 seconds
