[2023-09-13T19:15:47.337+0000] {processor.py:157} INFO - Started process (PID=34) to work on /home/airflow/.local/lib/python3.8/site-packages/airflow/example_dags/tutorial_taskflow_api.py
[2023-09-13T19:15:47.339+0000] {processor.py:829} INFO - Processing file /home/airflow/.local/lib/python3.8/site-packages/airflow/example_dags/tutorial_taskflow_api.py for tasks to queue
[2023-09-13T19:15:47.342+0000] {logging_mixin.py:151} INFO - [2023-09-13T19:15:47.342+0000] {dagbag.py:539} INFO - Filling up the DagBag from /home/airflow/.local/lib/python3.8/site-packages/airflow/example_dags/tutorial_taskflow_api.py
[2023-09-13T19:15:47.354+0000] {processor.py:839} INFO - DAG(s) dict_keys(['tutorial_taskflow_api']) retrieved from /home/airflow/.local/lib/python3.8/site-packages/airflow/example_dags/tutorial_taskflow_api.py
[2023-09-13T19:15:47.470+0000] {logging_mixin.py:151} INFO - [2023-09-13T19:15:47.470+0000] {manager.py:499} INFO - Created Permission View: %s
[2023-09-13T19:15:47.483+0000] {logging_mixin.py:151} INFO - [2023-09-13T19:15:47.482+0000] {manager.py:499} INFO - Created Permission View: %s
[2023-09-13T19:15:47.493+0000] {logging_mixin.py:151} INFO - [2023-09-13T19:15:47.493+0000] {manager.py:499} INFO - Created Permission View: %s
[2023-09-13T19:15:47.494+0000] {logging_mixin.py:151} INFO - [2023-09-13T19:15:47.494+0000] {security.py:708} INFO - Not syncing DAG-level permissions for DAG 'DAG:tutorial_taskflow_api' as access control is unset.
[2023-09-13T19:15:47.495+0000] {logging_mixin.py:151} INFO - [2023-09-13T19:15:47.495+0000] {dag.py:2915} INFO - Sync 1 DAGs
[2023-09-13T19:15:47.514+0000] {logging_mixin.py:151} INFO - [2023-09-13T19:15:47.513+0000] {dag.py:2937} INFO - Creating ORM DAG for tutorial_taskflow_api
[2023-09-13T19:15:47.516+0000] {logging_mixin.py:151} INFO - [2023-09-13T19:15:47.515+0000] {dag.py:3696} INFO - Setting next_dagrun for tutorial_taskflow_api to None, run_after=None
[2023-09-13T19:15:47.543+0000] {processor.py:179} INFO - Processing /home/airflow/.local/lib/python3.8/site-packages/airflow/example_dags/tutorial_taskflow_api.py took 0.210 seconds
[2023-09-13T19:16:18.243+0000] {processor.py:157} INFO - Started process (PID=88) to work on /home/airflow/.local/lib/python3.8/site-packages/airflow/example_dags/tutorial_taskflow_api.py
[2023-09-13T19:16:18.245+0000] {processor.py:829} INFO - Processing file /home/airflow/.local/lib/python3.8/site-packages/airflow/example_dags/tutorial_taskflow_api.py for tasks to queue
[2023-09-13T19:16:18.247+0000] {logging_mixin.py:151} INFO - [2023-09-13T19:16:18.247+0000] {dagbag.py:539} INFO - Filling up the DagBag from /home/airflow/.local/lib/python3.8/site-packages/airflow/example_dags/tutorial_taskflow_api.py
[2023-09-13T19:16:18.253+0000] {processor.py:839} INFO - DAG(s) dict_keys(['tutorial_taskflow_api']) retrieved from /home/airflow/.local/lib/python3.8/site-packages/airflow/example_dags/tutorial_taskflow_api.py
[2023-09-13T19:16:18.274+0000] {logging_mixin.py:151} INFO - [2023-09-13T19:16:18.274+0000] {dag.py:2915} INFO - Sync 1 DAGs
[2023-09-13T19:16:18.286+0000] {logging_mixin.py:151} INFO - [2023-09-13T19:16:18.286+0000] {dag.py:3696} INFO - Setting next_dagrun for tutorial_taskflow_api to None, run_after=None
[2023-09-13T19:16:18.299+0000] {processor.py:179} INFO - Processing /home/airflow/.local/lib/python3.8/site-packages/airflow/example_dags/tutorial_taskflow_api.py took 0.060 seconds
[2023-09-13T19:16:48.493+0000] {processor.py:157} INFO - Started process (PID=141) to work on /home/airflow/.local/lib/python3.8/site-packages/airflow/example_dags/tutorial_taskflow_api.py
[2023-09-13T19:16:48.494+0000] {processor.py:829} INFO - Processing file /home/airflow/.local/lib/python3.8/site-packages/airflow/example_dags/tutorial_taskflow_api.py for tasks to queue
[2023-09-13T19:16:48.497+0000] {logging_mixin.py:151} INFO - [2023-09-13T19:16:48.496+0000] {dagbag.py:539} INFO - Filling up the DagBag from /home/airflow/.local/lib/python3.8/site-packages/airflow/example_dags/tutorial_taskflow_api.py
[2023-09-13T19:16:48.503+0000] {processor.py:839} INFO - DAG(s) dict_keys(['tutorial_taskflow_api']) retrieved from /home/airflow/.local/lib/python3.8/site-packages/airflow/example_dags/tutorial_taskflow_api.py
[2023-09-13T19:16:48.524+0000] {logging_mixin.py:151} INFO - [2023-09-13T19:16:48.524+0000] {dag.py:2915} INFO - Sync 1 DAGs
[2023-09-13T19:16:48.534+0000] {logging_mixin.py:151} INFO - [2023-09-13T19:16:48.534+0000] {dag.py:3696} INFO - Setting next_dagrun for tutorial_taskflow_api to None, run_after=None
[2023-09-13T19:16:48.546+0000] {processor.py:179} INFO - Processing /home/airflow/.local/lib/python3.8/site-packages/airflow/example_dags/tutorial_taskflow_api.py took 0.057 seconds
[2023-09-13T19:17:18.887+0000] {processor.py:157} INFO - Started process (PID=195) to work on /home/airflow/.local/lib/python3.8/site-packages/airflow/example_dags/tutorial_taskflow_api.py
[2023-09-13T19:17:18.889+0000] {processor.py:829} INFO - Processing file /home/airflow/.local/lib/python3.8/site-packages/airflow/example_dags/tutorial_taskflow_api.py for tasks to queue
[2023-09-13T19:17:18.892+0000] {logging_mixin.py:151} INFO - [2023-09-13T19:17:18.891+0000] {dagbag.py:539} INFO - Filling up the DagBag from /home/airflow/.local/lib/python3.8/site-packages/airflow/example_dags/tutorial_taskflow_api.py
[2023-09-13T19:17:18.898+0000] {processor.py:839} INFO - DAG(s) dict_keys(['tutorial_taskflow_api']) retrieved from /home/airflow/.local/lib/python3.8/site-packages/airflow/example_dags/tutorial_taskflow_api.py
[2023-09-13T19:17:18.919+0000] {logging_mixin.py:151} INFO - [2023-09-13T19:17:18.919+0000] {dag.py:2915} INFO - Sync 1 DAGs
[2023-09-13T19:17:18.929+0000] {logging_mixin.py:151} INFO - [2023-09-13T19:17:18.929+0000] {dag.py:3696} INFO - Setting next_dagrun for tutorial_taskflow_api to None, run_after=None
[2023-09-13T19:17:18.943+0000] {processor.py:179} INFO - Processing /home/airflow/.local/lib/python3.8/site-packages/airflow/example_dags/tutorial_taskflow_api.py took 0.059 seconds
[2023-09-13T19:17:49.178+0000] {processor.py:157} INFO - Started process (PID=249) to work on /home/airflow/.local/lib/python3.8/site-packages/airflow/example_dags/tutorial_taskflow_api.py
[2023-09-13T19:17:49.179+0000] {processor.py:829} INFO - Processing file /home/airflow/.local/lib/python3.8/site-packages/airflow/example_dags/tutorial_taskflow_api.py for tasks to queue
[2023-09-13T19:17:49.182+0000] {logging_mixin.py:151} INFO - [2023-09-13T19:17:49.182+0000] {dagbag.py:539} INFO - Filling up the DagBag from /home/airflow/.local/lib/python3.8/site-packages/airflow/example_dags/tutorial_taskflow_api.py
[2023-09-13T19:17:49.188+0000] {processor.py:839} INFO - DAG(s) dict_keys(['tutorial_taskflow_api']) retrieved from /home/airflow/.local/lib/python3.8/site-packages/airflow/example_dags/tutorial_taskflow_api.py
[2023-09-13T19:17:49.209+0000] {logging_mixin.py:151} INFO - [2023-09-13T19:17:49.209+0000] {dag.py:2915} INFO - Sync 1 DAGs
[2023-09-13T19:17:49.219+0000] {logging_mixin.py:151} INFO - [2023-09-13T19:17:49.219+0000] {dag.py:3696} INFO - Setting next_dagrun for tutorial_taskflow_api to None, run_after=None
[2023-09-13T19:17:49.232+0000] {processor.py:179} INFO - Processing /home/airflow/.local/lib/python3.8/site-packages/airflow/example_dags/tutorial_taskflow_api.py took 0.057 seconds
[2023-09-13T19:18:19.401+0000] {processor.py:157} INFO - Started process (PID=303) to work on /home/airflow/.local/lib/python3.8/site-packages/airflow/example_dags/tutorial_taskflow_api.py
[2023-09-13T19:18:19.403+0000] {processor.py:829} INFO - Processing file /home/airflow/.local/lib/python3.8/site-packages/airflow/example_dags/tutorial_taskflow_api.py for tasks to queue
[2023-09-13T19:18:19.406+0000] {logging_mixin.py:151} INFO - [2023-09-13T19:18:19.405+0000] {dagbag.py:539} INFO - Filling up the DagBag from /home/airflow/.local/lib/python3.8/site-packages/airflow/example_dags/tutorial_taskflow_api.py
[2023-09-13T19:18:19.412+0000] {processor.py:839} INFO - DAG(s) dict_keys(['tutorial_taskflow_api']) retrieved from /home/airflow/.local/lib/python3.8/site-packages/airflow/example_dags/tutorial_taskflow_api.py
[2023-09-13T19:18:19.435+0000] {logging_mixin.py:151} INFO - [2023-09-13T19:18:19.434+0000] {dag.py:2915} INFO - Sync 1 DAGs
[2023-09-13T19:18:19.446+0000] {logging_mixin.py:151} INFO - [2023-09-13T19:18:19.445+0000] {dag.py:3696} INFO - Setting next_dagrun for tutorial_taskflow_api to None, run_after=None
[2023-09-13T19:18:19.460+0000] {processor.py:179} INFO - Processing /home/airflow/.local/lib/python3.8/site-packages/airflow/example_dags/tutorial_taskflow_api.py took 0.062 seconds
[2023-09-13T19:18:49.693+0000] {processor.py:157} INFO - Started process (PID=357) to work on /home/airflow/.local/lib/python3.8/site-packages/airflow/example_dags/tutorial_taskflow_api.py
[2023-09-13T19:18:49.694+0000] {processor.py:829} INFO - Processing file /home/airflow/.local/lib/python3.8/site-packages/airflow/example_dags/tutorial_taskflow_api.py for tasks to queue
[2023-09-13T19:18:49.697+0000] {logging_mixin.py:151} INFO - [2023-09-13T19:18:49.697+0000] {dagbag.py:539} INFO - Filling up the DagBag from /home/airflow/.local/lib/python3.8/site-packages/airflow/example_dags/tutorial_taskflow_api.py
[2023-09-13T19:18:49.703+0000] {processor.py:839} INFO - DAG(s) dict_keys(['tutorial_taskflow_api']) retrieved from /home/airflow/.local/lib/python3.8/site-packages/airflow/example_dags/tutorial_taskflow_api.py
[2023-09-13T19:18:49.726+0000] {logging_mixin.py:151} INFO - [2023-09-13T19:18:49.726+0000] {dag.py:2915} INFO - Sync 1 DAGs
[2023-09-13T19:18:49.737+0000] {logging_mixin.py:151} INFO - [2023-09-13T19:18:49.737+0000] {dag.py:3696} INFO - Setting next_dagrun for tutorial_taskflow_api to None, run_after=None
[2023-09-13T19:18:49.751+0000] {processor.py:179} INFO - Processing /home/airflow/.local/lib/python3.8/site-packages/airflow/example_dags/tutorial_taskflow_api.py took 0.062 seconds
[2023-09-13T19:19:19.929+0000] {processor.py:157} INFO - Started process (PID=412) to work on /home/airflow/.local/lib/python3.8/site-packages/airflow/example_dags/tutorial_taskflow_api.py
[2023-09-13T19:19:19.931+0000] {processor.py:829} INFO - Processing file /home/airflow/.local/lib/python3.8/site-packages/airflow/example_dags/tutorial_taskflow_api.py for tasks to queue
[2023-09-13T19:19:19.934+0000] {logging_mixin.py:151} INFO - [2023-09-13T19:19:19.934+0000] {dagbag.py:539} INFO - Filling up the DagBag from /home/airflow/.local/lib/python3.8/site-packages/airflow/example_dags/tutorial_taskflow_api.py
[2023-09-13T19:19:19.941+0000] {processor.py:839} INFO - DAG(s) dict_keys(['tutorial_taskflow_api']) retrieved from /home/airflow/.local/lib/python3.8/site-packages/airflow/example_dags/tutorial_taskflow_api.py
[2023-09-13T19:19:19.965+0000] {logging_mixin.py:151} INFO - [2023-09-13T19:19:19.965+0000] {dag.py:2915} INFO - Sync 1 DAGs
[2023-09-13T19:19:19.977+0000] {logging_mixin.py:151} INFO - [2023-09-13T19:19:19.977+0000] {dag.py:3696} INFO - Setting next_dagrun for tutorial_taskflow_api to None, run_after=None
[2023-09-13T19:19:19.991+0000] {processor.py:179} INFO - Processing /home/airflow/.local/lib/python3.8/site-packages/airflow/example_dags/tutorial_taskflow_api.py took 0.066 seconds
[2023-09-13T19:19:50.287+0000] {processor.py:157} INFO - Started process (PID=466) to work on /home/airflow/.local/lib/python3.8/site-packages/airflow/example_dags/tutorial_taskflow_api.py
[2023-09-13T19:19:50.289+0000] {processor.py:829} INFO - Processing file /home/airflow/.local/lib/python3.8/site-packages/airflow/example_dags/tutorial_taskflow_api.py for tasks to queue
[2023-09-13T19:19:50.292+0000] {logging_mixin.py:151} INFO - [2023-09-13T19:19:50.291+0000] {dagbag.py:539} INFO - Filling up the DagBag from /home/airflow/.local/lib/python3.8/site-packages/airflow/example_dags/tutorial_taskflow_api.py
[2023-09-13T19:19:50.298+0000] {processor.py:839} INFO - DAG(s) dict_keys(['tutorial_taskflow_api']) retrieved from /home/airflow/.local/lib/python3.8/site-packages/airflow/example_dags/tutorial_taskflow_api.py
[2023-09-13T19:19:50.320+0000] {logging_mixin.py:151} INFO - [2023-09-13T19:19:50.320+0000] {dag.py:2915} INFO - Sync 1 DAGs
[2023-09-13T19:19:50.330+0000] {logging_mixin.py:151} INFO - [2023-09-13T19:19:50.330+0000] {dag.py:3696} INFO - Setting next_dagrun for tutorial_taskflow_api to None, run_after=None
[2023-09-13T19:19:50.346+0000] {processor.py:179} INFO - Processing /home/airflow/.local/lib/python3.8/site-packages/airflow/example_dags/tutorial_taskflow_api.py took 0.062 seconds
[2023-09-13T19:20:20.572+0000] {processor.py:157} INFO - Started process (PID=519) to work on /home/airflow/.local/lib/python3.8/site-packages/airflow/example_dags/tutorial_taskflow_api.py
[2023-09-13T19:20:20.573+0000] {processor.py:829} INFO - Processing file /home/airflow/.local/lib/python3.8/site-packages/airflow/example_dags/tutorial_taskflow_api.py for tasks to queue
[2023-09-13T19:20:20.576+0000] {logging_mixin.py:151} INFO - [2023-09-13T19:20:20.575+0000] {dagbag.py:539} INFO - Filling up the DagBag from /home/airflow/.local/lib/python3.8/site-packages/airflow/example_dags/tutorial_taskflow_api.py
[2023-09-13T19:20:20.582+0000] {processor.py:839} INFO - DAG(s) dict_keys(['tutorial_taskflow_api']) retrieved from /home/airflow/.local/lib/python3.8/site-packages/airflow/example_dags/tutorial_taskflow_api.py
[2023-09-13T19:20:20.602+0000] {logging_mixin.py:151} INFO - [2023-09-13T19:20:20.602+0000] {dag.py:2915} INFO - Sync 1 DAGs
[2023-09-13T19:20:20.613+0000] {logging_mixin.py:151} INFO - [2023-09-13T19:20:20.613+0000] {dag.py:3696} INFO - Setting next_dagrun for tutorial_taskflow_api to None, run_after=None
[2023-09-13T19:20:20.626+0000] {processor.py:179} INFO - Processing /home/airflow/.local/lib/python3.8/site-packages/airflow/example_dags/tutorial_taskflow_api.py took 0.057 seconds
[2023-09-13T19:20:51.085+0000] {processor.py:157} INFO - Started process (PID=573) to work on /home/airflow/.local/lib/python3.8/site-packages/airflow/example_dags/tutorial_taskflow_api.py
[2023-09-13T19:20:51.087+0000] {processor.py:829} INFO - Processing file /home/airflow/.local/lib/python3.8/site-packages/airflow/example_dags/tutorial_taskflow_api.py for tasks to queue
[2023-09-13T19:20:51.089+0000] {logging_mixin.py:151} INFO - [2023-09-13T19:20:51.089+0000] {dagbag.py:539} INFO - Filling up the DagBag from /home/airflow/.local/lib/python3.8/site-packages/airflow/example_dags/tutorial_taskflow_api.py
[2023-09-13T19:20:51.095+0000] {processor.py:839} INFO - DAG(s) dict_keys(['tutorial_taskflow_api']) retrieved from /home/airflow/.local/lib/python3.8/site-packages/airflow/example_dags/tutorial_taskflow_api.py
[2023-09-13T19:20:51.118+0000] {logging_mixin.py:151} INFO - [2023-09-13T19:20:51.117+0000] {dag.py:2915} INFO - Sync 1 DAGs
[2023-09-13T19:20:51.128+0000] {logging_mixin.py:151} INFO - [2023-09-13T19:20:51.128+0000] {dag.py:3696} INFO - Setting next_dagrun for tutorial_taskflow_api to None, run_after=None
[2023-09-13T19:20:51.140+0000] {processor.py:179} INFO - Processing /home/airflow/.local/lib/python3.8/site-packages/airflow/example_dags/tutorial_taskflow_api.py took 0.059 seconds
[2023-09-13T19:21:21.464+0000] {processor.py:157} INFO - Started process (PID=627) to work on /home/airflow/.local/lib/python3.8/site-packages/airflow/example_dags/tutorial_taskflow_api.py
[2023-09-13T19:21:21.465+0000] {processor.py:829} INFO - Processing file /home/airflow/.local/lib/python3.8/site-packages/airflow/example_dags/tutorial_taskflow_api.py for tasks to queue
[2023-09-13T19:21:21.468+0000] {logging_mixin.py:151} INFO - [2023-09-13T19:21:21.467+0000] {dagbag.py:539} INFO - Filling up the DagBag from /home/airflow/.local/lib/python3.8/site-packages/airflow/example_dags/tutorial_taskflow_api.py
[2023-09-13T19:21:21.474+0000] {processor.py:839} INFO - DAG(s) dict_keys(['tutorial_taskflow_api']) retrieved from /home/airflow/.local/lib/python3.8/site-packages/airflow/example_dags/tutorial_taskflow_api.py
[2023-09-13T19:21:21.496+0000] {logging_mixin.py:151} INFO - [2023-09-13T19:21:21.496+0000] {dag.py:2915} INFO - Sync 1 DAGs
[2023-09-13T19:21:21.507+0000] {logging_mixin.py:151} INFO - [2023-09-13T19:21:21.507+0000] {dag.py:3696} INFO - Setting next_dagrun for tutorial_taskflow_api to None, run_after=None
[2023-09-13T19:21:21.520+0000] {processor.py:179} INFO - Processing /home/airflow/.local/lib/python3.8/site-packages/airflow/example_dags/tutorial_taskflow_api.py took 0.060 seconds
[2023-09-13T19:21:52.102+0000] {processor.py:157} INFO - Started process (PID=681) to work on /home/airflow/.local/lib/python3.8/site-packages/airflow/example_dags/tutorial_taskflow_api.py
[2023-09-13T19:21:52.103+0000] {processor.py:829} INFO - Processing file /home/airflow/.local/lib/python3.8/site-packages/airflow/example_dags/tutorial_taskflow_api.py for tasks to queue
[2023-09-13T19:21:52.106+0000] {logging_mixin.py:151} INFO - [2023-09-13T19:21:52.105+0000] {dagbag.py:539} INFO - Filling up the DagBag from /home/airflow/.local/lib/python3.8/site-packages/airflow/example_dags/tutorial_taskflow_api.py
[2023-09-13T19:21:52.112+0000] {processor.py:839} INFO - DAG(s) dict_keys(['tutorial_taskflow_api']) retrieved from /home/airflow/.local/lib/python3.8/site-packages/airflow/example_dags/tutorial_taskflow_api.py
[2023-09-13T19:21:52.133+0000] {logging_mixin.py:151} INFO - [2023-09-13T19:21:52.133+0000] {dag.py:2915} INFO - Sync 1 DAGs
[2023-09-13T19:21:52.143+0000] {logging_mixin.py:151} INFO - [2023-09-13T19:21:52.143+0000] {dag.py:3696} INFO - Setting next_dagrun for tutorial_taskflow_api to None, run_after=None
[2023-09-13T19:21:52.155+0000] {processor.py:179} INFO - Processing /home/airflow/.local/lib/python3.8/site-packages/airflow/example_dags/tutorial_taskflow_api.py took 0.057 seconds
[2023-09-13T19:22:22.750+0000] {processor.py:157} INFO - Started process (PID=735) to work on /home/airflow/.local/lib/python3.8/site-packages/airflow/example_dags/tutorial_taskflow_api.py
[2023-09-13T19:22:22.752+0000] {processor.py:829} INFO - Processing file /home/airflow/.local/lib/python3.8/site-packages/airflow/example_dags/tutorial_taskflow_api.py for tasks to queue
[2023-09-13T19:22:22.754+0000] {logging_mixin.py:151} INFO - [2023-09-13T19:22:22.754+0000] {dagbag.py:539} INFO - Filling up the DagBag from /home/airflow/.local/lib/python3.8/site-packages/airflow/example_dags/tutorial_taskflow_api.py
[2023-09-13T19:22:22.761+0000] {processor.py:839} INFO - DAG(s) dict_keys(['tutorial_taskflow_api']) retrieved from /home/airflow/.local/lib/python3.8/site-packages/airflow/example_dags/tutorial_taskflow_api.py
[2023-09-13T19:22:22.782+0000] {logging_mixin.py:151} INFO - [2023-09-13T19:22:22.782+0000] {dag.py:2915} INFO - Sync 1 DAGs
[2023-09-13T19:22:22.792+0000] {logging_mixin.py:151} INFO - [2023-09-13T19:22:22.792+0000] {dag.py:3696} INFO - Setting next_dagrun for tutorial_taskflow_api to None, run_after=None
[2023-09-13T19:22:22.806+0000] {processor.py:179} INFO - Processing /home/airflow/.local/lib/python3.8/site-packages/airflow/example_dags/tutorial_taskflow_api.py took 0.059 seconds
[2023-09-13T19:22:52.987+0000] {processor.py:157} INFO - Started process (PID=789) to work on /home/airflow/.local/lib/python3.8/site-packages/airflow/example_dags/tutorial_taskflow_api.py
[2023-09-13T19:22:52.989+0000] {processor.py:829} INFO - Processing file /home/airflow/.local/lib/python3.8/site-packages/airflow/example_dags/tutorial_taskflow_api.py for tasks to queue
[2023-09-13T19:22:52.991+0000] {logging_mixin.py:151} INFO - [2023-09-13T19:22:52.991+0000] {dagbag.py:539} INFO - Filling up the DagBag from /home/airflow/.local/lib/python3.8/site-packages/airflow/example_dags/tutorial_taskflow_api.py
[2023-09-13T19:22:52.997+0000] {processor.py:839} INFO - DAG(s) dict_keys(['tutorial_taskflow_api']) retrieved from /home/airflow/.local/lib/python3.8/site-packages/airflow/example_dags/tutorial_taskflow_api.py
[2023-09-13T19:22:53.019+0000] {logging_mixin.py:151} INFO - [2023-09-13T19:22:53.019+0000] {dag.py:2915} INFO - Sync 1 DAGs
[2023-09-13T19:22:53.031+0000] {logging_mixin.py:151} INFO - [2023-09-13T19:22:53.030+0000] {dag.py:3696} INFO - Setting next_dagrun for tutorial_taskflow_api to None, run_after=None
[2023-09-13T19:22:53.045+0000] {processor.py:179} INFO - Processing /home/airflow/.local/lib/python3.8/site-packages/airflow/example_dags/tutorial_taskflow_api.py took 0.062 seconds
[2023-09-13T19:23:23.328+0000] {processor.py:157} INFO - Started process (PID=843) to work on /home/airflow/.local/lib/python3.8/site-packages/airflow/example_dags/tutorial_taskflow_api.py
[2023-09-13T19:23:23.330+0000] {processor.py:829} INFO - Processing file /home/airflow/.local/lib/python3.8/site-packages/airflow/example_dags/tutorial_taskflow_api.py for tasks to queue
[2023-09-13T19:23:23.332+0000] {logging_mixin.py:151} INFO - [2023-09-13T19:23:23.332+0000] {dagbag.py:539} INFO - Filling up the DagBag from /home/airflow/.local/lib/python3.8/site-packages/airflow/example_dags/tutorial_taskflow_api.py
[2023-09-13T19:23:23.338+0000] {processor.py:839} INFO - DAG(s) dict_keys(['tutorial_taskflow_api']) retrieved from /home/airflow/.local/lib/python3.8/site-packages/airflow/example_dags/tutorial_taskflow_api.py
[2023-09-13T19:23:23.359+0000] {logging_mixin.py:151} INFO - [2023-09-13T19:23:23.359+0000] {dag.py:2915} INFO - Sync 1 DAGs
[2023-09-13T19:23:23.369+0000] {logging_mixin.py:151} INFO - [2023-09-13T19:23:23.369+0000] {dag.py:3696} INFO - Setting next_dagrun for tutorial_taskflow_api to None, run_after=None
[2023-09-13T19:23:23.381+0000] {processor.py:179} INFO - Processing /home/airflow/.local/lib/python3.8/site-packages/airflow/example_dags/tutorial_taskflow_api.py took 0.056 seconds
[2023-09-13T19:23:53.599+0000] {processor.py:157} INFO - Started process (PID=897) to work on /home/airflow/.local/lib/python3.8/site-packages/airflow/example_dags/tutorial_taskflow_api.py
[2023-09-13T19:23:53.600+0000] {processor.py:829} INFO - Processing file /home/airflow/.local/lib/python3.8/site-packages/airflow/example_dags/tutorial_taskflow_api.py for tasks to queue
[2023-09-13T19:23:53.603+0000] {logging_mixin.py:151} INFO - [2023-09-13T19:23:53.602+0000] {dagbag.py:539} INFO - Filling up the DagBag from /home/airflow/.local/lib/python3.8/site-packages/airflow/example_dags/tutorial_taskflow_api.py
[2023-09-13T19:23:53.609+0000] {processor.py:839} INFO - DAG(s) dict_keys(['tutorial_taskflow_api']) retrieved from /home/airflow/.local/lib/python3.8/site-packages/airflow/example_dags/tutorial_taskflow_api.py
[2023-09-13T19:23:53.629+0000] {logging_mixin.py:151} INFO - [2023-09-13T19:23:53.629+0000] {dag.py:2915} INFO - Sync 1 DAGs
[2023-09-13T19:23:53.639+0000] {logging_mixin.py:151} INFO - [2023-09-13T19:23:53.639+0000] {dag.py:3696} INFO - Setting next_dagrun for tutorial_taskflow_api to None, run_after=None
[2023-09-13T19:23:53.651+0000] {processor.py:179} INFO - Processing /home/airflow/.local/lib/python3.8/site-packages/airflow/example_dags/tutorial_taskflow_api.py took 0.055 seconds
[2023-09-13T19:24:23.737+0000] {processor.py:157} INFO - Started process (PID=951) to work on /home/airflow/.local/lib/python3.8/site-packages/airflow/example_dags/tutorial_taskflow_api.py
[2023-09-13T19:24:23.739+0000] {processor.py:829} INFO - Processing file /home/airflow/.local/lib/python3.8/site-packages/airflow/example_dags/tutorial_taskflow_api.py for tasks to queue
[2023-09-13T19:24:23.741+0000] {logging_mixin.py:151} INFO - [2023-09-13T19:24:23.741+0000] {dagbag.py:539} INFO - Filling up the DagBag from /home/airflow/.local/lib/python3.8/site-packages/airflow/example_dags/tutorial_taskflow_api.py
[2023-09-13T19:24:23.747+0000] {processor.py:839} INFO - DAG(s) dict_keys(['tutorial_taskflow_api']) retrieved from /home/airflow/.local/lib/python3.8/site-packages/airflow/example_dags/tutorial_taskflow_api.py
[2023-09-13T19:24:23.767+0000] {logging_mixin.py:151} INFO - [2023-09-13T19:24:23.767+0000] {dag.py:2915} INFO - Sync 1 DAGs
[2023-09-13T19:24:23.777+0000] {logging_mixin.py:151} INFO - [2023-09-13T19:24:23.777+0000] {dag.py:3696} INFO - Setting next_dagrun for tutorial_taskflow_api to None, run_after=None
[2023-09-13T19:24:23.789+0000] {processor.py:179} INFO - Processing /home/airflow/.local/lib/python3.8/site-packages/airflow/example_dags/tutorial_taskflow_api.py took 0.056 seconds
[2023-09-13T19:24:54.143+0000] {processor.py:157} INFO - Started process (PID=1006) to work on /home/airflow/.local/lib/python3.8/site-packages/airflow/example_dags/tutorial_taskflow_api.py
[2023-09-13T19:24:54.145+0000] {processor.py:829} INFO - Processing file /home/airflow/.local/lib/python3.8/site-packages/airflow/example_dags/tutorial_taskflow_api.py for tasks to queue
[2023-09-13T19:24:54.147+0000] {logging_mixin.py:151} INFO - [2023-09-13T19:24:54.147+0000] {dagbag.py:539} INFO - Filling up the DagBag from /home/airflow/.local/lib/python3.8/site-packages/airflow/example_dags/tutorial_taskflow_api.py
[2023-09-13T19:24:54.154+0000] {processor.py:839} INFO - DAG(s) dict_keys(['tutorial_taskflow_api']) retrieved from /home/airflow/.local/lib/python3.8/site-packages/airflow/example_dags/tutorial_taskflow_api.py
[2023-09-13T19:24:54.175+0000] {logging_mixin.py:151} INFO - [2023-09-13T19:24:54.175+0000] {dag.py:2915} INFO - Sync 1 DAGs
[2023-09-13T19:24:54.186+0000] {logging_mixin.py:151} INFO - [2023-09-13T19:24:54.186+0000] {dag.py:3696} INFO - Setting next_dagrun for tutorial_taskflow_api to None, run_after=None
[2023-09-13T19:24:54.199+0000] {processor.py:179} INFO - Processing /home/airflow/.local/lib/python3.8/site-packages/airflow/example_dags/tutorial_taskflow_api.py took 0.060 seconds
[2023-09-13T19:25:24.337+0000] {processor.py:157} INFO - Started process (PID=1059) to work on /home/airflow/.local/lib/python3.8/site-packages/airflow/example_dags/tutorial_taskflow_api.py
[2023-09-13T19:25:24.339+0000] {processor.py:829} INFO - Processing file /home/airflow/.local/lib/python3.8/site-packages/airflow/example_dags/tutorial_taskflow_api.py for tasks to queue
[2023-09-13T19:25:24.341+0000] {logging_mixin.py:151} INFO - [2023-09-13T19:25:24.341+0000] {dagbag.py:539} INFO - Filling up the DagBag from /home/airflow/.local/lib/python3.8/site-packages/airflow/example_dags/tutorial_taskflow_api.py
[2023-09-13T19:25:24.348+0000] {processor.py:839} INFO - DAG(s) dict_keys(['tutorial_taskflow_api']) retrieved from /home/airflow/.local/lib/python3.8/site-packages/airflow/example_dags/tutorial_taskflow_api.py
[2023-09-13T19:25:24.370+0000] {logging_mixin.py:151} INFO - [2023-09-13T19:25:24.370+0000] {dag.py:2915} INFO - Sync 1 DAGs
[2023-09-13T19:25:24.380+0000] {logging_mixin.py:151} INFO - [2023-09-13T19:25:24.380+0000] {dag.py:3696} INFO - Setting next_dagrun for tutorial_taskflow_api to None, run_after=None
[2023-09-13T19:25:24.393+0000] {processor.py:179} INFO - Processing /home/airflow/.local/lib/python3.8/site-packages/airflow/example_dags/tutorial_taskflow_api.py took 0.060 seconds
[2023-09-13T19:25:55.366+0000] {processor.py:157} INFO - Started process (PID=1114) to work on /home/airflow/.local/lib/python3.8/site-packages/airflow/example_dags/tutorial_taskflow_api.py
[2023-09-13T19:25:55.367+0000] {processor.py:829} INFO - Processing file /home/airflow/.local/lib/python3.8/site-packages/airflow/example_dags/tutorial_taskflow_api.py for tasks to queue
[2023-09-13T19:25:55.370+0000] {logging_mixin.py:151} INFO - [2023-09-13T19:25:55.369+0000] {dagbag.py:539} INFO - Filling up the DagBag from /home/airflow/.local/lib/python3.8/site-packages/airflow/example_dags/tutorial_taskflow_api.py
[2023-09-13T19:25:55.376+0000] {processor.py:839} INFO - DAG(s) dict_keys(['tutorial_taskflow_api']) retrieved from /home/airflow/.local/lib/python3.8/site-packages/airflow/example_dags/tutorial_taskflow_api.py
[2023-09-13T19:25:55.399+0000] {logging_mixin.py:151} INFO - [2023-09-13T19:25:55.399+0000] {dag.py:2915} INFO - Sync 1 DAGs
[2023-09-13T19:25:55.409+0000] {logging_mixin.py:151} INFO - [2023-09-13T19:25:55.409+0000] {dag.py:3696} INFO - Setting next_dagrun for tutorial_taskflow_api to None, run_after=None
[2023-09-13T19:25:55.423+0000] {processor.py:179} INFO - Processing /home/airflow/.local/lib/python3.8/site-packages/airflow/example_dags/tutorial_taskflow_api.py took 0.061 seconds
[2023-09-13T19:26:25.612+0000] {processor.py:157} INFO - Started process (PID=1170) to work on /home/airflow/.local/lib/python3.8/site-packages/airflow/example_dags/tutorial_taskflow_api.py
[2023-09-13T19:26:25.613+0000] {processor.py:829} INFO - Processing file /home/airflow/.local/lib/python3.8/site-packages/airflow/example_dags/tutorial_taskflow_api.py for tasks to queue
[2023-09-13T19:26:25.617+0000] {logging_mixin.py:151} INFO - [2023-09-13T19:26:25.616+0000] {dagbag.py:539} INFO - Filling up the DagBag from /home/airflow/.local/lib/python3.8/site-packages/airflow/example_dags/tutorial_taskflow_api.py
[2023-09-13T19:26:25.626+0000] {processor.py:839} INFO - DAG(s) dict_keys(['tutorial_taskflow_api']) retrieved from /home/airflow/.local/lib/python3.8/site-packages/airflow/example_dags/tutorial_taskflow_api.py
[2023-09-13T19:26:25.651+0000] {logging_mixin.py:151} INFO - [2023-09-13T19:26:25.651+0000] {dag.py:2915} INFO - Sync 1 DAGs
[2023-09-13T19:26:25.661+0000] {logging_mixin.py:151} INFO - [2023-09-13T19:26:25.661+0000] {dag.py:3696} INFO - Setting next_dagrun for tutorial_taskflow_api to None, run_after=None
[2023-09-13T19:26:25.674+0000] {processor.py:179} INFO - Processing /home/airflow/.local/lib/python3.8/site-packages/airflow/example_dags/tutorial_taskflow_api.py took 0.066 seconds
[2023-09-13T19:26:56.205+0000] {processor.py:157} INFO - Started process (PID=1226) to work on /home/airflow/.local/lib/python3.8/site-packages/airflow/example_dags/tutorial_taskflow_api.py
[2023-09-13T19:26:56.206+0000] {processor.py:829} INFO - Processing file /home/airflow/.local/lib/python3.8/site-packages/airflow/example_dags/tutorial_taskflow_api.py for tasks to queue
[2023-09-13T19:26:56.209+0000] {logging_mixin.py:151} INFO - [2023-09-13T19:26:56.209+0000] {dagbag.py:539} INFO - Filling up the DagBag from /home/airflow/.local/lib/python3.8/site-packages/airflow/example_dags/tutorial_taskflow_api.py
[2023-09-13T19:26:56.215+0000] {processor.py:839} INFO - DAG(s) dict_keys(['tutorial_taskflow_api']) retrieved from /home/airflow/.local/lib/python3.8/site-packages/airflow/example_dags/tutorial_taskflow_api.py
[2023-09-13T19:26:56.236+0000] {logging_mixin.py:151} INFO - [2023-09-13T19:26:56.236+0000] {dag.py:2915} INFO - Sync 1 DAGs
[2023-09-13T19:26:56.247+0000] {logging_mixin.py:151} INFO - [2023-09-13T19:26:56.246+0000] {dag.py:3696} INFO - Setting next_dagrun for tutorial_taskflow_api to None, run_after=None
[2023-09-13T19:26:56.259+0000] {processor.py:179} INFO - Processing /home/airflow/.local/lib/python3.8/site-packages/airflow/example_dags/tutorial_taskflow_api.py took 0.057 seconds
[2023-09-13T19:28:12.786+0000] {processor.py:157} INFO - Started process (PID=34) to work on /home/airflow/.local/lib/python3.8/site-packages/airflow/example_dags/tutorial_taskflow_api.py
[2023-09-13T19:28:12.788+0000] {processor.py:829} INFO - Processing file /home/airflow/.local/lib/python3.8/site-packages/airflow/example_dags/tutorial_taskflow_api.py for tasks to queue
[2023-09-13T19:28:12.793+0000] {logging_mixin.py:151} INFO - [2023-09-13T19:28:12.792+0000] {dagbag.py:539} INFO - Filling up the DagBag from /home/airflow/.local/lib/python3.8/site-packages/airflow/example_dags/tutorial_taskflow_api.py
[2023-09-13T19:28:12.814+0000] {processor.py:839} INFO - DAG(s) dict_keys(['tutorial_taskflow_api']) retrieved from /home/airflow/.local/lib/python3.8/site-packages/airflow/example_dags/tutorial_taskflow_api.py
[2023-09-13T19:28:12.850+0000] {logging_mixin.py:151} INFO - [2023-09-13T19:28:12.850+0000] {dag.py:2915} INFO - Sync 1 DAGs
[2023-09-13T19:28:12.881+0000] {logging_mixin.py:151} INFO - [2023-09-13T19:28:12.880+0000] {dag.py:3696} INFO - Setting next_dagrun for tutorial_taskflow_api to None, run_after=None
[2023-09-13T19:28:12.917+0000] {processor.py:179} INFO - Processing /home/airflow/.local/lib/python3.8/site-packages/airflow/example_dags/tutorial_taskflow_api.py took 0.138 seconds
[2023-09-13T19:28:43.802+0000] {processor.py:157} INFO - Started process (PID=90) to work on /home/airflow/.local/lib/python3.8/site-packages/airflow/example_dags/tutorial_taskflow_api.py
[2023-09-13T19:28:43.803+0000] {processor.py:829} INFO - Processing file /home/airflow/.local/lib/python3.8/site-packages/airflow/example_dags/tutorial_taskflow_api.py for tasks to queue
[2023-09-13T19:28:43.806+0000] {logging_mixin.py:151} INFO - [2023-09-13T19:28:43.805+0000] {dagbag.py:539} INFO - Filling up the DagBag from /home/airflow/.local/lib/python3.8/site-packages/airflow/example_dags/tutorial_taskflow_api.py
[2023-09-13T19:28:43.812+0000] {processor.py:839} INFO - DAG(s) dict_keys(['tutorial_taskflow_api']) retrieved from /home/airflow/.local/lib/python3.8/site-packages/airflow/example_dags/tutorial_taskflow_api.py
[2023-09-13T19:28:43.832+0000] {logging_mixin.py:151} INFO - [2023-09-13T19:28:43.832+0000] {dag.py:2915} INFO - Sync 1 DAGs
[2023-09-13T19:28:43.842+0000] {logging_mixin.py:151} INFO - [2023-09-13T19:28:43.842+0000] {dag.py:3696} INFO - Setting next_dagrun for tutorial_taskflow_api to None, run_after=None
[2023-09-13T19:28:43.854+0000] {processor.py:179} INFO - Processing /home/airflow/.local/lib/python3.8/site-packages/airflow/example_dags/tutorial_taskflow_api.py took 0.056 seconds
[2023-09-13T19:29:14.057+0000] {processor.py:157} INFO - Started process (PID=145) to work on /home/airflow/.local/lib/python3.8/site-packages/airflow/example_dags/tutorial_taskflow_api.py
[2023-09-13T19:29:14.058+0000] {processor.py:829} INFO - Processing file /home/airflow/.local/lib/python3.8/site-packages/airflow/example_dags/tutorial_taskflow_api.py for tasks to queue
[2023-09-13T19:29:14.061+0000] {logging_mixin.py:151} INFO - [2023-09-13T19:29:14.061+0000] {dagbag.py:539} INFO - Filling up the DagBag from /home/airflow/.local/lib/python3.8/site-packages/airflow/example_dags/tutorial_taskflow_api.py
[2023-09-13T19:29:14.068+0000] {processor.py:839} INFO - DAG(s) dict_keys(['tutorial_taskflow_api']) retrieved from /home/airflow/.local/lib/python3.8/site-packages/airflow/example_dags/tutorial_taskflow_api.py
[2023-09-13T19:29:14.088+0000] {logging_mixin.py:151} INFO - [2023-09-13T19:29:14.088+0000] {dag.py:2915} INFO - Sync 1 DAGs
[2023-09-13T19:29:14.097+0000] {logging_mixin.py:151} INFO - [2023-09-13T19:29:14.097+0000] {dag.py:3696} INFO - Setting next_dagrun for tutorial_taskflow_api to None, run_after=None
[2023-09-13T19:29:14.110+0000] {processor.py:179} INFO - Processing /home/airflow/.local/lib/python3.8/site-packages/airflow/example_dags/tutorial_taskflow_api.py took 0.056 seconds
[2023-09-13T19:29:44.508+0000] {processor.py:157} INFO - Started process (PID=199) to work on /home/airflow/.local/lib/python3.8/site-packages/airflow/example_dags/tutorial_taskflow_api.py
[2023-09-13T19:29:44.509+0000] {processor.py:829} INFO - Processing file /home/airflow/.local/lib/python3.8/site-packages/airflow/example_dags/tutorial_taskflow_api.py for tasks to queue
[2023-09-13T19:29:44.511+0000] {logging_mixin.py:151} INFO - [2023-09-13T19:29:44.511+0000] {dagbag.py:539} INFO - Filling up the DagBag from /home/airflow/.local/lib/python3.8/site-packages/airflow/example_dags/tutorial_taskflow_api.py
[2023-09-13T19:29:44.517+0000] {processor.py:839} INFO - DAG(s) dict_keys(['tutorial_taskflow_api']) retrieved from /home/airflow/.local/lib/python3.8/site-packages/airflow/example_dags/tutorial_taskflow_api.py
[2023-09-13T19:29:44.537+0000] {logging_mixin.py:151} INFO - [2023-09-13T19:29:44.537+0000] {dag.py:2915} INFO - Sync 1 DAGs
[2023-09-13T19:29:44.547+0000] {logging_mixin.py:151} INFO - [2023-09-13T19:29:44.547+0000] {dag.py:3696} INFO - Setting next_dagrun for tutorial_taskflow_api to None, run_after=None
[2023-09-13T19:29:44.559+0000] {processor.py:179} INFO - Processing /home/airflow/.local/lib/python3.8/site-packages/airflow/example_dags/tutorial_taskflow_api.py took 0.055 seconds
[2023-09-13T19:30:14.773+0000] {processor.py:157} INFO - Started process (PID=253) to work on /home/airflow/.local/lib/python3.8/site-packages/airflow/example_dags/tutorial_taskflow_api.py
[2023-09-13T19:30:14.775+0000] {processor.py:829} INFO - Processing file /home/airflow/.local/lib/python3.8/site-packages/airflow/example_dags/tutorial_taskflow_api.py for tasks to queue
[2023-09-13T19:30:14.778+0000] {logging_mixin.py:151} INFO - [2023-09-13T19:30:14.778+0000] {dagbag.py:539} INFO - Filling up the DagBag from /home/airflow/.local/lib/python3.8/site-packages/airflow/example_dags/tutorial_taskflow_api.py
[2023-09-13T19:30:14.786+0000] {processor.py:839} INFO - DAG(s) dict_keys(['tutorial_taskflow_api']) retrieved from /home/airflow/.local/lib/python3.8/site-packages/airflow/example_dags/tutorial_taskflow_api.py
[2023-09-13T19:30:14.811+0000] {logging_mixin.py:151} INFO - [2023-09-13T19:30:14.811+0000] {dag.py:2915} INFO - Sync 1 DAGs
[2023-09-13T19:30:14.823+0000] {logging_mixin.py:151} INFO - [2023-09-13T19:30:14.823+0000] {dag.py:3696} INFO - Setting next_dagrun for tutorial_taskflow_api to None, run_after=None
[2023-09-13T19:30:14.838+0000] {processor.py:179} INFO - Processing /home/airflow/.local/lib/python3.8/site-packages/airflow/example_dags/tutorial_taskflow_api.py took 0.068 seconds
[2023-09-13T19:31:27.586+0000] {processor.py:157} INFO - Started process (PID=35) to work on /home/airflow/.local/lib/python3.8/site-packages/airflow/example_dags/tutorial_taskflow_api.py
[2023-09-13T19:31:27.588+0000] {processor.py:829} INFO - Processing file /home/airflow/.local/lib/python3.8/site-packages/airflow/example_dags/tutorial_taskflow_api.py for tasks to queue
[2023-09-13T19:31:27.592+0000] {logging_mixin.py:151} INFO - [2023-09-13T19:31:27.591+0000] {dagbag.py:539} INFO - Filling up the DagBag from /home/airflow/.local/lib/python3.8/site-packages/airflow/example_dags/tutorial_taskflow_api.py
[2023-09-13T19:31:27.609+0000] {processor.py:839} INFO - DAG(s) dict_keys(['tutorial_taskflow_api']) retrieved from /home/airflow/.local/lib/python3.8/site-packages/airflow/example_dags/tutorial_taskflow_api.py
[2023-09-13T19:31:27.631+0000] {logging_mixin.py:151} INFO - [2023-09-13T19:31:27.631+0000] {dag.py:2915} INFO - Sync 1 DAGs
[2023-09-13T19:31:27.656+0000] {logging_mixin.py:151} INFO - [2023-09-13T19:31:27.656+0000] {dag.py:3696} INFO - Setting next_dagrun for tutorial_taskflow_api to None, run_after=None
[2023-09-13T19:31:27.694+0000] {processor.py:179} INFO - Processing /home/airflow/.local/lib/python3.8/site-packages/airflow/example_dags/tutorial_taskflow_api.py took 0.114 seconds
[2023-09-13T19:31:57.871+0000] {processor.py:157} INFO - Started process (PID=90) to work on /home/airflow/.local/lib/python3.8/site-packages/airflow/example_dags/tutorial_taskflow_api.py
[2023-09-13T19:31:57.873+0000] {processor.py:829} INFO - Processing file /home/airflow/.local/lib/python3.8/site-packages/airflow/example_dags/tutorial_taskflow_api.py for tasks to queue
[2023-09-13T19:31:57.875+0000] {logging_mixin.py:151} INFO - [2023-09-13T19:31:57.875+0000] {dagbag.py:539} INFO - Filling up the DagBag from /home/airflow/.local/lib/python3.8/site-packages/airflow/example_dags/tutorial_taskflow_api.py
[2023-09-13T19:31:57.883+0000] {processor.py:839} INFO - DAG(s) dict_keys(['tutorial_taskflow_api']) retrieved from /home/airflow/.local/lib/python3.8/site-packages/airflow/example_dags/tutorial_taskflow_api.py
[2023-09-13T19:31:57.909+0000] {logging_mixin.py:151} INFO - [2023-09-13T19:31:57.908+0000] {dag.py:2915} INFO - Sync 1 DAGs
[2023-09-13T19:31:57.922+0000] {logging_mixin.py:151} INFO - [2023-09-13T19:31:57.922+0000] {dag.py:3696} INFO - Setting next_dagrun for tutorial_taskflow_api to None, run_after=None
[2023-09-13T19:31:57.937+0000] {processor.py:179} INFO - Processing /home/airflow/.local/lib/python3.8/site-packages/airflow/example_dags/tutorial_taskflow_api.py took 0.070 seconds
[2023-09-13T19:32:28.636+0000] {processor.py:157} INFO - Started process (PID=145) to work on /home/airflow/.local/lib/python3.8/site-packages/airflow/example_dags/tutorial_taskflow_api.py
[2023-09-13T19:32:28.638+0000] {processor.py:829} INFO - Processing file /home/airflow/.local/lib/python3.8/site-packages/airflow/example_dags/tutorial_taskflow_api.py for tasks to queue
[2023-09-13T19:32:28.640+0000] {logging_mixin.py:151} INFO - [2023-09-13T19:32:28.640+0000] {dagbag.py:539} INFO - Filling up the DagBag from /home/airflow/.local/lib/python3.8/site-packages/airflow/example_dags/tutorial_taskflow_api.py
[2023-09-13T19:32:28.647+0000] {processor.py:839} INFO - DAG(s) dict_keys(['tutorial_taskflow_api']) retrieved from /home/airflow/.local/lib/python3.8/site-packages/airflow/example_dags/tutorial_taskflow_api.py
[2023-09-13T19:32:28.668+0000] {logging_mixin.py:151} INFO - [2023-09-13T19:32:28.667+0000] {dag.py:2915} INFO - Sync 1 DAGs
[2023-09-13T19:32:28.678+0000] {logging_mixin.py:151} INFO - [2023-09-13T19:32:28.678+0000] {dag.py:3696} INFO - Setting next_dagrun for tutorial_taskflow_api to None, run_after=None
[2023-09-13T19:32:28.691+0000] {processor.py:179} INFO - Processing /home/airflow/.local/lib/python3.8/site-packages/airflow/example_dags/tutorial_taskflow_api.py took 0.059 seconds
[2023-09-13T19:32:58.804+0000] {processor.py:157} INFO - Started process (PID=200) to work on /home/airflow/.local/lib/python3.8/site-packages/airflow/example_dags/tutorial_taskflow_api.py
[2023-09-13T19:32:58.805+0000] {processor.py:829} INFO - Processing file /home/airflow/.local/lib/python3.8/site-packages/airflow/example_dags/tutorial_taskflow_api.py for tasks to queue
[2023-09-13T19:32:58.808+0000] {logging_mixin.py:151} INFO - [2023-09-13T19:32:58.807+0000] {dagbag.py:539} INFO - Filling up the DagBag from /home/airflow/.local/lib/python3.8/site-packages/airflow/example_dags/tutorial_taskflow_api.py
[2023-09-13T19:32:58.813+0000] {processor.py:839} INFO - DAG(s) dict_keys(['tutorial_taskflow_api']) retrieved from /home/airflow/.local/lib/python3.8/site-packages/airflow/example_dags/tutorial_taskflow_api.py
[2023-09-13T19:32:58.834+0000] {logging_mixin.py:151} INFO - [2023-09-13T19:32:58.833+0000] {dag.py:2915} INFO - Sync 1 DAGs
[2023-09-13T19:32:58.843+0000] {logging_mixin.py:151} INFO - [2023-09-13T19:32:58.843+0000] {dag.py:3696} INFO - Setting next_dagrun for tutorial_taskflow_api to None, run_after=None
[2023-09-13T19:32:58.855+0000] {processor.py:179} INFO - Processing /home/airflow/.local/lib/python3.8/site-packages/airflow/example_dags/tutorial_taskflow_api.py took 0.055 seconds
[2023-09-13T19:33:28.976+0000] {processor.py:157} INFO - Started process (PID=255) to work on /home/airflow/.local/lib/python3.8/site-packages/airflow/example_dags/tutorial_taskflow_api.py
[2023-09-13T19:33:28.977+0000] {processor.py:829} INFO - Processing file /home/airflow/.local/lib/python3.8/site-packages/airflow/example_dags/tutorial_taskflow_api.py for tasks to queue
[2023-09-13T19:33:28.980+0000] {logging_mixin.py:151} INFO - [2023-09-13T19:33:28.979+0000] {dagbag.py:539} INFO - Filling up the DagBag from /home/airflow/.local/lib/python3.8/site-packages/airflow/example_dags/tutorial_taskflow_api.py
[2023-09-13T19:33:28.986+0000] {processor.py:839} INFO - DAG(s) dict_keys(['tutorial_taskflow_api']) retrieved from /home/airflow/.local/lib/python3.8/site-packages/airflow/example_dags/tutorial_taskflow_api.py
[2023-09-13T19:33:29.010+0000] {logging_mixin.py:151} INFO - [2023-09-13T19:33:29.010+0000] {dag.py:2915} INFO - Sync 1 DAGs
[2023-09-13T19:33:29.023+0000] {logging_mixin.py:151} INFO - [2023-09-13T19:33:29.023+0000] {dag.py:3696} INFO - Setting next_dagrun for tutorial_taskflow_api to None, run_after=None
[2023-09-13T19:33:29.038+0000] {processor.py:179} INFO - Processing /home/airflow/.local/lib/python3.8/site-packages/airflow/example_dags/tutorial_taskflow_api.py took 0.066 seconds
[2023-09-13T19:33:59.774+0000] {processor.py:157} INFO - Started process (PID=310) to work on /home/airflow/.local/lib/python3.8/site-packages/airflow/example_dags/tutorial_taskflow_api.py
[2023-09-13T19:33:59.776+0000] {processor.py:829} INFO - Processing file /home/airflow/.local/lib/python3.8/site-packages/airflow/example_dags/tutorial_taskflow_api.py for tasks to queue
[2023-09-13T19:33:59.779+0000] {logging_mixin.py:151} INFO - [2023-09-13T19:33:59.779+0000] {dagbag.py:539} INFO - Filling up the DagBag from /home/airflow/.local/lib/python3.8/site-packages/airflow/example_dags/tutorial_taskflow_api.py
[2023-09-13T19:33:59.786+0000] {processor.py:839} INFO - DAG(s) dict_keys(['tutorial_taskflow_api']) retrieved from /home/airflow/.local/lib/python3.8/site-packages/airflow/example_dags/tutorial_taskflow_api.py
[2023-09-13T19:33:59.813+0000] {logging_mixin.py:151} INFO - [2023-09-13T19:33:59.812+0000] {dag.py:2915} INFO - Sync 1 DAGs
[2023-09-13T19:33:59.826+0000] {logging_mixin.py:151} INFO - [2023-09-13T19:33:59.825+0000] {dag.py:3696} INFO - Setting next_dagrun for tutorial_taskflow_api to None, run_after=None
[2023-09-13T19:33:59.842+0000] {processor.py:179} INFO - Processing /home/airflow/.local/lib/python3.8/site-packages/airflow/example_dags/tutorial_taskflow_api.py took 0.072 seconds
